<?xml version="1.0" encoding="UTF-8"?>
<testsuite xmlns:xsi="http://www.w3.org/2001/XMLSchema-instance" xsi:noNamespaceSchemaLocation="https://maven.apache.org/surefire/maven-surefire-plugin/xsd/surefire-test-report-3.0.xsd" version="3.0" name="TestSuite" time="119.421" tests="61" errors="0" skipped="2" failures="16">
  <properties>
    <property name="java.specification.version" value="17"/>
    <property name="webdriver.chrome.driver" value="drivers\chromedriver\win32\97.0.4692.71\chromedriver.exe"/>
    <property name="sun.cpu.isalist" value="amd64"/>
    <property name="sun.jnu.encoding" value="Cp1250"/>
    <property name="java.class.path" value="C:\Users\Rafał\Documents\kod\MasterSeleniumFramework\target\test-classes;C:\Users\Rafał\Documents\kod\MasterSeleniumFramework\target\classes;C:\Users\Rafał\.m2\repository\org\seleniumhq\selenium\selenium-java\4.1.1\selenium-java-4.1.1.jar;C:\Users\Rafał\.m2\repository\org\seleniumhq\selenium\selenium-api\4.1.1\selenium-api-4.1.1.jar;C:\Users\Rafał\.m2\repository\org\seleniumhq\selenium\selenium-chrome-driver\4.1.1\selenium-chrome-driver-4.1.1.jar;C:\Users\Rafał\.m2\repository\com\google\auto\service\auto-service-annotations\1.0.1\auto-service-annotations-1.0.1.jar;C:\Users\Rafał\.m2\repository\com\google\auto\service\auto-service\1.0.1\auto-service-1.0.1.jar;C:\Users\Rafał\.m2\repository\com\google\auto\auto-common\1.2\auto-common-1.2.jar;C:\Users\Rafał\.m2\repository\org\seleniumhq\selenium\selenium-chromium-driver\4.1.1\selenium-chromium-driver-4.1.1.jar;C:\Users\Rafał\.m2\repository\org\seleniumhq\selenium\selenium-json\4.1.1\selenium-json-4.1.1.jar;C:\Users\Rafał\.m2\repository\org\seleniumhq\selenium\selenium-devtools-v85\4.1.1\selenium-devtools-v85-4.1.1.jar;C:\Users\Rafał\.m2\repository\org\seleniumhq\selenium\selenium-devtools-v94\4.1.1\selenium-devtools-v94-4.1.1.jar;C:\Users\Rafał\.m2\repository\org\seleniumhq\selenium\selenium-devtools-v95\4.1.1\selenium-devtools-v95-4.1.1.jar;C:\Users\Rafał\.m2\repository\org\seleniumhq\selenium\selenium-devtools-v96\4.1.1\selenium-devtools-v96-4.1.1.jar;C:\Users\Rafał\.m2\repository\org\seleniumhq\selenium\selenium-edge-driver\4.1.1\selenium-edge-driver-4.1.1.jar;C:\Users\Rafał\.m2\repository\org\seleniumhq\selenium\selenium-firefox-driver\4.1.1\selenium-firefox-driver-4.1.1.jar;C:\Users\Rafał\.m2\repository\org\seleniumhq\selenium\selenium-firefox-xpi-driver\4.1.1\selenium-firefox-xpi-driver-4.1.1.jar;C:\Users\Rafał\.m2\repository\org\seleniumhq\selenium\selenium-ie-driver\4.1.1\selenium-ie-driver-4.1.1.jar;C:\Users\Rafał\.m2\repository\org\seleniumhq\selenium\selenium-opera-driver\4.1.1\selenium-opera-driver-4.1.1.jar;C:\Users\Rafał\.m2\repository\org\seleniumhq\selenium\selenium-remote-driver\4.1.1\selenium-remote-driver-4.1.1.jar;C:\Users\Rafał\.m2\repository\io\netty\netty-buffer\4.1.70.Final\netty-buffer-4.1.70.Final.jar;C:\Users\Rafał\.m2\repository\io\netty\netty-codec-http\4.1.70.Final\netty-codec-http-4.1.70.Final.jar;C:\Users\Rafał\.m2\repository\io\netty\netty-codec\4.1.70.Final\netty-codec-4.1.70.Final.jar;C:\Users\Rafał\.m2\repository\io\netty\netty-handler\4.1.70.Final\netty-handler-4.1.70.Final.jar;C:\Users\Rafał\.m2\repository\io\netty\netty-common\4.1.70.Final\netty-common-4.1.70.Final.jar;C:\Users\Rafał\.m2\repository\io\netty\netty-transport-classes-epoll\4.1.70.Final\netty-transport-classes-epoll-4.1.70.Final.jar;C:\Users\Rafał\.m2\repository\io\netty\netty-transport-classes-kqueue\4.1.70.Final\netty-transport-classes-kqueue-4.1.70.Final.jar;C:\Users\Rafał\.m2\repository\io\netty\netty-transport-native-unix-common\4.1.70.Final\netty-transport-native-unix-common-4.1.70.Final.jar;C:\Users\Rafał\.m2\repository\io\netty\netty-transport\4.1.70.Final\netty-transport-4.1.70.Final.jar;C:\Users\Rafał\.m2\repository\io\netty\netty-resolver\4.1.70.Final\netty-resolver-4.1.70.Final.jar;C:\Users\Rafał\.m2\repository\io\opentelemetry\opentelemetry-api\1.9.1\opentelemetry-api-1.9.1.jar;C:\Users\Rafał\.m2\repository\io\opentelemetry\opentelemetry-context\1.9.1\opentelemetry-context-1.9.1.jar;C:\Users\Rafał\.m2\repository\io\opentelemetry\opentelemetry-exporter-logging\1.9.1\opentelemetry-exporter-logging-1.9.1.jar;C:\Users\Rafał\.m2\repository\io\opentelemetry\opentelemetry-sdk-metrics\1.9.1-alpha\opentelemetry-sdk-metrics-1.9.1-alpha.jar;C:\Users\Rafał\.m2\repository\io\opentelemetry\opentelemetry-sdk-logs\1.9.1-alpha\opentelemetry-sdk-logs-1.9.1-alpha.jar;C:\Users\Rafał\.m2\repository\io\opentelemetry\opentelemetry-sdk-common\1.9.1\opentelemetry-sdk-common-1.9.1.jar;C:\Users\Rafał\.m2\repository\io\opentelemetry\opentelemetry-sdk-extension-autoconfigure-spi\1.9.1\opentelemetry-sdk-extension-autoconfigure-spi-1.9.1.jar;C:\Users\Rafał\.m2\repository\io\opentelemetry\opentelemetry-sdk-extension-autoconfigure\1.9.1-alpha\opentelemetry-sdk-extension-autoconfigure-1.9.1-alpha.jar;C:\Users\Rafał\.m2\repository\io\opentelemetry\opentelemetry-sdk-trace\1.9.1\opentelemetry-sdk-trace-1.9.1.jar;C:\Users\Rafał\.m2\repository\io\opentelemetry\opentelemetry-api-metrics\1.9.1-alpha\opentelemetry-api-metrics-1.9.1-alpha.jar;C:\Users\Rafał\.m2\repository\io\opentelemetry\opentelemetry-sdk\1.9.1\opentelemetry-sdk-1.9.1.jar;C:\Users\Rafał\.m2\repository\io\opentelemetry\opentelemetry-semconv\1.9.1-alpha\opentelemetry-semconv-1.9.1-alpha.jar;C:\Users\Rafał\.m2\repository\io\ous\jtoml\2.0.0\jtoml-2.0.0.jar;C:\Users\Rafał\.m2\repository\net\bytebuddy\byte-buddy\1.12.2\byte-buddy-1.12.2.jar;C:\Users\Rafał\.m2\repository\org\apache\commons\commons-exec\1.3\commons-exec-1.3.jar;C:\Users\Rafał\.m2\repository\org\asynchttpclient\async-http-client\2.12.3\async-http-client-2.12.3.jar;C:\Users\Rafał\.m2\repository\org\asynchttpclient\async-http-client-netty-utils\2.12.3\async-http-client-netty-utils-2.12.3.jar;C:\Users\Rafał\.m2\repository\io\netty\netty-codec-socks\4.1.60.Final\netty-codec-socks-4.1.60.Final.jar;C:\Users\Rafał\.m2\repository\io\netty\netty-handler-proxy\4.1.60.Final\netty-handler-proxy-4.1.60.Final.jar;C:\Users\Rafał\.m2\repository\io\netty\netty-transport-native-epoll\4.1.60.Final\netty-transport-native-epoll-4.1.60.Final-linux-x86_64.jar;C:\Users\Rafał\.m2\repository\io\netty\netty-transport-native-kqueue\4.1.60.Final\netty-transport-native-kqueue-4.1.60.Final-osx-x86_64.jar;C:\Users\Rafał\.m2\repository\org\reactivestreams\reactive-streams\1.0.3\reactive-streams-1.0.3.jar;C:\Users\Rafał\.m2\repository\com\typesafe\netty\netty-reactive-streams\2.0.4\netty-reactive-streams-2.0.4.jar;C:\Users\Rafał\.m2\repository\com\sun\activation\jakarta.activation\1.2.2\jakarta.activation-1.2.2.jar;C:\Users\Rafał\.m2\repository\org\seleniumhq\selenium\selenium-http\4.1.1\selenium-http-4.1.1.jar;C:\Users\Rafał\.m2\repository\net\jodah\failsafe\2.4.4\failsafe-2.4.4.jar;C:\Users\Rafał\.m2\repository\org\seleniumhq\selenium\selenium-safari-driver\4.1.1\selenium-safari-driver-4.1.1.jar;C:\Users\Rafał\.m2\repository\org\seleniumhq\selenium\selenium-support\4.1.1\selenium-support-4.1.1.jar;C:\Users\Rafał\.m2\repository\org\testng\testng\7.5\testng-7.5.jar;C:\Users\Rafał\.m2\repository\com\google\code\findbugs\jsr305\3.0.1\jsr305-3.0.1.jar;C:\Users\Rafał\.m2\repository\org\slf4j\slf4j-api\1.7.32\slf4j-api-1.7.32.jar;C:\Users\Rafał\.m2\repository\com\beust\jcommander\1.78\jcommander-1.78.jar;C:\Users\Rafał\.m2\repository\org\webjars\jquery\3.5.1\jquery-3.5.1.jar;C:\Users\Rafał\.m2\repository\com\fasterxml\jackson\core\jackson-databind\2.13.1\jackson-databind-2.13.1.jar;C:\Users\Rafał\.m2\repository\com\fasterxml\jackson\core\jackson-annotations\2.13.1\jackson-annotations-2.13.1.jar;C:\Users\Rafał\.m2\repository\com\fasterxml\jackson\core\jackson-core\2.13.1\jackson-core-2.13.1.jar;C:\Users\Rafał\.m2\repository\io\rest-assured\rest-assured\4.4.0\rest-assured-4.4.0.jar;C:\Users\Rafał\.m2\repository\org\codehaus\groovy\groovy\3.0.8\groovy-3.0.8.jar;C:\Users\Rafał\.m2\repository\org\codehaus\groovy\groovy-xml\3.0.8\groovy-xml-3.0.8.jar;C:\Users\Rafał\.m2\repository\org\apache\httpcomponents\httpclient\4.5.13\httpclient-4.5.13.jar;C:\Users\Rafał\.m2\repository\org\apache\httpcomponents\httpcore\4.4.13\httpcore-4.4.13.jar;C:\Users\Rafał\.m2\repository\commons-logging\commons-logging\1.2\commons-logging-1.2.jar;C:\Users\Rafał\.m2\repository\commons-codec\commons-codec\1.11\commons-codec-1.11.jar;C:\Users\Rafał\.m2\repository\org\apache\httpcomponents\httpmime\4.5.13\httpmime-4.5.13.jar;C:\Users\Rafał\.m2\repository\org\hamcrest\hamcrest\2.1\hamcrest-2.1.jar;C:\Users\Rafał\.m2\repository\org\ccil\cowan\tagsoup\tagsoup\1.2.1\tagsoup-1.2.1.jar;C:\Users\Rafał\.m2\repository\io\rest-assured\json-path\4.4.0\json-path-4.4.0.jar;C:\Users\Rafał\.m2\repository\org\codehaus\groovy\groovy-json\3.0.8\groovy-json-3.0.8.jar;C:\Users\Rafał\.m2\repository\io\rest-assured\rest-assured-common\4.4.0\rest-assured-common-4.4.0.jar;C:\Users\Rafał\.m2\repository\io\rest-assured\xml-path\4.4.0\xml-path-4.4.0.jar;C:\Users\Rafał\.m2\repository\jakarta\xml\bind\jakarta.xml.bind-api\2.3.3\jakarta.xml.bind-api-2.3.3.jar;C:\Users\Rafał\.m2\repository\jakarta\activation\jakarta.activation-api\1.2.2\jakarta.activation-api-1.2.2.jar;C:\Users\Rafał\.m2\repository\com\sun\xml\bind\jaxb-impl\2.3.3\jaxb-impl-2.3.3.jar;C:\Users\Rafał\.m2\repository\org\jsoup\jsoup\1.14.3\jsoup-1.14.3.jar;C:\Users\Rafał\.m2\repository\com\github\javafaker\javafaker\1.0.2\javafaker-1.0.2.jar;C:\Users\Rafał\.m2\repository\org\apache\commons\commons-lang3\3.5\commons-lang3-3.5.jar;C:\Users\Rafał\.m2\repository\org\yaml\snakeyaml\1.23\snakeyaml-1.23-android.jar;C:\Users\Rafał\.m2\repository\com\github\mifmif\generex\1.0.2\generex-1.0.2.jar;C:\Users\Rafał\.m2\repository\dk\brics\automaton\automaton\1.11-8\automaton-1.11-8.jar;C:\Users\Rafał\.m2\repository\io\github\bonigarcia\webdrivermanager\5.0.3\webdrivermanager-5.0.3.jar;C:\Users\Rafał\.m2\repository\com\google\code\gson\gson\2.8.8\gson-2.8.8.jar;C:\Users\Rafał\.m2\repository\com\github\docker-java\docker-java\3.2.12\docker-java-3.2.12.jar;C:\Users\Rafał\.m2\repository\com\github\docker-java\docker-java-core\3.2.12\docker-java-core-3.2.12.jar;C:\Users\Rafał\.m2\repository\com\github\docker-java\docker-java-api\3.2.12\docker-java-api-3.2.12.jar;C:\Users\Rafał\.m2\repository\commons-io\commons-io\2.6\commons-io-2.6.jar;C:\Users\Rafał\.m2\repository\org\apache\commons\commons-compress\1.21\commons-compress-1.21.jar;C:\Users\Rafał\.m2\repository\commons-lang\commons-lang\2.6\commons-lang-2.6.jar;C:\Users\Rafał\.m2\repository\org\bouncycastle\bcpkix-jdk15on\1.64\bcpkix-jdk15on-1.64.jar;C:\Users\Rafał\.m2\repository\org\bouncycastle\bcprov-jdk15on\1.64\bcprov-jdk15on-1.64.jar;C:\Users\Rafał\.m2\repository\org\slf4j\jcl-over-slf4j\1.7.30\jcl-over-slf4j-1.7.30.jar;C:\Users\Rafał\.m2\repository\com\github\docker-java\docker-java-transport-httpclient5\3.2.12\docker-java-transport-httpclient5-3.2.12.jar;C:\Users\Rafał\.m2\repository\com\github\docker-java\docker-java-transport\3.2.12\docker-java-transport-3.2.12.jar;C:\Users\Rafał\.m2\repository\org\apache\httpcomponents\client5\httpclient5\5.0.3\httpclient5-5.0.3.jar;C:\Users\Rafał\.m2\repository\org\apache\httpcomponents\core5\httpcore5\5.0.2\httpcore5-5.0.2.jar;C:\Users\Rafał\.m2\repository\net\java\dev\jna\jna\5.8.0\jna-5.8.0.jar;C:\Users\Rafał\.m2\repository\com\google\guava\guava\30.1.1-jre\guava-30.1.1-jre.jar;C:\Users\Rafał\.m2\repository\com\google\guava\failureaccess\1.0.1\failureaccess-1.0.1.jar;C:\Users\Rafał\.m2\repository\com\google\guava\listenablefuture\9999.0-empty-to-avoid-conflict-with-guava\listenablefuture-9999.0-empty-to-avoid-conflict-with-guava.jar;C:\Users\Rafał\.m2\repository\org\checkerframework\checker-qual\3.8.0\checker-qual-3.8.0.jar;C:\Users\Rafał\.m2\repository\com\google\errorprone\error_prone_annotations\2.5.1\error_prone_annotations-2.5.1.jar;C:\Users\Rafał\.m2\repository\com\google\j2objc\j2objc-annotations\1.3\j2objc-annotations-1.3.jar;C:\Users\Rafał\.m2\repository\org\brotli\dec\0.1.2\dec-0.1.2.jar;C:\Users\Rafał\.m2\repository\org\jetbrains\annotations\23.0.0\annotations-23.0.0.jar;C:\Users\Rafał\.m2\repository\io\qameta\allure\allure-testng\2.17.2\allure-testng-2.17.2.jar;C:\Users\Rafał\.m2\repository\io\qameta\allure\allure-java-commons\2.17.2\allure-java-commons-2.17.2.jar;C:\Users\Rafał\.m2\repository\io\qameta\allure\allure-model\2.17.2\allure-model-2.17.2.jar;C:\Users\Rafał\.m2\repository\io\qameta\allure\allure-test-filter\2.17.2\allure-test-filter-2.17.2.jar;"/>
    <property name="java.vm.vendor" value="Oracle Corporation"/>
    <property name="sun.arch.data.model" value="64"/>
    <property name="user.variant" value=""/>
    <property name="java.vendor.url" value="https://java.oracle.com/"/>
    <property name="user.timezone" value="Europe/Warsaw"/>
    <property name="os.name" value="Windows 10"/>
    <property name="java.vm.specification.version" value="17"/>
    <property name="sun.java.launcher" value="SUN_STANDARD"/>
    <property name="user.country" value="PL"/>
    <property name="sun.boot.library.path" value="C:\Program Files\Java\jdk-17\bin"/>
    <property name="sun.java.command" value="C:\Users\Rafał\AppData\Local\Temp\surefire14735642318260016832\surefirebooter14129827180564925375.jar C:\Users\Rafał\AppData\Local\Temp\surefire14735642318260016832 2022-01-22T01-11-11_450-jvmRun1 surefire7238890211449402902tmp surefire_01367342534575460919tmp"/>
    <property name="jdk.debug" value="release"/>
    <property name="surefire.test.class.path" value="C:\Users\Rafał\Documents\kod\MasterSeleniumFramework\target\test-classes;C:\Users\Rafał\Documents\kod\MasterSeleniumFramework\target\classes;C:\Users\Rafał\.m2\repository\org\seleniumhq\selenium\selenium-java\4.1.1\selenium-java-4.1.1.jar;C:\Users\Rafał\.m2\repository\org\seleniumhq\selenium\selenium-api\4.1.1\selenium-api-4.1.1.jar;C:\Users\Rafał\.m2\repository\org\seleniumhq\selenium\selenium-chrome-driver\4.1.1\selenium-chrome-driver-4.1.1.jar;C:\Users\Rafał\.m2\repository\com\google\auto\service\auto-service-annotations\1.0.1\auto-service-annotations-1.0.1.jar;C:\Users\Rafał\.m2\repository\com\google\auto\service\auto-service\1.0.1\auto-service-1.0.1.jar;C:\Users\Rafał\.m2\repository\com\google\auto\auto-common\1.2\auto-common-1.2.jar;C:\Users\Rafał\.m2\repository\org\seleniumhq\selenium\selenium-chromium-driver\4.1.1\selenium-chromium-driver-4.1.1.jar;C:\Users\Rafał\.m2\repository\org\seleniumhq\selenium\selenium-json\4.1.1\selenium-json-4.1.1.jar;C:\Users\Rafał\.m2\repository\org\seleniumhq\selenium\selenium-devtools-v85\4.1.1\selenium-devtools-v85-4.1.1.jar;C:\Users\Rafał\.m2\repository\org\seleniumhq\selenium\selenium-devtools-v94\4.1.1\selenium-devtools-v94-4.1.1.jar;C:\Users\Rafał\.m2\repository\org\seleniumhq\selenium\selenium-devtools-v95\4.1.1\selenium-devtools-v95-4.1.1.jar;C:\Users\Rafał\.m2\repository\org\seleniumhq\selenium\selenium-devtools-v96\4.1.1\selenium-devtools-v96-4.1.1.jar;C:\Users\Rafał\.m2\repository\org\seleniumhq\selenium\selenium-edge-driver\4.1.1\selenium-edge-driver-4.1.1.jar;C:\Users\Rafał\.m2\repository\org\seleniumhq\selenium\selenium-firefox-driver\4.1.1\selenium-firefox-driver-4.1.1.jar;C:\Users\Rafał\.m2\repository\org\seleniumhq\selenium\selenium-firefox-xpi-driver\4.1.1\selenium-firefox-xpi-driver-4.1.1.jar;C:\Users\Rafał\.m2\repository\org\seleniumhq\selenium\selenium-ie-driver\4.1.1\selenium-ie-driver-4.1.1.jar;C:\Users\Rafał\.m2\repository\org\seleniumhq\selenium\selenium-opera-driver\4.1.1\selenium-opera-driver-4.1.1.jar;C:\Users\Rafał\.m2\repository\org\seleniumhq\selenium\selenium-remote-driver\4.1.1\selenium-remote-driver-4.1.1.jar;C:\Users\Rafał\.m2\repository\io\netty\netty-buffer\4.1.70.Final\netty-buffer-4.1.70.Final.jar;C:\Users\Rafał\.m2\repository\io\netty\netty-codec-http\4.1.70.Final\netty-codec-http-4.1.70.Final.jar;C:\Users\Rafał\.m2\repository\io\netty\netty-codec\4.1.70.Final\netty-codec-4.1.70.Final.jar;C:\Users\Rafał\.m2\repository\io\netty\netty-handler\4.1.70.Final\netty-handler-4.1.70.Final.jar;C:\Users\Rafał\.m2\repository\io\netty\netty-common\4.1.70.Final\netty-common-4.1.70.Final.jar;C:\Users\Rafał\.m2\repository\io\netty\netty-transport-classes-epoll\4.1.70.Final\netty-transport-classes-epoll-4.1.70.Final.jar;C:\Users\Rafał\.m2\repository\io\netty\netty-transport-classes-kqueue\4.1.70.Final\netty-transport-classes-kqueue-4.1.70.Final.jar;C:\Users\Rafał\.m2\repository\io\netty\netty-transport-native-unix-common\4.1.70.Final\netty-transport-native-unix-common-4.1.70.Final.jar;C:\Users\Rafał\.m2\repository\io\netty\netty-transport\4.1.70.Final\netty-transport-4.1.70.Final.jar;C:\Users\Rafał\.m2\repository\io\netty\netty-resolver\4.1.70.Final\netty-resolver-4.1.70.Final.jar;C:\Users\Rafał\.m2\repository\io\opentelemetry\opentelemetry-api\1.9.1\opentelemetry-api-1.9.1.jar;C:\Users\Rafał\.m2\repository\io\opentelemetry\opentelemetry-context\1.9.1\opentelemetry-context-1.9.1.jar;C:\Users\Rafał\.m2\repository\io\opentelemetry\opentelemetry-exporter-logging\1.9.1\opentelemetry-exporter-logging-1.9.1.jar;C:\Users\Rafał\.m2\repository\io\opentelemetry\opentelemetry-sdk-metrics\1.9.1-alpha\opentelemetry-sdk-metrics-1.9.1-alpha.jar;C:\Users\Rafał\.m2\repository\io\opentelemetry\opentelemetry-sdk-logs\1.9.1-alpha\opentelemetry-sdk-logs-1.9.1-alpha.jar;C:\Users\Rafał\.m2\repository\io\opentelemetry\opentelemetry-sdk-common\1.9.1\opentelemetry-sdk-common-1.9.1.jar;C:\Users\Rafał\.m2\repository\io\opentelemetry\opentelemetry-sdk-extension-autoconfigure-spi\1.9.1\opentelemetry-sdk-extension-autoconfigure-spi-1.9.1.jar;C:\Users\Rafał\.m2\repository\io\opentelemetry\opentelemetry-sdk-extension-autoconfigure\1.9.1-alpha\opentelemetry-sdk-extension-autoconfigure-1.9.1-alpha.jar;C:\Users\Rafał\.m2\repository\io\opentelemetry\opentelemetry-sdk-trace\1.9.1\opentelemetry-sdk-trace-1.9.1.jar;C:\Users\Rafał\.m2\repository\io\opentelemetry\opentelemetry-api-metrics\1.9.1-alpha\opentelemetry-api-metrics-1.9.1-alpha.jar;C:\Users\Rafał\.m2\repository\io\opentelemetry\opentelemetry-sdk\1.9.1\opentelemetry-sdk-1.9.1.jar;C:\Users\Rafał\.m2\repository\io\opentelemetry\opentelemetry-semconv\1.9.1-alpha\opentelemetry-semconv-1.9.1-alpha.jar;C:\Users\Rafał\.m2\repository\io\ous\jtoml\2.0.0\jtoml-2.0.0.jar;C:\Users\Rafał\.m2\repository\net\bytebuddy\byte-buddy\1.12.2\byte-buddy-1.12.2.jar;C:\Users\Rafał\.m2\repository\org\apache\commons\commons-exec\1.3\commons-exec-1.3.jar;C:\Users\Rafał\.m2\repository\org\asynchttpclient\async-http-client\2.12.3\async-http-client-2.12.3.jar;C:\Users\Rafał\.m2\repository\org\asynchttpclient\async-http-client-netty-utils\2.12.3\async-http-client-netty-utils-2.12.3.jar;C:\Users\Rafał\.m2\repository\io\netty\netty-codec-socks\4.1.60.Final\netty-codec-socks-4.1.60.Final.jar;C:\Users\Rafał\.m2\repository\io\netty\netty-handler-proxy\4.1.60.Final\netty-handler-proxy-4.1.60.Final.jar;C:\Users\Rafał\.m2\repository\io\netty\netty-transport-native-epoll\4.1.60.Final\netty-transport-native-epoll-4.1.60.Final-linux-x86_64.jar;C:\Users\Rafał\.m2\repository\io\netty\netty-transport-native-kqueue\4.1.60.Final\netty-transport-native-kqueue-4.1.60.Final-osx-x86_64.jar;C:\Users\Rafał\.m2\repository\org\reactivestreams\reactive-streams\1.0.3\reactive-streams-1.0.3.jar;C:\Users\Rafał\.m2\repository\com\typesafe\netty\netty-reactive-streams\2.0.4\netty-reactive-streams-2.0.4.jar;C:\Users\Rafał\.m2\repository\com\sun\activation\jakarta.activation\1.2.2\jakarta.activation-1.2.2.jar;C:\Users\Rafał\.m2\repository\org\seleniumhq\selenium\selenium-http\4.1.1\selenium-http-4.1.1.jar;C:\Users\Rafał\.m2\repository\net\jodah\failsafe\2.4.4\failsafe-2.4.4.jar;C:\Users\Rafał\.m2\repository\org\seleniumhq\selenium\selenium-safari-driver\4.1.1\selenium-safari-driver-4.1.1.jar;C:\Users\Rafał\.m2\repository\org\seleniumhq\selenium\selenium-support\4.1.1\selenium-support-4.1.1.jar;C:\Users\Rafał\.m2\repository\org\testng\testng\7.5\testng-7.5.jar;C:\Users\Rafał\.m2\repository\com\google\code\findbugs\jsr305\3.0.1\jsr305-3.0.1.jar;C:\Users\Rafał\.m2\repository\org\slf4j\slf4j-api\1.7.32\slf4j-api-1.7.32.jar;C:\Users\Rafał\.m2\repository\com\beust\jcommander\1.78\jcommander-1.78.jar;C:\Users\Rafał\.m2\repository\org\webjars\jquery\3.5.1\jquery-3.5.1.jar;C:\Users\Rafał\.m2\repository\com\fasterxml\jackson\core\jackson-databind\2.13.1\jackson-databind-2.13.1.jar;C:\Users\Rafał\.m2\repository\com\fasterxml\jackson\core\jackson-annotations\2.13.1\jackson-annotations-2.13.1.jar;C:\Users\Rafał\.m2\repository\com\fasterxml\jackson\core\jackson-core\2.13.1\jackson-core-2.13.1.jar;C:\Users\Rafał\.m2\repository\io\rest-assured\rest-assured\4.4.0\rest-assured-4.4.0.jar;C:\Users\Rafał\.m2\repository\org\codehaus\groovy\groovy\3.0.8\groovy-3.0.8.jar;C:\Users\Rafał\.m2\repository\org\codehaus\groovy\groovy-xml\3.0.8\groovy-xml-3.0.8.jar;C:\Users\Rafał\.m2\repository\org\apache\httpcomponents\httpclient\4.5.13\httpclient-4.5.13.jar;C:\Users\Rafał\.m2\repository\org\apache\httpcomponents\httpcore\4.4.13\httpcore-4.4.13.jar;C:\Users\Rafał\.m2\repository\commons-logging\commons-logging\1.2\commons-logging-1.2.jar;C:\Users\Rafał\.m2\repository\commons-codec\commons-codec\1.11\commons-codec-1.11.jar;C:\Users\Rafał\.m2\repository\org\apache\httpcomponents\httpmime\4.5.13\httpmime-4.5.13.jar;C:\Users\Rafał\.m2\repository\org\hamcrest\hamcrest\2.1\hamcrest-2.1.jar;C:\Users\Rafał\.m2\repository\org\ccil\cowan\tagsoup\tagsoup\1.2.1\tagsoup-1.2.1.jar;C:\Users\Rafał\.m2\repository\io\rest-assured\json-path\4.4.0\json-path-4.4.0.jar;C:\Users\Rafał\.m2\repository\org\codehaus\groovy\groovy-json\3.0.8\groovy-json-3.0.8.jar;C:\Users\Rafał\.m2\repository\io\rest-assured\rest-assured-common\4.4.0\rest-assured-common-4.4.0.jar;C:\Users\Rafał\.m2\repository\io\rest-assured\xml-path\4.4.0\xml-path-4.4.0.jar;C:\Users\Rafał\.m2\repository\jakarta\xml\bind\jakarta.xml.bind-api\2.3.3\jakarta.xml.bind-api-2.3.3.jar;C:\Users\Rafał\.m2\repository\jakarta\activation\jakarta.activation-api\1.2.2\jakarta.activation-api-1.2.2.jar;C:\Users\Rafał\.m2\repository\com\sun\xml\bind\jaxb-impl\2.3.3\jaxb-impl-2.3.3.jar;C:\Users\Rafał\.m2\repository\org\jsoup\jsoup\1.14.3\jsoup-1.14.3.jar;C:\Users\Rafał\.m2\repository\com\github\javafaker\javafaker\1.0.2\javafaker-1.0.2.jar;C:\Users\Rafał\.m2\repository\org\apache\commons\commons-lang3\3.5\commons-lang3-3.5.jar;C:\Users\Rafał\.m2\repository\org\yaml\snakeyaml\1.23\snakeyaml-1.23-android.jar;C:\Users\Rafał\.m2\repository\com\github\mifmif\generex\1.0.2\generex-1.0.2.jar;C:\Users\Rafał\.m2\repository\dk\brics\automaton\automaton\1.11-8\automaton-1.11-8.jar;C:\Users\Rafał\.m2\repository\io\github\bonigarcia\webdrivermanager\5.0.3\webdrivermanager-5.0.3.jar;C:\Users\Rafał\.m2\repository\com\google\code\gson\gson\2.8.8\gson-2.8.8.jar;C:\Users\Rafał\.m2\repository\com\github\docker-java\docker-java\3.2.12\docker-java-3.2.12.jar;C:\Users\Rafał\.m2\repository\com\github\docker-java\docker-java-core\3.2.12\docker-java-core-3.2.12.jar;C:\Users\Rafał\.m2\repository\com\github\docker-java\docker-java-api\3.2.12\docker-java-api-3.2.12.jar;C:\Users\Rafał\.m2\repository\commons-io\commons-io\2.6\commons-io-2.6.jar;C:\Users\Rafał\.m2\repository\org\apache\commons\commons-compress\1.21\commons-compress-1.21.jar;C:\Users\Rafał\.m2\repository\commons-lang\commons-lang\2.6\commons-lang-2.6.jar;C:\Users\Rafał\.m2\repository\org\bouncycastle\bcpkix-jdk15on\1.64\bcpkix-jdk15on-1.64.jar;C:\Users\Rafał\.m2\repository\org\bouncycastle\bcprov-jdk15on\1.64\bcprov-jdk15on-1.64.jar;C:\Users\Rafał\.m2\repository\org\slf4j\jcl-over-slf4j\1.7.30\jcl-over-slf4j-1.7.30.jar;C:\Users\Rafał\.m2\repository\com\github\docker-java\docker-java-transport-httpclient5\3.2.12\docker-java-transport-httpclient5-3.2.12.jar;C:\Users\Rafał\.m2\repository\com\github\docker-java\docker-java-transport\3.2.12\docker-java-transport-3.2.12.jar;C:\Users\Rafał\.m2\repository\org\apache\httpcomponents\client5\httpclient5\5.0.3\httpclient5-5.0.3.jar;C:\Users\Rafał\.m2\repository\org\apache\httpcomponents\core5\httpcore5\5.0.2\httpcore5-5.0.2.jar;C:\Users\Rafał\.m2\repository\net\java\dev\jna\jna\5.8.0\jna-5.8.0.jar;C:\Users\Rafał\.m2\repository\com\google\guava\guava\30.1.1-jre\guava-30.1.1-jre.jar;C:\Users\Rafał\.m2\repository\com\google\guava\failureaccess\1.0.1\failureaccess-1.0.1.jar;C:\Users\Rafał\.m2\repository\com\google\guava\listenablefuture\9999.0-empty-to-avoid-conflict-with-guava\listenablefuture-9999.0-empty-to-avoid-conflict-with-guava.jar;C:\Users\Rafał\.m2\repository\org\checkerframework\checker-qual\3.8.0\checker-qual-3.8.0.jar;C:\Users\Rafał\.m2\repository\com\google\errorprone\error_prone_annotations\2.5.1\error_prone_annotations-2.5.1.jar;C:\Users\Rafał\.m2\repository\com\google\j2objc\j2objc-annotations\1.3\j2objc-annotations-1.3.jar;C:\Users\Rafał\.m2\repository\org\brotli\dec\0.1.2\dec-0.1.2.jar;C:\Users\Rafał\.m2\repository\org\jetbrains\annotations\23.0.0\annotations-23.0.0.jar;C:\Users\Rafał\.m2\repository\io\qameta\allure\allure-testng\2.17.2\allure-testng-2.17.2.jar;C:\Users\Rafał\.m2\repository\io\qameta\allure\allure-java-commons\2.17.2\allure-java-commons-2.17.2.jar;C:\Users\Rafał\.m2\repository\io\qameta\allure\allure-model\2.17.2\allure-model-2.17.2.jar;C:\Users\Rafał\.m2\repository\io\qameta\allure\allure-test-filter\2.17.2\allure-test-filter-2.17.2.jar;"/>
    <property name="sun.cpu.endian" value="little"/>
    <property name="user.home" value="C:\Users\Rafał"/>
    <property name="user.language" value="pl"/>
    <property name="java.specification.vendor" value="Oracle Corporation"/>
    <property name="java.version.date" value="2021-09-14"/>
    <property name="java.home" value="C:\Program Files\Java\jdk-17"/>
    <property name="file.separator" value="\"/>
    <property name="basedir" value="C:\Users\Rafał\Documents\kod\MasterSeleniumFramework"/>
    <property name="java.vm.compressedOopsMode" value="Zero based"/>
    <property name="line.separator" value="&#10;"/>
    <property name="java.vm.specification.vendor" value="Oracle Corporation"/>
    <property name="java.specification.name" value="Java Platform API Specification"/>
    <property name="surefire.real.class.path" value="C:\Users\Rafał\AppData\Local\Temp\surefire14735642318260016832\surefirebooter14129827180564925375.jar"/>
    <property name="user.script" value=""/>
    <property name="sun.management.compiler" value="HotSpot 64-Bit Tiered Compilers"/>
    <property name="java.runtime.version" value="17+35-LTS-2724"/>
    <property name="user.name" value="Rafal"/>
    <property name="path.separator" value=";"/>
    <property name="os.version" value="10.0"/>
    <property name="java.runtime.name" value="Java(TM) SE Runtime Environment"/>
    <property name="file.encoding" value="Cp1250"/>
    <property name="sun.nio.ch.bugLevel" value=""/>
    <property name="java.vm.name" value="Java HotSpot(TM) 64-Bit Server VM"/>
    <property name="localRepository" value="C:\Users\Rafał\.m2\repository"/>
    <property name="java.vendor.url.bug" value="https://bugreport.java.com/bugreport/"/>
    <property name="java.io.tmpdir" value="C:\Users\RAFA~1\AppData\Local\Temp\"/>
    <property name="java.version" value="17"/>
    <property name="user.dir" value="C:\Users\Rafał\Documents\kod\MasterSeleniumFramework"/>
    <property name="os.arch" value="amd64"/>
    <property name="webdriver.gecko.driver" value="C:\Users\Rafał\Documents\kod\MasterSeleniumFramework\drivers\geckodriver\win64\0.30.0\geckodriver.exe"/>
    <property name="java.vm.specification.name" value="Java Virtual Machine Specification"/>
    <property name="sun.os.patch.level" value=""/>
    <property name="native.encoding" value="Cp1250"/>
    <property name="java.library.path" value="C:\Program Files\Java\jdk-17\bin;C:\WINDOWS\Sun\Java\bin;C:\WINDOWS\system32;C:\WINDOWS;C:\Python310\Scripts\;C:\Python310\;C:\Program Files\Common Files\Oracle\Java\javapath;C:\Python39\Scripts\;C:\Python39\;C:\WINDOWS\system32;C:\WINDOWS;C:\WINDOWS\System32\Wbem;C:\WINDOWS\System32\WindowsPowerShell\v1.0\;C:\WINDOWS\System32\OpenSSH\;C:\ProgramData\chocolatey\bin;C:\Program Files\Java\jdk-17\bin;C:\Program Files\nodejs\;C:\Program Files\Git\cmd;C:\Program Files\TortoiseGit\bin;C:\Users\Rafał\Documents\kod\apache-maven-3.8.4\bin;C:\Users\Rafał\scoop\shims;C:\Users\Rafał\AppData\Local\Programs\Python\Python39\Scripts\;C:\Users\Rafał\AppData\Local\Programs\Python\Python39\;C:\Users\Rafał\AppData\Local\Microsoft\WindowsApps;C:\Users\Rafał\AppData\Local\atom\bin;C:\Users\Rafał\AppData\Local\Programs\Microsoft VS Code\bin;C:\Program Files\JetBrains\IntelliJ IDEA Community Edition 2021.2.3\bin;C:\Users\Rafał\AppData\Roaming\npm;C:\Program Files\JetBrains\IntelliJ IDEA 2021.3\bin;;."/>
    <property name="java.vm.info" value="mixed mode, sharing"/>
    <property name="java.vendor" value="Oracle Corporation"/>
    <property name="java.vm.version" value="17+35-LTS-2724"/>
    <property name="sun.io.unicode.encoding" value="UnicodeLittle"/>
    <property name="java.class.version" value="61.0"/>
  </properties>
  <testcase name="addToCartBraceletsFromStorePage[org.selenium.pom.objects.Product@ccfaee1](1)" classname="org.selenium.pom.tests.AddToCartTest" time="0.222">
    <system-out><![CDATA[Current Thread: 53
Driver: ChromeDriver: chrome on WINDOWS (51677ae386d70055269bd83fcae3a9a7)
Current Thread: 43
Driver: ChromeDriver: chrome on WINDOWS (77680eccc6f7b406dd5cfc47e93cf5d9)
Current Thread: 61
Driver: ChromeDriver: chrome on WINDOWS (136bedc8d3776dcd46ae50b230b63bf2)
Current Thread: 46
Driver: ChromeDriver: chrome on WINDOWS (4d0a1d8647b0d120cde2efd147ced93c)
Current Thread: 45
Driver: ChromeDriver: chrome on WINDOWS (9e6d8827b5c76ab86e2bb2cb52d93e5c)
Current Thread: 38
Driver: ChromeDriver: chrome on WINDOWS (df3e1b98f98b913b47ccdc196ba29217)
Current Thread: 62
Driver: ChromeDriver: chrome on WINDOWS (d5c47278ed5ed5e001190575739636d6)
Current Thread: 39
Driver: ChromeDriver: chrome on WINDOWS (e971976d6f3a5934853e4f23c97a638c)
Current Thread: 47
Driver: ChromeDriver: chrome on WINDOWS (7f783239aa37c1fe6da362b81fb223b2)
Current Thread: 41
Driver: ChromeDriver: chrome on WINDOWS (0f422eec0f0970124fc531302bba498e)
Current Thread: 56
Driver: ChromeDriver: chrome on WINDOWS (a266f00c87121aeb93dfc1de07913b4d)
Current Thread: 52
Driver: ChromeDriver: chrome on WINDOWS (04fa49edd77bcd5bdbb93fcfdeace69b)
Current Thread: 57
Driver: ChromeDriver: chrome on WINDOWS (3d488adbfd80fa7b29cda7156245ef04)
Current Thread: 63
Driver: ChromeDriver: chrome on WINDOWS (339c3f6814c0b1c573cec3fd2366cfe0)
Current Thread: 32
Driver: ChromeDriver: chrome on WINDOWS (e6eaadb9c101c2f76878b3f0690061ce)
<html lang="en-US">
  <head>
    <meta charset="UTF-8"/>
    <meta name="viewport" content="width=device-width, initial-scale=1"/>
    <link rel="profile" href="https://gmpg.org/xfn/11"/>
    <title>Account – AskOmDch</title>
    <meta name="robots" content="max-image-preview:large, noindex, follow"/>
    <link id="astra-theme-css-css" rel="stylesheet" href="https://askomdch.com/wp-content/themes/astra/assets/css/minified/frontend.min.css?ver=3.7.5" media="all"/>
    <style id="astra-theme-css-inline-css">
html{font-size:93.75%;}a,.page-title{color:#4e4e4e;}a:hover,a:focus{color:#0084d6;}body,button,input,select,textarea,.ast-button,.ast-custom-button{font-family:'Lato',sans-serif;font-weight:400;font-size:15px;font-size:1rem;}blockquote{color:#000000;}h1,.entry-content h1,.entry-content h1 a,h2,.entry-content h2,.entry-content h2 a,h3,.entry-content h3,.entry-content h3 a,h4,.entry-content h4,.entry-content h4 a,h5,.entry-content h5,.entry-content h5 a,h6,.entry-content h6,.entry-content h6 a,.site-title,.site-title a{font-family:'Lato',sans-serif;font-weight:700;}.site-title{font-size:35px;font-size:2.3333333333333rem;display:block;}header .custom-logo-link img{max-width:140px;}.astra-logo-svg{width:140px;}.ast-archive-description .ast-archive-title{font-size:40px;font-size:2.6666666666667rem;}.site-header .site-description{font-size:15px;font-size:1rem;display:none;}.entry-title{font-size:30px;font-size:2rem;}h1,.entry-content h1,.entry-content h1 a{font-size:58px;font-size:3.8666666666667rem;font-family:'Lato',sans-serif;}h2,.entry-content h2,.entry-content h2 a{font-size:42px;font-size:2.8rem;font-family:'Lato',sans-serif;}h3,.entry-content h3,.entry-content h3 a{font-size:30px;font-size:2rem;font-family:'Lato',sans-serif;}h4,.entry-content h4,.entry-content h4 a{font-size:20px;font-size:1.3333333333333rem;font-family:'Lato',sans-serif;}h5,.entry-content h5,.entry-content h5 a{font-size:18px;font-size:1.2rem;font-family:'Lato',sans-serif;}h6,.entry-content h6,.entry-content h6 a{font-size:15px;font-size:1rem;font-family:'Lato',sans-serif;}.ast-single-post .entry-title,.page-title{font-size:30px;font-size:2rem;}::selection{background-color:#54595f;color:#ffffff;}body,h1,.entry-title a,.entry-content h1,.entry-content h1 a,h2,.entry-content h2,.entry-content h2 a,h3,.entry-content h3,.entry-content h3 a,h4,.entry-content h4,.entry-content h4 a,h5,.entry-content h5,.entry-content h5 a,h6,.entry-content h6,.entry-content h6 a{color:#333333;}.tagcloud a:hover,.tagcloud a:focus,.tagcloud a.current-item{color:#ffffff;border-color:#4e4e4e;background-color:#4e4e4e;}input:focus,input[type="text"]:focus,input[type="email"]:focus,input[type="url"]:focus,input[type="password"]:focus,input[type="reset"]:focus,input[type="search"]:focus,textarea:focus{border-color:#4e4e4e;}input[type="radio"]:checked,input[type=reset],input[type="checkbox"]:checked,input[type="checkbox"]:hover:checked,input[type="checkbox"]:focus:checked,input[type=range]::-webkit-slider-thumb{border-color:#4e4e4e;background-color:#4e4e4e;box-shadow:none;}.site-footer a:hover + .post-count,.site-footer a:focus + .post-count{background:#4e4e4e;border-color:#4e4e4e;}.single .nav-links .nav-previous,.single .nav-links .nav-next{color:#4e4e4e;}.entry-meta,.entry-meta *{line-height:1.45;color:#4e4e4e;}.entry-meta a:hover,.entry-meta a:hover *,.entry-meta a:focus,.entry-meta a:focus *,.page-links &gt; .page-link,.page-links .page-link:hover,.post-navigation a:hover{color:#0084d6;}#cat option,.secondary .calendar_wrap thead a,.secondary .calendar_wrap thead a:visited{color:#4e4e4e;}.secondary .calendar_wrap #today,.ast-progress-val span{background:#4e4e4e;}.secondary a:hover + .post-count,.secondary a:focus + .post-count{background:#4e4e4e;border-color:#4e4e4e;}.calendar_wrap #today &gt; a{color:#ffffff;}.page-links .page-link,.single .post-navigation a{color:#4e4e4e;}.widget-title{font-size:21px;font-size:1.4rem;color:#333333;}@media (max-width:921px){#ast-desktop-header{display:none;}}@media (min-width:921px){#ast-mobile-header{display:none;}}.ast-site-header-cart .cart-container,.ast-edd-site-header-cart .ast-edd-cart-container {transition: all 0.2s linear;}.ast-site-header-cart .ast-woo-header-cart-info-wrap,.ast-edd-site-header-cart .ast-edd-header-cart-info-wrap {padding: 0 2px;font-weight: 600;line-height: 2.7;display: inline-block;}.ast-site-header-cart i.astra-icon {font-size: 20px;font-size: 1.3em;font-style: normal;font-weight: normal;position: relative;padding: 0 2px;}.ast-site-header-cart i.astra-icon.no-cart-total:after,.ast-header-break-point.ast-header-custom-item-outside .ast-edd-header-cart-info-wrap,.ast-header-break-point.ast-header-custom-item-outside .ast-woo-header-cart-info-wrap {display: none;}.ast-site-header-cart.ast-menu-cart-fill i.astra-icon,.ast-edd-site-header-cart.ast-edd-menu-cart-fill span.astra-icon {font-size: 1.1em;}.astra-cart-drawer {position: fixed;display: block;visibility: hidden;overflow: auto;-webkit-overflow-scrolling: touch;z-index: 9999;background-color: #fff;transition: all 0.5s ease;transform: translate3d(0,0,0);}.astra-cart-drawer.open-right {width: 80%;height: 100%;left: 100%;top: 0px;transform: translate3d(0%,0,0);}.astra-cart-drawer.active {transform: translate3d(-100%,0,0);visibility: visible;}.astra-cart-drawer .astra-cart-drawer-header {text-align: center;text-transform: uppercase;font-weight: 400;border-bottom: 1px solid #f0f0f0;padding: 0 0 0.675rem;}.astra-cart-drawer .astra-cart-drawer-close .ast-close-svg {width: 22px;height: 22px; }.astra-cart-drawer .astra-cart-drawer-title {padding-top: 5px;}.astra-cart-drawer .astra-cart-drawer-content .woocommerce-mini-cart {padding: 1em 1.5em;}.astra-cart-drawer .astra-cart-drawer-content .woocommerce-mini-cart a.remove {width: 20px;height: 20px;line-height: 16px;}.astra-cart-drawer .astra-cart-drawer-content .woocommerce-mini-cart__total {padding: 1em 1.5em;margin: 0;text-align: center;}.astra-cart-drawer .astra-cart-drawer-content .woocommerce-mini-cart__buttons {padding: 10px;text-align: center;} .astra-cart-drawer .astra-cart-drawer-content .woocommerce-mini-cart__buttons .button.checkout {margin-right: 0;}.astra-cart-drawer .astra-cart-drawer-content .edd-cart-item {padding: .5em 2.6em .5em 1.5em;}.astra-cart-drawer .astra-cart-drawer-content .edd-cart-item .edd-remove-from-cart::after {width: 20px;height: 20px;line-height: 16px;}.astra-cart-drawer .astra-cart-drawer-content .edd-cart-number-of-items {padding: 1em 1.5em 1em 1.5em;margin-bottom: 0;text-align: center;}.astra-cart-drawer .astra-cart-drawer-content .edd_total {padding: .5em 1.5em;margin: 0;text-align: center;}.astra-cart-drawer .astra-cart-drawer-content .cart_item.edd_checkout {padding: 1em 1.5em 0;text-align: center;margin-top: 0;}.astra-cart-drawer .woocommerce-mini-cart__empty-message,.astra-cart-drawer .cart_item.empty {text-align: center;margin-top: 10px;}body.admin-bar .astra-cart-drawer {padding-top: 32px;}body.admin-bar .astra-cart-drawer .astra-cart-drawer-close {top: 32px;}@media (max-width: 782px) {body.admin-bar .astra-cart-drawer {padding-top: 46px;}body.admin-bar .astra-cart-drawer .astra-cart-drawer-close {top: 46px;}}.ast-mobile-cart-active body.ast-hfb-header {overflow: hidden;}.ast-mobile-cart-active .astra-mobile-cart-overlay {opacity: 1;cursor: pointer;visibility: visible;z-index: 999;}@media (max-width: 545px) {.astra-cart-drawer.active {width: 100%;}}.ast-site-header-cart i.astra-icon:after {content: attr(data-cart-total);position: absolute;font-style: normal;top: -10px;right: -12px;font-weight: bold;box-shadow: 1px 1px 3px 0px rgba(0,0,0,0.3);font-size: 11px;padding-left: 0px;padding-right: 2px;line-height: 17px;letter-spacing: -.5px;height: 18px;min-width: 18px;border-radius: 99px;text-align: center;z-index: 3;}li.woocommerce-custom-menu-item .ast-site-header-cart i.astra-icon:after,li.edd-custom-menu-item .ast-edd-site-header-cart span.astra-icon:after {padding-left: 2px;}.astra-cart-drawer .astra-cart-drawer-close {position: absolute;top: 0;right: 0;margin: 0;padding: .6em 1em .4em;color: #ababab;background-color: transparent;}.astra-mobile-cart-overlay {background-color: rgba(0,0,0,0.4);position: fixed;top: 0;right: 0;bottom: 0;left: 0;visibility: hidden;opacity: 0;transition: opacity 0.2s ease-in-out;}.astra-cart-drawer .astra-cart-drawer-content .edd-cart-item .edd-remove-from-cart {right: 1.2em;}.ast-header-break-point.ast-woocommerce-cart-menu.ast-hfb-header .ast-cart-menu-wrap,.ast-header-break-point.ast-hfb-header .ast-cart-menu-wrap,.ast-header-break-point .ast-edd-site-header-cart-wrap .ast-edd-cart-menu-wrap {width: 2em;height: 2em;font-size: 1.4em;line-height: 2;vertical-align: middle;text-align: right;}.ast-site-header-cart.ast-menu-cart-outline .ast-cart-menu-wrap,.ast-site-header-cart.ast-menu-cart-fill .ast-cart-menu-wrap,.ast-edd-site-header-cart.ast-edd-menu-cart-outline .ast-edd-cart-menu-wrap,.ast-edd-site-header-cart.ast-edd-menu-cart-fill .ast-edd-cart-menu-wrap {line-height: 1.8;}.ast-site-header-cart .cart-container *,.ast-edd-site-header-cart .ast-edd-cart-container * {transition: all 0s linear;}.wp-block-buttons.aligncenter{justify-content:center;}@media (min-width:1200px){.wp-block-group .has-background{padding:20px;}}@media (min-width:1200px){.ast-no-sidebar.ast-separate-container .entry-content .wp-block-group.alignwide,.ast-no-sidebar.ast-separate-container .entry-content .wp-block-cover.alignwide{margin-left:-20px;margin-right:-20px;padding-left:20px;padding-right:20px;}.ast-no-sidebar.ast-separate-container .entry-content .wp-block-cover.alignfull,.ast-no-sidebar.ast-separate-container .entry-content .wp-block-group.alignfull{margin-left:-6.67em;margin-right:-6.67em;padding-left:6.67em;padding-right:6.67em;}}@media (min-width:1200px){.wp-block-cover-image.alignwide .wp-block-cover__inner-container,.wp-block-cover.alignwide .wp-block-cover__inner-container,.wp-block-cover-image.alignfull .wp-block-cover__inner-container,.wp-block-cover.alignfull .wp-block-cover__inner-container{width:100%;}}.ast-plain-container.ast-no-sidebar #primary{margin-top:0;margin-bottom:0;}@media (max-width:921px){.ast-theme-transparent-header #primary,.ast-theme-transparent-header #secondary{padding:0;}}.wp-block-columns{margin-bottom:unset;}.wp-block-image.size-full{margin:2rem 0;}.wp-block-separator.has-background{padding:0;}.wp-block-gallery{margin-bottom:1.6em;}.wp-block-group{padding-top:4em;padding-bottom:4em;}.wp-block-group__inner-container .wp-block-columns:last-child,.wp-block-group__inner-container :last-child,.wp-block-table table{margin-bottom:0;}.blocks-gallery-grid{width:100%;}.wp-block-navigation-link__content{padding:5px 0;}.wp-block-group .wp-block-group .has-text-align-center,.wp-block-group .wp-block-column .has-text-align-center{max-width:100%;}.has-text-align-center{margin:0 auto;}@media (min-width:1200px){.wp-block-cover__inner-container,.alignwide .wp-block-group__inner-container,.alignfull .wp-block-group__inner-container{max-width:1200px;margin:0 auto;}.wp-block-group.alignnone,.wp-block-group.aligncenter,.wp-block-group.alignleft,.wp-block-group.alignright,.wp-block-group.alignwide,.wp-block-columns.alignwide{margin:2rem 0 1rem 0;}}@media (max-width:1200px){.wp-block-group{padding:3em;}.wp-block-group .wp-block-group{padding:1.5em;}.wp-block-columns,.wp-block-column{margin:1rem 0;}}@media (min-width:921px){.wp-block-columns .wp-block-group{padding:2em;}}@media (max-width:544px){.wp-block-cover-image .wp-block-cover__inner-container,.wp-block-cover .wp-block-cover__inner-container{width:unset;}.wp-block-cover,.wp-block-cover-image{padding:2em 0;}.wp-block-group,.wp-block-cover{padding:2em;}.wp-block-media-text__media img,.wp-block-media-text__media video{width:unset;max-width:100%;}.wp-block-media-text.has-background .wp-block-media-text__content{padding:1em;}}@media (max-width:921px){.ast-plain-container.ast-no-sidebar #primary{padding:0;}}@media (min-width:544px){.entry-content .wp-block-media-text.has-media-on-the-right .wp-block-media-text__content{padding:0 8% 0 0;}.entry-content .wp-block-media-text .wp-block-media-text__content{padding:0 0 0 8%;}.ast-plain-container .site-content .entry-content .has-custom-content-position.is-position-bottom-left &gt; *,.ast-plain-container .site-content .entry-content .has-custom-content-position.is-position-bottom-right &gt; *,.ast-plain-container .site-content .entry-content .has-custom-content-position.is-position-top-left &gt; *,.ast-plain-container .site-content .entry-content .has-custom-content-position.is-position-top-right &gt; *,.ast-plain-container .site-content .entry-content .has-custom-content-position.is-position-center-right &gt; *,.ast-plain-container .site-content .entry-content .has-custom-content-position.is-position-center-left &gt; *{margin:0;}}@media (max-width:544px){.entry-content .wp-block-media-text .wp-block-media-text__content{padding:8% 0;}.wp-block-media-text .wp-block-media-text__media img{width:auto;max-width:100%;}}@media (max-width:921px){.ast-separate-container .ast-article-post,.ast-separate-container .ast-article-single{padding:1.5em 2.14em;}.ast-separate-container #primary,.ast-separate-container #secondary{padding:1.5em 0;}#primary,#secondary{padding:1.5em 0;margin:0;}.ast-left-sidebar #content &gt; .ast-container{display:flex;flex-direction:column-reverse;width:100%;}.ast-author-box img.avatar{margin:20px 0 0 0;}}@media (min-width:922px){.ast-separate-container.ast-right-sidebar #primary,.ast-separate-container.ast-left-sidebar #primary{border:0;}.search-no-results.ast-separate-container #primary{margin-bottom:4em;}}.elementor-button-wrapper .elementor-button{border-style:solid;text-decoration:none;border-top-width:0;border-right-width:0;border-left-width:0;border-bottom-width:0;}body .elementor-button.elementor-size-sm,body .elementor-button.elementor-size-xs,body .elementor-button.elementor-size-md,body .elementor-button.elementor-size-lg,body .elementor-button.elementor-size-xl,body .elementor-button{border-radius:0;padding-top:17px;padding-right:30px;padding-bottom:17px;padding-left:30px;}.elementor-button-wrapper .elementor-button{border-color:#3197d6;background-color:#3197d6;}.elementor-button-wrapper .elementor-button:hover,.elementor-button-wrapper .elementor-button:focus{color:#ffffff;background-color:#0084d6;border-color:#0084d6;}.wp-block-button .wp-block-button__link ,.elementor-button-wrapper .elementor-button,.elementor-button-wrapper .elementor-button:visited{color:#ffffff;}.elementor-button-wrapper .elementor-button{font-family:inherit;font-weight:inherit;line-height:1;text-transform:uppercase;letter-spacing:1px;}body .elementor-button.elementor-size-sm,body .elementor-button.elementor-size-xs,body .elementor-button.elementor-size-md,body .elementor-button.elementor-size-lg,body .elementor-button.elementor-size-xl,body .elementor-button{font-size:15px;font-size:1rem;}.wp-block-button .wp-block-button__link:hover,.wp-block-button .wp-block-button__link:focus{color:#ffffff;background-color:#0084d6;border-color:#0084d6;}.wp-block-button .wp-block-button__link{border-style:solid;border-top-width:0;border-right-width:0;border-left-width:0;border-bottom-width:0;border-color:#3197d6;background-color:#3197d6;color:#ffffff;font-family:inherit;font-weight:inherit;line-height:1;text-transform:uppercase;letter-spacing:1px;font-size:15px;font-size:1rem;border-radius:0;}.wp-block-buttons .wp-block-button .wp-block-button__link{padding-top:17px;padding-right:30px;padding-bottom:17px;padding-left:30px;}.menu-toggle,button,.ast-button,.ast-custom-button,.button,input#submit,input[type="button"],input[type="submit"],input[type="reset"]{border-style:solid;border-top-width:0;border-right-width:0;border-left-width:0;border-bottom-width:0;color:#ffffff;border-color:#3197d6;background-color:#3197d6;border-radius:0;padding-top:17px;padding-right:30px;padding-bottom:17px;padding-left:30px;font-family:inherit;font-weight:inherit;font-size:15px;font-size:1rem;line-height:1;text-transform:uppercase;letter-spacing:1px;}button:focus,.menu-toggle:hover,button:hover,.ast-button:hover,.ast-custom-button:hover .button:hover,.ast-custom-button:hover ,input[type=reset]:hover,input[type=reset]:focus,input#submit:hover,input#submit:focus,input[type="button"]:hover,input[type="button"]:focus,input[type="submit"]:hover,input[type="submit"]:focus{color:#ffffff;background-color:#0084d6;border-color:#0084d6;}@media (min-width:544px){.ast-container{max-width:100%;}}@media (max-width:544px){.ast-separate-container .ast-article-post,.ast-separate-container .ast-article-single,.ast-separate-container .comments-title,.ast-separate-container .ast-archive-description{padding:1.5em 1em;}.ast-separate-container #content .ast-container{padding-left:0.54em;padding-right:0.54em;}.ast-separate-container .ast-comment-list li.depth-1{padding:1.5em 1em;margin-bottom:1.5em;}.ast-separate-container .ast-comment-list .bypostauthor{padding:.5em;}.ast-search-menu-icon.ast-dropdown-active .search-field{width:170px;}}@media (max-width:921px){.ast-mobile-header-stack .main-header-bar .ast-search-menu-icon{display:inline-block;}.ast-header-break-point.ast-header-custom-item-outside .ast-mobile-header-stack .main-header-bar .ast-search-icon{margin:0;}.ast-comment-avatar-wrap img{max-width:2.5em;}.ast-separate-container .ast-comment-list li.depth-1{padding:1.5em 2.14em;}.ast-separate-container .comment-respond{padding:2em 2.14em;}.ast-comment-meta{padding:0 1.8888em 1.3333em;}}body,.ast-separate-container{background-color:#f9f9f9;;}.ast-no-sidebar.ast-separate-container .entry-content .alignfull {margin-left: -6.67em;margin-right: -6.67em;width: auto;}@media (max-width: 1200px) {.ast-no-sidebar.ast-separate-container .entry-content .alignfull {margin-left: -2.4em;margin-right: -2.4em;}}@media (max-width: 768px) {.ast-no-sidebar.ast-separate-container .entry-content .alignfull {margin-left: -2.14em;margin-right: -2.14em;}}@media (max-width: 544px) {.ast-no-sidebar.ast-separate-container .entry-content .alignfull {margin-left: -1em;margin-right: -1em;}}.ast-no-sidebar.ast-separate-container .entry-content .alignwide {margin-left: -20px;margin-right: -20px;}.ast-no-sidebar.ast-separate-container .entry-content .wp-block-column .alignfull,.ast-no-sidebar.ast-separate-container .entry-content .wp-block-column .alignwide {margin-left: auto;margin-right: auto;width: 100%;}@media (max-width:921px){.site-title{display:block;}.ast-archive-description .ast-archive-title{font-size:40px;}.site-header .site-description{display:none;}.entry-title{font-size:30px;}h1,.entry-content h1,.entry-content h1 a{font-size:30px;}h2,.entry-content h2,.entry-content h2 a{font-size:25px;}h3,.entry-content h3,.entry-content h3 a{font-size:20px;}.ast-single-post .entry-title,.page-title{font-size:30px;}.astra-logo-svg{width:120px;}header .custom-logo-link img,.ast-header-break-point .site-logo-img .custom-mobile-logo-link img{max-width:120px;}}@media (max-width:544px){.site-title{display:block;}.ast-archive-description .ast-archive-title{font-size:40px;}.site-header .site-description{display:none;}.entry-title{font-size:30px;}h1,.entry-content h1,.entry-content h1 a{font-size:30px;}h2,.entry-content h2,.entry-content h2 a{font-size:25px;}h3,.entry-content h3,.entry-content h3 a{font-size:20px;}.ast-single-post .entry-title,.page-title{font-size:30px;}header .custom-logo-link img,.ast-header-break-point .site-branding img,.ast-header-break-point .custom-logo-link img{max-width:120px;}.astra-logo-svg{width:120px;}.ast-header-break-point .site-logo-img .custom-mobile-logo-link img{max-width:120px;}}@media (max-width:921px){html{font-size:85.5%;}}@media (max-width:544px){html{font-size:85.5%;}}@media (min-width:922px){.ast-container{max-width:1240px;}}@font-face {font-family: "Astra";src: url(https://askomdch.com/wp-content/themes/astra/assets/fonts/astra.woff) format("woff"),url(https://askomdch.com/wp-content/themes/astra/assets/fonts/astra.ttf) format("truetype"),url(https://askomdch.com/wp-content/themes/astra/assets/fonts/astra.svg#astra) format("svg");font-weight: normal;font-style: normal;font-display: fallback;}@media (min-width:922px){.main-header-menu .sub-menu .menu-item.ast-left-align-sub-menu:hover &gt; .sub-menu,.main-header-menu .sub-menu .menu-item.ast-left-align-sub-menu.focus &gt; .sub-menu{margin-left:-2px;}}.ast-theme-transparent-header [data-section="section-header-mobile-trigger"] .ast-button-wrap .ast-mobile-menu-trigger-minimal{background:transparent;}.footer-widget-area[data-section^="section-fb-html-"] .ast-builder-html-element{text-align:center;}.astra-icon-down_arrow::after {content: "\e900";font-family: Astra;}.astra-icon-close::after {content: "\e5cd";font-family: Astra;}.astra-icon-drag_handle::after {content: "\e25d";font-family: Astra;}.astra-icon-format_align_justify::after {content: "\e235";font-family: Astra;}.astra-icon-menu::after {content: "\e5d2";font-family: Astra;}.astra-icon-reorder::after {content: "\e8fe";font-family: Astra;}.astra-icon-search::after {content: "\e8b6";font-family: Astra;}.astra-icon-zoom_in::after {content: "\e56b";font-family: Astra;}.astra-icon-check-circle::after {content: "\e901";font-family: Astra;}.astra-icon-shopping-cart::after {content: "\f07a";font-family: Astra;}.astra-icon-shopping-bag::after {content: "\f290";font-family: Astra;}.astra-icon-shopping-basket::after {content: "\f291";font-family: Astra;}.astra-icon-circle-o::after {content: "\e903";font-family: Astra;}.astra-icon-certificate::after {content: "\e902";font-family: Astra;}blockquote {padding: 1.2em;}.ast-header-break-point .ast-mobile-header-wrap .ast-above-header-wrap .main-header-bar-navigation .inline-on-mobile .menu-item .menu-link,.ast-header-break-point .ast-mobile-header-wrap .ast-main-header-wrap .main-header-bar-navigation .inline-on-mobile .menu-item .menu-link,.ast-header-break-point .ast-mobile-header-wrap .ast-below-header-wrap .main-header-bar-navigation .inline-on-mobile .menu-item .menu-link {border: none;}.ast-header-break-point .ast-mobile-header-wrap .ast-above-header-wrap .main-header-bar-navigation .inline-on-mobile .menu-item-has-children &gt; .ast-menu-toggle::before,.ast-header-break-point .ast-mobile-header-wrap .ast-main-header-wrap .main-header-bar-navigation .inline-on-mobile .menu-item-has-children &gt; .ast-menu-toggle::before,.ast-header-break-point .ast-mobile-header-wrap .ast-below-header-wrap .main-header-bar-navigation .inline-on-mobile .menu-item-has-children &gt; .ast-menu-toggle::before {font-size: .6rem;}.ast-header-break-point .ast-mobile-header-wrap .ast-flex.inline-on-mobile {flex-wrap: unset;}.ast-header-break-point .ast-mobile-header-wrap .ast-flex.inline-on-mobile .menu-item.ast-submenu-expanded &gt; .sub-menu .menu-link {padding: .1em 1em;}.ast-header-break-point .ast-mobile-header-wrap .ast-flex.inline-on-mobile .menu-item.ast-submenu-expanded &gt; .sub-menu &gt; .menu-item .ast-menu-toggle::before {transform: rotate(-90deg);}.ast-header-break-point .ast-mobile-header-wrap .ast-flex.inline-on-mobile .menu-item.ast-submenu-expanded &gt; .sub-menu &gt; .menu-item.ast-submenu-expanded .ast-menu-toggle::before {transform: rotate(-270deg);}.ast-header-break-point .ast-mobile-header-wrap .ast-flex.inline-on-mobile .menu-item &gt; .sub-menu &gt; .menu-item .menu-link:before {content: none;}.ast-header-break-point .ast-mobile-header-wrap .ast-flex.inline-on-mobile {flex-wrap: unset;}.ast-header-break-point .ast-mobile-header-wrap .ast-flex.inline-on-mobile .menu-item.ast-submenu-expanded &gt; .sub-menu .menu-link {padding: .1em 1em;}.ast-header-break-point .ast-mobile-header-wrap .ast-flex.inline-on-mobile .menu-item.ast-submenu-expanded &gt; .sub-menu &gt; .menu-item .ast-menu-toggle::before {transform: rotate(-90deg);}.ast-header-break-point .ast-mobile-header-wrap .ast-flex.inline-on-mobile .menu-item.ast-submenu-expanded &gt; .sub-menu &gt; .menu-item.ast-submenu-expanded .ast-menu-toggle::before {transform: rotate(-270deg);}.ast-header-break-point .ast-mobile-header-wrap .ast-flex.inline-on-mobile .menu-item &gt; .sub-menu &gt; .menu-item .menu-link:before {content: none;}.ast-header-break-point .inline-on-mobile .sub-menu {width: 150px;}.ast-header-break-point .ast-mobile-header-wrap .ast-flex.inline-on-mobile .menu-item.menu-item-has-children {margin-right: 10px;}.ast-header-break-point .ast-mobile-header-wrap .ast-flex.inline-on-mobile .menu-item.ast-submenu-expanded &gt; .sub-menu {display: block;position: absolute;right: auto;left: 0;}.ast-header-break-point .ast-mobile-header-wrap .ast-flex.inline-on-mobile .menu-item.ast-submenu-expanded &gt; .sub-menu .menu-item .ast-menu-toggle {padding: 0;right: 1em;}.ast-header-break-point .ast-mobile-header-wrap .ast-flex.inline-on-mobile .menu-item.ast-submenu-expanded &gt; .sub-menu &gt; .menu-item &gt; .sub-menu {left: 100%;right: auto;}.ast-header-break-point .ast-mobile-header-wrap .ast-flex.inline-on-mobile .ast-menu-toggle {right: -15px;}.ast-header-break-point .ast-mobile-header-wrap .ast-flex.inline-on-mobile .menu-item.menu-item-has-children {margin-right: 10px;}.ast-header-break-point .ast-mobile-header-wrap .ast-flex.inline-on-mobile .menu-item.ast-submenu-expanded &gt; .sub-menu {display: block;position: absolute;right: auto;left: 0;}.ast-header-break-point .ast-mobile-header-wrap .ast-flex.inline-on-mobile .menu-item.ast-submenu-expanded &gt; .sub-menu &gt; .menu-item &gt; .sub-menu {left: 100%;right: auto;}.ast-header-break-point .ast-mobile-header-wrap .ast-flex.inline-on-mobile .ast-menu-toggle {right: -15px;}:root .has-ast-global-color-0-color{color:var(--ast-global-color-0);}:root .has-ast-global-color-0-background-color{background-color:var(--ast-global-color-0);}:root .wp-block-button .has-ast-global-color-0-color{color:var(--ast-global-color-0);}:root .wp-block-button .has-ast-global-color-0-background-color{background-color:var(--ast-global-color-0);}:root .has-ast-global-color-1-color{color:var(--ast-global-color-1);}:root .has-ast-global-color-1-background-color{background-color:var(--ast-global-color-1);}:root .wp-block-button .has-ast-global-color-1-color{color:var(--ast-global-color-1);}:root .wp-block-button .has-ast-global-color-1-background-color{background-color:var(--ast-global-color-1);}:root .has-ast-global-color-2-color{color:var(--ast-global-color-2);}:root .has-ast-global-color-2-background-color{background-color:var(--ast-global-color-2);}:root .wp-block-button .has-ast-global-color-2-color{color:var(--ast-global-color-2);}:root .wp-block-button .has-ast-global-color-2-background-color{background-color:var(--ast-global-color-2);}:root .has-ast-global-color-3-color{color:var(--ast-global-color-3);}:root .has-ast-global-color-3-background-color{background-color:var(--ast-global-color-3);}:root .wp-block-button .has-ast-global-color-3-color{color:var(--ast-global-color-3);}:root .wp-block-button .has-ast-global-color-3-background-color{background-color:var(--ast-global-color-3);}:root .has-ast-global-color-4-color{color:var(--ast-global-color-4);}:root .has-ast-global-color-4-background-color{background-color:var(--ast-global-color-4);}:root .wp-block-button .has-ast-global-color-4-color{color:var(--ast-global-color-4);}:root .wp-block-button .has-ast-global-color-4-background-color{background-color:var(--ast-global-color-4);}:root .has-ast-global-color-5-color{color:var(--ast-global-color-5);}:root .has-ast-global-color-5-background-color{background-color:var(--ast-global-color-5);}:root .wp-block-button .has-ast-global-color-5-color{color:var(--ast-global-color-5);}:root .wp-block-button .has-ast-global-color-5-background-color{background-color:var(--ast-global-color-5);}:root .has-ast-global-color-6-color{color:var(--ast-global-color-6);}:root .has-ast-global-color-6-background-color{background-color:var(--ast-global-color-6);}:root .wp-block-button .has-ast-global-color-6-color{color:var(--ast-global-color-6);}:root .wp-block-button .has-ast-global-color-6-background-color{background-color:var(--ast-global-color-6);}:root .has-ast-global-color-7-color{color:var(--ast-global-color-7);}:root .has-ast-global-color-7-background-color{background-color:var(--ast-global-color-7);}:root .wp-block-button .has-ast-global-color-7-color{color:var(--ast-global-color-7);}:root .wp-block-button .has-ast-global-color-7-background-color{background-color:var(--ast-global-color-7);}:root .has-ast-global-color-8-color{color:var(--ast-global-color-8);}:root .has-ast-global-color-8-background-color{background-color:var(--ast-global-color-8);}:root .wp-block-button .has-ast-global-color-8-color{color:var(--ast-global-color-8);}:root .wp-block-button .has-ast-global-color-8-background-color{background-color:var(--ast-global-color-8);}:root{--ast-global-color-0:#0170B9;--ast-global-color-1:#3a3a3a;--ast-global-color-2:#3a3a3a;--ast-global-color-3:#4B4F58;--ast-global-color-4:#F5F5F5;--ast-global-color-5:#FFFFFF;--ast-global-color-6:#F2F5F7;--ast-global-color-7:#424242;--ast-global-color-8:#000000;}.ast-theme-transparent-header #masthead .site-logo-img .transparent-custom-logo .astra-logo-svg{width:140px;}.ast-theme-transparent-header #masthead .site-logo-img .transparent-custom-logo img{ max-width:140px;}@media (min-width:921px){.ast-theme-transparent-header #masthead{position:absolute;left:0;right:0;}.ast-theme-transparent-header .main-header-bar,.ast-theme-transparent-header.ast-header-break-point .main-header-bar{background:none;}body.elementor-editor-active.ast-theme-transparent-header #masthead,.fl-builder-edit .ast-theme-transparent-header #masthead,body.vc_editor.ast-theme-transparent-header #masthead,body.brz-ed.ast-theme-transparent-header #masthead{z-index:0;}.ast-header-break-point.ast-replace-site-logo-transparent.ast-theme-transparent-header .custom-mobile-logo-link{display:none;}.ast-header-break-point.ast-replace-site-logo-transparent.ast-theme-transparent-header .transparent-custom-logo{display:inline-block;}.ast-theme-transparent-header .ast-above-header,.ast-theme-transparent-header .ast-above-header.ast-above-header-bar{background-image:none;background-color:transparent;}.ast-theme-transparent-header .ast-below-header{background-image:none;background-color:transparent;}}@media (min-width:922px){.ast-theme-transparent-header .main-header-bar,.ast-theme-transparent-header.ast-header-break-point .main-header-bar-wrap .main-header-menu,.ast-theme-transparent-header.ast-header-break-point .main-header-bar-wrap .main-header-bar,.ast-theme-transparent-header.ast-header-break-point .ast-mobile-header-wrap .main-header-bar{background-color:rgba(0,0,0,0.07);}.ast-theme-transparent-header .main-header-bar .ast-search-menu-icon form{background-color:rgba(0,0,0,0.07);}.ast-theme-transparent-header .ast-above-header,.ast-theme-transparent-header .ast-above-header.ast-above-header-bar,.ast-theme-transparent-header .ast-below-header,.ast-header-break-point.ast-theme-transparent-header .ast-above-header,.ast-header-break-point.ast-theme-transparent-header .ast-below-header{background-color:rgba(0,0,0,0.07);}.ast-theme-transparent-header .site-title a,.ast-theme-transparent-header .site-title a:focus,.ast-theme-transparent-header .site-title a:hover,.ast-theme-transparent-header .site-title a:visited{color:#ffffff;}.ast-theme-transparent-header .site-header .site-description{color:#ffffff;}.ast-theme-transparent-header .ast-builder-menu .main-header-menu .menu-item .sub-menu .menu-item .menu-link,.ast-theme-transparent-header .ast-builder-menu .main-header-menu .menu-item .sub-menu .menu-item &gt; .ast-menu-toggle,.ast-theme-transparent-header .main-header-menu .menu-item .sub-menu .menu-link,.ast-header-break-point.ast-flyout-menu-enable.ast-header-break-point .main-header-bar-navigation .main-header-menu .menu-item .sub-menu .menu-link{color:#333333;}.ast-theme-transparent-header .ast-builder-menu .main-header-menu .menu-item .sub-menu .menu-link:hover,.ast-theme-transparent-header .ast-builder-menu .main-header-menu .menu-item .sub-menu .menu-item:hover &gt; .menu-link,.ast-theme-transparent-header .ast-builder-menu .main-header-menu .menu-item .sub-menu .menu-item.focus &gt; .menu-item,.ast-theme-transparent-header .ast-builder-menu .main-header-menu .menu-item .sub-menu .menu-item.current-menu-item &gt; .menu-link,.ast-theme-transparent-header .ast-builder-menu .main-header-menu .menu-item .sub-menu .menu-item.current-menu-item &gt; .ast-menu-toggle,.ast-theme-transparent-header .ast-builder-menu .main-header-menu .menu-item .sub-menu .menu-item:hover &gt; .ast-menu-toggle,.ast-theme-transparent-header .ast-builder-menu .main-header-menu .menu-item .sub-menu .menu-item.focus &gt; .ast-menu-toggle,.ast-theme-transparent-header .main-header-menu .menu-item .sub-menu .menu-item:hover &gt; .menu-link,.ast-header-break-point.ast-flyout-menu-enable.ast-header-break-point .main-header-bar-navigation .main-header-menu .menu-item .sub-menu .menu-link{color:#000000;}.ast-theme-transparent-header .ast-builder-menu .main-header-menu,.ast-theme-transparent-header .ast-builder-menu .main-header-menu .menu-link,.ast-theme-transparent-header [CLASS*="ast-builder-menu-"] .main-header-menu .menu-item &gt; .menu-link,.ast-theme-transparent-header .ast-masthead-custom-menu-items,.ast-theme-transparent-header .ast-masthead-custom-menu-items a,.ast-theme-transparent-header .ast-builder-menu .main-header-menu .menu-item &gt; .ast-menu-toggle,.ast-theme-transparent-header .ast-builder-menu .main-header-menu .menu-item &gt; .ast-menu-toggle,.ast-theme-transparent-header .ast-above-header-navigation a,.ast-header-break-point.ast-theme-transparent-header .ast-above-header-navigation a,.ast-header-break-point.ast-theme-transparent-header .ast-above-header-navigation &gt; ul.ast-above-header-menu &gt; .menu-item-has-children:not(.current-menu-item) &gt; .ast-menu-toggle,.ast-theme-transparent-header .ast-below-header-menu,.ast-theme-transparent-header .ast-below-header-menu a,.ast-header-break-point.ast-theme-transparent-header .ast-below-header-menu a,.ast-header-break-point.ast-theme-transparent-header .ast-below-header-menu,.ast-theme-transparent-header .main-header-menu .menu-link{color:#cecece;}.ast-theme-transparent-header .ast-builder-menu .main-header-menu .menu-item:hover &gt; .menu-link,.ast-theme-transparent-header .ast-builder-menu .main-header-menu .menu-item:hover &gt; .ast-menu-toggle,.ast-theme-transparent-header .ast-builder-menu .main-header-menu .ast-masthead-custom-menu-items a:hover,.ast-theme-transparent-header .ast-builder-menu .main-header-menu .focus &gt; .menu-link,.ast-theme-transparent-header .ast-builder-menu .main-header-menu .focus &gt; .ast-menu-toggle,.ast-theme-transparent-header .ast-builder-menu .main-header-menu .current-menu-item &gt; .menu-link,.ast-theme-transparent-header .ast-builder-menu .main-header-menu .current-menu-ancestor &gt; .menu-link,.ast-theme-transparent-header .ast-builder-menu .main-header-menu .current-menu-item &gt; .ast-menu-toggle,.ast-theme-transparent-header .ast-builder-menu .main-header-menu .current-menu-ancestor &gt; .ast-menu-toggle,.ast-theme-transparent-header [CLASS*="ast-builder-menu-"] .main-header-menu .current-menu-item &gt; .menu-link,.ast-theme-transparent-header [CLASS*="ast-builder-menu-"] .main-header-menu .current-menu-ancestor &gt; .menu-link,.ast-theme-transparent-header [CLASS*="ast-builder-menu-"] .main-header-menu .current-menu-item &gt; .ast-menu-toggle,.ast-theme-transparent-header [CLASS*="ast-builder-menu-"] .main-header-menu .current-menu-ancestor &gt; .ast-menu-toggle,.ast-theme-transparent-header .main-header-menu .menu-item:hover &gt; .menu-link,.ast-theme-transparent-header .main-header-menu .current-menu-item &gt; .menu-link,.ast-theme-transparent-header .main-header-menu .current-menu-ancestor &gt; .menu-link{color:#ffffff;}.ast-theme-transparent-header div.ast-masthead-custom-menu-items,.ast-theme-transparent-header div.ast-masthead-custom-menu-items .widget,.ast-theme-transparent-header div.ast-masthead-custom-menu-items .widget-title,.ast-theme-transparent-header .site-header-section [CLASS*="ast-header-html-"] .ast-builder-html-element{color:#000000;}.ast-theme-transparent-header div.ast-masthead-custom-menu-items a,.ast-theme-transparent-header div.ast-masthead-custom-menu-items .widget a,.ast-theme-transparent-header .site-header-section [CLASS*="ast-header-html-"] .ast-builder-html-element a{color:#cecece;}.ast-theme-transparent-header div.ast-masthead-custom-menu-items a:hover,.ast-theme-transparent-header div.ast-masthead-custom-menu-items .widget a:hover,.ast-theme-transparent-header .site-header-section [CLASS*="ast-header-html-"] .ast-builder-html-element a:hover{color:#ffffff;}}@media (max-width:921px){.transparent-custom-logo{display:none;}}@media (min-width:921px){.ast-transparent-mobile-logo{display:none;}}@media (max-width:921px){.ast-transparent-mobile-logo{display:block;}}@media (min-width:921px){.ast-theme-transparent-header #ast-desktop-header &gt; [CLASS*="-header-wrap"]:nth-last-child(2) &gt; [CLASS*="-header-bar"]{border-bottom-width:0;border-bottom-style:solid;border-bottom-color:rgba(0,0,0,0);}}.ast-breadcrumbs .trail-browse,.ast-breadcrumbs .trail-items,.ast-breadcrumbs .trail-items li{display:inline-block;margin:0;padding:0;border:none;background:inherit;text-indent:0;}.ast-breadcrumbs .trail-browse{font-size:inherit;font-style:inherit;font-weight:inherit;color:inherit;}.ast-breadcrumbs .trail-items{list-style:none;}.trail-items li::after{padding:0 0.3em;content:"\00bb";}.trail-items li:last-of-type::after{display:none;}h1,.entry-content h1,h2,.entry-content h2,h3,.entry-content h3,h4,.entry-content h4,h5,.entry-content h5,h6,.entry-content h6{color:var(--ast-global-color-2);}@media (max-width:921px){.ast-builder-grid-row-container.ast-builder-grid-row-tablet-3-firstrow .ast-builder-grid-row &gt; *:first-child,.ast-builder-grid-row-container.ast-builder-grid-row-tablet-3-lastrow .ast-builder-grid-row &gt; *:last-child{grid-column:1 / -1;}}@media (max-width:544px){.ast-builder-grid-row-container.ast-builder-grid-row-mobile-3-firstrow .ast-builder-grid-row &gt; *:first-child,.ast-builder-grid-row-container.ast-builder-grid-row-mobile-3-lastrow .ast-builder-grid-row &gt; *:last-child{grid-column:1 / -1;}}.ast-builder-layout-element[data-section="title_tagline"]{display:flex;}@media (max-width:921px){.ast-header-break-point .ast-builder-layout-element[data-section="title_tagline"]{display:flex;}}@media (max-width:544px){.ast-header-break-point .ast-builder-layout-element[data-section="title_tagline"]{display:flex;}}.ast-builder-menu-1{font-family:inherit;font-weight:normal;}.ast-builder-menu-1 .menu-item.current-menu-item &gt; .menu-link,.ast-builder-menu-1 .inline-on-mobile .menu-item.current-menu-item &gt; .ast-menu-toggle,.ast-builder-menu-1 .current-menu-ancestor &gt; .menu-link{color:#602bb7;}.ast-builder-menu-1 .menu-item.current-menu-item &gt; .ast-menu-toggle{color:#602bb7;}.ast-builder-menu-1 .sub-menu,.ast-builder-menu-1 .inline-on-mobile .sub-menu{border-top-width:1px;border-bottom-width:1px;border-right-width:1px;border-left-width:1px;border-color:#dddddd;border-style:solid;border-radius:0;}.ast-builder-menu-1 .main-header-menu &gt; .menu-item &gt; .sub-menu,.ast-builder-menu-1 .main-header-menu &gt; .menu-item &gt; .astra-full-megamenu-wrapper{margin-top:0;}.ast-desktop .ast-builder-menu-1 .main-header-menu &gt; .menu-item &gt; .sub-menu:before,.ast-desktop .ast-builder-menu-1 .main-header-menu &gt; .menu-item &gt; .astra-full-megamenu-wrapper:before{height:calc( 0px + 5px );}.ast-desktop .ast-builder-menu-1 .menu-item .sub-menu .menu-link{border-bottom-width:1px;border-color:#eaeaea;border-style:solid;}.ast-desktop .ast-builder-menu-1 .menu-item .sub-menu .menu-item:last-child .menu-link{border-bottom-width:0;}@media (max-width:921px){.ast-header-break-point .ast-builder-menu-1 .menu-item.menu-item-has-children &gt; .ast-menu-toggle{top:0;}.ast-builder-menu-1 .menu-item-has-children &gt; .menu-link:after{content:unset;}}@media (max-width:544px){.ast-header-break-point .ast-builder-menu-1 .menu-item.menu-item-has-children &gt; .ast-menu-toggle{top:0;}}.ast-builder-menu-1{display:flex;}@media (max-width:921px){.ast-header-break-point .ast-builder-menu-1{display:flex;}}@media (max-width:544px){.ast-header-break-point .ast-builder-menu-1{display:flex;}}.ast-site-header-cart .ast-cart-menu-wrap,.ast-site-header-cart .ast-addon-cart-wrap{color:#d2d2d2;}.ast-site-header-cart .ast-cart-menu-wrap .count,.ast-site-header-cart .ast-cart-menu-wrap .count:after,.ast-site-header-cart .ast-addon-cart-wrap .count,.ast-site-header-cart .ast-addon-cart-wrap .ast-icon-shopping-cart:after{color:#d2d2d2;border-color:#d2d2d2;}.ast-site-header-cart .ast-addon-cart-wrap .ast-icon-shopping-cart:after{color:#ffffff;background-color:#d2d2d2;}.ast-site-header-cart .ast-woo-header-cart-info-wrap{color:#d2d2d2;}.ast-site-header-cart .ast-addon-cart-wrap i.astra-icon:after{color:#ffffff;background-color:#d2d2d2;}.ast-theme-transparent-header .ast-site-header-cart .ast-cart-menu-wrap,.ast-theme-transparent-header .ast-site-header-cart .ast-addon-cart-wrap{color:#d2d2d2;}.ast-theme-transparent-header .ast-site-header-cart .ast-cart-menu-wrap .count,.ast-theme-transparent-header .ast-site-header-cart .ast-cart-menu-wrap .count:after,.ast-theme-transparent-header .ast-site-header-cart .ast-addon-cart-wrap .count,.ast-theme-transparent-header .ast-site-header-cart .ast-addon-cart-wrap .ast-icon-shopping-cart:after{color:#d2d2d2;border-color:#d2d2d2;}.ast-theme-transparent-header .ast-site-header-cart .ast-addon-cart-wrap .ast-icon-shopping-cart:after{color:#ffffff;background-color:#d2d2d2;}.ast-theme-transparent-header .ast-site-header-cart .ast-woo-header-cart-info-wrap{color:#d2d2d2;}.ast-theme-transparent-header .ast-site-header-cart .ast-addon-cart-wrap i.astra-icon:after{color:#ffffff;background-color:#d2d2d2;}#ast-site-header-cart .widget_shopping_cart .mini_cart_item{border-bottom-color:rgb(0,0,0);}@media (max-width:921px){#astra-mobile-cart-drawer .widget_shopping_cart .mini_cart_item{border-bottom-color:rgb(0,0,0);}}@media (max-width:544px){#astra-mobile-cart-drawer .widget_shopping_cart .mini_cart_item{border-bottom-color:rgb(0,0,0);}}.ast-site-header-cart .ast-cart-menu-wrap,.ast-site-header-cart .ast-addon-cart-wrap{color:#d2d2d2;}.ast-site-header-cart .ast-cart-menu-wrap:hover .count,.ast-site-header-cart .ast-addon-cart-wrap:hover .count{color:#000000;background-color:#d2d2d2;}.ast-menu-cart-outline .ast-cart-menu-wrap .count,.ast-menu-cart-outline .ast-addon-cart-wrap{color:#d2d2d2;}.ast-site-header-cart .ast-menu-cart-outline .ast-woo-header-cart-info-wrap{color:#d2d2d2;}.ast-menu-cart-fill .ast-cart-menu-wrap .count,.ast-menu-cart-fill .ast-cart-menu-wrap,.ast-menu-cart-fill .ast-addon-cart-wrap .ast-woo-header-cart-info-wrap,.ast-menu-cart-fill .ast-addon-cart-wrap{background-color:#d2d2d2;color:#000000;}.ast-theme-transparent-header .ast-site-header-cart .ast-cart-menu-wrap,.ast-theme-transparent-header .ast-site-header-cart .ast-addon-cart-wrap{color:#d2d2d2;}.ast-theme-transparent-header .ast-site-header-cart .ast-cart-menu-wrap:hover .count,.ast-theme-transparent-header .ast-site-header-cart .ast-addon-cart-wrap:hover .count{color:#000000;background-color:#d2d2d2;}.ast-theme-transparent-header .ast-menu-cart-outline .ast-cart-menu-wrap .count,.ast-theme-transparent-header .ast-menu-cart-outline .ast-addon-cart-wrap{color:#d2d2d2;}.ast-theme-transparent-header .ast-site-header-cart .ast-menu-cart-outline .ast-woo-header-cart-info-wrap{color:#d2d2d2;}.ast-theme-transparent-header .ast-menu-cart-fill .ast-cart-menu-wrap .count,.ast-theme-transparent-header .ast-menu-cart-fill .ast-cart-menu-wrap,.ast-theme-transparent-header .ast-menu-cart-fill .ast-addon-cart-wrap .ast-woo-header-cart-info-wrap,.ast-theme-transparent-header .ast-menu-cart-fill .ast-addon-cart-wrap{background-color:#d2d2d2;color:#000000;}.ast-site-header-cart.ast-menu-cart-outline .ast-cart-menu-wrap,.ast-site-header-cart.ast-menu-cart-fill .ast-cart-menu-wrap,.ast-site-header-cart.ast-menu-cart-outline .ast-cart-menu-wrap .count,.ast-site-header-cart.ast-menu-cart-fill .ast-cart-menu-wrap .count,.ast-site-header-cart.ast-menu-cart-outline .ast-addon-cart-wrap,.ast-site-header-cart.ast-menu-cart-fill .ast-addon-cart-wrap,.ast-site-header-cart.ast-menu-cart-outline .ast-woo-header-cart-info-wrap,.ast-site-header-cart.ast-menu-cart-fill .ast-woo-header-cart-info-wrap{border-radius:3px;}.ast-header-woo-cart{display:flex;}@media (max-width:921px){.ast-header-break-point .ast-header-woo-cart{display:flex;}}@media (max-width:544px){.ast-header-break-point .ast-header-woo-cart{display:none;}}.site-below-footer-wrap{padding-top:20px;padding-bottom:20px;}.site-below-footer-wrap[data-section="section-below-footer-builder"]{background-color:#ffffff;;background-image:none;;min-height:80px;border-style:solid;border-width:0px;border-top-width:1px;border-top-color:rgba(122,122,122,0.13);}.site-below-footer-wrap[data-section="section-below-footer-builder"] .ast-builder-grid-row{max-width:1200px;margin-left:auto;margin-right:auto;}.site-below-footer-wrap[data-section="section-below-footer-builder"] .ast-builder-grid-row,.site-below-footer-wrap[data-section="section-below-footer-builder"] .site-footer-section{align-items:flex-start;}.site-below-footer-wrap[data-section="section-below-footer-builder"].ast-footer-row-inline .site-footer-section{display:flex;margin-bottom:0;}.ast-builder-grid-row-2-equal .ast-builder-grid-row{grid-template-columns:repeat( 2,1fr );}@media (max-width:921px){.site-below-footer-wrap[data-section="section-below-footer-builder"].ast-footer-row-tablet-inline .site-footer-section{display:flex;margin-bottom:0;}.site-below-footer-wrap[data-section="section-below-footer-builder"].ast-footer-row-tablet-stack .site-footer-section{display:block;margin-bottom:10px;}.ast-builder-grid-row-container.ast-builder-grid-row-tablet-2-equal .ast-builder-grid-row{grid-template-columns:repeat( 2,1fr );}}@media (max-width:544px){.site-below-footer-wrap[data-section="section-below-footer-builder"].ast-footer-row-mobile-inline .site-footer-section{display:flex;margin-bottom:0;}.site-below-footer-wrap[data-section="section-below-footer-builder"].ast-footer-row-mobile-stack .site-footer-section{display:block;margin-bottom:10px;}.ast-builder-grid-row-container.ast-builder-grid-row-mobile-full .ast-builder-grid-row{grid-template-columns:1fr;}}@media (max-width:921px){.site-below-footer-wrap[data-section="section-below-footer-builder"]{padding-left:30px;padding-right:30px;}}.site-below-footer-wrap[data-section="section-below-footer-builder"]{display:grid;}@media (max-width:921px){.ast-header-break-point .site-below-footer-wrap[data-section="section-below-footer-builder"]{display:grid;}}@media (max-width:544px){.ast-header-break-point .site-below-footer-wrap[data-section="section-below-footer-builder"]{display:grid;}}.ast-builder-html-element img.alignnone{display:inline-block;}.ast-builder-html-element p:first-child{margin-top:0;}.ast-builder-html-element p:last-child{margin-bottom:0;}.ast-header-break-point .main-header-bar .ast-builder-html-element{line-height:1.85714285714286;}.footer-widget-area[data-section="section-fb-html-1"]{display:block;}@media (max-width:921px){.ast-header-break-point .footer-widget-area[data-section="section-fb-html-1"]{display:block;}}@media (max-width:544px){.ast-header-break-point .footer-widget-area[data-section="section-fb-html-1"]{display:block;}}.footer-widget-area[data-section="section-fb-html-1"] .ast-builder-html-element{text-align:right;}@media (max-width:921px){.footer-widget-area[data-section="section-fb-html-1"] .ast-builder-html-element{text-align:right;}}@media (max-width:544px){.footer-widget-area[data-section="section-fb-html-1"] .ast-builder-html-element{text-align:center;}}.ast-footer-copyright{text-align:left;}.ast-footer-copyright {color:#000000;}@media (max-width:921px){.ast-footer-copyright{text-align:left;}}@media (max-width:544px){.ast-footer-copyright{text-align:center;}}.ast-footer-copyright.ast-builder-layout-element{display:flex;}@media (max-width:921px){.ast-header-break-point .ast-footer-copyright.ast-builder-layout-element{display:flex;}}@media (max-width:544px){.ast-header-break-point .ast-footer-copyright.ast-builder-layout-element{display:flex;}}.site-footer{background-color:#ffffff;;background-image:none;;}.site-primary-footer-wrap{padding-top:45px;padding-bottom:45px;}.site-primary-footer-wrap[data-section="section-primary-footer-builder"]{background-color:#ffffff;;background-image:none;;}.site-primary-footer-wrap[data-section="section-primary-footer-builder"] .ast-builder-grid-row{grid-column-gap:200px;max-width:1200px;margin-left:auto;margin-right:auto;}.site-primary-footer-wrap[data-section="section-primary-footer-builder"] .ast-builder-grid-row,.site-primary-footer-wrap[data-section="section-primary-footer-builder"] .site-footer-section{align-items:flex-start;}.site-primary-footer-wrap[data-section="section-primary-footer-builder"].ast-footer-row-inline .site-footer-section{display:flex;margin-bottom:0;}.ast-builder-grid-row-4-equal .ast-builder-grid-row{grid-template-columns:repeat( 4,1fr );}@media (max-width:921px){.site-primary-footer-wrap[data-section="section-primary-footer-builder"].ast-footer-row-tablet-inline .site-footer-section{display:flex;margin-bottom:0;}.site-primary-footer-wrap[data-section="section-primary-footer-builder"].ast-footer-row-tablet-stack .site-footer-section{display:block;margin-bottom:10px;}.ast-builder-grid-row-container.ast-builder-grid-row-tablet-4-equal .ast-builder-grid-row{grid-template-columns:repeat( 4,1fr );}}@media (max-width:544px){.site-primary-footer-wrap[data-section="section-primary-footer-builder"].ast-footer-row-mobile-inline .site-footer-section{display:flex;margin-bottom:0;}.site-primary-footer-wrap[data-section="section-primary-footer-builder"].ast-footer-row-mobile-stack .site-footer-section{display:block;margin-bottom:10px;}.ast-builder-grid-row-container.ast-builder-grid-row-mobile-full .ast-builder-grid-row{grid-template-columns:1fr;}}.site-primary-footer-wrap[data-section="section-primary-footer-builder"]{padding-top:55px;padding-bottom:55px;}@media (max-width:921px){.site-primary-footer-wrap[data-section="section-primary-footer-builder"]{padding-left:30px;padding-right:30px;}}@media (max-width:544px){.site-primary-footer-wrap[data-section="section-primary-footer-builder"]{padding-top:40px;padding-bottom:20px;}}.site-primary-footer-wrap[data-section="section-primary-footer-builder"]{display:grid;}@media (max-width:921px){.ast-header-break-point .site-primary-footer-wrap[data-section="section-primary-footer-builder"]{display:grid;}}@media (max-width:544px){.ast-header-break-point .site-primary-footer-wrap[data-section="section-primary-footer-builder"]{display:grid;}}.footer-widget-area[data-section="sidebar-widgets-footer-widget-1"] .footer-widget-area-inner{text-align:left;}@media (max-width:921px){.footer-widget-area[data-section="sidebar-widgets-footer-widget-1"] .footer-widget-area-inner{text-align:left;}}@media (max-width:544px){.footer-widget-area[data-section="sidebar-widgets-footer-widget-1"] .footer-widget-area-inner{text-align:center;}}.footer-widget-area[data-section="sidebar-widgets-footer-widget-1"] .footer-widget-area-inner{color:#434343;}.footer-widget-area[data-section="sidebar-widgets-footer-widget-1"] .footer-widget-area-inner a{color:#434343;}.footer-widget-area[data-section="sidebar-widgets-footer-widget-1"] .footer-widget-area-inner a:hover{color:#3197d6;}.footer-widget-area[data-section="sidebar-widgets-footer-widget-1"] .widget-title{color:#000000;}.footer-widget-area[data-section="sidebar-widgets-footer-widget-1"]{display:block;}@media (max-width:921px){.ast-header-break-point .footer-widget-area[data-section="sidebar-widgets-footer-widget-1"]{display:block;}}@media (max-width:544px){.ast-header-break-point .footer-widget-area[data-section="sidebar-widgets-footer-widget-1"]{display:block;}}.footer-widget-area[data-section="sidebar-widgets-footer-widget-2"] .footer-widget-area-inner{color:#434343;}.footer-widget-area[data-section="sidebar-widgets-footer-widget-2"] .footer-widget-area-inner a{color:#434343;}.footer-widget-area[data-section="sidebar-widgets-footer-widget-2"] .footer-widget-area-inner a:hover{color:#3197d6;}.footer-widget-area[data-section="sidebar-widgets-footer-widget-2"] .widget-title{color:#000000;}.footer-widget-area[data-section="sidebar-widgets-footer-widget-2"]{display:block;}@media (max-width:921px){.ast-header-break-point .footer-widget-area[data-section="sidebar-widgets-footer-widget-2"]{display:block;}}@media (max-width:544px){.ast-header-break-point .footer-widget-area[data-section="sidebar-widgets-footer-widget-2"]{display:block;}}.footer-widget-area[data-section="sidebar-widgets-footer-widget-3"] .footer-widget-area-inner{color:#434343;}.footer-widget-area[data-section="sidebar-widgets-footer-widget-3"] .footer-widget-area-inner a{color:#434343;}.footer-widget-area[data-section="sidebar-widgets-footer-widget-3"] .footer-widget-area-inner a:hover{color:#3197d6;}.footer-widget-area[data-section="sidebar-widgets-footer-widget-3"] .widget-title{color:#000000;}.footer-widget-area[data-section="sidebar-widgets-footer-widget-3"]{display:block;}@media (max-width:921px){.ast-header-break-point .footer-widget-area[data-section="sidebar-widgets-footer-widget-3"]{display:block;}}@media (max-width:544px){.ast-header-break-point .footer-widget-area[data-section="sidebar-widgets-footer-widget-3"]{display:block;}}.footer-widget-area[data-section="sidebar-widgets-footer-widget-4"] .footer-widget-area-inner{color:#434343;}.footer-widget-area[data-section="sidebar-widgets-footer-widget-4"] .footer-widget-area-inner a{color:#434343;}.footer-widget-area[data-section="sidebar-widgets-footer-widget-4"] .footer-widget-area-inner a:hover{color:#3197d6;}.footer-widget-area[data-section="sidebar-widgets-footer-widget-4"] .widget-title{color:#000000;}.footer-widget-area[data-section="sidebar-widgets-footer-widget-4"]{display:block;}@media (max-width:921px){.ast-header-break-point .footer-widget-area[data-section="sidebar-widgets-footer-widget-4"]{display:block;}}@media (max-width:544px){.ast-header-break-point .footer-widget-area[data-section="sidebar-widgets-footer-widget-4"]{display:block;}}.footer-widget-area[data-section="sidebar-widgets-footer-widget-2"] .footer-widget-area-inner{text-align:left;}@media (max-width:921px){.footer-widget-area[data-section="sidebar-widgets-footer-widget-2"] .footer-widget-area-inner{text-align:left;}}@media (max-width:544px){.footer-widget-area[data-section="sidebar-widgets-footer-widget-2"] .footer-widget-area-inner{text-align:center;}}.footer-widget-area[data-section="sidebar-widgets-footer-widget-1"] .footer-widget-area-inner{color:#434343;}.footer-widget-area[data-section="sidebar-widgets-footer-widget-1"] .footer-widget-area-inner a{color:#434343;}.footer-widget-area[data-section="sidebar-widgets-footer-widget-1"] .footer-widget-area-inner a:hover{color:#3197d6;}.footer-widget-area[data-section="sidebar-widgets-footer-widget-1"] .widget-title{color:#000000;}.footer-widget-area[data-section="sidebar-widgets-footer-widget-1"]{display:block;}@media (max-width:921px){.ast-header-break-point .footer-widget-area[data-section="sidebar-widgets-footer-widget-1"]{display:block;}}@media (max-width:544px){.ast-header-break-point .footer-widget-area[data-section="sidebar-widgets-footer-widget-1"]{display:block;}}.footer-widget-area[data-section="sidebar-widgets-footer-widget-2"] .footer-widget-area-inner{color:#434343;}.footer-widget-area[data-section="sidebar-widgets-footer-widget-2"] .footer-widget-area-inner a{color:#434343;}.footer-widget-area[data-section="sidebar-widgets-footer-widget-2"] .footer-widget-area-inner a:hover{color:#3197d6;}.footer-widget-area[data-section="sidebar-widgets-footer-widget-2"] .widget-title{color:#000000;}.footer-widget-area[data-section="sidebar-widgets-footer-widget-2"]{display:block;}@media (max-width:921px){.ast-header-break-point .footer-widget-area[data-section="sidebar-widgets-footer-widget-2"]{display:block;}}@media (max-width:544px){.ast-header-break-point .footer-widget-area[data-section="sidebar-widgets-footer-widget-2"]{display:block;}}.footer-widget-area[data-section="sidebar-widgets-footer-widget-3"] .footer-widget-area-inner{color:#434343;}.footer-widget-area[data-section="sidebar-widgets-footer-widget-3"] .footer-widget-area-inner a{color:#434343;}.footer-widget-area[data-section="sidebar-widgets-footer-widget-3"] .footer-widget-area-inner a:hover{color:#3197d6;}.footer-widget-area[data-section="sidebar-widgets-footer-widget-3"] .widget-title{color:#000000;}.footer-widget-area[data-section="sidebar-widgets-footer-widget-3"]{display:block;}@media (max-width:921px){.ast-header-break-point .footer-widget-area[data-section="sidebar-widgets-footer-widget-3"]{display:block;}}@media (max-width:544px){.ast-header-break-point .footer-widget-area[data-section="sidebar-widgets-footer-widget-3"]{display:block;}}.footer-widget-area[data-section="sidebar-widgets-footer-widget-4"] .footer-widget-area-inner{color:#434343;}.footer-widget-area[data-section="sidebar-widgets-footer-widget-4"] .footer-widget-area-inner a{color:#434343;}.footer-widget-area[data-section="sidebar-widgets-footer-widget-4"] .footer-widget-area-inner a:hover{color:#3197d6;}.footer-widget-area[data-section="sidebar-widgets-footer-widget-4"] .widget-title{color:#000000;}.footer-widget-area[data-section="sidebar-widgets-footer-widget-4"]{display:block;}@media (max-width:921px){.ast-header-break-point .footer-widget-area[data-section="sidebar-widgets-footer-widget-4"]{display:block;}}@media (max-width:544px){.ast-header-break-point .footer-widget-area[data-section="sidebar-widgets-footer-widget-4"]{display:block;}}.footer-widget-area[data-section="sidebar-widgets-footer-widget-3"] .footer-widget-area-inner{text-align:left;}@media (max-width:921px){.footer-widget-area[data-section="sidebar-widgets-footer-widget-3"] .footer-widget-area-inner{text-align:left;}}@media (max-width:544px){.footer-widget-area[data-section="sidebar-widgets-footer-widget-3"] .footer-widget-area-inner{text-align:center;}}.footer-widget-area[data-section="sidebar-widgets-footer-widget-1"] .footer-widget-area-inner{color:#434343;}.footer-widget-area[data-section="sidebar-widgets-footer-widget-1"] .footer-widget-area-inner a{color:#434343;}.footer-widget-area[data-section="sidebar-widgets-footer-widget-1"] .footer-widget-area-inner a:hover{color:#3197d6;}.footer-widget-area[data-section="sidebar-widgets-footer-widget-1"] .widget-title{color:#000000;}.footer-widget-area[data-section="sidebar-widgets-footer-widget-1"]{display:block;}@media (max-width:921px){.ast-header-break-point .footer-widget-area[data-section="sidebar-widgets-footer-widget-1"]{display:block;}}@media (max-width:544px){.ast-header-break-point .footer-widget-area[data-section="sidebar-widgets-footer-widget-1"]{display:block;}}.footer-widget-area[data-section="sidebar-widgets-footer-widget-2"] .footer-widget-area-inner{color:#434343;}.footer-widget-area[data-section="sidebar-widgets-footer-widget-2"] .footer-widget-area-inner a{color:#434343;}.footer-widget-area[data-section="sidebar-widgets-footer-widget-2"] .footer-widget-area-inner a:hover{color:#3197d6;}.footer-widget-area[data-section="sidebar-widgets-footer-widget-2"] .widget-title{color:#000000;}.footer-widget-area[data-section="sidebar-widgets-footer-widget-2"]{display:block;}@media (max-width:921px){.ast-header-break-point .footer-widget-area[data-section="sidebar-widgets-footer-widget-2"]{display:block;}}@media (max-width:544px){.ast-header-break-point .footer-widget-area[data-section="sidebar-widgets-footer-widget-2"]{display:block;}}.footer-widget-area[data-section="sidebar-widgets-footer-widget-3"] .footer-widget-area-inner{color:#434343;}.footer-widget-area[data-section="sidebar-widgets-footer-widget-3"] .footer-widget-area-inner a{color:#434343;}.footer-widget-area[data-section="sidebar-widgets-footer-widget-3"] .footer-widget-area-inner a:hover{color:#3197d6;}.footer-widget-area[data-section="sidebar-widgets-footer-widget-3"] .widget-title{color:#000000;}.footer-widget-area[data-section="sidebar-widgets-footer-widget-3"]{display:block;}@media (max-width:921px){.ast-header-break-point .footer-widget-area[data-section="sidebar-widgets-footer-widget-3"]{display:block;}}@media (max-width:544px){.ast-header-break-point .footer-widget-area[data-section="sidebar-widgets-footer-widget-3"]{display:block;}}.footer-widget-area[data-section="sidebar-widgets-footer-widget-4"] .footer-widget-area-inner{color:#434343;}.footer-widget-area[data-section="sidebar-widgets-footer-widget-4"] .footer-widget-area-inner a{color:#434343;}.footer-widget-area[data-section="sidebar-widgets-footer-widget-4"] .footer-widget-area-inner a:hover{color:#3197d6;}.footer-widget-area[data-section="sidebar-widgets-footer-widget-4"] .widget-title{color:#000000;}.footer-widget-area[data-section="sidebar-widgets-footer-widget-4"]{display:block;}@media (max-width:921px){.ast-header-break-point .footer-widget-area[data-section="sidebar-widgets-footer-widget-4"]{display:block;}}@media (max-width:544px){.ast-header-break-point .footer-widget-area[data-section="sidebar-widgets-footer-widget-4"]{display:block;}}.footer-widget-area[data-section="sidebar-widgets-footer-widget-4"] .footer-widget-area-inner{text-align:left;}@media (max-width:921px){.footer-widget-area[data-section="sidebar-widgets-footer-widget-4"] .footer-widget-area-inner{text-align:left;}}@media (max-width:544px){.footer-widget-area[data-section="sidebar-widgets-footer-widget-4"] .footer-widget-area-inner{text-align:center;}}.footer-widget-area[data-section="sidebar-widgets-footer-widget-1"] .footer-widget-area-inner{color:#434343;}.footer-widget-area[data-section="sidebar-widgets-footer-widget-1"] .footer-widget-area-inner a{color:#434343;}.footer-widget-area[data-section="sidebar-widgets-footer-widget-1"] .footer-widget-area-inner a:hover{color:#3197d6;}.footer-widget-area[data-section="sidebar-widgets-footer-widget-1"] .widget-title{color:#000000;}.footer-widget-area[data-section="sidebar-widgets-footer-widget-1"]{display:block;}@media (max-width:921px){.ast-header-break-point .footer-widget-area[data-section="sidebar-widgets-footer-widget-1"]{display:block;}}@media (max-width:544px){.ast-header-break-point .footer-widget-area[data-section="sidebar-widgets-footer-widget-1"]{display:block;}}.footer-widget-area[data-section="sidebar-widgets-footer-widget-2"] .footer-widget-area-inner{color:#434343;}.footer-widget-area[data-section="sidebar-widgets-footer-widget-2"] .footer-widget-area-inner a{color:#434343;}.footer-widget-area[data-section="sidebar-widgets-footer-widget-2"] .footer-widget-area-inner a:hover{color:#3197d6;}.footer-widget-area[data-section="sidebar-widgets-footer-widget-2"] .widget-title{color:#000000;}.footer-widget-area[data-section="sidebar-widgets-footer-widget-2"]{display:block;}@media (max-width:921px){.ast-header-break-point .footer-widget-area[data-section="sidebar-widgets-footer-widget-2"]{display:block;}}@media (max-width:544px){.ast-header-break-point .footer-widget-area[data-section="sidebar-widgets-footer-widget-2"]{display:block;}}.footer-widget-area[data-section="sidebar-widgets-footer-widget-3"] .footer-widget-area-inner{color:#434343;}.footer-widget-area[data-section="sidebar-widgets-footer-widget-3"] .footer-widget-area-inner a{color:#434343;}.footer-widget-area[data-section="sidebar-widgets-footer-widget-3"] .footer-widget-area-inner a:hover{color:#3197d6;}.footer-widget-area[data-section="sidebar-widgets-footer-widget-3"] .widget-title{color:#000000;}.footer-widget-area[data-section="sidebar-widgets-footer-widget-3"]{display:block;}@media (max-width:921px){.ast-header-break-point .footer-widget-area[data-section="sidebar-widgets-footer-widget-3"]{display:block;}}@media (max-width:544px){.ast-header-break-point .footer-widget-area[data-section="sidebar-widgets-footer-widget-3"]{display:block;}}.footer-widget-area[data-section="sidebar-widgets-footer-widget-4"] .footer-widget-area-inner{color:#434343;}.footer-widget-area[data-section="sidebar-widgets-footer-widget-4"] .footer-widget-area-inner a{color:#434343;}.footer-widget-area[data-section="sidebar-widgets-footer-widget-4"] .footer-widget-area-inner a:hover{color:#3197d6;}.footer-widget-area[data-section="sidebar-widgets-footer-widget-4"] .widget-title{color:#000000;}.footer-widget-area[data-section="sidebar-widgets-footer-widget-4"]{display:block;}@media (max-width:921px){.ast-header-break-point .footer-widget-area[data-section="sidebar-widgets-footer-widget-4"]{display:block;}}@media (max-width:544px){.ast-header-break-point .footer-widget-area[data-section="sidebar-widgets-footer-widget-4"]{display:block;}}.ast-header-break-point .main-header-bar{border-bottom-width:1px;}@media (min-width:922px){.main-header-bar{border-bottom-width:1px;}}.ast-flex{-webkit-align-content:center;-ms-flex-line-pack:center;align-content:center;-webkit-box-align:center;-webkit-align-items:center;-moz-box-align:center;-ms-flex-align:center;align-items:center;}.main-header-bar{padding:1em 0;}.ast-site-identity{padding:0;}.header-main-layout-1 .ast-flex.main-header-container, .header-main-layout-3 .ast-flex.main-header-container{-webkit-align-content:center;-ms-flex-line-pack:center;align-content:center;-webkit-box-align:center;-webkit-align-items:center;-moz-box-align:center;-ms-flex-align:center;align-items:center;}.header-main-layout-1 .ast-flex.main-header-container, .header-main-layout-3 .ast-flex.main-header-container{-webkit-align-content:center;-ms-flex-line-pack:center;align-content:center;-webkit-box-align:center;-webkit-align-items:center;-moz-box-align:center;-ms-flex-align:center;align-items:center;}.main-header-menu .sub-menu .menu-item.menu-item-has-children &gt; .menu-link:after{position:absolute;right:1em;top:50%;transform:translate(0,-50%) rotate(270deg);}.ast-header-break-point .main-header-bar .main-header-bar-navigation .page_item_has_children &gt; .ast-menu-toggle::before, .ast-header-break-point .main-header-bar .main-header-bar-navigation .menu-item-has-children &gt; .ast-menu-toggle::before, .ast-mobile-popup-drawer .main-header-bar-navigation .menu-item-has-children&gt;.ast-menu-toggle::before, .ast-header-break-point .ast-mobile-header-wrap .main-header-bar-navigation .menu-item-has-children &gt; .ast-menu-toggle::before{font-weight:bold;content:"\e900";font-family:Astra;text-decoration:inherit;display:inline-block;}.ast-header-break-point .main-navigation ul.sub-menu .menu-item .menu-link:before{content:"\e900";font-family:Astra;font-size:.65em;text-decoration:inherit;display:inline-block;transform:translate(0, -2px) rotateZ(270deg);margin-right:5px;}.widget_search .search-form:after{font-family:Astra;font-size:1.2em;font-weight:normal;content:"\e8b6";position:absolute;top:50%;right:15px;transform:translate(0, -50%);}.astra-search-icon::before{content:"\e8b6";font-family:Astra;font-style:normal;font-weight:normal;text-decoration:inherit;text-align:center;-webkit-font-smoothing:antialiased;-moz-osx-font-smoothing:grayscale;}.main-header-bar .main-header-bar-navigation .page_item_has_children &gt; a:after, .main-header-bar .main-header-bar-navigation .menu-item-has-children &gt; a:after, .site-header-focus-item .main-header-bar-navigation .menu-item-has-children &gt; .menu-link:after{content:"\e900";display:inline-block;font-family:Astra;font-size:.6rem;font-weight:bold;text-rendering:auto;-webkit-font-smoothing:antialiased;-moz-osx-font-smoothing:grayscale;margin-left:10px;line-height:normal;}.ast-mobile-popup-drawer .main-header-bar-navigation .ast-submenu-expanded&gt;.ast-menu-toggle::before{transform:rotateX(180deg);}.ast-header-break-point .main-header-bar-navigation .menu-item-has-children &gt; .menu-link:after{display:none;}.ast-separate-container .blog-layout-1, .ast-separate-container .blog-layout-2, .ast-separate-container .blog-layout-3{background-color:transparent;background-image:none;}.ast-separate-container .ast-article-post{background-color:#ffffff;;}.ast-separate-container .ast-article-single:not(.ast-related-post), .ast-separate-container .comments-area .comment-respond,.ast-separate-container .comments-area .ast-comment-list li, .ast-separate-container .ast-woocommerce-container, .ast-separate-container .error-404, .ast-separate-container .no-results, .single.ast-separate-container .ast-author-meta, .ast-separate-container .related-posts-title-wrapper, .ast-separate-container.ast-two-container #secondary .widget,.ast-separate-container .comments-count-wrapper, .ast-box-layout.ast-plain-container .site-content,.ast-padded-layout.ast-plain-container .site-content, .ast-separate-container .comments-area .comments-title{background-color:#ffffff;;}.ast-mobile-header-content &gt; *,.ast-desktop-header-content &gt; * {padding: 10px 0;height: auto;}.ast-mobile-header-content &gt; *:first-child,.ast-desktop-header-content &gt; *:first-child {padding-top: 10px;}.ast-mobile-header-content &gt; .ast-builder-menu,.ast-desktop-header-content &gt; .ast-builder-menu {padding-top: 0;}.ast-mobile-header-content &gt; *:last-child,.ast-desktop-header-content &gt; *:last-child {padding-bottom: 0;}.ast-mobile-header-content .ast-search-menu-icon.ast-inline-search label,.ast-desktop-header-content .ast-search-menu-icon.ast-inline-search label {width: 100%;}.ast-desktop-header-content .main-header-bar-navigation .ast-submenu-expanded &gt; .ast-menu-toggle::before {transform: rotateX(180deg);}#ast-desktop-header .ast-desktop-header-content,.ast-mobile-header-content .ast-search-icon,.ast-desktop-header-content .ast-search-icon,.ast-mobile-header-wrap .ast-mobile-header-content,.ast-main-header-nav-open.ast-popup-nav-open .ast-mobile-header-wrap .ast-mobile-header-content,.ast-main-header-nav-open.ast-popup-nav-open .ast-desktop-header-content {display: none;}.ast-main-header-nav-open.ast-header-break-point #ast-desktop-header .ast-desktop-header-content,.ast-main-header-nav-open.ast-header-break-point .ast-mobile-header-wrap .ast-mobile-header-content {display: block;}.ast-desktop .ast-desktop-header-content .astra-menu-animation-slide-up &gt; .menu-item &gt; .sub-menu,.ast-desktop .ast-desktop-header-content .astra-menu-animation-slide-up &gt; .menu-item .menu-item &gt; .sub-menu,.ast-desktop .ast-desktop-header-content .astra-menu-animation-slide-down &gt; .menu-item &gt; .sub-menu,.ast-desktop .ast-desktop-header-content .astra-menu-animation-slide-down &gt; .menu-item .menu-item &gt; .sub-menu,.ast-desktop .ast-desktop-header-content .astra-menu-animation-fade &gt; .menu-item &gt; .sub-menu,.ast-desktop .ast-desktop-header-content .astra-menu-animation-fade &gt; .menu-item .menu-item &gt; .sub-menu {opacity: 1;visibility: visible;}.ast-hfb-header.ast-default-menu-enable.ast-header-break-point .ast-mobile-header-wrap .ast-mobile-header-content .main-header-bar-navigation {width: unset;margin: unset;}.ast-mobile-header-content.content-align-flex-end .main-header-bar-navigation .menu-item-has-children &gt; .ast-menu-toggle,.ast-desktop-header-content.content-align-flex-end .main-header-bar-navigation .menu-item-has-children &gt; .ast-menu-toggle {left: calc( 20px - 0.907em);}.ast-mobile-header-content .ast-search-menu-icon,.ast-mobile-header-content .ast-search-menu-icon.slide-search,.ast-desktop-header-content .ast-search-menu-icon,.ast-desktop-header-content .ast-search-menu-icon.slide-search {width: 100%;position: relative;display: block;right: auto;transform: none;}.ast-mobile-header-content .ast-search-menu-icon.slide-search .search-form,.ast-mobile-header-content .ast-search-menu-icon .search-form,.ast-desktop-header-content .ast-search-menu-icon.slide-search .search-form,.ast-desktop-header-content .ast-search-menu-icon .search-form {right: 0;visibility: visible;opacity: 1;position: relative;top: auto;transform: none;padding: 0;display: block;overflow: hidden;}.ast-mobile-header-content .ast-search-menu-icon.ast-inline-search .search-field,.ast-mobile-header-content .ast-search-menu-icon .search-field,.ast-desktop-header-content .ast-search-menu-icon.ast-inline-search .search-field,.ast-desktop-header-content .ast-search-menu-icon .search-field {width: 100%;padding-right: 5.5em;}.ast-mobile-header-content .ast-search-menu-icon .search-submit,.ast-desktop-header-content .ast-search-menu-icon .search-submit {display: block;position: absolute;height: 100%;top: 0;right: 0;padding: 0 1em;border-radius: 0;}.ast-hfb-header.ast-default-menu-enable.ast-header-break-point .ast-mobile-header-wrap .ast-mobile-header-content .main-header-bar-navigation ul .sub-menu .menu-link {padding-left: 30px;}.ast-hfb-header.ast-default-menu-enable.ast-header-break-point .ast-mobile-header-wrap .ast-mobile-header-content .main-header-bar-navigation .sub-menu .menu-item .menu-item .menu-link {padding-left: 40px;}.ast-mobile-popup-drawer.active .ast-mobile-popup-inner{background-color:#ffffff;;}.ast-mobile-header-wrap .ast-mobile-header-content, .ast-desktop-header-content{background-color:#ffffff;;}.ast-mobile-popup-content &gt; *, .ast-mobile-header-content &gt; *, .ast-desktop-popup-content &gt; *, .ast-desktop-header-content &gt; *{padding-top:0;padding-bottom:0;}.content-align-flex-start .ast-builder-layout-element{justify-content:flex-start;}.content-align-flex-start .main-header-menu{text-align:left;}.ast-mobile-popup-drawer.active .menu-toggle-close{color:#3a3a3a;}.ast-mobile-header-wrap .ast-primary-header-bar,.ast-primary-header-bar .site-primary-header-wrap{min-height:70px;}.ast-desktop .ast-primary-header-bar .main-header-menu &gt; .menu-item{line-height:70px;}.ast-desktop .ast-primary-header-bar .ast-header-woo-cart,.ast-desktop .ast-primary-header-bar .ast-header-edd-cart{line-height:70px;}@media (max-width:921px){#masthead .ast-mobile-header-wrap .ast-primary-header-bar,#masthead .ast-mobile-header-wrap .ast-below-header-bar{padding-left:20px;padding-right:20px;}}.ast-header-break-point .ast-primary-header-bar{border-bottom-width:1px;border-bottom-style:solid;}@media (min-width:922px){.ast-primary-header-bar{border-bottom-width:1px;border-bottom-style:solid;}}.ast-primary-header-bar{background-color:#ffffff;;background-image:none;;}.ast-primary-header-bar{display:block;}@media (max-width:921px){.ast-header-break-point .ast-primary-header-bar{display:grid;}}@media (max-width:544px){.ast-header-break-point .ast-primary-header-bar{display:grid;}}[data-section="section-header-mobile-trigger"] .ast-button-wrap .ast-mobile-menu-trigger-minimal{color:#000000;border:none;background:transparent;}[data-section="section-header-mobile-trigger"] .ast-button-wrap .mobile-menu-toggle-icon .ast-mobile-svg{width:20px;height:20px;fill:#000000;}[data-section="section-header-mobile-trigger"] .ast-button-wrap .mobile-menu-wrap .mobile-menu{color:#000000;}
</style>
    <link id="astra-menu-animation-css" rel="stylesheet" href="https://askomdch.com/wp-content/themes/astra/assets/css/minified/menu-animation.min.css?ver=3.7.5" media="all"/>
    <link id="wp-block-library-css" rel="stylesheet" href="https://askomdch.com/wp-includes/css/dist/block-library/style.min.css?ver=5.8.1" media="all"/>
    <link id="wc-blocks-vendors-style-css" rel="stylesheet" href="https://askomdch.com/wp-content/plugins/woocommerce/packages/woocommerce-blocks/build/wc-blocks-vendors-style.css?ver=5.9.1" media="all"/>
    <link id="wc-blocks-style-css" rel="stylesheet" href="https://askomdch.com/wp-content/plugins/woocommerce/packages/woocommerce-blocks/build/wc-blocks-style.css?ver=5.9.1" media="all"/>
    <style id="global-styles-inline-css">
body{--wp--preset--color--black: #000000;--wp--preset--color--cyan-bluish-gray: #abb8c3;--wp--preset--color--white: #ffffff;--wp--preset--color--pale-pink: #f78da7;--wp--preset--color--vivid-red: #cf2e2e;--wp--preset--color--luminous-vivid-orange: #ff6900;--wp--preset--color--luminous-vivid-amber: #fcb900;--wp--preset--color--light-green-cyan: #7bdcb5;--wp--preset--color--vivid-green-cyan: #00d084;--wp--preset--color--pale-cyan-blue: #8ed1fc;--wp--preset--color--vivid-cyan-blue: #0693e3;--wp--preset--color--vivid-purple: #9b51e0;--wp--preset--color--ast-global-color-0: var(--ast-global-color-0);--wp--preset--color--ast-global-color-1: var(--ast-global-color-1);--wp--preset--color--ast-global-color-2: var(--ast-global-color-2);--wp--preset--color--ast-global-color-3: var(--ast-global-color-3);--wp--preset--color--ast-global-color-4: var(--ast-global-color-4);--wp--preset--color--ast-global-color-5: var(--ast-global-color-5);--wp--preset--color--ast-global-color-6: var(--ast-global-color-6);--wp--preset--color--ast-global-color-7: var(--ast-global-color-7);--wp--preset--color--ast-global-color-8: var(--ast-global-color-8);--wp--preset--gradient--vivid-cyan-blue-to-vivid-purple: linear-gradient(135deg,rgba(6,147,227,1) 0%,rgb(155,81,224) 100%);--wp--preset--gradient--light-green-cyan-to-vivid-green-cyan: linear-gradient(135deg,rgb(122,220,180) 0%,rgb(0,208,130) 100%);--wp--preset--gradient--luminous-vivid-amber-to-luminous-vivid-orange: linear-gradient(135deg,rgba(252,185,0,1) 0%,rgba(255,105,0,1) 100%);--wp--preset--gradient--luminous-vivid-orange-to-vivid-red: linear-gradient(135deg,rgba(255,105,0,1) 0%,rgb(207,46,46) 100%);--wp--preset--gradient--very-light-gray-to-cyan-bluish-gray: linear-gradient(135deg,rgb(238,238,238) 0%,rgb(169,184,195) 100%);--wp--preset--gradient--cool-to-warm-spectrum: linear-gradient(135deg,rgb(74,234,220) 0%,rgb(151,120,209) 20%,rgb(207,42,186) 40%,rgb(238,44,130) 60%,rgb(251,105,98) 80%,rgb(254,248,76) 100%);--wp--preset--gradient--blush-light-purple: linear-gradient(135deg,rgb(255,206,236) 0%,rgb(152,150,240) 100%);--wp--preset--gradient--blush-bordeaux: linear-gradient(135deg,rgb(254,205,165) 0%,rgb(254,45,45) 50%,rgb(107,0,62) 100%);--wp--preset--gradient--luminous-dusk: linear-gradient(135deg,rgb(255,203,112) 0%,rgb(199,81,192) 50%,rgb(65,88,208) 100%);--wp--preset--gradient--pale-ocean: linear-gradient(135deg,rgb(255,245,203) 0%,rgb(182,227,212) 50%,rgb(51,167,181) 100%);--wp--preset--gradient--electric-grass: linear-gradient(135deg,rgb(202,248,128) 0%,rgb(113,206,126) 100%);--wp--preset--gradient--midnight: linear-gradient(135deg,rgb(2,3,129) 0%,rgb(40,116,252) 100%);--wp--preset--font-size--small: 13px;--wp--preset--font-size--normal: 16px;--wp--preset--font-size--medium: 20px;--wp--preset--font-size--large: 36px;--wp--preset--font-size--huge: 42px;}.has-black-color{color: var(--wp--preset--color--black) !important;}.has-cyan-bluish-gray-color{color: var(--wp--preset--color--cyan-bluish-gray) !important;}.has-white-color{color: var(--wp--preset--color--white) !important;}.has-pale-pink-color{color: var(--wp--preset--color--pale-pink) !important;}.has-vivid-red-color{color: var(--wp--preset--color--vivid-red) !important;}.has-luminous-vivid-orange-color{color: var(--wp--preset--color--luminous-vivid-orange) !important;}.has-luminous-vivid-amber-color{color: var(--wp--preset--color--luminous-vivid-amber) !important;}.has-light-green-cyan-color{color: var(--wp--preset--color--light-green-cyan) !important;}.has-vivid-green-cyan-color{color: var(--wp--preset--color--vivid-green-cyan) !important;}.has-pale-cyan-blue-color{color: var(--wp--preset--color--pale-cyan-blue) !important;}.has-vivid-cyan-blue-color{color: var(--wp--preset--color--vivid-cyan-blue) !important;}.has-vivid-purple-color{color: var(--wp--preset--color--vivid-purple) !important;}.has-ast-global-color-0-color{color: var(--wp--preset--color--ast-global-color-0) !important;}.has-ast-global-color-1-color{color: var(--wp--preset--color--ast-global-color-1) !important;}.has-ast-global-color-2-color{color: var(--wp--preset--color--ast-global-color-2) !important;}.has-ast-global-color-3-color{color: var(--wp--preset--color--ast-global-color-3) !important;}.has-ast-global-color-4-color{color: var(--wp--preset--color--ast-global-color-4) !important;}.has-ast-global-color-5-color{color: var(--wp--preset--color--ast-global-color-5) !important;}.has-ast-global-color-6-color{color: var(--wp--preset--color--ast-global-color-6) !important;}.has-ast-global-color-7-color{color: var(--wp--preset--color--ast-global-color-7) !important;}.has-ast-global-color-8-color{color: var(--wp--preset--color--ast-global-color-8) !important;}.has-black-background-color{background-color: var(--wp--preset--color--black) !important;}.has-cyan-bluish-gray-background-color{background-color: var(--wp--preset--color--cyan-bluish-gray) !important;}.has-white-background-color{background-color: var(--wp--preset--color--white) !important;}.has-pale-pink-background-color{background-color: var(--wp--preset--color--pale-pink) !important;}.has-vivid-red-background-color{background-color: var(--wp--preset--color--vivid-red) !important;}.has-luminous-vivid-orange-background-color{background-color: var(--wp--preset--color--luminous-vivid-orange) !important;}.has-luminous-vivid-amber-background-color{background-color: var(--wp--preset--color--luminous-vivid-amber) !important;}.has-light-green-cyan-background-color{background-color: var(--wp--preset--color--light-green-cyan) !important;}.has-vivid-green-cyan-background-color{background-color: var(--wp--preset--color--vivid-green-cyan) !important;}.has-pale-cyan-blue-background-color{background-color: var(--wp--preset--color--pale-cyan-blue) !important;}.has-vivid-cyan-blue-background-color{background-color: var(--wp--preset--color--vivid-cyan-blue) !important;}.has-vivid-purple-background-color{background-color: var(--wp--preset--color--vivid-purple) !important;}.has-ast-global-color-0-background-color{background-color: var(--wp--preset--color--ast-global-color-0) !important;}.has-ast-global-color-1-background-color{background-color: var(--wp--preset--color--ast-global-color-1) !important;}.has-ast-global-color-2-background-color{background-color: var(--wp--preset--color--ast-global-color-2) !important;}.has-ast-global-color-3-background-color{background-color: var(--wp--preset--color--ast-global-color-3) !important;}.has-ast-global-color-4-background-color{background-color: var(--wp--preset--color--ast-global-color-4) !important;}.has-ast-global-color-5-background-color{background-color: var(--wp--preset--color--ast-global-color-5) !important;}.has-ast-global-color-6-background-color{background-color: var(--wp--preset--color--ast-global-color-6) !important;}.has-ast-global-color-7-background-color{background-color: var(--wp--preset--color--ast-global-color-7) !important;}.has-ast-global-color-8-background-color{background-color: var(--wp--preset--color--ast-global-color-8) !important;}.has-vivid-cyan-blue-to-vivid-purple-gradient-background{background: var(--wp--preset--gradient--vivid-cyan-blue-to-vivid-purple) !important;}.has-light-green-cyan-to-vivid-green-cyan-gradient-background{background: var(--wp--preset--gradient--light-green-cyan-to-vivid-green-cyan) !important;}.has-luminous-vivid-amber-to-luminous-vivid-orange-gradient-background{background: var(--wp--preset--gradient--luminous-vivid-amber-to-luminous-vivid-orange) !important;}.has-luminous-vivid-orange-to-vivid-red-gradient-background{background: var(--wp--preset--gradient--luminous-vivid-orange-to-vivid-red) !important;}.has-very-light-gray-to-cyan-bluish-gray-gradient-background{background: var(--wp--preset--gradient--very-light-gray-to-cyan-bluish-gray) !important;}.has-cool-to-warm-spectrum-gradient-background{background: var(--wp--preset--gradient--cool-to-warm-spectrum) !important;}.has-blush-light-purple-gradient-background{background: var(--wp--preset--gradient--blush-light-purple) !important;}.has-blush-bordeaux-gradient-background{background: var(--wp--preset--gradient--blush-bordeaux) !important;}.has-luminous-dusk-gradient-background{background: var(--wp--preset--gradient--luminous-dusk) !important;}.has-pale-ocean-gradient-background{background: var(--wp--preset--gradient--pale-ocean) !important;}.has-electric-grass-gradient-background{background: var(--wp--preset--gradient--electric-grass) !important;}.has-midnight-gradient-background{background: var(--wp--preset--gradient--midnight) !important;}.has-small-font-size{font-size: var(--wp--preset--font-size--small) !important;}.has-normal-font-size{font-size: var(--wp--preset--font-size--normal) !important;}.has-medium-font-size{font-size: var(--wp--preset--font-size--medium) !important;}.has-large-font-size{font-size: var(--wp--preset--font-size--large) !important;}.has-huge-font-size{font-size: var(--wp--preset--font-size--huge) !important;}
</style>
    <link id="woocommerce-layout-css" rel="stylesheet" href="https://askomdch.com/wp-content/themes/astra/assets/css/minified/compatibility/woocommerce/woocommerce-layout.min.css?ver=3.7.5" media="all"/>
    <link id="woocommerce-smallscreen-css" rel="stylesheet" href="https://askomdch.com/wp-content/themes/astra/assets/css/minified/compatibility/woocommerce/woocommerce-smallscreen.min.css?ver=3.7.5" media="only screen and (max-width: 921px)"/>
    <link id="woocommerce-general-css" rel="stylesheet" href="https://askomdch.com/wp-content/themes/astra/assets/css/minified/compatibility/woocommerce/woocommerce.min.css?ver=3.7.5" media="all"/>
    <style id="woocommerce-general-inline-css">
#customer_details h3:not(.elementor-widget-woocommerce-checkout-page h3){font-size:1.2rem;padding:20px 0 14px;margin:0 0 20px;border-bottom:1px solid #ebebeb;}form #order_review_heading:not(.elementor-widget-woocommerce-checkout-page #order_review_heading){border-width:2px 2px 0 2px;border-style:solid;font-size:1.2rem;margin:0;padding:1.5em 1.5em 1em;border-color:#ebebeb;}form #order_review:not(.elementor-widget-woocommerce-checkout-page #order_review){padding:0 2em;border-width:0 2px 2px;border-style:solid;border-color:#ebebeb;}ul#shipping_method li:not(.elementor-widget-woocommerce-cart #shipping_method li){margin:0;padding:0.25em 0 0.25em 22px;text-indent:-22px;list-style:none outside;}.woocommerce span.onsale, .wc-block-grid__product .wc-block-grid__product-onsale{background-color:#54595f;color:#ffffff;}.woocommerce a.button, .woocommerce button.button, .woocommerce .woocommerce-message a.button, .woocommerce #respond input#submit.alt, .woocommerce a.button.alt, .woocommerce button.button.alt, .woocommerce input.button.alt, .woocommerce input.button,.woocommerce input.button:disabled, .woocommerce input.button:disabled[disabled], .woocommerce input.button:disabled:hover, .woocommerce input.button:disabled[disabled]:hover, .woocommerce #respond input#submit, .woocommerce button.button.alt.disabled, .wc-block-grid__products .wc-block-grid__product .wp-block-button__link, .wc-block-grid__product-onsale{color:#ffffff;border-color:#3197d6;background-color:#3197d6;}.woocommerce a.button:hover, .woocommerce button.button:hover, .woocommerce .woocommerce-message a.button:hover,.woocommerce #respond input#submit:hover,.woocommerce #respond input#submit.alt:hover, .woocommerce a.button.alt:hover, .woocommerce button.button.alt:hover, .woocommerce input.button.alt:hover, .woocommerce input.button:hover, .woocommerce button.button.alt.disabled:hover, .wc-block-grid__products .wc-block-grid__product .wp-block-button__link:hover{color:#ffffff;border-color:#0084d6;background-color:#0084d6;}.woocommerce-message, .woocommerce-info{border-top-color:#4e4e4e;}.woocommerce-message::before,.woocommerce-info::before{color:#4e4e4e;}.woocommerce ul.products li.product .price, .woocommerce div.product p.price, .woocommerce div.product span.price, .widget_layered_nav_filters ul li.chosen a, .woocommerce-page ul.products li.product .ast-woo-product-category, .wc-layered-nav-rating a{color:#333333;}.woocommerce nav.woocommerce-pagination ul,.woocommerce nav.woocommerce-pagination ul li{border-color:#4e4e4e;}.woocommerce nav.woocommerce-pagination ul li a:focus, .woocommerce nav.woocommerce-pagination ul li a:hover, .woocommerce nav.woocommerce-pagination ul li span.current{background:#4e4e4e;color:#ffffff;}.woocommerce-MyAccount-navigation-link.is-active a{color:#0084d6;}.woocommerce .widget_price_filter .ui-slider .ui-slider-range, .woocommerce .widget_price_filter .ui-slider .ui-slider-handle{background-color:#4e4e4e;}.woocommerce a.button, .woocommerce button.button, .woocommerce .woocommerce-message a.button, .woocommerce #respond input#submit.alt, .woocommerce a.button.alt, .woocommerce button.button.alt, .woocommerce input.button.alt, .woocommerce input.button,.woocommerce-cart table.cart td.actions .button, .woocommerce form.checkout_coupon .button, .woocommerce #respond input#submit, .wc-block-grid__products .wc-block-grid__product .wp-block-button__link{border-radius:0;padding-top:17px;padding-right:30px;padding-bottom:17px;padding-left:30px;}.woocommerce .star-rating, .woocommerce .comment-form-rating .stars a, .woocommerce .star-rating::before{color:#4e4e4e;}.woocommerce div.product .woocommerce-tabs ul.tabs li.active:before{background:#4e4e4e;}.woocommerce a.remove:hover{color:#4e4e4e;border-color:#4e4e4e;background-color:#ffffff;}.woocommerce ul.product-categories &gt; li ul li:before{content:"\e900";padding:0 5px 0 5px;display:inline-block;font-family:Astra;transform:rotate(-90deg);font-size:0.7rem;}@media (min-width:545px) and (max-width:921px){.woocommerce.tablet-columns-6 ul.products li.product, .woocommerce-page.tablet-columns-6 ul.products li.product{width:calc(16.66% - 16.66px);}.woocommerce.tablet-columns-5 ul.products li.product, .woocommerce-page.tablet-columns-5 ul.products li.product{width:calc(20% - 16px);}.woocommerce.tablet-columns-4 ul.products li.product, .woocommerce-page.tablet-columns-4 ul.products li.product{width:calc(25% - 15px);}.woocommerce.tablet-columns-3 ul.products li.product, .woocommerce-page.tablet-columns-3 ul.products li.product{width:calc(33.33% - 14px);}.woocommerce.tablet-columns-2 ul.products li.product, .woocommerce-page.tablet-columns-2 ul.products li.product{width:calc(50% - 10px);}.woocommerce.tablet-columns-1 ul.products li.product, .woocommerce-page.tablet-columns-1 ul.products li.product{width:100%;}.woocommerce div.product .related.products ul.products li.product{width:calc(33.33% - 14px);}}@media (min-width:545px) and (max-width:921px){.woocommerce[class*="columns-"].columns-3 &gt; ul.products li.product, .woocommerce[class*="columns-"].columns-4 &gt; ul.products li.product, .woocommerce[class*="columns-"].columns-5 &gt; ul.products li.product, .woocommerce[class*="columns-"].columns-6 &gt; ul.products li.product{width:calc(33.33% - 14px);margin-right:20px;}.woocommerce[class*="columns-"].columns-3 &gt; ul.products li.product:nth-child(3n), .woocommerce[class*="columns-"].columns-4 &gt; ul.products li.product:nth-child(3n), .woocommerce[class*="columns-"].columns-5 &gt; ul.products li.product:nth-child(3n), .woocommerce[class*="columns-"].columns-6 &gt; ul.products li.product:nth-child(3n){margin-right:0;clear:right;}.woocommerce[class*="columns-"].columns-3 &gt; ul.products li.product:nth-child(3n+1), .woocommerce[class*="columns-"].columns-4 &gt; ul.products li.product:nth-child(3n+1), .woocommerce[class*="columns-"].columns-5 &gt; ul.products li.product:nth-child(3n+1), .woocommerce[class*="columns-"].columns-6 &gt; ul.products li.product:nth-child(3n+1){clear:left;}.woocommerce[class*="columns-"] ul.products li.product:nth-child(n), .woocommerce-page[class*="columns-"] ul.products li.product:nth-child(n){margin-right:20px;clear:none;}.woocommerce.tablet-columns-2 ul.products li.product:nth-child(2n), .woocommerce-page.tablet-columns-2 ul.products li.product:nth-child(2n), .woocommerce.tablet-columns-3 ul.products li.product:nth-child(3n), .woocommerce-page.tablet-columns-3 ul.products li.product:nth-child(3n), .woocommerce.tablet-columns-4 ul.products li.product:nth-child(4n), .woocommerce-page.tablet-columns-4 ul.products li.product:nth-child(4n), .woocommerce.tablet-columns-5 ul.products li.product:nth-child(5n), .woocommerce-page.tablet-columns-5 ul.products li.product:nth-child(5n), .woocommerce.tablet-columns-6 ul.products li.product:nth-child(6n), .woocommerce-page.tablet-columns-6 ul.products li.product:nth-child(6n){margin-right:0;clear:right;}.woocommerce.tablet-columns-2 ul.products li.product:nth-child(2n+1), .woocommerce-page.tablet-columns-2 ul.products li.product:nth-child(2n+1), .woocommerce.tablet-columns-3 ul.products li.product:nth-child(3n+1), .woocommerce-page.tablet-columns-3 ul.products li.product:nth-child(3n+1), .woocommerce.tablet-columns-4 ul.products li.product:nth-child(4n+1), .woocommerce-page.tablet-columns-4 ul.products li.product:nth-child(4n+1), .woocommerce.tablet-columns-5 ul.products li.product:nth-child(5n+1), .woocommerce-page.tablet-columns-5 ul.products li.product:nth-child(5n+1), .woocommerce.tablet-columns-6 ul.products li.product:nth-child(6n+1), .woocommerce-page.tablet-columns-6 ul.products li.product:nth-child(6n+1){clear:left;}.woocommerce div.product .related.products ul.products li.product:nth-child(3n), .woocommerce-page.tablet-columns-1 .site-main ul.products li.product{margin-right:0;clear:right;}.woocommerce div.product .related.products ul.products li.product:nth-child(3n+1){clear:left;}}@media (min-width:922px){.woocommerce #reviews #comments{width:55%;float:left;}.woocommerce #reviews #review_form_wrapper{width:45%;padding-left:2em;float:right;}.woocommerce form.checkout_coupon{width:50%;}}@media (max-width:921px){.ast-header-break-point.ast-woocommerce-cart-menu .header-main-layout-1.ast-mobile-header-stack.ast-no-menu-items .ast-site-header-cart, .ast-header-break-point.ast-woocommerce-cart-menu .header-main-layout-3.ast-mobile-header-stack.ast-no-menu-items .ast-site-header-cart{padding-right:0;padding-left:0;}.ast-header-break-point.ast-woocommerce-cart-menu .header-main-layout-1.ast-mobile-header-stack .main-header-bar{text-align:center;}.ast-header-break-point.ast-woocommerce-cart-menu .header-main-layout-1.ast-mobile-header-stack .ast-site-header-cart, .ast-header-break-point.ast-woocommerce-cart-menu .header-main-layout-1.ast-mobile-header-stack .ast-mobile-menu-buttons{display:inline-block;}.ast-header-break-point.ast-woocommerce-cart-menu .header-main-layout-2.ast-mobile-header-inline .site-branding{flex:auto;}.ast-header-break-point.ast-woocommerce-cart-menu .header-main-layout-3.ast-mobile-header-stack .site-branding{flex:0 0 100%;}.ast-header-break-point.ast-woocommerce-cart-menu .header-main-layout-3.ast-mobile-header-stack .main-header-container{display:flex;justify-content:center;}.woocommerce-cart .woocommerce-shipping-calculator .button{width:100%;}.woocommerce div.product div.images, .woocommerce div.product div.summary, .woocommerce #content div.product div.images, .woocommerce #content div.product div.summary, .woocommerce-page div.product div.images, .woocommerce-page div.product div.summary, .woocommerce-page #content div.product div.images, .woocommerce-page #content div.product div.summary{float:none;width:100%;}.woocommerce-cart table.cart td.actions .ast-return-to-shop{display:block;text-align:center;margin-top:1em;}}@media (max-width:544px){.ast-separate-container .ast-woocommerce-container{padding:.54em 1em 1.33333em;}.woocommerce-message, .woocommerce-error, .woocommerce-info{display:flex;flex-wrap:wrap;}.woocommerce-message a.button, .woocommerce-error a.button, .woocommerce-info a.button{order:1;margin-top:.5em;}.woocommerce .woocommerce-ordering, .woocommerce-page .woocommerce-ordering{float:none;margin-bottom:2em;width:100%;}.woocommerce ul.products a.button, .woocommerce-page ul.products a.button{padding:0.5em 0.75em;}.woocommerce table.cart td.actions .button, .woocommerce #content table.cart td.actions .button, .woocommerce-page table.cart td.actions .button, .woocommerce-page #content table.cart td.actions .button{padding-left:1em;padding-right:1em;}.woocommerce #content table.cart .button, .woocommerce-page #content table.cart .button{width:100%;}.woocommerce #content table.cart .product-thumbnail, .woocommerce-page #content table.cart .product-thumbnail{display:block;text-align:center !important;}.woocommerce #content table.cart .product-thumbnail::before, .woocommerce-page #content table.cart .product-thumbnail::before{display:none;}.woocommerce #content table.cart td.actions .coupon, .woocommerce-page #content table.cart td.actions .coupon{float:none;}.woocommerce #content table.cart td.actions .coupon .button, .woocommerce-page #content table.cart td.actions .coupon .button{flex:1;}.woocommerce #content div.product .woocommerce-tabs ul.tabs li a, .woocommerce-page #content div.product .woocommerce-tabs ul.tabs li a{display:block;}.woocommerce div.product .related.products ul.products li.product, .woocommerce.mobile-columns-2 ul.products li.product, .woocommerce-page.mobile-columns-2 ul.products li.product{width:calc(50% - 10px);}.woocommerce.mobile-columns-6 ul.products li.product, .woocommerce-page.mobile-columns-6 ul.products li.product{width:calc(16.66% - 16.66px);}.woocommerce.mobile-columns-5 ul.products li.product, .woocommerce-page.mobile-columns-5 ul.products li.product{width:calc(20% - 16px);}.woocommerce.mobile-columns-4 ul.products li.product, .woocommerce-page.mobile-columns-4 ul.products li.product{width:calc(25% - 15px);}.woocommerce.mobile-columns-3 ul.products li.product, .woocommerce-page.mobile-columns-3 ul.products li.product{width:calc(33.33% - 14px);}.woocommerce.mobile-columns-1 ul.products li.product, .woocommerce-page.mobile-columns-1 ul.products li.product{width:100%;}}@media (max-width:544px){.woocommerce ul.products a.button.loading::after, .woocommerce-page ul.products a.button.loading::after{display:inline-block;margin-left:5px;position:initial;}.woocommerce.mobile-columns-1 .site-main ul.products li.product:nth-child(n), .woocommerce-page.mobile-columns-1 .site-main ul.products li.product:nth-child(n){margin-right:0;}.woocommerce #content div.product .woocommerce-tabs ul.tabs li, .woocommerce-page #content div.product .woocommerce-tabs ul.tabs li{display:block;margin-right:0;}.woocommerce[class*="columns-"].columns-3 &gt; ul.products li.product, .woocommerce[class*="columns-"].columns-4 &gt; ul.products li.product, .woocommerce[class*="columns-"].columns-5 &gt; ul.products li.product, .woocommerce[class*="columns-"].columns-6 &gt; ul.products li.product{width:calc(50% - 10px);margin-right:20px;}.woocommerce[class*="columns-"] ul.products li.product:nth-child(n), .woocommerce-page[class*="columns-"] ul.products li.product:nth-child(n){margin-right:20px;clear:none;}.woocommerce-page[class*=columns-].columns-3&gt;ul.products li.product:nth-child(2n), .woocommerce-page[class*=columns-].columns-4&gt;ul.products li.product:nth-child(2n), .woocommerce-page[class*=columns-].columns-5&gt;ul.products li.product:nth-child(2n), .woocommerce-page[class*=columns-].columns-6&gt;ul.products li.product:nth-child(2n), .woocommerce[class*=columns-].columns-3&gt;ul.products li.product:nth-child(2n), .woocommerce[class*=columns-].columns-4&gt;ul.products li.product:nth-child(2n), .woocommerce[class*=columns-].columns-5&gt;ul.products li.product:nth-child(2n), .woocommerce[class*=columns-].columns-6&gt;ul.products li.product:nth-child(2n){margin-right:0;clear:right;}.woocommerce[class*="columns-"].columns-3 &gt; ul.products li.product:nth-child(2n+1), .woocommerce[class*="columns-"].columns-4 &gt; ul.products li.product:nth-child(2n+1), .woocommerce[class*="columns-"].columns-5 &gt; ul.products li.product:nth-child(2n+1), .woocommerce[class*="columns-"].columns-6 &gt; ul.products li.product:nth-child(2n+1){clear:left;}.woocommerce-page[class*=columns-] ul.products li.product:nth-child(n), .woocommerce[class*=columns-] ul.products li.product:nth-child(n){margin-right:20px;clear:none;}.woocommerce.mobile-columns-6 ul.products li.product:nth-child(6n), .woocommerce-page.mobile-columns-6 ul.products li.product:nth-child(6n), .woocommerce.mobile-columns-5 ul.products li.product:nth-child(5n), .woocommerce-page.mobile-columns-5 ul.products li.product:nth-child(5n), .woocommerce.mobile-columns-4 ul.products li.product:nth-child(4n), .woocommerce-page.mobile-columns-4 ul.products li.product:nth-child(4n), .woocommerce.mobile-columns-3 ul.products li.product:nth-child(3n), .woocommerce-page.mobile-columns-3 ul.products li.product:nth-child(3n), .woocommerce.mobile-columns-2 ul.products li.product:nth-child(2n), .woocommerce-page.mobile-columns-2 ul.products li.product:nth-child(2n), .woocommerce div.product .related.products ul.products li.product:nth-child(2n){margin-right:0;clear:right;}.woocommerce.mobile-columns-6 ul.products li.product:nth-child(6n+1), .woocommerce-page.mobile-columns-6 ul.products li.product:nth-child(6n+1), .woocommerce.mobile-columns-5 ul.products li.product:nth-child(5n+1), .woocommerce-page.mobile-columns-5 ul.products li.product:nth-child(5n+1), .woocommerce.mobile-columns-4 ul.products li.product:nth-child(4n+1), .woocommerce-page.mobile-columns-4 ul.products li.product:nth-child(4n+1), .woocommerce.mobile-columns-3 ul.products li.product:nth-child(3n+1), .woocommerce-page.mobile-columns-3 ul.products li.product:nth-child(3n+1), .woocommerce.mobile-columns-2 ul.products li.product:nth-child(2n+1), .woocommerce-page.mobile-columns-2 ul.products li.product:nth-child(2n+1), .woocommerce div.product .related.products ul.products li.product:nth-child(2n+1){clear:left;}}@media (min-width:922px){.ast-woo-shop-archive .site-content &gt; .ast-container{max-width:1240px;}}@media (min-width:922px){.woocommerce #content .ast-woocommerce-container div.product div.images, .woocommerce .ast-woocommerce-container div.product div.images, .woocommerce-page #content .ast-woocommerce-container div.product div.images, .woocommerce-page .ast-woocommerce-container div.product div.images{width:50%;}.woocommerce #content .ast-woocommerce-container div.product div.summary, .woocommerce .ast-woocommerce-container div.product div.summary, .woocommerce-page #content .ast-woocommerce-container div.product div.summary, .woocommerce-page .ast-woocommerce-container div.product div.summary{width:46%;}.woocommerce.woocommerce-checkout form #customer_details.col2-set .col-1, .woocommerce.woocommerce-checkout form #customer_details.col2-set .col-2, .woocommerce-page.woocommerce-checkout form #customer_details.col2-set .col-1, .woocommerce-page.woocommerce-checkout form #customer_details.col2-set .col-2{float:none;width:auto;}}.woocommerce a.button , .woocommerce button.button.alt ,.woocommerce-page table.cart td.actions .button, .woocommerce-page #content table.cart td.actions .button , .woocommerce a.button.alt ,.woocommerce .woocommerce-message a.button , .ast-site-header-cart .widget_shopping_cart .buttons .button.checkout, .woocommerce button.button.alt.disabled , .wc-block-grid__products .wc-block-grid__product .wp-block-button__link {border:solid;border-top-width:0;border-right-width:0;border-left-width:0;border-bottom-width:0;border-color:#3197d6;}.woocommerce a.button:hover , .woocommerce button.button.alt:hover , .woocommerce-page table.cart td.actions .button:hover, .woocommerce-page #content table.cart td.actions .button:hover, .woocommerce a.button.alt:hover ,.woocommerce .woocommerce-message a.button:hover , .ast-site-header-cart .widget_shopping_cart .buttons .button.checkout:hover , .woocommerce button.button.alt.disabled:hover , .wc-block-grid__products .wc-block-grid__product .wp-block-button__link:hover{border-color:#0084d6;}.widget_product_search button{flex:0 0 auto;padding:10px 20px;;}@media (min-width:922px){.woocommerce.woocommerce-checkout form #customer_details.col2-set, .woocommerce-page.woocommerce-checkout form #customer_details.col2-set{width:55%;float:left;margin-right:4.347826087%;}.woocommerce.woocommerce-checkout form #order_review, .woocommerce.woocommerce-checkout form #order_review_heading, .woocommerce-page.woocommerce-checkout form #order_review, .woocommerce-page.woocommerce-checkout form #order_review_heading{width:40%;float:right;margin-right:0;clear:right;}}
</style>
    <style id="woocommerce-inline-inline-css">
.woocommerce form .form-row .required { visibility: visible; }
</style>
    <script id="jquery-core-js" src="https://askomdch.com/wp-includes/js/jquery/jquery.min.js?ver=3.6.0"/>
    <script id="jquery-migrate-js" src="https://askomdch.com/wp-includes/js/jquery/jquery-migrate.min.js?ver=3.3.2"/>
    <link rel="canonical" href="https://askomdch.com/account/"/>
    <noscript>
      <style>.woocommerce-product-gallery{ opacity: 1 !important; }</style>
    </noscript>
    <style>.recentcomments a{display:inline !important;padding:0 !important;margin:0 !important;}</style>
  </head>
  <body class="page-template-default page page-id-1235 theme-astra woocommerce-account woocommerce-page woocommerce-no-js ast-single-post ast-mobile-inherit-site-logo ast-woocommerce-cart-menu ast-inherit-site-logo-transparent ast-theme-transparent-header ast-hfb-header ast-desktop ast-plain-container ast-no-sidebar astra-3.7.5" itemtype="https://schema.org/WebPage" itemscope="itemscope">
    <a shape="rect" class="skip-link screen-reader-text" href="#content" role="link" title="Skip to content">
Skip to content</a>
    <div class="hfeed site" id="page">
      <header class="site-header ast-primary-submenu-animation-slide-up header-main-layout-1 ast-primary-menu-enabled ast-builder-menu-toggle-icon ast-mobile-header-inline" id="masthead" itemtype="https://schema.org/WPHeader" itemscope="itemscope" itemid="#masthead">
        <div id="ast-desktop-header" data-toggle-type="dropdown">
          <div class="ast-main-header-wrap main-header-bar-wrap">
            <div class="ast-primary-header-bar ast-primary-header main-header-bar site-header-focus-item" data-section="section-primary-header-builder">
              <div class="site-primary-header-wrap ast-builder-grid-row-container site-header-focus-item ast-container" data-section="section-primary-header-builder">
                <div class="ast-builder-grid-row ast-builder-grid-row-has-sides ast-builder-grid-row-no-center">
                  <div class="site-header-primary-section-left site-header-section ast-flex site-header-section-left">
                    <div class="ast-builder-layout-element ast-flex site-header-focus-item" data-section="title_tagline">
                      <div class="site-branding ast-site-identity" itemtype="https://schema.org/Organization" itemscope="itemscope">
                        <div class="ast-site-title-wrap">
                          <span class="site-title" itemprop="name">
                            <a shape="rect" href="https://askomdch.com/" rel="home" itemprop="url">
AskOmDch
</a>
                          </span>
                        </div>
                      </div>
                    </div>
                  </div>
                  <div class="site-header-primary-section-right site-header-section ast-flex ast-grid-right-section">
                    <div class="ast-builder-menu-1 ast-builder-menu ast-flex ast-builder-menu-1-focus-item ast-builder-layout-element site-header-focus-item" data-section="section-hb-menu-1">
                      <div class="ast-main-header-bar-alignment">
                        <div class="main-header-bar-navigation">
                          <nav class="site-navigation ast-flex-grow-1 navigation-accessibility site-header-focus-item" id="primary-site-navigation" aria-label="Site Navigation" itemtype="https://schema.org/SiteNavigationElement" itemscope="itemscope">
                            <div class="main-navigation ast-inline-flex">
                              <ul class="main-header-menu ast-menu-shadow ast-nav-menu ast-flex submenu-with-border astra-menu-animation-slide-up stack-on-mobile" id="ast-hf-menu-1">
                                <li class="menu-item menu-item-type-post_type menu-item-object-page menu-item-home menu-item-1226" id="menu-item-1226">
                                  <a shape="rect" class="menu-link" href="https://askomdch.com/">Home</a>
                                </li>
                                <li class="menu-item menu-item-type-post_type menu-item-object-page menu-item-1227" id="menu-item-1227">
                                  <a shape="rect" class="menu-link" href="https://askomdch.com/store/">Store</a>
                                </li>
                                <li class="menu-item menu-item-type-taxonomy menu-item-object-product_cat menu-item-1228" id="menu-item-1228">
                                  <a shape="rect" class="menu-link" href="https://askomdch.com/product-category/men/">Men</a>
                                </li>
                                <li class="menu-item menu-item-type-taxonomy menu-item-object-product_cat menu-item-1229" id="menu-item-1229">
                                  <a shape="rect" class="menu-link" href="https://askomdch.com/product-category/women/">Women</a>
                                </li>
                                <li class="menu-item menu-item-type-taxonomy menu-item-object-product_cat menu-item-1230" id="menu-item-1230">
                                  <a shape="rect" class="menu-link" href="https://askomdch.com/product-category/accessories/">Accessories</a>
                                </li>
                                <li class="menu-item menu-item-type-post_type menu-item-object-page current-menu-item page_item page-item-1235 current_page_item menu-item-1237" id="menu-item-1237">
                                  <a shape="rect" class="menu-link" href="https://askomdch.com/account/" aria-current="page">Account</a>
                                </li>
                                <li class="menu-item menu-item-type-post_type menu-item-object-page menu-item-1232" id="menu-item-1232">
                                  <a shape="rect" class="menu-link" href="https://askomdch.com/about/">About</a>
                                </li>
                                <li class="menu-item menu-item-type-post_type menu-item-object-page menu-item-1233" id="menu-item-1233">
                                  <a shape="rect" class="menu-link" href="https://askomdch.com/contact-us/">Contact Us</a>
                                </li>
                              </ul>
                            </div>
                          </nav>
                        </div>
                      </div>
                    </div>
                    <div class="ast-builder-layout-element site-header-focus-item ast-header-woo-cart" data-section="section-header-woo-cart">
                      <div class="ast-site-header-cart ast-menu-cart-with-border ast-menu-cart-fill" id="ast-site-header-cart">
                        <div class="ast-site-header-cart-li">
                          <a shape="rect" class="cart-container" href="https://askomdch.com/cart/" title="View your shopping cart"/>
                          <div class="ast-cart-menu-wrap">
                            <span class="count">
0 </span>
                          </div>
                        </div>
                        <div class="ast-site-header-cart-data">
                          <div class="widget woocommerce widget_shopping_cart">
                            <div class="widget_shopping_cart_content"/>
                          </div>
                        </div>
                      </div>
                    </div>
                  </div>
                </div>
              </div>
            </div>
          </div>
          <div class="ast-desktop-header-content content-align-flex-start"/>
        </div>
        <div class="ast-mobile-header-wrap" id="ast-mobile-header" data-type="dropdown">
          <div class="ast-main-header-wrap main-header-bar-wrap">
            <div class="ast-primary-header-bar ast-primary-header main-header-bar site-primary-header-wrap site-header-focus-item ast-builder-grid-row-layout-default ast-builder-grid-row-tablet-layout-default ast-builder-grid-row-mobile-layout-default" data-section="section-primary-header-builder">
              <div class="ast-builder-grid-row ast-builder-grid-row-has-sides ast-builder-grid-row-no-center">
                <div class="site-header-primary-section-left site-header-section ast-flex site-header-section-left">
                  <div class="ast-builder-layout-element ast-flex site-header-focus-item" data-section="title_tagline">
                    <div class="site-branding ast-site-identity" itemtype="https://schema.org/Organization" itemscope="itemscope">
                      <div class="ast-site-title-wrap">
                        <span class="site-title" itemprop="name">
                          <a shape="rect" href="https://askomdch.com/" rel="home" itemprop="url">
AskOmDch
</a>
                        </span>
                      </div>
                    </div>
                  </div>
                </div>
                <div class="site-header-primary-section-right site-header-section ast-flex ast-grid-right-section">
                  <div class="ast-builder-layout-element site-header-focus-item ast-header-woo-cart" data-section="section-header-woo-cart">
                    <div class="ast-site-header-cart ast-menu-cart-with-border ast-menu-cart-fill" id="ast-site-header-cart">
                      <div class="ast-site-header-cart-li">
                        <a shape="rect" class="cart-container" href="https://askomdch.com/cart/" title="View your shopping cart"/>
                        <div class="ast-cart-menu-wrap">
                          <span class="count">
0 </span>
                        </div>
                      </div>
                      <div class="ast-site-header-cart-data">
                        <div class="widget woocommerce widget_shopping_cart">
                          <div class="widget_shopping_cart_content"/>
                        </div>
                      </div>
                    </div>
                  </div>
                  <div class="ast-builder-layout-element ast-flex site-header-focus-item" data-section="section-header-mobile-trigger">
                    <div class="ast-button-wrap">
                      <button type="button" class="menu-toggle main-header-menu-toggle ast-mobile-menu-trigger-minimal" aria-expanded="false">
                        <span class="screen-reader-text">Main Menu</span>
                        <span class="mobile-menu-toggle-icon">
                          <span class="ahfb-svg-iconset ast-inline-flex svg-baseline">
                            <svg class="ast-mobile-svg ast-menu2-svg" fill="currentColor" version="1.1" width="24" height="28" viewbox="0 0 24 28">
                              <path d="M24 21v2c0 0.547-0.453 1-1 1h-22c-0.547 0-1-0.453-1-1v-2c0-0.547 0.453-1 1-1h22c0.547 0 1 0.453 1 1zM24 13v2c0 0.547-0.453 1-1 1h-22c-0.547 0-1-0.453-1-1v-2c0-0.547 0.453-1 1-1h22c0.547 0 1 0.453 1 1zM24 5v2c0 0.547-0.453 1-1 1h-22c-0.547 0-1-0.453-1-1v-2c0-0.547 0.453-1 1-1h22c0.547 0 1 0.453 1 1z"/>
                            </svg>
                          </span>
                          <span class="ahfb-svg-iconset ast-inline-flex svg-baseline">
                            <svg class="ast-mobile-svg ast-close-svg" fill="currentColor" version="1.1" width="24" height="24" viewbox="0 0 24 24">
                              <path d="M5.293 6.707l5.293 5.293-5.293 5.293c-0.391 0.391-0.391 1.024 0 1.414s1.024 0.391 1.414 0l5.293-5.293 5.293 5.293c0.391 0.391 1.024 0.391 1.414 0s0.391-1.024 0-1.414l-5.293-5.293 5.293-5.293c0.391-0.391 0.391-1.024 0-1.414s-1.024-0.391-1.414 0l-5.293 5.293-5.293-5.293c-0.391-0.391-1.024-0.391-1.414 0s-0.391 1.024 0 1.414z"/>
                            </svg>
                          </span>
                        </span>
                      </button>
                    </div>
                  </div>
                </div>
              </div>
            </div>
          </div>
          <div class="ast-mobile-header-content content-align-flex-start">
            <div class="ast-builder-menu-1 ast-builder-menu ast-flex ast-builder-menu-1-focus-item ast-builder-layout-element site-header-focus-item" data-section="section-hb-menu-1">
              <div class="ast-main-header-bar-alignment">
                <div class="main-header-bar-navigation">
                  <nav class="site-navigation ast-flex-grow-1 navigation-accessibility site-header-focus-item" id="primary-site-navigation" aria-label="Site Navigation" itemtype="https://schema.org/SiteNavigationElement" itemscope="itemscope">
                    <div class="main-navigation ast-inline-flex">
                      <ul class="main-header-menu ast-menu-shadow ast-nav-menu ast-flex submenu-with-border astra-menu-animation-slide-up stack-on-mobile" id="ast-hf-menu-1">
                        <li class="menu-item menu-item-type-post_type menu-item-object-page menu-item-home menu-item-1226">
                          <a shape="rect" class="menu-link" href="https://askomdch.com/">Home</a>
                        </li>
                        <li class="menu-item menu-item-type-post_type menu-item-object-page menu-item-1227">
                          <a shape="rect" class="menu-link" href="https://askomdch.com/store/">Store</a>
                        </li>
                        <li class="menu-item menu-item-type-taxonomy menu-item-object-product_cat menu-item-1228">
                          <a shape="rect" class="menu-link" href="https://askomdch.com/product-category/men/">Men</a>
                        </li>
                        <li class="menu-item menu-item-type-taxonomy menu-item-object-product_cat menu-item-1229">
                          <a shape="rect" class="menu-link" href="https://askomdch.com/product-category/women/">Women</a>
                        </li>
                        <li class="menu-item menu-item-type-taxonomy menu-item-object-product_cat menu-item-1230">
                          <a shape="rect" class="menu-link" href="https://askomdch.com/product-category/accessories/">Accessories</a>
                        </li>
                        <li class="menu-item menu-item-type-post_type menu-item-object-page current-menu-item page_item page-item-1235 current_page_item menu-item-1237">
                          <a shape="rect" class="menu-link" href="https://askomdch.com/account/" aria-current="page">Account</a>
                        </li>
                        <li class="menu-item menu-item-type-post_type menu-item-object-page menu-item-1232">
                          <a shape="rect" class="menu-link" href="https://askomdch.com/about/">About</a>
                        </li>
                        <li class="menu-item menu-item-type-post_type menu-item-object-page menu-item-1233">
                          <a shape="rect" class="menu-link" href="https://askomdch.com/contact-us/">Contact Us</a>
                        </li>
                      </ul>
                    </div>
                  </nav>
                </div>
              </div>
            </div>
          </div>
        </div>
      </header>
      <div class="site-content" id="content">
        <div class="ast-container">
          <div class="content-area primary" id="primary">
            <main id="main" class="site-main">
              <article class="post-1235 page type-page status-publish ast-article-single" id="post-1235" itemtype="https://schema.org/CreativeWork" itemscope="itemscope">
                <header class="entry-header ast-header-without-markup"/>
                <div class="entry-content clear" itemprop="text">
                  <div class="wp-block-cover alignfull has-background-dim" style="background-color:#001d35;min-height:400px">
                    <div class="wp-block-cover__inner-container">
                      <h1 class="has-text-align-center">Account</h1>
                    </div>
                  </div>
                  <div class="wp-block-group alignfull">
                    <div class="wp-block-group__inner-container">
                      <div class="wp-block-columns">
                        <div class="wp-block-column" style="flex-basis:100%"/>
                      </div>
                      <div class="woocommerce">
                        <div class="woocommerce-notices-wrapper"/>
                        <div class="u-columns col2-set" id="customer_login">
                          <div class="u-column1 col-1">
                            <h2>Login</h2>
                            <form enctype="application/x-www-form-urlencoded" method="post" class="woocommerce-form woocommerce-form-login login">
                              <p class="woocommerce-form-row woocommerce-form-row--wide form-row form-row-wide">
                                <label for="username">
Username or email address                                   <span class="required">*</span>
                                </label>
                                <input type="text" class="woocommerce-Input woocommerce-Input--text input-text" id="username" name="username" autocomplete="username" value=""/>
                              </p>
                              <p class="woocommerce-form-row woocommerce-form-row--wide form-row form-row-wide">
                                <label for="password">
Password                                   <span class="required">*</span>
                                </label>
                                <input type="password" class="woocommerce-Input woocommerce-Input--text input-text" id="password" name="password" autocomplete="current-password"/>
                              </p>
                              <p class="form-row">
                                <label class="woocommerce-form__label woocommerce-form__label-for-checkbox woocommerce-form-login__rememberme">
                                  <input type="checkbox" class="woocommerce-form__input woocommerce-form__input-checkbox" id="rememberme" name="rememberme" value="forever"/>
                                  <span>Remember me</span>
                                </label>
                                <input type="hidden" id="woocommerce-login-nonce" name="woocommerce-login-nonce" value="679b5e9476"/>
                                <input type="hidden" name="_wp_http_referer" value="/account/"/>
                                <button type="submit" class="woocommerce-button button woocommerce-form-login__submit" name="login" value="Log in">Log in</button>
                              </p>
                              <p class="woocommerce-LostPassword lost_password">
                                <a shape="rect" href="https://askomdch.com/account/lost-password/">Lost your password?</a>
                              </p>
                            </form>
                          </div>
                          <div class="u-column2 col-2">
                            <h2>Register</h2>
                            <form enctype="application/x-www-form-urlencoded" method="post" class="woocommerce-form woocommerce-form-register register">
                              <p class="woocommerce-form-row woocommerce-form-row--wide form-row form-row-wide">
                                <label for="reg_username">
Username                                   <span class="required">*</span>
                                </label>
                                <input type="text" class="woocommerce-Input woocommerce-Input--text input-text" id="reg_username" name="username" autocomplete="username" value=""/>
                              </p>
                              <p class="woocommerce-form-row woocommerce-form-row--wide form-row form-row-wide">
                                <label for="reg_email">
Email address                                   <span class="required">*</span>
                                </label>
                                <input type="email" class="woocommerce-Input woocommerce-Input--text input-text" id="reg_email" name="email" autocomplete="email" value=""/>
                              </p>
                              <p class="woocommerce-form-row woocommerce-form-row--wide form-row form-row-wide">
                                <label for="reg_password">
Password                                   <span class="required">*</span>
                                </label>
                                <input type="password" class="woocommerce-Input woocommerce-Input--text input-text" id="reg_password" name="password" autocomplete="new-password"/>
                              </p>
                              <div class="woocommerce-privacy-policy-text">
                                <p>TEST MODE ENABLED. DO NOT ENTER YOUR PERSONAL DATA.</p>
                              </div>
                              <p class="woocommerce-form-row form-row">
                                <input type="hidden" id="woocommerce-register-nonce" name="woocommerce-register-nonce" value="cbc2b22125"/>
                                <input type="hidden" name="_wp_http_referer" value="/account/"/>
                                <button type="submit" class="woocommerce-Button woocommerce-button button woocommerce-form-register__submit" name="register" value="Register">Register</button>
                              </p>
                            </form>
                          </div>
                        </div>
                      </div>
                    </div>
                  </div>
                  <p/>
                </div>
              </article>
            </main>
          </div>
        </div>
      </div>
      <div class="astra-mobile-cart-overlay"/>
      <div class="astra-cart-drawer open-right" id="astra-mobile-cart-drawer">
        <div class="astra-cart-drawer-header">
          <button type="button" class="astra-cart-drawer-close">
            <span class="ahfb-svg-iconset ast-inline-flex svg-baseline">
              <svg class="ast-mobile-svg ast-close-svg" fill="currentColor" version="1.1" width="24" height="24" viewbox="0 0 24 24">
                <path d="M5.293 6.707l5.293 5.293-5.293 5.293c-0.391 0.391-0.391 1.024 0 1.414s1.024 0.391 1.414 0l5.293-5.293 5.293 5.293c0.391 0.391 1.024 0.391 1.414 0s0.391-1.024 0-1.414l-5.293-5.293 5.293-5.293c0.391-0.391 0.391-1.024 0-1.414s-1.024-0.391-1.414 0l-5.293 5.293-5.293-5.293c-0.391-0.391-1.024-0.391-1.414 0s-0.391 1.024 0 1.414z"/>
              </svg>
            </span>
          </button>
          <div class="astra-cart-drawer-title">
Shopping Cart </div>
        </div>
        <div class="astra-cart-drawer-content">
          <div class="widget woocommerce widget_shopping_cart">
            <div class="widget_shopping_cart_content"/>
          </div>
        </div>
      </div>
      <footer class="site-footer" id="colophon" itemtype="https://schema.org/WPFooter" itemscope="itemscope" itemid="#colophon">
        <div class="site-primary-footer-wrap ast-builder-grid-row-container site-footer-focus-item ast-builder-grid-row-4-equal ast-builder-grid-row-tablet-4-equal ast-builder-grid-row-mobile-full ast-footer-row-stack ast-footer-row-tablet-stack ast-footer-row-mobile-stack" data-section="section-primary-footer-builder">
          <div class="ast-builder-grid-row-container-inner">
            <div class="ast-builder-footer-grid-columns site-primary-footer-inner-wrap ast-builder-grid-row">
              <div class="site-footer-primary-section-1 site-footer-section site-footer-section-1">
                <aside class="footer-widget-area widget-area site-footer-focus-item" data-section="sidebar-widgets-footer-widget-1" aria-label="Footer Widget 1">
                  <div class="footer-widget-area-inner site-info-inner">
                    <section id="nav_menu-7" class="widget widget_nav_menu">
                      <h2 class="widget-title">Quick Links</h2>
                      <nav class="menu-quick-links-container" aria-label="Quick Links">
                        <ul class="menu" id="menu-quick-links">
                          <li class="menu-item menu-item-type-post_type menu-item-object-page menu-item-home menu-item-1254" id="menu-item-1254">
                            <a shape="rect" class="menu-link" href="https://askomdch.com/">Home</a>
                          </li>
                          <li class="menu-item menu-item-type-post_type menu-item-object-page menu-item-1255" id="menu-item-1255">
                            <a shape="rect" class="menu-link" href="https://askomdch.com/about/">About</a>
                          </li>
                          <li class="menu-item menu-item-type-post_type menu-item-object-page current-menu-item page_item page-item-1235 current_page_item menu-item-1256" id="menu-item-1256">
                            <a shape="rect" class="menu-link" href="https://askomdch.com/account/" aria-current="page">My Account</a>
                          </li>
                          <li class="menu-item menu-item-type-post_type menu-item-object-page menu-item-1257" id="menu-item-1257">
                            <a shape="rect" class="menu-link" href="https://askomdch.com/cart/">Cart</a>
                          </li>
                          <li class="menu-item menu-item-type-post_type menu-item-object-page menu-item-1258" id="menu-item-1258">
                            <a shape="rect" class="menu-link" href="https://askomdch.com/contact-us/">Contact Us</a>
                          </li>
                        </ul>
                      </nav>
                    </section>
                  </div>
                </aside>
              </div>
              <div class="site-footer-primary-section-2 site-footer-section site-footer-section-2">
                <aside class="footer-widget-area widget-area site-footer-focus-item" data-section="sidebar-widgets-footer-widget-2" aria-label="Footer Widget 2">
                  <div class="footer-widget-area-inner site-info-inner">
                    <section id="nav_menu-8" class="widget widget_nav_menu">
                      <h2 class="widget-title">For Her</h2>
                      <nav class="menu-for-her-container" aria-label="For Her">
                        <ul class="menu" id="menu-for-her">
                          <li class="menu-item menu-item-type-taxonomy menu-item-object-product_cat menu-item-1264" id="menu-item-1264">
                            <a shape="rect" class="menu-link" href="https://askomdch.com/product-category/women/">Women</a>
                          </li>
                          <li class="menu-item menu-item-type-taxonomy menu-item-object-product_cat menu-item-1266" id="menu-item-1266">
                            <a shape="rect" class="menu-link" href="https://askomdch.com/product-category/womens-jeans/">Women’s Jeans</a>
                          </li>
                          <li class="menu-item menu-item-type-taxonomy menu-item-object-product_cat menu-item-1265" id="menu-item-1265">
                            <a shape="rect" class="menu-link" href="https://askomdch.com/product-category/womens-shirts/">Women’s Shirts</a>
                          </li>
                          <li class="menu-item menu-item-type-taxonomy menu-item-object-product_cat menu-item-1267" id="menu-item-1267">
                            <a shape="rect" class="menu-link" href="https://askomdch.com/product-category/womens-shoes/">Women’s Shoes</a>
                          </li>
                          <li class="menu-item menu-item-type-taxonomy menu-item-object-product_cat menu-item-1268" id="menu-item-1268">
                            <a shape="rect" class="menu-link" href="https://askomdch.com/product-category/accessories/">Accessories</a>
                          </li>
                        </ul>
                      </nav>
                    </section>
                  </div>
                </aside>
              </div>
              <div class="site-footer-primary-section-3 site-footer-section site-footer-section-3">
                <aside class="footer-widget-area widget-area site-footer-focus-item" data-section="sidebar-widgets-footer-widget-3" aria-label="Footer Widget 3">
                  <div class="footer-widget-area-inner site-info-inner">
                    <section id="nav_menu-12" class="widget widget_nav_menu">
                      <h2 class="widget-title">For Him</h2>
                      <nav class="menu-for-him-container" aria-label="For Him">
                        <ul class="menu" id="menu-for-him">
                          <li class="menu-item menu-item-type-taxonomy menu-item-object-product_cat menu-item-1263" id="menu-item-1263">
                            <a shape="rect" class="menu-link" href="https://askomdch.com/product-category/men/">Men</a>
                          </li>
                          <li class="menu-item menu-item-type-taxonomy menu-item-object-product_cat menu-item-1259" id="menu-item-1259">
                            <a shape="rect" class="menu-link" href="https://askomdch.com/product-category/mens-jeans/">Men’s Jeans</a>
                          </li>
                          <li class="menu-item menu-item-type-taxonomy menu-item-object-product_cat menu-item-1260" id="menu-item-1260">
                            <a shape="rect" class="menu-link" href="https://askomdch.com/product-category/mens-shirts/">Men’s Shirts</a>
                          </li>
                          <li class="menu-item menu-item-type-taxonomy menu-item-object-product_cat menu-item-1261" id="menu-item-1261">
                            <a shape="rect" class="menu-link" href="https://askomdch.com/product-category/mens-shoes/">Men’s Shoes</a>
                          </li>
                          <li class="menu-item menu-item-type-taxonomy menu-item-object-product_cat menu-item-1262" id="menu-item-1262">
                            <a shape="rect" class="menu-link" href="https://askomdch.com/product-category/accessories/">Accessories</a>
                          </li>
                        </ul>
                      </nav>
                    </section>
                  </div>
                </aside>
              </div>
              <div class="site-footer-primary-section-4 site-footer-section site-footer-section-4">
                <aside class="footer-widget-area widget-area site-footer-focus-item" data-section="sidebar-widgets-footer-widget-4" aria-label="Footer Widget 4">
                  <div class="footer-widget-area-inner site-info-inner">
                    <section id="text-2" class="widget widget_text">
                      <h2 class="widget-title">AOD on Mobile</h2>
                      <div class="textwidget">
                        <p>
                          <a shape="rect" href="https://www.apple.com/in/app-store/" target="_blank" rel="noopener">
                            <img class="alignnone wp-image-1475 size-full" src="https://askomdch.com/wp-content/uploads/2021/06/image-60-compressed.jpg" alt="" width="300" height="90"/>
                          </a>
                          <a shape="rect" href="https://play.google.com/store" target="_blank" rel="noopener">
                            <img class="alignnone wp-image-1473 size-full" src="https://askomdch.com/wp-content/uploads/2021/06/image-41-compressed.jpg" alt="" width="300" height="90"/>
                          </a>
                        </p>
                      </div>
                    </section>
                  </div>
                </aside>
              </div>
            </div>
          </div>
        </div>
        <div class="site-below-footer-wrap ast-builder-grid-row-container site-footer-focus-item ast-builder-grid-row-2-equal ast-builder-grid-row-tablet-2-equal ast-builder-grid-row-mobile-full ast-footer-row-stack ast-footer-row-tablet-stack ast-footer-row-mobile-stack" data-section="section-below-footer-builder">
          <div class="ast-builder-grid-row-container-inner">
            <div class="ast-builder-footer-grid-columns site-below-footer-inner-wrap ast-builder-grid-row">
              <div class="site-footer-below-section-1 site-footer-section site-footer-section-1">
                <div class="ast-builder-layout-element ast-flex site-footer-focus-item ast-footer-copyright" data-section="section-footer-builder">
                  <div class="ast-footer-copyright">
                    <p>Copyright © 2022 AskOmDch</p>
                  </div>
                </div>
              </div>
              <div class="site-footer-below-section-2 site-footer-section site-footer-section-2">
                <div class="footer-widget-area widget-area site-footer-focus-item ast-footer-html-1" data-section="section-fb-html-1">
                  <div class="ast-header-html inner-link-style-">
                    <div class="ast-builder-html-element">
                      <p>Powered by AskOmDch</p>
                    </div>
                  </div>
                </div>
              </div>
            </div>
          </div>
        </div>
      </footer>
    </div>
    <script type="text/javascript">
		(function () {
			var c = document.body.className;
			c = c.replace(/woocommerce-no-js/, 'woocommerce-js');
			document.body.className = c;
		})();
	</script>
    <script id="astra-theme-js-js-extra">
var astra = {"break_point":"921","isRtl":""};
</script>
    <script id="astra-theme-js-js" src="https://askomdch.com/wp-content/themes/astra/assets/js/minified/frontend.min.js?ver=3.7.5"/>
    <script id="astra-mobile-cart-js" src="https://askomdch.com/wp-content/themes/astra/assets/js/minified/mobile-cart.min.js?ver=3.7.5"/>
    <script id="js-cookie-js" src="https://askomdch.com/wp-content/plugins/woocommerce/assets/js/js-cookie/js.cookie.min.js?ver=2.1.4-wc.5.8.0"/>
    <script id="wc-cart-fragments-js-extra">
var wc_cart_fragments_params = {"ajax_url":"\/wp-admin\/admin-ajax.php","wc_ajax_url":"\/?wc-ajax=%%endpoint%%","cart_hash_key":"wc_cart_hash_ce7302d8a5b087b54dd768c76987f650","fragment_name":"wc_fragments_ce7302d8a5b087b54dd768c76987f650","request_timeout":"5000"};
</script>
    <script id="wc-cart-fragments-js" src="https://askomdch.com/wp-content/plugins/woocommerce/assets/js/frontend/cart-fragments.min.js?ver=5.8.0"/>
    <script id="rocket-browser-checker-js-after">
"use strict";var _createClass=function(){function defineProperties(target,props){for(var i=0;i&lt;props.length;i++){var descriptor=props[i];descriptor.enumerable=descriptor.enumerable||!1,descriptor.configurable=!0,"value"in descriptor&amp;&amp;(descriptor.writable=!0),Object.defineProperty(target,descriptor.key,descriptor)}}return function(Constructor,protoProps,staticProps){return protoProps&amp;&amp;defineProperties(Constructor.prototype,protoProps),staticProps&amp;&amp;defineProperties(Constructor,staticProps),Constructor}}();function _classCallCheck(instance,Constructor){if(!(instance instanceof Constructor))throw new TypeError("Cannot call a class as a function")}var RocketBrowserCompatibilityChecker=function(){function RocketBrowserCompatibilityChecker(options){_classCallCheck(this,RocketBrowserCompatibilityChecker),this.passiveSupported=!1,this._checkPassiveOption(this),this.options=!!this.passiveSupported&amp;&amp;options}return _createClass(RocketBrowserCompatibilityChecker,[{key:"_checkPassiveOption",value:function(self){try{var options={get passive(){return!(self.passiveSupported=!0)}};window.addEventListener("test",null,options),window.removeEventListener("test",null,options)}catch(err){self.passiveSupported=!1}}},{key:"initRequestIdleCallback",value:function(){!1 in window&amp;&amp;(window.requestIdleCallback=function(cb){var start=Date.now();return setTimeout(function(){cb({didTimeout:!1,timeRemaining:function(){return Math.max(0,50-(Date.now()-start))}})},1)}),!1 in window&amp;&amp;(window.cancelIdleCallback=function(id){return clearTimeout(id)})}},{key:"isDataSaverModeOn",value:function(){return"connection"in navigator&amp;&amp;!0===navigator.connection.saveData}},{key:"supportsLinkPrefetch",value:function(){var elem=document.createElement("link");return elem.relList&amp;&amp;elem.relList.supports&amp;&amp;elem.relList.supports("prefetch")&amp;&amp;window.IntersectionObserver&amp;&amp;"isIntersecting"in IntersectionObserverEntry.prototype}},{key:"isSlowConnection",value:function(){return"connection"in navigator&amp;&amp;"effectiveType"in navigator.connection&amp;&amp;("2g"===navigator.connection.effectiveType||"slow-2g"===navigator.connection.effectiveType)}}]),RocketBrowserCompatibilityChecker}();
</script>
    <script id="rocket-preload-links-js-extra">
var RocketPreloadLinksConfig = {"excludeUris":"\/(.+\/)?feed\/?.+\/?|\/(?:.+\/)?embed\/|\/checkout\/|\/cart\/|\/account\/|\/wc-api\/v(.*)|\/(index\\.php\/)?wp\\-json(\/.*|$)|\/wp-admin\/|\/logout\/|\/wp-login.php","usesTrailingSlash":"1","imageExt":"jpg|jpeg|gif|png|tiff|bmp|webp|avif","fileExt":"jpg|jpeg|gif|png|tiff|bmp|webp|avif|php|pdf|html|htm","siteUrl":"https:\/\/askomdch.com","onHoverDelay":"100","rateThrottle":"3"};
</script>
    <script id="rocket-preload-links-js-after">
(function() {
"use strict";var r="function"==typeof Symbol&amp;&amp;"symbol"==typeof Symbol.iterator?function(e){return typeof e}:function(e){return e&amp;&amp;"function"==typeof Symbol&amp;&amp;e.constructor===Symbol&amp;&amp;e!==Symbol.prototype?"symbol":typeof e},e=function(){function i(e,t){for(var n=0;n&lt;t.length;n++){var i=t[n];i.enumerable=i.enumerable||!1,i.configurable=!0,"value"in i&amp;&amp;(i.writable=!0),Object.defineProperty(e,i.key,i)}}return function(e,t,n){return t&amp;&amp;i(e.prototype,t),n&amp;&amp;i(e,n),e}}();function i(e,t){if(!(e instanceof t))throw new TypeError("Cannot call a class as a function")}var t=function(){function n(e,t){i(this,n),this.browser=e,this.config=t,this.options=this.browser.options,this.prefetched=new Set,this.eventTime=null,this.threshold=1111,this.numOnHover=0}return e(n,[{key:"init",value:function(){!this.browser.supportsLinkPrefetch()||this.browser.isDataSaverModeOn()||this.browser.isSlowConnection()||(this.regex={excludeUris:RegExp(this.config.excludeUris,"i"),images:RegExp(".("+this.config.imageExt+")$","i"),fileExt:RegExp(".("+this.config.fileExt+")$","i")},this._initListeners(this))}},{key:"_initListeners",value:function(e){-1&lt;this.config.onHoverDelay&amp;&amp;document.addEventListener("mouseover",e.listener.bind(e),e.listenerOptions),document.addEventListener("mousedown",e.listener.bind(e),e.listenerOptions),document.addEventListener("touchstart",e.listener.bind(e),e.listenerOptions)}},{key:"listener",value:function(e){var t=e.target.closest("a"),n=this._prepareUrl(t);if(null!==n)switch(e.type){case"mousedown":case"touchstart":this._addPrefetchLink(n);break;case"mouseover":this._earlyPrefetch(t,n,"mouseout")}}},{key:"_earlyPrefetch",value:function(t,e,n){var i=this,r=setTimeout(function(){if(r=null,0===i.numOnHover)setTimeout(function(){return i.numOnHover=0},1e3);else if(i.numOnHover&gt;i.config.rateThrottle)return;i.numOnHover++,i._addPrefetchLink(e)},this.config.onHoverDelay);t.addEventListener(n,function e(){t.removeEventListener(n,e,{passive:!0}),null!==r&amp;&amp;(clearTimeout(r),r=null)},{passive:!0})}},{key:"_addPrefetchLink",value:function(i){return this.prefetched.add(i.href),new Promise(function(e,t){var n=document.createElement("link");n.rel="prefetch",n.href=i.href,n.onload=e,n.onerror=t,document.head.appendChild(n)}).catch(function(){})}},{key:"_prepareUrl",value:function(e){if(null===e||"object"!==(void 0===e?"undefined":r(e))||!1 in e||-1===["http:","https:"].indexOf(e.protocol))return null;var t=e.href.substring(0,this.config.siteUrl.length),n=this._getPathname(e.href,t),i={original:e.href,protocol:e.protocol,origin:t,pathname:n,href:t+n};return this._isLinkOk(i)?i:null}},{key:"_getPathname",value:function(e,t){var n=t?e.substring(this.config.siteUrl.length):e;return n.startsWith("/")||(n="/"+n),this._shouldAddTrailingSlash(n)?n+"/":n}},{key:"_shouldAddTrailingSlash",value:function(e){return this.config.usesTrailingSlash&amp;&amp;!e.endsWith("/")&amp;&amp;!this.regex.fileExt.test(e)}},{key:"_isLinkOk",value:function(e){return null!==e&amp;&amp;"object"===(void 0===e?"undefined":r(e))&amp;&amp;(!this.prefetched.has(e.href)&amp;&amp;e.origin===this.config.siteUrl&amp;&amp;-1===e.href.indexOf("?")&amp;&amp;-1===e.href.indexOf("#")&amp;&amp;!this.regex.excludeUris.test(e.href)&amp;&amp;!this.regex.images.test(e.href))}}],[{key:"run",value:function(){"undefined"!=typeof RocketPreloadLinksConfig&amp;&amp;new n(new RocketBrowserCompatibilityChecker({capture:!0,passive:!0}),RocketPreloadLinksConfig).init()}}]),n}();t.run();
}());
</script>
    <script>
			/(trident|msie)/i.test(navigator.userAgent)&amp;&amp;document.getElementById&amp;&amp;window.addEventListener&amp;&amp;window.addEventListener("hashchange",function(){var t,e=location.hash.substring(1);/^[A-z0-9_-]+$/.test(e)&amp;&amp;(t=document.getElementById(e))&amp;&amp;(/^(?:a|select|input|button|textarea)$/i.test(t.tagName)||(t.tabIndex=-1),t.focus())},!1);
			</script>
  </body>
</html>
<html lang="en-US">
  <head>
    <meta charset="UTF-8"/>
    <meta name="viewport" content="width=device-width, initial-scale=1"/>
    <link rel="profile" href="https://gmpg.org/xfn/11"/>
    <title>Account – AskOmDch</title>
    <meta name="robots" content="max-image-preview:large, noindex, follow"/>
    <link id="astra-theme-css-css" rel="stylesheet" href="https://askomdch.com/wp-content/themes/astra/assets/css/minified/frontend.min.css?ver=3.7.5" media="all"/>
    <style id="astra-theme-css-inline-css">
html{font-size:93.75%;}a,.page-title{color:#4e4e4e;}a:hover,a:focus{color:#0084d6;}body,button,input,select,textarea,.ast-button,.ast-custom-button{font-family:'Lato',sans-serif;font-weight:400;font-size:15px;font-size:1rem;}blockquote{color:#000000;}h1,.entry-content h1,.entry-content h1 a,h2,.entry-content h2,.entry-content h2 a,h3,.entry-content h3,.entry-content h3 a,h4,.entry-content h4,.entry-content h4 a,h5,.entry-content h5,.entry-content h5 a,h6,.entry-content h6,.entry-content h6 a,.site-title,.site-title a{font-family:'Lato',sans-serif;font-weight:700;}.site-title{font-size:35px;font-size:2.3333333333333rem;display:block;}header .custom-logo-link img{max-width:140px;}.astra-logo-svg{width:140px;}.ast-archive-description .ast-archive-title{font-size:40px;font-size:2.6666666666667rem;}.site-header .site-description{font-size:15px;font-size:1rem;display:none;}.entry-title{font-size:30px;font-size:2rem;}h1,.entry-content h1,.entry-content h1 a{font-size:58px;font-size:3.8666666666667rem;font-family:'Lato',sans-serif;}h2,.entry-content h2,.entry-content h2 a{font-size:42px;font-size:2.8rem;font-family:'Lato',sans-serif;}h3,.entry-content h3,.entry-content h3 a{font-size:30px;font-size:2rem;font-family:'Lato',sans-serif;}h4,.entry-content h4,.entry-content h4 a{font-size:20px;font-size:1.3333333333333rem;font-family:'Lato',sans-serif;}h5,.entry-content h5,.entry-content h5 a{font-size:18px;font-size:1.2rem;font-family:'Lato',sans-serif;}h6,.entry-content h6,.entry-content h6 a{font-size:15px;font-size:1rem;font-family:'Lato',sans-serif;}.ast-single-post .entry-title,.page-title{font-size:30px;font-size:2rem;}::selection{background-color:#54595f;color:#ffffff;}body,h1,.entry-title a,.entry-content h1,.entry-content h1 a,h2,.entry-content h2,.entry-content h2 a,h3,.entry-content h3,.entry-content h3 a,h4,.entry-content h4,.entry-content h4 a,h5,.entry-content h5,.entry-content h5 a,h6,.entry-content h6,.entry-content h6 a{color:#333333;}.tagcloud a:hover,.tagcloud a:focus,.tagcloud a.current-item{color:#ffffff;border-color:#4e4e4e;background-color:#4e4e4e;}input:focus,input[type="text"]:focus,input[type="email"]:focus,input[type="url"]:focus,input[type="password"]:focus,input[type="reset"]:focus,input[type="search"]:focus,textarea:focus{border-color:#4e4e4e;}input[type="radio"]:checked,input[type=reset],input[type="checkbox"]:checked,input[type="checkbox"]:hover:checked,input[type="checkbox"]:focus:checked,input[type=range]::-webkit-slider-thumb{border-color:#4e4e4e;background-color:#4e4e4e;box-shadow:none;}.site-footer a:hover + .post-count,.site-footer a:focus + .post-count{background:#4e4e4e;border-color:#4e4e4e;}.single .nav-links .nav-previous,.single .nav-links .nav-next{color:#4e4e4e;}.entry-meta,.entry-meta *{line-height:1.45;color:#4e4e4e;}.entry-meta a:hover,.entry-meta a:hover *,.entry-meta a:focus,.entry-meta a:focus *,.page-links &gt; .page-link,.page-links .page-link:hover,.post-navigation a:hover{color:#0084d6;}#cat option,.secondary .calendar_wrap thead a,.secondary .calendar_wrap thead a:visited{color:#4e4e4e;}.secondary .calendar_wrap #today,.ast-progress-val span{background:#4e4e4e;}.secondary a:hover + .post-count,.secondary a:focus + .post-count{background:#4e4e4e;border-color:#4e4e4e;}.calendar_wrap #today &gt; a{color:#ffffff;}.page-links .page-link,.single .post-navigation a{color:#4e4e4e;}.widget-title{font-size:21px;font-size:1.4rem;color:#333333;}@media (max-width:921px){#ast-desktop-header{display:none;}}@media (min-width:921px){#ast-mobile-header{display:none;}}.ast-site-header-cart .cart-container,.ast-edd-site-header-cart .ast-edd-cart-container {transition: all 0.2s linear;}.ast-site-header-cart .ast-woo-header-cart-info-wrap,.ast-edd-site-header-cart .ast-edd-header-cart-info-wrap {padding: 0 2px;font-weight: 600;line-height: 2.7;display: inline-block;}.ast-site-header-cart i.astra-icon {font-size: 20px;font-size: 1.3em;font-style: normal;font-weight: normal;position: relative;padding: 0 2px;}.ast-site-header-cart i.astra-icon.no-cart-total:after,.ast-header-break-point.ast-header-custom-item-outside .ast-edd-header-cart-info-wrap,.ast-header-break-point.ast-header-custom-item-outside .ast-woo-header-cart-info-wrap {display: none;}.ast-site-header-cart.ast-menu-cart-fill i.astra-icon,.ast-edd-site-header-cart.ast-edd-menu-cart-fill span.astra-icon {font-size: 1.1em;}.astra-cart-drawer {position: fixed;display: block;visibility: hidden;overflow: auto;-webkit-overflow-scrolling: touch;z-index: 9999;background-color: #fff;transition: all 0.5s ease;transform: translate3d(0,0,0);}.astra-cart-drawer.open-right {width: 80%;height: 100%;left: 100%;top: 0px;transform: translate3d(0%,0,0);}.astra-cart-drawer.active {transform: translate3d(-100%,0,0);visibility: visible;}.astra-cart-drawer .astra-cart-drawer-header {text-align: center;text-transform: uppercase;font-weight: 400;border-bottom: 1px solid #f0f0f0;padding: 0 0 0.675rem;}.astra-cart-drawer .astra-cart-drawer-close .ast-close-svg {width: 22px;height: 22px; }.astra-cart-drawer .astra-cart-drawer-title {padding-top: 5px;}.astra-cart-drawer .astra-cart-drawer-content .woocommerce-mini-cart {padding: 1em 1.5em;}.astra-cart-drawer .astra-cart-drawer-content .woocommerce-mini-cart a.remove {width: 20px;height: 20px;line-height: 16px;}.astra-cart-drawer .astra-cart-drawer-content .woocommerce-mini-cart__total {padding: 1em 1.5em;margin: 0;text-align: center;}.astra-cart-drawer .astra-cart-drawer-content .woocommerce-mini-cart__buttons {padding: 10px;text-align: center;} .astra-cart-drawer .astra-cart-drawer-content .woocommerce-mini-cart__buttons .button.checkout {margin-right: 0;}.astra-cart-drawer .astra-cart-drawer-content .edd-cart-item {padding: .5em 2.6em .5em 1.5em;}.astra-cart-drawer .astra-cart-drawer-content .edd-cart-item .edd-remove-from-cart::after {width: 20px;height: 20px;line-height: 16px;}.astra-cart-drawer .astra-cart-drawer-content .edd-cart-number-of-items {padding: 1em 1.5em 1em 1.5em;margin-bottom: 0;text-align: center;}.astra-cart-drawer .astra-cart-drawer-content .edd_total {padding: .5em 1.5em;margin: 0;text-align: center;}.astra-cart-drawer .astra-cart-drawer-content .cart_item.edd_checkout {padding: 1em 1.5em 0;text-align: center;margin-top: 0;}.astra-cart-drawer .woocommerce-mini-cart__empty-message,.astra-cart-drawer .cart_item.empty {text-align: center;margin-top: 10px;}body.admin-bar .astra-cart-drawer {padding-top: 32px;}body.admin-bar .astra-cart-drawer .astra-cart-drawer-close {top: 32px;}@media (max-width: 782px) {body.admin-bar .astra-cart-drawer {padding-top: 46px;}body.admin-bar .astra-cart-drawer .astra-cart-drawer-close {top: 46px;}}.ast-mobile-cart-active body.ast-hfb-header {overflow: hidden;}.ast-mobile-cart-active .astra-mobile-cart-overlay {opacity: 1;cursor: pointer;visibility: visible;z-index: 999;}@media (max-width: 545px) {.astra-cart-drawer.active {width: 100%;}}.ast-site-header-cart i.astra-icon:after {content: attr(data-cart-total);position: absolute;font-style: normal;top: -10px;right: -12px;font-weight: bold;box-shadow: 1px 1px 3px 0px rgba(0,0,0,0.3);font-size: 11px;padding-left: 0px;padding-right: 2px;line-height: 17px;letter-spacing: -.5px;height: 18px;min-width: 18px;border-radius: 99px;text-align: center;z-index: 3;}li.woocommerce-custom-menu-item .ast-site-header-cart i.astra-icon:after,li.edd-custom-menu-item .ast-edd-site-header-cart span.astra-icon:after {padding-left: 2px;}.astra-cart-drawer .astra-cart-drawer-close {position: absolute;top: 0;right: 0;margin: 0;padding: .6em 1em .4em;color: #ababab;background-color: transparent;}.astra-mobile-cart-overlay {background-color: rgba(0,0,0,0.4);position: fixed;top: 0;right: 0;bottom: 0;left: 0;visibility: hidden;opacity: 0;transition: opacity 0.2s ease-in-out;}.astra-cart-drawer .astra-cart-drawer-content .edd-cart-item .edd-remove-from-cart {right: 1.2em;}.ast-header-break-point.ast-woocommerce-cart-menu.ast-hfb-header .ast-cart-menu-wrap,.ast-header-break-point.ast-hfb-header .ast-cart-menu-wrap,.ast-header-break-point .ast-edd-site-header-cart-wrap .ast-edd-cart-menu-wrap {width: 2em;height: 2em;font-size: 1.4em;line-height: 2;vertical-align: middle;text-align: right;}.ast-site-header-cart.ast-menu-cart-outline .ast-cart-menu-wrap,.ast-site-header-cart.ast-menu-cart-fill .ast-cart-menu-wrap,.ast-edd-site-header-cart.ast-edd-menu-cart-outline .ast-edd-cart-menu-wrap,.ast-edd-site-header-cart.ast-edd-menu-cart-fill .ast-edd-cart-menu-wrap {line-height: 1.8;}.ast-site-header-cart .cart-container *,.ast-edd-site-header-cart .ast-edd-cart-container * {transition: all 0s linear;}.wp-block-buttons.aligncenter{justify-content:center;}@media (min-width:1200px){.wp-block-group .has-background{padding:20px;}}@media (min-width:1200px){.ast-no-sidebar.ast-separate-container .entry-content .wp-block-group.alignwide,.ast-no-sidebar.ast-separate-container .entry-content .wp-block-cover.alignwide{margin-left:-20px;margin-right:-20px;padding-left:20px;padding-right:20px;}.ast-no-sidebar.ast-separate-container .entry-content .wp-block-cover.alignfull,.ast-no-sidebar.ast-separate-container .entry-content .wp-block-group.alignfull{margin-left:-6.67em;margin-right:-6.67em;padding-left:6.67em;padding-right:6.67em;}}@media (min-width:1200px){.wp-block-cover-image.alignwide .wp-block-cover__inner-container,.wp-block-cover.alignwide .wp-block-cover__inner-container,.wp-block-cover-image.alignfull .wp-block-cover__inner-container,.wp-block-cover.alignfull .wp-block-cover__inner-container{width:100%;}}.ast-plain-container.ast-no-sidebar #primary{margin-top:0;margin-bottom:0;}@media (max-width:921px){.ast-theme-transparent-header #primary,.ast-theme-transparent-header #secondary{padding:0;}}.wp-block-columns{margin-bottom:unset;}.wp-block-image.size-full{margin:2rem 0;}.wp-block-separator.has-background{padding:0;}.wp-block-gallery{margin-bottom:1.6em;}.wp-block-group{padding-top:4em;padding-bottom:4em;}.wp-block-group__inner-container .wp-block-columns:last-child,.wp-block-group__inner-container :last-child,.wp-block-table table{margin-bottom:0;}.blocks-gallery-grid{width:100%;}.wp-block-navigation-link__content{padding:5px 0;}.wp-block-group .wp-block-group .has-text-align-center,.wp-block-group .wp-block-column .has-text-align-center{max-width:100%;}.has-text-align-center{margin:0 auto;}@media (min-width:1200px){.wp-block-cover__inner-container,.alignwide .wp-block-group__inner-container,.alignfull .wp-block-group__inner-container{max-width:1200px;margin:0 auto;}.wp-block-group.alignnone,.wp-block-group.aligncenter,.wp-block-group.alignleft,.wp-block-group.alignright,.wp-block-group.alignwide,.wp-block-columns.alignwide{margin:2rem 0 1rem 0;}}@media (max-width:1200px){.wp-block-group{padding:3em;}.wp-block-group .wp-block-group{padding:1.5em;}.wp-block-columns,.wp-block-column{margin:1rem 0;}}@media (min-width:921px){.wp-block-columns .wp-block-group{padding:2em;}}@media (max-width:544px){.wp-block-cover-image .wp-block-cover__inner-container,.wp-block-cover .wp-block-cover__inner-container{width:unset;}.wp-block-cover,.wp-block-cover-image{padding:2em 0;}.wp-block-group,.wp-block-cover{padding:2em;}.wp-block-media-text__media img,.wp-block-media-text__media video{width:unset;max-width:100%;}.wp-block-media-text.has-background .wp-block-media-text__content{padding:1em;}}@media (max-width:921px){.ast-plain-container.ast-no-sidebar #primary{padding:0;}}@media (min-width:544px){.entry-content .wp-block-media-text.has-media-on-the-right .wp-block-media-text__content{padding:0 8% 0 0;}.entry-content .wp-block-media-text .wp-block-media-text__content{padding:0 0 0 8%;}.ast-plain-container .site-content .entry-content .has-custom-content-position.is-position-bottom-left &gt; *,.ast-plain-container .site-content .entry-content .has-custom-content-position.is-position-bottom-right &gt; *,.ast-plain-container .site-content .entry-content .has-custom-content-position.is-position-top-left &gt; *,.ast-plain-container .site-content .entry-content .has-custom-content-position.is-position-top-right &gt; *,.ast-plain-container .site-content .entry-content .has-custom-content-position.is-position-center-right &gt; *,.ast-plain-container .site-content .entry-content .has-custom-content-position.is-position-center-left &gt; *{margin:0;}}@media (max-width:544px){.entry-content .wp-block-media-text .wp-block-media-text__content{padding:8% 0;}.wp-block-media-text .wp-block-media-text__media img{width:auto;max-width:100%;}}@media (max-width:921px){.ast-separate-container .ast-article-post,.ast-separate-container .ast-article-single{padding:1.5em 2.14em;}.ast-separate-container #primary,.ast-separate-container #secondary{padding:1.5em 0;}#primary,#secondary{padding:1.5em 0;margin:0;}.ast-left-sidebar #content &gt; .ast-container{display:flex;flex-direction:column-reverse;width:100%;}.ast-author-box img.avatar{margin:20px 0 0 0;}}@media (min-width:922px){.ast-separate-container.ast-right-sidebar #primary,.ast-separate-container.ast-left-sidebar #primary{border:0;}.search-no-results.ast-separate-container #primary{margin-bottom:4em;}}.elementor-button-wrapper .elementor-button{border-style:solid;text-decoration:none;border-top-width:0;border-right-width:0;border-left-width:0;border-bottom-width:0;}body .elementor-button.elementor-size-sm,body .elementor-button.elementor-size-xs,body .elementor-button.elementor-size-md,body .elementor-button.elementor-size-lg,body .elementor-button.elementor-size-xl,body .elementor-button{border-radius:0;padding-top:17px;padding-right:30px;padding-bottom:17px;padding-left:30px;}.elementor-button-wrapper .elementor-button{border-color:#3197d6;background-color:#3197d6;}.elementor-button-wrapper .elementor-button:hover,.elementor-button-wrapper .elementor-button:focus{color:#ffffff;background-color:#0084d6;border-color:#0084d6;}.wp-block-button .wp-block-button__link ,.elementor-button-wrapper .elementor-button,.elementor-button-wrapper .elementor-button:visited{color:#ffffff;}.elementor-button-wrapper .elementor-button{font-family:inherit;font-weight:inherit;line-height:1;text-transform:uppercase;letter-spacing:1px;}body .elementor-button.elementor-size-sm,body .elementor-button.elementor-size-xs,body .elementor-button.elementor-size-md,body .elementor-button.elementor-size-lg,body .elementor-button.elementor-size-xl,body .elementor-button{font-size:15px;font-size:1rem;}.wp-block-button .wp-block-button__link:hover,.wp-block-button .wp-block-button__link:focus{color:#ffffff;background-color:#0084d6;border-color:#0084d6;}.wp-block-button .wp-block-button__link{border-style:solid;border-top-width:0;border-right-width:0;border-left-width:0;border-bottom-width:0;border-color:#3197d6;background-color:#3197d6;color:#ffffff;font-family:inherit;font-weight:inherit;line-height:1;text-transform:uppercase;letter-spacing:1px;font-size:15px;font-size:1rem;border-radius:0;}.wp-block-buttons .wp-block-button .wp-block-button__link{padding-top:17px;padding-right:30px;padding-bottom:17px;padding-left:30px;}.menu-toggle,button,.ast-button,.ast-custom-button,.button,input#submit,input[type="button"],input[type="submit"],input[type="reset"]{border-style:solid;border-top-width:0;border-right-width:0;border-left-width:0;border-bottom-width:0;color:#ffffff;border-color:#3197d6;background-color:#3197d6;border-radius:0;padding-top:17px;padding-right:30px;padding-bottom:17px;padding-left:30px;font-family:inherit;font-weight:inherit;font-size:15px;font-size:1rem;line-height:1;text-transform:uppercase;letter-spacing:1px;}button:focus,.menu-toggle:hover,button:hover,.ast-button:hover,.ast-custom-button:hover .button:hover,.ast-custom-button:hover ,input[type=reset]:hover,input[type=reset]:focus,input#submit:hover,input#submit:focus,input[type="button"]:hover,input[type="button"]:focus,input[type="submit"]:hover,input[type="submit"]:focus{color:#ffffff;background-color:#0084d6;border-color:#0084d6;}@media (min-width:544px){.ast-container{max-width:100%;}}@media (max-width:544px){.ast-separate-container .ast-article-post,.ast-separate-container .ast-article-single,.ast-separate-container .comments-title,.ast-separate-container .ast-archive-description{padding:1.5em 1em;}.ast-separate-container #content .ast-container{padding-left:0.54em;padding-right:0.54em;}.ast-separate-container .ast-comment-list li.depth-1{padding:1.5em 1em;margin-bottom:1.5em;}.ast-separate-container .ast-comment-list .bypostauthor{padding:.5em;}.ast-search-menu-icon.ast-dropdown-active .search-field{width:170px;}}@media (max-width:921px){.ast-mobile-header-stack .main-header-bar .ast-search-menu-icon{display:inline-block;}.ast-header-break-point.ast-header-custom-item-outside .ast-mobile-header-stack .main-header-bar .ast-search-icon{margin:0;}.ast-comment-avatar-wrap img{max-width:2.5em;}.ast-separate-container .ast-comment-list li.depth-1{padding:1.5em 2.14em;}.ast-separate-container .comment-respond{padding:2em 2.14em;}.ast-comment-meta{padding:0 1.8888em 1.3333em;}}body,.ast-separate-container{background-color:#f9f9f9;;}.ast-no-sidebar.ast-separate-container .entry-content .alignfull {margin-left: -6.67em;margin-right: -6.67em;width: auto;}@media (max-width: 1200px) {.ast-no-sidebar.ast-separate-container .entry-content .alignfull {margin-left: -2.4em;margin-right: -2.4em;}}@media (max-width: 768px) {.ast-no-sidebar.ast-separate-container .entry-content .alignfull {margin-left: -2.14em;margin-right: -2.14em;}}@media (max-width: 544px) {.ast-no-sidebar.ast-separate-container .entry-content .alignfull {margin-left: -1em;margin-right: -1em;}}.ast-no-sidebar.ast-separate-container .entry-content .alignwide {margin-left: -20px;margin-right: -20px;}.ast-no-sidebar.ast-separate-container .entry-content .wp-block-column .alignfull,.ast-no-sidebar.ast-separate-container .entry-content .wp-block-column .alignwide {margin-left: auto;margin-right: auto;width: 100%;}@media (max-width:921px){.site-title{display:block;}.ast-archive-description .ast-archive-title{font-size:40px;}.site-header .site-description{display:none;}.entry-title{font-size:30px;}h1,.entry-content h1,.entry-content h1 a{font-size:30px;}h2,.entry-content h2,.entry-content h2 a{font-size:25px;}h3,.entry-content h3,.entry-content h3 a{font-size:20px;}.ast-single-post .entry-title,.page-title{font-size:30px;}.astra-logo-svg{width:120px;}header .custom-logo-link img,.ast-header-break-point .site-logo-img .custom-mobile-logo-link img{max-width:120px;}}@media (max-width:544px){.site-title{display:block;}.ast-archive-description .ast-archive-title{font-size:40px;}.site-header .site-description{display:none;}.entry-title{font-size:30px;}h1,.entry-content h1,.entry-content h1 a{font-size:30px;}h2,.entry-content h2,.entry-content h2 a{font-size:25px;}h3,.entry-content h3,.entry-content h3 a{font-size:20px;}.ast-single-post .entry-title,.page-title{font-size:30px;}header .custom-logo-link img,.ast-header-break-point .site-branding img,.ast-header-break-point .custom-logo-link img{max-width:120px;}.astra-logo-svg{width:120px;}.ast-header-break-point .site-logo-img .custom-mobile-logo-link img{max-width:120px;}}@media (max-width:921px){html{font-size:85.5%;}}@media (max-width:544px){html{font-size:85.5%;}}@media (min-width:922px){.ast-container{max-width:1240px;}}@font-face {font-family: "Astra";src: url(https://askomdch.com/wp-content/themes/astra/assets/fonts/astra.woff) format("woff"),url(https://askomdch.com/wp-content/themes/astra/assets/fonts/astra.ttf) format("truetype"),url(https://askomdch.com/wp-content/themes/astra/assets/fonts/astra.svg#astra) format("svg");font-weight: normal;font-style: normal;font-display: fallback;}@media (min-width:922px){.main-header-menu .sub-menu .menu-item.ast-left-align-sub-menu:hover &gt; .sub-menu,.main-header-menu .sub-menu .menu-item.ast-left-align-sub-menu.focus &gt; .sub-menu{margin-left:-2px;}}.ast-theme-transparent-header [data-section="section-header-mobile-trigger"] .ast-button-wrap .ast-mobile-menu-trigger-minimal{background:transparent;}.footer-widget-area[data-section^="section-fb-html-"] .ast-builder-html-element{text-align:center;}.astra-icon-down_arrow::after {content: "\e900";font-family: Astra;}.astra-icon-close::after {content: "\e5cd";font-family: Astra;}.astra-icon-drag_handle::after {content: "\e25d";font-family: Astra;}.astra-icon-format_align_justify::after {content: "\e235";font-family: Astra;}.astra-icon-menu::after {content: "\e5d2";font-family: Astra;}.astra-icon-reorder::after {content: "\e8fe";font-family: Astra;}.astra-icon-search::after {content: "\e8b6";font-family: Astra;}.astra-icon-zoom_in::after {content: "\e56b";font-family: Astra;}.astra-icon-check-circle::after {content: "\e901";font-family: Astra;}.astra-icon-shopping-cart::after {content: "\f07a";font-family: Astra;}.astra-icon-shopping-bag::after {content: "\f290";font-family: Astra;}.astra-icon-shopping-basket::after {content: "\f291";font-family: Astra;}.astra-icon-circle-o::after {content: "\e903";font-family: Astra;}.astra-icon-certificate::after {content: "\e902";font-family: Astra;}blockquote {padding: 1.2em;}.ast-header-break-point .ast-mobile-header-wrap .ast-above-header-wrap .main-header-bar-navigation .inline-on-mobile .menu-item .menu-link,.ast-header-break-point .ast-mobile-header-wrap .ast-main-header-wrap .main-header-bar-navigation .inline-on-mobile .menu-item .menu-link,.ast-header-break-point .ast-mobile-header-wrap .ast-below-header-wrap .main-header-bar-navigation .inline-on-mobile .menu-item .menu-link {border: none;}.ast-header-break-point .ast-mobile-header-wrap .ast-above-header-wrap .main-header-bar-navigation .inline-on-mobile .menu-item-has-children &gt; .ast-menu-toggle::before,.ast-header-break-point .ast-mobile-header-wrap .ast-main-header-wrap .main-header-bar-navigation .inline-on-mobile .menu-item-has-children &gt; .ast-menu-toggle::before,.ast-header-break-point .ast-mobile-header-wrap .ast-below-header-wrap .main-header-bar-navigation .inline-on-mobile .menu-item-has-children &gt; .ast-menu-toggle::before {font-size: .6rem;}.ast-header-break-point .ast-mobile-header-wrap .ast-flex.inline-on-mobile {flex-wrap: unset;}.ast-header-break-point .ast-mobile-header-wrap .ast-flex.inline-on-mobile .menu-item.ast-submenu-expanded &gt; .sub-menu .menu-link {padding: .1em 1em;}.ast-header-break-point .ast-mobile-header-wrap .ast-flex.inline-on-mobile .menu-item.ast-submenu-expanded &gt; .sub-menu &gt; .menu-item .ast-menu-toggle::before {transform: rotate(-90deg);}.ast-header-break-point .ast-mobile-header-wrap .ast-flex.inline-on-mobile .menu-item.ast-submenu-expanded &gt; .sub-menu &gt; .menu-item.ast-submenu-expanded .ast-menu-toggle::before {transform: rotate(-270deg);}.ast-header-break-point .ast-mobile-header-wrap .ast-flex.inline-on-mobile .menu-item &gt; .sub-menu &gt; .menu-item .menu-link:before {content: none;}.ast-header-break-point .ast-mobile-header-wrap .ast-flex.inline-on-mobile {flex-wrap: unset;}.ast-header-break-point .ast-mobile-header-wrap .ast-flex.inline-on-mobile .menu-item.ast-submenu-expanded &gt; .sub-menu .menu-link {padding: .1em 1em;}.ast-header-break-point .ast-mobile-header-wrap .ast-flex.inline-on-mobile .menu-item.ast-submenu-expanded &gt; .sub-menu &gt; .menu-item .ast-menu-toggle::before {transform: rotate(-90deg);}.ast-header-break-point .ast-mobile-header-wrap .ast-flex.inline-on-mobile .menu-item.ast-submenu-expanded &gt; .sub-menu &gt; .menu-item.ast-submenu-expanded .ast-menu-toggle::before {transform: rotate(-270deg);}.ast-header-break-point .ast-mobile-header-wrap .ast-flex.inline-on-mobile .menu-item &gt; .sub-menu &gt; .menu-item .menu-link:before {content: none;}.ast-header-break-point .inline-on-mobile .sub-menu {width: 150px;}.ast-header-break-point .ast-mobile-header-wrap .ast-flex.inline-on-mobile .menu-item.menu-item-has-children {margin-right: 10px;}.ast-header-break-point .ast-mobile-header-wrap .ast-flex.inline-on-mobile .menu-item.ast-submenu-expanded &gt; .sub-menu {display: block;position: absolute;right: auto;left: 0;}.ast-header-break-point .ast-mobile-header-wrap .ast-flex.inline-on-mobile .menu-item.ast-submenu-expanded &gt; .sub-menu .menu-item .ast-menu-toggle {padding: 0;right: 1em;}.ast-header-break-point .ast-mobile-header-wrap .ast-flex.inline-on-mobile .menu-item.ast-submenu-expanded &gt; .sub-menu &gt; .menu-item &gt; .sub-menu {left: 100%;right: auto;}.ast-header-break-point .ast-mobile-header-wrap .ast-flex.inline-on-mobile .ast-menu-toggle {right: -15px;}.ast-header-break-point .ast-mobile-header-wrap .ast-flex.inline-on-mobile .menu-item.menu-item-has-children {margin-right: 10px;}.ast-header-break-point .ast-mobile-header-wrap .ast-flex.inline-on-mobile .menu-item.ast-submenu-expanded &gt; .sub-menu {display: block;position: absolute;right: auto;left: 0;}.ast-header-break-point .ast-mobile-header-wrap .ast-flex.inline-on-mobile .menu-item.ast-submenu-expanded &gt; .sub-menu &gt; .menu-item &gt; .sub-menu {left: 100%;right: auto;}.ast-header-break-point .ast-mobile-header-wrap .ast-flex.inline-on-mobile .ast-menu-toggle {right: -15px;}:root .has-ast-global-color-0-color{color:var(--ast-global-color-0);}:root .has-ast-global-color-0-background-color{background-color:var(--ast-global-color-0);}:root .wp-block-button .has-ast-global-color-0-color{color:var(--ast-global-color-0);}:root .wp-block-button .has-ast-global-color-0-background-color{background-color:var(--ast-global-color-0);}:root .has-ast-global-color-1-color{color:var(--ast-global-color-1);}:root .has-ast-global-color-1-background-color{background-color:var(--ast-global-color-1);}:root .wp-block-button .has-ast-global-color-1-color{color:var(--ast-global-color-1);}:root .wp-block-button .has-ast-global-color-1-background-color{background-color:var(--ast-global-color-1);}:root .has-ast-global-color-2-color{color:var(--ast-global-color-2);}:root .has-ast-global-color-2-background-color{background-color:var(--ast-global-color-2);}:root .wp-block-button .has-ast-global-color-2-color{color:var(--ast-global-color-2);}:root .wp-block-button .has-ast-global-color-2-background-color{background-color:var(--ast-global-color-2);}:root .has-ast-global-color-3-color{color:var(--ast-global-color-3);}:root .has-ast-global-color-3-background-color{background-color:var(--ast-global-color-3);}:root .wp-block-button .has-ast-global-color-3-color{color:var(--ast-global-color-3);}:root .wp-block-button .has-ast-global-color-3-background-color{background-color:var(--ast-global-color-3);}:root .has-ast-global-color-4-color{color:var(--ast-global-color-4);}:root .has-ast-global-color-4-background-color{background-color:var(--ast-global-color-4);}:root .wp-block-button .has-ast-global-color-4-color{color:var(--ast-global-color-4);}:root .wp-block-button .has-ast-global-color-4-background-color{background-color:var(--ast-global-color-4);}:root .has-ast-global-color-5-color{color:var(--ast-global-color-5);}:root .has-ast-global-color-5-background-color{background-color:var(--ast-global-color-5);}:root .wp-block-button .has-ast-global-color-5-color{color:var(--ast-global-color-5);}:root .wp-block-button .has-ast-global-color-5-background-color{background-color:var(--ast-global-color-5);}:root .has-ast-global-color-6-color{color:var(--ast-global-color-6);}:root .has-ast-global-color-6-background-color{background-color:var(--ast-global-color-6);}:root .wp-block-button .has-ast-global-color-6-color{color:var(--ast-global-color-6);}:root .wp-block-button .has-ast-global-color-6-background-color{background-color:var(--ast-global-color-6);}:root .has-ast-global-color-7-color{color:var(--ast-global-color-7);}:root .has-ast-global-color-7-background-color{background-color:var(--ast-global-color-7);}:root .wp-block-button .has-ast-global-color-7-color{color:var(--ast-global-color-7);}:root .wp-block-button .has-ast-global-color-7-background-color{background-color:var(--ast-global-color-7);}:root .has-ast-global-color-8-color{color:var(--ast-global-color-8);}:root .has-ast-global-color-8-background-color{background-color:var(--ast-global-color-8);}:root .wp-block-button .has-ast-global-color-8-color{color:var(--ast-global-color-8);}:root .wp-block-button .has-ast-global-color-8-background-color{background-color:var(--ast-global-color-8);}:root{--ast-global-color-0:#0170B9;--ast-global-color-1:#3a3a3a;--ast-global-color-2:#3a3a3a;--ast-global-color-3:#4B4F58;--ast-global-color-4:#F5F5F5;--ast-global-color-5:#FFFFFF;--ast-global-color-6:#F2F5F7;--ast-global-color-7:#424242;--ast-global-color-8:#000000;}.ast-theme-transparent-header #masthead .site-logo-img .transparent-custom-logo .astra-logo-svg{width:140px;}.ast-theme-transparent-header #masthead .site-logo-img .transparent-custom-logo img{ max-width:140px;}@media (min-width:921px){.ast-theme-transparent-header #masthead{position:absolute;left:0;right:0;}.ast-theme-transparent-header .main-header-bar,.ast-theme-transparent-header.ast-header-break-point .main-header-bar{background:none;}body.elementor-editor-active.ast-theme-transparent-header #masthead,.fl-builder-edit .ast-theme-transparent-header #masthead,body.vc_editor.ast-theme-transparent-header #masthead,body.brz-ed.ast-theme-transparent-header #masthead{z-index:0;}.ast-header-break-point.ast-replace-site-logo-transparent.ast-theme-transparent-header .custom-mobile-logo-link{display:none;}.ast-header-break-point.ast-replace-site-logo-transparent.ast-theme-transparent-header .transparent-custom-logo{display:inline-block;}.ast-theme-transparent-header .ast-above-header,.ast-theme-transparent-header .ast-above-header.ast-above-header-bar{background-image:none;background-color:transparent;}.ast-theme-transparent-header .ast-below-header{background-image:none;background-color:transparent;}}@media (min-width:922px){.ast-theme-transparent-header .main-header-bar,.ast-theme-transparent-header.ast-header-break-point .main-header-bar-wrap .main-header-menu,.ast-theme-transparent-header.ast-header-break-point .main-header-bar-wrap .main-header-bar,.ast-theme-transparent-header.ast-header-break-point .ast-mobile-header-wrap .main-header-bar{background-color:rgba(0,0,0,0.07);}.ast-theme-transparent-header .main-header-bar .ast-search-menu-icon form{background-color:rgba(0,0,0,0.07);}.ast-theme-transparent-header .ast-above-header,.ast-theme-transparent-header .ast-above-header.ast-above-header-bar,.ast-theme-transparent-header .ast-below-header,.ast-header-break-point.ast-theme-transparent-header .ast-above-header,.ast-header-break-point.ast-theme-transparent-header .ast-below-header{background-color:rgba(0,0,0,0.07);}.ast-theme-transparent-header .site-title a,.ast-theme-transparent-header .site-title a:focus,.ast-theme-transparent-header .site-title a:hover,.ast-theme-transparent-header .site-title a:visited{color:#ffffff;}.ast-theme-transparent-header .site-header .site-description{color:#ffffff;}.ast-theme-transparent-header .ast-builder-menu .main-header-menu .menu-item .sub-menu .menu-item .menu-link,.ast-theme-transparent-header .ast-builder-menu .main-header-menu .menu-item .sub-menu .menu-item &gt; .ast-menu-toggle,.ast-theme-transparent-header .main-header-menu .menu-item .sub-menu .menu-link,.ast-header-break-point.ast-flyout-menu-enable.ast-header-break-point .main-header-bar-navigation .main-header-menu .menu-item .sub-menu .menu-link{color:#333333;}.ast-theme-transparent-header .ast-builder-menu .main-header-menu .menu-item .sub-menu .menu-link:hover,.ast-theme-transparent-header .ast-builder-menu .main-header-menu .menu-item .sub-menu .menu-item:hover &gt; .menu-link,.ast-theme-transparent-header .ast-builder-menu .main-header-menu .menu-item .sub-menu .menu-item.focus &gt; .menu-item,.ast-theme-transparent-header .ast-builder-menu .main-header-menu .menu-item .sub-menu .menu-item.current-menu-item &gt; .menu-link,.ast-theme-transparent-header .ast-builder-menu .main-header-menu .menu-item .sub-menu .menu-item.current-menu-item &gt; .ast-menu-toggle,.ast-theme-transparent-header .ast-builder-menu .main-header-menu .menu-item .sub-menu .menu-item:hover &gt; .ast-menu-toggle,.ast-theme-transparent-header .ast-builder-menu .main-header-menu .menu-item .sub-menu .menu-item.focus &gt; .ast-menu-toggle,.ast-theme-transparent-header .main-header-menu .menu-item .sub-menu .menu-item:hover &gt; .menu-link,.ast-header-break-point.ast-flyout-menu-enable.ast-header-break-point .main-header-bar-navigation .main-header-menu .menu-item .sub-menu .menu-link{color:#000000;}.ast-theme-transparent-header .ast-builder-menu .main-header-menu,.ast-theme-transparent-header .ast-builder-menu .main-header-menu .menu-link,.ast-theme-transparent-header [CLASS*="ast-builder-menu-"] .main-header-menu .menu-item &gt; .menu-link,.ast-theme-transparent-header .ast-masthead-custom-menu-items,.ast-theme-transparent-header .ast-masthead-custom-menu-items a,.ast-theme-transparent-header .ast-builder-menu .main-header-menu .menu-item &gt; .ast-menu-toggle,.ast-theme-transparent-header .ast-builder-menu .main-header-menu .menu-item &gt; .ast-menu-toggle,.ast-theme-transparent-header .ast-above-header-navigation a,.ast-header-break-point.ast-theme-transparent-header .ast-above-header-navigation a,.ast-header-break-point.ast-theme-transparent-header .ast-above-header-navigation &gt; ul.ast-above-header-menu &gt; .menu-item-has-children:not(.current-menu-item) &gt; .ast-menu-toggle,.ast-theme-transparent-header .ast-below-header-menu,.ast-theme-transparent-header .ast-below-header-menu a,.ast-header-break-point.ast-theme-transparent-header .ast-below-header-menu a,.ast-header-break-point.ast-theme-transparent-header .ast-below-header-menu,.ast-theme-transparent-header .main-header-menu .menu-link{color:#cecece;}.ast-theme-transparent-header .ast-builder-menu .main-header-menu .menu-item:hover &gt; .menu-link,.ast-theme-transparent-header .ast-builder-menu .main-header-menu .menu-item:hover &gt; .ast-menu-toggle,.ast-theme-transparent-header .ast-builder-menu .main-header-menu .ast-masthead-custom-menu-items a:hover,.ast-theme-transparent-header .ast-builder-menu .main-header-menu .focus &gt; .menu-link,.ast-theme-transparent-header .ast-builder-menu .main-header-menu .focus &gt; .ast-menu-toggle,.ast-theme-transparent-header .ast-builder-menu .main-header-menu .current-menu-item &gt; .menu-link,.ast-theme-transparent-header .ast-builder-menu .main-header-menu .current-menu-ancestor &gt; .menu-link,.ast-theme-transparent-header .ast-builder-menu .main-header-menu .current-menu-item &gt; .ast-menu-toggle,.ast-theme-transparent-header .ast-builder-menu .main-header-menu .current-menu-ancestor &gt; .ast-menu-toggle,.ast-theme-transparent-header [CLASS*="ast-builder-menu-"] .main-header-menu .current-menu-item &gt; .menu-link,.ast-theme-transparent-header [CLASS*="ast-builder-menu-"] .main-header-menu .current-menu-ancestor &gt; .menu-link,.ast-theme-transparent-header [CLASS*="ast-builder-menu-"] .main-header-menu .current-menu-item &gt; .ast-menu-toggle,.ast-theme-transparent-header [CLASS*="ast-builder-menu-"] .main-header-menu .current-menu-ancestor &gt; .ast-menu-toggle,.ast-theme-transparent-header .main-header-menu .menu-item:hover &gt; .menu-link,.ast-theme-transparent-header .main-header-menu .current-menu-item &gt; .menu-link,.ast-theme-transparent-header .main-header-menu .current-menu-ancestor &gt; .menu-link{color:#ffffff;}.ast-theme-transparent-header div.ast-masthead-custom-menu-items,.ast-theme-transparent-header div.ast-masthead-custom-menu-items .widget,.ast-theme-transparent-header div.ast-masthead-custom-menu-items .widget-title,.ast-theme-transparent-header .site-header-section [CLASS*="ast-header-html-"] .ast-builder-html-element{color:#000000;}.ast-theme-transparent-header div.ast-masthead-custom-menu-items a,.ast-theme-transparent-header div.ast-masthead-custom-menu-items .widget a,.ast-theme-transparent-header .site-header-section [CLASS*="ast-header-html-"] .ast-builder-html-element a{color:#cecece;}.ast-theme-transparent-header div.ast-masthead-custom-menu-items a:hover,.ast-theme-transparent-header div.ast-masthead-custom-menu-items .widget a:hover,.ast-theme-transparent-header .site-header-section [CLASS*="ast-header-html-"] .ast-builder-html-element a:hover{color:#ffffff;}}@media (max-width:921px){.transparent-custom-logo{display:none;}}@media (min-width:921px){.ast-transparent-mobile-logo{display:none;}}@media (max-width:921px){.ast-transparent-mobile-logo{display:block;}}@media (min-width:921px){.ast-theme-transparent-header #ast-desktop-header &gt; [CLASS*="-header-wrap"]:nth-last-child(2) &gt; [CLASS*="-header-bar"]{border-bottom-width:0;border-bottom-style:solid;border-bottom-color:rgba(0,0,0,0);}}.ast-breadcrumbs .trail-browse,.ast-breadcrumbs .trail-items,.ast-breadcrumbs .trail-items li{display:inline-block;margin:0;padding:0;border:none;background:inherit;text-indent:0;}.ast-breadcrumbs .trail-browse{font-size:inherit;font-style:inherit;font-weight:inherit;color:inherit;}.ast-breadcrumbs .trail-items{list-style:none;}.trail-items li::after{padding:0 0.3em;content:"\00bb";}.trail-items li:last-of-type::after{display:none;}h1,.entry-content h1,h2,.entry-content h2,h3,.entry-content h3,h4,.entry-content h4,h5,.entry-content h5,h6,.entry-content h6{color:var(--ast-global-color-2);}@media (max-width:921px){.ast-builder-grid-row-container.ast-builder-grid-row-tablet-3-firstrow .ast-builder-grid-row &gt; *:first-child,.ast-builder-grid-row-container.ast-builder-grid-row-tablet-3-lastrow .ast-builder-grid-row &gt; *:last-child{grid-column:1 / -1;}}@media (max-width:544px){.ast-builder-grid-row-container.ast-builder-grid-row-mobile-3-firstrow .ast-builder-grid-row &gt; *:first-child,.ast-builder-grid-row-container.ast-builder-grid-row-mobile-3-lastrow .ast-builder-grid-row &gt; *:last-child{grid-column:1 / -1;}}.ast-builder-layout-element[data-section="title_tagline"]{display:flex;}@media (max-width:921px){.ast-header-break-point .ast-builder-layout-element[data-section="title_tagline"]{display:flex;}}@media (max-width:544px){.ast-header-break-point .ast-builder-layout-element[data-section="title_tagline"]{display:flex;}}.ast-builder-menu-1{font-family:inherit;font-weight:normal;}.ast-builder-menu-1 .menu-item.current-menu-item &gt; .menu-link,.ast-builder-menu-1 .inline-on-mobile .menu-item.current-menu-item &gt; .ast-menu-toggle,.ast-builder-menu-1 .current-menu-ancestor &gt; .menu-link{color:#602bb7;}.ast-builder-menu-1 .menu-item.current-menu-item &gt; .ast-menu-toggle{color:#602bb7;}.ast-builder-menu-1 .sub-menu,.ast-builder-menu-1 .inline-on-mobile .sub-menu{border-top-width:1px;border-bottom-width:1px;border-right-width:1px;border-left-width:1px;border-color:#dddddd;border-style:solid;border-radius:0;}.ast-builder-menu-1 .main-header-menu &gt; .menu-item &gt; .sub-menu,.ast-builder-menu-1 .main-header-menu &gt; .menu-item &gt; .astra-full-megamenu-wrapper{margin-top:0;}.ast-desktop .ast-builder-menu-1 .main-header-menu &gt; .menu-item &gt; .sub-menu:before,.ast-desktop .ast-builder-menu-1 .main-header-menu &gt; .menu-item &gt; .astra-full-megamenu-wrapper:before{height:calc( 0px + 5px );}.ast-desktop .ast-builder-menu-1 .menu-item .sub-menu .menu-link{border-bottom-width:1px;border-color:#eaeaea;border-style:solid;}.ast-desktop .ast-builder-menu-1 .menu-item .sub-menu .menu-item:last-child .menu-link{border-bottom-width:0;}@media (max-width:921px){.ast-header-break-point .ast-builder-menu-1 .menu-item.menu-item-has-children &gt; .ast-menu-toggle{top:0;}.ast-builder-menu-1 .menu-item-has-children &gt; .menu-link:after{content:unset;}}@media (max-width:544px){.ast-header-break-point .ast-builder-menu-1 .menu-item.menu-item-has-children &gt; .ast-menu-toggle{top:0;}}.ast-builder-menu-1{display:flex;}@media (max-width:921px){.ast-header-break-point .ast-builder-menu-1{display:flex;}}@media (max-width:544px){.ast-header-break-point .ast-builder-menu-1{display:flex;}}.ast-site-header-cart .ast-cart-menu-wrap,.ast-site-header-cart .ast-addon-cart-wrap{color:#d2d2d2;}.ast-site-header-cart .ast-cart-menu-wrap .count,.ast-site-header-cart .ast-cart-menu-wrap .count:after,.ast-site-header-cart .ast-addon-cart-wrap .count,.ast-site-header-cart .ast-addon-cart-wrap .ast-icon-shopping-cart:after{color:#d2d2d2;border-color:#d2d2d2;}.ast-site-header-cart .ast-addon-cart-wrap .ast-icon-shopping-cart:after{color:#ffffff;background-color:#d2d2d2;}.ast-site-header-cart .ast-woo-header-cart-info-wrap{color:#d2d2d2;}.ast-site-header-cart .ast-addon-cart-wrap i.astra-icon:after{color:#ffffff;background-color:#d2d2d2;}.ast-theme-transparent-header .ast-site-header-cart .ast-cart-menu-wrap,.ast-theme-transparent-header .ast-site-header-cart .ast-addon-cart-wrap{color:#d2d2d2;}.ast-theme-transparent-header .ast-site-header-cart .ast-cart-menu-wrap .count,.ast-theme-transparent-header .ast-site-header-cart .ast-cart-menu-wrap .count:after,.ast-theme-transparent-header .ast-site-header-cart .ast-addon-cart-wrap .count,.ast-theme-transparent-header .ast-site-header-cart .ast-addon-cart-wrap .ast-icon-shopping-cart:after{color:#d2d2d2;border-color:#d2d2d2;}.ast-theme-transparent-header .ast-site-header-cart .ast-addon-cart-wrap .ast-icon-shopping-cart:after{color:#ffffff;background-color:#d2d2d2;}.ast-theme-transparent-header .ast-site-header-cart .ast-woo-header-cart-info-wrap{color:#d2d2d2;}.ast-theme-transparent-header .ast-site-header-cart .ast-addon-cart-wrap i.astra-icon:after{color:#ffffff;background-color:#d2d2d2;}#ast-site-header-cart .widget_shopping_cart .mini_cart_item{border-bottom-color:rgb(0,0,0);}@media (max-width:921px){#astra-mobile-cart-drawer .widget_shopping_cart .mini_cart_item{border-bottom-color:rgb(0,0,0);}}@media (max-width:544px){#astra-mobile-cart-drawer .widget_shopping_cart .mini_cart_item{border-bottom-color:rgb(0,0,0);}}.ast-site-header-cart .ast-cart-menu-wrap,.ast-site-header-cart .ast-addon-cart-wrap{color:#d2d2d2;}.ast-site-header-cart .ast-cart-menu-wrap:hover .count,.ast-site-header-cart .ast-addon-cart-wrap:hover .count{color:#000000;background-color:#d2d2d2;}.ast-menu-cart-outline .ast-cart-menu-wrap .count,.ast-menu-cart-outline .ast-addon-cart-wrap{color:#d2d2d2;}.ast-site-header-cart .ast-menu-cart-outline .ast-woo-header-cart-info-wrap{color:#d2d2d2;}.ast-menu-cart-fill .ast-cart-menu-wrap .count,.ast-menu-cart-fill .ast-cart-menu-wrap,.ast-menu-cart-fill .ast-addon-cart-wrap .ast-woo-header-cart-info-wrap,.ast-menu-cart-fill .ast-addon-cart-wrap{background-color:#d2d2d2;color:#000000;}.ast-theme-transparent-header .ast-site-header-cart .ast-cart-menu-wrap,.ast-theme-transparent-header .ast-site-header-cart .ast-addon-cart-wrap{color:#d2d2d2;}.ast-theme-transparent-header .ast-site-header-cart .ast-cart-menu-wrap:hover .count,.ast-theme-transparent-header .ast-site-header-cart .ast-addon-cart-wrap:hover .count{color:#000000;background-color:#d2d2d2;}.ast-theme-transparent-header .ast-menu-cart-outline .ast-cart-menu-wrap .count,.ast-theme-transparent-header .ast-menu-cart-outline .ast-addon-cart-wrap{color:#d2d2d2;}.ast-theme-transparent-header .ast-site-header-cart .ast-menu-cart-outline .ast-woo-header-cart-info-wrap{color:#d2d2d2;}.ast-theme-transparent-header .ast-menu-cart-fill .ast-cart-menu-wrap .count,.ast-theme-transparent-header .ast-menu-cart-fill .ast-cart-menu-wrap,.ast-theme-transparent-header .ast-menu-cart-fill .ast-addon-cart-wrap .ast-woo-header-cart-info-wrap,.ast-theme-transparent-header .ast-menu-cart-fill .ast-addon-cart-wrap{background-color:#d2d2d2;color:#000000;}.ast-site-header-cart.ast-menu-cart-outline .ast-cart-menu-wrap,.ast-site-header-cart.ast-menu-cart-fill .ast-cart-menu-wrap,.ast-site-header-cart.ast-menu-cart-outline .ast-cart-menu-wrap .count,.ast-site-header-cart.ast-menu-cart-fill .ast-cart-menu-wrap .count,.ast-site-header-cart.ast-menu-cart-outline .ast-addon-cart-wrap,.ast-site-header-cart.ast-menu-cart-fill .ast-addon-cart-wrap,.ast-site-header-cart.ast-menu-cart-outline .ast-woo-header-cart-info-wrap,.ast-site-header-cart.ast-menu-cart-fill .ast-woo-header-cart-info-wrap{border-radius:3px;}.ast-header-woo-cart{display:flex;}@media (max-width:921px){.ast-header-break-point .ast-header-woo-cart{display:flex;}}@media (max-width:544px){.ast-header-break-point .ast-header-woo-cart{display:none;}}.site-below-footer-wrap{padding-top:20px;padding-bottom:20px;}.site-below-footer-wrap[data-section="section-below-footer-builder"]{background-color:#ffffff;;background-image:none;;min-height:80px;border-style:solid;border-width:0px;border-top-width:1px;border-top-color:rgba(122,122,122,0.13);}.site-below-footer-wrap[data-section="section-below-footer-builder"] .ast-builder-grid-row{max-width:1200px;margin-left:auto;margin-right:auto;}.site-below-footer-wrap[data-section="section-below-footer-builder"] .ast-builder-grid-row,.site-below-footer-wrap[data-section="section-below-footer-builder"] .site-footer-section{align-items:flex-start;}.site-below-footer-wrap[data-section="section-below-footer-builder"].ast-footer-row-inline .site-footer-section{display:flex;margin-bottom:0;}.ast-builder-grid-row-2-equal .ast-builder-grid-row{grid-template-columns:repeat( 2,1fr );}@media (max-width:921px){.site-below-footer-wrap[data-section="section-below-footer-builder"].ast-footer-row-tablet-inline .site-footer-section{display:flex;margin-bottom:0;}.site-below-footer-wrap[data-section="section-below-footer-builder"].ast-footer-row-tablet-stack .site-footer-section{display:block;margin-bottom:10px;}.ast-builder-grid-row-container.ast-builder-grid-row-tablet-2-equal .ast-builder-grid-row{grid-template-columns:repeat( 2,1fr );}}@media (max-width:544px){.site-below-footer-wrap[data-section="section-below-footer-builder"].ast-footer-row-mobile-inline .site-footer-section{display:flex;margin-bottom:0;}.site-below-footer-wrap[data-section="section-below-footer-builder"].ast-footer-row-mobile-stack .site-footer-section{display:block;margin-bottom:10px;}.ast-builder-grid-row-container.ast-builder-grid-row-mobile-full .ast-builder-grid-row{grid-template-columns:1fr;}}@media (max-width:921px){.site-below-footer-wrap[data-section="section-below-footer-builder"]{padding-left:30px;padding-right:30px;}}.site-below-footer-wrap[data-section="section-below-footer-builder"]{display:grid;}@media (max-width:921px){.ast-header-break-point .site-below-footer-wrap[data-section="section-below-footer-builder"]{display:grid;}}@media (max-width:544px){.ast-header-break-point .site-below-footer-wrap[data-section="section-below-footer-builder"]{display:grid;}}.ast-builder-html-element img.alignnone{display:inline-block;}.ast-builder-html-element p:first-child{margin-top:0;}.ast-builder-html-element p:last-child{margin-bottom:0;}.ast-header-break-point .main-header-bar .ast-builder-html-element{line-height:1.85714285714286;}.footer-widget-area[data-section="section-fb-html-1"]{display:block;}@media (max-width:921px){.ast-header-break-point .footer-widget-area[data-section="section-fb-html-1"]{display:block;}}@media (max-width:544px){.ast-header-break-point .footer-widget-area[data-section="section-fb-html-1"]{display:block;}}.footer-widget-area[data-section="section-fb-html-1"] .ast-builder-html-element{text-align:right;}@media (max-width:921px){.footer-widget-area[data-section="section-fb-html-1"] .ast-builder-html-element{text-align:right;}}@media (max-width:544px){.footer-widget-area[data-section="section-fb-html-1"] .ast-builder-html-element{text-align:center;}}.ast-footer-copyright{text-align:left;}.ast-footer-copyright {color:#000000;}@media (max-width:921px){.ast-footer-copyright{text-align:left;}}@media (max-width:544px){.ast-footer-copyright{text-align:center;}}.ast-footer-copyright.ast-builder-layout-element{display:flex;}@media (max-width:921px){.ast-header-break-point .ast-footer-copyright.ast-builder-layout-element{display:flex;}}@media (max-width:544px){.ast-header-break-point .ast-footer-copyright.ast-builder-layout-element{display:flex;}}.site-footer{background-color:#ffffff;;background-image:none;;}.site-primary-footer-wrap{padding-top:45px;padding-bottom:45px;}.site-primary-footer-wrap[data-section="section-primary-footer-builder"]{background-color:#ffffff;;background-image:none;;}.site-primary-footer-wrap[data-section="section-primary-footer-builder"] .ast-builder-grid-row{grid-column-gap:200px;max-width:1200px;margin-left:auto;margin-right:auto;}.site-primary-footer-wrap[data-section="section-primary-footer-builder"] .ast-builder-grid-row,.site-primary-footer-wrap[data-section="section-primary-footer-builder"] .site-footer-section{align-items:flex-start;}.site-primary-footer-wrap[data-section="section-primary-footer-builder"].ast-footer-row-inline .site-footer-section{display:flex;margin-bottom:0;}.ast-builder-grid-row-4-equal .ast-builder-grid-row{grid-template-columns:repeat( 4,1fr );}@media (max-width:921px){.site-primary-footer-wrap[data-section="section-primary-footer-builder"].ast-footer-row-tablet-inline .site-footer-section{display:flex;margin-bottom:0;}.site-primary-footer-wrap[data-section="section-primary-footer-builder"].ast-footer-row-tablet-stack .site-footer-section{display:block;margin-bottom:10px;}.ast-builder-grid-row-container.ast-builder-grid-row-tablet-4-equal .ast-builder-grid-row{grid-template-columns:repeat( 4,1fr );}}@media (max-width:544px){.site-primary-footer-wrap[data-section="section-primary-footer-builder"].ast-footer-row-mobile-inline .site-footer-section{display:flex;margin-bottom:0;}.site-primary-footer-wrap[data-section="section-primary-footer-builder"].ast-footer-row-mobile-stack .site-footer-section{display:block;margin-bottom:10px;}.ast-builder-grid-row-container.ast-builder-grid-row-mobile-full .ast-builder-grid-row{grid-template-columns:1fr;}}.site-primary-footer-wrap[data-section="section-primary-footer-builder"]{padding-top:55px;padding-bottom:55px;}@media (max-width:921px){.site-primary-footer-wrap[data-section="section-primary-footer-builder"]{padding-left:30px;padding-right:30px;}}@media (max-width:544px){.site-primary-footer-wrap[data-section="section-primary-footer-builder"]{padding-top:40px;padding-bottom:20px;}}.site-primary-footer-wrap[data-section="section-primary-footer-builder"]{display:grid;}@media (max-width:921px){.ast-header-break-point .site-primary-footer-wrap[data-section="section-primary-footer-builder"]{display:grid;}}@media (max-width:544px){.ast-header-break-point .site-primary-footer-wrap[data-section="section-primary-footer-builder"]{display:grid;}}.footer-widget-area[data-section="sidebar-widgets-footer-widget-1"] .footer-widget-area-inner{text-align:left;}@media (max-width:921px){.footer-widget-area[data-section="sidebar-widgets-footer-widget-1"] .footer-widget-area-inner{text-align:left;}}@media (max-width:544px){.footer-widget-area[data-section="sidebar-widgets-footer-widget-1"] .footer-widget-area-inner{text-align:center;}}.footer-widget-area[data-section="sidebar-widgets-footer-widget-1"] .footer-widget-area-inner{color:#434343;}.footer-widget-area[data-section="sidebar-widgets-footer-widget-1"] .footer-widget-area-inner a{color:#434343;}.footer-widget-area[data-section="sidebar-widgets-footer-widget-1"] .footer-widget-area-inner a:hover{color:#3197d6;}.footer-widget-area[data-section="sidebar-widgets-footer-widget-1"] .widget-title{color:#000000;}.footer-widget-area[data-section="sidebar-widgets-footer-widget-1"]{display:block;}@media (max-width:921px){.ast-header-break-point .footer-widget-area[data-section="sidebar-widgets-footer-widget-1"]{display:block;}}@media (max-width:544px){.ast-header-break-point .footer-widget-area[data-section="sidebar-widgets-footer-widget-1"]{display:block;}}.footer-widget-area[data-section="sidebar-widgets-footer-widget-2"] .footer-widget-area-inner{color:#434343;}.footer-widget-area[data-section="sidebar-widgets-footer-widget-2"] .footer-widget-area-inner a{color:#434343;}.footer-widget-area[data-section="sidebar-widgets-footer-widget-2"] .footer-widget-area-inner a:hover{color:#3197d6;}.footer-widget-area[data-section="sidebar-widgets-footer-widget-2"] .widget-title{color:#000000;}.footer-widget-area[data-section="sidebar-widgets-footer-widget-2"]{display:block;}@media (max-width:921px){.ast-header-break-point .footer-widget-area[data-section="sidebar-widgets-footer-widget-2"]{display:block;}}@media (max-width:544px){.ast-header-break-point .footer-widget-area[data-section="sidebar-widgets-footer-widget-2"]{display:block;}}.footer-widget-area[data-section="sidebar-widgets-footer-widget-3"] .footer-widget-area-inner{color:#434343;}.footer-widget-area[data-section="sidebar-widgets-footer-widget-3"] .footer-widget-area-inner a{color:#434343;}.footer-widget-area[data-section="sidebar-widgets-footer-widget-3"] .footer-widget-area-inner a:hover{color:#3197d6;}.footer-widget-area[data-section="sidebar-widgets-footer-widget-3"] .widget-title{color:#000000;}.footer-widget-area[data-section="sidebar-widgets-footer-widget-3"]{display:block;}@media (max-width:921px){.ast-header-break-point .footer-widget-area[data-section="sidebar-widgets-footer-widget-3"]{display:block;}}@media (max-width:544px){.ast-header-break-point .footer-widget-area[data-section="sidebar-widgets-footer-widget-3"]{display:block;}}.footer-widget-area[data-section="sidebar-widgets-footer-widget-4"] .footer-widget-area-inner{color:#434343;}.footer-widget-area[data-section="sidebar-widgets-footer-widget-4"] .footer-widget-area-inner a{color:#434343;}.footer-widget-area[data-section="sidebar-widgets-footer-widget-4"] .footer-widget-area-inner a:hover{color:#3197d6;}.footer-widget-area[data-section="sidebar-widgets-footer-widget-4"] .widget-title{color:#000000;}.footer-widget-area[data-section="sidebar-widgets-footer-widget-4"]{display:block;}@media (max-width:921px){.ast-header-break-point .footer-widget-area[data-section="sidebar-widgets-footer-widget-4"]{display:block;}}@media (max-width:544px){.ast-header-break-point .footer-widget-area[data-section="sidebar-widgets-footer-widget-4"]{display:block;}}.footer-widget-area[data-section="sidebar-widgets-footer-widget-2"] .footer-widget-area-inner{text-align:left;}@media (max-width:921px){.footer-widget-area[data-section="sidebar-widgets-footer-widget-2"] .footer-widget-area-inner{text-align:left;}}@media (max-width:544px){.footer-widget-area[data-section="sidebar-widgets-footer-widget-2"] .footer-widget-area-inner{text-align:center;}}.footer-widget-area[data-section="sidebar-widgets-footer-widget-1"] .footer-widget-area-inner{color:#434343;}.footer-widget-area[data-section="sidebar-widgets-footer-widget-1"] .footer-widget-area-inner a{color:#434343;}.footer-widget-area[data-section="sidebar-widgets-footer-widget-1"] .footer-widget-area-inner a:hover{color:#3197d6;}.footer-widget-area[data-section="sidebar-widgets-footer-widget-1"] .widget-title{color:#000000;}.footer-widget-area[data-section="sidebar-widgets-footer-widget-1"]{display:block;}@media (max-width:921px){.ast-header-break-point .footer-widget-area[data-section="sidebar-widgets-footer-widget-1"]{display:block;}}@media (max-width:544px){.ast-header-break-point .footer-widget-area[data-section="sidebar-widgets-footer-widget-1"]{display:block;}}.footer-widget-area[data-section="sidebar-widgets-footer-widget-2"] .footer-widget-area-inner{color:#434343;}.footer-widget-area[data-section="sidebar-widgets-footer-widget-2"] .footer-widget-area-inner a{color:#434343;}.footer-widget-area[data-section="sidebar-widgets-footer-widget-2"] .footer-widget-area-inner a:hover{color:#3197d6;}.footer-widget-area[data-section="sidebar-widgets-footer-widget-2"] .widget-title{color:#000000;}.footer-widget-area[data-section="sidebar-widgets-footer-widget-2"]{display:block;}@media (max-width:921px){.ast-header-break-point .footer-widget-area[data-section="sidebar-widgets-footer-widget-2"]{display:block;}}@media (max-width:544px){.ast-header-break-point .footer-widget-area[data-section="sidebar-widgets-footer-widget-2"]{display:block;}}.footer-widget-area[data-section="sidebar-widgets-footer-widget-3"] .footer-widget-area-inner{color:#434343;}.footer-widget-area[data-section="sidebar-widgets-footer-widget-3"] .footer-widget-area-inner a{color:#434343;}.footer-widget-area[data-section="sidebar-widgets-footer-widget-3"] .footer-widget-area-inner a:hover{color:#3197d6;}.footer-widget-area[data-section="sidebar-widgets-footer-widget-3"] .widget-title{color:#000000;}.footer-widget-area[data-section="sidebar-widgets-footer-widget-3"]{display:block;}@media (max-width:921px){.ast-header-break-point .footer-widget-area[data-section="sidebar-widgets-footer-widget-3"]{display:block;}}@media (max-width:544px){.ast-header-break-point .footer-widget-area[data-section="sidebar-widgets-footer-widget-3"]{display:block;}}.footer-widget-area[data-section="sidebar-widgets-footer-widget-4"] .footer-widget-area-inner{color:#434343;}.footer-widget-area[data-section="sidebar-widgets-footer-widget-4"] .footer-widget-area-inner a{color:#434343;}.footer-widget-area[data-section="sidebar-widgets-footer-widget-4"] .footer-widget-area-inner a:hover{color:#3197d6;}.footer-widget-area[data-section="sidebar-widgets-footer-widget-4"] .widget-title{color:#000000;}.footer-widget-area[data-section="sidebar-widgets-footer-widget-4"]{display:block;}@media (max-width:921px){.ast-header-break-point .footer-widget-area[data-section="sidebar-widgets-footer-widget-4"]{display:block;}}@media (max-width:544px){.ast-header-break-point .footer-widget-area[data-section="sidebar-widgets-footer-widget-4"]{display:block;}}.footer-widget-area[data-section="sidebar-widgets-footer-widget-3"] .footer-widget-area-inner{text-align:left;}@media (max-width:921px){.footer-widget-area[data-section="sidebar-widgets-footer-widget-3"] .footer-widget-area-inner{text-align:left;}}@media (max-width:544px){.footer-widget-area[data-section="sidebar-widgets-footer-widget-3"] .footer-widget-area-inner{text-align:center;}}.footer-widget-area[data-section="sidebar-widgets-footer-widget-1"] .footer-widget-area-inner{color:#434343;}.footer-widget-area[data-section="sidebar-widgets-footer-widget-1"] .footer-widget-area-inner a{color:#434343;}.footer-widget-area[data-section="sidebar-widgets-footer-widget-1"] .footer-widget-area-inner a:hover{color:#3197d6;}.footer-widget-area[data-section="sidebar-widgets-footer-widget-1"] .widget-title{color:#000000;}.footer-widget-area[data-section="sidebar-widgets-footer-widget-1"]{display:block;}@media (max-width:921px){.ast-header-break-point .footer-widget-area[data-section="sidebar-widgets-footer-widget-1"]{display:block;}}@media (max-width:544px){.ast-header-break-point .footer-widget-area[data-section="sidebar-widgets-footer-widget-1"]{display:block;}}.footer-widget-area[data-section="sidebar-widgets-footer-widget-2"] .footer-widget-area-inner{color:#434343;}.footer-widget-area[data-section="sidebar-widgets-footer-widget-2"] .footer-widget-area-inner a{color:#434343;}.footer-widget-area[data-section="sidebar-widgets-footer-widget-2"] .footer-widget-area-inner a:hover{color:#3197d6;}.footer-widget-area[data-section="sidebar-widgets-footer-widget-2"] .widget-title{color:#000000;}.footer-widget-area[data-section="sidebar-widgets-footer-widget-2"]{display:block;}@media (max-width:921px){.ast-header-break-point .footer-widget-area[data-section="sidebar-widgets-footer-widget-2"]{display:block;}}@media (max-width:544px){.ast-header-break-point .footer-widget-area[data-section="sidebar-widgets-footer-widget-2"]{display:block;}}.footer-widget-area[data-section="sidebar-widgets-footer-widget-3"] .footer-widget-area-inner{color:#434343;}.footer-widget-area[data-section="sidebar-widgets-footer-widget-3"] .footer-widget-area-inner a{color:#434343;}.footer-widget-area[data-section="sidebar-widgets-footer-widget-3"] .footer-widget-area-inner a:hover{color:#3197d6;}.footer-widget-area[data-section="sidebar-widgets-footer-widget-3"] .widget-title{color:#000000;}.footer-widget-area[data-section="sidebar-widgets-footer-widget-3"]{display:block;}@media (max-width:921px){.ast-header-break-point .footer-widget-area[data-section="sidebar-widgets-footer-widget-3"]{display:block;}}@media (max-width:544px){.ast-header-break-point .footer-widget-area[data-section="sidebar-widgets-footer-widget-3"]{display:block;}}.footer-widget-area[data-section="sidebar-widgets-footer-widget-4"] .footer-widget-area-inner{color:#434343;}.footer-widget-area[data-section="sidebar-widgets-footer-widget-4"] .footer-widget-area-inner a{color:#434343;}.footer-widget-area[data-section="sidebar-widgets-footer-widget-4"] .footer-widget-area-inner a:hover{color:#3197d6;}.footer-widget-area[data-section="sidebar-widgets-footer-widget-4"] .widget-title{color:#000000;}.footer-widget-area[data-section="sidebar-widgets-footer-widget-4"]{display:block;}@media (max-width:921px){.ast-header-break-point .footer-widget-area[data-section="sidebar-widgets-footer-widget-4"]{display:block;}}@media (max-width:544px){.ast-header-break-point .footer-widget-area[data-section="sidebar-widgets-footer-widget-4"]{display:block;}}.footer-widget-area[data-section="sidebar-widgets-footer-widget-4"] .footer-widget-area-inner{text-align:left;}@media (max-width:921px){.footer-widget-area[data-section="sidebar-widgets-footer-widget-4"] .footer-widget-area-inner{text-align:left;}}@media (max-width:544px){.footer-widget-area[data-section="sidebar-widgets-footer-widget-4"] .footer-widget-area-inner{text-align:center;}}.footer-widget-area[data-section="sidebar-widgets-footer-widget-1"] .footer-widget-area-inner{color:#434343;}.footer-widget-area[data-section="sidebar-widgets-footer-widget-1"] .footer-widget-area-inner a{color:#434343;}.footer-widget-area[data-section="sidebar-widgets-footer-widget-1"] .footer-widget-area-inner a:hover{color:#3197d6;}.footer-widget-area[data-section="sidebar-widgets-footer-widget-1"] .widget-title{color:#000000;}.footer-widget-area[data-section="sidebar-widgets-footer-widget-1"]{display:block;}@media (max-width:921px){.ast-header-break-point .footer-widget-area[data-section="sidebar-widgets-footer-widget-1"]{display:block;}}@media (max-width:544px){.ast-header-break-point .footer-widget-area[data-section="sidebar-widgets-footer-widget-1"]{display:block;}}.footer-widget-area[data-section="sidebar-widgets-footer-widget-2"] .footer-widget-area-inner{color:#434343;}.footer-widget-area[data-section="sidebar-widgets-footer-widget-2"] .footer-widget-area-inner a{color:#434343;}.footer-widget-area[data-section="sidebar-widgets-footer-widget-2"] .footer-widget-area-inner a:hover{color:#3197d6;}.footer-widget-area[data-section="sidebar-widgets-footer-widget-2"] .widget-title{color:#000000;}.footer-widget-area[data-section="sidebar-widgets-footer-widget-2"]{display:block;}@media (max-width:921px){.ast-header-break-point .footer-widget-area[data-section="sidebar-widgets-footer-widget-2"]{display:block;}}@media (max-width:544px){.ast-header-break-point .footer-widget-area[data-section="sidebar-widgets-footer-widget-2"]{display:block;}}.footer-widget-area[data-section="sidebar-widgets-footer-widget-3"] .footer-widget-area-inner{color:#434343;}.footer-widget-area[data-section="sidebar-widgets-footer-widget-3"] .footer-widget-area-inner a{color:#434343;}.footer-widget-area[data-section="sidebar-widgets-footer-widget-3"] .footer-widget-area-inner a:hover{color:#3197d6;}.footer-widget-area[data-section="sidebar-widgets-footer-widget-3"] .widget-title{color:#000000;}.footer-widget-area[data-section="sidebar-widgets-footer-widget-3"]{display:block;}@media (max-width:921px){.ast-header-break-point .footer-widget-area[data-section="sidebar-widgets-footer-widget-3"]{display:block;}}@media (max-width:544px){.ast-header-break-point .footer-widget-area[data-section="sidebar-widgets-footer-widget-3"]{display:block;}}.footer-widget-area[data-section="sidebar-widgets-footer-widget-4"] .footer-widget-area-inner{color:#434343;}.footer-widget-area[data-section="sidebar-widgets-footer-widget-4"] .footer-widget-area-inner a{color:#434343;}.footer-widget-area[data-section="sidebar-widgets-footer-widget-4"] .footer-widget-area-inner a:hover{color:#3197d6;}.footer-widget-area[data-section="sidebar-widgets-footer-widget-4"] .widget-title{color:#000000;}.footer-widget-area[data-section="sidebar-widgets-footer-widget-4"]{display:block;}@media (max-width:921px){.ast-header-break-point .footer-widget-area[data-section="sidebar-widgets-footer-widget-4"]{display:block;}}@media (max-width:544px){.ast-header-break-point .footer-widget-area[data-section="sidebar-widgets-footer-widget-4"]{display:block;}}.ast-header-break-point .main-header-bar{border-bottom-width:1px;}@media (min-width:922px){.main-header-bar{border-bottom-width:1px;}}.ast-flex{-webkit-align-content:center;-ms-flex-line-pack:center;align-content:center;-webkit-box-align:center;-webkit-align-items:center;-moz-box-align:center;-ms-flex-align:center;align-items:center;}.main-header-bar{padding:1em 0;}.ast-site-identity{padding:0;}.header-main-layout-1 .ast-flex.main-header-container, .header-main-layout-3 .ast-flex.main-header-container{-webkit-align-content:center;-ms-flex-line-pack:center;align-content:center;-webkit-box-align:center;-webkit-align-items:center;-moz-box-align:center;-ms-flex-align:center;align-items:center;}.header-main-layout-1 .ast-flex.main-header-container, .header-main-layout-3 .ast-flex.main-header-container{-webkit-align-content:center;-ms-flex-line-pack:center;align-content:center;-webkit-box-align:center;-webkit-align-items:center;-moz-box-align:center;-ms-flex-align:center;align-items:center;}.main-header-menu .sub-menu .menu-item.menu-item-has-children &gt; .menu-link:after{position:absolute;right:1em;top:50%;transform:translate(0,-50%) rotate(270deg);}.ast-header-break-point .main-header-bar .main-header-bar-navigation .page_item_has_children &gt; .ast-menu-toggle::before, .ast-header-break-point .main-header-bar .main-header-bar-navigation .menu-item-has-children &gt; .ast-menu-toggle::before, .ast-mobile-popup-drawer .main-header-bar-navigation .menu-item-has-children&gt;.ast-menu-toggle::before, .ast-header-break-point .ast-mobile-header-wrap .main-header-bar-navigation .menu-item-has-children &gt; .ast-menu-toggle::before{font-weight:bold;content:"\e900";font-family:Astra;text-decoration:inherit;display:inline-block;}.ast-header-break-point .main-navigation ul.sub-menu .menu-item .menu-link:before{content:"\e900";font-family:Astra;font-size:.65em;text-decoration:inherit;display:inline-block;transform:translate(0, -2px) rotateZ(270deg);margin-right:5px;}.widget_search .search-form:after{font-family:Astra;font-size:1.2em;font-weight:normal;content:"\e8b6";position:absolute;top:50%;right:15px;transform:translate(0, -50%);}.astra-search-icon::before{content:"\e8b6";font-family:Astra;font-style:normal;font-weight:normal;text-decoration:inherit;text-align:center;-webkit-font-smoothing:antialiased;-moz-osx-font-smoothing:grayscale;}.main-header-bar .main-header-bar-navigation .page_item_has_children &gt; a:after, .main-header-bar .main-header-bar-navigation .menu-item-has-children &gt; a:after, .site-header-focus-item .main-header-bar-navigation .menu-item-has-children &gt; .menu-link:after{content:"\e900";display:inline-block;font-family:Astra;font-size:.6rem;font-weight:bold;text-rendering:auto;-webkit-font-smoothing:antialiased;-moz-osx-font-smoothing:grayscale;margin-left:10px;line-height:normal;}.ast-mobile-popup-drawer .main-header-bar-navigation .ast-submenu-expanded&gt;.ast-menu-toggle::before{transform:rotateX(180deg);}.ast-header-break-point .main-header-bar-navigation .menu-item-has-children &gt; .menu-link:after{display:none;}.ast-separate-container .blog-layout-1, .ast-separate-container .blog-layout-2, .ast-separate-container .blog-layout-3{background-color:transparent;background-image:none;}.ast-separate-container .ast-article-post{background-color:#ffffff;;}.ast-separate-container .ast-article-single:not(.ast-related-post), .ast-separate-container .comments-area .comment-respond,.ast-separate-container .comments-area .ast-comment-list li, .ast-separate-container .ast-woocommerce-container, .ast-separate-container .error-404, .ast-separate-container .no-results, .single.ast-separate-container .ast-author-meta, .ast-separate-container .related-posts-title-wrapper, .ast-separate-container.ast-two-container #secondary .widget,.ast-separate-container .comments-count-wrapper, .ast-box-layout.ast-plain-container .site-content,.ast-padded-layout.ast-plain-container .site-content, .ast-separate-container .comments-area .comments-title{background-color:#ffffff;;}.ast-mobile-header-content &gt; *,.ast-desktop-header-content &gt; * {padding: 10px 0;height: auto;}.ast-mobile-header-content &gt; *:first-child,.ast-desktop-header-content &gt; *:first-child {padding-top: 10px;}.ast-mobile-header-content &gt; .ast-builder-menu,.ast-desktop-header-content &gt; .ast-builder-menu {padding-top: 0;}.ast-mobile-header-content &gt; *:last-child,.ast-desktop-header-content &gt; *:last-child {padding-bottom: 0;}.ast-mobile-header-content .ast-search-menu-icon.ast-inline-search label,.ast-desktop-header-content .ast-search-menu-icon.ast-inline-search label {width: 100%;}.ast-desktop-header-content .main-header-bar-navigation .ast-submenu-expanded &gt; .ast-menu-toggle::before {transform: rotateX(180deg);}#ast-desktop-header .ast-desktop-header-content,.ast-mobile-header-content .ast-search-icon,.ast-desktop-header-content .ast-search-icon,.ast-mobile-header-wrap .ast-mobile-header-content,.ast-main-header-nav-open.ast-popup-nav-open .ast-mobile-header-wrap .ast-mobile-header-content,.ast-main-header-nav-open.ast-popup-nav-open .ast-desktop-header-content {display: none;}.ast-main-header-nav-open.ast-header-break-point #ast-desktop-header .ast-desktop-header-content,.ast-main-header-nav-open.ast-header-break-point .ast-mobile-header-wrap .ast-mobile-header-content {display: block;}.ast-desktop .ast-desktop-header-content .astra-menu-animation-slide-up &gt; .menu-item &gt; .sub-menu,.ast-desktop .ast-desktop-header-content .astra-menu-animation-slide-up &gt; .menu-item .menu-item &gt; .sub-menu,.ast-desktop .ast-desktop-header-content .astra-menu-animation-slide-down &gt; .menu-item &gt; .sub-menu,.ast-desktop .ast-desktop-header-content .astra-menu-animation-slide-down &gt; .menu-item .menu-item &gt; .sub-menu,.ast-desktop .ast-desktop-header-content .astra-menu-animation-fade &gt; .menu-item &gt; .sub-menu,.ast-desktop .ast-desktop-header-content .astra-menu-animation-fade &gt; .menu-item .menu-item &gt; .sub-menu {opacity: 1;visibility: visible;}.ast-hfb-header.ast-default-menu-enable.ast-header-break-point .ast-mobile-header-wrap .ast-mobile-header-content .main-header-bar-navigation {width: unset;margin: unset;}.ast-mobile-header-content.content-align-flex-end .main-header-bar-navigation .menu-item-has-children &gt; .ast-menu-toggle,.ast-desktop-header-content.content-align-flex-end .main-header-bar-navigation .menu-item-has-children &gt; .ast-menu-toggle {left: calc( 20px - 0.907em);}.ast-mobile-header-content .ast-search-menu-icon,.ast-mobile-header-content .ast-search-menu-icon.slide-search,.ast-desktop-header-content .ast-search-menu-icon,.ast-desktop-header-content .ast-search-menu-icon.slide-search {width: 100%;position: relative;display: block;right: auto;transform: none;}.ast-mobile-header-content .ast-search-menu-icon.slide-search .search-form,.ast-mobile-header-content .ast-search-menu-icon .search-form,.ast-desktop-header-content .ast-search-menu-icon.slide-search .search-form,.ast-desktop-header-content .ast-search-menu-icon .search-form {right: 0;visibility: visible;opacity: 1;position: relative;top: auto;transform: none;padding: 0;display: block;overflow: hidden;}.ast-mobile-header-content .ast-search-menu-icon.ast-inline-search .search-field,.ast-mobile-header-content .ast-search-menu-icon .search-field,.ast-desktop-header-content .ast-search-menu-icon.ast-inline-search .search-field,.ast-desktop-header-content .ast-search-menu-icon .search-field {width: 100%;padding-right: 5.5em;}.ast-mobile-header-content .ast-search-menu-icon .search-submit,.ast-desktop-header-content .ast-search-menu-icon .search-submit {display: block;position: absolute;height: 100%;top: 0;right: 0;padding: 0 1em;border-radius: 0;}.ast-hfb-header.ast-default-menu-enable.ast-header-break-point .ast-mobile-header-wrap .ast-mobile-header-content .main-header-bar-navigation ul .sub-menu .menu-link {padding-left: 30px;}.ast-hfb-header.ast-default-menu-enable.ast-header-break-point .ast-mobile-header-wrap .ast-mobile-header-content .main-header-bar-navigation .sub-menu .menu-item .menu-item .menu-link {padding-left: 40px;}.ast-mobile-popup-drawer.active .ast-mobile-popup-inner{background-color:#ffffff;;}.ast-mobile-header-wrap .ast-mobile-header-content, .ast-desktop-header-content{background-color:#ffffff;;}.ast-mobile-popup-content &gt; *, .ast-mobile-header-content &gt; *, .ast-desktop-popup-content &gt; *, .ast-desktop-header-content &gt; *{padding-top:0;padding-bottom:0;}.content-align-flex-start .ast-builder-layout-element{justify-content:flex-start;}.content-align-flex-start .main-header-menu{text-align:left;}.ast-mobile-popup-drawer.active .menu-toggle-close{color:#3a3a3a;}.ast-mobile-header-wrap .ast-primary-header-bar,.ast-primary-header-bar .site-primary-header-wrap{min-height:70px;}.ast-desktop .ast-primary-header-bar .main-header-menu &gt; .menu-item{line-height:70px;}.ast-desktop .ast-primary-header-bar .ast-header-woo-cart,.ast-desktop .ast-primary-header-bar .ast-header-edd-cart{line-height:70px;}@media (max-width:921px){#masthead .ast-mobile-header-wrap .ast-primary-header-bar,#masthead .ast-mobile-header-wrap .ast-below-header-bar{padding-left:20px;padding-right:20px;}}.ast-header-break-point .ast-primary-header-bar{border-bottom-width:1px;border-bottom-style:solid;}@media (min-width:922px){.ast-primary-header-bar{border-bottom-width:1px;border-bottom-style:solid;}}.ast-primary-header-bar{background-color:#ffffff;;background-image:none;;}.ast-primary-header-bar{display:block;}@media (max-width:921px){.ast-header-break-point .ast-primary-header-bar{display:grid;}}@media (max-width:544px){.ast-header-break-point .ast-primary-header-bar{display:grid;}}[data-section="section-header-mobile-trigger"] .ast-button-wrap .ast-mobile-menu-trigger-minimal{color:#000000;border:none;background:transparent;}[data-section="section-header-mobile-trigger"] .ast-button-wrap .mobile-menu-toggle-icon .ast-mobile-svg{width:20px;height:20px;fill:#000000;}[data-section="section-header-mobile-trigger"] .ast-button-wrap .mobile-menu-wrap .mobile-menu{color:#000000;}
</style>
    <link id="astra-menu-animation-css" rel="stylesheet" href="https://askomdch.com/wp-content/themes/astra/assets/css/minified/menu-animation.min.css?ver=3.7.5" media="all"/>
    <link id="wp-block-library-css" rel="stylesheet" href="https://askomdch.com/wp-includes/css/dist/block-library/style.min.css?ver=5.8.1" media="all"/>
    <link id="wc-blocks-vendors-style-css" rel="stylesheet" href="https://askomdch.com/wp-content/plugins/woocommerce/packages/woocommerce-blocks/build/wc-blocks-vendors-style.css?ver=5.9.1" media="all"/>
    <link id="wc-blocks-style-css" rel="stylesheet" href="https://askomdch.com/wp-content/plugins/woocommerce/packages/woocommerce-blocks/build/wc-blocks-style.css?ver=5.9.1" media="all"/>
    <style id="global-styles-inline-css">
body{--wp--preset--color--black: #000000;--wp--preset--color--cyan-bluish-gray: #abb8c3;--wp--preset--color--white: #ffffff;--wp--preset--color--pale-pink: #f78da7;--wp--preset--color--vivid-red: #cf2e2e;--wp--preset--color--luminous-vivid-orange: #ff6900;--wp--preset--color--luminous-vivid-amber: #fcb900;--wp--preset--color--light-green-cyan: #7bdcb5;--wp--preset--color--vivid-green-cyan: #00d084;--wp--preset--color--pale-cyan-blue: #8ed1fc;--wp--preset--color--vivid-cyan-blue: #0693e3;--wp--preset--color--vivid-purple: #9b51e0;--wp--preset--color--ast-global-color-0: var(--ast-global-color-0);--wp--preset--color--ast-global-color-1: var(--ast-global-color-1);--wp--preset--color--ast-global-color-2: var(--ast-global-color-2);--wp--preset--color--ast-global-color-3: var(--ast-global-color-3);--wp--preset--color--ast-global-color-4: var(--ast-global-color-4);--wp--preset--color--ast-global-color-5: var(--ast-global-color-5);--wp--preset--color--ast-global-color-6: var(--ast-global-color-6);--wp--preset--color--ast-global-color-7: var(--ast-global-color-7);--wp--preset--color--ast-global-color-8: var(--ast-global-color-8);--wp--preset--gradient--vivid-cyan-blue-to-vivid-purple: linear-gradient(135deg,rgba(6,147,227,1) 0%,rgb(155,81,224) 100%);--wp--preset--gradient--light-green-cyan-to-vivid-green-cyan: linear-gradient(135deg,rgb(122,220,180) 0%,rgb(0,208,130) 100%);--wp--preset--gradient--luminous-vivid-amber-to-luminous-vivid-orange: linear-gradient(135deg,rgba(252,185,0,1) 0%,rgba(255,105,0,1) 100%);--wp--preset--gradient--luminous-vivid-orange-to-vivid-red: linear-gradient(135deg,rgba(255,105,0,1) 0%,rgb(207,46,46) 100%);--wp--preset--gradient--very-light-gray-to-cyan-bluish-gray: linear-gradient(135deg,rgb(238,238,238) 0%,rgb(169,184,195) 100%);--wp--preset--gradient--cool-to-warm-spectrum: linear-gradient(135deg,rgb(74,234,220) 0%,rgb(151,120,209) 20%,rgb(207,42,186) 40%,rgb(238,44,130) 60%,rgb(251,105,98) 80%,rgb(254,248,76) 100%);--wp--preset--gradient--blush-light-purple: linear-gradient(135deg,rgb(255,206,236) 0%,rgb(152,150,240) 100%);--wp--preset--gradient--blush-bordeaux: linear-gradient(135deg,rgb(254,205,165) 0%,rgb(254,45,45) 50%,rgb(107,0,62) 100%);--wp--preset--gradient--luminous-dusk: linear-gradient(135deg,rgb(255,203,112) 0%,rgb(199,81,192) 50%,rgb(65,88,208) 100%);--wp--preset--gradient--pale-ocean: linear-gradient(135deg,rgb(255,245,203) 0%,rgb(182,227,212) 50%,rgb(51,167,181) 100%);--wp--preset--gradient--electric-grass: linear-gradient(135deg,rgb(202,248,128) 0%,rgb(113,206,126) 100%);--wp--preset--gradient--midnight: linear-gradient(135deg,rgb(2,3,129) 0%,rgb(40,116,252) 100%);--wp--preset--font-size--small: 13px;--wp--preset--font-size--normal: 16px;--wp--preset--font-size--medium: 20px;--wp--preset--font-size--large: 36px;--wp--preset--font-size--huge: 42px;}.has-black-color{color: var(--wp--preset--color--black) !important;}.has-cyan-bluish-gray-color{color: var(--wp--preset--color--cyan-bluish-gray) !important;}.has-white-color{color: var(--wp--preset--color--white) !important;}.has-pale-pink-color{color: var(--wp--preset--color--pale-pink) !important;}.has-vivid-red-color{color: var(--wp--preset--color--vivid-red) !important;}.has-luminous-vivid-orange-color{color: var(--wp--preset--color--luminous-vivid-orange) !important;}.has-luminous-vivid-amber-color{color: var(--wp--preset--color--luminous-vivid-amber) !important;}.has-light-green-cyan-color{color: var(--wp--preset--color--light-green-cyan) !important;}.has-vivid-green-cyan-color{color: var(--wp--preset--color--vivid-green-cyan) !important;}.has-pale-cyan-blue-color{color: var(--wp--preset--color--pale-cyan-blue) !important;}.has-vivid-cyan-blue-color{color: var(--wp--preset--color--vivid-cyan-blue) !important;}.has-vivid-purple-color{color: var(--wp--preset--color--vivid-purple) !important;}.has-ast-global-color-0-color{color: var(--wp--preset--color--ast-global-color-0) !important;}.has-ast-global-color-1-color{color: var(--wp--preset--color--ast-global-color-1) !important;}.has-ast-global-color-2-color{color: var(--wp--preset--color--ast-global-color-2) !important;}.has-ast-global-color-3-color{color: var(--wp--preset--color--ast-global-color-3) !important;}.has-ast-global-color-4-color{color: var(--wp--preset--color--ast-global-color-4) !important;}.has-ast-global-color-5-color{color: var(--wp--preset--color--ast-global-color-5) !important;}.has-ast-global-color-6-color{color: var(--wp--preset--color--ast-global-color-6) !important;}.has-ast-global-color-7-color{color: var(--wp--preset--color--ast-global-color-7) !important;}.has-ast-global-color-8-color{color: var(--wp--preset--color--ast-global-color-8) !important;}.has-black-background-color{background-color: var(--wp--preset--color--black) !important;}.has-cyan-bluish-gray-background-color{background-color: var(--wp--preset--color--cyan-bluish-gray) !important;}.has-white-background-color{background-color: var(--wp--preset--color--white) !important;}.has-pale-pink-background-color{background-color: var(--wp--preset--color--pale-pink) !important;}.has-vivid-red-background-color{background-color: var(--wp--preset--color--vivid-red) !important;}.has-luminous-vivid-orange-background-color{background-color: var(--wp--preset--color--luminous-vivid-orange) !important;}.has-luminous-vivid-amber-background-color{background-color: var(--wp--preset--color--luminous-vivid-amber) !important;}.has-light-green-cyan-background-color{background-color: var(--wp--preset--color--light-green-cyan) !important;}.has-vivid-green-cyan-background-color{background-color: var(--wp--preset--color--vivid-green-cyan) !important;}.has-pale-cyan-blue-background-color{background-color: var(--wp--preset--color--pale-cyan-blue) !important;}.has-vivid-cyan-blue-background-color{background-color: var(--wp--preset--color--vivid-cyan-blue) !important;}.has-vivid-purple-background-color{background-color: var(--wp--preset--color--vivid-purple) !important;}.has-ast-global-color-0-background-color{background-color: var(--wp--preset--color--ast-global-color-0) !important;}.has-ast-global-color-1-background-color{background-color: var(--wp--preset--color--ast-global-color-1) !important;}.has-ast-global-color-2-background-color{background-color: var(--wp--preset--color--ast-global-color-2) !important;}.has-ast-global-color-3-background-color{background-color: var(--wp--preset--color--ast-global-color-3) !important;}.has-ast-global-color-4-background-color{background-color: var(--wp--preset--color--ast-global-color-4) !important;}.has-ast-global-color-5-background-color{background-color: var(--wp--preset--color--ast-global-color-5) !important;}.has-ast-global-color-6-background-color{background-color: var(--wp--preset--color--ast-global-color-6) !important;}.has-ast-global-color-7-background-color{background-color: var(--wp--preset--color--ast-global-color-7) !important;}.has-ast-global-color-8-background-color{background-color: var(--wp--preset--color--ast-global-color-8) !important;}.has-vivid-cyan-blue-to-vivid-purple-gradient-background{background: var(--wp--preset--gradient--vivid-cyan-blue-to-vivid-purple) !important;}.has-light-green-cyan-to-vivid-green-cyan-gradient-background{background: var(--wp--preset--gradient--light-green-cyan-to-vivid-green-cyan) !important;}.has-luminous-vivid-amber-to-luminous-vivid-orange-gradient-background{background: var(--wp--preset--gradient--luminous-vivid-amber-to-luminous-vivid-orange) !important;}.has-luminous-vivid-orange-to-vivid-red-gradient-background{background: var(--wp--preset--gradient--luminous-vivid-orange-to-vivid-red) !important;}.has-very-light-gray-to-cyan-bluish-gray-gradient-background{background: var(--wp--preset--gradient--very-light-gray-to-cyan-bluish-gray) !important;}.has-cool-to-warm-spectrum-gradient-background{background: var(--wp--preset--gradient--cool-to-warm-spectrum) !important;}.has-blush-light-purple-gradient-background{background: var(--wp--preset--gradient--blush-light-purple) !important;}.has-blush-bordeaux-gradient-background{background: var(--wp--preset--gradient--blush-bordeaux) !important;}.has-luminous-dusk-gradient-background{background: var(--wp--preset--gradient--luminous-dusk) !important;}.has-pale-ocean-gradient-background{background: var(--wp--preset--gradient--pale-ocean) !important;}.has-electric-grass-gradient-background{background: var(--wp--preset--gradient--electric-grass) !important;}.has-midnight-gradient-background{background: var(--wp--preset--gradient--midnight) !important;}.has-small-font-size{font-size: var(--wp--preset--font-size--small) !important;}.has-normal-font-size{font-size: var(--wp--preset--font-size--normal) !important;}.has-medium-font-size{font-size: var(--wp--preset--font-size--medium) !important;}.has-large-font-size{font-size: var(--wp--preset--font-size--large) !important;}.has-huge-font-size{font-size: var(--wp--preset--font-size--huge) !important;}
</style>
    <link id="woocommerce-layout-css" rel="stylesheet" href="https://askomdch.com/wp-content/themes/astra/assets/css/minified/compatibility/woocommerce/woocommerce-layout.min.css?ver=3.7.5" media="all"/>
    <link id="woocommerce-smallscreen-css" rel="stylesheet" href="https://askomdch.com/wp-content/themes/astra/assets/css/minified/compatibility/woocommerce/woocommerce-smallscreen.min.css?ver=3.7.5" media="only screen and (max-width: 921px)"/>
    <link id="woocommerce-general-css" rel="stylesheet" href="https://askomdch.com/wp-content/themes/astra/assets/css/minified/compatibility/woocommerce/woocommerce.min.css?ver=3.7.5" media="all"/>
    <style id="woocommerce-general-inline-css">
#customer_details h3:not(.elementor-widget-woocommerce-checkout-page h3){font-size:1.2rem;padding:20px 0 14px;margin:0 0 20px;border-bottom:1px solid #ebebeb;}form #order_review_heading:not(.elementor-widget-woocommerce-checkout-page #order_review_heading){border-width:2px 2px 0 2px;border-style:solid;font-size:1.2rem;margin:0;padding:1.5em 1.5em 1em;border-color:#ebebeb;}form #order_review:not(.elementor-widget-woocommerce-checkout-page #order_review){padding:0 2em;border-width:0 2px 2px;border-style:solid;border-color:#ebebeb;}ul#shipping_method li:not(.elementor-widget-woocommerce-cart #shipping_method li){margin:0;padding:0.25em 0 0.25em 22px;text-indent:-22px;list-style:none outside;}.woocommerce span.onsale, .wc-block-grid__product .wc-block-grid__product-onsale{background-color:#54595f;color:#ffffff;}.woocommerce a.button, .woocommerce button.button, .woocommerce .woocommerce-message a.button, .woocommerce #respond input#submit.alt, .woocommerce a.button.alt, .woocommerce button.button.alt, .woocommerce input.button.alt, .woocommerce input.button,.woocommerce input.button:disabled, .woocommerce input.button:disabled[disabled], .woocommerce input.button:disabled:hover, .woocommerce input.button:disabled[disabled]:hover, .woocommerce #respond input#submit, .woocommerce button.button.alt.disabled, .wc-block-grid__products .wc-block-grid__product .wp-block-button__link, .wc-block-grid__product-onsale{color:#ffffff;border-color:#3197d6;background-color:#3197d6;}.woocommerce a.button:hover, .woocommerce button.button:hover, .woocommerce .woocommerce-message a.button:hover,.woocommerce #respond input#submit:hover,.woocommerce #respond input#submit.alt:hover, .woocommerce a.button.alt:hover, .woocommerce button.button.alt:hover, .woocommerce input.button.alt:hover, .woocommerce input.button:hover, .woocommerce button.button.alt.disabled:hover, .wc-block-grid__products .wc-block-grid__product .wp-block-button__link:hover{color:#ffffff;border-color:#0084d6;background-color:#0084d6;}.woocommerce-message, .woocommerce-info{border-top-color:#4e4e4e;}.woocommerce-message::before,.woocommerce-info::before{color:#4e4e4e;}.woocommerce ul.products li.product .price, .woocommerce div.product p.price, .woocommerce div.product span.price, .widget_layered_nav_filters ul li.chosen a, .woocommerce-page ul.products li.product .ast-woo-product-category, .wc-layered-nav-rating a{color:#333333;}.woocommerce nav.woocommerce-pagination ul,.woocommerce nav.woocommerce-pagination ul li{border-color:#4e4e4e;}.woocommerce nav.woocommerce-pagination ul li a:focus, .woocommerce nav.woocommerce-pagination ul li a:hover, .woocommerce nav.woocommerce-pagination ul li span.current{background:#4e4e4e;color:#ffffff;}.woocommerce-MyAccount-navigation-link.is-active a{color:#0084d6;}.woocommerce .widget_price_filter .ui-slider .ui-slider-range, .woocommerce .widget_price_filter .ui-slider .ui-slider-handle{background-color:#4e4e4e;}.woocommerce a.button, .woocommerce button.button, .woocommerce .woocommerce-message a.button, .woocommerce #respond input#submit.alt, .woocommerce a.button.alt, .woocommerce button.button.alt, .woocommerce input.button.alt, .woocommerce input.button,.woocommerce-cart table.cart td.actions .button, .woocommerce form.checkout_coupon .button, .woocommerce #respond input#submit, .wc-block-grid__products .wc-block-grid__product .wp-block-button__link{border-radius:0;padding-top:17px;padding-right:30px;padding-bottom:17px;padding-left:30px;}.woocommerce .star-rating, .woocommerce .comment-form-rating .stars a, .woocommerce .star-rating::before{color:#4e4e4e;}.woocommerce div.product .woocommerce-tabs ul.tabs li.active:before{background:#4e4e4e;}.woocommerce a.remove:hover{color:#4e4e4e;border-color:#4e4e4e;background-color:#ffffff;}.woocommerce ul.product-categories &gt; li ul li:before{content:"\e900";padding:0 5px 0 5px;display:inline-block;font-family:Astra;transform:rotate(-90deg);font-size:0.7rem;}@media (min-width:545px) and (max-width:921px){.woocommerce.tablet-columns-6 ul.products li.product, .woocommerce-page.tablet-columns-6 ul.products li.product{width:calc(16.66% - 16.66px);}.woocommerce.tablet-columns-5 ul.products li.product, .woocommerce-page.tablet-columns-5 ul.products li.product{width:calc(20% - 16px);}.woocommerce.tablet-columns-4 ul.products li.product, .woocommerce-page.tablet-columns-4 ul.products li.product{width:calc(25% - 15px);}.woocommerce.tablet-columns-3 ul.products li.product, .woocommerce-page.tablet-columns-3 ul.products li.product{width:calc(33.33% - 14px);}.woocommerce.tablet-columns-2 ul.products li.product, .woocommerce-page.tablet-columns-2 ul.products li.product{width:calc(50% - 10px);}.woocommerce.tablet-columns-1 ul.products li.product, .woocommerce-page.tablet-columns-1 ul.products li.product{width:100%;}.woocommerce div.product .related.products ul.products li.product{width:calc(33.33% - 14px);}}@media (min-width:545px) and (max-width:921px){.woocommerce[class*="columns-"].columns-3 &gt; ul.products li.product, .woocommerce[class*="columns-"].columns-4 &gt; ul.products li.product, .woocommerce[class*="columns-"].columns-5 &gt; ul.products li.product, .woocommerce[class*="columns-"].columns-6 &gt; ul.products li.product{width:calc(33.33% - 14px);margin-right:20px;}.woocommerce[class*="columns-"].columns-3 &gt; ul.products li.product:nth-child(3n), .woocommerce[class*="columns-"].columns-4 &gt; ul.products li.product:nth-child(3n), .woocommerce[class*="columns-"].columns-5 &gt; ul.products li.product:nth-child(3n), .woocommerce[class*="columns-"].columns-6 &gt; ul.products li.product:nth-child(3n){margin-right:0;clear:right;}.woocommerce[class*="columns-"].columns-3 &gt; ul.products li.product:nth-child(3n+1), .woocommerce[class*="columns-"].columns-4 &gt; ul.products li.product:nth-child(3n+1), .woocommerce[class*="columns-"].columns-5 &gt; ul.products li.product:nth-child(3n+1), .woocommerce[class*="columns-"].columns-6 &gt; ul.products li.product:nth-child(3n+1){clear:left;}.woocommerce[class*="columns-"] ul.products li.product:nth-child(n), .woocommerce-page[class*="columns-"] ul.products li.product:nth-child(n){margin-right:20px;clear:none;}.woocommerce.tablet-columns-2 ul.products li.product:nth-child(2n), .woocommerce-page.tablet-columns-2 ul.products li.product:nth-child(2n), .woocommerce.tablet-columns-3 ul.products li.product:nth-child(3n), .woocommerce-page.tablet-columns-3 ul.products li.product:nth-child(3n), .woocommerce.tablet-columns-4 ul.products li.product:nth-child(4n), .woocommerce-page.tablet-columns-4 ul.products li.product:nth-child(4n), .woocommerce.tablet-columns-5 ul.products li.product:nth-child(5n), .woocommerce-page.tablet-columns-5 ul.products li.product:nth-child(5n), .woocommerce.tablet-columns-6 ul.products li.product:nth-child(6n), .woocommerce-page.tablet-columns-6 ul.products li.product:nth-child(6n){margin-right:0;clear:right;}.woocommerce.tablet-columns-2 ul.products li.product:nth-child(2n+1), .woocommerce-page.tablet-columns-2 ul.products li.product:nth-child(2n+1), .woocommerce.tablet-columns-3 ul.products li.product:nth-child(3n+1), .woocommerce-page.tablet-columns-3 ul.products li.product:nth-child(3n+1), .woocommerce.tablet-columns-4 ul.products li.product:nth-child(4n+1), .woocommerce-page.tablet-columns-4 ul.products li.product:nth-child(4n+1), .woocommerce.tablet-columns-5 ul.products li.product:nth-child(5n+1), .woocommerce-page.tablet-columns-5 ul.products li.product:nth-child(5n+1), .woocommerce.tablet-columns-6 ul.products li.product:nth-child(6n+1), .woocommerce-page.tablet-columns-6 ul.products li.product:nth-child(6n+1){clear:left;}.woocommerce div.product .related.products ul.products li.product:nth-child(3n), .woocommerce-page.tablet-columns-1 .site-main ul.products li.product{margin-right:0;clear:right;}.woocommerce div.product .related.products ul.products li.product:nth-child(3n+1){clear:left;}}@media (min-width:922px){.woocommerce #reviews #comments{width:55%;float:left;}.woocommerce #reviews #review_form_wrapper{width:45%;padding-left:2em;float:right;}.woocommerce form.checkout_coupon{width:50%;}}@media (max-width:921px){.ast-header-break-point.ast-woocommerce-cart-menu .header-main-layout-1.ast-mobile-header-stack.ast-no-menu-items .ast-site-header-cart, .ast-header-break-point.ast-woocommerce-cart-menu .header-main-layout-3.ast-mobile-header-stack.ast-no-menu-items .ast-site-header-cart{padding-right:0;padding-left:0;}.ast-header-break-point.ast-woocommerce-cart-menu .header-main-layout-1.ast-mobile-header-stack .main-header-bar{text-align:center;}.ast-header-break-point.ast-woocommerce-cart-menu .header-main-layout-1.ast-mobile-header-stack .ast-site-header-cart, .ast-header-break-point.ast-woocommerce-cart-menu .header-main-layout-1.ast-mobile-header-stack .ast-mobile-menu-buttons{display:inline-block;}.ast-header-break-point.ast-woocommerce-cart-menu .header-main-layout-2.ast-mobile-header-inline .site-branding{flex:auto;}.ast-header-break-point.ast-woocommerce-cart-menu .header-main-layout-3.ast-mobile-header-stack .site-branding{flex:0 0 100%;}.ast-header-break-point.ast-woocommerce-cart-menu .header-main-layout-3.ast-mobile-header-stack .main-header-container{display:flex;justify-content:center;}.woocommerce-cart .woocommerce-shipping-calculator .button{width:100%;}.woocommerce div.product div.images, .woocommerce div.product div.summary, .woocommerce #content div.product div.images, .woocommerce #content div.product div.summary, .woocommerce-page div.product div.images, .woocommerce-page div.product div.summary, .woocommerce-page #content div.product div.images, .woocommerce-page #content div.product div.summary{float:none;width:100%;}.woocommerce-cart table.cart td.actions .ast-return-to-shop{display:block;text-align:center;margin-top:1em;}}@media (max-width:544px){.ast-separate-container .ast-woocommerce-container{padding:.54em 1em 1.33333em;}.woocommerce-message, .woocommerce-error, .woocommerce-info{display:flex;flex-wrap:wrap;}.woocommerce-message a.button, .woocommerce-error a.button, .woocommerce-info a.button{order:1;margin-top:.5em;}.woocommerce .woocommerce-ordering, .woocommerce-page .woocommerce-ordering{float:none;margin-bottom:2em;width:100%;}.woocommerce ul.products a.button, .woocommerce-page ul.products a.button{padding:0.5em 0.75em;}.woocommerce table.cart td.actions .button, .woocommerce #content table.cart td.actions .button, .woocommerce-page table.cart td.actions .button, .woocommerce-page #content table.cart td.actions .button{padding-left:1em;padding-right:1em;}.woocommerce #content table.cart .button, .woocommerce-page #content table.cart .button{width:100%;}.woocommerce #content table.cart .product-thumbnail, .woocommerce-page #content table.cart .product-thumbnail{display:block;text-align:center !important;}.woocommerce #content table.cart .product-thumbnail::before, .woocommerce-page #content table.cart .product-thumbnail::before{display:none;}.woocommerce #content table.cart td.actions .coupon, .woocommerce-page #content table.cart td.actions .coupon{float:none;}.woocommerce #content table.cart td.actions .coupon .button, .woocommerce-page #content table.cart td.actions .coupon .button{flex:1;}.woocommerce #content div.product .woocommerce-tabs ul.tabs li a, .woocommerce-page #content div.product .woocommerce-tabs ul.tabs li a{display:block;}.woocommerce div.product .related.products ul.products li.product, .woocommerce.mobile-columns-2 ul.products li.product, .woocommerce-page.mobile-columns-2 ul.products li.product{width:calc(50% - 10px);}.woocommerce.mobile-columns-6 ul.products li.product, .woocommerce-page.mobile-columns-6 ul.products li.product{width:calc(16.66% - 16.66px);}.woocommerce.mobile-columns-5 ul.products li.product, .woocommerce-page.mobile-columns-5 ul.products li.product{width:calc(20% - 16px);}.woocommerce.mobile-columns-4 ul.products li.product, .woocommerce-page.mobile-columns-4 ul.products li.product{width:calc(25% - 15px);}.woocommerce.mobile-columns-3 ul.products li.product, .woocommerce-page.mobile-columns-3 ul.products li.product{width:calc(33.33% - 14px);}.woocommerce.mobile-columns-1 ul.products li.product, .woocommerce-page.mobile-columns-1 ul.products li.product{width:100%;}}@media (max-width:544px){.woocommerce ul.products a.button.loading::after, .woocommerce-page ul.products a.button.loading::after{display:inline-block;margin-left:5px;position:initial;}.woocommerce.mobile-columns-1 .site-main ul.products li.product:nth-child(n), .woocommerce-page.mobile-columns-1 .site-main ul.products li.product:nth-child(n){margin-right:0;}.woocommerce #content div.product .woocommerce-tabs ul.tabs li, .woocommerce-page #content div.product .woocommerce-tabs ul.tabs li{display:block;margin-right:0;}.woocommerce[class*="columns-"].columns-3 &gt; ul.products li.product, .woocommerce[class*="columns-"].columns-4 &gt; ul.products li.product, .woocommerce[class*="columns-"].columns-5 &gt; ul.products li.product, .woocommerce[class*="columns-"].columns-6 &gt; ul.products li.product{width:calc(50% - 10px);margin-right:20px;}.woocommerce[class*="columns-"] ul.products li.product:nth-child(n), .woocommerce-page[class*="columns-"] ul.products li.product:nth-child(n){margin-right:20px;clear:none;}.woocommerce-page[class*=columns-].columns-3&gt;ul.products li.product:nth-child(2n), .woocommerce-page[class*=columns-].columns-4&gt;ul.products li.product:nth-child(2n), .woocommerce-page[class*=columns-].columns-5&gt;ul.products li.product:nth-child(2n), .woocommerce-page[class*=columns-].columns-6&gt;ul.products li.product:nth-child(2n), .woocommerce[class*=columns-].columns-3&gt;ul.products li.product:nth-child(2n), .woocommerce[class*=columns-].columns-4&gt;ul.products li.product:nth-child(2n), .woocommerce[class*=columns-].columns-5&gt;ul.products li.product:nth-child(2n), .woocommerce[class*=columns-].columns-6&gt;ul.products li.product:nth-child(2n){margin-right:0;clear:right;}.woocommerce[class*="columns-"].columns-3 &gt; ul.products li.product:nth-child(2n+1), .woocommerce[class*="columns-"].columns-4 &gt; ul.products li.product:nth-child(2n+1), .woocommerce[class*="columns-"].columns-5 &gt; ul.products li.product:nth-child(2n+1), .woocommerce[class*="columns-"].columns-6 &gt; ul.products li.product:nth-child(2n+1){clear:left;}.woocommerce-page[class*=columns-] ul.products li.product:nth-child(n), .woocommerce[class*=columns-] ul.products li.product:nth-child(n){margin-right:20px;clear:none;}.woocommerce.mobile-columns-6 ul.products li.product:nth-child(6n), .woocommerce-page.mobile-columns-6 ul.products li.product:nth-child(6n), .woocommerce.mobile-columns-5 ul.products li.product:nth-child(5n), .woocommerce-page.mobile-columns-5 ul.products li.product:nth-child(5n), .woocommerce.mobile-columns-4 ul.products li.product:nth-child(4n), .woocommerce-page.mobile-columns-4 ul.products li.product:nth-child(4n), .woocommerce.mobile-columns-3 ul.products li.product:nth-child(3n), .woocommerce-page.mobile-columns-3 ul.products li.product:nth-child(3n), .woocommerce.mobile-columns-2 ul.products li.product:nth-child(2n), .woocommerce-page.mobile-columns-2 ul.products li.product:nth-child(2n), .woocommerce div.product .related.products ul.products li.product:nth-child(2n){margin-right:0;clear:right;}.woocommerce.mobile-columns-6 ul.products li.product:nth-child(6n+1), .woocommerce-page.mobile-columns-6 ul.products li.product:nth-child(6n+1), .woocommerce.mobile-columns-5 ul.products li.product:nth-child(5n+1), .woocommerce-page.mobile-columns-5 ul.products li.product:nth-child(5n+1), .woocommerce.mobile-columns-4 ul.products li.product:nth-child(4n+1), .woocommerce-page.mobile-columns-4 ul.products li.product:nth-child(4n+1), .woocommerce.mobile-columns-3 ul.products li.product:nth-child(3n+1), .woocommerce-page.mobile-columns-3 ul.products li.product:nth-child(3n+1), .woocommerce.mobile-columns-2 ul.products li.product:nth-child(2n+1), .woocommerce-page.mobile-columns-2 ul.products li.product:nth-child(2n+1), .woocommerce div.product .related.products ul.products li.product:nth-child(2n+1){clear:left;}}@media (min-width:922px){.ast-woo-shop-archive .site-content &gt; .ast-container{max-width:1240px;}}@media (min-width:922px){.woocommerce #content .ast-woocommerce-container div.product div.images, .woocommerce .ast-woocommerce-container div.product div.images, .woocommerce-page #content .ast-woocommerce-container div.product div.images, .woocommerce-page .ast-woocommerce-container div.product div.images{width:50%;}.woocommerce #content .ast-woocommerce-container div.product div.summary, .woocommerce .ast-woocommerce-container div.product div.summary, .woocommerce-page #content .ast-woocommerce-container div.product div.summary, .woocommerce-page .ast-woocommerce-container div.product div.summary{width:46%;}.woocommerce.woocommerce-checkout form #customer_details.col2-set .col-1, .woocommerce.woocommerce-checkout form #customer_details.col2-set .col-2, .woocommerce-page.woocommerce-checkout form #customer_details.col2-set .col-1, .woocommerce-page.woocommerce-checkout form #customer_details.col2-set .col-2{float:none;width:auto;}}.woocommerce a.button , .woocommerce button.button.alt ,.woocommerce-page table.cart td.actions .button, .woocommerce-page #content table.cart td.actions .button , .woocommerce a.button.alt ,.woocommerce .woocommerce-message a.button , .ast-site-header-cart .widget_shopping_cart .buttons .button.checkout, .woocommerce button.button.alt.disabled , .wc-block-grid__products .wc-block-grid__product .wp-block-button__link {border:solid;border-top-width:0;border-right-width:0;border-left-width:0;border-bottom-width:0;border-color:#3197d6;}.woocommerce a.button:hover , .woocommerce button.button.alt:hover , .woocommerce-page table.cart td.actions .button:hover, .woocommerce-page #content table.cart td.actions .button:hover, .woocommerce a.button.alt:hover ,.woocommerce .woocommerce-message a.button:hover , .ast-site-header-cart .widget_shopping_cart .buttons .button.checkout:hover , .woocommerce button.button.alt.disabled:hover , .wc-block-grid__products .wc-block-grid__product .wp-block-button__link:hover{border-color:#0084d6;}.widget_product_search button{flex:0 0 auto;padding:10px 20px;;}@media (min-width:922px){.woocommerce.woocommerce-checkout form #customer_details.col2-set, .woocommerce-page.woocommerce-checkout form #customer_details.col2-set{width:55%;float:left;margin-right:4.347826087%;}.woocommerce.woocommerce-checkout form #order_review, .woocommerce.woocommerce-checkout form #order_review_heading, .woocommerce-page.woocommerce-checkout form #order_review, .woocommerce-page.woocommerce-checkout form #order_review_heading{width:40%;float:right;margin-right:0;clear:right;}}
</style>
    <style id="woocommerce-inline-inline-css">
.woocommerce form .form-row .required { visibility: visible; }
</style>
    <script id="jquery-core-js" src="https://askomdch.com/wp-includes/js/jquery/jquery.min.js?ver=3.6.0"/>
    <script id="jquery-migrate-js" src="https://askomdch.com/wp-includes/js/jquery/jquery-migrate.min.js?ver=3.3.2"/>
    <link rel="canonical" href="https://askomdch.com/account/"/>
    <noscript>
      <style>.woocommerce-product-gallery{ opacity: 1 !important; }</style>
    </noscript>
    <style>.recentcomments a{display:inline !important;padding:0 !important;margin:0 !important;}</style>
  </head>
  <body class="page-template-default page page-id-1235 theme-astra woocommerce-account woocommerce-page woocommerce-no-js ast-single-post ast-mobile-inherit-site-logo ast-woocommerce-cart-menu ast-inherit-site-logo-transparent ast-theme-transparent-header ast-hfb-header ast-desktop ast-plain-container ast-no-sidebar astra-3.7.5" itemtype="https://schema.org/WebPage" itemscope="itemscope">
    <a shape="rect" class="skip-link screen-reader-text" href="#content" role="link" title="Skip to content">
Skip to content</a>
    <div class="hfeed site" id="page">
      <header class="site-header ast-primary-submenu-animation-slide-up header-main-layout-1 ast-primary-menu-enabled ast-builder-menu-toggle-icon ast-mobile-header-inline" id="masthead" itemtype="https://schema.org/WPHeader" itemscope="itemscope" itemid="#masthead">
        <div id="ast-desktop-header" data-toggle-type="dropdown">
          <div class="ast-main-header-wrap main-header-bar-wrap">
            <div class="ast-primary-header-bar ast-primary-header main-header-bar site-header-focus-item" data-section="section-primary-header-builder">
              <div class="site-primary-header-wrap ast-builder-grid-row-container site-header-focus-item ast-container" data-section="section-primary-header-builder">
                <div class="ast-builder-grid-row ast-builder-grid-row-has-sides ast-builder-grid-row-no-center">
                  <div class="site-header-primary-section-left site-header-section ast-flex site-header-section-left">
                    <div class="ast-builder-layout-element ast-flex site-header-focus-item" data-section="title_tagline">
                      <div class="site-branding ast-site-identity" itemtype="https://schema.org/Organization" itemscope="itemscope">
                        <div class="ast-site-title-wrap">
                          <span class="site-title" itemprop="name">
                            <a shape="rect" href="https://askomdch.com/" rel="home" itemprop="url">
AskOmDch
</a>
                          </span>
                        </div>
                      </div>
                    </div>
                  </div>
                  <div class="site-header-primary-section-right site-header-section ast-flex ast-grid-right-section">
                    <div class="ast-builder-menu-1 ast-builder-menu ast-flex ast-builder-menu-1-focus-item ast-builder-layout-element site-header-focus-item" data-section="section-hb-menu-1">
                      <div class="ast-main-header-bar-alignment">
                        <div class="main-header-bar-navigation">
                          <nav class="site-navigation ast-flex-grow-1 navigation-accessibility site-header-focus-item" id="primary-site-navigation" aria-label="Site Navigation" itemtype="https://schema.org/SiteNavigationElement" itemscope="itemscope">
                            <div class="main-navigation ast-inline-flex">
                              <ul class="main-header-menu ast-menu-shadow ast-nav-menu ast-flex submenu-with-border astra-menu-animation-slide-up stack-on-mobile" id="ast-hf-menu-1">
                                <li class="menu-item menu-item-type-post_type menu-item-object-page menu-item-home menu-item-1226" id="menu-item-1226">
                                  <a shape="rect" class="menu-link" href="https://askomdch.com/">Home</a>
                                </li>
                                <li class="menu-item menu-item-type-post_type menu-item-object-page menu-item-1227" id="menu-item-1227">
                                  <a shape="rect" class="menu-link" href="https://askomdch.com/store/">Store</a>
                                </li>
                                <li class="menu-item menu-item-type-taxonomy menu-item-object-product_cat menu-item-1228" id="menu-item-1228">
                                  <a shape="rect" class="menu-link" href="https://askomdch.com/product-category/men/">Men</a>
                                </li>
                                <li class="menu-item menu-item-type-taxonomy menu-item-object-product_cat menu-item-1229" id="menu-item-1229">
                                  <a shape="rect" class="menu-link" href="https://askomdch.com/product-category/women/">Women</a>
                                </li>
                                <li class="menu-item menu-item-type-taxonomy menu-item-object-product_cat menu-item-1230" id="menu-item-1230">
                                  <a shape="rect" class="menu-link" href="https://askomdch.com/product-category/accessories/">Accessories</a>
                                </li>
                                <li class="menu-item menu-item-type-post_type menu-item-object-page current-menu-item page_item page-item-1235 current_page_item menu-item-1237" id="menu-item-1237">
                                  <a shape="rect" class="menu-link" href="https://askomdch.com/account/" aria-current="page">Account</a>
                                </li>
                                <li class="menu-item menu-item-type-post_type menu-item-object-page menu-item-1232" id="menu-item-1232">
                                  <a shape="rect" class="menu-link" href="https://askomdch.com/about/">About</a>
                                </li>
                                <li class="menu-item menu-item-type-post_type menu-item-object-page menu-item-1233" id="menu-item-1233">
                                  <a shape="rect" class="menu-link" href="https://askomdch.com/contact-us/">Contact Us</a>
                                </li>
                              </ul>
                            </div>
                          </nav>
                        </div>
                      </div>
                    </div>
                    <div class="ast-builder-layout-element site-header-focus-item ast-header-woo-cart" data-section="section-header-woo-cart">
                      <div class="ast-site-header-cart ast-menu-cart-with-border ast-menu-cart-fill" id="ast-site-header-cart">
                        <div class="ast-site-header-cart-li">
                          <a shape="rect" class="cart-container" href="https://askomdch.com/cart/" title="View your shopping cart"/>
                          <div class="ast-cart-menu-wrap">
                            <span class="count">
0 </span>
                          </div>
                        </div>
                        <div class="ast-site-header-cart-data">
                          <div class="widget woocommerce widget_shopping_cart">
                            <div class="widget_shopping_cart_content"/>
                          </div>
                        </div>
                      </div>
                    </div>
                  </div>
                </div>
              </div>
            </div>
          </div>
          <div class="ast-desktop-header-content content-align-flex-start"/>
        </div>
        <div class="ast-mobile-header-wrap" id="ast-mobile-header" data-type="dropdown">
          <div class="ast-main-header-wrap main-header-bar-wrap">
            <div class="ast-primary-header-bar ast-primary-header main-header-bar site-primary-header-wrap site-header-focus-item ast-builder-grid-row-layout-default ast-builder-grid-row-tablet-layout-default ast-builder-grid-row-mobile-layout-default" data-section="section-primary-header-builder">
              <div class="ast-builder-grid-row ast-builder-grid-row-has-sides ast-builder-grid-row-no-center">
                <div class="site-header-primary-section-left site-header-section ast-flex site-header-section-left">
                  <div class="ast-builder-layout-element ast-flex site-header-focus-item" data-section="title_tagline">
                    <div class="site-branding ast-site-identity" itemtype="https://schema.org/Organization" itemscope="itemscope">
                      <div class="ast-site-title-wrap">
                        <span class="site-title" itemprop="name">
                          <a shape="rect" href="https://askomdch.com/" rel="home" itemprop="url">
AskOmDch
</a>
                        </span>
                      </div>
                    </div>
                  </div>
                </div>
                <div class="site-header-primary-section-right site-header-section ast-flex ast-grid-right-section">
                  <div class="ast-builder-layout-element site-header-focus-item ast-header-woo-cart" data-section="section-header-woo-cart">
                    <div class="ast-site-header-cart ast-menu-cart-with-border ast-menu-cart-fill" id="ast-site-header-cart">
                      <div class="ast-site-header-cart-li">
                        <a shape="rect" class="cart-container" href="https://askomdch.com/cart/" title="View your shopping cart"/>
                        <div class="ast-cart-menu-wrap">
                          <span class="count">
0 </span>
                        </div>
                      </div>
                      <div class="ast-site-header-cart-data">
                        <div class="widget woocommerce widget_shopping_cart">
                          <div class="widget_shopping_cart_content"/>
                        </div>
                      </div>
                    </div>
                  </div>
                  <div class="ast-builder-layout-element ast-flex site-header-focus-item" data-section="section-header-mobile-trigger">
                    <div class="ast-button-wrap">
                      <button type="button" class="menu-toggle main-header-menu-toggle ast-mobile-menu-trigger-minimal" aria-expanded="false">
                        <span class="screen-reader-text">Main Menu</span>
                        <span class="mobile-menu-toggle-icon">
                          <span class="ahfb-svg-iconset ast-inline-flex svg-baseline">
                            <svg class="ast-mobile-svg ast-menu2-svg" fill="currentColor" version="1.1" width="24" height="28" viewbox="0 0 24 28">
                              <path d="M24 21v2c0 0.547-0.453 1-1 1h-22c-0.547 0-1-0.453-1-1v-2c0-0.547 0.453-1 1-1h22c0.547 0 1 0.453 1 1zM24 13v2c0 0.547-0.453 1-1 1h-22c-0.547 0-1-0.453-1-1v-2c0-0.547 0.453-1 1-1h22c0.547 0 1 0.453 1 1zM24 5v2c0 0.547-0.453 1-1 1h-22c-0.547 0-1-0.453-1-1v-2c0-0.547 0.453-1 1-1h22c0.547 0 1 0.453 1 1z"/>
                            </svg>
                          </span>
                          <span class="ahfb-svg-iconset ast-inline-flex svg-baseline">
                            <svg class="ast-mobile-svg ast-close-svg" fill="currentColor" version="1.1" width="24" height="24" viewbox="0 0 24 24">
                              <path d="M5.293 6.707l5.293 5.293-5.293 5.293c-0.391 0.391-0.391 1.024 0 1.414s1.024 0.391 1.414 0l5.293-5.293 5.293 5.293c0.391 0.391 1.024 0.391 1.414 0s0.391-1.024 0-1.414l-5.293-5.293 5.293-5.293c0.391-0.391 0.391-1.024 0-1.414s-1.024-0.391-1.414 0l-5.293 5.293-5.293-5.293c-0.391-0.391-1.024-0.391-1.414 0s-0.391 1.024 0 1.414z"/>
                            </svg>
                          </span>
                        </span>
                      </button>
                    </div>
                  </div>
                </div>
              </div>
            </div>
          </div>
          <div class="ast-mobile-header-content content-align-flex-start">
            <div class="ast-builder-menu-1 ast-builder-menu ast-flex ast-builder-menu-1-focus-item ast-builder-layout-element site-header-focus-item" data-section="section-hb-menu-1">
              <div class="ast-main-header-bar-alignment">
                <div class="main-header-bar-navigation">
                  <nav class="site-navigation ast-flex-grow-1 navigation-accessibility site-header-focus-item" id="primary-site-navigation" aria-label="Site Navigation" itemtype="https://schema.org/SiteNavigationElement" itemscope="itemscope">
                    <div class="main-navigation ast-inline-flex">
                      <ul class="main-header-menu ast-menu-shadow ast-nav-menu ast-flex submenu-with-border astra-menu-animation-slide-up stack-on-mobile" id="ast-hf-menu-1">
                        <li class="menu-item menu-item-type-post_type menu-item-object-page menu-item-home menu-item-1226">
                          <a shape="rect" class="menu-link" href="https://askomdch.com/">Home</a>
                        </li>
                        <li class="menu-item menu-item-type-post_type menu-item-object-page menu-item-1227">
                          <a shape="rect" class="menu-link" href="https://askomdch.com/store/">Store</a>
                        </li>
                        <li class="menu-item menu-item-type-taxonomy menu-item-object-product_cat menu-item-1228">
                          <a shape="rect" class="menu-link" href="https://askomdch.com/product-category/men/">Men</a>
                        </li>
                        <li class="menu-item menu-item-type-taxonomy menu-item-object-product_cat menu-item-1229">
                          <a shape="rect" class="menu-link" href="https://askomdch.com/product-category/women/">Women</a>
                        </li>
                        <li class="menu-item menu-item-type-taxonomy menu-item-object-product_cat menu-item-1230">
                          <a shape="rect" class="menu-link" href="https://askomdch.com/product-category/accessories/">Accessories</a>
                        </li>
                        <li class="menu-item menu-item-type-post_type menu-item-object-page current-menu-item page_item page-item-1235 current_page_item menu-item-1237">
                          <a shape="rect" class="menu-link" href="https://askomdch.com/account/" aria-current="page">Account</a>
                        </li>
                        <li class="menu-item menu-item-type-post_type menu-item-object-page menu-item-1232">
                          <a shape="rect" class="menu-link" href="https://askomdch.com/about/">About</a>
                        </li>
                        <li class="menu-item menu-item-type-post_type menu-item-object-page menu-item-1233">
                          <a shape="rect" class="menu-link" href="https://askomdch.com/contact-us/">Contact Us</a>
                        </li>
                      </ul>
                    </div>
                  </nav>
                </div>
              </div>
            </div>
          </div>
        </div>
      </header>
      <div class="site-content" id="content">
        <div class="ast-container">
          <div class="content-area primary" id="primary">
            <main id="main" class="site-main">
              <article class="post-1235 page type-page status-publish ast-article-single" id="post-1235" itemtype="https://schema.org/CreativeWork" itemscope="itemscope">
                <header class="entry-header ast-header-without-markup"/>
                <div class="entry-content clear" itemprop="text">
                  <div class="wp-block-cover alignfull has-background-dim" style="background-color:#001d35;min-height:400px">
                    <div class="wp-block-cover__inner-container">
                      <h1 class="has-text-align-center">Account</h1>
                    </div>
                  </div>
                  <div class="wp-block-group alignfull">
                    <div class="wp-block-group__inner-container">
                      <div class="wp-block-columns">
                        <div class="wp-block-column" style="flex-basis:100%"/>
                      </div>
                      <div class="woocommerce">
                        <div class="woocommerce-notices-wrapper"/>
                        <div class="u-columns col2-set" id="customer_login">
                          <div class="u-column1 col-1">
                            <h2>Login</h2>
                            <form enctype="application/x-www-form-urlencoded" method="post" class="woocommerce-form woocommerce-form-login login">
                              <p class="woocommerce-form-row woocommerce-form-row--wide form-row form-row-wide">
                                <label for="username">
Username or email address                                   <span class="required">*</span>
                                </label>
                                <input type="text" class="woocommerce-Input woocommerce-Input--text input-text" id="username" name="username" autocomplete="username" value=""/>
                              </p>
                              <p class="woocommerce-form-row woocommerce-form-row--wide form-row form-row-wide">
                                <label for="password">
Password                                   <span class="required">*</span>
                                </label>
                                <input type="password" class="woocommerce-Input woocommerce-Input--text input-text" id="password" name="password" autocomplete="current-password"/>
                              </p>
                              <p class="form-row">
                                <label class="woocommerce-form__label woocommerce-form__label-for-checkbox woocommerce-form-login__rememberme">
                                  <input type="checkbox" class="woocommerce-form__input woocommerce-form__input-checkbox" id="rememberme" name="rememberme" value="forever"/>
                                  <span>Remember me</span>
                                </label>
                                <input type="hidden" id="woocommerce-login-nonce" name="woocommerce-login-nonce" value="679b5e9476"/>
                                <input type="hidden" name="_wp_http_referer" value="/account/"/>
                                <button type="submit" class="woocommerce-button button woocommerce-form-login__submit" name="login" value="Log in">Log in</button>
                              </p>
                              <p class="woocommerce-LostPassword lost_password">
                                <a shape="rect" href="https://askomdch.com/account/lost-password/">Lost your password?</a>
                              </p>
                            </form>
                          </div>
                          <div class="u-column2 col-2">
                            <h2>Register</h2>
                            <form enctype="application/x-www-form-urlencoded" method="post" class="woocommerce-form woocommerce-form-register register">
                              <p class="woocommerce-form-row woocommerce-form-row--wide form-row form-row-wide">
                                <label for="reg_username">
Username                                   <span class="required">*</span>
                                </label>
                                <input type="text" class="woocommerce-Input woocommerce-Input--text input-text" id="reg_username" name="username" autocomplete="username" value=""/>
                              </p>
                              <p class="woocommerce-form-row woocommerce-form-row--wide form-row form-row-wide">
                                <label for="reg_email">
Email address                                   <span class="required">*</span>
                                </label>
                                <input type="email" class="woocommerce-Input woocommerce-Input--text input-text" id="reg_email" name="email" autocomplete="email" value=""/>
                              </p>
                              <p class="woocommerce-form-row woocommerce-form-row--wide form-row form-row-wide">
                                <label for="reg_password">
Password                                   <span class="required">*</span>
                                </label>
                                <input type="password" class="woocommerce-Input woocommerce-Input--text input-text" id="reg_password" name="password" autocomplete="new-password"/>
                              </p>
                              <div class="woocommerce-privacy-policy-text">
                                <p>TEST MODE ENABLED. DO NOT ENTER YOUR PERSONAL DATA.</p>
                              </div>
                              <p class="woocommerce-form-row form-row">
                                <input type="hidden" id="woocommerce-register-nonce" name="woocommerce-register-nonce" value="cbc2b22125"/>
                                <input type="hidden" name="_wp_http_referer" value="/account/"/>
                                <button type="submit" class="woocommerce-Button woocommerce-button button woocommerce-form-register__submit" name="register" value="Register">Register</button>
                              </p>
                            </form>
                          </div>
                        </div>
                      </div>
                    </div>
                  </div>
                  <p/>
                </div>
              </article>
            </main>
          </div>
        </div>
      </div>
      <div class="astra-mobile-cart-overlay"/>
      <div class="astra-cart-drawer open-right" id="astra-mobile-cart-drawer">
        <div class="astra-cart-drawer-header">
          <button type="button" class="astra-cart-drawer-close">
            <span class="ahfb-svg-iconset ast-inline-flex svg-baseline">
              <svg class="ast-mobile-svg ast-close-svg" fill="currentColor" version="1.1" width="24" height="24" viewbox="0 0 24 24">
                <path d="M5.293 6.707l5.293 5.293-5.293 5.293c-0.391 0.391-0.391 1.024 0 1.414s1.024 0.391 1.414 0l5.293-5.293 5.293 5.293c0.391 0.391 1.024 0.391 1.414 0s0.391-1.024 0-1.414l-5.293-5.293 5.293-5.293c0.391-0.391 0.391-1.024 0-1.414s-1.024-0.391-1.414 0l-5.293 5.293-5.293-5.293c-0.391-0.391-1.024-0.391-1.414 0s-0.391 1.024 0 1.414z"/>
              </svg>
            </span>
          </button>
          <div class="astra-cart-drawer-title">
Shopping Cart </div>
        </div>
        <div class="astra-cart-drawer-content">
          <div class="widget woocommerce widget_shopping_cart">
            <div class="widget_shopping_cart_content"/>
          </div>
        </div>
      </div>
      <footer class="site-footer" id="colophon" itemtype="https://schema.org/WPFooter" itemscope="itemscope" itemid="#colophon">
        <div class="site-primary-footer-wrap ast-builder-grid-row-container site-footer-focus-item ast-builder-grid-row-4-equal ast-builder-grid-row-tablet-4-equal ast-builder-grid-row-mobile-full ast-footer-row-stack ast-footer-row-tablet-stack ast-footer-row-mobile-stack" data-section="section-primary-footer-builder">
          <div class="ast-builder-grid-row-container-inner">
            <div class="ast-builder-footer-grid-columns site-primary-footer-inner-wrap ast-builder-grid-row">
              <div class="site-footer-primary-section-1 site-footer-section site-footer-section-1">
                <aside class="footer-widget-area widget-area site-footer-focus-item" data-section="sidebar-widgets-footer-widget-1" aria-label="Footer Widget 1">
                  <div class="footer-widget-area-inner site-info-inner">
                    <section id="nav_menu-7" class="widget widget_nav_menu">
                      <h2 class="widget-title">Quick Links</h2>
                      <nav class="menu-quick-links-container" aria-label="Quick Links">
                        <ul class="menu" id="menu-quick-links">
                          <li class="menu-item menu-item-type-post_type menu-item-object-page menu-item-home menu-item-1254" id="menu-item-1254">
                            <a shape="rect" class="menu-link" href="https://askomdch.com/">Home</a>
                          </li>
                          <li class="menu-item menu-item-type-post_type menu-item-object-page menu-item-1255" id="menu-item-1255">
                            <a shape="rect" class="menu-link" href="https://askomdch.com/about/">About</a>
                          </li>
                          <li class="menu-item menu-item-type-post_type menu-item-object-page current-menu-item page_item page-item-1235 current_page_item menu-item-1256" id="menu-item-1256">
                            <a shape="rect" class="menu-link" href="https://askomdch.com/account/" aria-current="page">My Account</a>
                          </li>
                          <li class="menu-item menu-item-type-post_type menu-item-object-page menu-item-1257" id="menu-item-1257">
                            <a shape="rect" class="menu-link" href="https://askomdch.com/cart/">Cart</a>
                          </li>
                          <li class="menu-item menu-item-type-post_type menu-item-object-page menu-item-1258" id="menu-item-1258">
                            <a shape="rect" class="menu-link" href="https://askomdch.com/contact-us/">Contact Us</a>
                          </li>
                        </ul>
                      </nav>
                    </section>
                  </div>
                </aside>
              </div>
              <div class="site-footer-primary-section-2 site-footer-section site-footer-section-2">
                <aside class="footer-widget-area widget-area site-footer-focus-item" data-section="sidebar-widgets-footer-widget-2" aria-label="Footer Widget 2">
                  <div class="footer-widget-area-inner site-info-inner">
                    <section id="nav_menu-8" class="widget widget_nav_menu">
                      <h2 class="widget-title">For Her</h2>
                      <nav class="menu-for-her-container" aria-label="For Her">
                        <ul class="menu" id="menu-for-her">
                          <li class="menu-item menu-item-type-taxonomy menu-item-object-product_cat menu-item-1264" id="menu-item-1264">
                            <a shape="rect" class="menu-link" href="https://askomdch.com/product-category/women/">Women</a>
                          </li>
                          <li class="menu-item menu-item-type-taxonomy menu-item-object-product_cat menu-item-1266" id="menu-item-1266">
                            <a shape="rect" class="menu-link" href="https://askomdch.com/product-category/womens-jeans/">Women’s Jeans</a>
                          </li>
                          <li class="menu-item menu-item-type-taxonomy menu-item-object-product_cat menu-item-1265" id="menu-item-1265">
                            <a shape="rect" class="menu-link" href="https://askomdch.com/product-category/womens-shirts/">Women’s Shirts</a>
                          </li>
                          <li class="menu-item menu-item-type-taxonomy menu-item-object-product_cat menu-item-1267" id="menu-item-1267">
                            <a shape="rect" class="menu-link" href="https://askomdch.com/product-category/womens-shoes/">Women’s Shoes</a>
                          </li>
                          <li class="menu-item menu-item-type-taxonomy menu-item-object-product_cat menu-item-1268" id="menu-item-1268">
                            <a shape="rect" class="menu-link" href="https://askomdch.com/product-category/accessories/">Accessories</a>
                          </li>
                        </ul>
                      </nav>
                    </section>
                  </div>
                </aside>
              </div>
              <div class="site-footer-primary-section-3 site-footer-section site-footer-section-3">
                <aside class="footer-widget-area widget-area site-footer-focus-item" data-section="sidebar-widgets-footer-widget-3" aria-label="Footer Widget 3">
                  <div class="footer-widget-area-inner site-info-inner">
                    <section id="nav_menu-12" class="widget widget_nav_menu">
                      <h2 class="widget-title">For Him</h2>
                      <nav class="menu-for-him-container" aria-label="For Him">
                        <ul class="menu" id="menu-for-him">
                          <li class="menu-item menu-item-type-taxonomy menu-item-object-product_cat menu-item-1263" id="menu-item-1263">
                            <a shape="rect" class="menu-link" href="https://askomdch.com/product-category/men/">Men</a>
                          </li>
                          <li class="menu-item menu-item-type-taxonomy menu-item-object-product_cat menu-item-1259" id="menu-item-1259">
                            <a shape="rect" class="menu-link" href="https://askomdch.com/product-category/mens-jeans/">Men’s Jeans</a>
                          </li>
                          <li class="menu-item menu-item-type-taxonomy menu-item-object-product_cat menu-item-1260" id="menu-item-1260">
                            <a shape="rect" class="menu-link" href="https://askomdch.com/product-category/mens-shirts/">Men’s Shirts</a>
                          </li>
                          <li class="menu-item menu-item-type-taxonomy menu-item-object-product_cat menu-item-1261" id="menu-item-1261">
                            <a shape="rect" class="menu-link" href="https://askomdch.com/product-category/mens-shoes/">Men’s Shoes</a>
                          </li>
                          <li class="menu-item menu-item-type-taxonomy menu-item-object-product_cat menu-item-1262" id="menu-item-1262">
                            <a shape="rect" class="menu-link" href="https://askomdch.com/product-category/accessories/">Accessories</a>
                          </li>
                        </ul>
                      </nav>
                    </section>
                  </div>
                </aside>
              </div>
              <div class="site-footer-primary-section-4 site-footer-section site-footer-section-4">
                <aside class="footer-widget-area widget-area site-footer-focus-item" data-section="sidebar-widgets-footer-widget-4" aria-label="Footer Widget 4">
                  <div class="footer-widget-area-inner site-info-inner">
                    <section id="text-2" class="widget widget_text">
                      <h2 class="widget-title">AOD on Mobile</h2>
                      <div class="textwidget">
                        <p>
                          <a shape="rect" href="https://www.apple.com/in/app-store/" target="_blank" rel="noopener">
                            <img class="alignnone wp-image-1475 size-full" src="https://askomdch.com/wp-content/uploads/2021/06/image-60-compressed.jpg" alt="" width="300" height="90"/>
                          </a>
                          <a shape="rect" href="https://play.google.com/store" target="_blank" rel="noopener">
                            <img class="alignnone wp-image-1473 size-full" src="https://askomdch.com/wp-content/uploads/2021/06/image-41-compressed.jpg" alt="" width="300" height="90"/>
                          </a>
                        </p>
                      </div>
                    </section>
                  </div>
                </aside>
              </div>
            </div>
          </div>
        </div>
        <div class="site-below-footer-wrap ast-builder-grid-row-container site-footer-focus-item ast-builder-grid-row-2-equal ast-builder-grid-row-tablet-2-equal ast-builder-grid-row-mobile-full ast-footer-row-stack ast-footer-row-tablet-stack ast-footer-row-mobile-stack" data-section="section-below-footer-builder">
          <div class="ast-builder-grid-row-container-inner">
            <div class="ast-builder-footer-grid-columns site-below-footer-inner-wrap ast-builder-grid-row">
              <div class="site-footer-below-section-1 site-footer-section site-footer-section-1">
                <div class="ast-builder-layout-element ast-flex site-footer-focus-item ast-footer-copyright" data-section="section-footer-builder">
                  <div class="ast-footer-copyright">
                    <p>Copyright © 2022 AskOmDch</p>
                  </div>
                </div>
              </div>
              <div class="site-footer-below-section-2 site-footer-section site-footer-section-2">
                <div class="footer-widget-area widget-area site-footer-focus-item ast-footer-html-1" data-section="section-fb-html-1">
                  <div class="ast-header-html inner-link-style-">
                    <div class="ast-builder-html-element">
                      <p>Powered by AskOmDch</p>
                    </div>
                  </div>
                </div>
              </div>
            </div>
          </div>
        </div>
      </footer>
    </div>
    <script type="text/javascript">
		(function () {
			var c = document.body.className;
			c = c.replace(/woocommerce-no-js/, 'woocommerce-js');
			document.body.className = c;
		})();
	</script>
    <script id="astra-theme-js-js-extra">
var astra = {"break_point":"921","isRtl":""};
</script>
    <script id="astra-theme-js-js" src="https://askomdch.com/wp-content/themes/astra/assets/js/minified/frontend.min.js?ver=3.7.5"/>
    <script id="astra-mobile-cart-js" src="https://askomdch.com/wp-content/themes/astra/assets/js/minified/mobile-cart.min.js?ver=3.7.5"/>
    <script id="js-cookie-js" src="https://askomdch.com/wp-content/plugins/woocommerce/assets/js/js-cookie/js.cookie.min.js?ver=2.1.4-wc.5.8.0"/>
    <script id="wc-cart-fragments-js-extra">
var wc_cart_fragments_params = {"ajax_url":"\/wp-admin\/admin-ajax.php","wc_ajax_url":"\/?wc-ajax=%%endpoint%%","cart_hash_key":"wc_cart_hash_ce7302d8a5b087b54dd768c76987f650","fragment_name":"wc_fragments_ce7302d8a5b087b54dd768c76987f650","request_timeout":"5000"};
</script>
    <script id="wc-cart-fragments-js" src="https://askomdch.com/wp-content/plugins/woocommerce/assets/js/frontend/cart-fragments.min.js?ver=5.8.0"/>
    <script id="rocket-browser-checker-js-after">
"use strict";var _createClass=function(){function defineProperties(target,props){for(var i=0;i&lt;props.length;i++){var descriptor=props[i];descriptor.enumerable=descriptor.enumerable||!1,descriptor.configurable=!0,"value"in descriptor&amp;&amp;(descriptor.writable=!0),Object.defineProperty(target,descriptor.key,descriptor)}}return function(Constructor,protoProps,staticProps){return protoProps&amp;&amp;defineProperties(Constructor.prototype,protoProps),staticProps&amp;&amp;defineProperties(Constructor,staticProps),Constructor}}();function _classCallCheck(instance,Constructor){if(!(instance instanceof Constructor))throw new TypeError("Cannot call a class as a function")}var RocketBrowserCompatibilityChecker=function(){function RocketBrowserCompatibilityChecker(options){_classCallCheck(this,RocketBrowserCompatibilityChecker),this.passiveSupported=!1,this._checkPassiveOption(this),this.options=!!this.passiveSupported&amp;&amp;options}return _createClass(RocketBrowserCompatibilityChecker,[{key:"_checkPassiveOption",value:function(self){try{var options={get passive(){return!(self.passiveSupported=!0)}};window.addEventListener("test",null,options),window.removeEventListener("test",null,options)}catch(err){self.passiveSupported=!1}}},{key:"initRequestIdleCallback",value:function(){!1 in window&amp;&amp;(window.requestIdleCallback=function(cb){var start=Date.now();return setTimeout(function(){cb({didTimeout:!1,timeRemaining:function(){return Math.max(0,50-(Date.now()-start))}})},1)}),!1 in window&amp;&amp;(window.cancelIdleCallback=function(id){return clearTimeout(id)})}},{key:"isDataSaverModeOn",value:function(){return"connection"in navigator&amp;&amp;!0===navigator.connection.saveData}},{key:"supportsLinkPrefetch",value:function(){var elem=document.createElement("link");return elem.relList&amp;&amp;elem.relList.supports&amp;&amp;elem.relList.supports("prefetch")&amp;&amp;window.IntersectionObserver&amp;&amp;"isIntersecting"in IntersectionObserverEntry.prototype}},{key:"isSlowConnection",value:function(){return"connection"in navigator&amp;&amp;"effectiveType"in navigator.connection&amp;&amp;("2g"===navigator.connection.effectiveType||"slow-2g"===navigator.connection.effectiveType)}}]),RocketBrowserCompatibilityChecker}();
</script>
    <script id="rocket-preload-links-js-extra">
var RocketPreloadLinksConfig = {"excludeUris":"\/(.+\/)?feed\/?.+\/?|\/(?:.+\/)?embed\/|\/checkout\/|\/cart\/|\/account\/|\/wc-api\/v(.*)|\/(index\\.php\/)?wp\\-json(\/.*|$)|\/wp-admin\/|\/logout\/|\/wp-login.php","usesTrailingSlash":"1","imageExt":"jpg|jpeg|gif|png|tiff|bmp|webp|avif","fileExt":"jpg|jpeg|gif|png|tiff|bmp|webp|avif|php|pdf|html|htm","siteUrl":"https:\/\/askomdch.com","onHoverDelay":"100","rateThrottle":"3"};
</script>
    <script id="rocket-preload-links-js-after">
(function() {
"use strict";var r="function"==typeof Symbol&amp;&amp;"symbol"==typeof Symbol.iterator?function(e){return typeof e}:function(e){return e&amp;&amp;"function"==typeof Symbol&amp;&amp;e.constructor===Symbol&amp;&amp;e!==Symbol.prototype?"symbol":typeof e},e=function(){function i(e,t){for(var n=0;n&lt;t.length;n++){var i=t[n];i.enumerable=i.enumerable||!1,i.configurable=!0,"value"in i&amp;&amp;(i.writable=!0),Object.defineProperty(e,i.key,i)}}return function(e,t,n){return t&amp;&amp;i(e.prototype,t),n&amp;&amp;i(e,n),e}}();function i(e,t){if(!(e instanceof t))throw new TypeError("Cannot call a class as a function")}var t=function(){function n(e,t){i(this,n),this.browser=e,this.config=t,this.options=this.browser.options,this.prefetched=new Set,this.eventTime=null,this.threshold=1111,this.numOnHover=0}return e(n,[{key:"init",value:function(){!this.browser.supportsLinkPrefetch()||this.browser.isDataSaverModeOn()||this.browser.isSlowConnection()||(this.regex={excludeUris:RegExp(this.config.excludeUris,"i"),images:RegExp(".("+this.config.imageExt+")$","i"),fileExt:RegExp(".("+this.config.fileExt+")$","i")},this._initListeners(this))}},{key:"_initListeners",value:function(e){-1&lt;this.config.onHoverDelay&amp;&amp;document.addEventListener("mouseover",e.listener.bind(e),e.listenerOptions),document.addEventListener("mousedown",e.listener.bind(e),e.listenerOptions),document.addEventListener("touchstart",e.listener.bind(e),e.listenerOptions)}},{key:"listener",value:function(e){var t=e.target.closest("a"),n=this._prepareUrl(t);if(null!==n)switch(e.type){case"mousedown":case"touchstart":this._addPrefetchLink(n);break;case"mouseover":this._earlyPrefetch(t,n,"mouseout")}}},{key:"_earlyPrefetch",value:function(t,e,n){var i=this,r=setTimeout(function(){if(r=null,0===i.numOnHover)setTimeout(function(){return i.numOnHover=0},1e3);else if(i.numOnHover&gt;i.config.rateThrottle)return;i.numOnHover++,i._addPrefetchLink(e)},this.config.onHoverDelay);t.addEventListener(n,function e(){t.removeEventListener(n,e,{passive:!0}),null!==r&amp;&amp;(clearTimeout(r),r=null)},{passive:!0})}},{key:"_addPrefetchLink",value:function(i){return this.prefetched.add(i.href),new Promise(function(e,t){var n=document.createElement("link");n.rel="prefetch",n.href=i.href,n.onload=e,n.onerror=t,document.head.appendChild(n)}).catch(function(){})}},{key:"_prepareUrl",value:function(e){if(null===e||"object"!==(void 0===e?"undefined":r(e))||!1 in e||-1===["http:","https:"].indexOf(e.protocol))return null;var t=e.href.substring(0,this.config.siteUrl.length),n=this._getPathname(e.href,t),i={original:e.href,protocol:e.protocol,origin:t,pathname:n,href:t+n};return this._isLinkOk(i)?i:null}},{key:"_getPathname",value:function(e,t){var n=t?e.substring(this.config.siteUrl.length):e;return n.startsWith("/")||(n="/"+n),this._shouldAddTrailingSlash(n)?n+"/":n}},{key:"_shouldAddTrailingSlash",value:function(e){return this.config.usesTrailingSlash&amp;&amp;!e.endsWith("/")&amp;&amp;!this.regex.fileExt.test(e)}},{key:"_isLinkOk",value:function(e){return null!==e&amp;&amp;"object"===(void 0===e?"undefined":r(e))&amp;&amp;(!this.prefetched.has(e.href)&amp;&amp;e.origin===this.config.siteUrl&amp;&amp;-1===e.href.indexOf("?")&amp;&amp;-1===e.href.indexOf("#")&amp;&amp;!this.regex.excludeUris.test(e.href)&amp;&amp;!this.regex.images.test(e.href))}}],[{key:"run",value:function(){"undefined"!=typeof RocketPreloadLinksConfig&amp;&amp;new n(new RocketBrowserCompatibilityChecker({capture:!0,passive:!0}),RocketPreloadLinksConfig).init()}}]),n}();t.run();
}());
</script>
    <script>
			/(trident|msie)/i.test(navigator.userAgent)&amp;&amp;document.getElementById&amp;&amp;window.addEventListener&amp;&amp;window.addEventListener("hashchange",function(){var t,e=location.hash.substring(1);/^[A-z0-9_-]+$/.test(e)&amp;&amp;(t=document.getElementById(e))&amp;&amp;(/^(?:a|select|input|button|textarea)$/i.test(t.tagName)||(t.tabIndex=-1),t.focus())},!1);
			</script>
  </body>
</html>
<html lang="en-US">
  <head>
    <meta charset="UTF-8"/>
    <meta name="viewport" content="width=device-width, initial-scale=1"/>
    <link rel="profile" href="https://gmpg.org/xfn/11"/>
    <title>Account – AskOmDch</title>
    <meta name="robots" content="max-image-preview:large, noindex, follow"/>
    <link id="astra-theme-css-css" rel="stylesheet" href="https://askomdch.com/wp-content/themes/astra/assets/css/minified/frontend.min.css?ver=3.7.5" media="all"/>
    <style id="astra-theme-css-inline-css">
html{font-size:93.75%;}a,.page-title{color:#4e4e4e;}a:hover,a:focus{color:#0084d6;}body,button,input,select,textarea,.ast-button,.ast-custom-button{font-family:'Lato',sans-serif;font-weight:400;font-size:15px;font-size:1rem;}blockquote{color:#000000;}h1,.entry-content h1,.entry-content h1 a,h2,.entry-content h2,.entry-content h2 a,h3,.entry-content h3,.entry-content h3 a,h4,.entry-content h4,.entry-content h4 a,h5,.entry-content h5,.entry-content h5 a,h6,.entry-content h6,.entry-content h6 a,.site-title,.site-title a{font-family:'Lato',sans-serif;font-weight:700;}.site-title{font-size:35px;font-size:2.3333333333333rem;display:block;}header .custom-logo-link img{max-width:140px;}.astra-logo-svg{width:140px;}.ast-archive-description .ast-archive-title{font-size:40px;font-size:2.6666666666667rem;}.site-header .site-description{font-size:15px;font-size:1rem;display:none;}.entry-title{font-size:30px;font-size:2rem;}h1,.entry-content h1,.entry-content h1 a{font-size:58px;font-size:3.8666666666667rem;font-family:'Lato',sans-serif;}h2,.entry-content h2,.entry-content h2 a{font-size:42px;font-size:2.8rem;font-family:'Lato',sans-serif;}h3,.entry-content h3,.entry-content h3 a{font-size:30px;font-size:2rem;font-family:'Lato',sans-serif;}h4,.entry-content h4,.entry-content h4 a{font-size:20px;font-size:1.3333333333333rem;font-family:'Lato',sans-serif;}h5,.entry-content h5,.entry-content h5 a{font-size:18px;font-size:1.2rem;font-family:'Lato',sans-serif;}h6,.entry-content h6,.entry-content h6 a{font-size:15px;font-size:1rem;font-family:'Lato',sans-serif;}.ast-single-post .entry-title,.page-title{font-size:30px;font-size:2rem;}::selection{background-color:#54595f;color:#ffffff;}body,h1,.entry-title a,.entry-content h1,.entry-content h1 a,h2,.entry-content h2,.entry-content h2 a,h3,.entry-content h3,.entry-content h3 a,h4,.entry-content h4,.entry-content h4 a,h5,.entry-content h5,.entry-content h5 a,h6,.entry-content h6,.entry-content h6 a{color:#333333;}.tagcloud a:hover,.tagcloud a:focus,.tagcloud a.current-item{color:#ffffff;border-color:#4e4e4e;background-color:#4e4e4e;}input:focus,input[type="text"]:focus,input[type="email"]:focus,input[type="url"]:focus,input[type="password"]:focus,input[type="reset"]:focus,input[type="search"]:focus,textarea:focus{border-color:#4e4e4e;}input[type="radio"]:checked,input[type=reset],input[type="checkbox"]:checked,input[type="checkbox"]:hover:checked,input[type="checkbox"]:focus:checked,input[type=range]::-webkit-slider-thumb{border-color:#4e4e4e;background-color:#4e4e4e;box-shadow:none;}.site-footer a:hover + .post-count,.site-footer a:focus + .post-count{background:#4e4e4e;border-color:#4e4e4e;}.single .nav-links .nav-previous,.single .nav-links .nav-next{color:#4e4e4e;}.entry-meta,.entry-meta *{line-height:1.45;color:#4e4e4e;}.entry-meta a:hover,.entry-meta a:hover *,.entry-meta a:focus,.entry-meta a:focus *,.page-links &gt; .page-link,.page-links .page-link:hover,.post-navigation a:hover{color:#0084d6;}#cat option,.secondary .calendar_wrap thead a,.secondary .calendar_wrap thead a:visited{color:#4e4e4e;}.secondary .calendar_wrap #today,.ast-progress-val span{background:#4e4e4e;}.secondary a:hover + .post-count,.secondary a:focus + .post-count{background:#4e4e4e;border-color:#4e4e4e;}.calendar_wrap #today &gt; a{color:#ffffff;}.page-links .page-link,.single .post-navigation a{color:#4e4e4e;}.widget-title{font-size:21px;font-size:1.4rem;color:#333333;}@media (max-width:921px){#ast-desktop-header{display:none;}}@media (min-width:921px){#ast-mobile-header{display:none;}}.ast-site-header-cart .cart-container,.ast-edd-site-header-cart .ast-edd-cart-container {transition: all 0.2s linear;}.ast-site-header-cart .ast-woo-header-cart-info-wrap,.ast-edd-site-header-cart .ast-edd-header-cart-info-wrap {padding: 0 2px;font-weight: 600;line-height: 2.7;display: inline-block;}.ast-site-header-cart i.astra-icon {font-size: 20px;font-size: 1.3em;font-style: normal;font-weight: normal;position: relative;padding: 0 2px;}.ast-site-header-cart i.astra-icon.no-cart-total:after,.ast-header-break-point.ast-header-custom-item-outside .ast-edd-header-cart-info-wrap,.ast-header-break-point.ast-header-custom-item-outside .ast-woo-header-cart-info-wrap {display: none;}.ast-site-header-cart.ast-menu-cart-fill i.astra-icon,.ast-edd-site-header-cart.ast-edd-menu-cart-fill span.astra-icon {font-size: 1.1em;}.astra-cart-drawer {position: fixed;display: block;visibility: hidden;overflow: auto;-webkit-overflow-scrolling: touch;z-index: 9999;background-color: #fff;transition: all 0.5s ease;transform: translate3d(0,0,0);}.astra-cart-drawer.open-right {width: 80%;height: 100%;left: 100%;top: 0px;transform: translate3d(0%,0,0);}.astra-cart-drawer.active {transform: translate3d(-100%,0,0);visibility: visible;}.astra-cart-drawer .astra-cart-drawer-header {text-align: center;text-transform: uppercase;font-weight: 400;border-bottom: 1px solid #f0f0f0;padding: 0 0 0.675rem;}.astra-cart-drawer .astra-cart-drawer-close .ast-close-svg {width: 22px;height: 22px; }.astra-cart-drawer .astra-cart-drawer-title {padding-top: 5px;}.astra-cart-drawer .astra-cart-drawer-content .woocommerce-mini-cart {padding: 1em 1.5em;}.astra-cart-drawer .astra-cart-drawer-content .woocommerce-mini-cart a.remove {width: 20px;height: 20px;line-height: 16px;}.astra-cart-drawer .astra-cart-drawer-content .woocommerce-mini-cart__total {padding: 1em 1.5em;margin: 0;text-align: center;}.astra-cart-drawer .astra-cart-drawer-content .woocommerce-mini-cart__buttons {padding: 10px;text-align: center;} .astra-cart-drawer .astra-cart-drawer-content .woocommerce-mini-cart__buttons .button.checkout {margin-right: 0;}.astra-cart-drawer .astra-cart-drawer-content .edd-cart-item {padding: .5em 2.6em .5em 1.5em;}.astra-cart-drawer .astra-cart-drawer-content .edd-cart-item .edd-remove-from-cart::after {width: 20px;height: 20px;line-height: 16px;}.astra-cart-drawer .astra-cart-drawer-content .edd-cart-number-of-items {padding: 1em 1.5em 1em 1.5em;margin-bottom: 0;text-align: center;}.astra-cart-drawer .astra-cart-drawer-content .edd_total {padding: .5em 1.5em;margin: 0;text-align: center;}.astra-cart-drawer .astra-cart-drawer-content .cart_item.edd_checkout {padding: 1em 1.5em 0;text-align: center;margin-top: 0;}.astra-cart-drawer .woocommerce-mini-cart__empty-message,.astra-cart-drawer .cart_item.empty {text-align: center;margin-top: 10px;}body.admin-bar .astra-cart-drawer {padding-top: 32px;}body.admin-bar .astra-cart-drawer .astra-cart-drawer-close {top: 32px;}@media (max-width: 782px) {body.admin-bar .astra-cart-drawer {padding-top: 46px;}body.admin-bar .astra-cart-drawer .astra-cart-drawer-close {top: 46px;}}.ast-mobile-cart-active body.ast-hfb-header {overflow: hidden;}.ast-mobile-cart-active .astra-mobile-cart-overlay {opacity: 1;cursor: pointer;visibility: visible;z-index: 999;}@media (max-width: 545px) {.astra-cart-drawer.active {width: 100%;}}.ast-site-header-cart i.astra-icon:after {content: attr(data-cart-total);position: absolute;font-style: normal;top: -10px;right: -12px;font-weight: bold;box-shadow: 1px 1px 3px 0px rgba(0,0,0,0.3);font-size: 11px;padding-left: 0px;padding-right: 2px;line-height: 17px;letter-spacing: -.5px;height: 18px;min-width: 18px;border-radius: 99px;text-align: center;z-index: 3;}li.woocommerce-custom-menu-item .ast-site-header-cart i.astra-icon:after,li.edd-custom-menu-item .ast-edd-site-header-cart span.astra-icon:after {padding-left: 2px;}.astra-cart-drawer .astra-cart-drawer-close {position: absolute;top: 0;right: 0;margin: 0;padding: .6em 1em .4em;color: #ababab;background-color: transparent;}.astra-mobile-cart-overlay {background-color: rgba(0,0,0,0.4);position: fixed;top: 0;right: 0;bottom: 0;left: 0;visibility: hidden;opacity: 0;transition: opacity 0.2s ease-in-out;}.astra-cart-drawer .astra-cart-drawer-content .edd-cart-item .edd-remove-from-cart {right: 1.2em;}.ast-header-break-point.ast-woocommerce-cart-menu.ast-hfb-header .ast-cart-menu-wrap,.ast-header-break-point.ast-hfb-header .ast-cart-menu-wrap,.ast-header-break-point .ast-edd-site-header-cart-wrap .ast-edd-cart-menu-wrap {width: 2em;height: 2em;font-size: 1.4em;line-height: 2;vertical-align: middle;text-align: right;}.ast-site-header-cart.ast-menu-cart-outline .ast-cart-menu-wrap,.ast-site-header-cart.ast-menu-cart-fill .ast-cart-menu-wrap,.ast-edd-site-header-cart.ast-edd-menu-cart-outline .ast-edd-cart-menu-wrap,.ast-edd-site-header-cart.ast-edd-menu-cart-fill .ast-edd-cart-menu-wrap {line-height: 1.8;}.ast-site-header-cart .cart-container *,.ast-edd-site-header-cart .ast-edd-cart-container * {transition: all 0s linear;}.wp-block-buttons.aligncenter{justify-content:center;}@media (min-width:1200px){.wp-block-group .has-background{padding:20px;}}@media (min-width:1200px){.ast-no-sidebar.ast-separate-container .entry-content .wp-block-group.alignwide,.ast-no-sidebar.ast-separate-container .entry-content .wp-block-cover.alignwide{margin-left:-20px;margin-right:-20px;padding-left:20px;padding-right:20px;}.ast-no-sidebar.ast-separate-container .entry-content .wp-block-cover.alignfull,.ast-no-sidebar.ast-separate-container .entry-content .wp-block-group.alignfull{margin-left:-6.67em;margin-right:-6.67em;padding-left:6.67em;padding-right:6.67em;}}@media (min-width:1200px){.wp-block-cover-image.alignwide .wp-block-cover__inner-container,.wp-block-cover.alignwide .wp-block-cover__inner-container,.wp-block-cover-image.alignfull .wp-block-cover__inner-container,.wp-block-cover.alignfull .wp-block-cover__inner-container{width:100%;}}.ast-plain-container.ast-no-sidebar #primary{margin-top:0;margin-bottom:0;}@media (max-width:921px){.ast-theme-transparent-header #primary,.ast-theme-transparent-header #secondary{padding:0;}}.wp-block-columns{margin-bottom:unset;}.wp-block-image.size-full{margin:2rem 0;}.wp-block-separator.has-background{padding:0;}.wp-block-gallery{margin-bottom:1.6em;}.wp-block-group{padding-top:4em;padding-bottom:4em;}.wp-block-group__inner-container .wp-block-columns:last-child,.wp-block-group__inner-container :last-child,.wp-block-table table{margin-bottom:0;}.blocks-gallery-grid{width:100%;}.wp-block-navigation-link__content{padding:5px 0;}.wp-block-group .wp-block-group .has-text-align-center,.wp-block-group .wp-block-column .has-text-align-center{max-width:100%;}.has-text-align-center{margin:0 auto;}@media (min-width:1200px){.wp-block-cover__inner-container,.alignwide .wp-block-group__inner-container,.alignfull .wp-block-group__inner-container{max-width:1200px;margin:0 auto;}.wp-block-group.alignnone,.wp-block-group.aligncenter,.wp-block-group.alignleft,.wp-block-group.alignright,.wp-block-group.alignwide,.wp-block-columns.alignwide{margin:2rem 0 1rem 0;}}@media (max-width:1200px){.wp-block-group{padding:3em;}.wp-block-group .wp-block-group{padding:1.5em;}.wp-block-columns,.wp-block-column{margin:1rem 0;}}@media (min-width:921px){.wp-block-columns .wp-block-group{padding:2em;}}@media (max-width:544px){.wp-block-cover-image .wp-block-cover__inner-container,.wp-block-cover .wp-block-cover__inner-container{width:unset;}.wp-block-cover,.wp-block-cover-image{padding:2em 0;}.wp-block-group,.wp-block-cover{padding:2em;}.wp-block-media-text__media img,.wp-block-media-text__media video{width:unset;max-width:100%;}.wp-block-media-text.has-background .wp-block-media-text__content{padding:1em;}}@media (max-width:921px){.ast-plain-container.ast-no-sidebar #primary{padding:0;}}@media (min-width:544px){.entry-content .wp-block-media-text.has-media-on-the-right .wp-block-media-text__content{padding:0 8% 0 0;}.entry-content .wp-block-media-text .wp-block-media-text__content{padding:0 0 0 8%;}.ast-plain-container .site-content .entry-content .has-custom-content-position.is-position-bottom-left &gt; *,.ast-plain-container .site-content .entry-content .has-custom-content-position.is-position-bottom-right &gt; *,.ast-plain-container .site-content .entry-content .has-custom-content-position.is-position-top-left &gt; *,.ast-plain-container .site-content .entry-content .has-custom-content-position.is-position-top-right &gt; *,.ast-plain-container .site-content .entry-content .has-custom-content-position.is-position-center-right &gt; *,.ast-plain-container .site-content .entry-content .has-custom-content-position.is-position-center-left &gt; *{margin:0;}}@media (max-width:544px){.entry-content .wp-block-media-text .wp-block-media-text__content{padding:8% 0;}.wp-block-media-text .wp-block-media-text__media img{width:auto;max-width:100%;}}@media (max-width:921px){.ast-separate-container .ast-article-post,.ast-separate-container .ast-article-single{padding:1.5em 2.14em;}.ast-separate-container #primary,.ast-separate-container #secondary{padding:1.5em 0;}#primary,#secondary{padding:1.5em 0;margin:0;}.ast-left-sidebar #content &gt; .ast-container{display:flex;flex-direction:column-reverse;width:100%;}.ast-author-box img.avatar{margin:20px 0 0 0;}}@media (min-width:922px){.ast-separate-container.ast-right-sidebar #primary,.ast-separate-container.ast-left-sidebar #primary{border:0;}.search-no-results.ast-separate-container #primary{margin-bottom:4em;}}.elementor-button-wrapper .elementor-button{border-style:solid;text-decoration:none;border-top-width:0;border-right-width:0;border-left-width:0;border-bottom-width:0;}body .elementor-button.elementor-size-sm,body .elementor-button.elementor-size-xs,body .elementor-button.elementor-size-md,body .elementor-button.elementor-size-lg,body .elementor-button.elementor-size-xl,body .elementor-button{border-radius:0;padding-top:17px;padding-right:30px;padding-bottom:17px;padding-left:30px;}.elementor-button-wrapper .elementor-button{border-color:#3197d6;background-color:#3197d6;}.elementor-button-wrapper .elementor-button:hover,.elementor-button-wrapper .elementor-button:focus{color:#ffffff;background-color:#0084d6;border-color:#0084d6;}.wp-block-button .wp-block-button__link ,.elementor-button-wrapper .elementor-button,.elementor-button-wrapper .elementor-button:visited{color:#ffffff;}.elementor-button-wrapper .elementor-button{font-family:inherit;font-weight:inherit;line-height:1;text-transform:uppercase;letter-spacing:1px;}body .elementor-button.elementor-size-sm,body .elementor-button.elementor-size-xs,body .elementor-button.elementor-size-md,body .elementor-button.elementor-size-lg,body .elementor-button.elementor-size-xl,body .elementor-button{font-size:15px;font-size:1rem;}.wp-block-button .wp-block-button__link:hover,.wp-block-button .wp-block-button__link:focus{color:#ffffff;background-color:#0084d6;border-color:#0084d6;}.wp-block-button .wp-block-button__link{border-style:solid;border-top-width:0;border-right-width:0;border-left-width:0;border-bottom-width:0;border-color:#3197d6;background-color:#3197d6;color:#ffffff;font-family:inherit;font-weight:inherit;line-height:1;text-transform:uppercase;letter-spacing:1px;font-size:15px;font-size:1rem;border-radius:0;}.wp-block-buttons .wp-block-button .wp-block-button__link{padding-top:17px;padding-right:30px;padding-bottom:17px;padding-left:30px;}.menu-toggle,button,.ast-button,.ast-custom-button,.button,input#submit,input[type="button"],input[type="submit"],input[type="reset"]{border-style:solid;border-top-width:0;border-right-width:0;border-left-width:0;border-bottom-width:0;color:#ffffff;border-color:#3197d6;background-color:#3197d6;border-radius:0;padding-top:17px;padding-right:30px;padding-bottom:17px;padding-left:30px;font-family:inherit;font-weight:inherit;font-size:15px;font-size:1rem;line-height:1;text-transform:uppercase;letter-spacing:1px;}button:focus,.menu-toggle:hover,button:hover,.ast-button:hover,.ast-custom-button:hover .button:hover,.ast-custom-button:hover ,input[type=reset]:hover,input[type=reset]:focus,input#submit:hover,input#submit:focus,input[type="button"]:hover,input[type="button"]:focus,input[type="submit"]:hover,input[type="submit"]:focus{color:#ffffff;background-color:#0084d6;border-color:#0084d6;}@media (min-width:544px){.ast-container{max-width:100%;}}@media (max-width:544px){.ast-separate-container .ast-article-post,.ast-separate-container .ast-article-single,.ast-separate-container .comments-title,.ast-separate-container .ast-archive-description{padding:1.5em 1em;}.ast-separate-container #content .ast-container{padding-left:0.54em;padding-right:0.54em;}.ast-separate-container .ast-comment-list li.depth-1{padding:1.5em 1em;margin-bottom:1.5em;}.ast-separate-container .ast-comment-list .bypostauthor{padding:.5em;}.ast-search-menu-icon.ast-dropdown-active .search-field{width:170px;}}@media (max-width:921px){.ast-mobile-header-stack .main-header-bar .ast-search-menu-icon{display:inline-block;}.ast-header-break-point.ast-header-custom-item-outside .ast-mobile-header-stack .main-header-bar .ast-search-icon{margin:0;}.ast-comment-avatar-wrap img{max-width:2.5em;}.ast-separate-container .ast-comment-list li.depth-1{padding:1.5em 2.14em;}.ast-separate-container .comment-respond{padding:2em 2.14em;}.ast-comment-meta{padding:0 1.8888em 1.3333em;}}body,.ast-separate-container{background-color:#f9f9f9;;}.ast-no-sidebar.ast-separate-container .entry-content .alignfull {margin-left: -6.67em;margin-right: -6.67em;width: auto;}@media (max-width: 1200px) {.ast-no-sidebar.ast-separate-container .entry-content .alignfull {margin-left: -2.4em;margin-right: -2.4em;}}@media (max-width: 768px) {.ast-no-sidebar.ast-separate-container .entry-content .alignfull {margin-left: -2.14em;margin-right: -2.14em;}}@media (max-width: 544px) {.ast-no-sidebar.ast-separate-container .entry-content .alignfull {margin-left: -1em;margin-right: -1em;}}.ast-no-sidebar.ast-separate-container .entry-content .alignwide {margin-left: -20px;margin-right: -20px;}.ast-no-sidebar.ast-separate-container .entry-content .wp-block-column .alignfull,.ast-no-sidebar.ast-separate-container .entry-content .wp-block-column .alignwide {margin-left: auto;margin-right: auto;width: 100%;}@media (max-width:921px){.site-title{display:block;}.ast-archive-description .ast-archive-title{font-size:40px;}.site-header .site-description{display:none;}.entry-title{font-size:30px;}h1,.entry-content h1,.entry-content h1 a{font-size:30px;}h2,.entry-content h2,.entry-content h2 a{font-size:25px;}h3,.entry-content h3,.entry-content h3 a{font-size:20px;}.ast-single-post .entry-title,.page-title{font-size:30px;}.astra-logo-svg{width:120px;}header .custom-logo-link img,.ast-header-break-point .site-logo-img .custom-mobile-logo-link img{max-width:120px;}}@media (max-width:544px){.site-title{display:block;}.ast-archive-description .ast-archive-title{font-size:40px;}.site-header .site-description{display:none;}.entry-title{font-size:30px;}h1,.entry-content h1,.entry-content h1 a{font-size:30px;}h2,.entry-content h2,.entry-content h2 a{font-size:25px;}h3,.entry-content h3,.entry-content h3 a{font-size:20px;}.ast-single-post .entry-title,.page-title{font-size:30px;}header .custom-logo-link img,.ast-header-break-point .site-branding img,.ast-header-break-point .custom-logo-link img{max-width:120px;}.astra-logo-svg{width:120px;}.ast-header-break-point .site-logo-img .custom-mobile-logo-link img{max-width:120px;}}@media (max-width:921px){html{font-size:85.5%;}}@media (max-width:544px){html{font-size:85.5%;}}@media (min-width:922px){.ast-container{max-width:1240px;}}@font-face {font-family: "Astra";src: url(https://askomdch.com/wp-content/themes/astra/assets/fonts/astra.woff) format("woff"),url(https://askomdch.com/wp-content/themes/astra/assets/fonts/astra.ttf) format("truetype"),url(https://askomdch.com/wp-content/themes/astra/assets/fonts/astra.svg#astra) format("svg");font-weight: normal;font-style: normal;font-display: fallback;}@media (min-width:922px){.main-header-menu .sub-menu .menu-item.ast-left-align-sub-menu:hover &gt; .sub-menu,.main-header-menu .sub-menu .menu-item.ast-left-align-sub-menu.focus &gt; .sub-menu{margin-left:-2px;}}.ast-theme-transparent-header [data-section="section-header-mobile-trigger"] .ast-button-wrap .ast-mobile-menu-trigger-minimal{background:transparent;}.footer-widget-area[data-section^="section-fb-html-"] .ast-builder-html-element{text-align:center;}.astra-icon-down_arrow::after {content: "\e900";font-family: Astra;}.astra-icon-close::after {content: "\e5cd";font-family: Astra;}.astra-icon-drag_handle::after {content: "\e25d";font-family: Astra;}.astra-icon-format_align_justify::after {content: "\e235";font-family: Astra;}.astra-icon-menu::after {content: "\e5d2";font-family: Astra;}.astra-icon-reorder::after {content: "\e8fe";font-family: Astra;}.astra-icon-search::after {content: "\e8b6";font-family: Astra;}.astra-icon-zoom_in::after {content: "\e56b";font-family: Astra;}.astra-icon-check-circle::after {content: "\e901";font-family: Astra;}.astra-icon-shopping-cart::after {content: "\f07a";font-family: Astra;}.astra-icon-shopping-bag::after {content: "\f290";font-family: Astra;}.astra-icon-shopping-basket::after {content: "\f291";font-family: Astra;}.astra-icon-circle-o::after {content: "\e903";font-family: Astra;}.astra-icon-certificate::after {content: "\e902";font-family: Astra;}blockquote {padding: 1.2em;}.ast-header-break-point .ast-mobile-header-wrap .ast-above-header-wrap .main-header-bar-navigation .inline-on-mobile .menu-item .menu-link,.ast-header-break-point .ast-mobile-header-wrap .ast-main-header-wrap .main-header-bar-navigation .inline-on-mobile .menu-item .menu-link,.ast-header-break-point .ast-mobile-header-wrap .ast-below-header-wrap .main-header-bar-navigation .inline-on-mobile .menu-item .menu-link {border: none;}.ast-header-break-point .ast-mobile-header-wrap .ast-above-header-wrap .main-header-bar-navigation .inline-on-mobile .menu-item-has-children &gt; .ast-menu-toggle::before,.ast-header-break-point .ast-mobile-header-wrap .ast-main-header-wrap .main-header-bar-navigation .inline-on-mobile .menu-item-has-children &gt; .ast-menu-toggle::before,.ast-header-break-point .ast-mobile-header-wrap .ast-below-header-wrap .main-header-bar-navigation .inline-on-mobile .menu-item-has-children &gt; .ast-menu-toggle::before {font-size: .6rem;}.ast-header-break-point .ast-mobile-header-wrap .ast-flex.inline-on-mobile {flex-wrap: unset;}.ast-header-break-point .ast-mobile-header-wrap .ast-flex.inline-on-mobile .menu-item.ast-submenu-expanded &gt; .sub-menu .menu-link {padding: .1em 1em;}.ast-header-break-point .ast-mobile-header-wrap .ast-flex.inline-on-mobile .menu-item.ast-submenu-expanded &gt; .sub-menu &gt; .menu-item .ast-menu-toggle::before {transform: rotate(-90deg);}.ast-header-break-point .ast-mobile-header-wrap .ast-flex.inline-on-mobile .menu-item.ast-submenu-expanded &gt; .sub-menu &gt; .menu-item.ast-submenu-expanded .ast-menu-toggle::before {transform: rotate(-270deg);}.ast-header-break-point .ast-mobile-header-wrap .ast-flex.inline-on-mobile .menu-item &gt; .sub-menu &gt; .menu-item .menu-link:before {content: none;}.ast-header-break-point .ast-mobile-header-wrap .ast-flex.inline-on-mobile {flex-wrap: unset;}.ast-header-break-point .ast-mobile-header-wrap .ast-flex.inline-on-mobile .menu-item.ast-submenu-expanded &gt; .sub-menu .menu-link {padding: .1em 1em;}.ast-header-break-point .ast-mobile-header-wrap .ast-flex.inline-on-mobile .menu-item.ast-submenu-expanded &gt; .sub-menu &gt; .menu-item .ast-menu-toggle::before {transform: rotate(-90deg);}.ast-header-break-point .ast-mobile-header-wrap .ast-flex.inline-on-mobile .menu-item.ast-submenu-expanded &gt; .sub-menu &gt; .menu-item.ast-submenu-expanded .ast-menu-toggle::before {transform: rotate(-270deg);}.ast-header-break-point .ast-mobile-header-wrap .ast-flex.inline-on-mobile .menu-item &gt; .sub-menu &gt; .menu-item .menu-link:before {content: none;}.ast-header-break-point .inline-on-mobile .sub-menu {width: 150px;}.ast-header-break-point .ast-mobile-header-wrap .ast-flex.inline-on-mobile .menu-item.menu-item-has-children {margin-right: 10px;}.ast-header-break-point .ast-mobile-header-wrap .ast-flex.inline-on-mobile .menu-item.ast-submenu-expanded &gt; .sub-menu {display: block;position: absolute;right: auto;left: 0;}.ast-header-break-point .ast-mobile-header-wrap .ast-flex.inline-on-mobile .menu-item.ast-submenu-expanded &gt; .sub-menu .menu-item .ast-menu-toggle {padding: 0;right: 1em;}.ast-header-break-point .ast-mobile-header-wrap .ast-flex.inline-on-mobile .menu-item.ast-submenu-expanded &gt; .sub-menu &gt; .menu-item &gt; .sub-menu {left: 100%;right: auto;}.ast-header-break-point .ast-mobile-header-wrap .ast-flex.inline-on-mobile .ast-menu-toggle {right: -15px;}.ast-header-break-point .ast-mobile-header-wrap .ast-flex.inline-on-mobile .menu-item.menu-item-has-children {margin-right: 10px;}.ast-header-break-point .ast-mobile-header-wrap .ast-flex.inline-on-mobile .menu-item.ast-submenu-expanded &gt; .sub-menu {display: block;position: absolute;right: auto;left: 0;}.ast-header-break-point .ast-mobile-header-wrap .ast-flex.inline-on-mobile .menu-item.ast-submenu-expanded &gt; .sub-menu &gt; .menu-item &gt; .sub-menu {left: 100%;right: auto;}.ast-header-break-point .ast-mobile-header-wrap .ast-flex.inline-on-mobile .ast-menu-toggle {right: -15px;}:root .has-ast-global-color-0-color{color:var(--ast-global-color-0);}:root .has-ast-global-color-0-background-color{background-color:var(--ast-global-color-0);}:root .wp-block-button .has-ast-global-color-0-color{color:var(--ast-global-color-0);}:root .wp-block-button .has-ast-global-color-0-background-color{background-color:var(--ast-global-color-0);}:root .has-ast-global-color-1-color{color:var(--ast-global-color-1);}:root .has-ast-global-color-1-background-color{background-color:var(--ast-global-color-1);}:root .wp-block-button .has-ast-global-color-1-color{color:var(--ast-global-color-1);}:root .wp-block-button .has-ast-global-color-1-background-color{background-color:var(--ast-global-color-1);}:root .has-ast-global-color-2-color{color:var(--ast-global-color-2);}:root .has-ast-global-color-2-background-color{background-color:var(--ast-global-color-2);}:root .wp-block-button .has-ast-global-color-2-color{color:var(--ast-global-color-2);}:root .wp-block-button .has-ast-global-color-2-background-color{background-color:var(--ast-global-color-2);}:root .has-ast-global-color-3-color{color:var(--ast-global-color-3);}:root .has-ast-global-color-3-background-color{background-color:var(--ast-global-color-3);}:root .wp-block-button .has-ast-global-color-3-color{color:var(--ast-global-color-3);}:root .wp-block-button .has-ast-global-color-3-background-color{background-color:var(--ast-global-color-3);}:root .has-ast-global-color-4-color{color:var(--ast-global-color-4);}:root .has-ast-global-color-4-background-color{background-color:var(--ast-global-color-4);}:root .wp-block-button .has-ast-global-color-4-color{color:var(--ast-global-color-4);}:root .wp-block-button .has-ast-global-color-4-background-color{background-color:var(--ast-global-color-4);}:root .has-ast-global-color-5-color{color:var(--ast-global-color-5);}:root .has-ast-global-color-5-background-color{background-color:var(--ast-global-color-5);}:root .wp-block-button .has-ast-global-color-5-color{color:var(--ast-global-color-5);}:root .wp-block-button .has-ast-global-color-5-background-color{background-color:var(--ast-global-color-5);}:root .has-ast-global-color-6-color{color:var(--ast-global-color-6);}:root .has-ast-global-color-6-background-color{background-color:var(--ast-global-color-6);}:root .wp-block-button .has-ast-global-color-6-color{color:var(--ast-global-color-6);}:root .wp-block-button .has-ast-global-color-6-background-color{background-color:var(--ast-global-color-6);}:root .has-ast-global-color-7-color{color:var(--ast-global-color-7);}:root .has-ast-global-color-7-background-color{background-color:var(--ast-global-color-7);}:root .wp-block-button .has-ast-global-color-7-color{color:var(--ast-global-color-7);}:root .wp-block-button .has-ast-global-color-7-background-color{background-color:var(--ast-global-color-7);}:root .has-ast-global-color-8-color{color:var(--ast-global-color-8);}:root .has-ast-global-color-8-background-color{background-color:var(--ast-global-color-8);}:root .wp-block-button .has-ast-global-color-8-color{color:var(--ast-global-color-8);}:root .wp-block-button .has-ast-global-color-8-background-color{background-color:var(--ast-global-color-8);}:root{--ast-global-color-0:#0170B9;--ast-global-color-1:#3a3a3a;--ast-global-color-2:#3a3a3a;--ast-global-color-3:#4B4F58;--ast-global-color-4:#F5F5F5;--ast-global-color-5:#FFFFFF;--ast-global-color-6:#F2F5F7;--ast-global-color-7:#424242;--ast-global-color-8:#000000;}.ast-theme-transparent-header #masthead .site-logo-img .transparent-custom-logo .astra-logo-svg{width:140px;}.ast-theme-transparent-header #masthead .site-logo-img .transparent-custom-logo img{ max-width:140px;}@media (min-width:921px){.ast-theme-transparent-header #masthead{position:absolute;left:0;right:0;}.ast-theme-transparent-header .main-header-bar,.ast-theme-transparent-header.ast-header-break-point .main-header-bar{background:none;}body.elementor-editor-active.ast-theme-transparent-header #masthead,.fl-builder-edit .ast-theme-transparent-header #masthead,body.vc_editor.ast-theme-transparent-header #masthead,body.brz-ed.ast-theme-transparent-header #masthead{z-index:0;}.ast-header-break-point.ast-replace-site-logo-transparent.ast-theme-transparent-header .custom-mobile-logo-link{display:none;}.ast-header-break-point.ast-replace-site-logo-transparent.ast-theme-transparent-header .transparent-custom-logo{display:inline-block;}.ast-theme-transparent-header .ast-above-header,.ast-theme-transparent-header .ast-above-header.ast-above-header-bar{background-image:none;background-color:transparent;}.ast-theme-transparent-header .ast-below-header{background-image:none;background-color:transparent;}}@media (min-width:922px){.ast-theme-transparent-header .main-header-bar,.ast-theme-transparent-header.ast-header-break-point .main-header-bar-wrap .main-header-menu,.ast-theme-transparent-header.ast-header-break-point .main-header-bar-wrap .main-header-bar,.ast-theme-transparent-header.ast-header-break-point .ast-mobile-header-wrap .main-header-bar{background-color:rgba(0,0,0,0.07);}.ast-theme-transparent-header .main-header-bar .ast-search-menu-icon form{background-color:rgba(0,0,0,0.07);}.ast-theme-transparent-header .ast-above-header,.ast-theme-transparent-header .ast-above-header.ast-above-header-bar,.ast-theme-transparent-header .ast-below-header,.ast-header-break-point.ast-theme-transparent-header .ast-above-header,.ast-header-break-point.ast-theme-transparent-header .ast-below-header{background-color:rgba(0,0,0,0.07);}.ast-theme-transparent-header .site-title a,.ast-theme-transparent-header .site-title a:focus,.ast-theme-transparent-header .site-title a:hover,.ast-theme-transparent-header .site-title a:visited{color:#ffffff;}.ast-theme-transparent-header .site-header .site-description{color:#ffffff;}.ast-theme-transparent-header .ast-builder-menu .main-header-menu .menu-item .sub-menu .menu-item .menu-link,.ast-theme-transparent-header .ast-builder-menu .main-header-menu .menu-item .sub-menu .menu-item &gt; .ast-menu-toggle,.ast-theme-transparent-header .main-header-menu .menu-item .sub-menu .menu-link,.ast-header-break-point.ast-flyout-menu-enable.ast-header-break-point .main-header-bar-navigation .main-header-menu .menu-item .sub-menu .menu-link{color:#333333;}.ast-theme-transparent-header .ast-builder-menu .main-header-menu .menu-item .sub-menu .menu-link:hover,.ast-theme-transparent-header .ast-builder-menu .main-header-menu .menu-item .sub-menu .menu-item:hover &gt; .menu-link,.ast-theme-transparent-header .ast-builder-menu .main-header-menu .menu-item .sub-menu .menu-item.focus &gt; .menu-item,.ast-theme-transparent-header .ast-builder-menu .main-header-menu .menu-item .sub-menu .menu-item.current-menu-item &gt; .menu-link,.ast-theme-transparent-header .ast-builder-menu .main-header-menu .menu-item .sub-menu .menu-item.current-menu-item &gt; .ast-menu-toggle,.ast-theme-transparent-header .ast-builder-menu .main-header-menu .menu-item .sub-menu .menu-item:hover &gt; .ast-menu-toggle,.ast-theme-transparent-header .ast-builder-menu .main-header-menu .menu-item .sub-menu .menu-item.focus &gt; .ast-menu-toggle,.ast-theme-transparent-header .main-header-menu .menu-item .sub-menu .menu-item:hover &gt; .menu-link,.ast-header-break-point.ast-flyout-menu-enable.ast-header-break-point .main-header-bar-navigation .main-header-menu .menu-item .sub-menu .menu-link{color:#000000;}.ast-theme-transparent-header .ast-builder-menu .main-header-menu,.ast-theme-transparent-header .ast-builder-menu .main-header-menu .menu-link,.ast-theme-transparent-header [CLASS*="ast-builder-menu-"] .main-header-menu .menu-item &gt; .menu-link,.ast-theme-transparent-header .ast-masthead-custom-menu-items,.ast-theme-transparent-header .ast-masthead-custom-menu-items a,.ast-theme-transparent-header .ast-builder-menu .main-header-menu .menu-item &gt; .ast-menu-toggle,.ast-theme-transparent-header .ast-builder-menu .main-header-menu .menu-item &gt; .ast-menu-toggle,.ast-theme-transparent-header .ast-above-header-navigation a,.ast-header-break-point.ast-theme-transparent-header .ast-above-header-navigation a,.ast-header-break-point.ast-theme-transparent-header .ast-above-header-navigation &gt; ul.ast-above-header-menu &gt; .menu-item-has-children:not(.current-menu-item) &gt; .ast-menu-toggle,.ast-theme-transparent-header .ast-below-header-menu,.ast-theme-transparent-header .ast-below-header-menu a,.ast-header-break-point.ast-theme-transparent-header .ast-below-header-menu a,.ast-header-break-point.ast-theme-transparent-header .ast-below-header-menu,.ast-theme-transparent-header .main-header-menu .menu-link{color:#cecece;}.ast-theme-transparent-header .ast-builder-menu .main-header-menu .menu-item:hover &gt; .menu-link,.ast-theme-transparent-header .ast-builder-menu .main-header-menu .menu-item:hover &gt; .ast-menu-toggle,.ast-theme-transparent-header .ast-builder-menu .main-header-menu .ast-masthead-custom-menu-items a:hover,.ast-theme-transparent-header .ast-builder-menu .main-header-menu .focus &gt; .menu-link,.ast-theme-transparent-header .ast-builder-menu .main-header-menu .focus &gt; .ast-menu-toggle,.ast-theme-transparent-header .ast-builder-menu .main-header-menu .current-menu-item &gt; .menu-link,.ast-theme-transparent-header .ast-builder-menu .main-header-menu .current-menu-ancestor &gt; .menu-link,.ast-theme-transparent-header .ast-builder-menu .main-header-menu .current-menu-item &gt; .ast-menu-toggle,.ast-theme-transparent-header .ast-builder-menu .main-header-menu .current-menu-ancestor &gt; .ast-menu-toggle,.ast-theme-transparent-header [CLASS*="ast-builder-menu-"] .main-header-menu .current-menu-item &gt; .menu-link,.ast-theme-transparent-header [CLASS*="ast-builder-menu-"] .main-header-menu .current-menu-ancestor &gt; .menu-link,.ast-theme-transparent-header [CLASS*="ast-builder-menu-"] .main-header-menu .current-menu-item &gt; .ast-menu-toggle,.ast-theme-transparent-header [CLASS*="ast-builder-menu-"] .main-header-menu .current-menu-ancestor &gt; .ast-menu-toggle,.ast-theme-transparent-header .main-header-menu .menu-item:hover &gt; .menu-link,.ast-theme-transparent-header .main-header-menu .current-menu-item &gt; .menu-link,.ast-theme-transparent-header .main-header-menu .current-menu-ancestor &gt; .menu-link{color:#ffffff;}.ast-theme-transparent-header div.ast-masthead-custom-menu-items,.ast-theme-transparent-header div.ast-masthead-custom-menu-items .widget,.ast-theme-transparent-header div.ast-masthead-custom-menu-items .widget-title,.ast-theme-transparent-header .site-header-section [CLASS*="ast-header-html-"] .ast-builder-html-element{color:#000000;}.ast-theme-transparent-header div.ast-masthead-custom-menu-items a,.ast-theme-transparent-header div.ast-masthead-custom-menu-items .widget a,.ast-theme-transparent-header .site-header-section [CLASS*="ast-header-html-"] .ast-builder-html-element a{color:#cecece;}.ast-theme-transparent-header div.ast-masthead-custom-menu-items a:hover,.ast-theme-transparent-header div.ast-masthead-custom-menu-items .widget a:hover,.ast-theme-transparent-header .site-header-section [CLASS*="ast-header-html-"] .ast-builder-html-element a:hover{color:#ffffff;}}@media (max-width:921px){.transparent-custom-logo{display:none;}}@media (min-width:921px){.ast-transparent-mobile-logo{display:none;}}@media (max-width:921px){.ast-transparent-mobile-logo{display:block;}}@media (min-width:921px){.ast-theme-transparent-header #ast-desktop-header &gt; [CLASS*="-header-wrap"]:nth-last-child(2) &gt; [CLASS*="-header-bar"]{border-bottom-width:0;border-bottom-style:solid;border-bottom-color:rgba(0,0,0,0);}}.ast-breadcrumbs .trail-browse,.ast-breadcrumbs .trail-items,.ast-breadcrumbs .trail-items li{display:inline-block;margin:0;padding:0;border:none;background:inherit;text-indent:0;}.ast-breadcrumbs .trail-browse{font-size:inherit;font-style:inherit;font-weight:inherit;color:inherit;}.ast-breadcrumbs .trail-items{list-style:none;}.trail-items li::after{padding:0 0.3em;content:"\00bb";}.trail-items li:last-of-type::after{display:none;}h1,.entry-content h1,h2,.entry-content h2,h3,.entry-content h3,h4,.entry-content h4,h5,.entry-content h5,h6,.entry-content h6{color:var(--ast-global-color-2);}@media (max-width:921px){.ast-builder-grid-row-container.ast-builder-grid-row-tablet-3-firstrow .ast-builder-grid-row &gt; *:first-child,.ast-builder-grid-row-container.ast-builder-grid-row-tablet-3-lastrow .ast-builder-grid-row &gt; *:last-child{grid-column:1 / -1;}}@media (max-width:544px){.ast-builder-grid-row-container.ast-builder-grid-row-mobile-3-firstrow .ast-builder-grid-row &gt; *:first-child,.ast-builder-grid-row-container.ast-builder-grid-row-mobile-3-lastrow .ast-builder-grid-row &gt; *:last-child{grid-column:1 / -1;}}.ast-builder-layout-element[data-section="title_tagline"]{display:flex;}@media (max-width:921px){.ast-header-break-point .ast-builder-layout-element[data-section="title_tagline"]{display:flex;}}@media (max-width:544px){.ast-header-break-point .ast-builder-layout-element[data-section="title_tagline"]{display:flex;}}.ast-builder-menu-1{font-family:inherit;font-weight:normal;}.ast-builder-menu-1 .menu-item.current-menu-item &gt; .menu-link,.ast-builder-menu-1 .inline-on-mobile .menu-item.current-menu-item &gt; .ast-menu-toggle,.ast-builder-menu-1 .current-menu-ancestor &gt; .menu-link{color:#602bb7;}.ast-builder-menu-1 .menu-item.current-menu-item &gt; .ast-menu-toggle{color:#602bb7;}.ast-builder-menu-1 .sub-menu,.ast-builder-menu-1 .inline-on-mobile .sub-menu{border-top-width:1px;border-bottom-width:1px;border-right-width:1px;border-left-width:1px;border-color:#dddddd;border-style:solid;border-radius:0;}.ast-builder-menu-1 .main-header-menu &gt; .menu-item &gt; .sub-menu,.ast-builder-menu-1 .main-header-menu &gt; .menu-item &gt; .astra-full-megamenu-wrapper{margin-top:0;}.ast-desktop .ast-builder-menu-1 .main-header-menu &gt; .menu-item &gt; .sub-menu:before,.ast-desktop .ast-builder-menu-1 .main-header-menu &gt; .menu-item &gt; .astra-full-megamenu-wrapper:before{height:calc( 0px + 5px );}.ast-desktop .ast-builder-menu-1 .menu-item .sub-menu .menu-link{border-bottom-width:1px;border-color:#eaeaea;border-style:solid;}.ast-desktop .ast-builder-menu-1 .menu-item .sub-menu .menu-item:last-child .menu-link{border-bottom-width:0;}@media (max-width:921px){.ast-header-break-point .ast-builder-menu-1 .menu-item.menu-item-has-children &gt; .ast-menu-toggle{top:0;}.ast-builder-menu-1 .menu-item-has-children &gt; .menu-link:after{content:unset;}}@media (max-width:544px){.ast-header-break-point .ast-builder-menu-1 .menu-item.menu-item-has-children &gt; .ast-menu-toggle{top:0;}}.ast-builder-menu-1{display:flex;}@media (max-width:921px){.ast-header-break-point .ast-builder-menu-1{display:flex;}}@media (max-width:544px){.ast-header-break-point .ast-builder-menu-1{display:flex;}}.ast-site-header-cart .ast-cart-menu-wrap,.ast-site-header-cart .ast-addon-cart-wrap{color:#d2d2d2;}.ast-site-header-cart .ast-cart-menu-wrap .count,.ast-site-header-cart .ast-cart-menu-wrap .count:after,.ast-site-header-cart .ast-addon-cart-wrap .count,.ast-site-header-cart .ast-addon-cart-wrap .ast-icon-shopping-cart:after{color:#d2d2d2;border-color:#d2d2d2;}.ast-site-header-cart .ast-addon-cart-wrap .ast-icon-shopping-cart:after{color:#ffffff;background-color:#d2d2d2;}.ast-site-header-cart .ast-woo-header-cart-info-wrap{color:#d2d2d2;}.ast-site-header-cart .ast-addon-cart-wrap i.astra-icon:after{color:#ffffff;background-color:#d2d2d2;}.ast-theme-transparent-header .ast-site-header-cart .ast-cart-menu-wrap,.ast-theme-transparent-header .ast-site-header-cart .ast-addon-cart-wrap{color:#d2d2d2;}.ast-theme-transparent-header .ast-site-header-cart .ast-cart-menu-wrap .count,.ast-theme-transparent-header .ast-site-header-cart .ast-cart-menu-wrap .count:after,.ast-theme-transparent-header .ast-site-header-cart .ast-addon-cart-wrap .count,.ast-theme-transparent-header .ast-site-header-cart .ast-addon-cart-wrap .ast-icon-shopping-cart:after{color:#d2d2d2;border-color:#d2d2d2;}.ast-theme-transparent-header .ast-site-header-cart .ast-addon-cart-wrap .ast-icon-shopping-cart:after{color:#ffffff;background-color:#d2d2d2;}.ast-theme-transparent-header .ast-site-header-cart .ast-woo-header-cart-info-wrap{color:#d2d2d2;}.ast-theme-transparent-header .ast-site-header-cart .ast-addon-cart-wrap i.astra-icon:after{color:#ffffff;background-color:#d2d2d2;}#ast-site-header-cart .widget_shopping_cart .mini_cart_item{border-bottom-color:rgb(0,0,0);}@media (max-width:921px){#astra-mobile-cart-drawer .widget_shopping_cart .mini_cart_item{border-bottom-color:rgb(0,0,0);}}@media (max-width:544px){#astra-mobile-cart-drawer .widget_shopping_cart .mini_cart_item{border-bottom-color:rgb(0,0,0);}}.ast-site-header-cart .ast-cart-menu-wrap,.ast-site-header-cart .ast-addon-cart-wrap{color:#d2d2d2;}.ast-site-header-cart .ast-cart-menu-wrap:hover .count,.ast-site-header-cart .ast-addon-cart-wrap:hover .count{color:#000000;background-color:#d2d2d2;}.ast-menu-cart-outline .ast-cart-menu-wrap .count,.ast-menu-cart-outline .ast-addon-cart-wrap{color:#d2d2d2;}.ast-site-header-cart .ast-menu-cart-outline .ast-woo-header-cart-info-wrap{color:#d2d2d2;}.ast-menu-cart-fill .ast-cart-menu-wrap .count,.ast-menu-cart-fill .ast-cart-menu-wrap,.ast-menu-cart-fill .ast-addon-cart-wrap .ast-woo-header-cart-info-wrap,.ast-menu-cart-fill .ast-addon-cart-wrap{background-color:#d2d2d2;color:#000000;}.ast-theme-transparent-header .ast-site-header-cart .ast-cart-menu-wrap,.ast-theme-transparent-header .ast-site-header-cart .ast-addon-cart-wrap{color:#d2d2d2;}.ast-theme-transparent-header .ast-site-header-cart .ast-cart-menu-wrap:hover .count,.ast-theme-transparent-header .ast-site-header-cart .ast-addon-cart-wrap:hover .count{color:#000000;background-color:#d2d2d2;}.ast-theme-transparent-header .ast-menu-cart-outline .ast-cart-menu-wrap .count,.ast-theme-transparent-header .ast-menu-cart-outline .ast-addon-cart-wrap{color:#d2d2d2;}.ast-theme-transparent-header .ast-site-header-cart .ast-menu-cart-outline .ast-woo-header-cart-info-wrap{color:#d2d2d2;}.ast-theme-transparent-header .ast-menu-cart-fill .ast-cart-menu-wrap .count,.ast-theme-transparent-header .ast-menu-cart-fill .ast-cart-menu-wrap,.ast-theme-transparent-header .ast-menu-cart-fill .ast-addon-cart-wrap .ast-woo-header-cart-info-wrap,.ast-theme-transparent-header .ast-menu-cart-fill .ast-addon-cart-wrap{background-color:#d2d2d2;color:#000000;}.ast-site-header-cart.ast-menu-cart-outline .ast-cart-menu-wrap,.ast-site-header-cart.ast-menu-cart-fill .ast-cart-menu-wrap,.ast-site-header-cart.ast-menu-cart-outline .ast-cart-menu-wrap .count,.ast-site-header-cart.ast-menu-cart-fill .ast-cart-menu-wrap .count,.ast-site-header-cart.ast-menu-cart-outline .ast-addon-cart-wrap,.ast-site-header-cart.ast-menu-cart-fill .ast-addon-cart-wrap,.ast-site-header-cart.ast-menu-cart-outline .ast-woo-header-cart-info-wrap,.ast-site-header-cart.ast-menu-cart-fill .ast-woo-header-cart-info-wrap{border-radius:3px;}.ast-header-woo-cart{display:flex;}@media (max-width:921px){.ast-header-break-point .ast-header-woo-cart{display:flex;}}@media (max-width:544px){.ast-header-break-point .ast-header-woo-cart{display:none;}}.site-below-footer-wrap{padding-top:20px;padding-bottom:20px;}.site-below-footer-wrap[data-section="section-below-footer-builder"]{background-color:#ffffff;;background-image:none;;min-height:80px;border-style:solid;border-width:0px;border-top-width:1px;border-top-color:rgba(122,122,122,0.13);}.site-below-footer-wrap[data-section="section-below-footer-builder"] .ast-builder-grid-row{max-width:1200px;margin-left:auto;margin-right:auto;}.site-below-footer-wrap[data-section="section-below-footer-builder"] .ast-builder-grid-row,.site-below-footer-wrap[data-section="section-below-footer-builder"] .site-footer-section{align-items:flex-start;}.site-below-footer-wrap[data-section="section-below-footer-builder"].ast-footer-row-inline .site-footer-section{display:flex;margin-bottom:0;}.ast-builder-grid-row-2-equal .ast-builder-grid-row{grid-template-columns:repeat( 2,1fr );}@media (max-width:921px){.site-below-footer-wrap[data-section="section-below-footer-builder"].ast-footer-row-tablet-inline .site-footer-section{display:flex;margin-bottom:0;}.site-below-footer-wrap[data-section="section-below-footer-builder"].ast-footer-row-tablet-stack .site-footer-section{display:block;margin-bottom:10px;}.ast-builder-grid-row-container.ast-builder-grid-row-tablet-2-equal .ast-builder-grid-row{grid-template-columns:repeat( 2,1fr );}}@media (max-width:544px){.site-below-footer-wrap[data-section="section-below-footer-builder"].ast-footer-row-mobile-inline .site-footer-section{display:flex;margin-bottom:0;}.site-below-footer-wrap[data-section="section-below-footer-builder"].ast-footer-row-mobile-stack .site-footer-section{display:block;margin-bottom:10px;}.ast-builder-grid-row-container.ast-builder-grid-row-mobile-full .ast-builder-grid-row{grid-template-columns:1fr;}}@media (max-width:921px){.site-below-footer-wrap[data-section="section-below-footer-builder"]{padding-left:30px;padding-right:30px;}}.site-below-footer-wrap[data-section="section-below-footer-builder"]{display:grid;}@media (max-width:921px){.ast-header-break-point .site-below-footer-wrap[data-section="section-below-footer-builder"]{display:grid;}}@media (max-width:544px){.ast-header-break-point .site-below-footer-wrap[data-section="section-below-footer-builder"]{display:grid;}}.ast-builder-html-element img.alignnone{display:inline-block;}.ast-builder-html-element p:first-child{margin-top:0;}.ast-builder-html-element p:last-child{margin-bottom:0;}.ast-header-break-point .main-header-bar .ast-builder-html-element{line-height:1.85714285714286;}.footer-widget-area[data-section="section-fb-html-1"]{display:block;}@media (max-width:921px){.ast-header-break-point .footer-widget-area[data-section="section-fb-html-1"]{display:block;}}@media (max-width:544px){.ast-header-break-point .footer-widget-area[data-section="section-fb-html-1"]{display:block;}}.footer-widget-area[data-section="section-fb-html-1"] .ast-builder-html-element{text-align:right;}@media (max-width:921px){.footer-widget-area[data-section="section-fb-html-1"] .ast-builder-html-element{text-align:right;}}@media (max-width:544px){.footer-widget-area[data-section="section-fb-html-1"] .ast-builder-html-element{text-align:center;}}.ast-footer-copyright{text-align:left;}.ast-footer-copyright {color:#000000;}@media (max-width:921px){.ast-footer-copyright{text-align:left;}}@media (max-width:544px){.ast-footer-copyright{text-align:center;}}.ast-footer-copyright.ast-builder-layout-element{display:flex;}@media (max-width:921px){.ast-header-break-point .ast-footer-copyright.ast-builder-layout-element{display:flex;}}@media (max-width:544px){.ast-header-break-point .ast-footer-copyright.ast-builder-layout-element{display:flex;}}.site-footer{background-color:#ffffff;;background-image:none;;}.site-primary-footer-wrap{padding-top:45px;padding-bottom:45px;}.site-primary-footer-wrap[data-section="section-primary-footer-builder"]{background-color:#ffffff;;background-image:none;;}.site-primary-footer-wrap[data-section="section-primary-footer-builder"] .ast-builder-grid-row{grid-column-gap:200px;max-width:1200px;margin-left:auto;margin-right:auto;}.site-primary-footer-wrap[data-section="section-primary-footer-builder"] .ast-builder-grid-row,.site-primary-footer-wrap[data-section="section-primary-footer-builder"] .site-footer-section{align-items:flex-start;}.site-primary-footer-wrap[data-section="section-primary-footer-builder"].ast-footer-row-inline .site-footer-section{display:flex;margin-bottom:0;}.ast-builder-grid-row-4-equal .ast-builder-grid-row{grid-template-columns:repeat( 4,1fr );}@media (max-width:921px){.site-primary-footer-wrap[data-section="section-primary-footer-builder"].ast-footer-row-tablet-inline .site-footer-section{display:flex;margin-bottom:0;}.site-primary-footer-wrap[data-section="section-primary-footer-builder"].ast-footer-row-tablet-stack .site-footer-section{display:block;margin-bottom:10px;}.ast-builder-grid-row-container.ast-builder-grid-row-tablet-4-equal .ast-builder-grid-row{grid-template-columns:repeat( 4,1fr );}}@media (max-width:544px){.site-primary-footer-wrap[data-section="section-primary-footer-builder"].ast-footer-row-mobile-inline .site-footer-section{display:flex;margin-bottom:0;}.site-primary-footer-wrap[data-section="section-primary-footer-builder"].ast-footer-row-mobile-stack .site-footer-section{display:block;margin-bottom:10px;}.ast-builder-grid-row-container.ast-builder-grid-row-mobile-full .ast-builder-grid-row{grid-template-columns:1fr;}}.site-primary-footer-wrap[data-section="section-primary-footer-builder"]{padding-top:55px;padding-bottom:55px;}@media (max-width:921px){.site-primary-footer-wrap[data-section="section-primary-footer-builder"]{padding-left:30px;padding-right:30px;}}@media (max-width:544px){.site-primary-footer-wrap[data-section="section-primary-footer-builder"]{padding-top:40px;padding-bottom:20px;}}.site-primary-footer-wrap[data-section="section-primary-footer-builder"]{display:grid;}@media (max-width:921px){.ast-header-break-point .site-primary-footer-wrap[data-section="section-primary-footer-builder"]{display:grid;}}@media (max-width:544px){.ast-header-break-point .site-primary-footer-wrap[data-section="section-primary-footer-builder"]{display:grid;}}.footer-widget-area[data-section="sidebar-widgets-footer-widget-1"] .footer-widget-area-inner{text-align:left;}@media (max-width:921px){.footer-widget-area[data-section="sidebar-widgets-footer-widget-1"] .footer-widget-area-inner{text-align:left;}}@media (max-width:544px){.footer-widget-area[data-section="sidebar-widgets-footer-widget-1"] .footer-widget-area-inner{text-align:center;}}.footer-widget-area[data-section="sidebar-widgets-footer-widget-1"] .footer-widget-area-inner{color:#434343;}.footer-widget-area[data-section="sidebar-widgets-footer-widget-1"] .footer-widget-area-inner a{color:#434343;}.footer-widget-area[data-section="sidebar-widgets-footer-widget-1"] .footer-widget-area-inner a:hover{color:#3197d6;}.footer-widget-area[data-section="sidebar-widgets-footer-widget-1"] .widget-title{color:#000000;}.footer-widget-area[data-section="sidebar-widgets-footer-widget-1"]{display:block;}@media (max-width:921px){.ast-header-break-point .footer-widget-area[data-section="sidebar-widgets-footer-widget-1"]{display:block;}}@media (max-width:544px){.ast-header-break-point .footer-widget-area[data-section="sidebar-widgets-footer-widget-1"]{display:block;}}.footer-widget-area[data-section="sidebar-widgets-footer-widget-2"] .footer-widget-area-inner{color:#434343;}.footer-widget-area[data-section="sidebar-widgets-footer-widget-2"] .footer-widget-area-inner a{color:#434343;}.footer-widget-area[data-section="sidebar-widgets-footer-widget-2"] .footer-widget-area-inner a:hover{color:#3197d6;}.footer-widget-area[data-section="sidebar-widgets-footer-widget-2"] .widget-title{color:#000000;}.footer-widget-area[data-section="sidebar-widgets-footer-widget-2"]{display:block;}@media (max-width:921px){.ast-header-break-point .footer-widget-area[data-section="sidebar-widgets-footer-widget-2"]{display:block;}}@media (max-width:544px){.ast-header-break-point .footer-widget-area[data-section="sidebar-widgets-footer-widget-2"]{display:block;}}.footer-widget-area[data-section="sidebar-widgets-footer-widget-3"] .footer-widget-area-inner{color:#434343;}.footer-widget-area[data-section="sidebar-widgets-footer-widget-3"] .footer-widget-area-inner a{color:#434343;}.footer-widget-area[data-section="sidebar-widgets-footer-widget-3"] .footer-widget-area-inner a:hover{color:#3197d6;}.footer-widget-area[data-section="sidebar-widgets-footer-widget-3"] .widget-title{color:#000000;}.footer-widget-area[data-section="sidebar-widgets-footer-widget-3"]{display:block;}@media (max-width:921px){.ast-header-break-point .footer-widget-area[data-section="sidebar-widgets-footer-widget-3"]{display:block;}}@media (max-width:544px){.ast-header-break-point .footer-widget-area[data-section="sidebar-widgets-footer-widget-3"]{display:block;}}.footer-widget-area[data-section="sidebar-widgets-footer-widget-4"] .footer-widget-area-inner{color:#434343;}.footer-widget-area[data-section="sidebar-widgets-footer-widget-4"] .footer-widget-area-inner a{color:#434343;}.footer-widget-area[data-section="sidebar-widgets-footer-widget-4"] .footer-widget-area-inner a:hover{color:#3197d6;}.footer-widget-area[data-section="sidebar-widgets-footer-widget-4"] .widget-title{color:#000000;}.footer-widget-area[data-section="sidebar-widgets-footer-widget-4"]{display:block;}@media (max-width:921px){.ast-header-break-point .footer-widget-area[data-section="sidebar-widgets-footer-widget-4"]{display:block;}}@media (max-width:544px){.ast-header-break-point .footer-widget-area[data-section="sidebar-widgets-footer-widget-4"]{display:block;}}.footer-widget-area[data-section="sidebar-widgets-footer-widget-2"] .footer-widget-area-inner{text-align:left;}@media (max-width:921px){.footer-widget-area[data-section="sidebar-widgets-footer-widget-2"] .footer-widget-area-inner{text-align:left;}}@media (max-width:544px){.footer-widget-area[data-section="sidebar-widgets-footer-widget-2"] .footer-widget-area-inner{text-align:center;}}.footer-widget-area[data-section="sidebar-widgets-footer-widget-1"] .footer-widget-area-inner{color:#434343;}.footer-widget-area[data-section="sidebar-widgets-footer-widget-1"] .footer-widget-area-inner a{color:#434343;}.footer-widget-area[data-section="sidebar-widgets-footer-widget-1"] .footer-widget-area-inner a:hover{color:#3197d6;}.footer-widget-area[data-section="sidebar-widgets-footer-widget-1"] .widget-title{color:#000000;}.footer-widget-area[data-section="sidebar-widgets-footer-widget-1"]{display:block;}@media (max-width:921px){.ast-header-break-point .footer-widget-area[data-section="sidebar-widgets-footer-widget-1"]{display:block;}}@media (max-width:544px){.ast-header-break-point .footer-widget-area[data-section="sidebar-widgets-footer-widget-1"]{display:block;}}.footer-widget-area[data-section="sidebar-widgets-footer-widget-2"] .footer-widget-area-inner{color:#434343;}.footer-widget-area[data-section="sidebar-widgets-footer-widget-2"] .footer-widget-area-inner a{color:#434343;}.footer-widget-area[data-section="sidebar-widgets-footer-widget-2"] .footer-widget-area-inner a:hover{color:#3197d6;}.footer-widget-area[data-section="sidebar-widgets-footer-widget-2"] .widget-title{color:#000000;}.footer-widget-area[data-section="sidebar-widgets-footer-widget-2"]{display:block;}@media (max-width:921px){.ast-header-break-point .footer-widget-area[data-section="sidebar-widgets-footer-widget-2"]{display:block;}}@media (max-width:544px){.ast-header-break-point .footer-widget-area[data-section="sidebar-widgets-footer-widget-2"]{display:block;}}.footer-widget-area[data-section="sidebar-widgets-footer-widget-3"] .footer-widget-area-inner{color:#434343;}.footer-widget-area[data-section="sidebar-widgets-footer-widget-3"] .footer-widget-area-inner a{color:#434343;}.footer-widget-area[data-section="sidebar-widgets-footer-widget-3"] .footer-widget-area-inner a:hover{color:#3197d6;}.footer-widget-area[data-section="sidebar-widgets-footer-widget-3"] .widget-title{color:#000000;}.footer-widget-area[data-section="sidebar-widgets-footer-widget-3"]{display:block;}@media (max-width:921px){.ast-header-break-point .footer-widget-area[data-section="sidebar-widgets-footer-widget-3"]{display:block;}}@media (max-width:544px){.ast-header-break-point .footer-widget-area[data-section="sidebar-widgets-footer-widget-3"]{display:block;}}.footer-widget-area[data-section="sidebar-widgets-footer-widget-4"] .footer-widget-area-inner{color:#434343;}.footer-widget-area[data-section="sidebar-widgets-footer-widget-4"] .footer-widget-area-inner a{color:#434343;}.footer-widget-area[data-section="sidebar-widgets-footer-widget-4"] .footer-widget-area-inner a:hover{color:#3197d6;}.footer-widget-area[data-section="sidebar-widgets-footer-widget-4"] .widget-title{color:#000000;}.footer-widget-area[data-section="sidebar-widgets-footer-widget-4"]{display:block;}@media (max-width:921px){.ast-header-break-point .footer-widget-area[data-section="sidebar-widgets-footer-widget-4"]{display:block;}}@media (max-width:544px){.ast-header-break-point .footer-widget-area[data-section="sidebar-widgets-footer-widget-4"]{display:block;}}.footer-widget-area[data-section="sidebar-widgets-footer-widget-3"] .footer-widget-area-inner{text-align:left;}@media (max-width:921px){.footer-widget-area[data-section="sidebar-widgets-footer-widget-3"] .footer-widget-area-inner{text-align:left;}}@media (max-width:544px){.footer-widget-area[data-section="sidebar-widgets-footer-widget-3"] .footer-widget-area-inner{text-align:center;}}.footer-widget-area[data-section="sidebar-widgets-footer-widget-1"] .footer-widget-area-inner{color:#434343;}.footer-widget-area[data-section="sidebar-widgets-footer-widget-1"] .footer-widget-area-inner a{color:#434343;}.footer-widget-area[data-section="sidebar-widgets-footer-widget-1"] .footer-widget-area-inner a:hover{color:#3197d6;}.footer-widget-area[data-section="sidebar-widgets-footer-widget-1"] .widget-title{color:#000000;}.footer-widget-area[data-section="sidebar-widgets-footer-widget-1"]{display:block;}@media (max-width:921px){.ast-header-break-point .footer-widget-area[data-section="sidebar-widgets-footer-widget-1"]{display:block;}}@media (max-width:544px){.ast-header-break-point .footer-widget-area[data-section="sidebar-widgets-footer-widget-1"]{display:block;}}.footer-widget-area[data-section="sidebar-widgets-footer-widget-2"] .footer-widget-area-inner{color:#434343;}.footer-widget-area[data-section="sidebar-widgets-footer-widget-2"] .footer-widget-area-inner a{color:#434343;}.footer-widget-area[data-section="sidebar-widgets-footer-widget-2"] .footer-widget-area-inner a:hover{color:#3197d6;}.footer-widget-area[data-section="sidebar-widgets-footer-widget-2"] .widget-title{color:#000000;}.footer-widget-area[data-section="sidebar-widgets-footer-widget-2"]{display:block;}@media (max-width:921px){.ast-header-break-point .footer-widget-area[data-section="sidebar-widgets-footer-widget-2"]{display:block;}}@media (max-width:544px){.ast-header-break-point .footer-widget-area[data-section="sidebar-widgets-footer-widget-2"]{display:block;}}.footer-widget-area[data-section="sidebar-widgets-footer-widget-3"] .footer-widget-area-inner{color:#434343;}.footer-widget-area[data-section="sidebar-widgets-footer-widget-3"] .footer-widget-area-inner a{color:#434343;}.footer-widget-area[data-section="sidebar-widgets-footer-widget-3"] .footer-widget-area-inner a:hover{color:#3197d6;}.footer-widget-area[data-section="sidebar-widgets-footer-widget-3"] .widget-title{color:#000000;}.footer-widget-area[data-section="sidebar-widgets-footer-widget-3"]{display:block;}@media (max-width:921px){.ast-header-break-point .footer-widget-area[data-section="sidebar-widgets-footer-widget-3"]{display:block;}}@media (max-width:544px){.ast-header-break-point .footer-widget-area[data-section="sidebar-widgets-footer-widget-3"]{display:block;}}.footer-widget-area[data-section="sidebar-widgets-footer-widget-4"] .footer-widget-area-inner{color:#434343;}.footer-widget-area[data-section="sidebar-widgets-footer-widget-4"] .footer-widget-area-inner a{color:#434343;}.footer-widget-area[data-section="sidebar-widgets-footer-widget-4"] .footer-widget-area-inner a:hover{color:#3197d6;}.footer-widget-area[data-section="sidebar-widgets-footer-widget-4"] .widget-title{color:#000000;}.footer-widget-area[data-section="sidebar-widgets-footer-widget-4"]{display:block;}@media (max-width:921px){.ast-header-break-point .footer-widget-area[data-section="sidebar-widgets-footer-widget-4"]{display:block;}}@media (max-width:544px){.ast-header-break-point .footer-widget-area[data-section="sidebar-widgets-footer-widget-4"]{display:block;}}.footer-widget-area[data-section="sidebar-widgets-footer-widget-4"] .footer-widget-area-inner{text-align:left;}@media (max-width:921px){.footer-widget-area[data-section="sidebar-widgets-footer-widget-4"] .footer-widget-area-inner{text-align:left;}}@media (max-width:544px){.footer-widget-area[data-section="sidebar-widgets-footer-widget-4"] .footer-widget-area-inner{text-align:center;}}.footer-widget-area[data-section="sidebar-widgets-footer-widget-1"] .footer-widget-area-inner{color:#434343;}.footer-widget-area[data-section="sidebar-widgets-footer-widget-1"] .footer-widget-area-inner a{color:#434343;}.footer-widget-area[data-section="sidebar-widgets-footer-widget-1"] .footer-widget-area-inner a:hover{color:#3197d6;}.footer-widget-area[data-section="sidebar-widgets-footer-widget-1"] .widget-title{color:#000000;}.footer-widget-area[data-section="sidebar-widgets-footer-widget-1"]{display:block;}@media (max-width:921px){.ast-header-break-point .footer-widget-area[data-section="sidebar-widgets-footer-widget-1"]{display:block;}}@media (max-width:544px){.ast-header-break-point .footer-widget-area[data-section="sidebar-widgets-footer-widget-1"]{display:block;}}.footer-widget-area[data-section="sidebar-widgets-footer-widget-2"] .footer-widget-area-inner{color:#434343;}.footer-widget-area[data-section="sidebar-widgets-footer-widget-2"] .footer-widget-area-inner a{color:#434343;}.footer-widget-area[data-section="sidebar-widgets-footer-widget-2"] .footer-widget-area-inner a:hover{color:#3197d6;}.footer-widget-area[data-section="sidebar-widgets-footer-widget-2"] .widget-title{color:#000000;}.footer-widget-area[data-section="sidebar-widgets-footer-widget-2"]{display:block;}@media (max-width:921px){.ast-header-break-point .footer-widget-area[data-section="sidebar-widgets-footer-widget-2"]{display:block;}}@media (max-width:544px){.ast-header-break-point .footer-widget-area[data-section="sidebar-widgets-footer-widget-2"]{display:block;}}.footer-widget-area[data-section="sidebar-widgets-footer-widget-3"] .footer-widget-area-inner{color:#434343;}.footer-widget-area[data-section="sidebar-widgets-footer-widget-3"] .footer-widget-area-inner a{color:#434343;}.footer-widget-area[data-section="sidebar-widgets-footer-widget-3"] .footer-widget-area-inner a:hover{color:#3197d6;}.footer-widget-area[data-section="sidebar-widgets-footer-widget-3"] .widget-title{color:#000000;}.footer-widget-area[data-section="sidebar-widgets-footer-widget-3"]{display:block;}@media (max-width:921px){.ast-header-break-point .footer-widget-area[data-section="sidebar-widgets-footer-widget-3"]{display:block;}}@media (max-width:544px){.ast-header-break-point .footer-widget-area[data-section="sidebar-widgets-footer-widget-3"]{display:block;}}.footer-widget-area[data-section="sidebar-widgets-footer-widget-4"] .footer-widget-area-inner{color:#434343;}.footer-widget-area[data-section="sidebar-widgets-footer-widget-4"] .footer-widget-area-inner a{color:#434343;}.footer-widget-area[data-section="sidebar-widgets-footer-widget-4"] .footer-widget-area-inner a:hover{color:#3197d6;}.footer-widget-area[data-section="sidebar-widgets-footer-widget-4"] .widget-title{color:#000000;}.footer-widget-area[data-section="sidebar-widgets-footer-widget-4"]{display:block;}@media (max-width:921px){.ast-header-break-point .footer-widget-area[data-section="sidebar-widgets-footer-widget-4"]{display:block;}}@media (max-width:544px){.ast-header-break-point .footer-widget-area[data-section="sidebar-widgets-footer-widget-4"]{display:block;}}.ast-header-break-point .main-header-bar{border-bottom-width:1px;}@media (min-width:922px){.main-header-bar{border-bottom-width:1px;}}.ast-flex{-webkit-align-content:center;-ms-flex-line-pack:center;align-content:center;-webkit-box-align:center;-webkit-align-items:center;-moz-box-align:center;-ms-flex-align:center;align-items:center;}.main-header-bar{padding:1em 0;}.ast-site-identity{padding:0;}.header-main-layout-1 .ast-flex.main-header-container, .header-main-layout-3 .ast-flex.main-header-container{-webkit-align-content:center;-ms-flex-line-pack:center;align-content:center;-webkit-box-align:center;-webkit-align-items:center;-moz-box-align:center;-ms-flex-align:center;align-items:center;}.header-main-layout-1 .ast-flex.main-header-container, .header-main-layout-3 .ast-flex.main-header-container{-webkit-align-content:center;-ms-flex-line-pack:center;align-content:center;-webkit-box-align:center;-webkit-align-items:center;-moz-box-align:center;-ms-flex-align:center;align-items:center;}.main-header-menu .sub-menu .menu-item.menu-item-has-children &gt; .menu-link:after{position:absolute;right:1em;top:50%;transform:translate(0,-50%) rotate(270deg);}.ast-header-break-point .main-header-bar .main-header-bar-navigation .page_item_has_children &gt; .ast-menu-toggle::before, .ast-header-break-point .main-header-bar .main-header-bar-navigation .menu-item-has-children &gt; .ast-menu-toggle::before, .ast-mobile-popup-drawer .main-header-bar-navigation .menu-item-has-children&gt;.ast-menu-toggle::before, .ast-header-break-point .ast-mobile-header-wrap .main-header-bar-navigation .menu-item-has-children &gt; .ast-menu-toggle::before{font-weight:bold;content:"\e900";font-family:Astra;text-decoration:inherit;display:inline-block;}.ast-header-break-point .main-navigation ul.sub-menu .menu-item .menu-link:before{content:"\e900";font-family:Astra;font-size:.65em;text-decoration:inherit;display:inline-block;transform:translate(0, -2px) rotateZ(270deg);margin-right:5px;}.widget_search .search-form:after{font-family:Astra;font-size:1.2em;font-weight:normal;content:"\e8b6";position:absolute;top:50%;right:15px;transform:translate(0, -50%);}.astra-search-icon::before{content:"\e8b6";font-family:Astra;font-style:normal;font-weight:normal;text-decoration:inherit;text-align:center;-webkit-font-smoothing:antialiased;-moz-osx-font-smoothing:grayscale;}.main-header-bar .main-header-bar-navigation .page_item_has_children &gt; a:after, .main-header-bar .main-header-bar-navigation .menu-item-has-children &gt; a:after, .site-header-focus-item .main-header-bar-navigation .menu-item-has-children &gt; .menu-link:after{content:"\e900";display:inline-block;font-family:Astra;font-size:.6rem;font-weight:bold;text-rendering:auto;-webkit-font-smoothing:antialiased;-moz-osx-font-smoothing:grayscale;margin-left:10px;line-height:normal;}.ast-mobile-popup-drawer .main-header-bar-navigation .ast-submenu-expanded&gt;.ast-menu-toggle::before{transform:rotateX(180deg);}.ast-header-break-point .main-header-bar-navigation .menu-item-has-children &gt; .menu-link:after{display:none;}.ast-separate-container .blog-layout-1, .ast-separate-container .blog-layout-2, .ast-separate-container .blog-layout-3{background-color:transparent;background-image:none;}.ast-separate-container .ast-article-post{background-color:#ffffff;;}.ast-separate-container .ast-article-single:not(.ast-related-post), .ast-separate-container .comments-area .comment-respond,.ast-separate-container .comments-area .ast-comment-list li, .ast-separate-container .ast-woocommerce-container, .ast-separate-container .error-404, .ast-separate-container .no-results, .single.ast-separate-container .ast-author-meta, .ast-separate-container .related-posts-title-wrapper, .ast-separate-container.ast-two-container #secondary .widget,.ast-separate-container .comments-count-wrapper, .ast-box-layout.ast-plain-container .site-content,.ast-padded-layout.ast-plain-container .site-content, .ast-separate-container .comments-area .comments-title{background-color:#ffffff;;}.ast-mobile-header-content &gt; *,.ast-desktop-header-content &gt; * {padding: 10px 0;height: auto;}.ast-mobile-header-content &gt; *:first-child,.ast-desktop-header-content &gt; *:first-child {padding-top: 10px;}.ast-mobile-header-content &gt; .ast-builder-menu,.ast-desktop-header-content &gt; .ast-builder-menu {padding-top: 0;}.ast-mobile-header-content &gt; *:last-child,.ast-desktop-header-content &gt; *:last-child {padding-bottom: 0;}.ast-mobile-header-content .ast-search-menu-icon.ast-inline-search label,.ast-desktop-header-content .ast-search-menu-icon.ast-inline-search label {width: 100%;}.ast-desktop-header-content .main-header-bar-navigation .ast-submenu-expanded &gt; .ast-menu-toggle::before {transform: rotateX(180deg);}#ast-desktop-header .ast-desktop-header-content,.ast-mobile-header-content .ast-search-icon,.ast-desktop-header-content .ast-search-icon,.ast-mobile-header-wrap .ast-mobile-header-content,.ast-main-header-nav-open.ast-popup-nav-open .ast-mobile-header-wrap .ast-mobile-header-content,.ast-main-header-nav-open.ast-popup-nav-open .ast-desktop-header-content {display: none;}.ast-main-header-nav-open.ast-header-break-point #ast-desktop-header .ast-desktop-header-content,.ast-main-header-nav-open.ast-header-break-point .ast-mobile-header-wrap .ast-mobile-header-content {display: block;}.ast-desktop .ast-desktop-header-content .astra-menu-animation-slide-up &gt; .menu-item &gt; .sub-menu,.ast-desktop .ast-desktop-header-content .astra-menu-animation-slide-up &gt; .menu-item .menu-item &gt; .sub-menu,.ast-desktop .ast-desktop-header-content .astra-menu-animation-slide-down &gt; .menu-item &gt; .sub-menu,.ast-desktop .ast-desktop-header-content .astra-menu-animation-slide-down &gt; .menu-item .menu-item &gt; .sub-menu,.ast-desktop .ast-desktop-header-content .astra-menu-animation-fade &gt; .menu-item &gt; .sub-menu,.ast-desktop .ast-desktop-header-content .astra-menu-animation-fade &gt; .menu-item .menu-item &gt; .sub-menu {opacity: 1;visibility: visible;}.ast-hfb-header.ast-default-menu-enable.ast-header-break-point .ast-mobile-header-wrap .ast-mobile-header-content .main-header-bar-navigation {width: unset;margin: unset;}.ast-mobile-header-content.content-align-flex-end .main-header-bar-navigation .menu-item-has-children &gt; .ast-menu-toggle,.ast-desktop-header-content.content-align-flex-end .main-header-bar-navigation .menu-item-has-children &gt; .ast-menu-toggle {left: calc( 20px - 0.907em);}.ast-mobile-header-content .ast-search-menu-icon,.ast-mobile-header-content .ast-search-menu-icon.slide-search,.ast-desktop-header-content .ast-search-menu-icon,.ast-desktop-header-content .ast-search-menu-icon.slide-search {width: 100%;position: relative;display: block;right: auto;transform: none;}.ast-mobile-header-content .ast-search-menu-icon.slide-search .search-form,.ast-mobile-header-content .ast-search-menu-icon .search-form,.ast-desktop-header-content .ast-search-menu-icon.slide-search .search-form,.ast-desktop-header-content .ast-search-menu-icon .search-form {right: 0;visibility: visible;opacity: 1;position: relative;top: auto;transform: none;padding: 0;display: block;overflow: hidden;}.ast-mobile-header-content .ast-search-menu-icon.ast-inline-search .search-field,.ast-mobile-header-content .ast-search-menu-icon .search-field,.ast-desktop-header-content .ast-search-menu-icon.ast-inline-search .search-field,.ast-desktop-header-content .ast-search-menu-icon .search-field {width: 100%;padding-right: 5.5em;}.ast-mobile-header-content .ast-search-menu-icon .search-submit,.ast-desktop-header-content .ast-search-menu-icon .search-submit {display: block;position: absolute;height: 100%;top: 0;right: 0;padding: 0 1em;border-radius: 0;}.ast-hfb-header.ast-default-menu-enable.ast-header-break-point .ast-mobile-header-wrap .ast-mobile-header-content .main-header-bar-navigation ul .sub-menu .menu-link {padding-left: 30px;}.ast-hfb-header.ast-default-menu-enable.ast-header-break-point .ast-mobile-header-wrap .ast-mobile-header-content .main-header-bar-navigation .sub-menu .menu-item .menu-item .menu-link {padding-left: 40px;}.ast-mobile-popup-drawer.active .ast-mobile-popup-inner{background-color:#ffffff;;}.ast-mobile-header-wrap .ast-mobile-header-content, .ast-desktop-header-content{background-color:#ffffff;;}.ast-mobile-popup-content &gt; *, .ast-mobile-header-content &gt; *, .ast-desktop-popup-content &gt; *, .ast-desktop-header-content &gt; *{padding-top:0;padding-bottom:0;}.content-align-flex-start .ast-builder-layout-element{justify-content:flex-start;}.content-align-flex-start .main-header-menu{text-align:left;}.ast-mobile-popup-drawer.active .menu-toggle-close{color:#3a3a3a;}.ast-mobile-header-wrap .ast-primary-header-bar,.ast-primary-header-bar .site-primary-header-wrap{min-height:70px;}.ast-desktop .ast-primary-header-bar .main-header-menu &gt; .menu-item{line-height:70px;}.ast-desktop .ast-primary-header-bar .ast-header-woo-cart,.ast-desktop .ast-primary-header-bar .ast-header-edd-cart{line-height:70px;}@media (max-width:921px){#masthead .ast-mobile-header-wrap .ast-primary-header-bar,#masthead .ast-mobile-header-wrap .ast-below-header-bar{padding-left:20px;padding-right:20px;}}.ast-header-break-point .ast-primary-header-bar{border-bottom-width:1px;border-bottom-style:solid;}@media (min-width:922px){.ast-primary-header-bar{border-bottom-width:1px;border-bottom-style:solid;}}.ast-primary-header-bar{background-color:#ffffff;;background-image:none;;}.ast-primary-header-bar{display:block;}@media (max-width:921px){.ast-header-break-point .ast-primary-header-bar{display:grid;}}@media (max-width:544px){.ast-header-break-point .ast-primary-header-bar{display:grid;}}[data-section="section-header-mobile-trigger"] .ast-button-wrap .ast-mobile-menu-trigger-minimal{color:#000000;border:none;background:transparent;}[data-section="section-header-mobile-trigger"] .ast-button-wrap .mobile-menu-toggle-icon .ast-mobile-svg{width:20px;height:20px;fill:#000000;}[data-section="section-header-mobile-trigger"] .ast-button-wrap .mobile-menu-wrap .mobile-menu{color:#000000;}
</style>
    <link id="astra-menu-animation-css" rel="stylesheet" href="https://askomdch.com/wp-content/themes/astra/assets/css/minified/menu-animation.min.css?ver=3.7.5" media="all"/>
    <link id="wp-block-library-css" rel="stylesheet" href="https://askomdch.com/wp-includes/css/dist/block-library/style.min.css?ver=5.8.1" media="all"/>
    <link id="wc-blocks-vendors-style-css" rel="stylesheet" href="https://askomdch.com/wp-content/plugins/woocommerce/packages/woocommerce-blocks/build/wc-blocks-vendors-style.css?ver=5.9.1" media="all"/>
    <link id="wc-blocks-style-css" rel="stylesheet" href="https://askomdch.com/wp-content/plugins/woocommerce/packages/woocommerce-blocks/build/wc-blocks-style.css?ver=5.9.1" media="all"/>
    <style id="global-styles-inline-css">
body{--wp--preset--color--black: #000000;--wp--preset--color--cyan-bluish-gray: #abb8c3;--wp--preset--color--white: #ffffff;--wp--preset--color--pale-pink: #f78da7;--wp--preset--color--vivid-red: #cf2e2e;--wp--preset--color--luminous-vivid-orange: #ff6900;--wp--preset--color--luminous-vivid-amber: #fcb900;--wp--preset--color--light-green-cyan: #7bdcb5;--wp--preset--color--vivid-green-cyan: #00d084;--wp--preset--color--pale-cyan-blue: #8ed1fc;--wp--preset--color--vivid-cyan-blue: #0693e3;--wp--preset--color--vivid-purple: #9b51e0;--wp--preset--color--ast-global-color-0: var(--ast-global-color-0);--wp--preset--color--ast-global-color-1: var(--ast-global-color-1);--wp--preset--color--ast-global-color-2: var(--ast-global-color-2);--wp--preset--color--ast-global-color-3: var(--ast-global-color-3);--wp--preset--color--ast-global-color-4: var(--ast-global-color-4);--wp--preset--color--ast-global-color-5: var(--ast-global-color-5);--wp--preset--color--ast-global-color-6: var(--ast-global-color-6);--wp--preset--color--ast-global-color-7: var(--ast-global-color-7);--wp--preset--color--ast-global-color-8: var(--ast-global-color-8);--wp--preset--gradient--vivid-cyan-blue-to-vivid-purple: linear-gradient(135deg,rgba(6,147,227,1) 0%,rgb(155,81,224) 100%);--wp--preset--gradient--light-green-cyan-to-vivid-green-cyan: linear-gradient(135deg,rgb(122,220,180) 0%,rgb(0,208,130) 100%);--wp--preset--gradient--luminous-vivid-amber-to-luminous-vivid-orange: linear-gradient(135deg,rgba(252,185,0,1) 0%,rgba(255,105,0,1) 100%);--wp--preset--gradient--luminous-vivid-orange-to-vivid-red: linear-gradient(135deg,rgba(255,105,0,1) 0%,rgb(207,46,46) 100%);--wp--preset--gradient--very-light-gray-to-cyan-bluish-gray: linear-gradient(135deg,rgb(238,238,238) 0%,rgb(169,184,195) 100%);--wp--preset--gradient--cool-to-warm-spectrum: linear-gradient(135deg,rgb(74,234,220) 0%,rgb(151,120,209) 20%,rgb(207,42,186) 40%,rgb(238,44,130) 60%,rgb(251,105,98) 80%,rgb(254,248,76) 100%);--wp--preset--gradient--blush-light-purple: linear-gradient(135deg,rgb(255,206,236) 0%,rgb(152,150,240) 100%);--wp--preset--gradient--blush-bordeaux: linear-gradient(135deg,rgb(254,205,165) 0%,rgb(254,45,45) 50%,rgb(107,0,62) 100%);--wp--preset--gradient--luminous-dusk: linear-gradient(135deg,rgb(255,203,112) 0%,rgb(199,81,192) 50%,rgb(65,88,208) 100%);--wp--preset--gradient--pale-ocean: linear-gradient(135deg,rgb(255,245,203) 0%,rgb(182,227,212) 50%,rgb(51,167,181) 100%);--wp--preset--gradient--electric-grass: linear-gradient(135deg,rgb(202,248,128) 0%,rgb(113,206,126) 100%);--wp--preset--gradient--midnight: linear-gradient(135deg,rgb(2,3,129) 0%,rgb(40,116,252) 100%);--wp--preset--font-size--small: 13px;--wp--preset--font-size--normal: 16px;--wp--preset--font-size--medium: 20px;--wp--preset--font-size--large: 36px;--wp--preset--font-size--huge: 42px;}.has-black-color{color: var(--wp--preset--color--black) !important;}.has-cyan-bluish-gray-color{color: var(--wp--preset--color--cyan-bluish-gray) !important;}.has-white-color{color: var(--wp--preset--color--white) !important;}.has-pale-pink-color{color: var(--wp--preset--color--pale-pink) !important;}.has-vivid-red-color{color: var(--wp--preset--color--vivid-red) !important;}.has-luminous-vivid-orange-color{color: var(--wp--preset--color--luminous-vivid-orange) !important;}.has-luminous-vivid-amber-color{color: var(--wp--preset--color--luminous-vivid-amber) !important;}.has-light-green-cyan-color{color: var(--wp--preset--color--light-green-cyan) !important;}.has-vivid-green-cyan-color{color: var(--wp--preset--color--vivid-green-cyan) !important;}.has-pale-cyan-blue-color{color: var(--wp--preset--color--pale-cyan-blue) !important;}.has-vivid-cyan-blue-color{color: var(--wp--preset--color--vivid-cyan-blue) !important;}.has-vivid-purple-color{color: var(--wp--preset--color--vivid-purple) !important;}.has-ast-global-color-0-color{color: var(--wp--preset--color--ast-global-color-0) !important;}.has-ast-global-color-1-color{color: var(--wp--preset--color--ast-global-color-1) !important;}.has-ast-global-color-2-color{color: var(--wp--preset--color--ast-global-color-2) !important;}.has-ast-global-color-3-color{color: var(--wp--preset--color--ast-global-color-3) !important;}.has-ast-global-color-4-color{color: var(--wp--preset--color--ast-global-color-4) !important;}.has-ast-global-color-5-color{color: var(--wp--preset--color--ast-global-color-5) !important;}.has-ast-global-color-6-color{color: var(--wp--preset--color--ast-global-color-6) !important;}.has-ast-global-color-7-color{color: var(--wp--preset--color--ast-global-color-7) !important;}.has-ast-global-color-8-color{color: var(--wp--preset--color--ast-global-color-8) !important;}.has-black-background-color{background-color: var(--wp--preset--color--black) !important;}.has-cyan-bluish-gray-background-color{background-color: var(--wp--preset--color--cyan-bluish-gray) !important;}.has-white-background-color{background-color: var(--wp--preset--color--white) !important;}.has-pale-pink-background-color{background-color: var(--wp--preset--color--pale-pink) !important;}.has-vivid-red-background-color{background-color: var(--wp--preset--color--vivid-red) !important;}.has-luminous-vivid-orange-background-color{background-color: var(--wp--preset--color--luminous-vivid-orange) !important;}.has-luminous-vivid-amber-background-color{background-color: var(--wp--preset--color--luminous-vivid-amber) !important;}.has-light-green-cyan-background-color{background-color: var(--wp--preset--color--light-green-cyan) !important;}.has-vivid-green-cyan-background-color{background-color: var(--wp--preset--color--vivid-green-cyan) !important;}.has-pale-cyan-blue-background-color{background-color: var(--wp--preset--color--pale-cyan-blue) !important;}.has-vivid-cyan-blue-background-color{background-color: var(--wp--preset--color--vivid-cyan-blue) !important;}.has-vivid-purple-background-color{background-color: var(--wp--preset--color--vivid-purple) !important;}.has-ast-global-color-0-background-color{background-color: var(--wp--preset--color--ast-global-color-0) !important;}.has-ast-global-color-1-background-color{background-color: var(--wp--preset--color--ast-global-color-1) !important;}.has-ast-global-color-2-background-color{background-color: var(--wp--preset--color--ast-global-color-2) !important;}.has-ast-global-color-3-background-color{background-color: var(--wp--preset--color--ast-global-color-3) !important;}.has-ast-global-color-4-background-color{background-color: var(--wp--preset--color--ast-global-color-4) !important;}.has-ast-global-color-5-background-color{background-color: var(--wp--preset--color--ast-global-color-5) !important;}.has-ast-global-color-6-background-color{background-color: var(--wp--preset--color--ast-global-color-6) !important;}.has-ast-global-color-7-background-color{background-color: var(--wp--preset--color--ast-global-color-7) !important;}.has-ast-global-color-8-background-color{background-color: var(--wp--preset--color--ast-global-color-8) !important;}.has-vivid-cyan-blue-to-vivid-purple-gradient-background{background: var(--wp--preset--gradient--vivid-cyan-blue-to-vivid-purple) !important;}.has-light-green-cyan-to-vivid-green-cyan-gradient-background{background: var(--wp--preset--gradient--light-green-cyan-to-vivid-green-cyan) !important;}.has-luminous-vivid-amber-to-luminous-vivid-orange-gradient-background{background: var(--wp--preset--gradient--luminous-vivid-amber-to-luminous-vivid-orange) !important;}.has-luminous-vivid-orange-to-vivid-red-gradient-background{background: var(--wp--preset--gradient--luminous-vivid-orange-to-vivid-red) !important;}.has-very-light-gray-to-cyan-bluish-gray-gradient-background{background: var(--wp--preset--gradient--very-light-gray-to-cyan-bluish-gray) !important;}.has-cool-to-warm-spectrum-gradient-background{background: var(--wp--preset--gradient--cool-to-warm-spectrum) !important;}.has-blush-light-purple-gradient-background{background: var(--wp--preset--gradient--blush-light-purple) !important;}.has-blush-bordeaux-gradient-background{background: var(--wp--preset--gradient--blush-bordeaux) !important;}.has-luminous-dusk-gradient-background{background: var(--wp--preset--gradient--luminous-dusk) !important;}.has-pale-ocean-gradient-background{background: var(--wp--preset--gradient--pale-ocean) !important;}.has-electric-grass-gradient-background{background: var(--wp--preset--gradient--electric-grass) !important;}.has-midnight-gradient-background{background: var(--wp--preset--gradient--midnight) !important;}.has-small-font-size{font-size: var(--wp--preset--font-size--small) !important;}.has-normal-font-size{font-size: var(--wp--preset--font-size--normal) !important;}.has-medium-font-size{font-size: var(--wp--preset--font-size--medium) !important;}.has-large-font-size{font-size: var(--wp--preset--font-size--large) !important;}.has-huge-font-size{font-size: var(--wp--preset--font-size--huge) !important;}
</style>
    <link id="woocommerce-layout-css" rel="stylesheet" href="https://askomdch.com/wp-content/themes/astra/assets/css/minified/compatibility/woocommerce/woocommerce-layout.min.css?ver=3.7.5" media="all"/>
    <link id="woocommerce-smallscreen-css" rel="stylesheet" href="https://askomdch.com/wp-content/themes/astra/assets/css/minified/compatibility/woocommerce/woocommerce-smallscreen.min.css?ver=3.7.5" media="only screen and (max-width: 921px)"/>
    <link id="woocommerce-general-css" rel="stylesheet" href="https://askomdch.com/wp-content/themes/astra/assets/css/minified/compatibility/woocommerce/woocommerce.min.css?ver=3.7.5" media="all"/>
    <style id="woocommerce-general-inline-css">
#customer_details h3:not(.elementor-widget-woocommerce-checkout-page h3){font-size:1.2rem;padding:20px 0 14px;margin:0 0 20px;border-bottom:1px solid #ebebeb;}form #order_review_heading:not(.elementor-widget-woocommerce-checkout-page #order_review_heading){border-width:2px 2px 0 2px;border-style:solid;font-size:1.2rem;margin:0;padding:1.5em 1.5em 1em;border-color:#ebebeb;}form #order_review:not(.elementor-widget-woocommerce-checkout-page #order_review){padding:0 2em;border-width:0 2px 2px;border-style:solid;border-color:#ebebeb;}ul#shipping_method li:not(.elementor-widget-woocommerce-cart #shipping_method li){margin:0;padding:0.25em 0 0.25em 22px;text-indent:-22px;list-style:none outside;}.woocommerce span.onsale, .wc-block-grid__product .wc-block-grid__product-onsale{background-color:#54595f;color:#ffffff;}.woocommerce a.button, .woocommerce button.button, .woocommerce .woocommerce-message a.button, .woocommerce #respond input#submit.alt, .woocommerce a.button.alt, .woocommerce button.button.alt, .woocommerce input.button.alt, .woocommerce input.button,.woocommerce input.button:disabled, .woocommerce input.button:disabled[disabled], .woocommerce input.button:disabled:hover, .woocommerce input.button:disabled[disabled]:hover, .woocommerce #respond input#submit, .woocommerce button.button.alt.disabled, .wc-block-grid__products .wc-block-grid__product .wp-block-button__link, .wc-block-grid__product-onsale{color:#ffffff;border-color:#3197d6;background-color:#3197d6;}.woocommerce a.button:hover, .woocommerce button.button:hover, .woocommerce .woocommerce-message a.button:hover,.woocommerce #respond input#submit:hover,.woocommerce #respond input#submit.alt:hover, .woocommerce a.button.alt:hover, .woocommerce button.button.alt:hover, .woocommerce input.button.alt:hover, .woocommerce input.button:hover, .woocommerce button.button.alt.disabled:hover, .wc-block-grid__products .wc-block-grid__product .wp-block-button__link:hover{color:#ffffff;border-color:#0084d6;background-color:#0084d6;}.woocommerce-message, .woocommerce-info{border-top-color:#4e4e4e;}.woocommerce-message::before,.woocommerce-info::before{color:#4e4e4e;}.woocommerce ul.products li.product .price, .woocommerce div.product p.price, .woocommerce div.product span.price, .widget_layered_nav_filters ul li.chosen a, .woocommerce-page ul.products li.product .ast-woo-product-category, .wc-layered-nav-rating a{color:#333333;}.woocommerce nav.woocommerce-pagination ul,.woocommerce nav.woocommerce-pagination ul li{border-color:#4e4e4e;}.woocommerce nav.woocommerce-pagination ul li a:focus, .woocommerce nav.woocommerce-pagination ul li a:hover, .woocommerce nav.woocommerce-pagination ul li span.current{background:#4e4e4e;color:#ffffff;}.woocommerce-MyAccount-navigation-link.is-active a{color:#0084d6;}.woocommerce .widget_price_filter .ui-slider .ui-slider-range, .woocommerce .widget_price_filter .ui-slider .ui-slider-handle{background-color:#4e4e4e;}.woocommerce a.button, .woocommerce button.button, .woocommerce .woocommerce-message a.button, .woocommerce #respond input#submit.alt, .woocommerce a.button.alt, .woocommerce button.button.alt, .woocommerce input.button.alt, .woocommerce input.button,.woocommerce-cart table.cart td.actions .button, .woocommerce form.checkout_coupon .button, .woocommerce #respond input#submit, .wc-block-grid__products .wc-block-grid__product .wp-block-button__link{border-radius:0;padding-top:17px;padding-right:30px;padding-bottom:17px;padding-left:30px;}.woocommerce .star-rating, .woocommerce .comment-form-rating .stars a, .woocommerce .star-rating::before{color:#4e4e4e;}.woocommerce div.product .woocommerce-tabs ul.tabs li.active:before{background:#4e4e4e;}.woocommerce a.remove:hover{color:#4e4e4e;border-color:#4e4e4e;background-color:#ffffff;}.woocommerce ul.product-categories &gt; li ul li:before{content:"\e900";padding:0 5px 0 5px;display:inline-block;font-family:Astra;transform:rotate(-90deg);font-size:0.7rem;}@media (min-width:545px) and (max-width:921px){.woocommerce.tablet-columns-6 ul.products li.product, .woocommerce-page.tablet-columns-6 ul.products li.product{width:calc(16.66% - 16.66px);}.woocommerce.tablet-columns-5 ul.products li.product, .woocommerce-page.tablet-columns-5 ul.products li.product{width:calc(20% - 16px);}.woocommerce.tablet-columns-4 ul.products li.product, .woocommerce-page.tablet-columns-4 ul.products li.product{width:calc(25% - 15px);}.woocommerce.tablet-columns-3 ul.products li.product, .woocommerce-page.tablet-columns-3 ul.products li.product{width:calc(33.33% - 14px);}.woocommerce.tablet-columns-2 ul.products li.product, .woocommerce-page.tablet-columns-2 ul.products li.product{width:calc(50% - 10px);}.woocommerce.tablet-columns-1 ul.products li.product, .woocommerce-page.tablet-columns-1 ul.products li.product{width:100%;}.woocommerce div.product .related.products ul.products li.product{width:calc(33.33% - 14px);}}@media (min-width:545px) and (max-width:921px){.woocommerce[class*="columns-"].columns-3 &gt; ul.products li.product, .woocommerce[class*="columns-"].columns-4 &gt; ul.products li.product, .woocommerce[class*="columns-"].columns-5 &gt; ul.products li.product, .woocommerce[class*="columns-"].columns-6 &gt; ul.products li.product{width:calc(33.33% - 14px);margin-right:20px;}.woocommerce[class*="columns-"].columns-3 &gt; ul.products li.product:nth-child(3n), .woocommerce[class*="columns-"].columns-4 &gt; ul.products li.product:nth-child(3n), .woocommerce[class*="columns-"].columns-5 &gt; ul.products li.product:nth-child(3n), .woocommerce[class*="columns-"].columns-6 &gt; ul.products li.product:nth-child(3n){margin-right:0;clear:right;}.woocommerce[class*="columns-"].columns-3 &gt; ul.products li.product:nth-child(3n+1), .woocommerce[class*="columns-"].columns-4 &gt; ul.products li.product:nth-child(3n+1), .woocommerce[class*="columns-"].columns-5 &gt; ul.products li.product:nth-child(3n+1), .woocommerce[class*="columns-"].columns-6 &gt; ul.products li.product:nth-child(3n+1){clear:left;}.woocommerce[class*="columns-"] ul.products li.product:nth-child(n), .woocommerce-page[class*="columns-"] ul.products li.product:nth-child(n){margin-right:20px;clear:none;}.woocommerce.tablet-columns-2 ul.products li.product:nth-child(2n), .woocommerce-page.tablet-columns-2 ul.products li.product:nth-child(2n), .woocommerce.tablet-columns-3 ul.products li.product:nth-child(3n), .woocommerce-page.tablet-columns-3 ul.products li.product:nth-child(3n), .woocommerce.tablet-columns-4 ul.products li.product:nth-child(4n), .woocommerce-page.tablet-columns-4 ul.products li.product:nth-child(4n), .woocommerce.tablet-columns-5 ul.products li.product:nth-child(5n), .woocommerce-page.tablet-columns-5 ul.products li.product:nth-child(5n), .woocommerce.tablet-columns-6 ul.products li.product:nth-child(6n), .woocommerce-page.tablet-columns-6 ul.products li.product:nth-child(6n){margin-right:0;clear:right;}.woocommerce.tablet-columns-2 ul.products li.product:nth-child(2n+1), .woocommerce-page.tablet-columns-2 ul.products li.product:nth-child(2n+1), .woocommerce.tablet-columns-3 ul.products li.product:nth-child(3n+1), .woocommerce-page.tablet-columns-3 ul.products li.product:nth-child(3n+1), .woocommerce.tablet-columns-4 ul.products li.product:nth-child(4n+1), .woocommerce-page.tablet-columns-4 ul.products li.product:nth-child(4n+1), .woocommerce.tablet-columns-5 ul.products li.product:nth-child(5n+1), .woocommerce-page.tablet-columns-5 ul.products li.product:nth-child(5n+1), .woocommerce.tablet-columns-6 ul.products li.product:nth-child(6n+1), .woocommerce-page.tablet-columns-6 ul.products li.product:nth-child(6n+1){clear:left;}.woocommerce div.product .related.products ul.products li.product:nth-child(3n), .woocommerce-page.tablet-columns-1 .site-main ul.products li.product{margin-right:0;clear:right;}.woocommerce div.product .related.products ul.products li.product:nth-child(3n+1){clear:left;}}@media (min-width:922px){.woocommerce #reviews #comments{width:55%;float:left;}.woocommerce #reviews #review_form_wrapper{width:45%;padding-left:2em;float:right;}.woocommerce form.checkout_coupon{width:50%;}}@media (max-width:921px){.ast-header-break-point.ast-woocommerce-cart-menu .header-main-layout-1.ast-mobile-header-stack.ast-no-menu-items .ast-site-header-cart, .ast-header-break-point.ast-woocommerce-cart-menu .header-main-layout-3.ast-mobile-header-stack.ast-no-menu-items .ast-site-header-cart{padding-right:0;padding-left:0;}.ast-header-break-point.ast-woocommerce-cart-menu .header-main-layout-1.ast-mobile-header-stack .main-header-bar{text-align:center;}.ast-header-break-point.ast-woocommerce-cart-menu .header-main-layout-1.ast-mobile-header-stack .ast-site-header-cart, .ast-header-break-point.ast-woocommerce-cart-menu .header-main-layout-1.ast-mobile-header-stack .ast-mobile-menu-buttons{display:inline-block;}.ast-header-break-point.ast-woocommerce-cart-menu .header-main-layout-2.ast-mobile-header-inline .site-branding{flex:auto;}.ast-header-break-point.ast-woocommerce-cart-menu .header-main-layout-3.ast-mobile-header-stack .site-branding{flex:0 0 100%;}.ast-header-break-point.ast-woocommerce-cart-menu .header-main-layout-3.ast-mobile-header-stack .main-header-container{display:flex;justify-content:center;}.woocommerce-cart .woocommerce-shipping-calculator .button{width:100%;}.woocommerce div.product div.images, .woocommerce div.product div.summary, .woocommerce #content div.product div.images, .woocommerce #content div.product div.summary, .woocommerce-page div.product div.images, .woocommerce-page div.product div.summary, .woocommerce-page #content div.product div.images, .woocommerce-page #content div.product div.summary{float:none;width:100%;}.woocommerce-cart table.cart td.actions .ast-return-to-shop{display:block;text-align:center;margin-top:1em;}}@media (max-width:544px){.ast-separate-container .ast-woocommerce-container{padding:.54em 1em 1.33333em;}.woocommerce-message, .woocommerce-error, .woocommerce-info{display:flex;flex-wrap:wrap;}.woocommerce-message a.button, .woocommerce-error a.button, .woocommerce-info a.button{order:1;margin-top:.5em;}.woocommerce .woocommerce-ordering, .woocommerce-page .woocommerce-ordering{float:none;margin-bottom:2em;width:100%;}.woocommerce ul.products a.button, .woocommerce-page ul.products a.button{padding:0.5em 0.75em;}.woocommerce table.cart td.actions .button, .woocommerce #content table.cart td.actions .button, .woocommerce-page table.cart td.actions .button, .woocommerce-page #content table.cart td.actions .button{padding-left:1em;padding-right:1em;}.woocommerce #content table.cart .button, .woocommerce-page #content table.cart .button{width:100%;}.woocommerce #content table.cart .product-thumbnail, .woocommerce-page #content table.cart .product-thumbnail{display:block;text-align:center !important;}.woocommerce #content table.cart .product-thumbnail::before, .woocommerce-page #content table.cart .product-thumbnail::before{display:none;}.woocommerce #content table.cart td.actions .coupon, .woocommerce-page #content table.cart td.actions .coupon{float:none;}.woocommerce #content table.cart td.actions .coupon .button, .woocommerce-page #content table.cart td.actions .coupon .button{flex:1;}.woocommerce #content div.product .woocommerce-tabs ul.tabs li a, .woocommerce-page #content div.product .woocommerce-tabs ul.tabs li a{display:block;}.woocommerce div.product .related.products ul.products li.product, .woocommerce.mobile-columns-2 ul.products li.product, .woocommerce-page.mobile-columns-2 ul.products li.product{width:calc(50% - 10px);}.woocommerce.mobile-columns-6 ul.products li.product, .woocommerce-page.mobile-columns-6 ul.products li.product{width:calc(16.66% - 16.66px);}.woocommerce.mobile-columns-5 ul.products li.product, .woocommerce-page.mobile-columns-5 ul.products li.product{width:calc(20% - 16px);}.woocommerce.mobile-columns-4 ul.products li.product, .woocommerce-page.mobile-columns-4 ul.products li.product{width:calc(25% - 15px);}.woocommerce.mobile-columns-3 ul.products li.product, .woocommerce-page.mobile-columns-3 ul.products li.product{width:calc(33.33% - 14px);}.woocommerce.mobile-columns-1 ul.products li.product, .woocommerce-page.mobile-columns-1 ul.products li.product{width:100%;}}@media (max-width:544px){.woocommerce ul.products a.button.loading::after, .woocommerce-page ul.products a.button.loading::after{display:inline-block;margin-left:5px;position:initial;}.woocommerce.mobile-columns-1 .site-main ul.products li.product:nth-child(n), .woocommerce-page.mobile-columns-1 .site-main ul.products li.product:nth-child(n){margin-right:0;}.woocommerce #content div.product .woocommerce-tabs ul.tabs li, .woocommerce-page #content div.product .woocommerce-tabs ul.tabs li{display:block;margin-right:0;}.woocommerce[class*="columns-"].columns-3 &gt; ul.products li.product, .woocommerce[class*="columns-"].columns-4 &gt; ul.products li.product, .woocommerce[class*="columns-"].columns-5 &gt; ul.products li.product, .woocommerce[class*="columns-"].columns-6 &gt; ul.products li.product{width:calc(50% - 10px);margin-right:20px;}.woocommerce[class*="columns-"] ul.products li.product:nth-child(n), .woocommerce-page[class*="columns-"] ul.products li.product:nth-child(n){margin-right:20px;clear:none;}.woocommerce-page[class*=columns-].columns-3&gt;ul.products li.product:nth-child(2n), .woocommerce-page[class*=columns-].columns-4&gt;ul.products li.product:nth-child(2n), .woocommerce-page[class*=columns-].columns-5&gt;ul.products li.product:nth-child(2n), .woocommerce-page[class*=columns-].columns-6&gt;ul.products li.product:nth-child(2n), .woocommerce[class*=columns-].columns-3&gt;ul.products li.product:nth-child(2n), .woocommerce[class*=columns-].columns-4&gt;ul.products li.product:nth-child(2n), .woocommerce[class*=columns-].columns-5&gt;ul.products li.product:nth-child(2n), .woocommerce[class*=columns-].columns-6&gt;ul.products li.product:nth-child(2n){margin-right:0;clear:right;}.woocommerce[class*="columns-"].columns-3 &gt; ul.products li.product:nth-child(2n+1), .woocommerce[class*="columns-"].columns-4 &gt; ul.products li.product:nth-child(2n+1), .woocommerce[class*="columns-"].columns-5 &gt; ul.products li.product:nth-child(2n+1), .woocommerce[class*="columns-"].columns-6 &gt; ul.products li.product:nth-child(2n+1){clear:left;}.woocommerce-page[class*=columns-] ul.products li.product:nth-child(n), .woocommerce[class*=columns-] ul.products li.product:nth-child(n){margin-right:20px;clear:none;}.woocommerce.mobile-columns-6 ul.products li.product:nth-child(6n), .woocommerce-page.mobile-columns-6 ul.products li.product:nth-child(6n), .woocommerce.mobile-columns-5 ul.products li.product:nth-child(5n), .woocommerce-page.mobile-columns-5 ul.products li.product:nth-child(5n), .woocommerce.mobile-columns-4 ul.products li.product:nth-child(4n), .woocommerce-page.mobile-columns-4 ul.products li.product:nth-child(4n), .woocommerce.mobile-columns-3 ul.products li.product:nth-child(3n), .woocommerce-page.mobile-columns-3 ul.products li.product:nth-child(3n), .woocommerce.mobile-columns-2 ul.products li.product:nth-child(2n), .woocommerce-page.mobile-columns-2 ul.products li.product:nth-child(2n), .woocommerce div.product .related.products ul.products li.product:nth-child(2n){margin-right:0;clear:right;}.woocommerce.mobile-columns-6 ul.products li.product:nth-child(6n+1), .woocommerce-page.mobile-columns-6 ul.products li.product:nth-child(6n+1), .woocommerce.mobile-columns-5 ul.products li.product:nth-child(5n+1), .woocommerce-page.mobile-columns-5 ul.products li.product:nth-child(5n+1), .woocommerce.mobile-columns-4 ul.products li.product:nth-child(4n+1), .woocommerce-page.mobile-columns-4 ul.products li.product:nth-child(4n+1), .woocommerce.mobile-columns-3 ul.products li.product:nth-child(3n+1), .woocommerce-page.mobile-columns-3 ul.products li.product:nth-child(3n+1), .woocommerce.mobile-columns-2 ul.products li.product:nth-child(2n+1), .woocommerce-page.mobile-columns-2 ul.products li.product:nth-child(2n+1), .woocommerce div.product .related.products ul.products li.product:nth-child(2n+1){clear:left;}}@media (min-width:922px){.ast-woo-shop-archive .site-content &gt; .ast-container{max-width:1240px;}}@media (min-width:922px){.woocommerce #content .ast-woocommerce-container div.product div.images, .woocommerce .ast-woocommerce-container div.product div.images, .woocommerce-page #content .ast-woocommerce-container div.product div.images, .woocommerce-page .ast-woocommerce-container div.product div.images{width:50%;}.woocommerce #content .ast-woocommerce-container div.product div.summary, .woocommerce .ast-woocommerce-container div.product div.summary, .woocommerce-page #content .ast-woocommerce-container div.product div.summary, .woocommerce-page .ast-woocommerce-container div.product div.summary{width:46%;}.woocommerce.woocommerce-checkout form #customer_details.col2-set .col-1, .woocommerce.woocommerce-checkout form #customer_details.col2-set .col-2, .woocommerce-page.woocommerce-checkout form #customer_details.col2-set .col-1, .woocommerce-page.woocommerce-checkout form #customer_details.col2-set .col-2{float:none;width:auto;}}.woocommerce a.button , .woocommerce button.button.alt ,.woocommerce-page table.cart td.actions .button, .woocommerce-page #content table.cart td.actions .button , .woocommerce a.button.alt ,.woocommerce .woocommerce-message a.button , .ast-site-header-cart .widget_shopping_cart .buttons .button.checkout, .woocommerce button.button.alt.disabled , .wc-block-grid__products .wc-block-grid__product .wp-block-button__link {border:solid;border-top-width:0;border-right-width:0;border-left-width:0;border-bottom-width:0;border-color:#3197d6;}.woocommerce a.button:hover , .woocommerce button.button.alt:hover , .woocommerce-page table.cart td.actions .button:hover, .woocommerce-page #content table.cart td.actions .button:hover, .woocommerce a.button.alt:hover ,.woocommerce .woocommerce-message a.button:hover , .ast-site-header-cart .widget_shopping_cart .buttons .button.checkout:hover , .woocommerce button.button.alt.disabled:hover , .wc-block-grid__products .wc-block-grid__product .wp-block-button__link:hover{border-color:#0084d6;}.widget_product_search button{flex:0 0 auto;padding:10px 20px;;}@media (min-width:922px){.woocommerce.woocommerce-checkout form #customer_details.col2-set, .woocommerce-page.woocommerce-checkout form #customer_details.col2-set{width:55%;float:left;margin-right:4.347826087%;}.woocommerce.woocommerce-checkout form #order_review, .woocommerce.woocommerce-checkout form #order_review_heading, .woocommerce-page.woocommerce-checkout form #order_review, .woocommerce-page.woocommerce-checkout form #order_review_heading{width:40%;float:right;margin-right:0;clear:right;}}
</style>
    <style id="woocommerce-inline-inline-css">
.woocommerce form .form-row .required { visibility: visible; }
</style>
    <script id="jquery-core-js" src="https://askomdch.com/wp-includes/js/jquery/jquery.min.js?ver=3.6.0"/>
    <script id="jquery-migrate-js" src="https://askomdch.com/wp-includes/js/jquery/jquery-migrate.min.js?ver=3.3.2"/>
    <link rel="canonical" href="https://askomdch.com/account/"/>
    <noscript>
      <style>.woocommerce-product-gallery{ opacity: 1 !important; }</style>
    </noscript>
    <style>.recentcomments a{display:inline !important;padding:0 !important;margin:0 !important;}</style>
  </head>
  <body class="page-template-default page page-id-1235 theme-astra woocommerce-account woocommerce-page woocommerce-no-js ast-single-post ast-mobile-inherit-site-logo ast-woocommerce-cart-menu ast-inherit-site-logo-transparent ast-theme-transparent-header ast-hfb-header ast-desktop ast-plain-container ast-no-sidebar astra-3.7.5" itemtype="https://schema.org/WebPage" itemscope="itemscope">
    <a shape="rect" class="skip-link screen-reader-text" href="#content" role="link" title="Skip to content">
Skip to content</a>
    <div class="hfeed site" id="page">
      <header class="site-header ast-primary-submenu-animation-slide-up header-main-layout-1 ast-primary-menu-enabled ast-builder-menu-toggle-icon ast-mobile-header-inline" id="masthead" itemtype="https://schema.org/WPHeader" itemscope="itemscope" itemid="#masthead">
        <div id="ast-desktop-header" data-toggle-type="dropdown">
          <div class="ast-main-header-wrap main-header-bar-wrap">
            <div class="ast-primary-header-bar ast-primary-header main-header-bar site-header-focus-item" data-section="section-primary-header-builder">
              <div class="site-primary-header-wrap ast-builder-grid-row-container site-header-focus-item ast-container" data-section="section-primary-header-builder">
                <div class="ast-builder-grid-row ast-builder-grid-row-has-sides ast-builder-grid-row-no-center">
                  <div class="site-header-primary-section-left site-header-section ast-flex site-header-section-left">
                    <div class="ast-builder-layout-element ast-flex site-header-focus-item" data-section="title_tagline">
                      <div class="site-branding ast-site-identity" itemtype="https://schema.org/Organization" itemscope="itemscope">
                        <div class="ast-site-title-wrap">
                          <span class="site-title" itemprop="name">
                            <a shape="rect" href="https://askomdch.com/" rel="home" itemprop="url">
AskOmDch
</a>
                          </span>
                        </div>
                      </div>
                    </div>
                  </div>
                  <div class="site-header-primary-section-right site-header-section ast-flex ast-grid-right-section">
                    <div class="ast-builder-menu-1 ast-builder-menu ast-flex ast-builder-menu-1-focus-item ast-builder-layout-element site-header-focus-item" data-section="section-hb-menu-1">
                      <div class="ast-main-header-bar-alignment">
                        <div class="main-header-bar-navigation">
                          <nav class="site-navigation ast-flex-grow-1 navigation-accessibility site-header-focus-item" id="primary-site-navigation" aria-label="Site Navigation" itemtype="https://schema.org/SiteNavigationElement" itemscope="itemscope">
                            <div class="main-navigation ast-inline-flex">
                              <ul class="main-header-menu ast-menu-shadow ast-nav-menu ast-flex submenu-with-border astra-menu-animation-slide-up stack-on-mobile" id="ast-hf-menu-1">
                                <li class="menu-item menu-item-type-post_type menu-item-object-page menu-item-home menu-item-1226" id="menu-item-1226">
                                  <a shape="rect" class="menu-link" href="https://askomdch.com/">Home</a>
                                </li>
                                <li class="menu-item menu-item-type-post_type menu-item-object-page menu-item-1227" id="menu-item-1227">
                                  <a shape="rect" class="menu-link" href="https://askomdch.com/store/">Store</a>
                                </li>
                                <li class="menu-item menu-item-type-taxonomy menu-item-object-product_cat menu-item-1228" id="menu-item-1228">
                                  <a shape="rect" class="menu-link" href="https://askomdch.com/product-category/men/">Men</a>
                                </li>
                                <li class="menu-item menu-item-type-taxonomy menu-item-object-product_cat menu-item-1229" id="menu-item-1229">
                                  <a shape="rect" class="menu-link" href="https://askomdch.com/product-category/women/">Women</a>
                                </li>
                                <li class="menu-item menu-item-type-taxonomy menu-item-object-product_cat menu-item-1230" id="menu-item-1230">
                                  <a shape="rect" class="menu-link" href="https://askomdch.com/product-category/accessories/">Accessories</a>
                                </li>
                                <li class="menu-item menu-item-type-post_type menu-item-object-page current-menu-item page_item page-item-1235 current_page_item menu-item-1237" id="menu-item-1237">
                                  <a shape="rect" class="menu-link" href="https://askomdch.com/account/" aria-current="page">Account</a>
                                </li>
                                <li class="menu-item menu-item-type-post_type menu-item-object-page menu-item-1232" id="menu-item-1232">
                                  <a shape="rect" class="menu-link" href="https://askomdch.com/about/">About</a>
                                </li>
                                <li class="menu-item menu-item-type-post_type menu-item-object-page menu-item-1233" id="menu-item-1233">
                                  <a shape="rect" class="menu-link" href="https://askomdch.com/contact-us/">Contact Us</a>
                                </li>
                              </ul>
                            </div>
                          </nav>
                        </div>
                      </div>
                    </div>
                    <div class="ast-builder-layout-element site-header-focus-item ast-header-woo-cart" data-section="section-header-woo-cart">
                      <div class="ast-site-header-cart ast-menu-cart-with-border ast-menu-cart-fill" id="ast-site-header-cart">
                        <div class="ast-site-header-cart-li">
                          <a shape="rect" class="cart-container" href="https://askomdch.com/cart/" title="View your shopping cart"/>
                          <div class="ast-cart-menu-wrap">
                            <span class="count">
0 </span>
                          </div>
                        </div>
                        <div class="ast-site-header-cart-data">
                          <div class="widget woocommerce widget_shopping_cart">
                            <div class="widget_shopping_cart_content"/>
                          </div>
                        </div>
                      </div>
                    </div>
                  </div>
                </div>
              </div>
            </div>
          </div>
          <div class="ast-desktop-header-content content-align-flex-start"/>
        </div>
        <div class="ast-mobile-header-wrap" id="ast-mobile-header" data-type="dropdown">
          <div class="ast-main-header-wrap main-header-bar-wrap">
            <div class="ast-primary-header-bar ast-primary-header main-header-bar site-primary-header-wrap site-header-focus-item ast-builder-grid-row-layout-default ast-builder-grid-row-tablet-layout-default ast-builder-grid-row-mobile-layout-default" data-section="section-primary-header-builder">
              <div class="ast-builder-grid-row ast-builder-grid-row-has-sides ast-builder-grid-row-no-center">
                <div class="site-header-primary-section-left site-header-section ast-flex site-header-section-left">
                  <div class="ast-builder-layout-element ast-flex site-header-focus-item" data-section="title_tagline">
                    <div class="site-branding ast-site-identity" itemtype="https://schema.org/Organization" itemscope="itemscope">
                      <div class="ast-site-title-wrap">
                        <span class="site-title" itemprop="name">
                          <a shape="rect" href="https://askomdch.com/" rel="home" itemprop="url">
AskOmDch
</a>
                        </span>
                      </div>
                    </div>
                  </div>
                </div>
                <div class="site-header-primary-section-right site-header-section ast-flex ast-grid-right-section">
                  <div class="ast-builder-layout-element site-header-focus-item ast-header-woo-cart" data-section="section-header-woo-cart">
                    <div class="ast-site-header-cart ast-menu-cart-with-border ast-menu-cart-fill" id="ast-site-header-cart">
                      <div class="ast-site-header-cart-li">
                        <a shape="rect" class="cart-container" href="https://askomdch.com/cart/" title="View your shopping cart"/>
                        <div class="ast-cart-menu-wrap">
                          <span class="count">
0 </span>
                        </div>
                      </div>
                      <div class="ast-site-header-cart-data">
                        <div class="widget woocommerce widget_shopping_cart">
                          <div class="widget_shopping_cart_content"/>
                        </div>
                      </div>
                    </div>
                  </div>
                  <div class="ast-builder-layout-element ast-flex site-header-focus-item" data-section="section-header-mobile-trigger">
                    <div class="ast-button-wrap">
                      <button type="button" class="menu-toggle main-header-menu-toggle ast-mobile-menu-trigger-minimal" aria-expanded="false">
                        <span class="screen-reader-text">Main Menu</span>
                        <span class="mobile-menu-toggle-icon">
                          <span class="ahfb-svg-iconset ast-inline-flex svg-baseline">
                            <svg class="ast-mobile-svg ast-menu2-svg" fill="currentColor" version="1.1" width="24" height="28" viewbox="0 0 24 28">
                              <path d="M24 21v2c0 0.547-0.453 1-1 1h-22c-0.547 0-1-0.453-1-1v-2c0-0.547 0.453-1 1-1h22c0.547 0 1 0.453 1 1zM24 13v2c0 0.547-0.453 1-1 1h-22c-0.547 0-1-0.453-1-1v-2c0-0.547 0.453-1 1-1h22c0.547 0 1 0.453 1 1zM24 5v2c0 0.547-0.453 1-1 1h-22c-0.547 0-1-0.453-1-1v-2c0-0.547 0.453-1 1-1h22c0.547 0 1 0.453 1 1z"/>
                            </svg>
                          </span>
                          <span class="ahfb-svg-iconset ast-inline-flex svg-baseline">
                            <svg class="ast-mobile-svg ast-close-svg" fill="currentColor" version="1.1" width="24" height="24" viewbox="0 0 24 24">
                              <path d="M5.293 6.707l5.293 5.293-5.293 5.293c-0.391 0.391-0.391 1.024 0 1.414s1.024 0.391 1.414 0l5.293-5.293 5.293 5.293c0.391 0.391 1.024 0.391 1.414 0s0.391-1.024 0-1.414l-5.293-5.293 5.293-5.293c0.391-0.391 0.391-1.024 0-1.414s-1.024-0.391-1.414 0l-5.293 5.293-5.293-5.293c-0.391-0.391-1.024-0.391-1.414 0s-0.391 1.024 0 1.414z"/>
                            </svg>
                          </span>
                        </span>
                      </button>
                    </div>
                  </div>
                </div>
              </div>
            </div>
          </div>
          <div class="ast-mobile-header-content content-align-flex-start">
            <div class="ast-builder-menu-1 ast-builder-menu ast-flex ast-builder-menu-1-focus-item ast-builder-layout-element site-header-focus-item" data-section="section-hb-menu-1">
              <div class="ast-main-header-bar-alignment">
                <div class="main-header-bar-navigation">
                  <nav class="site-navigation ast-flex-grow-1 navigation-accessibility site-header-focus-item" id="primary-site-navigation" aria-label="Site Navigation" itemtype="https://schema.org/SiteNavigationElement" itemscope="itemscope">
                    <div class="main-navigation ast-inline-flex">
                      <ul class="main-header-menu ast-menu-shadow ast-nav-menu ast-flex submenu-with-border astra-menu-animation-slide-up stack-on-mobile" id="ast-hf-menu-1">
                        <li class="menu-item menu-item-type-post_type menu-item-object-page menu-item-home menu-item-1226">
                          <a shape="rect" class="menu-link" href="https://askomdch.com/">Home</a>
                        </li>
                        <li class="menu-item menu-item-type-post_type menu-item-object-page menu-item-1227">
                          <a shape="rect" class="menu-link" href="https://askomdch.com/store/">Store</a>
                        </li>
                        <li class="menu-item menu-item-type-taxonomy menu-item-object-product_cat menu-item-1228">
                          <a shape="rect" class="menu-link" href="https://askomdch.com/product-category/men/">Men</a>
                        </li>
                        <li class="menu-item menu-item-type-taxonomy menu-item-object-product_cat menu-item-1229">
                          <a shape="rect" class="menu-link" href="https://askomdch.com/product-category/women/">Women</a>
                        </li>
                        <li class="menu-item menu-item-type-taxonomy menu-item-object-product_cat menu-item-1230">
                          <a shape="rect" class="menu-link" href="https://askomdch.com/product-category/accessories/">Accessories</a>
                        </li>
                        <li class="menu-item menu-item-type-post_type menu-item-object-page current-menu-item page_item page-item-1235 current_page_item menu-item-1237">
                          <a shape="rect" class="menu-link" href="https://askomdch.com/account/" aria-current="page">Account</a>
                        </li>
                        <li class="menu-item menu-item-type-post_type menu-item-object-page menu-item-1232">
                          <a shape="rect" class="menu-link" href="https://askomdch.com/about/">About</a>
                        </li>
                        <li class="menu-item menu-item-type-post_type menu-item-object-page menu-item-1233">
                          <a shape="rect" class="menu-link" href="https://askomdch.com/contact-us/">Contact Us</a>
                        </li>
                      </ul>
                    </div>
                  </nav>
                </div>
              </div>
            </div>
          </div>
        </div>
      </header>
      <div class="site-content" id="content">
        <div class="ast-container">
          <div class="content-area primary" id="primary">
            <main id="main" class="site-main">
              <article class="post-1235 page type-page status-publish ast-article-single" id="post-1235" itemtype="https://schema.org/CreativeWork" itemscope="itemscope">
                <header class="entry-header ast-header-without-markup"/>
                <div class="entry-content clear" itemprop="text">
                  <div class="wp-block-cover alignfull has-background-dim" style="background-color:#001d35;min-height:400px">
                    <div class="wp-block-cover__inner-container">
                      <h1 class="has-text-align-center">Account</h1>
                    </div>
                  </div>
                  <div class="wp-block-group alignfull">
                    <div class="wp-block-group__inner-container">
                      <div class="wp-block-columns">
                        <div class="wp-block-column" style="flex-basis:100%"/>
                      </div>
                      <div class="woocommerce">
                        <div class="woocommerce-notices-wrapper"/>
                        <div class="u-columns col2-set" id="customer_login">
                          <div class="u-column1 col-1">
                            <h2>Login</h2>
                            <form enctype="application/x-www-form-urlencoded" method="post" class="woocommerce-form woocommerce-form-login login">
                              <p class="woocommerce-form-row woocommerce-form-row--wide form-row form-row-wide">
                                <label for="username">
Username or email address                                   <span class="required">*</span>
                                </label>
                                <input type="text" class="woocommerce-Input woocommerce-Input--text input-text" id="username" name="username" autocomplete="username" value=""/>
                              </p>
                              <p class="woocommerce-form-row woocommerce-form-row--wide form-row form-row-wide">
                                <label for="password">
Password                                   <span class="required">*</span>
                                </label>
                                <input type="password" class="woocommerce-Input woocommerce-Input--text input-text" id="password" name="password" autocomplete="current-password"/>
                              </p>
                              <p class="form-row">
                                <label class="woocommerce-form__label woocommerce-form__label-for-checkbox woocommerce-form-login__rememberme">
                                  <input type="checkbox" class="woocommerce-form__input woocommerce-form__input-checkbox" id="rememberme" name="rememberme" value="forever"/>
                                  <span>Remember me</span>
                                </label>
                                <input type="hidden" id="woocommerce-login-nonce" name="woocommerce-login-nonce" value="679b5e9476"/>
                                <input type="hidden" name="_wp_http_referer" value="/account/"/>
                                <button type="submit" class="woocommerce-button button woocommerce-form-login__submit" name="login" value="Log in">Log in</button>
                              </p>
                              <p class="woocommerce-LostPassword lost_password">
                                <a shape="rect" href="https://askomdch.com/account/lost-password/">Lost your password?</a>
                              </p>
                            </form>
                          </div>
                          <div class="u-column2 col-2">
                            <h2>Register</h2>
                            <form enctype="application/x-www-form-urlencoded" method="post" class="woocommerce-form woocommerce-form-register register">
                              <p class="woocommerce-form-row woocommerce-form-row--wide form-row form-row-wide">
                                <label for="reg_username">
Username                                   <span class="required">*</span>
                                </label>
                                <input type="text" class="woocommerce-Input woocommerce-Input--text input-text" id="reg_username" name="username" autocomplete="username" value=""/>
                              </p>
                              <p class="woocommerce-form-row woocommerce-form-row--wide form-row form-row-wide">
                                <label for="reg_email">
Email address                                   <span class="required">*</span>
                                </label>
                                <input type="email" class="woocommerce-Input woocommerce-Input--text input-text" id="reg_email" name="email" autocomplete="email" value=""/>
                              </p>
                              <p class="woocommerce-form-row woocommerce-form-row--wide form-row form-row-wide">
                                <label for="reg_password">
Password                                   <span class="required">*</span>
                                </label>
                                <input type="password" class="woocommerce-Input woocommerce-Input--text input-text" id="reg_password" name="password" autocomplete="new-password"/>
                              </p>
                              <div class="woocommerce-privacy-policy-text">
                                <p>TEST MODE ENABLED. DO NOT ENTER YOUR PERSONAL DATA.</p>
                              </div>
                              <p class="woocommerce-form-row form-row">
                                <input type="hidden" id="woocommerce-register-nonce" name="woocommerce-register-nonce" value="cbc2b22125"/>
                                <input type="hidden" name="_wp_http_referer" value="/account/"/>
                                <button type="submit" class="woocommerce-Button woocommerce-button button woocommerce-form-register__submit" name="register" value="Register">Register</button>
                              </p>
                            </form>
                          </div>
                        </div>
                      </div>
                    </div>
                  </div>
                  <p/>
                </div>
              </article>
            </main>
          </div>
        </div>
      </div>
      <div class="astra-mobile-cart-overlay"/>
      <div class="astra-cart-drawer open-right" id="astra-mobile-cart-drawer">
        <div class="astra-cart-drawer-header">
          <button type="button" class="astra-cart-drawer-close">
            <span class="ahfb-svg-iconset ast-inline-flex svg-baseline">
              <svg class="ast-mobile-svg ast-close-svg" fill="currentColor" version="1.1" width="24" height="24" viewbox="0 0 24 24">
                <path d="M5.293 6.707l5.293 5.293-5.293 5.293c-0.391 0.391-0.391 1.024 0 1.414s1.024 0.391 1.414 0l5.293-5.293 5.293 5.293c0.391 0.391 1.024 0.391 1.414 0s0.391-1.024 0-1.414l-5.293-5.293 5.293-5.293c0.391-0.391 0.391-1.024 0-1.414s-1.024-0.391-1.414 0l-5.293 5.293-5.293-5.293c-0.391-0.391-1.024-0.391-1.414 0s-0.391 1.024 0 1.414z"/>
              </svg>
            </span>
          </button>
          <div class="astra-cart-drawer-title">
Shopping Cart </div>
        </div>
        <div class="astra-cart-drawer-content">
          <div class="widget woocommerce widget_shopping_cart">
            <div class="widget_shopping_cart_content"/>
          </div>
        </div>
      </div>
      <footer class="site-footer" id="colophon" itemtype="https://schema.org/WPFooter" itemscope="itemscope" itemid="#colophon">
        <div class="site-primary-footer-wrap ast-builder-grid-row-container site-footer-focus-item ast-builder-grid-row-4-equal ast-builder-grid-row-tablet-4-equal ast-builder-grid-row-mobile-full ast-footer-row-stack ast-footer-row-tablet-stack ast-footer-row-mobile-stack" data-section="section-primary-footer-builder">
          <div class="ast-builder-grid-row-container-inner">
            <div class="ast-builder-footer-grid-columns site-primary-footer-inner-wrap ast-builder-grid-row">
              <div class="site-footer-primary-section-1 site-footer-section site-footer-section-1">
                <aside class="footer-widget-area widget-area site-footer-focus-item" data-section="sidebar-widgets-footer-widget-1" aria-label="Footer Widget 1">
                  <div class="footer-widget-area-inner site-info-inner">
                    <section id="nav_menu-7" class="widget widget_nav_menu">
                      <h2 class="widget-title">Quick Links</h2>
                      <nav class="menu-quick-links-container" aria-label="Quick Links">
                        <ul class="menu" id="menu-quick-links">
                          <li class="menu-item menu-item-type-post_type menu-item-object-page menu-item-home menu-item-1254" id="menu-item-1254">
                            <a shape="rect" class="menu-link" href="https://askomdch.com/">Home</a>
                          </li>
                          <li class="menu-item menu-item-type-post_type menu-item-object-page menu-item-1255" id="menu-item-1255">
                            <a shape="rect" class="menu-link" href="https://askomdch.com/about/">About</a>
                          </li>
                          <li class="menu-item menu-item-type-post_type menu-item-object-page current-menu-item page_item page-item-1235 current_page_item menu-item-1256" id="menu-item-1256">
                            <a shape="rect" class="menu-link" href="https://askomdch.com/account/" aria-current="page">My Account</a>
                          </li>
                          <li class="menu-item menu-item-type-post_type menu-item-object-page menu-item-1257" id="menu-item-1257">
                            <a shape="rect" class="menu-link" href="https://askomdch.com/cart/">Cart</a>
                          </li>
                          <li class="menu-item menu-item-type-post_type menu-item-object-page menu-item-1258" id="menu-item-1258">
                            <a shape="rect" class="menu-link" href="https://askomdch.com/contact-us/">Contact Us</a>
                          </li>
                        </ul>
                      </nav>
                    </section>
                  </div>
                </aside>
              </div>
              <div class="site-footer-primary-section-2 site-footer-section site-footer-section-2">
                <aside class="footer-widget-area widget-area site-footer-focus-item" data-section="sidebar-widgets-footer-widget-2" aria-label="Footer Widget 2">
                  <div class="footer-widget-area-inner site-info-inner">
                    <section id="nav_menu-8" class="widget widget_nav_menu">
                      <h2 class="widget-title">For Her</h2>
                      <nav class="menu-for-her-container" aria-label="For Her">
                        <ul class="menu" id="menu-for-her">
                          <li class="menu-item menu-item-type-taxonomy menu-item-object-product_cat menu-item-1264" id="menu-item-1264">
                            <a shape="rect" class="menu-link" href="https://askomdch.com/product-category/women/">Women</a>
                          </li>
                          <li class="menu-item menu-item-type-taxonomy menu-item-object-product_cat menu-item-1266" id="menu-item-1266">
                            <a shape="rect" class="menu-link" href="https://askomdch.com/product-category/womens-jeans/">Women’s Jeans</a>
                          </li>
                          <li class="menu-item menu-item-type-taxonomy menu-item-object-product_cat menu-item-1265" id="menu-item-1265">
                            <a shape="rect" class="menu-link" href="https://askomdch.com/product-category/womens-shirts/">Women’s Shirts</a>
                          </li>
                          <li class="menu-item menu-item-type-taxonomy menu-item-object-product_cat menu-item-1267" id="menu-item-1267">
                            <a shape="rect" class="menu-link" href="https://askomdch.com/product-category/womens-shoes/">Women’s Shoes</a>
                          </li>
                          <li class="menu-item menu-item-type-taxonomy menu-item-object-product_cat menu-item-1268" id="menu-item-1268">
                            <a shape="rect" class="menu-link" href="https://askomdch.com/product-category/accessories/">Accessories</a>
                          </li>
                        </ul>
                      </nav>
                    </section>
                  </div>
                </aside>
              </div>
              <div class="site-footer-primary-section-3 site-footer-section site-footer-section-3">
                <aside class="footer-widget-area widget-area site-footer-focus-item" data-section="sidebar-widgets-footer-widget-3" aria-label="Footer Widget 3">
                  <div class="footer-widget-area-inner site-info-inner">
                    <section id="nav_menu-12" class="widget widget_nav_menu">
                      <h2 class="widget-title">For Him</h2>
                      <nav class="menu-for-him-container" aria-label="For Him">
                        <ul class="menu" id="menu-for-him">
                          <li class="menu-item menu-item-type-taxonomy menu-item-object-product_cat menu-item-1263" id="menu-item-1263">
                            <a shape="rect" class="menu-link" href="https://askomdch.com/product-category/men/">Men</a>
                          </li>
                          <li class="menu-item menu-item-type-taxonomy menu-item-object-product_cat menu-item-1259" id="menu-item-1259">
                            <a shape="rect" class="menu-link" href="https://askomdch.com/product-category/mens-jeans/">Men’s Jeans</a>
                          </li>
                          <li class="menu-item menu-item-type-taxonomy menu-item-object-product_cat menu-item-1260" id="menu-item-1260">
                            <a shape="rect" class="menu-link" href="https://askomdch.com/product-category/mens-shirts/">Men’s Shirts</a>
                          </li>
                          <li class="menu-item menu-item-type-taxonomy menu-item-object-product_cat menu-item-1261" id="menu-item-1261">
                            <a shape="rect" class="menu-link" href="https://askomdch.com/product-category/mens-shoes/">Men’s Shoes</a>
                          </li>
                          <li class="menu-item menu-item-type-taxonomy menu-item-object-product_cat menu-item-1262" id="menu-item-1262">
                            <a shape="rect" class="menu-link" href="https://askomdch.com/product-category/accessories/">Accessories</a>
                          </li>
                        </ul>
                      </nav>
                    </section>
                  </div>
                </aside>
              </div>
              <div class="site-footer-primary-section-4 site-footer-section site-footer-section-4">
                <aside class="footer-widget-area widget-area site-footer-focus-item" data-section="sidebar-widgets-footer-widget-4" aria-label="Footer Widget 4">
                  <div class="footer-widget-area-inner site-info-inner">
                    <section id="text-2" class="widget widget_text">
                      <h2 class="widget-title">AOD on Mobile</h2>
                      <div class="textwidget">
                        <p>
                          <a shape="rect" href="https://www.apple.com/in/app-store/" target="_blank" rel="noopener">
                            <img class="alignnone wp-image-1475 size-full" src="https://askomdch.com/wp-content/uploads/2021/06/image-60-compressed.jpg" alt="" width="300" height="90"/>
                          </a>
                          <a shape="rect" href="https://play.google.com/store" target="_blank" rel="noopener">
                            <img class="alignnone wp-image-1473 size-full" src="https://askomdch.com/wp-content/uploads/2021/06/image-41-compressed.jpg" alt="" width="300" height="90"/>
                          </a>
                        </p>
                      </div>
                    </section>
                  </div>
                </aside>
              </div>
            </div>
          </div>
        </div>
        <div class="site-below-footer-wrap ast-builder-grid-row-container site-footer-focus-item ast-builder-grid-row-2-equal ast-builder-grid-row-tablet-2-equal ast-builder-grid-row-mobile-full ast-footer-row-stack ast-footer-row-tablet-stack ast-footer-row-mobile-stack" data-section="section-below-footer-builder">
          <div class="ast-builder-grid-row-container-inner">
            <div class="ast-builder-footer-grid-columns site-below-footer-inner-wrap ast-builder-grid-row">
              <div class="site-footer-below-section-1 site-footer-section site-footer-section-1">
                <div class="ast-builder-layout-element ast-flex site-footer-focus-item ast-footer-copyright" data-section="section-footer-builder">
                  <div class="ast-footer-copyright">
                    <p>Copyright © 2022 AskOmDch</p>
                  </div>
                </div>
              </div>
              <div class="site-footer-below-section-2 site-footer-section site-footer-section-2">
                <div class="footer-widget-area widget-area site-footer-focus-item ast-footer-html-1" data-section="section-fb-html-1">
                  <div class="ast-header-html inner-link-style-">
                    <div class="ast-builder-html-element">
                      <p>Powered by AskOmDch</p>
                    </div>
                  </div>
                </div>
              </div>
            </div>
          </div>
        </div>
      </footer>
    </div>
    <script type="text/javascript">
		(function () {
			var c = document.body.className;
			c = c.replace(/woocommerce-no-js/, 'woocommerce-js');
			document.body.className = c;
		})();
	</script>
    <script id="astra-theme-js-js-extra">
var astra = {"break_point":"921","isRtl":""};
</script>
    <script id="astra-theme-js-js" src="https://askomdch.com/wp-content/themes/astra/assets/js/minified/frontend.min.js?ver=3.7.5"/>
    <script id="astra-mobile-cart-js" src="https://askomdch.com/wp-content/themes/astra/assets/js/minified/mobile-cart.min.js?ver=3.7.5"/>
    <script id="js-cookie-js" src="https://askomdch.com/wp-content/plugins/woocommerce/assets/js/js-cookie/js.cookie.min.js?ver=2.1.4-wc.5.8.0"/>
    <script id="wc-cart-fragments-js-extra">
var wc_cart_fragments_params = {"ajax_url":"\/wp-admin\/admin-ajax.php","wc_ajax_url":"\/?wc-ajax=%%endpoint%%","cart_hash_key":"wc_cart_hash_ce7302d8a5b087b54dd768c76987f650","fragment_name":"wc_fragments_ce7302d8a5b087b54dd768c76987f650","request_timeout":"5000"};
</script>
    <script id="wc-cart-fragments-js" src="https://askomdch.com/wp-content/plugins/woocommerce/assets/js/frontend/cart-fragments.min.js?ver=5.8.0"/>
    <script id="rocket-browser-checker-js-after">
"use strict";var _createClass=function(){function defineProperties(target,props){for(var i=0;i&lt;props.length;i++){var descriptor=props[i];descriptor.enumerable=descriptor.enumerable||!1,descriptor.configurable=!0,"value"in descriptor&amp;&amp;(descriptor.writable=!0),Object.defineProperty(target,descriptor.key,descriptor)}}return function(Constructor,protoProps,staticProps){return protoProps&amp;&amp;defineProperties(Constructor.prototype,protoProps),staticProps&amp;&amp;defineProperties(Constructor,staticProps),Constructor}}();function _classCallCheck(instance,Constructor){if(!(instance instanceof Constructor))throw new TypeError("Cannot call a class as a function")}var RocketBrowserCompatibilityChecker=function(){function RocketBrowserCompatibilityChecker(options){_classCallCheck(this,RocketBrowserCompatibilityChecker),this.passiveSupported=!1,this._checkPassiveOption(this),this.options=!!this.passiveSupported&amp;&amp;options}return _createClass(RocketBrowserCompatibilityChecker,[{key:"_checkPassiveOption",value:function(self){try{var options={get passive(){return!(self.passiveSupported=!0)}};window.addEventListener("test",null,options),window.removeEventListener("test",null,options)}catch(err){self.passiveSupported=!1}}},{key:"initRequestIdleCallback",value:function(){!1 in window&amp;&amp;(window.requestIdleCallback=function(cb){var start=Date.now();return setTimeout(function(){cb({didTimeout:!1,timeRemaining:function(){return Math.max(0,50-(Date.now()-start))}})},1)}),!1 in window&amp;&amp;(window.cancelIdleCallback=function(id){return clearTimeout(id)})}},{key:"isDataSaverModeOn",value:function(){return"connection"in navigator&amp;&amp;!0===navigator.connection.saveData}},{key:"supportsLinkPrefetch",value:function(){var elem=document.createElement("link");return elem.relList&amp;&amp;elem.relList.supports&amp;&amp;elem.relList.supports("prefetch")&amp;&amp;window.IntersectionObserver&amp;&amp;"isIntersecting"in IntersectionObserverEntry.prototype}},{key:"isSlowConnection",value:function(){return"connection"in navigator&amp;&amp;"effectiveType"in navigator.connection&amp;&amp;("2g"===navigator.connection.effectiveType||"slow-2g"===navigator.connection.effectiveType)}}]),RocketBrowserCompatibilityChecker}();
</script>
    <script id="rocket-preload-links-js-extra">
var RocketPreloadLinksConfig = {"excludeUris":"\/(.+\/)?feed\/?.+\/?|\/(?:.+\/)?embed\/|\/checkout\/|\/cart\/|\/account\/|\/wc-api\/v(.*)|\/(index\\.php\/)?wp\\-json(\/.*|$)|\/wp-admin\/|\/logout\/|\/wp-login.php","usesTrailingSlash":"1","imageExt":"jpg|jpeg|gif|png|tiff|bmp|webp|avif","fileExt":"jpg|jpeg|gif|png|tiff|bmp|webp|avif|php|pdf|html|htm","siteUrl":"https:\/\/askomdch.com","onHoverDelay":"100","rateThrottle":"3"};
</script>
    <script id="rocket-preload-links-js-after">
(function() {
"use strict";var r="function"==typeof Symbol&amp;&amp;"symbol"==typeof Symbol.iterator?function(e){return typeof e}:function(e){return e&amp;&amp;"function"==typeof Symbol&amp;&amp;e.constructor===Symbol&amp;&amp;e!==Symbol.prototype?"symbol":typeof e},e=function(){function i(e,t){for(var n=0;n&lt;t.length;n++){var i=t[n];i.enumerable=i.enumerable||!1,i.configurable=!0,"value"in i&amp;&amp;(i.writable=!0),Object.defineProperty(e,i.key,i)}}return function(e,t,n){return t&amp;&amp;i(e.prototype,t),n&amp;&amp;i(e,n),e}}();function i(e,t){if(!(e instanceof t))throw new TypeError("Cannot call a class as a function")}var t=function(){function n(e,t){i(this,n),this.browser=e,this.config=t,this.options=this.browser.options,this.prefetched=new Set,this.eventTime=null,this.threshold=1111,this.numOnHover=0}return e(n,[{key:"init",value:function(){!this.browser.supportsLinkPrefetch()||this.browser.isDataSaverModeOn()||this.browser.isSlowConnection()||(this.regex={excludeUris:RegExp(this.config.excludeUris,"i"),images:RegExp(".("+this.config.imageExt+")$","i"),fileExt:RegExp(".("+this.config.fileExt+")$","i")},this._initListeners(this))}},{key:"_initListeners",value:function(e){-1&lt;this.config.onHoverDelay&amp;&amp;document.addEventListener("mouseover",e.listener.bind(e),e.listenerOptions),document.addEventListener("mousedown",e.listener.bind(e),e.listenerOptions),document.addEventListener("touchstart",e.listener.bind(e),e.listenerOptions)}},{key:"listener",value:function(e){var t=e.target.closest("a"),n=this._prepareUrl(t);if(null!==n)switch(e.type){case"mousedown":case"touchstart":this._addPrefetchLink(n);break;case"mouseover":this._earlyPrefetch(t,n,"mouseout")}}},{key:"_earlyPrefetch",value:function(t,e,n){var i=this,r=setTimeout(function(){if(r=null,0===i.numOnHover)setTimeout(function(){return i.numOnHover=0},1e3);else if(i.numOnHover&gt;i.config.rateThrottle)return;i.numOnHover++,i._addPrefetchLink(e)},this.config.onHoverDelay);t.addEventListener(n,function e(){t.removeEventListener(n,e,{passive:!0}),null!==r&amp;&amp;(clearTimeout(r),r=null)},{passive:!0})}},{key:"_addPrefetchLink",value:function(i){return this.prefetched.add(i.href),new Promise(function(e,t){var n=document.createElement("link");n.rel="prefetch",n.href=i.href,n.onload=e,n.onerror=t,document.head.appendChild(n)}).catch(function(){})}},{key:"_prepareUrl",value:function(e){if(null===e||"object"!==(void 0===e?"undefined":r(e))||!1 in e||-1===["http:","https:"].indexOf(e.protocol))return null;var t=e.href.substring(0,this.config.siteUrl.length),n=this._getPathname(e.href,t),i={original:e.href,protocol:e.protocol,origin:t,pathname:n,href:t+n};return this._isLinkOk(i)?i:null}},{key:"_getPathname",value:function(e,t){var n=t?e.substring(this.config.siteUrl.length):e;return n.startsWith("/")||(n="/"+n),this._shouldAddTrailingSlash(n)?n+"/":n}},{key:"_shouldAddTrailingSlash",value:function(e){return this.config.usesTrailingSlash&amp;&amp;!e.endsWith("/")&amp;&amp;!this.regex.fileExt.test(e)}},{key:"_isLinkOk",value:function(e){return null!==e&amp;&amp;"object"===(void 0===e?"undefined":r(e))&amp;&amp;(!this.prefetched.has(e.href)&amp;&amp;e.origin===this.config.siteUrl&amp;&amp;-1===e.href.indexOf("?")&amp;&amp;-1===e.href.indexOf("#")&amp;&amp;!this.regex.excludeUris.test(e.href)&amp;&amp;!this.regex.images.test(e.href))}}],[{key:"run",value:function(){"undefined"!=typeof RocketPreloadLinksConfig&amp;&amp;new n(new RocketBrowserCompatibilityChecker({capture:!0,passive:!0}),RocketPreloadLinksConfig).init()}}]),n}();t.run();
}());
</script>
    <script>
			/(trident|msie)/i.test(navigator.userAgent)&amp;&amp;document.getElementById&amp;&amp;window.addEventListener&amp;&amp;window.addEventListener("hashchange",function(){var t,e=location.hash.substring(1);/^[A-z0-9_-]+$/.test(e)&amp;&amp;(t=document.getElementById(e))&amp;&amp;(/^(?:a|select|input|button|textarea)$/i.test(t.tagName)||(t.tabIndex=-1),t.focus())},!1);
			</script>
  </body>
</html>
<html lang="en-US">
  <head>
    <meta charset="UTF-8"/>
    <meta name="viewport" content="width=device-width, initial-scale=1"/>
    <link rel="profile" href="https://gmpg.org/xfn/11"/>
    <title>Account – AskOmDch</title>
    <meta name="robots" content="max-image-preview:large, noindex, follow"/>
    <link id="astra-theme-css-css" rel="stylesheet" href="https://askomdch.com/wp-content/themes/astra/assets/css/minified/frontend.min.css?ver=3.7.5" media="all"/>
    <style id="astra-theme-css-inline-css">
html{font-size:93.75%;}a,.page-title{color:#4e4e4e;}a:hover,a:focus{color:#0084d6;}body,button,input,select,textarea,.ast-button,.ast-custom-button{font-family:'Lato',sans-serif;font-weight:400;font-size:15px;font-size:1rem;}blockquote{color:#000000;}h1,.entry-content h1,.entry-content h1 a,h2,.entry-content h2,.entry-content h2 a,h3,.entry-content h3,.entry-content h3 a,h4,.entry-content h4,.entry-content h4 a,h5,.entry-content h5,.entry-content h5 a,h6,.entry-content h6,.entry-content h6 a,.site-title,.site-title a{font-family:'Lato',sans-serif;font-weight:700;}.site-title{font-size:35px;font-size:2.3333333333333rem;display:block;}header .custom-logo-link img{max-width:140px;}.astra-logo-svg{width:140px;}.ast-archive-description .ast-archive-title{font-size:40px;font-size:2.6666666666667rem;}.site-header .site-description{font-size:15px;font-size:1rem;display:none;}.entry-title{font-size:30px;font-size:2rem;}h1,.entry-content h1,.entry-content h1 a{font-size:58px;font-size:3.8666666666667rem;font-family:'Lato',sans-serif;}h2,.entry-content h2,.entry-content h2 a{font-size:42px;font-size:2.8rem;font-family:'Lato',sans-serif;}h3,.entry-content h3,.entry-content h3 a{font-size:30px;font-size:2rem;font-family:'Lato',sans-serif;}h4,.entry-content h4,.entry-content h4 a{font-size:20px;font-size:1.3333333333333rem;font-family:'Lato',sans-serif;}h5,.entry-content h5,.entry-content h5 a{font-size:18px;font-size:1.2rem;font-family:'Lato',sans-serif;}h6,.entry-content h6,.entry-content h6 a{font-size:15px;font-size:1rem;font-family:'Lato',sans-serif;}.ast-single-post .entry-title,.page-title{font-size:30px;font-size:2rem;}::selection{background-color:#54595f;color:#ffffff;}body,h1,.entry-title a,.entry-content h1,.entry-content h1 a,h2,.entry-content h2,.entry-content h2 a,h3,.entry-content h3,.entry-content h3 a,h4,.entry-content h4,.entry-content h4 a,h5,.entry-content h5,.entry-content h5 a,h6,.entry-content h6,.entry-content h6 a{color:#333333;}.tagcloud a:hover,.tagcloud a:focus,.tagcloud a.current-item{color:#ffffff;border-color:#4e4e4e;background-color:#4e4e4e;}input:focus,input[type="text"]:focus,input[type="email"]:focus,input[type="url"]:focus,input[type="password"]:focus,input[type="reset"]:focus,input[type="search"]:focus,textarea:focus{border-color:#4e4e4e;}input[type="radio"]:checked,input[type=reset],input[type="checkbox"]:checked,input[type="checkbox"]:hover:checked,input[type="checkbox"]:focus:checked,input[type=range]::-webkit-slider-thumb{border-color:#4e4e4e;background-color:#4e4e4e;box-shadow:none;}.site-footer a:hover + .post-count,.site-footer a:focus + .post-count{background:#4e4e4e;border-color:#4e4e4e;}.single .nav-links .nav-previous,.single .nav-links .nav-next{color:#4e4e4e;}.entry-meta,.entry-meta *{line-height:1.45;color:#4e4e4e;}.entry-meta a:hover,.entry-meta a:hover *,.entry-meta a:focus,.entry-meta a:focus *,.page-links &gt; .page-link,.page-links .page-link:hover,.post-navigation a:hover{color:#0084d6;}#cat option,.secondary .calendar_wrap thead a,.secondary .calendar_wrap thead a:visited{color:#4e4e4e;}.secondary .calendar_wrap #today,.ast-progress-val span{background:#4e4e4e;}.secondary a:hover + .post-count,.secondary a:focus + .post-count{background:#4e4e4e;border-color:#4e4e4e;}.calendar_wrap #today &gt; a{color:#ffffff;}.page-links .page-link,.single .post-navigation a{color:#4e4e4e;}.widget-title{font-size:21px;font-size:1.4rem;color:#333333;}@media (max-width:921px){#ast-desktop-header{display:none;}}@media (min-width:921px){#ast-mobile-header{display:none;}}.ast-site-header-cart .cart-container,.ast-edd-site-header-cart .ast-edd-cart-container {transition: all 0.2s linear;}.ast-site-header-cart .ast-woo-header-cart-info-wrap,.ast-edd-site-header-cart .ast-edd-header-cart-info-wrap {padding: 0 2px;font-weight: 600;line-height: 2.7;display: inline-block;}.ast-site-header-cart i.astra-icon {font-size: 20px;font-size: 1.3em;font-style: normal;font-weight: normal;position: relative;padding: 0 2px;}.ast-site-header-cart i.astra-icon.no-cart-total:after,.ast-header-break-point.ast-header-custom-item-outside .ast-edd-header-cart-info-wrap,.ast-header-break-point.ast-header-custom-item-outside .ast-woo-header-cart-info-wrap {display: none;}.ast-site-header-cart.ast-menu-cart-fill i.astra-icon,.ast-edd-site-header-cart.ast-edd-menu-cart-fill span.astra-icon {font-size: 1.1em;}.astra-cart-drawer {position: fixed;display: block;visibility: hidden;overflow: auto;-webkit-overflow-scrolling: touch;z-index: 9999;background-color: #fff;transition: all 0.5s ease;transform: translate3d(0,0,0);}.astra-cart-drawer.open-right {width: 80%;height: 100%;left: 100%;top: 0px;transform: translate3d(0%,0,0);}.astra-cart-drawer.active {transform: translate3d(-100%,0,0);visibility: visible;}.astra-cart-drawer .astra-cart-drawer-header {text-align: center;text-transform: uppercase;font-weight: 400;border-bottom: 1px solid #f0f0f0;padding: 0 0 0.675rem;}.astra-cart-drawer .astra-cart-drawer-close .ast-close-svg {width: 22px;height: 22px; }.astra-cart-drawer .astra-cart-drawer-title {padding-top: 5px;}.astra-cart-drawer .astra-cart-drawer-content .woocommerce-mini-cart {padding: 1em 1.5em;}.astra-cart-drawer .astra-cart-drawer-content .woocommerce-mini-cart a.remove {width: 20px;height: 20px;line-height: 16px;}.astra-cart-drawer .astra-cart-drawer-content .woocommerce-mini-cart__total {padding: 1em 1.5em;margin: 0;text-align: center;}.astra-cart-drawer .astra-cart-drawer-content .woocommerce-mini-cart__buttons {padding: 10px;text-align: center;} .astra-cart-drawer .astra-cart-drawer-content .woocommerce-mini-cart__buttons .button.checkout {margin-right: 0;}.astra-cart-drawer .astra-cart-drawer-content .edd-cart-item {padding: .5em 2.6em .5em 1.5em;}.astra-cart-drawer .astra-cart-drawer-content .edd-cart-item .edd-remove-from-cart::after {width: 20px;height: 20px;line-height: 16px;}.astra-cart-drawer .astra-cart-drawer-content .edd-cart-number-of-items {padding: 1em 1.5em 1em 1.5em;margin-bottom: 0;text-align: center;}.astra-cart-drawer .astra-cart-drawer-content .edd_total {padding: .5em 1.5em;margin: 0;text-align: center;}.astra-cart-drawer .astra-cart-drawer-content .cart_item.edd_checkout {padding: 1em 1.5em 0;text-align: center;margin-top: 0;}.astra-cart-drawer .woocommerce-mini-cart__empty-message,.astra-cart-drawer .cart_item.empty {text-align: center;margin-top: 10px;}body.admin-bar .astra-cart-drawer {padding-top: 32px;}body.admin-bar .astra-cart-drawer .astra-cart-drawer-close {top: 32px;}@media (max-width: 782px) {body.admin-bar .astra-cart-drawer {padding-top: 46px;}body.admin-bar .astra-cart-drawer .astra-cart-drawer-close {top: 46px;}}.ast-mobile-cart-active body.ast-hfb-header {overflow: hidden;}.ast-mobile-cart-active .astra-mobile-cart-overlay {opacity: 1;cursor: pointer;visibility: visible;z-index: 999;}@media (max-width: 545px) {.astra-cart-drawer.active {width: 100%;}}.ast-site-header-cart i.astra-icon:after {content: attr(data-cart-total);position: absolute;font-style: normal;top: -10px;right: -12px;font-weight: bold;box-shadow: 1px 1px 3px 0px rgba(0,0,0,0.3);font-size: 11px;padding-left: 0px;padding-right: 2px;line-height: 17px;letter-spacing: -.5px;height: 18px;min-width: 18px;border-radius: 99px;text-align: center;z-index: 3;}li.woocommerce-custom-menu-item .ast-site-header-cart i.astra-icon:after,li.edd-custom-menu-item .ast-edd-site-header-cart span.astra-icon:after {padding-left: 2px;}.astra-cart-drawer .astra-cart-drawer-close {position: absolute;top: 0;right: 0;margin: 0;padding: .6em 1em .4em;color: #ababab;background-color: transparent;}.astra-mobile-cart-overlay {background-color: rgba(0,0,0,0.4);position: fixed;top: 0;right: 0;bottom: 0;left: 0;visibility: hidden;opacity: 0;transition: opacity 0.2s ease-in-out;}.astra-cart-drawer .astra-cart-drawer-content .edd-cart-item .edd-remove-from-cart {right: 1.2em;}.ast-header-break-point.ast-woocommerce-cart-menu.ast-hfb-header .ast-cart-menu-wrap,.ast-header-break-point.ast-hfb-header .ast-cart-menu-wrap,.ast-header-break-point .ast-edd-site-header-cart-wrap .ast-edd-cart-menu-wrap {width: 2em;height: 2em;font-size: 1.4em;line-height: 2;vertical-align: middle;text-align: right;}.ast-site-header-cart.ast-menu-cart-outline .ast-cart-menu-wrap,.ast-site-header-cart.ast-menu-cart-fill .ast-cart-menu-wrap,.ast-edd-site-header-cart.ast-edd-menu-cart-outline .ast-edd-cart-menu-wrap,.ast-edd-site-header-cart.ast-edd-menu-cart-fill .ast-edd-cart-menu-wrap {line-height: 1.8;}.ast-site-header-cart .cart-container *,.ast-edd-site-header-cart .ast-edd-cart-container * {transition: all 0s linear;}.wp-block-buttons.aligncenter{justify-content:center;}@media (min-width:1200px){.wp-block-group .has-background{padding:20px;}}@media (min-width:1200px){.ast-no-sidebar.ast-separate-container .entry-content .wp-block-group.alignwide,.ast-no-sidebar.ast-separate-container .entry-content .wp-block-cover.alignwide{margin-left:-20px;margin-right:-20px;padding-left:20px;padding-right:20px;}.ast-no-sidebar.ast-separate-container .entry-content .wp-block-cover.alignfull,.ast-no-sidebar.ast-separate-container .entry-content .wp-block-group.alignfull{margin-left:-6.67em;margin-right:-6.67em;padding-left:6.67em;padding-right:6.67em;}}@media (min-width:1200px){.wp-block-cover-image.alignwide .wp-block-cover__inner-container,.wp-block-cover.alignwide .wp-block-cover__inner-container,.wp-block-cover-image.alignfull .wp-block-cover__inner-container,.wp-block-cover.alignfull .wp-block-cover__inner-container{width:100%;}}.ast-plain-container.ast-no-sidebar #primary{margin-top:0;margin-bottom:0;}@media (max-width:921px){.ast-theme-transparent-header #primary,.ast-theme-transparent-header #secondary{padding:0;}}.wp-block-columns{margin-bottom:unset;}.wp-block-image.size-full{margin:2rem 0;}.wp-block-separator.has-background{padding:0;}.wp-block-gallery{margin-bottom:1.6em;}.wp-block-group{padding-top:4em;padding-bottom:4em;}.wp-block-group__inner-container .wp-block-columns:last-child,.wp-block-group__inner-container :last-child,.wp-block-table table{margin-bottom:0;}.blocks-gallery-grid{width:100%;}.wp-block-navigation-link__content{padding:5px 0;}.wp-block-group .wp-block-group .has-text-align-center,.wp-block-group .wp-block-column .has-text-align-center{max-width:100%;}.has-text-align-center{margin:0 auto;}@media (min-width:1200px){.wp-block-cover__inner-container,.alignwide .wp-block-group__inner-container,.alignfull .wp-block-group__inner-container{max-width:1200px;margin:0 auto;}.wp-block-group.alignnone,.wp-block-group.aligncenter,.wp-block-group.alignleft,.wp-block-group.alignright,.wp-block-group.alignwide,.wp-block-columns.alignwide{margin:2rem 0 1rem 0;}}@media (max-width:1200px){.wp-block-group{padding:3em;}.wp-block-group .wp-block-group{padding:1.5em;}.wp-block-columns,.wp-block-column{margin:1rem 0;}}@media (min-width:921px){.wp-block-columns .wp-block-group{padding:2em;}}@media (max-width:544px){.wp-block-cover-image .wp-block-cover__inner-container,.wp-block-cover .wp-block-cover__inner-container{width:unset;}.wp-block-cover,.wp-block-cover-image{padding:2em 0;}.wp-block-group,.wp-block-cover{padding:2em;}.wp-block-media-text__media img,.wp-block-media-text__media video{width:unset;max-width:100%;}.wp-block-media-text.has-background .wp-block-media-text__content{padding:1em;}}@media (max-width:921px){.ast-plain-container.ast-no-sidebar #primary{padding:0;}}@media (min-width:544px){.entry-content .wp-block-media-text.has-media-on-the-right .wp-block-media-text__content{padding:0 8% 0 0;}.entry-content .wp-block-media-text .wp-block-media-text__content{padding:0 0 0 8%;}.ast-plain-container .site-content .entry-content .has-custom-content-position.is-position-bottom-left &gt; *,.ast-plain-container .site-content .entry-content .has-custom-content-position.is-position-bottom-right &gt; *,.ast-plain-container .site-content .entry-content .has-custom-content-position.is-position-top-left &gt; *,.ast-plain-container .site-content .entry-content .has-custom-content-position.is-position-top-right &gt; *,.ast-plain-container .site-content .entry-content .has-custom-content-position.is-position-center-right &gt; *,.ast-plain-container .site-content .entry-content .has-custom-content-position.is-position-center-left &gt; *{margin:0;}}@media (max-width:544px){.entry-content .wp-block-media-text .wp-block-media-text__content{padding:8% 0;}.wp-block-media-text .wp-block-media-text__media img{width:auto;max-width:100%;}}@media (max-width:921px){.ast-separate-container .ast-article-post,.ast-separate-container .ast-article-single{padding:1.5em 2.14em;}.ast-separate-container #primary,.ast-separate-container #secondary{padding:1.5em 0;}#primary,#secondary{padding:1.5em 0;margin:0;}.ast-left-sidebar #content &gt; .ast-container{display:flex;flex-direction:column-reverse;width:100%;}.ast-author-box img.avatar{margin:20px 0 0 0;}}@media (min-width:922px){.ast-separate-container.ast-right-sidebar #primary,.ast-separate-container.ast-left-sidebar #primary{border:0;}.search-no-results.ast-separate-container #primary{margin-bottom:4em;}}.elementor-button-wrapper .elementor-button{border-style:solid;text-decoration:none;border-top-width:0;border-right-width:0;border-left-width:0;border-bottom-width:0;}body .elementor-button.elementor-size-sm,body .elementor-button.elementor-size-xs,body .elementor-button.elementor-size-md,body .elementor-button.elementor-size-lg,body .elementor-button.elementor-size-xl,body .elementor-button{border-radius:0;padding-top:17px;padding-right:30px;padding-bottom:17px;padding-left:30px;}.elementor-button-wrapper .elementor-button{border-color:#3197d6;background-color:#3197d6;}.elementor-button-wrapper .elementor-button:hover,.elementor-button-wrapper .elementor-button:focus{color:#ffffff;background-color:#0084d6;border-color:#0084d6;}.wp-block-button .wp-block-button__link ,.elementor-button-wrapper .elementor-button,.elementor-button-wrapper .elementor-button:visited{color:#ffffff;}.elementor-button-wrapper .elementor-button{font-family:inherit;font-weight:inherit;line-height:1;text-transform:uppercase;letter-spacing:1px;}body .elementor-button.elementor-size-sm,body .elementor-button.elementor-size-xs,body .elementor-button.elementor-size-md,body .elementor-button.elementor-size-lg,body .elementor-button.elementor-size-xl,body .elementor-button{font-size:15px;font-size:1rem;}.wp-block-button .wp-block-button__link:hover,.wp-block-button .wp-block-button__link:focus{color:#ffffff;background-color:#0084d6;border-color:#0084d6;}.wp-block-button .wp-block-button__link{border-style:solid;border-top-width:0;border-right-width:0;border-left-width:0;border-bottom-width:0;border-color:#3197d6;background-color:#3197d6;color:#ffffff;font-family:inherit;font-weight:inherit;line-height:1;text-transform:uppercase;letter-spacing:1px;font-size:15px;font-size:1rem;border-radius:0;}.wp-block-buttons .wp-block-button .wp-block-button__link{padding-top:17px;padding-right:30px;padding-bottom:17px;padding-left:30px;}.menu-toggle,button,.ast-button,.ast-custom-button,.button,input#submit,input[type="button"],input[type="submit"],input[type="reset"]{border-style:solid;border-top-width:0;border-right-width:0;border-left-width:0;border-bottom-width:0;color:#ffffff;border-color:#3197d6;background-color:#3197d6;border-radius:0;padding-top:17px;padding-right:30px;padding-bottom:17px;padding-left:30px;font-family:inherit;font-weight:inherit;font-size:15px;font-size:1rem;line-height:1;text-transform:uppercase;letter-spacing:1px;}button:focus,.menu-toggle:hover,button:hover,.ast-button:hover,.ast-custom-button:hover .button:hover,.ast-custom-button:hover ,input[type=reset]:hover,input[type=reset]:focus,input#submit:hover,input#submit:focus,input[type="button"]:hover,input[type="button"]:focus,input[type="submit"]:hover,input[type="submit"]:focus{color:#ffffff;background-color:#0084d6;border-color:#0084d6;}@media (min-width:544px){.ast-container{max-width:100%;}}@media (max-width:544px){.ast-separate-container .ast-article-post,.ast-separate-container .ast-article-single,.ast-separate-container .comments-title,.ast-separate-container .ast-archive-description{padding:1.5em 1em;}.ast-separate-container #content .ast-container{padding-left:0.54em;padding-right:0.54em;}.ast-separate-container .ast-comment-list li.depth-1{padding:1.5em 1em;margin-bottom:1.5em;}.ast-separate-container .ast-comment-list .bypostauthor{padding:.5em;}.ast-search-menu-icon.ast-dropdown-active .search-field{width:170px;}}@media (max-width:921px){.ast-mobile-header-stack .main-header-bar .ast-search-menu-icon{display:inline-block;}.ast-header-break-point.ast-header-custom-item-outside .ast-mobile-header-stack .main-header-bar .ast-search-icon{margin:0;}.ast-comment-avatar-wrap img{max-width:2.5em;}.ast-separate-container .ast-comment-list li.depth-1{padding:1.5em 2.14em;}.ast-separate-container .comment-respond{padding:2em 2.14em;}.ast-comment-meta{padding:0 1.8888em 1.3333em;}}body,.ast-separate-container{background-color:#f9f9f9;;}.ast-no-sidebar.ast-separate-container .entry-content .alignfull {margin-left: -6.67em;margin-right: -6.67em;width: auto;}@media (max-width: 1200px) {.ast-no-sidebar.ast-separate-container .entry-content .alignfull {margin-left: -2.4em;margin-right: -2.4em;}}@media (max-width: 768px) {.ast-no-sidebar.ast-separate-container .entry-content .alignfull {margin-left: -2.14em;margin-right: -2.14em;}}@media (max-width: 544px) {.ast-no-sidebar.ast-separate-container .entry-content .alignfull {margin-left: -1em;margin-right: -1em;}}.ast-no-sidebar.ast-separate-container .entry-content .alignwide {margin-left: -20px;margin-right: -20px;}.ast-no-sidebar.ast-separate-container .entry-content .wp-block-column .alignfull,.ast-no-sidebar.ast-separate-container .entry-content .wp-block-column .alignwide {margin-left: auto;margin-right: auto;width: 100%;}@media (max-width:921px){.site-title{display:block;}.ast-archive-description .ast-archive-title{font-size:40px;}.site-header .site-description{display:none;}.entry-title{font-size:30px;}h1,.entry-content h1,.entry-content h1 a{font-size:30px;}h2,.entry-content h2,.entry-content h2 a{font-size:25px;}h3,.entry-content h3,.entry-content h3 a{font-size:20px;}.ast-single-post .entry-title,.page-title{font-size:30px;}.astra-logo-svg{width:120px;}header .custom-logo-link img,.ast-header-break-point .site-logo-img .custom-mobile-logo-link img{max-width:120px;}}@media (max-width:544px){.site-title{display:block;}.ast-archive-description .ast-archive-title{font-size:40px;}.site-header .site-description{display:none;}.entry-title{font-size:30px;}h1,.entry-content h1,.entry-content h1 a{font-size:30px;}h2,.entry-content h2,.entry-content h2 a{font-size:25px;}h3,.entry-content h3,.entry-content h3 a{font-size:20px;}.ast-single-post .entry-title,.page-title{font-size:30px;}header .custom-logo-link img,.ast-header-break-point .site-branding img,.ast-header-break-point .custom-logo-link img{max-width:120px;}.astra-logo-svg{width:120px;}.ast-header-break-point .site-logo-img .custom-mobile-logo-link img{max-width:120px;}}@media (max-width:921px){html{font-size:85.5%;}}@media (max-width:544px){html{font-size:85.5%;}}@media (min-width:922px){.ast-container{max-width:1240px;}}@font-face {font-family: "Astra";src: url(https://askomdch.com/wp-content/themes/astra/assets/fonts/astra.woff) format("woff"),url(https://askomdch.com/wp-content/themes/astra/assets/fonts/astra.ttf) format("truetype"),url(https://askomdch.com/wp-content/themes/astra/assets/fonts/astra.svg#astra) format("svg");font-weight: normal;font-style: normal;font-display: fallback;}@media (min-width:922px){.main-header-menu .sub-menu .menu-item.ast-left-align-sub-menu:hover &gt; .sub-menu,.main-header-menu .sub-menu .menu-item.ast-left-align-sub-menu.focus &gt; .sub-menu{margin-left:-2px;}}.ast-theme-transparent-header [data-section="section-header-mobile-trigger"] .ast-button-wrap .ast-mobile-menu-trigger-minimal{background:transparent;}.footer-widget-area[data-section^="section-fb-html-"] .ast-builder-html-element{text-align:center;}.astra-icon-down_arrow::after {content: "\e900";font-family: Astra;}.astra-icon-close::after {content: "\e5cd";font-family: Astra;}.astra-icon-drag_handle::after {content: "\e25d";font-family: Astra;}.astra-icon-format_align_justify::after {content: "\e235";font-family: Astra;}.astra-icon-menu::after {content: "\e5d2";font-family: Astra;}.astra-icon-reorder::after {content: "\e8fe";font-family: Astra;}.astra-icon-search::after {content: "\e8b6";font-family: Astra;}.astra-icon-zoom_in::after {content: "\e56b";font-family: Astra;}.astra-icon-check-circle::after {content: "\e901";font-family: Astra;}.astra-icon-shopping-cart::after {content: "\f07a";font-family: Astra;}.astra-icon-shopping-bag::after {content: "\f290";font-family: Astra;}.astra-icon-shopping-basket::after {content: "\f291";font-family: Astra;}.astra-icon-circle-o::after {content: "\e903";font-family: Astra;}.astra-icon-certificate::after {content: "\e902";font-family: Astra;}blockquote {padding: 1.2em;}.ast-header-break-point .ast-mobile-header-wrap .ast-above-header-wrap .main-header-bar-navigation .inline-on-mobile .menu-item .menu-link,.ast-header-break-point .ast-mobile-header-wrap .ast-main-header-wrap .main-header-bar-navigation .inline-on-mobile .menu-item .menu-link,.ast-header-break-point .ast-mobile-header-wrap .ast-below-header-wrap .main-header-bar-navigation .inline-on-mobile .menu-item .menu-link {border: none;}.ast-header-break-point .ast-mobile-header-wrap .ast-above-header-wrap .main-header-bar-navigation .inline-on-mobile .menu-item-has-children &gt; .ast-menu-toggle::before,.ast-header-break-point .ast-mobile-header-wrap .ast-main-header-wrap .main-header-bar-navigation .inline-on-mobile .menu-item-has-children &gt; .ast-menu-toggle::before,.ast-header-break-point .ast-mobile-header-wrap .ast-below-header-wrap .main-header-bar-navigation .inline-on-mobile .menu-item-has-children &gt; .ast-menu-toggle::before {font-size: .6rem;}.ast-header-break-point .ast-mobile-header-wrap .ast-flex.inline-on-mobile {flex-wrap: unset;}.ast-header-break-point .ast-mobile-header-wrap .ast-flex.inline-on-mobile .menu-item.ast-submenu-expanded &gt; .sub-menu .menu-link {padding: .1em 1em;}.ast-header-break-point .ast-mobile-header-wrap .ast-flex.inline-on-mobile .menu-item.ast-submenu-expanded &gt; .sub-menu &gt; .menu-item .ast-menu-toggle::before {transform: rotate(-90deg);}.ast-header-break-point .ast-mobile-header-wrap .ast-flex.inline-on-mobile .menu-item.ast-submenu-expanded &gt; .sub-menu &gt; .menu-item.ast-submenu-expanded .ast-menu-toggle::before {transform: rotate(-270deg);}.ast-header-break-point .ast-mobile-header-wrap .ast-flex.inline-on-mobile .menu-item &gt; .sub-menu &gt; .menu-item .menu-link:before {content: none;}.ast-header-break-point .ast-mobile-header-wrap .ast-flex.inline-on-mobile {flex-wrap: unset;}.ast-header-break-point .ast-mobile-header-wrap .ast-flex.inline-on-mobile .menu-item.ast-submenu-expanded &gt; .sub-menu .menu-link {padding: .1em 1em;}.ast-header-break-point .ast-mobile-header-wrap .ast-flex.inline-on-mobile .menu-item.ast-submenu-expanded &gt; .sub-menu &gt; .menu-item .ast-menu-toggle::before {transform: rotate(-90deg);}.ast-header-break-point .ast-mobile-header-wrap .ast-flex.inline-on-mobile .menu-item.ast-submenu-expanded &gt; .sub-menu &gt; .menu-item.ast-submenu-expanded .ast-menu-toggle::before {transform: rotate(-270deg);}.ast-header-break-point .ast-mobile-header-wrap .ast-flex.inline-on-mobile .menu-item &gt; .sub-menu &gt; .menu-item .menu-link:before {content: none;}.ast-header-break-point .inline-on-mobile .sub-menu {width: 150px;}.ast-header-break-point .ast-mobile-header-wrap .ast-flex.inline-on-mobile .menu-item.menu-item-has-children {margin-right: 10px;}.ast-header-break-point .ast-mobile-header-wrap .ast-flex.inline-on-mobile .menu-item.ast-submenu-expanded &gt; .sub-menu {display: block;position: absolute;right: auto;left: 0;}.ast-header-break-point .ast-mobile-header-wrap .ast-flex.inline-on-mobile .menu-item.ast-submenu-expanded &gt; .sub-menu .menu-item .ast-menu-toggle {padding: 0;right: 1em;}.ast-header-break-point .ast-mobile-header-wrap .ast-flex.inline-on-mobile .menu-item.ast-submenu-expanded &gt; .sub-menu &gt; .menu-item &gt; .sub-menu {left: 100%;right: auto;}.ast-header-break-point .ast-mobile-header-wrap .ast-flex.inline-on-mobile .ast-menu-toggle {right: -15px;}.ast-header-break-point .ast-mobile-header-wrap .ast-flex.inline-on-mobile .menu-item.menu-item-has-children {margin-right: 10px;}.ast-header-break-point .ast-mobile-header-wrap .ast-flex.inline-on-mobile .menu-item.ast-submenu-expanded &gt; .sub-menu {display: block;position: absolute;right: auto;left: 0;}.ast-header-break-point .ast-mobile-header-wrap .ast-flex.inline-on-mobile .menu-item.ast-submenu-expanded &gt; .sub-menu &gt; .menu-item &gt; .sub-menu {left: 100%;right: auto;}.ast-header-break-point .ast-mobile-header-wrap .ast-flex.inline-on-mobile .ast-menu-toggle {right: -15px;}:root .has-ast-global-color-0-color{color:var(--ast-global-color-0);}:root .has-ast-global-color-0-background-color{background-color:var(--ast-global-color-0);}:root .wp-block-button .has-ast-global-color-0-color{color:var(--ast-global-color-0);}:root .wp-block-button .has-ast-global-color-0-background-color{background-color:var(--ast-global-color-0);}:root .has-ast-global-color-1-color{color:var(--ast-global-color-1);}:root .has-ast-global-color-1-background-color{background-color:var(--ast-global-color-1);}:root .wp-block-button .has-ast-global-color-1-color{color:var(--ast-global-color-1);}:root .wp-block-button .has-ast-global-color-1-background-color{background-color:var(--ast-global-color-1);}:root .has-ast-global-color-2-color{color:var(--ast-global-color-2);}:root .has-ast-global-color-2-background-color{background-color:var(--ast-global-color-2);}:root .wp-block-button .has-ast-global-color-2-color{color:var(--ast-global-color-2);}:root .wp-block-button .has-ast-global-color-2-background-color{background-color:var(--ast-global-color-2);}:root .has-ast-global-color-3-color{color:var(--ast-global-color-3);}:root .has-ast-global-color-3-background-color{background-color:var(--ast-global-color-3);}:root .wp-block-button .has-ast-global-color-3-color{color:var(--ast-global-color-3);}:root .wp-block-button .has-ast-global-color-3-background-color{background-color:var(--ast-global-color-3);}:root .has-ast-global-color-4-color{color:var(--ast-global-color-4);}:root .has-ast-global-color-4-background-color{background-color:var(--ast-global-color-4);}:root .wp-block-button .has-ast-global-color-4-color{color:var(--ast-global-color-4);}:root .wp-block-button .has-ast-global-color-4-background-color{background-color:var(--ast-global-color-4);}:root .has-ast-global-color-5-color{color:var(--ast-global-color-5);}:root .has-ast-global-color-5-background-color{background-color:var(--ast-global-color-5);}:root .wp-block-button .has-ast-global-color-5-color{color:var(--ast-global-color-5);}:root .wp-block-button .has-ast-global-color-5-background-color{background-color:var(--ast-global-color-5);}:root .has-ast-global-color-6-color{color:var(--ast-global-color-6);}:root .has-ast-global-color-6-background-color{background-color:var(--ast-global-color-6);}:root .wp-block-button .has-ast-global-color-6-color{color:var(--ast-global-color-6);}:root .wp-block-button .has-ast-global-color-6-background-color{background-color:var(--ast-global-color-6);}:root .has-ast-global-color-7-color{color:var(--ast-global-color-7);}:root .has-ast-global-color-7-background-color{background-color:var(--ast-global-color-7);}:root .wp-block-button .has-ast-global-color-7-color{color:var(--ast-global-color-7);}:root .wp-block-button .has-ast-global-color-7-background-color{background-color:var(--ast-global-color-7);}:root .has-ast-global-color-8-color{color:var(--ast-global-color-8);}:root .has-ast-global-color-8-background-color{background-color:var(--ast-global-color-8);}:root .wp-block-button .has-ast-global-color-8-color{color:var(--ast-global-color-8);}:root .wp-block-button .has-ast-global-color-8-background-color{background-color:var(--ast-global-color-8);}:root{--ast-global-color-0:#0170B9;--ast-global-color-1:#3a3a3a;--ast-global-color-2:#3a3a3a;--ast-global-color-3:#4B4F58;--ast-global-color-4:#F5F5F5;--ast-global-color-5:#FFFFFF;--ast-global-color-6:#F2F5F7;--ast-global-color-7:#424242;--ast-global-color-8:#000000;}.ast-theme-transparent-header #masthead .site-logo-img .transparent-custom-logo .astra-logo-svg{width:140px;}.ast-theme-transparent-header #masthead .site-logo-img .transparent-custom-logo img{ max-width:140px;}@media (min-width:921px){.ast-theme-transparent-header #masthead{position:absolute;left:0;right:0;}.ast-theme-transparent-header .main-header-bar,.ast-theme-transparent-header.ast-header-break-point .main-header-bar{background:none;}body.elementor-editor-active.ast-theme-transparent-header #masthead,.fl-builder-edit .ast-theme-transparent-header #masthead,body.vc_editor.ast-theme-transparent-header #masthead,body.brz-ed.ast-theme-transparent-header #masthead{z-index:0;}.ast-header-break-point.ast-replace-site-logo-transparent.ast-theme-transparent-header .custom-mobile-logo-link{display:none;}.ast-header-break-point.ast-replace-site-logo-transparent.ast-theme-transparent-header .transparent-custom-logo{display:inline-block;}.ast-theme-transparent-header .ast-above-header,.ast-theme-transparent-header .ast-above-header.ast-above-header-bar{background-image:none;background-color:transparent;}.ast-theme-transparent-header .ast-below-header{background-image:none;background-color:transparent;}}@media (min-width:922px){.ast-theme-transparent-header .main-header-bar,.ast-theme-transparent-header.ast-header-break-point .main-header-bar-wrap .main-header-menu,.ast-theme-transparent-header.ast-header-break-point .main-header-bar-wrap .main-header-bar,.ast-theme-transparent-header.ast-header-break-point .ast-mobile-header-wrap .main-header-bar{background-color:rgba(0,0,0,0.07);}.ast-theme-transparent-header .main-header-bar .ast-search-menu-icon form{background-color:rgba(0,0,0,0.07);}.ast-theme-transparent-header .ast-above-header,.ast-theme-transparent-header .ast-above-header.ast-above-header-bar,.ast-theme-transparent-header .ast-below-header,.ast-header-break-point.ast-theme-transparent-header .ast-above-header,.ast-header-break-point.ast-theme-transparent-header .ast-below-header{background-color:rgba(0,0,0,0.07);}.ast-theme-transparent-header .site-title a,.ast-theme-transparent-header .site-title a:focus,.ast-theme-transparent-header .site-title a:hover,.ast-theme-transparent-header .site-title a:visited{color:#ffffff;}.ast-theme-transparent-header .site-header .site-description{color:#ffffff;}.ast-theme-transparent-header .ast-builder-menu .main-header-menu .menu-item .sub-menu .menu-item .menu-link,.ast-theme-transparent-header .ast-builder-menu .main-header-menu .menu-item .sub-menu .menu-item &gt; .ast-menu-toggle,.ast-theme-transparent-header .main-header-menu .menu-item .sub-menu .menu-link,.ast-header-break-point.ast-flyout-menu-enable.ast-header-break-point .main-header-bar-navigation .main-header-menu .menu-item .sub-menu .menu-link{color:#333333;}.ast-theme-transparent-header .ast-builder-menu .main-header-menu .menu-item .sub-menu .menu-link:hover,.ast-theme-transparent-header .ast-builder-menu .main-header-menu .menu-item .sub-menu .menu-item:hover &gt; .menu-link,.ast-theme-transparent-header .ast-builder-menu .main-header-menu .menu-item .sub-menu .menu-item.focus &gt; .menu-item,.ast-theme-transparent-header .ast-builder-menu .main-header-menu .menu-item .sub-menu .menu-item.current-menu-item &gt; .menu-link,.ast-theme-transparent-header .ast-builder-menu .main-header-menu .menu-item .sub-menu .menu-item.current-menu-item &gt; .ast-menu-toggle,.ast-theme-transparent-header .ast-builder-menu .main-header-menu .menu-item .sub-menu .menu-item:hover &gt; .ast-menu-toggle,.ast-theme-transparent-header .ast-builder-menu .main-header-menu .menu-item .sub-menu .menu-item.focus &gt; .ast-menu-toggle,.ast-theme-transparent-header .main-header-menu .menu-item .sub-menu .menu-item:hover &gt; .menu-link,.ast-header-break-point.ast-flyout-menu-enable.ast-header-break-point .main-header-bar-navigation .main-header-menu .menu-item .sub-menu .menu-link{color:#000000;}.ast-theme-transparent-header .ast-builder-menu .main-header-menu,.ast-theme-transparent-header .ast-builder-menu .main-header-menu .menu-link,.ast-theme-transparent-header [CLASS*="ast-builder-menu-"] .main-header-menu .menu-item &gt; .menu-link,.ast-theme-transparent-header .ast-masthead-custom-menu-items,.ast-theme-transparent-header .ast-masthead-custom-menu-items a,.ast-theme-transparent-header .ast-builder-menu .main-header-menu .menu-item &gt; .ast-menu-toggle,.ast-theme-transparent-header .ast-builder-menu .main-header-menu .menu-item &gt; .ast-menu-toggle,.ast-theme-transparent-header .ast-above-header-navigation a,.ast-header-break-point.ast-theme-transparent-header .ast-above-header-navigation a,.ast-header-break-point.ast-theme-transparent-header .ast-above-header-navigation &gt; ul.ast-above-header-menu &gt; .menu-item-has-children:not(.current-menu-item) &gt; .ast-menu-toggle,.ast-theme-transparent-header .ast-below-header-menu,.ast-theme-transparent-header .ast-below-header-menu a,.ast-header-break-point.ast-theme-transparent-header .ast-below-header-menu a,.ast-header-break-point.ast-theme-transparent-header .ast-below-header-menu,.ast-theme-transparent-header .main-header-menu .menu-link{color:#cecece;}.ast-theme-transparent-header .ast-builder-menu .main-header-menu .menu-item:hover &gt; .menu-link,.ast-theme-transparent-header .ast-builder-menu .main-header-menu .menu-item:hover &gt; .ast-menu-toggle,.ast-theme-transparent-header .ast-builder-menu .main-header-menu .ast-masthead-custom-menu-items a:hover,.ast-theme-transparent-header .ast-builder-menu .main-header-menu .focus &gt; .menu-link,.ast-theme-transparent-header .ast-builder-menu .main-header-menu .focus &gt; .ast-menu-toggle,.ast-theme-transparent-header .ast-builder-menu .main-header-menu .current-menu-item &gt; .menu-link,.ast-theme-transparent-header .ast-builder-menu .main-header-menu .current-menu-ancestor &gt; .menu-link,.ast-theme-transparent-header .ast-builder-menu .main-header-menu .current-menu-item &gt; .ast-menu-toggle,.ast-theme-transparent-header .ast-builder-menu .main-header-menu .current-menu-ancestor &gt; .ast-menu-toggle,.ast-theme-transparent-header [CLASS*="ast-builder-menu-"] .main-header-menu .current-menu-item &gt; .menu-link,.ast-theme-transparent-header [CLASS*="ast-builder-menu-"] .main-header-menu .current-menu-ancestor &gt; .menu-link,.ast-theme-transparent-header [CLASS*="ast-builder-menu-"] .main-header-menu .current-menu-item &gt; .ast-menu-toggle,.ast-theme-transparent-header [CLASS*="ast-builder-menu-"] .main-header-menu .current-menu-ancestor &gt; .ast-menu-toggle,.ast-theme-transparent-header .main-header-menu .menu-item:hover &gt; .menu-link,.ast-theme-transparent-header .main-header-menu .current-menu-item &gt; .menu-link,.ast-theme-transparent-header .main-header-menu .current-menu-ancestor &gt; .menu-link{color:#ffffff;}.ast-theme-transparent-header div.ast-masthead-custom-menu-items,.ast-theme-transparent-header div.ast-masthead-custom-menu-items .widget,.ast-theme-transparent-header div.ast-masthead-custom-menu-items .widget-title,.ast-theme-transparent-header .site-header-section [CLASS*="ast-header-html-"] .ast-builder-html-element{color:#000000;}.ast-theme-transparent-header div.ast-masthead-custom-menu-items a,.ast-theme-transparent-header div.ast-masthead-custom-menu-items .widget a,.ast-theme-transparent-header .site-header-section [CLASS*="ast-header-html-"] .ast-builder-html-element a{color:#cecece;}.ast-theme-transparent-header div.ast-masthead-custom-menu-items a:hover,.ast-theme-transparent-header div.ast-masthead-custom-menu-items .widget a:hover,.ast-theme-transparent-header .site-header-section [CLASS*="ast-header-html-"] .ast-builder-html-element a:hover{color:#ffffff;}}@media (max-width:921px){.transparent-custom-logo{display:none;}}@media (min-width:921px){.ast-transparent-mobile-logo{display:none;}}@media (max-width:921px){.ast-transparent-mobile-logo{display:block;}}@media (min-width:921px){.ast-theme-transparent-header #ast-desktop-header &gt; [CLASS*="-header-wrap"]:nth-last-child(2) &gt; [CLASS*="-header-bar"]{border-bottom-width:0;border-bottom-style:solid;border-bottom-color:rgba(0,0,0,0);}}.ast-breadcrumbs .trail-browse,.ast-breadcrumbs .trail-items,.ast-breadcrumbs .trail-items li{display:inline-block;margin:0;padding:0;border:none;background:inherit;text-indent:0;}.ast-breadcrumbs .trail-browse{font-size:inherit;font-style:inherit;font-weight:inherit;color:inherit;}.ast-breadcrumbs .trail-items{list-style:none;}.trail-items li::after{padding:0 0.3em;content:"\00bb";}.trail-items li:last-of-type::after{display:none;}h1,.entry-content h1,h2,.entry-content h2,h3,.entry-content h3,h4,.entry-content h4,h5,.entry-content h5,h6,.entry-content h6{color:var(--ast-global-color-2);}@media (max-width:921px){.ast-builder-grid-row-container.ast-builder-grid-row-tablet-3-firstrow .ast-builder-grid-row &gt; *:first-child,.ast-builder-grid-row-container.ast-builder-grid-row-tablet-3-lastrow .ast-builder-grid-row &gt; *:last-child{grid-column:1 / -1;}}@media (max-width:544px){.ast-builder-grid-row-container.ast-builder-grid-row-mobile-3-firstrow .ast-builder-grid-row &gt; *:first-child,.ast-builder-grid-row-container.ast-builder-grid-row-mobile-3-lastrow .ast-builder-grid-row &gt; *:last-child{grid-column:1 / -1;}}.ast-builder-layout-element[data-section="title_tagline"]{display:flex;}@media (max-width:921px){.ast-header-break-point .ast-builder-layout-element[data-section="title_tagline"]{display:flex;}}@media (max-width:544px){.ast-header-break-point .ast-builder-layout-element[data-section="title_tagline"]{display:flex;}}.ast-builder-menu-1{font-family:inherit;font-weight:normal;}.ast-builder-menu-1 .menu-item.current-menu-item &gt; .menu-link,.ast-builder-menu-1 .inline-on-mobile .menu-item.current-menu-item &gt; .ast-menu-toggle,.ast-builder-menu-1 .current-menu-ancestor &gt; .menu-link{color:#602bb7;}.ast-builder-menu-1 .menu-item.current-menu-item &gt; .ast-menu-toggle{color:#602bb7;}.ast-builder-menu-1 .sub-menu,.ast-builder-menu-1 .inline-on-mobile .sub-menu{border-top-width:1px;border-bottom-width:1px;border-right-width:1px;border-left-width:1px;border-color:#dddddd;border-style:solid;border-radius:0;}.ast-builder-menu-1 .main-header-menu &gt; .menu-item &gt; .sub-menu,.ast-builder-menu-1 .main-header-menu &gt; .menu-item &gt; .astra-full-megamenu-wrapper{margin-top:0;}.ast-desktop .ast-builder-menu-1 .main-header-menu &gt; .menu-item &gt; .sub-menu:before,.ast-desktop .ast-builder-menu-1 .main-header-menu &gt; .menu-item &gt; .astra-full-megamenu-wrapper:before{height:calc( 0px + 5px );}.ast-desktop .ast-builder-menu-1 .menu-item .sub-menu .menu-link{border-bottom-width:1px;border-color:#eaeaea;border-style:solid;}.ast-desktop .ast-builder-menu-1 .menu-item .sub-menu .menu-item:last-child .menu-link{border-bottom-width:0;}@media (max-width:921px){.ast-header-break-point .ast-builder-menu-1 .menu-item.menu-item-has-children &gt; .ast-menu-toggle{top:0;}.ast-builder-menu-1 .menu-item-has-children &gt; .menu-link:after{content:unset;}}@media (max-width:544px){.ast-header-break-point .ast-builder-menu-1 .menu-item.menu-item-has-children &gt; .ast-menu-toggle{top:0;}}.ast-builder-menu-1{display:flex;}@media (max-width:921px){.ast-header-break-point .ast-builder-menu-1{display:flex;}}@media (max-width:544px){.ast-header-break-point .ast-builder-menu-1{display:flex;}}.ast-site-header-cart .ast-cart-menu-wrap,.ast-site-header-cart .ast-addon-cart-wrap{color:#d2d2d2;}.ast-site-header-cart .ast-cart-menu-wrap .count,.ast-site-header-cart .ast-cart-menu-wrap .count:after,.ast-site-header-cart .ast-addon-cart-wrap .count,.ast-site-header-cart .ast-addon-cart-wrap .ast-icon-shopping-cart:after{color:#d2d2d2;border-color:#d2d2d2;}.ast-site-header-cart .ast-addon-cart-wrap .ast-icon-shopping-cart:after{color:#ffffff;background-color:#d2d2d2;}.ast-site-header-cart .ast-woo-header-cart-info-wrap{color:#d2d2d2;}.ast-site-header-cart .ast-addon-cart-wrap i.astra-icon:after{color:#ffffff;background-color:#d2d2d2;}.ast-theme-transparent-header .ast-site-header-cart .ast-cart-menu-wrap,.ast-theme-transparent-header .ast-site-header-cart .ast-addon-cart-wrap{color:#d2d2d2;}.ast-theme-transparent-header .ast-site-header-cart .ast-cart-menu-wrap .count,.ast-theme-transparent-header .ast-site-header-cart .ast-cart-menu-wrap .count:after,.ast-theme-transparent-header .ast-site-header-cart .ast-addon-cart-wrap .count,.ast-theme-transparent-header .ast-site-header-cart .ast-addon-cart-wrap .ast-icon-shopping-cart:after{color:#d2d2d2;border-color:#d2d2d2;}.ast-theme-transparent-header .ast-site-header-cart .ast-addon-cart-wrap .ast-icon-shopping-cart:after{color:#ffffff;background-color:#d2d2d2;}.ast-theme-transparent-header .ast-site-header-cart .ast-woo-header-cart-info-wrap{color:#d2d2d2;}.ast-theme-transparent-header .ast-site-header-cart .ast-addon-cart-wrap i.astra-icon:after{color:#ffffff;background-color:#d2d2d2;}#ast-site-header-cart .widget_shopping_cart .mini_cart_item{border-bottom-color:rgb(0,0,0);}@media (max-width:921px){#astra-mobile-cart-drawer .widget_shopping_cart .mini_cart_item{border-bottom-color:rgb(0,0,0);}}@media (max-width:544px){#astra-mobile-cart-drawer .widget_shopping_cart .mini_cart_item{border-bottom-color:rgb(0,0,0);}}.ast-site-header-cart .ast-cart-menu-wrap,.ast-site-header-cart .ast-addon-cart-wrap{color:#d2d2d2;}.ast-site-header-cart .ast-cart-menu-wrap:hover .count,.ast-site-header-cart .ast-addon-cart-wrap:hover .count{color:#000000;background-color:#d2d2d2;}.ast-menu-cart-outline .ast-cart-menu-wrap .count,.ast-menu-cart-outline .ast-addon-cart-wrap{color:#d2d2d2;}.ast-site-header-cart .ast-menu-cart-outline .ast-woo-header-cart-info-wrap{color:#d2d2d2;}.ast-menu-cart-fill .ast-cart-menu-wrap .count,.ast-menu-cart-fill .ast-cart-menu-wrap,.ast-menu-cart-fill .ast-addon-cart-wrap .ast-woo-header-cart-info-wrap,.ast-menu-cart-fill .ast-addon-cart-wrap{background-color:#d2d2d2;color:#000000;}.ast-theme-transparent-header .ast-site-header-cart .ast-cart-menu-wrap,.ast-theme-transparent-header .ast-site-header-cart .ast-addon-cart-wrap{color:#d2d2d2;}.ast-theme-transparent-header .ast-site-header-cart .ast-cart-menu-wrap:hover .count,.ast-theme-transparent-header .ast-site-header-cart .ast-addon-cart-wrap:hover .count{color:#000000;background-color:#d2d2d2;}.ast-theme-transparent-header .ast-menu-cart-outline .ast-cart-menu-wrap .count,.ast-theme-transparent-header .ast-menu-cart-outline .ast-addon-cart-wrap{color:#d2d2d2;}.ast-theme-transparent-header .ast-site-header-cart .ast-menu-cart-outline .ast-woo-header-cart-info-wrap{color:#d2d2d2;}.ast-theme-transparent-header .ast-menu-cart-fill .ast-cart-menu-wrap .count,.ast-theme-transparent-header .ast-menu-cart-fill .ast-cart-menu-wrap,.ast-theme-transparent-header .ast-menu-cart-fill .ast-addon-cart-wrap .ast-woo-header-cart-info-wrap,.ast-theme-transparent-header .ast-menu-cart-fill .ast-addon-cart-wrap{background-color:#d2d2d2;color:#000000;}.ast-site-header-cart.ast-menu-cart-outline .ast-cart-menu-wrap,.ast-site-header-cart.ast-menu-cart-fill .ast-cart-menu-wrap,.ast-site-header-cart.ast-menu-cart-outline .ast-cart-menu-wrap .count,.ast-site-header-cart.ast-menu-cart-fill .ast-cart-menu-wrap .count,.ast-site-header-cart.ast-menu-cart-outline .ast-addon-cart-wrap,.ast-site-header-cart.ast-menu-cart-fill .ast-addon-cart-wrap,.ast-site-header-cart.ast-menu-cart-outline .ast-woo-header-cart-info-wrap,.ast-site-header-cart.ast-menu-cart-fill .ast-woo-header-cart-info-wrap{border-radius:3px;}.ast-header-woo-cart{display:flex;}@media (max-width:921px){.ast-header-break-point .ast-header-woo-cart{display:flex;}}@media (max-width:544px){.ast-header-break-point .ast-header-woo-cart{display:none;}}.site-below-footer-wrap{padding-top:20px;padding-bottom:20px;}.site-below-footer-wrap[data-section="section-below-footer-builder"]{background-color:#ffffff;;background-image:none;;min-height:80px;border-style:solid;border-width:0px;border-top-width:1px;border-top-color:rgba(122,122,122,0.13);}.site-below-footer-wrap[data-section="section-below-footer-builder"] .ast-builder-grid-row{max-width:1200px;margin-left:auto;margin-right:auto;}.site-below-footer-wrap[data-section="section-below-footer-builder"] .ast-builder-grid-row,.site-below-footer-wrap[data-section="section-below-footer-builder"] .site-footer-section{align-items:flex-start;}.site-below-footer-wrap[data-section="section-below-footer-builder"].ast-footer-row-inline .site-footer-section{display:flex;margin-bottom:0;}.ast-builder-grid-row-2-equal .ast-builder-grid-row{grid-template-columns:repeat( 2,1fr );}@media (max-width:921px){.site-below-footer-wrap[data-section="section-below-footer-builder"].ast-footer-row-tablet-inline .site-footer-section{display:flex;margin-bottom:0;}.site-below-footer-wrap[data-section="section-below-footer-builder"].ast-footer-row-tablet-stack .site-footer-section{display:block;margin-bottom:10px;}.ast-builder-grid-row-container.ast-builder-grid-row-tablet-2-equal .ast-builder-grid-row{grid-template-columns:repeat( 2,1fr );}}@media (max-width:544px){.site-below-footer-wrap[data-section="section-below-footer-builder"].ast-footer-row-mobile-inline .site-footer-section{display:flex;margin-bottom:0;}.site-below-footer-wrap[data-section="section-below-footer-builder"].ast-footer-row-mobile-stack .site-footer-section{display:block;margin-bottom:10px;}.ast-builder-grid-row-container.ast-builder-grid-row-mobile-full .ast-builder-grid-row{grid-template-columns:1fr;}}@media (max-width:921px){.site-below-footer-wrap[data-section="section-below-footer-builder"]{padding-left:30px;padding-right:30px;}}.site-below-footer-wrap[data-section="section-below-footer-builder"]{display:grid;}@media (max-width:921px){.ast-header-break-point .site-below-footer-wrap[data-section="section-below-footer-builder"]{display:grid;}}@media (max-width:544px){.ast-header-break-point .site-below-footer-wrap[data-section="section-below-footer-builder"]{display:grid;}}.ast-builder-html-element img.alignnone{display:inline-block;}.ast-builder-html-element p:first-child{margin-top:0;}.ast-builder-html-element p:last-child{margin-bottom:0;}.ast-header-break-point .main-header-bar .ast-builder-html-element{line-height:1.85714285714286;}.footer-widget-area[data-section="section-fb-html-1"]{display:block;}@media (max-width:921px){.ast-header-break-point .footer-widget-area[data-section="section-fb-html-1"]{display:block;}}@media (max-width:544px){.ast-header-break-point .footer-widget-area[data-section="section-fb-html-1"]{display:block;}}.footer-widget-area[data-section="section-fb-html-1"] .ast-builder-html-element{text-align:right;}@media (max-width:921px){.footer-widget-area[data-section="section-fb-html-1"] .ast-builder-html-element{text-align:right;}}@media (max-width:544px){.footer-widget-area[data-section="section-fb-html-1"] .ast-builder-html-element{text-align:center;}}.ast-footer-copyright{text-align:left;}.ast-footer-copyright {color:#000000;}@media (max-width:921px){.ast-footer-copyright{text-align:left;}}@media (max-width:544px){.ast-footer-copyright{text-align:center;}}.ast-footer-copyright.ast-builder-layout-element{display:flex;}@media (max-width:921px){.ast-header-break-point .ast-footer-copyright.ast-builder-layout-element{display:flex;}}@media (max-width:544px){.ast-header-break-point .ast-footer-copyright.ast-builder-layout-element{display:flex;}}.site-footer{background-color:#ffffff;;background-image:none;;}.site-primary-footer-wrap{padding-top:45px;padding-bottom:45px;}.site-primary-footer-wrap[data-section="section-primary-footer-builder"]{background-color:#ffffff;;background-image:none;;}.site-primary-footer-wrap[data-section="section-primary-footer-builder"] .ast-builder-grid-row{grid-column-gap:200px;max-width:1200px;margin-left:auto;margin-right:auto;}.site-primary-footer-wrap[data-section="section-primary-footer-builder"] .ast-builder-grid-row,.site-primary-footer-wrap[data-section="section-primary-footer-builder"] .site-footer-section{align-items:flex-start;}.site-primary-footer-wrap[data-section="section-primary-footer-builder"].ast-footer-row-inline .site-footer-section{display:flex;margin-bottom:0;}.ast-builder-grid-row-4-equal .ast-builder-grid-row{grid-template-columns:repeat( 4,1fr );}@media (max-width:921px){.site-primary-footer-wrap[data-section="section-primary-footer-builder"].ast-footer-row-tablet-inline .site-footer-section{display:flex;margin-bottom:0;}.site-primary-footer-wrap[data-section="section-primary-footer-builder"].ast-footer-row-tablet-stack .site-footer-section{display:block;margin-bottom:10px;}.ast-builder-grid-row-container.ast-builder-grid-row-tablet-4-equal .ast-builder-grid-row{grid-template-columns:repeat( 4,1fr );}}@media (max-width:544px){.site-primary-footer-wrap[data-section="section-primary-footer-builder"].ast-footer-row-mobile-inline .site-footer-section{display:flex;margin-bottom:0;}.site-primary-footer-wrap[data-section="section-primary-footer-builder"].ast-footer-row-mobile-stack .site-footer-section{display:block;margin-bottom:10px;}.ast-builder-grid-row-container.ast-builder-grid-row-mobile-full .ast-builder-grid-row{grid-template-columns:1fr;}}.site-primary-footer-wrap[data-section="section-primary-footer-builder"]{padding-top:55px;padding-bottom:55px;}@media (max-width:921px){.site-primary-footer-wrap[data-section="section-primary-footer-builder"]{padding-left:30px;padding-right:30px;}}@media (max-width:544px){.site-primary-footer-wrap[data-section="section-primary-footer-builder"]{padding-top:40px;padding-bottom:20px;}}.site-primary-footer-wrap[data-section="section-primary-footer-builder"]{display:grid;}@media (max-width:921px){.ast-header-break-point .site-primary-footer-wrap[data-section="section-primary-footer-builder"]{display:grid;}}@media (max-width:544px){.ast-header-break-point .site-primary-footer-wrap[data-section="section-primary-footer-builder"]{display:grid;}}.footer-widget-area[data-section="sidebar-widgets-footer-widget-1"] .footer-widget-area-inner{text-align:left;}@media (max-width:921px){.footer-widget-area[data-section="sidebar-widgets-footer-widget-1"] .footer-widget-area-inner{text-align:left;}}@media (max-width:544px){.footer-widget-area[data-section="sidebar-widgets-footer-widget-1"] .footer-widget-area-inner{text-align:center;}}.footer-widget-area[data-section="sidebar-widgets-footer-widget-1"] .footer-widget-area-inner{color:#434343;}.footer-widget-area[data-section="sidebar-widgets-footer-widget-1"] .footer-widget-area-inner a{color:#434343;}.footer-widget-area[data-section="sidebar-widgets-footer-widget-1"] .footer-widget-area-inner a:hover{color:#3197d6;}.footer-widget-area[data-section="sidebar-widgets-footer-widget-1"] .widget-title{color:#000000;}.footer-widget-area[data-section="sidebar-widgets-footer-widget-1"]{display:block;}@media (max-width:921px){.ast-header-break-point .footer-widget-area[data-section="sidebar-widgets-footer-widget-1"]{display:block;}}@media (max-width:544px){.ast-header-break-point .footer-widget-area[data-section="sidebar-widgets-footer-widget-1"]{display:block;}}.footer-widget-area[data-section="sidebar-widgets-footer-widget-2"] .footer-widget-area-inner{color:#434343;}.footer-widget-area[data-section="sidebar-widgets-footer-widget-2"] .footer-widget-area-inner a{color:#434343;}.footer-widget-area[data-section="sidebar-widgets-footer-widget-2"] .footer-widget-area-inner a:hover{color:#3197d6;}.footer-widget-area[data-section="sidebar-widgets-footer-widget-2"] .widget-title{color:#000000;}.footer-widget-area[data-section="sidebar-widgets-footer-widget-2"]{display:block;}@media (max-width:921px){.ast-header-break-point .footer-widget-area[data-section="sidebar-widgets-footer-widget-2"]{display:block;}}@media (max-width:544px){.ast-header-break-point .footer-widget-area[data-section="sidebar-widgets-footer-widget-2"]{display:block;}}.footer-widget-area[data-section="sidebar-widgets-footer-widget-3"] .footer-widget-area-inner{color:#434343;}.footer-widget-area[data-section="sidebar-widgets-footer-widget-3"] .footer-widget-area-inner a{color:#434343;}.footer-widget-area[data-section="sidebar-widgets-footer-widget-3"] .footer-widget-area-inner a:hover{color:#3197d6;}.footer-widget-area[data-section="sidebar-widgets-footer-widget-3"] .widget-title{color:#000000;}.footer-widget-area[data-section="sidebar-widgets-footer-widget-3"]{display:block;}@media (max-width:921px){.ast-header-break-point .footer-widget-area[data-section="sidebar-widgets-footer-widget-3"]{display:block;}}@media (max-width:544px){.ast-header-break-point .footer-widget-area[data-section="sidebar-widgets-footer-widget-3"]{display:block;}}.footer-widget-area[data-section="sidebar-widgets-footer-widget-4"] .footer-widget-area-inner{color:#434343;}.footer-widget-area[data-section="sidebar-widgets-footer-widget-4"] .footer-widget-area-inner a{color:#434343;}.footer-widget-area[data-section="sidebar-widgets-footer-widget-4"] .footer-widget-area-inner a:hover{color:#3197d6;}.footer-widget-area[data-section="sidebar-widgets-footer-widget-4"] .widget-title{color:#000000;}.footer-widget-area[data-section="sidebar-widgets-footer-widget-4"]{display:block;}@media (max-width:921px){.ast-header-break-point .footer-widget-area[data-section="sidebar-widgets-footer-widget-4"]{display:block;}}@media (max-width:544px){.ast-header-break-point .footer-widget-area[data-section="sidebar-widgets-footer-widget-4"]{display:block;}}.footer-widget-area[data-section="sidebar-widgets-footer-widget-2"] .footer-widget-area-inner{text-align:left;}@media (max-width:921px){.footer-widget-area[data-section="sidebar-widgets-footer-widget-2"] .footer-widget-area-inner{text-align:left;}}@media (max-width:544px){.footer-widget-area[data-section="sidebar-widgets-footer-widget-2"] .footer-widget-area-inner{text-align:center;}}.footer-widget-area[data-section="sidebar-widgets-footer-widget-1"] .footer-widget-area-inner{color:#434343;}.footer-widget-area[data-section="sidebar-widgets-footer-widget-1"] .footer-widget-area-inner a{color:#434343;}.footer-widget-area[data-section="sidebar-widgets-footer-widget-1"] .footer-widget-area-inner a:hover{color:#3197d6;}.footer-widget-area[data-section="sidebar-widgets-footer-widget-1"] .widget-title{color:#000000;}.footer-widget-area[data-section="sidebar-widgets-footer-widget-1"]{display:block;}@media (max-width:921px){.ast-header-break-point .footer-widget-area[data-section="sidebar-widgets-footer-widget-1"]{display:block;}}@media (max-width:544px){.ast-header-break-point .footer-widget-area[data-section="sidebar-widgets-footer-widget-1"]{display:block;}}.footer-widget-area[data-section="sidebar-widgets-footer-widget-2"] .footer-widget-area-inner{color:#434343;}.footer-widget-area[data-section="sidebar-widgets-footer-widget-2"] .footer-widget-area-inner a{color:#434343;}.footer-widget-area[data-section="sidebar-widgets-footer-widget-2"] .footer-widget-area-inner a:hover{color:#3197d6;}.footer-widget-area[data-section="sidebar-widgets-footer-widget-2"] .widget-title{color:#000000;}.footer-widget-area[data-section="sidebar-widgets-footer-widget-2"]{display:block;}@media (max-width:921px){.ast-header-break-point .footer-widget-area[data-section="sidebar-widgets-footer-widget-2"]{display:block;}}@media (max-width:544px){.ast-header-break-point .footer-widget-area[data-section="sidebar-widgets-footer-widget-2"]{display:block;}}.footer-widget-area[data-section="sidebar-widgets-footer-widget-3"] .footer-widget-area-inner{color:#434343;}.footer-widget-area[data-section="sidebar-widgets-footer-widget-3"] .footer-widget-area-inner a{color:#434343;}.footer-widget-area[data-section="sidebar-widgets-footer-widget-3"] .footer-widget-area-inner a:hover{color:#3197d6;}.footer-widget-area[data-section="sidebar-widgets-footer-widget-3"] .widget-title{color:#000000;}.footer-widget-area[data-section="sidebar-widgets-footer-widget-3"]{display:block;}@media (max-width:921px){.ast-header-break-point .footer-widget-area[data-section="sidebar-widgets-footer-widget-3"]{display:block;}}@media (max-width:544px){.ast-header-break-point .footer-widget-area[data-section="sidebar-widgets-footer-widget-3"]{display:block;}}.footer-widget-area[data-section="sidebar-widgets-footer-widget-4"] .footer-widget-area-inner{color:#434343;}.footer-widget-area[data-section="sidebar-widgets-footer-widget-4"] .footer-widget-area-inner a{color:#434343;}.footer-widget-area[data-section="sidebar-widgets-footer-widget-4"] .footer-widget-area-inner a:hover{color:#3197d6;}.footer-widget-area[data-section="sidebar-widgets-footer-widget-4"] .widget-title{color:#000000;}.footer-widget-area[data-section="sidebar-widgets-footer-widget-4"]{display:block;}@media (max-width:921px){.ast-header-break-point .footer-widget-area[data-section="sidebar-widgets-footer-widget-4"]{display:block;}}@media (max-width:544px){.ast-header-break-point .footer-widget-area[data-section="sidebar-widgets-footer-widget-4"]{display:block;}}.footer-widget-area[data-section="sidebar-widgets-footer-widget-3"] .footer-widget-area-inner{text-align:left;}@media (max-width:921px){.footer-widget-area[data-section="sidebar-widgets-footer-widget-3"] .footer-widget-area-inner{text-align:left;}}@media (max-width:544px){.footer-widget-area[data-section="sidebar-widgets-footer-widget-3"] .footer-widget-area-inner{text-align:center;}}.footer-widget-area[data-section="sidebar-widgets-footer-widget-1"] .footer-widget-area-inner{color:#434343;}.footer-widget-area[data-section="sidebar-widgets-footer-widget-1"] .footer-widget-area-inner a{color:#434343;}.footer-widget-area[data-section="sidebar-widgets-footer-widget-1"] .footer-widget-area-inner a:hover{color:#3197d6;}.footer-widget-area[data-section="sidebar-widgets-footer-widget-1"] .widget-title{color:#000000;}.footer-widget-area[data-section="sidebar-widgets-footer-widget-1"]{display:block;}@media (max-width:921px){.ast-header-break-point .footer-widget-area[data-section="sidebar-widgets-footer-widget-1"]{display:block;}}@media (max-width:544px){.ast-header-break-point .footer-widget-area[data-section="sidebar-widgets-footer-widget-1"]{display:block;}}.footer-widget-area[data-section="sidebar-widgets-footer-widget-2"] .footer-widget-area-inner{color:#434343;}.footer-widget-area[data-section="sidebar-widgets-footer-widget-2"] .footer-widget-area-inner a{color:#434343;}.footer-widget-area[data-section="sidebar-widgets-footer-widget-2"] .footer-widget-area-inner a:hover{color:#3197d6;}.footer-widget-area[data-section="sidebar-widgets-footer-widget-2"] .widget-title{color:#000000;}.footer-widget-area[data-section="sidebar-widgets-footer-widget-2"]{display:block;}@media (max-width:921px){.ast-header-break-point .footer-widget-area[data-section="sidebar-widgets-footer-widget-2"]{display:block;}}@media (max-width:544px){.ast-header-break-point .footer-widget-area[data-section="sidebar-widgets-footer-widget-2"]{display:block;}}.footer-widget-area[data-section="sidebar-widgets-footer-widget-3"] .footer-widget-area-inner{color:#434343;}.footer-widget-area[data-section="sidebar-widgets-footer-widget-3"] .footer-widget-area-inner a{color:#434343;}.footer-widget-area[data-section="sidebar-widgets-footer-widget-3"] .footer-widget-area-inner a:hover{color:#3197d6;}.footer-widget-area[data-section="sidebar-widgets-footer-widget-3"] .widget-title{color:#000000;}.footer-widget-area[data-section="sidebar-widgets-footer-widget-3"]{display:block;}@media (max-width:921px){.ast-header-break-point .footer-widget-area[data-section="sidebar-widgets-footer-widget-3"]{display:block;}}@media (max-width:544px){.ast-header-break-point .footer-widget-area[data-section="sidebar-widgets-footer-widget-3"]{display:block;}}.footer-widget-area[data-section="sidebar-widgets-footer-widget-4"] .footer-widget-area-inner{color:#434343;}.footer-widget-area[data-section="sidebar-widgets-footer-widget-4"] .footer-widget-area-inner a{color:#434343;}.footer-widget-area[data-section="sidebar-widgets-footer-widget-4"] .footer-widget-area-inner a:hover{color:#3197d6;}.footer-widget-area[data-section="sidebar-widgets-footer-widget-4"] .widget-title{color:#000000;}.footer-widget-area[data-section="sidebar-widgets-footer-widget-4"]{display:block;}@media (max-width:921px){.ast-header-break-point .footer-widget-area[data-section="sidebar-widgets-footer-widget-4"]{display:block;}}@media (max-width:544px){.ast-header-break-point .footer-widget-area[data-section="sidebar-widgets-footer-widget-4"]{display:block;}}.footer-widget-area[data-section="sidebar-widgets-footer-widget-4"] .footer-widget-area-inner{text-align:left;}@media (max-width:921px){.footer-widget-area[data-section="sidebar-widgets-footer-widget-4"] .footer-widget-area-inner{text-align:left;}}@media (max-width:544px){.footer-widget-area[data-section="sidebar-widgets-footer-widget-4"] .footer-widget-area-inner{text-align:center;}}.footer-widget-area[data-section="sidebar-widgets-footer-widget-1"] .footer-widget-area-inner{color:#434343;}.footer-widget-area[data-section="sidebar-widgets-footer-widget-1"] .footer-widget-area-inner a{color:#434343;}.footer-widget-area[data-section="sidebar-widgets-footer-widget-1"] .footer-widget-area-inner a:hover{color:#3197d6;}.footer-widget-area[data-section="sidebar-widgets-footer-widget-1"] .widget-title{color:#000000;}.footer-widget-area[data-section="sidebar-widgets-footer-widget-1"]{display:block;}@media (max-width:921px){.ast-header-break-point .footer-widget-area[data-section="sidebar-widgets-footer-widget-1"]{display:block;}}@media (max-width:544px){.ast-header-break-point .footer-widget-area[data-section="sidebar-widgets-footer-widget-1"]{display:block;}}.footer-widget-area[data-section="sidebar-widgets-footer-widget-2"] .footer-widget-area-inner{color:#434343;}.footer-widget-area[data-section="sidebar-widgets-footer-widget-2"] .footer-widget-area-inner a{color:#434343;}.footer-widget-area[data-section="sidebar-widgets-footer-widget-2"] .footer-widget-area-inner a:hover{color:#3197d6;}.footer-widget-area[data-section="sidebar-widgets-footer-widget-2"] .widget-title{color:#000000;}.footer-widget-area[data-section="sidebar-widgets-footer-widget-2"]{display:block;}@media (max-width:921px){.ast-header-break-point .footer-widget-area[data-section="sidebar-widgets-footer-widget-2"]{display:block;}}@media (max-width:544px){.ast-header-break-point .footer-widget-area[data-section="sidebar-widgets-footer-widget-2"]{display:block;}}.footer-widget-area[data-section="sidebar-widgets-footer-widget-3"] .footer-widget-area-inner{color:#434343;}.footer-widget-area[data-section="sidebar-widgets-footer-widget-3"] .footer-widget-area-inner a{color:#434343;}.footer-widget-area[data-section="sidebar-widgets-footer-widget-3"] .footer-widget-area-inner a:hover{color:#3197d6;}.footer-widget-area[data-section="sidebar-widgets-footer-widget-3"] .widget-title{color:#000000;}.footer-widget-area[data-section="sidebar-widgets-footer-widget-3"]{display:block;}@media (max-width:921px){.ast-header-break-point .footer-widget-area[data-section="sidebar-widgets-footer-widget-3"]{display:block;}}@media (max-width:544px){.ast-header-break-point .footer-widget-area[data-section="sidebar-widgets-footer-widget-3"]{display:block;}}.footer-widget-area[data-section="sidebar-widgets-footer-widget-4"] .footer-widget-area-inner{color:#434343;}.footer-widget-area[data-section="sidebar-widgets-footer-widget-4"] .footer-widget-area-inner a{color:#434343;}.footer-widget-area[data-section="sidebar-widgets-footer-widget-4"] .footer-widget-area-inner a:hover{color:#3197d6;}.footer-widget-area[data-section="sidebar-widgets-footer-widget-4"] .widget-title{color:#000000;}.footer-widget-area[data-section="sidebar-widgets-footer-widget-4"]{display:block;}@media (max-width:921px){.ast-header-break-point .footer-widget-area[data-section="sidebar-widgets-footer-widget-4"]{display:block;}}@media (max-width:544px){.ast-header-break-point .footer-widget-area[data-section="sidebar-widgets-footer-widget-4"]{display:block;}}.ast-header-break-point .main-header-bar{border-bottom-width:1px;}@media (min-width:922px){.main-header-bar{border-bottom-width:1px;}}.ast-flex{-webkit-align-content:center;-ms-flex-line-pack:center;align-content:center;-webkit-box-align:center;-webkit-align-items:center;-moz-box-align:center;-ms-flex-align:center;align-items:center;}.main-header-bar{padding:1em 0;}.ast-site-identity{padding:0;}.header-main-layout-1 .ast-flex.main-header-container, .header-main-layout-3 .ast-flex.main-header-container{-webkit-align-content:center;-ms-flex-line-pack:center;align-content:center;-webkit-box-align:center;-webkit-align-items:center;-moz-box-align:center;-ms-flex-align:center;align-items:center;}.header-main-layout-1 .ast-flex.main-header-container, .header-main-layout-3 .ast-flex.main-header-container{-webkit-align-content:center;-ms-flex-line-pack:center;align-content:center;-webkit-box-align:center;-webkit-align-items:center;-moz-box-align:center;-ms-flex-align:center;align-items:center;}.main-header-menu .sub-menu .menu-item.menu-item-has-children &gt; .menu-link:after{position:absolute;right:1em;top:50%;transform:translate(0,-50%) rotate(270deg);}.ast-header-break-point .main-header-bar .main-header-bar-navigation .page_item_has_children &gt; .ast-menu-toggle::before, .ast-header-break-point .main-header-bar .main-header-bar-navigation .menu-item-has-children &gt; .ast-menu-toggle::before, .ast-mobile-popup-drawer .main-header-bar-navigation .menu-item-has-children&gt;.ast-menu-toggle::before, .ast-header-break-point .ast-mobile-header-wrap .main-header-bar-navigation .menu-item-has-children &gt; .ast-menu-toggle::before{font-weight:bold;content:"\e900";font-family:Astra;text-decoration:inherit;display:inline-block;}.ast-header-break-point .main-navigation ul.sub-menu .menu-item .menu-link:before{content:"\e900";font-family:Astra;font-size:.65em;text-decoration:inherit;display:inline-block;transform:translate(0, -2px) rotateZ(270deg);margin-right:5px;}.widget_search .search-form:after{font-family:Astra;font-size:1.2em;font-weight:normal;content:"\e8b6";position:absolute;top:50%;right:15px;transform:translate(0, -50%);}.astra-search-icon::before{content:"\e8b6";font-family:Astra;font-style:normal;font-weight:normal;text-decoration:inherit;text-align:center;-webkit-font-smoothing:antialiased;-moz-osx-font-smoothing:grayscale;}.main-header-bar .main-header-bar-navigation .page_item_has_children &gt; a:after, .main-header-bar .main-header-bar-navigation .menu-item-has-children &gt; a:after, .site-header-focus-item .main-header-bar-navigation .menu-item-has-children &gt; .menu-link:after{content:"\e900";display:inline-block;font-family:Astra;font-size:.6rem;font-weight:bold;text-rendering:auto;-webkit-font-smoothing:antialiased;-moz-osx-font-smoothing:grayscale;margin-left:10px;line-height:normal;}.ast-mobile-popup-drawer .main-header-bar-navigation .ast-submenu-expanded&gt;.ast-menu-toggle::before{transform:rotateX(180deg);}.ast-header-break-point .main-header-bar-navigation .menu-item-has-children &gt; .menu-link:after{display:none;}.ast-separate-container .blog-layout-1, .ast-separate-container .blog-layout-2, .ast-separate-container .blog-layout-3{background-color:transparent;background-image:none;}.ast-separate-container .ast-article-post{background-color:#ffffff;;}.ast-separate-container .ast-article-single:not(.ast-related-post), .ast-separate-container .comments-area .comment-respond,.ast-separate-container .comments-area .ast-comment-list li, .ast-separate-container .ast-woocommerce-container, .ast-separate-container .error-404, .ast-separate-container .no-results, .single.ast-separate-container .ast-author-meta, .ast-separate-container .related-posts-title-wrapper, .ast-separate-container.ast-two-container #secondary .widget,.ast-separate-container .comments-count-wrapper, .ast-box-layout.ast-plain-container .site-content,.ast-padded-layout.ast-plain-container .site-content, .ast-separate-container .comments-area .comments-title{background-color:#ffffff;;}.ast-mobile-header-content &gt; *,.ast-desktop-header-content &gt; * {padding: 10px 0;height: auto;}.ast-mobile-header-content &gt; *:first-child,.ast-desktop-header-content &gt; *:first-child {padding-top: 10px;}.ast-mobile-header-content &gt; .ast-builder-menu,.ast-desktop-header-content &gt; .ast-builder-menu {padding-top: 0;}.ast-mobile-header-content &gt; *:last-child,.ast-desktop-header-content &gt; *:last-child {padding-bottom: 0;}.ast-mobile-header-content .ast-search-menu-icon.ast-inline-search label,.ast-desktop-header-content .ast-search-menu-icon.ast-inline-search label {width: 100%;}.ast-desktop-header-content .main-header-bar-navigation .ast-submenu-expanded &gt; .ast-menu-toggle::before {transform: rotateX(180deg);}#ast-desktop-header .ast-desktop-header-content,.ast-mobile-header-content .ast-search-icon,.ast-desktop-header-content .ast-search-icon,.ast-mobile-header-wrap .ast-mobile-header-content,.ast-main-header-nav-open.ast-popup-nav-open .ast-mobile-header-wrap .ast-mobile-header-content,.ast-main-header-nav-open.ast-popup-nav-open .ast-desktop-header-content {display: none;}.ast-main-header-nav-open.ast-header-break-point #ast-desktop-header .ast-desktop-header-content,.ast-main-header-nav-open.ast-header-break-point .ast-mobile-header-wrap .ast-mobile-header-content {display: block;}.ast-desktop .ast-desktop-header-content .astra-menu-animation-slide-up &gt; .menu-item &gt; .sub-menu,.ast-desktop .ast-desktop-header-content .astra-menu-animation-slide-up &gt; .menu-item .menu-item &gt; .sub-menu,.ast-desktop .ast-desktop-header-content .astra-menu-animation-slide-down &gt; .menu-item &gt; .sub-menu,.ast-desktop .ast-desktop-header-content .astra-menu-animation-slide-down &gt; .menu-item .menu-item &gt; .sub-menu,.ast-desktop .ast-desktop-header-content .astra-menu-animation-fade &gt; .menu-item &gt; .sub-menu,.ast-desktop .ast-desktop-header-content .astra-menu-animation-fade &gt; .menu-item .menu-item &gt; .sub-menu {opacity: 1;visibility: visible;}.ast-hfb-header.ast-default-menu-enable.ast-header-break-point .ast-mobile-header-wrap .ast-mobile-header-content .main-header-bar-navigation {width: unset;margin: unset;}.ast-mobile-header-content.content-align-flex-end .main-header-bar-navigation .menu-item-has-children &gt; .ast-menu-toggle,.ast-desktop-header-content.content-align-flex-end .main-header-bar-navigation .menu-item-has-children &gt; .ast-menu-toggle {left: calc( 20px - 0.907em);}.ast-mobile-header-content .ast-search-menu-icon,.ast-mobile-header-content .ast-search-menu-icon.slide-search,.ast-desktop-header-content .ast-search-menu-icon,.ast-desktop-header-content .ast-search-menu-icon.slide-search {width: 100%;position: relative;display: block;right: auto;transform: none;}.ast-mobile-header-content .ast-search-menu-icon.slide-search .search-form,.ast-mobile-header-content .ast-search-menu-icon .search-form,.ast-desktop-header-content .ast-search-menu-icon.slide-search .search-form,.ast-desktop-header-content .ast-search-menu-icon .search-form {right: 0;visibility: visible;opacity: 1;position: relative;top: auto;transform: none;padding: 0;display: block;overflow: hidden;}.ast-mobile-header-content .ast-search-menu-icon.ast-inline-search .search-field,.ast-mobile-header-content .ast-search-menu-icon .search-field,.ast-desktop-header-content .ast-search-menu-icon.ast-inline-search .search-field,.ast-desktop-header-content .ast-search-menu-icon .search-field {width: 100%;padding-right: 5.5em;}.ast-mobile-header-content .ast-search-menu-icon .search-submit,.ast-desktop-header-content .ast-search-menu-icon .search-submit {display: block;position: absolute;height: 100%;top: 0;right: 0;padding: 0 1em;border-radius: 0;}.ast-hfb-header.ast-default-menu-enable.ast-header-break-point .ast-mobile-header-wrap .ast-mobile-header-content .main-header-bar-navigation ul .sub-menu .menu-link {padding-left: 30px;}.ast-hfb-header.ast-default-menu-enable.ast-header-break-point .ast-mobile-header-wrap .ast-mobile-header-content .main-header-bar-navigation .sub-menu .menu-item .menu-item .menu-link {padding-left: 40px;}.ast-mobile-popup-drawer.active .ast-mobile-popup-inner{background-color:#ffffff;;}.ast-mobile-header-wrap .ast-mobile-header-content, .ast-desktop-header-content{background-color:#ffffff;;}.ast-mobile-popup-content &gt; *, .ast-mobile-header-content &gt; *, .ast-desktop-popup-content &gt; *, .ast-desktop-header-content &gt; *{padding-top:0;padding-bottom:0;}.content-align-flex-start .ast-builder-layout-element{justify-content:flex-start;}.content-align-flex-start .main-header-menu{text-align:left;}.ast-mobile-popup-drawer.active .menu-toggle-close{color:#3a3a3a;}.ast-mobile-header-wrap .ast-primary-header-bar,.ast-primary-header-bar .site-primary-header-wrap{min-height:70px;}.ast-desktop .ast-primary-header-bar .main-header-menu &gt; .menu-item{line-height:70px;}.ast-desktop .ast-primary-header-bar .ast-header-woo-cart,.ast-desktop .ast-primary-header-bar .ast-header-edd-cart{line-height:70px;}@media (max-width:921px){#masthead .ast-mobile-header-wrap .ast-primary-header-bar,#masthead .ast-mobile-header-wrap .ast-below-header-bar{padding-left:20px;padding-right:20px;}}.ast-header-break-point .ast-primary-header-bar{border-bottom-width:1px;border-bottom-style:solid;}@media (min-width:922px){.ast-primary-header-bar{border-bottom-width:1px;border-bottom-style:solid;}}.ast-primary-header-bar{background-color:#ffffff;;background-image:none;;}.ast-primary-header-bar{display:block;}@media (max-width:921px){.ast-header-break-point .ast-primary-header-bar{display:grid;}}@media (max-width:544px){.ast-header-break-point .ast-primary-header-bar{display:grid;}}[data-section="section-header-mobile-trigger"] .ast-button-wrap .ast-mobile-menu-trigger-minimal{color:#000000;border:none;background:transparent;}[data-section="section-header-mobile-trigger"] .ast-button-wrap .mobile-menu-toggle-icon .ast-mobile-svg{width:20px;height:20px;fill:#000000;}[data-section="section-header-mobile-trigger"] .ast-button-wrap .mobile-menu-wrap .mobile-menu{color:#000000;}
</style>
    <link id="astra-menu-animation-css" rel="stylesheet" href="https://askomdch.com/wp-content/themes/astra/assets/css/minified/menu-animation.min.css?ver=3.7.5" media="all"/>
    <link id="wp-block-library-css" rel="stylesheet" href="https://askomdch.com/wp-includes/css/dist/block-library/style.min.css?ver=5.8.1" media="all"/>
    <link id="wc-blocks-vendors-style-css" rel="stylesheet" href="https://askomdch.com/wp-content/plugins/woocommerce/packages/woocommerce-blocks/build/wc-blocks-vendors-style.css?ver=5.9.1" media="all"/>
    <link id="wc-blocks-style-css" rel="stylesheet" href="https://askomdch.com/wp-content/plugins/woocommerce/packages/woocommerce-blocks/build/wc-blocks-style.css?ver=5.9.1" media="all"/>
    <style id="global-styles-inline-css">
body{--wp--preset--color--black: #000000;--wp--preset--color--cyan-bluish-gray: #abb8c3;--wp--preset--color--white: #ffffff;--wp--preset--color--pale-pink: #f78da7;--wp--preset--color--vivid-red: #cf2e2e;--wp--preset--color--luminous-vivid-orange: #ff6900;--wp--preset--color--luminous-vivid-amber: #fcb900;--wp--preset--color--light-green-cyan: #7bdcb5;--wp--preset--color--vivid-green-cyan: #00d084;--wp--preset--color--pale-cyan-blue: #8ed1fc;--wp--preset--color--vivid-cyan-blue: #0693e3;--wp--preset--color--vivid-purple: #9b51e0;--wp--preset--color--ast-global-color-0: var(--ast-global-color-0);--wp--preset--color--ast-global-color-1: var(--ast-global-color-1);--wp--preset--color--ast-global-color-2: var(--ast-global-color-2);--wp--preset--color--ast-global-color-3: var(--ast-global-color-3);--wp--preset--color--ast-global-color-4: var(--ast-global-color-4);--wp--preset--color--ast-global-color-5: var(--ast-global-color-5);--wp--preset--color--ast-global-color-6: var(--ast-global-color-6);--wp--preset--color--ast-global-color-7: var(--ast-global-color-7);--wp--preset--color--ast-global-color-8: var(--ast-global-color-8);--wp--preset--gradient--vivid-cyan-blue-to-vivid-purple: linear-gradient(135deg,rgba(6,147,227,1) 0%,rgb(155,81,224) 100%);--wp--preset--gradient--light-green-cyan-to-vivid-green-cyan: linear-gradient(135deg,rgb(122,220,180) 0%,rgb(0,208,130) 100%);--wp--preset--gradient--luminous-vivid-amber-to-luminous-vivid-orange: linear-gradient(135deg,rgba(252,185,0,1) 0%,rgba(255,105,0,1) 100%);--wp--preset--gradient--luminous-vivid-orange-to-vivid-red: linear-gradient(135deg,rgba(255,105,0,1) 0%,rgb(207,46,46) 100%);--wp--preset--gradient--very-light-gray-to-cyan-bluish-gray: linear-gradient(135deg,rgb(238,238,238) 0%,rgb(169,184,195) 100%);--wp--preset--gradient--cool-to-warm-spectrum: linear-gradient(135deg,rgb(74,234,220) 0%,rgb(151,120,209) 20%,rgb(207,42,186) 40%,rgb(238,44,130) 60%,rgb(251,105,98) 80%,rgb(254,248,76) 100%);--wp--preset--gradient--blush-light-purple: linear-gradient(135deg,rgb(255,206,236) 0%,rgb(152,150,240) 100%);--wp--preset--gradient--blush-bordeaux: linear-gradient(135deg,rgb(254,205,165) 0%,rgb(254,45,45) 50%,rgb(107,0,62) 100%);--wp--preset--gradient--luminous-dusk: linear-gradient(135deg,rgb(255,203,112) 0%,rgb(199,81,192) 50%,rgb(65,88,208) 100%);--wp--preset--gradient--pale-ocean: linear-gradient(135deg,rgb(255,245,203) 0%,rgb(182,227,212) 50%,rgb(51,167,181) 100%);--wp--preset--gradient--electric-grass: linear-gradient(135deg,rgb(202,248,128) 0%,rgb(113,206,126) 100%);--wp--preset--gradient--midnight: linear-gradient(135deg,rgb(2,3,129) 0%,rgb(40,116,252) 100%);--wp--preset--font-size--small: 13px;--wp--preset--font-size--normal: 16px;--wp--preset--font-size--medium: 20px;--wp--preset--font-size--large: 36px;--wp--preset--font-size--huge: 42px;}.has-black-color{color: var(--wp--preset--color--black) !important;}.has-cyan-bluish-gray-color{color: var(--wp--preset--color--cyan-bluish-gray) !important;}.has-white-color{color: var(--wp--preset--color--white) !important;}.has-pale-pink-color{color: var(--wp--preset--color--pale-pink) !important;}.has-vivid-red-color{color: var(--wp--preset--color--vivid-red) !important;}.has-luminous-vivid-orange-color{color: var(--wp--preset--color--luminous-vivid-orange) !important;}.has-luminous-vivid-amber-color{color: var(--wp--preset--color--luminous-vivid-amber) !important;}.has-light-green-cyan-color{color: var(--wp--preset--color--light-green-cyan) !important;}.has-vivid-green-cyan-color{color: var(--wp--preset--color--vivid-green-cyan) !important;}.has-pale-cyan-blue-color{color: var(--wp--preset--color--pale-cyan-blue) !important;}.has-vivid-cyan-blue-color{color: var(--wp--preset--color--vivid-cyan-blue) !important;}.has-vivid-purple-color{color: var(--wp--preset--color--vivid-purple) !important;}.has-ast-global-color-0-color{color: var(--wp--preset--color--ast-global-color-0) !important;}.has-ast-global-color-1-color{color: var(--wp--preset--color--ast-global-color-1) !important;}.has-ast-global-color-2-color{color: var(--wp--preset--color--ast-global-color-2) !important;}.has-ast-global-color-3-color{color: var(--wp--preset--color--ast-global-color-3) !important;}.has-ast-global-color-4-color{color: var(--wp--preset--color--ast-global-color-4) !important;}.has-ast-global-color-5-color{color: var(--wp--preset--color--ast-global-color-5) !important;}.has-ast-global-color-6-color{color: var(--wp--preset--color--ast-global-color-6) !important;}.has-ast-global-color-7-color{color: var(--wp--preset--color--ast-global-color-7) !important;}.has-ast-global-color-8-color{color: var(--wp--preset--color--ast-global-color-8) !important;}.has-black-background-color{background-color: var(--wp--preset--color--black) !important;}.has-cyan-bluish-gray-background-color{background-color: var(--wp--preset--color--cyan-bluish-gray) !important;}.has-white-background-color{background-color: var(--wp--preset--color--white) !important;}.has-pale-pink-background-color{background-color: var(--wp--preset--color--pale-pink) !important;}.has-vivid-red-background-color{background-color: var(--wp--preset--color--vivid-red) !important;}.has-luminous-vivid-orange-background-color{background-color: var(--wp--preset--color--luminous-vivid-orange) !important;}.has-luminous-vivid-amber-background-color{background-color: var(--wp--preset--color--luminous-vivid-amber) !important;}.has-light-green-cyan-background-color{background-color: var(--wp--preset--color--light-green-cyan) !important;}.has-vivid-green-cyan-background-color{background-color: var(--wp--preset--color--vivid-green-cyan) !important;}.has-pale-cyan-blue-background-color{background-color: var(--wp--preset--color--pale-cyan-blue) !important;}.has-vivid-cyan-blue-background-color{background-color: var(--wp--preset--color--vivid-cyan-blue) !important;}.has-vivid-purple-background-color{background-color: var(--wp--preset--color--vivid-purple) !important;}.has-ast-global-color-0-background-color{background-color: var(--wp--preset--color--ast-global-color-0) !important;}.has-ast-global-color-1-background-color{background-color: var(--wp--preset--color--ast-global-color-1) !important;}.has-ast-global-color-2-background-color{background-color: var(--wp--preset--color--ast-global-color-2) !important;}.has-ast-global-color-3-background-color{background-color: var(--wp--preset--color--ast-global-color-3) !important;}.has-ast-global-color-4-background-color{background-color: var(--wp--preset--color--ast-global-color-4) !important;}.has-ast-global-color-5-background-color{background-color: var(--wp--preset--color--ast-global-color-5) !important;}.has-ast-global-color-6-background-color{background-color: var(--wp--preset--color--ast-global-color-6) !important;}.has-ast-global-color-7-background-color{background-color: var(--wp--preset--color--ast-global-color-7) !important;}.has-ast-global-color-8-background-color{background-color: var(--wp--preset--color--ast-global-color-8) !important;}.has-vivid-cyan-blue-to-vivid-purple-gradient-background{background: var(--wp--preset--gradient--vivid-cyan-blue-to-vivid-purple) !important;}.has-light-green-cyan-to-vivid-green-cyan-gradient-background{background: var(--wp--preset--gradient--light-green-cyan-to-vivid-green-cyan) !important;}.has-luminous-vivid-amber-to-luminous-vivid-orange-gradient-background{background: var(--wp--preset--gradient--luminous-vivid-amber-to-luminous-vivid-orange) !important;}.has-luminous-vivid-orange-to-vivid-red-gradient-background{background: var(--wp--preset--gradient--luminous-vivid-orange-to-vivid-red) !important;}.has-very-light-gray-to-cyan-bluish-gray-gradient-background{background: var(--wp--preset--gradient--very-light-gray-to-cyan-bluish-gray) !important;}.has-cool-to-warm-spectrum-gradient-background{background: var(--wp--preset--gradient--cool-to-warm-spectrum) !important;}.has-blush-light-purple-gradient-background{background: var(--wp--preset--gradient--blush-light-purple) !important;}.has-blush-bordeaux-gradient-background{background: var(--wp--preset--gradient--blush-bordeaux) !important;}.has-luminous-dusk-gradient-background{background: var(--wp--preset--gradient--luminous-dusk) !important;}.has-pale-ocean-gradient-background{background: var(--wp--preset--gradient--pale-ocean) !important;}.has-electric-grass-gradient-background{background: var(--wp--preset--gradient--electric-grass) !important;}.has-midnight-gradient-background{background: var(--wp--preset--gradient--midnight) !important;}.has-small-font-size{font-size: var(--wp--preset--font-size--small) !important;}.has-normal-font-size{font-size: var(--wp--preset--font-size--normal) !important;}.has-medium-font-size{font-size: var(--wp--preset--font-size--medium) !important;}.has-large-font-size{font-size: var(--wp--preset--font-size--large) !important;}.has-huge-font-size{font-size: var(--wp--preset--font-size--huge) !important;}
</style>
    <link id="woocommerce-layout-css" rel="stylesheet" href="https://askomdch.com/wp-content/themes/astra/assets/css/minified/compatibility/woocommerce/woocommerce-layout.min.css?ver=3.7.5" media="all"/>
    <link id="woocommerce-smallscreen-css" rel="stylesheet" href="https://askomdch.com/wp-content/themes/astra/assets/css/minified/compatibility/woocommerce/woocommerce-smallscreen.min.css?ver=3.7.5" media="only screen and (max-width: 921px)"/>
    <link id="woocommerce-general-css" rel="stylesheet" href="https://askomdch.com/wp-content/themes/astra/assets/css/minified/compatibility/woocommerce/woocommerce.min.css?ver=3.7.5" media="all"/>
    <style id="woocommerce-general-inline-css">
#customer_details h3:not(.elementor-widget-woocommerce-checkout-page h3){font-size:1.2rem;padding:20px 0 14px;margin:0 0 20px;border-bottom:1px solid #ebebeb;}form #order_review_heading:not(.elementor-widget-woocommerce-checkout-page #order_review_heading){border-width:2px 2px 0 2px;border-style:solid;font-size:1.2rem;margin:0;padding:1.5em 1.5em 1em;border-color:#ebebeb;}form #order_review:not(.elementor-widget-woocommerce-checkout-page #order_review){padding:0 2em;border-width:0 2px 2px;border-style:solid;border-color:#ebebeb;}ul#shipping_method li:not(.elementor-widget-woocommerce-cart #shipping_method li){margin:0;padding:0.25em 0 0.25em 22px;text-indent:-22px;list-style:none outside;}.woocommerce span.onsale, .wc-block-grid__product .wc-block-grid__product-onsale{background-color:#54595f;color:#ffffff;}.woocommerce a.button, .woocommerce button.button, .woocommerce .woocommerce-message a.button, .woocommerce #respond input#submit.alt, .woocommerce a.button.alt, .woocommerce button.button.alt, .woocommerce input.button.alt, .woocommerce input.button,.woocommerce input.button:disabled, .woocommerce input.button:disabled[disabled], .woocommerce input.button:disabled:hover, .woocommerce input.button:disabled[disabled]:hover, .woocommerce #respond input#submit, .woocommerce button.button.alt.disabled, .wc-block-grid__products .wc-block-grid__product .wp-block-button__link, .wc-block-grid__product-onsale{color:#ffffff;border-color:#3197d6;background-color:#3197d6;}.woocommerce a.button:hover, .woocommerce button.button:hover, .woocommerce .woocommerce-message a.button:hover,.woocommerce #respond input#submit:hover,.woocommerce #respond input#submit.alt:hover, .woocommerce a.button.alt:hover, .woocommerce button.button.alt:hover, .woocommerce input.button.alt:hover, .woocommerce input.button:hover, .woocommerce button.button.alt.disabled:hover, .wc-block-grid__products .wc-block-grid__product .wp-block-button__link:hover{color:#ffffff;border-color:#0084d6;background-color:#0084d6;}.woocommerce-message, .woocommerce-info{border-top-color:#4e4e4e;}.woocommerce-message::before,.woocommerce-info::before{color:#4e4e4e;}.woocommerce ul.products li.product .price, .woocommerce div.product p.price, .woocommerce div.product span.price, .widget_layered_nav_filters ul li.chosen a, .woocommerce-page ul.products li.product .ast-woo-product-category, .wc-layered-nav-rating a{color:#333333;}.woocommerce nav.woocommerce-pagination ul,.woocommerce nav.woocommerce-pagination ul li{border-color:#4e4e4e;}.woocommerce nav.woocommerce-pagination ul li a:focus, .woocommerce nav.woocommerce-pagination ul li a:hover, .woocommerce nav.woocommerce-pagination ul li span.current{background:#4e4e4e;color:#ffffff;}.woocommerce-MyAccount-navigation-link.is-active a{color:#0084d6;}.woocommerce .widget_price_filter .ui-slider .ui-slider-range, .woocommerce .widget_price_filter .ui-slider .ui-slider-handle{background-color:#4e4e4e;}.woocommerce a.button, .woocommerce button.button, .woocommerce .woocommerce-message a.button, .woocommerce #respond input#submit.alt, .woocommerce a.button.alt, .woocommerce button.button.alt, .woocommerce input.button.alt, .woocommerce input.button,.woocommerce-cart table.cart td.actions .button, .woocommerce form.checkout_coupon .button, .woocommerce #respond input#submit, .wc-block-grid__products .wc-block-grid__product .wp-block-button__link{border-radius:0;padding-top:17px;padding-right:30px;padding-bottom:17px;padding-left:30px;}.woocommerce .star-rating, .woocommerce .comment-form-rating .stars a, .woocommerce .star-rating::before{color:#4e4e4e;}.woocommerce div.product .woocommerce-tabs ul.tabs li.active:before{background:#4e4e4e;}.woocommerce a.remove:hover{color:#4e4e4e;border-color:#4e4e4e;background-color:#ffffff;}.woocommerce ul.product-categories &gt; li ul li:before{content:"\e900";padding:0 5px 0 5px;display:inline-block;font-family:Astra;transform:rotate(-90deg);font-size:0.7rem;}@media (min-width:545px) and (max-width:921px){.woocommerce.tablet-columns-6 ul.products li.product, .woocommerce-page.tablet-columns-6 ul.products li.product{width:calc(16.66% - 16.66px);}.woocommerce.tablet-columns-5 ul.products li.product, .woocommerce-page.tablet-columns-5 ul.products li.product{width:calc(20% - 16px);}.woocommerce.tablet-columns-4 ul.products li.product, .woocommerce-page.tablet-columns-4 ul.products li.product{width:calc(25% - 15px);}.woocommerce.tablet-columns-3 ul.products li.product, .woocommerce-page.tablet-columns-3 ul.products li.product{width:calc(33.33% - 14px);}.woocommerce.tablet-columns-2 ul.products li.product, .woocommerce-page.tablet-columns-2 ul.products li.product{width:calc(50% - 10px);}.woocommerce.tablet-columns-1 ul.products li.product, .woocommerce-page.tablet-columns-1 ul.products li.product{width:100%;}.woocommerce div.product .related.products ul.products li.product{width:calc(33.33% - 14px);}}@media (min-width:545px) and (max-width:921px){.woocommerce[class*="columns-"].columns-3 &gt; ul.products li.product, .woocommerce[class*="columns-"].columns-4 &gt; ul.products li.product, .woocommerce[class*="columns-"].columns-5 &gt; ul.products li.product, .woocommerce[class*="columns-"].columns-6 &gt; ul.products li.product{width:calc(33.33% - 14px);margin-right:20px;}.woocommerce[class*="columns-"].columns-3 &gt; ul.products li.product:nth-child(3n), .woocommerce[class*="columns-"].columns-4 &gt; ul.products li.product:nth-child(3n), .woocommerce[class*="columns-"].columns-5 &gt; ul.products li.product:nth-child(3n), .woocommerce[class*="columns-"].columns-6 &gt; ul.products li.product:nth-child(3n){margin-right:0;clear:right;}.woocommerce[class*="columns-"].columns-3 &gt; ul.products li.product:nth-child(3n+1), .woocommerce[class*="columns-"].columns-4 &gt; ul.products li.product:nth-child(3n+1), .woocommerce[class*="columns-"].columns-5 &gt; ul.products li.product:nth-child(3n+1), .woocommerce[class*="columns-"].columns-6 &gt; ul.products li.product:nth-child(3n+1){clear:left;}.woocommerce[class*="columns-"] ul.products li.product:nth-child(n), .woocommerce-page[class*="columns-"] ul.products li.product:nth-child(n){margin-right:20px;clear:none;}.woocommerce.tablet-columns-2 ul.products li.product:nth-child(2n), .woocommerce-page.tablet-columns-2 ul.products li.product:nth-child(2n), .woocommerce.tablet-columns-3 ul.products li.product:nth-child(3n), .woocommerce-page.tablet-columns-3 ul.products li.product:nth-child(3n), .woocommerce.tablet-columns-4 ul.products li.product:nth-child(4n), .woocommerce-page.tablet-columns-4 ul.products li.product:nth-child(4n), .woocommerce.tablet-columns-5 ul.products li.product:nth-child(5n), .woocommerce-page.tablet-columns-5 ul.products li.product:nth-child(5n), .woocommerce.tablet-columns-6 ul.products li.product:nth-child(6n), .woocommerce-page.tablet-columns-6 ul.products li.product:nth-child(6n){margin-right:0;clear:right;}.woocommerce.tablet-columns-2 ul.products li.product:nth-child(2n+1), .woocommerce-page.tablet-columns-2 ul.products li.product:nth-child(2n+1), .woocommerce.tablet-columns-3 ul.products li.product:nth-child(3n+1), .woocommerce-page.tablet-columns-3 ul.products li.product:nth-child(3n+1), .woocommerce.tablet-columns-4 ul.products li.product:nth-child(4n+1), .woocommerce-page.tablet-columns-4 ul.products li.product:nth-child(4n+1), .woocommerce.tablet-columns-5 ul.products li.product:nth-child(5n+1), .woocommerce-page.tablet-columns-5 ul.products li.product:nth-child(5n+1), .woocommerce.tablet-columns-6 ul.products li.product:nth-child(6n+1), .woocommerce-page.tablet-columns-6 ul.products li.product:nth-child(6n+1){clear:left;}.woocommerce div.product .related.products ul.products li.product:nth-child(3n), .woocommerce-page.tablet-columns-1 .site-main ul.products li.product{margin-right:0;clear:right;}.woocommerce div.product .related.products ul.products li.product:nth-child(3n+1){clear:left;}}@media (min-width:922px){.woocommerce #reviews #comments{width:55%;float:left;}.woocommerce #reviews #review_form_wrapper{width:45%;padding-left:2em;float:right;}.woocommerce form.checkout_coupon{width:50%;}}@media (max-width:921px){.ast-header-break-point.ast-woocommerce-cart-menu .header-main-layout-1.ast-mobile-header-stack.ast-no-menu-items .ast-site-header-cart, .ast-header-break-point.ast-woocommerce-cart-menu .header-main-layout-3.ast-mobile-header-stack.ast-no-menu-items .ast-site-header-cart{padding-right:0;padding-left:0;}.ast-header-break-point.ast-woocommerce-cart-menu .header-main-layout-1.ast-mobile-header-stack .main-header-bar{text-align:center;}.ast-header-break-point.ast-woocommerce-cart-menu .header-main-layout-1.ast-mobile-header-stack .ast-site-header-cart, .ast-header-break-point.ast-woocommerce-cart-menu .header-main-layout-1.ast-mobile-header-stack .ast-mobile-menu-buttons{display:inline-block;}.ast-header-break-point.ast-woocommerce-cart-menu .header-main-layout-2.ast-mobile-header-inline .site-branding{flex:auto;}.ast-header-break-point.ast-woocommerce-cart-menu .header-main-layout-3.ast-mobile-header-stack .site-branding{flex:0 0 100%;}.ast-header-break-point.ast-woocommerce-cart-menu .header-main-layout-3.ast-mobile-header-stack .main-header-container{display:flex;justify-content:center;}.woocommerce-cart .woocommerce-shipping-calculator .button{width:100%;}.woocommerce div.product div.images, .woocommerce div.product div.summary, .woocommerce #content div.product div.images, .woocommerce #content div.product div.summary, .woocommerce-page div.product div.images, .woocommerce-page div.product div.summary, .woocommerce-page #content div.product div.images, .woocommerce-page #content div.product div.summary{float:none;width:100%;}.woocommerce-cart table.cart td.actions .ast-return-to-shop{display:block;text-align:center;margin-top:1em;}}@media (max-width:544px){.ast-separate-container .ast-woocommerce-container{padding:.54em 1em 1.33333em;}.woocommerce-message, .woocommerce-error, .woocommerce-info{display:flex;flex-wrap:wrap;}.woocommerce-message a.button, .woocommerce-error a.button, .woocommerce-info a.button{order:1;margin-top:.5em;}.woocommerce .woocommerce-ordering, .woocommerce-page .woocommerce-ordering{float:none;margin-bottom:2em;width:100%;}.woocommerce ul.products a.button, .woocommerce-page ul.products a.button{padding:0.5em 0.75em;}.woocommerce table.cart td.actions .button, .woocommerce #content table.cart td.actions .button, .woocommerce-page table.cart td.actions .button, .woocommerce-page #content table.cart td.actions .button{padding-left:1em;padding-right:1em;}.woocommerce #content table.cart .button, .woocommerce-page #content table.cart .button{width:100%;}.woocommerce #content table.cart .product-thumbnail, .woocommerce-page #content table.cart .product-thumbnail{display:block;text-align:center !important;}.woocommerce #content table.cart .product-thumbnail::before, .woocommerce-page #content table.cart .product-thumbnail::before{display:none;}.woocommerce #content table.cart td.actions .coupon, .woocommerce-page #content table.cart td.actions .coupon{float:none;}.woocommerce #content table.cart td.actions .coupon .button, .woocommerce-page #content table.cart td.actions .coupon .button{flex:1;}.woocommerce #content div.product .woocommerce-tabs ul.tabs li a, .woocommerce-page #content div.product .woocommerce-tabs ul.tabs li a{display:block;}.woocommerce div.product .related.products ul.products li.product, .woocommerce.mobile-columns-2 ul.products li.product, .woocommerce-page.mobile-columns-2 ul.products li.product{width:calc(50% - 10px);}.woocommerce.mobile-columns-6 ul.products li.product, .woocommerce-page.mobile-columns-6 ul.products li.product{width:calc(16.66% - 16.66px);}.woocommerce.mobile-columns-5 ul.products li.product, .woocommerce-page.mobile-columns-5 ul.products li.product{width:calc(20% - 16px);}.woocommerce.mobile-columns-4 ul.products li.product, .woocommerce-page.mobile-columns-4 ul.products li.product{width:calc(25% - 15px);}.woocommerce.mobile-columns-3 ul.products li.product, .woocommerce-page.mobile-columns-3 ul.products li.product{width:calc(33.33% - 14px);}.woocommerce.mobile-columns-1 ul.products li.product, .woocommerce-page.mobile-columns-1 ul.products li.product{width:100%;}}@media (max-width:544px){.woocommerce ul.products a.button.loading::after, .woocommerce-page ul.products a.button.loading::after{display:inline-block;margin-left:5px;position:initial;}.woocommerce.mobile-columns-1 .site-main ul.products li.product:nth-child(n), .woocommerce-page.mobile-columns-1 .site-main ul.products li.product:nth-child(n){margin-right:0;}.woocommerce #content div.product .woocommerce-tabs ul.tabs li, .woocommerce-page #content div.product .woocommerce-tabs ul.tabs li{display:block;margin-right:0;}.woocommerce[class*="columns-"].columns-3 &gt; ul.products li.product, .woocommerce[class*="columns-"].columns-4 &gt; ul.products li.product, .woocommerce[class*="columns-"].columns-5 &gt; ul.products li.product, .woocommerce[class*="columns-"].columns-6 &gt; ul.products li.product{width:calc(50% - 10px);margin-right:20px;}.woocommerce[class*="columns-"] ul.products li.product:nth-child(n), .woocommerce-page[class*="columns-"] ul.products li.product:nth-child(n){margin-right:20px;clear:none;}.woocommerce-page[class*=columns-].columns-3&gt;ul.products li.product:nth-child(2n), .woocommerce-page[class*=columns-].columns-4&gt;ul.products li.product:nth-child(2n), .woocommerce-page[class*=columns-].columns-5&gt;ul.products li.product:nth-child(2n), .woocommerce-page[class*=columns-].columns-6&gt;ul.products li.product:nth-child(2n), .woocommerce[class*=columns-].columns-3&gt;ul.products li.product:nth-child(2n), .woocommerce[class*=columns-].columns-4&gt;ul.products li.product:nth-child(2n), .woocommerce[class*=columns-].columns-5&gt;ul.products li.product:nth-child(2n), .woocommerce[class*=columns-].columns-6&gt;ul.products li.product:nth-child(2n){margin-right:0;clear:right;}.woocommerce[class*="columns-"].columns-3 &gt; ul.products li.product:nth-child(2n+1), .woocommerce[class*="columns-"].columns-4 &gt; ul.products li.product:nth-child(2n+1), .woocommerce[class*="columns-"].columns-5 &gt; ul.products li.product:nth-child(2n+1), .woocommerce[class*="columns-"].columns-6 &gt; ul.products li.product:nth-child(2n+1){clear:left;}.woocommerce-page[class*=columns-] ul.products li.product:nth-child(n), .woocommerce[class*=columns-] ul.products li.product:nth-child(n){margin-right:20px;clear:none;}.woocommerce.mobile-columns-6 ul.products li.product:nth-child(6n), .woocommerce-page.mobile-columns-6 ul.products li.product:nth-child(6n), .woocommerce.mobile-columns-5 ul.products li.product:nth-child(5n), .woocommerce-page.mobile-columns-5 ul.products li.product:nth-child(5n), .woocommerce.mobile-columns-4 ul.products li.product:nth-child(4n), .woocommerce-page.mobile-columns-4 ul.products li.product:nth-child(4n), .woocommerce.mobile-columns-3 ul.products li.product:nth-child(3n), .woocommerce-page.mobile-columns-3 ul.products li.product:nth-child(3n), .woocommerce.mobile-columns-2 ul.products li.product:nth-child(2n), .woocommerce-page.mobile-columns-2 ul.products li.product:nth-child(2n), .woocommerce div.product .related.products ul.products li.product:nth-child(2n){margin-right:0;clear:right;}.woocommerce.mobile-columns-6 ul.products li.product:nth-child(6n+1), .woocommerce-page.mobile-columns-6 ul.products li.product:nth-child(6n+1), .woocommerce.mobile-columns-5 ul.products li.product:nth-child(5n+1), .woocommerce-page.mobile-columns-5 ul.products li.product:nth-child(5n+1), .woocommerce.mobile-columns-4 ul.products li.product:nth-child(4n+1), .woocommerce-page.mobile-columns-4 ul.products li.product:nth-child(4n+1), .woocommerce.mobile-columns-3 ul.products li.product:nth-child(3n+1), .woocommerce-page.mobile-columns-3 ul.products li.product:nth-child(3n+1), .woocommerce.mobile-columns-2 ul.products li.product:nth-child(2n+1), .woocommerce-page.mobile-columns-2 ul.products li.product:nth-child(2n+1), .woocommerce div.product .related.products ul.products li.product:nth-child(2n+1){clear:left;}}@media (min-width:922px){.ast-woo-shop-archive .site-content &gt; .ast-container{max-width:1240px;}}@media (min-width:922px){.woocommerce #content .ast-woocommerce-container div.product div.images, .woocommerce .ast-woocommerce-container div.product div.images, .woocommerce-page #content .ast-woocommerce-container div.product div.images, .woocommerce-page .ast-woocommerce-container div.product div.images{width:50%;}.woocommerce #content .ast-woocommerce-container div.product div.summary, .woocommerce .ast-woocommerce-container div.product div.summary, .woocommerce-page #content .ast-woocommerce-container div.product div.summary, .woocommerce-page .ast-woocommerce-container div.product div.summary{width:46%;}.woocommerce.woocommerce-checkout form #customer_details.col2-set .col-1, .woocommerce.woocommerce-checkout form #customer_details.col2-set .col-2, .woocommerce-page.woocommerce-checkout form #customer_details.col2-set .col-1, .woocommerce-page.woocommerce-checkout form #customer_details.col2-set .col-2{float:none;width:auto;}}.woocommerce a.button , .woocommerce button.button.alt ,.woocommerce-page table.cart td.actions .button, .woocommerce-page #content table.cart td.actions .button , .woocommerce a.button.alt ,.woocommerce .woocommerce-message a.button , .ast-site-header-cart .widget_shopping_cart .buttons .button.checkout, .woocommerce button.button.alt.disabled , .wc-block-grid__products .wc-block-grid__product .wp-block-button__link {border:solid;border-top-width:0;border-right-width:0;border-left-width:0;border-bottom-width:0;border-color:#3197d6;}.woocommerce a.button:hover , .woocommerce button.button.alt:hover , .woocommerce-page table.cart td.actions .button:hover, .woocommerce-page #content table.cart td.actions .button:hover, .woocommerce a.button.alt:hover ,.woocommerce .woocommerce-message a.button:hover , .ast-site-header-cart .widget_shopping_cart .buttons .button.checkout:hover , .woocommerce button.button.alt.disabled:hover , .wc-block-grid__products .wc-block-grid__product .wp-block-button__link:hover{border-color:#0084d6;}.widget_product_search button{flex:0 0 auto;padding:10px 20px;;}@media (min-width:922px){.woocommerce.woocommerce-checkout form #customer_details.col2-set, .woocommerce-page.woocommerce-checkout form #customer_details.col2-set{width:55%;float:left;margin-right:4.347826087%;}.woocommerce.woocommerce-checkout form #order_review, .woocommerce.woocommerce-checkout form #order_review_heading, .woocommerce-page.woocommerce-checkout form #order_review, .woocommerce-page.woocommerce-checkout form #order_review_heading{width:40%;float:right;margin-right:0;clear:right;}}
</style>
    <style id="woocommerce-inline-inline-css">
.woocommerce form .form-row .required { visibility: visible; }
</style>
    <script id="jquery-core-js" src="https://askomdch.com/wp-includes/js/jquery/jquery.min.js?ver=3.6.0"/>
    <script id="jquery-migrate-js" src="https://askomdch.com/wp-includes/js/jquery/jquery-migrate.min.js?ver=3.3.2"/>
    <link rel="canonical" href="https://askomdch.com/account/"/>
    <noscript>
      <style>.woocommerce-product-gallery{ opacity: 1 !important; }</style>
    </noscript>
    <style>.recentcomments a{display:inline !important;padding:0 !important;margin:0 !important;}</style>
  </head>
  <body class="page-template-default page page-id-1235 theme-astra woocommerce-account woocommerce-page woocommerce-no-js ast-single-post ast-mobile-inherit-site-logo ast-woocommerce-cart-menu ast-inherit-site-logo-transparent ast-theme-transparent-header ast-hfb-header ast-desktop ast-plain-container ast-no-sidebar astra-3.7.5" itemtype="https://schema.org/WebPage" itemscope="itemscope">
    <a shape="rect" class="skip-link screen-reader-text" href="#content" role="link" title="Skip to content">
Skip to content</a>
    <div class="hfeed site" id="page">
      <header class="site-header ast-primary-submenu-animation-slide-up header-main-layout-1 ast-primary-menu-enabled ast-builder-menu-toggle-icon ast-mobile-header-inline" id="masthead" itemtype="https://schema.org/WPHeader" itemscope="itemscope" itemid="#masthead">
        <div id="ast-desktop-header" data-toggle-type="dropdown">
          <div class="ast-main-header-wrap main-header-bar-wrap">
            <div class="ast-primary-header-bar ast-primary-header main-header-bar site-header-focus-item" data-section="section-primary-header-builder">
              <div class="site-primary-header-wrap ast-builder-grid-row-container site-header-focus-item ast-container" data-section="section-primary-header-builder">
                <div class="ast-builder-grid-row ast-builder-grid-row-has-sides ast-builder-grid-row-no-center">
                  <div class="site-header-primary-section-left site-header-section ast-flex site-header-section-left">
                    <div class="ast-builder-layout-element ast-flex site-header-focus-item" data-section="title_tagline">
                      <div class="site-branding ast-site-identity" itemtype="https://schema.org/Organization" itemscope="itemscope">
                        <div class="ast-site-title-wrap">
                          <span class="site-title" itemprop="name">
                            <a shape="rect" href="https://askomdch.com/" rel="home" itemprop="url">
AskOmDch
</a>
                          </span>
                        </div>
                      </div>
                    </div>
                  </div>
                  <div class="site-header-primary-section-right site-header-section ast-flex ast-grid-right-section">
                    <div class="ast-builder-menu-1 ast-builder-menu ast-flex ast-builder-menu-1-focus-item ast-builder-layout-element site-header-focus-item" data-section="section-hb-menu-1">
                      <div class="ast-main-header-bar-alignment">
                        <div class="main-header-bar-navigation">
                          <nav class="site-navigation ast-flex-grow-1 navigation-accessibility site-header-focus-item" id="primary-site-navigation" aria-label="Site Navigation" itemtype="https://schema.org/SiteNavigationElement" itemscope="itemscope">
                            <div class="main-navigation ast-inline-flex">
                              <ul class="main-header-menu ast-menu-shadow ast-nav-menu ast-flex submenu-with-border astra-menu-animation-slide-up stack-on-mobile" id="ast-hf-menu-1">
                                <li class="menu-item menu-item-type-post_type menu-item-object-page menu-item-home menu-item-1226" id="menu-item-1226">
                                  <a shape="rect" class="menu-link" href="https://askomdch.com/">Home</a>
                                </li>
                                <li class="menu-item menu-item-type-post_type menu-item-object-page menu-item-1227" id="menu-item-1227">
                                  <a shape="rect" class="menu-link" href="https://askomdch.com/store/">Store</a>
                                </li>
                                <li class="menu-item menu-item-type-taxonomy menu-item-object-product_cat menu-item-1228" id="menu-item-1228">
                                  <a shape="rect" class="menu-link" href="https://askomdch.com/product-category/men/">Men</a>
                                </li>
                                <li class="menu-item menu-item-type-taxonomy menu-item-object-product_cat menu-item-1229" id="menu-item-1229">
                                  <a shape="rect" class="menu-link" href="https://askomdch.com/product-category/women/">Women</a>
                                </li>
                                <li class="menu-item menu-item-type-taxonomy menu-item-object-product_cat menu-item-1230" id="menu-item-1230">
                                  <a shape="rect" class="menu-link" href="https://askomdch.com/product-category/accessories/">Accessories</a>
                                </li>
                                <li class="menu-item menu-item-type-post_type menu-item-object-page current-menu-item page_item page-item-1235 current_page_item menu-item-1237" id="menu-item-1237">
                                  <a shape="rect" class="menu-link" href="https://askomdch.com/account/" aria-current="page">Account</a>
                                </li>
                                <li class="menu-item menu-item-type-post_type menu-item-object-page menu-item-1232" id="menu-item-1232">
                                  <a shape="rect" class="menu-link" href="https://askomdch.com/about/">About</a>
                                </li>
                                <li class="menu-item menu-item-type-post_type menu-item-object-page menu-item-1233" id="menu-item-1233">
                                  <a shape="rect" class="menu-link" href="https://askomdch.com/contact-us/">Contact Us</a>
                                </li>
                              </ul>
                            </div>
                          </nav>
                        </div>
                      </div>
                    </div>
                    <div class="ast-builder-layout-element site-header-focus-item ast-header-woo-cart" data-section="section-header-woo-cart">
                      <div class="ast-site-header-cart ast-menu-cart-with-border ast-menu-cart-fill" id="ast-site-header-cart">
                        <div class="ast-site-header-cart-li">
                          <a shape="rect" class="cart-container" href="https://askomdch.com/cart/" title="View your shopping cart"/>
                          <div class="ast-cart-menu-wrap">
                            <span class="count">
0 </span>
                          </div>
                        </div>
                        <div class="ast-site-header-cart-data">
                          <div class="widget woocommerce widget_shopping_cart">
                            <div class="widget_shopping_cart_content"/>
                          </div>
                        </div>
                      </div>
                    </div>
                  </div>
                </div>
              </div>
            </div>
          </div>
          <div class="ast-desktop-header-content content-align-flex-start"/>
        </div>
        <div class="ast-mobile-header-wrap" id="ast-mobile-header" data-type="dropdown">
          <div class="ast-main-header-wrap main-header-bar-wrap">
            <div class="ast-primary-header-bar ast-primary-header main-header-bar site-primary-header-wrap site-header-focus-item ast-builder-grid-row-layout-default ast-builder-grid-row-tablet-layout-default ast-builder-grid-row-mobile-layout-default" data-section="section-primary-header-builder">
              <div class="ast-builder-grid-row ast-builder-grid-row-has-sides ast-builder-grid-row-no-center">
                <div class="site-header-primary-section-left site-header-section ast-flex site-header-section-left">
                  <div class="ast-builder-layout-element ast-flex site-header-focus-item" data-section="title_tagline">
                    <div class="site-branding ast-site-identity" itemtype="https://schema.org/Organization" itemscope="itemscope">
                      <div class="ast-site-title-wrap">
                        <span class="site-title" itemprop="name">
                          <a shape="rect" href="https://askomdch.com/" rel="home" itemprop="url">
AskOmDch
</a>
                        </span>
                      </div>
                    </div>
                  </div>
                </div>
                <div class="site-header-primary-section-right site-header-section ast-flex ast-grid-right-section">
                  <div class="ast-builder-layout-element site-header-focus-item ast-header-woo-cart" data-section="section-header-woo-cart">
                    <div class="ast-site-header-cart ast-menu-cart-with-border ast-menu-cart-fill" id="ast-site-header-cart">
                      <div class="ast-site-header-cart-li">
                        <a shape="rect" class="cart-container" href="https://askomdch.com/cart/" title="View your shopping cart"/>
                        <div class="ast-cart-menu-wrap">
                          <span class="count">
0 </span>
                        </div>
                      </div>
                      <div class="ast-site-header-cart-data">
                        <div class="widget woocommerce widget_shopping_cart">
                          <div class="widget_shopping_cart_content"/>
                        </div>
                      </div>
                    </div>
                  </div>
                  <div class="ast-builder-layout-element ast-flex site-header-focus-item" data-section="section-header-mobile-trigger">
                    <div class="ast-button-wrap">
                      <button type="button" class="menu-toggle main-header-menu-toggle ast-mobile-menu-trigger-minimal" aria-expanded="false">
                        <span class="screen-reader-text">Main Menu</span>
                        <span class="mobile-menu-toggle-icon">
                          <span class="ahfb-svg-iconset ast-inline-flex svg-baseline">
                            <svg class="ast-mobile-svg ast-menu2-svg" fill="currentColor" version="1.1" width="24" height="28" viewbox="0 0 24 28">
                              <path d="M24 21v2c0 0.547-0.453 1-1 1h-22c-0.547 0-1-0.453-1-1v-2c0-0.547 0.453-1 1-1h22c0.547 0 1 0.453 1 1zM24 13v2c0 0.547-0.453 1-1 1h-22c-0.547 0-1-0.453-1-1v-2c0-0.547 0.453-1 1-1h22c0.547 0 1 0.453 1 1zM24 5v2c0 0.547-0.453 1-1 1h-22c-0.547 0-1-0.453-1-1v-2c0-0.547 0.453-1 1-1h22c0.547 0 1 0.453 1 1z"/>
                            </svg>
                          </span>
                          <span class="ahfb-svg-iconset ast-inline-flex svg-baseline">
                            <svg class="ast-mobile-svg ast-close-svg" fill="currentColor" version="1.1" width="24" height="24" viewbox="0 0 24 24">
                              <path d="M5.293 6.707l5.293 5.293-5.293 5.293c-0.391 0.391-0.391 1.024 0 1.414s1.024 0.391 1.414 0l5.293-5.293 5.293 5.293c0.391 0.391 1.024 0.391 1.414 0s0.391-1.024 0-1.414l-5.293-5.293 5.293-5.293c0.391-0.391 0.391-1.024 0-1.414s-1.024-0.391-1.414 0l-5.293 5.293-5.293-5.293c-0.391-0.391-1.024-0.391-1.414 0s-0.391 1.024 0 1.414z"/>
                            </svg>
                          </span>
                        </span>
                      </button>
                    </div>
                  </div>
                </div>
              </div>
            </div>
          </div>
          <div class="ast-mobile-header-content content-align-flex-start">
            <div class="ast-builder-menu-1 ast-builder-menu ast-flex ast-builder-menu-1-focus-item ast-builder-layout-element site-header-focus-item" data-section="section-hb-menu-1">
              <div class="ast-main-header-bar-alignment">
                <div class="main-header-bar-navigation">
                  <nav class="site-navigation ast-flex-grow-1 navigation-accessibility site-header-focus-item" id="primary-site-navigation" aria-label="Site Navigation" itemtype="https://schema.org/SiteNavigationElement" itemscope="itemscope">
                    <div class="main-navigation ast-inline-flex">
                      <ul class="main-header-menu ast-menu-shadow ast-nav-menu ast-flex submenu-with-border astra-menu-animation-slide-up stack-on-mobile" id="ast-hf-menu-1">
                        <li class="menu-item menu-item-type-post_type menu-item-object-page menu-item-home menu-item-1226">
                          <a shape="rect" class="menu-link" href="https://askomdch.com/">Home</a>
                        </li>
                        <li class="menu-item menu-item-type-post_type menu-item-object-page menu-item-1227">
                          <a shape="rect" class="menu-link" href="https://askomdch.com/store/">Store</a>
                        </li>
                        <li class="menu-item menu-item-type-taxonomy menu-item-object-product_cat menu-item-1228">
                          <a shape="rect" class="menu-link" href="https://askomdch.com/product-category/men/">Men</a>
                        </li>
                        <li class="menu-item menu-item-type-taxonomy menu-item-object-product_cat menu-item-1229">
                          <a shape="rect" class="menu-link" href="https://askomdch.com/product-category/women/">Women</a>
                        </li>
                        <li class="menu-item menu-item-type-taxonomy menu-item-object-product_cat menu-item-1230">
                          <a shape="rect" class="menu-link" href="https://askomdch.com/product-category/accessories/">Accessories</a>
                        </li>
                        <li class="menu-item menu-item-type-post_type menu-item-object-page current-menu-item page_item page-item-1235 current_page_item menu-item-1237">
                          <a shape="rect" class="menu-link" href="https://askomdch.com/account/" aria-current="page">Account</a>
                        </li>
                        <li class="menu-item menu-item-type-post_type menu-item-object-page menu-item-1232">
                          <a shape="rect" class="menu-link" href="https://askomdch.com/about/">About</a>
                        </li>
                        <li class="menu-item menu-item-type-post_type menu-item-object-page menu-item-1233">
                          <a shape="rect" class="menu-link" href="https://askomdch.com/contact-us/">Contact Us</a>
                        </li>
                      </ul>
                    </div>
                  </nav>
                </div>
              </div>
            </div>
          </div>
        </div>
      </header>
      <div class="site-content" id="content">
        <div class="ast-container">
          <div class="content-area primary" id="primary">
            <main id="main" class="site-main">
              <article class="post-1235 page type-page status-publish ast-article-single" id="post-1235" itemtype="https://schema.org/CreativeWork" itemscope="itemscope">
                <header class="entry-header ast-header-without-markup"/>
                <div class="entry-content clear" itemprop="text">
                  <div class="wp-block-cover alignfull has-background-dim" style="background-color:#001d35;min-height:400px">
                    <div class="wp-block-cover__inner-container">
                      <h1 class="has-text-align-center">Account</h1>
                    </div>
                  </div>
                  <div class="wp-block-group alignfull">
                    <div class="wp-block-group__inner-container">
                      <div class="wp-block-columns">
                        <div class="wp-block-column" style="flex-basis:100%"/>
                      </div>
                      <div class="woocommerce">
                        <div class="woocommerce-notices-wrapper"/>
                        <div class="u-columns col2-set" id="customer_login">
                          <div class="u-column1 col-1">
                            <h2>Login</h2>
                            <form enctype="application/x-www-form-urlencoded" method="post" class="woocommerce-form woocommerce-form-login login">
                              <p class="woocommerce-form-row woocommerce-form-row--wide form-row form-row-wide">
                                <label for="username">
Username or email address                                   <span class="required">*</span>
                                </label>
                                <input type="text" class="woocommerce-Input woocommerce-Input--text input-text" id="username" name="username" autocomplete="username" value=""/>
                              </p>
                              <p class="woocommerce-form-row woocommerce-form-row--wide form-row form-row-wide">
                                <label for="password">
Password                                   <span class="required">*</span>
                                </label>
                                <input type="password" class="woocommerce-Input woocommerce-Input--text input-text" id="password" name="password" autocomplete="current-password"/>
                              </p>
                              <p class="form-row">
                                <label class="woocommerce-form__label woocommerce-form__label-for-checkbox woocommerce-form-login__rememberme">
                                  <input type="checkbox" class="woocommerce-form__input woocommerce-form__input-checkbox" id="rememberme" name="rememberme" value="forever"/>
                                  <span>Remember me</span>
                                </label>
                                <input type="hidden" id="woocommerce-login-nonce" name="woocommerce-login-nonce" value="679b5e9476"/>
                                <input type="hidden" name="_wp_http_referer" value="/account/"/>
                                <button type="submit" class="woocommerce-button button woocommerce-form-login__submit" name="login" value="Log in">Log in</button>
                              </p>
                              <p class="woocommerce-LostPassword lost_password">
                                <a shape="rect" href="https://askomdch.com/account/lost-password/">Lost your password?</a>
                              </p>
                            </form>
                          </div>
                          <div class="u-column2 col-2">
                            <h2>Register</h2>
                            <form enctype="application/x-www-form-urlencoded" method="post" class="woocommerce-form woocommerce-form-register register">
                              <p class="woocommerce-form-row woocommerce-form-row--wide form-row form-row-wide">
                                <label for="reg_username">
Username                                   <span class="required">*</span>
                                </label>
                                <input type="text" class="woocommerce-Input woocommerce-Input--text input-text" id="reg_username" name="username" autocomplete="username" value=""/>
                              </p>
                              <p class="woocommerce-form-row woocommerce-form-row--wide form-row form-row-wide">
                                <label for="reg_email">
Email address                                   <span class="required">*</span>
                                </label>
                                <input type="email" class="woocommerce-Input woocommerce-Input--text input-text" id="reg_email" name="email" autocomplete="email" value=""/>
                              </p>
                              <p class="woocommerce-form-row woocommerce-form-row--wide form-row form-row-wide">
                                <label for="reg_password">
Password                                   <span class="required">*</span>
                                </label>
                                <input type="password" class="woocommerce-Input woocommerce-Input--text input-text" id="reg_password" name="password" autocomplete="new-password"/>
                              </p>
                              <div class="woocommerce-privacy-policy-text">
                                <p>TEST MODE ENABLED. DO NOT ENTER YOUR PERSONAL DATA.</p>
                              </div>
                              <p class="woocommerce-form-row form-row">
                                <input type="hidden" id="woocommerce-register-nonce" name="woocommerce-register-nonce" value="cbc2b22125"/>
                                <input type="hidden" name="_wp_http_referer" value="/account/"/>
                                <button type="submit" class="woocommerce-Button woocommerce-button button woocommerce-form-register__submit" name="register" value="Register">Register</button>
                              </p>
                            </form>
                          </div>
                        </div>
                      </div>
                    </div>
                  </div>
                  <p/>
                </div>
              </article>
            </main>
          </div>
        </div>
      </div>
      <div class="astra-mobile-cart-overlay"/>
      <div class="astra-cart-drawer open-right" id="astra-mobile-cart-drawer">
        <div class="astra-cart-drawer-header">
          <button type="button" class="astra-cart-drawer-close">
            <span class="ahfb-svg-iconset ast-inline-flex svg-baseline">
              <svg class="ast-mobile-svg ast-close-svg" fill="currentColor" version="1.1" width="24" height="24" viewbox="0 0 24 24">
                <path d="M5.293 6.707l5.293 5.293-5.293 5.293c-0.391 0.391-0.391 1.024 0 1.414s1.024 0.391 1.414 0l5.293-5.293 5.293 5.293c0.391 0.391 1.024 0.391 1.414 0s0.391-1.024 0-1.414l-5.293-5.293 5.293-5.293c0.391-0.391 0.391-1.024 0-1.414s-1.024-0.391-1.414 0l-5.293 5.293-5.293-5.293c-0.391-0.391-1.024-0.391-1.414 0s-0.391 1.024 0 1.414z"/>
              </svg>
            </span>
          </button>
          <div class="astra-cart-drawer-title">
Shopping Cart </div>
        </div>
        <div class="astra-cart-drawer-content">
          <div class="widget woocommerce widget_shopping_cart">
            <div class="widget_shopping_cart_content"/>
          </div>
        </div>
      </div>
      <footer class="site-footer" id="colophon" itemtype="https://schema.org/WPFooter" itemscope="itemscope" itemid="#colophon">
        <div class="site-primary-footer-wrap ast-builder-grid-row-container site-footer-focus-item ast-builder-grid-row-4-equal ast-builder-grid-row-tablet-4-equal ast-builder-grid-row-mobile-full ast-footer-row-stack ast-footer-row-tablet-stack ast-footer-row-mobile-stack" data-section="section-primary-footer-builder">
          <div class="ast-builder-grid-row-container-inner">
            <div class="ast-builder-footer-grid-columns site-primary-footer-inner-wrap ast-builder-grid-row">
              <div class="site-footer-primary-section-1 site-footer-section site-footer-section-1">
                <aside class="footer-widget-area widget-area site-footer-focus-item" data-section="sidebar-widgets-footer-widget-1" aria-label="Footer Widget 1">
                  <div class="footer-widget-area-inner site-info-inner">
                    <section id="nav_menu-7" class="widget widget_nav_menu">
                      <h2 class="widget-title">Quick Links</h2>
                      <nav class="menu-quick-links-container" aria-label="Quick Links">
                        <ul class="menu" id="menu-quick-links">
                          <li class="menu-item menu-item-type-post_type menu-item-object-page menu-item-home menu-item-1254" id="menu-item-1254">
                            <a shape="rect" class="menu-link" href="https://askomdch.com/">Home</a>
                          </li>
                          <li class="menu-item menu-item-type-post_type menu-item-object-page menu-item-1255" id="menu-item-1255">
                            <a shape="rect" class="menu-link" href="https://askomdch.com/about/">About</a>
                          </li>
                          <li class="menu-item menu-item-type-post_type menu-item-object-page current-menu-item page_item page-item-1235 current_page_item menu-item-1256" id="menu-item-1256">
                            <a shape="rect" class="menu-link" href="https://askomdch.com/account/" aria-current="page">My Account</a>
                          </li>
                          <li class="menu-item menu-item-type-post_type menu-item-object-page menu-item-1257" id="menu-item-1257">
                            <a shape="rect" class="menu-link" href="https://askomdch.com/cart/">Cart</a>
                          </li>
                          <li class="menu-item menu-item-type-post_type menu-item-object-page menu-item-1258" id="menu-item-1258">
                            <a shape="rect" class="menu-link" href="https://askomdch.com/contact-us/">Contact Us</a>
                          </li>
                        </ul>
                      </nav>
                    </section>
                  </div>
                </aside>
              </div>
              <div class="site-footer-primary-section-2 site-footer-section site-footer-section-2">
                <aside class="footer-widget-area widget-area site-footer-focus-item" data-section="sidebar-widgets-footer-widget-2" aria-label="Footer Widget 2">
                  <div class="footer-widget-area-inner site-info-inner">
                    <section id="nav_menu-8" class="widget widget_nav_menu">
                      <h2 class="widget-title">For Her</h2>
                      <nav class="menu-for-her-container" aria-label="For Her">
                        <ul class="menu" id="menu-for-her">
                          <li class="menu-item menu-item-type-taxonomy menu-item-object-product_cat menu-item-1264" id="menu-item-1264">
                            <a shape="rect" class="menu-link" href="https://askomdch.com/product-category/women/">Women</a>
                          </li>
                          <li class="menu-item menu-item-type-taxonomy menu-item-object-product_cat menu-item-1266" id="menu-item-1266">
                            <a shape="rect" class="menu-link" href="https://askomdch.com/product-category/womens-jeans/">Women’s Jeans</a>
                          </li>
                          <li class="menu-item menu-item-type-taxonomy menu-item-object-product_cat menu-item-1265" id="menu-item-1265">
                            <a shape="rect" class="menu-link" href="https://askomdch.com/product-category/womens-shirts/">Women’s Shirts</a>
                          </li>
                          <li class="menu-item menu-item-type-taxonomy menu-item-object-product_cat menu-item-1267" id="menu-item-1267">
                            <a shape="rect" class="menu-link" href="https://askomdch.com/product-category/womens-shoes/">Women’s Shoes</a>
                          </li>
                          <li class="menu-item menu-item-type-taxonomy menu-item-object-product_cat menu-item-1268" id="menu-item-1268">
                            <a shape="rect" class="menu-link" href="https://askomdch.com/product-category/accessories/">Accessories</a>
                          </li>
                        </ul>
                      </nav>
                    </section>
                  </div>
                </aside>
              </div>
              <div class="site-footer-primary-section-3 site-footer-section site-footer-section-3">
                <aside class="footer-widget-area widget-area site-footer-focus-item" data-section="sidebar-widgets-footer-widget-3" aria-label="Footer Widget 3">
                  <div class="footer-widget-area-inner site-info-inner">
                    <section id="nav_menu-12" class="widget widget_nav_menu">
                      <h2 class="widget-title">For Him</h2>
                      <nav class="menu-for-him-container" aria-label="For Him">
                        <ul class="menu" id="menu-for-him">
                          <li class="menu-item menu-item-type-taxonomy menu-item-object-product_cat menu-item-1263" id="menu-item-1263">
                            <a shape="rect" class="menu-link" href="https://askomdch.com/product-category/men/">Men</a>
                          </li>
                          <li class="menu-item menu-item-type-taxonomy menu-item-object-product_cat menu-item-1259" id="menu-item-1259">
                            <a shape="rect" class="menu-link" href="https://askomdch.com/product-category/mens-jeans/">Men’s Jeans</a>
                          </li>
                          <li class="menu-item menu-item-type-taxonomy menu-item-object-product_cat menu-item-1260" id="menu-item-1260">
                            <a shape="rect" class="menu-link" href="https://askomdch.com/product-category/mens-shirts/">Men’s Shirts</a>
                          </li>
                          <li class="menu-item menu-item-type-taxonomy menu-item-object-product_cat menu-item-1261" id="menu-item-1261">
                            <a shape="rect" class="menu-link" href="https://askomdch.com/product-category/mens-shoes/">Men’s Shoes</a>
                          </li>
                          <li class="menu-item menu-item-type-taxonomy menu-item-object-product_cat menu-item-1262" id="menu-item-1262">
                            <a shape="rect" class="menu-link" href="https://askomdch.com/product-category/accessories/">Accessories</a>
                          </li>
                        </ul>
                      </nav>
                    </section>
                  </div>
                </aside>
              </div>
              <div class="site-footer-primary-section-4 site-footer-section site-footer-section-4">
                <aside class="footer-widget-area widget-area site-footer-focus-item" data-section="sidebar-widgets-footer-widget-4" aria-label="Footer Widget 4">
                  <div class="footer-widget-area-inner site-info-inner">
                    <section id="text-2" class="widget widget_text">
                      <h2 class="widget-title">AOD on Mobile</h2>
                      <div class="textwidget">
                        <p>
                          <a shape="rect" href="https://www.apple.com/in/app-store/" target="_blank" rel="noopener">
                            <img class="alignnone wp-image-1475 size-full" src="https://askomdch.com/wp-content/uploads/2021/06/image-60-compressed.jpg" alt="" width="300" height="90"/>
                          </a>
                          <a shape="rect" href="https://play.google.com/store" target="_blank" rel="noopener">
                            <img class="alignnone wp-image-1473 size-full" src="https://askomdch.com/wp-content/uploads/2021/06/image-41-compressed.jpg" alt="" width="300" height="90"/>
                          </a>
                        </p>
                      </div>
                    </section>
                  </div>
                </aside>
              </div>
            </div>
          </div>
        </div>
        <div class="site-below-footer-wrap ast-builder-grid-row-container site-footer-focus-item ast-builder-grid-row-2-equal ast-builder-grid-row-tablet-2-equal ast-builder-grid-row-mobile-full ast-footer-row-stack ast-footer-row-tablet-stack ast-footer-row-mobile-stack" data-section="section-below-footer-builder">
          <div class="ast-builder-grid-row-container-inner">
            <div class="ast-builder-footer-grid-columns site-below-footer-inner-wrap ast-builder-grid-row">
              <div class="site-footer-below-section-1 site-footer-section site-footer-section-1">
                <div class="ast-builder-layout-element ast-flex site-footer-focus-item ast-footer-copyright" data-section="section-footer-builder">
                  <div class="ast-footer-copyright">
                    <p>Copyright © 2022 AskOmDch</p>
                  </div>
                </div>
              </div>
              <div class="site-footer-below-section-2 site-footer-section site-footer-section-2">
                <div class="footer-widget-area widget-area site-footer-focus-item ast-footer-html-1" data-section="section-fb-html-1">
                  <div class="ast-header-html inner-link-style-">
                    <div class="ast-builder-html-element">
                      <p>Powered by AskOmDch</p>
                    </div>
                  </div>
                </div>
              </div>
            </div>
          </div>
        </div>
      </footer>
    </div>
    <script type="text/javascript">
		(function () {
			var c = document.body.className;
			c = c.replace(/woocommerce-no-js/, 'woocommerce-js');
			document.body.className = c;
		})();
	</script>
    <script id="astra-theme-js-js-extra">
var astra = {"break_point":"921","isRtl":""};
</script>
    <script id="astra-theme-js-js" src="https://askomdch.com/wp-content/themes/astra/assets/js/minified/frontend.min.js?ver=3.7.5"/>
    <script id="astra-mobile-cart-js" src="https://askomdch.com/wp-content/themes/astra/assets/js/minified/mobile-cart.min.js?ver=3.7.5"/>
    <script id="js-cookie-js" src="https://askomdch.com/wp-content/plugins/woocommerce/assets/js/js-cookie/js.cookie.min.js?ver=2.1.4-wc.5.8.0"/>
    <script id="wc-cart-fragments-js-extra">
var wc_cart_fragments_params = {"ajax_url":"\/wp-admin\/admin-ajax.php","wc_ajax_url":"\/?wc-ajax=%%endpoint%%","cart_hash_key":"wc_cart_hash_ce7302d8a5b087b54dd768c76987f650","fragment_name":"wc_fragments_ce7302d8a5b087b54dd768c76987f650","request_timeout":"5000"};
</script>
    <script id="wc-cart-fragments-js" src="https://askomdch.com/wp-content/plugins/woocommerce/assets/js/frontend/cart-fragments.min.js?ver=5.8.0"/>
    <script id="rocket-browser-checker-js-after">
"use strict";var _createClass=function(){function defineProperties(target,props){for(var i=0;i&lt;props.length;i++){var descriptor=props[i];descriptor.enumerable=descriptor.enumerable||!1,descriptor.configurable=!0,"value"in descriptor&amp;&amp;(descriptor.writable=!0),Object.defineProperty(target,descriptor.key,descriptor)}}return function(Constructor,protoProps,staticProps){return protoProps&amp;&amp;defineProperties(Constructor.prototype,protoProps),staticProps&amp;&amp;defineProperties(Constructor,staticProps),Constructor}}();function _classCallCheck(instance,Constructor){if(!(instance instanceof Constructor))throw new TypeError("Cannot call a class as a function")}var RocketBrowserCompatibilityChecker=function(){function RocketBrowserCompatibilityChecker(options){_classCallCheck(this,RocketBrowserCompatibilityChecker),this.passiveSupported=!1,this._checkPassiveOption(this),this.options=!!this.passiveSupported&amp;&amp;options}return _createClass(RocketBrowserCompatibilityChecker,[{key:"_checkPassiveOption",value:function(self){try{var options={get passive(){return!(self.passiveSupported=!0)}};window.addEventListener("test",null,options),window.removeEventListener("test",null,options)}catch(err){self.passiveSupported=!1}}},{key:"initRequestIdleCallback",value:function(){!1 in window&amp;&amp;(window.requestIdleCallback=function(cb){var start=Date.now();return setTimeout(function(){cb({didTimeout:!1,timeRemaining:function(){return Math.max(0,50-(Date.now()-start))}})},1)}),!1 in window&amp;&amp;(window.cancelIdleCallback=function(id){return clearTimeout(id)})}},{key:"isDataSaverModeOn",value:function(){return"connection"in navigator&amp;&amp;!0===navigator.connection.saveData}},{key:"supportsLinkPrefetch",value:function(){var elem=document.createElement("link");return elem.relList&amp;&amp;elem.relList.supports&amp;&amp;elem.relList.supports("prefetch")&amp;&amp;window.IntersectionObserver&amp;&amp;"isIntersecting"in IntersectionObserverEntry.prototype}},{key:"isSlowConnection",value:function(){return"connection"in navigator&amp;&amp;"effectiveType"in navigator.connection&amp;&amp;("2g"===navigator.connection.effectiveType||"slow-2g"===navigator.connection.effectiveType)}}]),RocketBrowserCompatibilityChecker}();
</script>
    <script id="rocket-preload-links-js-extra">
var RocketPreloadLinksConfig = {"excludeUris":"\/(.+\/)?feed\/?.+\/?|\/(?:.+\/)?embed\/|\/checkout\/|\/cart\/|\/account\/|\/wc-api\/v(.*)|\/(index\\.php\/)?wp\\-json(\/.*|$)|\/wp-admin\/|\/logout\/|\/wp-login.php","usesTrailingSlash":"1","imageExt":"jpg|jpeg|gif|png|tiff|bmp|webp|avif","fileExt":"jpg|jpeg|gif|png|tiff|bmp|webp|avif|php|pdf|html|htm","siteUrl":"https:\/\/askomdch.com","onHoverDelay":"100","rateThrottle":"3"};
</script>
    <script id="rocket-preload-links-js-after">
(function() {
"use strict";var r="function"==typeof Symbol&amp;&amp;"symbol"==typeof Symbol.iterator?function(e){return typeof e}:function(e){return e&amp;&amp;"function"==typeof Symbol&amp;&amp;e.constructor===Symbol&amp;&amp;e!==Symbol.prototype?"symbol":typeof e},e=function(){function i(e,t){for(var n=0;n&lt;t.length;n++){var i=t[n];i.enumerable=i.enumerable||!1,i.configurable=!0,"value"in i&amp;&amp;(i.writable=!0),Object.defineProperty(e,i.key,i)}}return function(e,t,n){return t&amp;&amp;i(e.prototype,t),n&amp;&amp;i(e,n),e}}();function i(e,t){if(!(e instanceof t))throw new TypeError("Cannot call a class as a function")}var t=function(){function n(e,t){i(this,n),this.browser=e,this.config=t,this.options=this.browser.options,this.prefetched=new Set,this.eventTime=null,this.threshold=1111,this.numOnHover=0}return e(n,[{key:"init",value:function(){!this.browser.supportsLinkPrefetch()||this.browser.isDataSaverModeOn()||this.browser.isSlowConnection()||(this.regex={excludeUris:RegExp(this.config.excludeUris,"i"),images:RegExp(".("+this.config.imageExt+")$","i"),fileExt:RegExp(".("+this.config.fileExt+")$","i")},this._initListeners(this))}},{key:"_initListeners",value:function(e){-1&lt;this.config.onHoverDelay&amp;&amp;document.addEventListener("mouseover",e.listener.bind(e),e.listenerOptions),document.addEventListener("mousedown",e.listener.bind(e),e.listenerOptions),document.addEventListener("touchstart",e.listener.bind(e),e.listenerOptions)}},{key:"listener",value:function(e){var t=e.target.closest("a"),n=this._prepareUrl(t);if(null!==n)switch(e.type){case"mousedown":case"touchstart":this._addPrefetchLink(n);break;case"mouseover":this._earlyPrefetch(t,n,"mouseout")}}},{key:"_earlyPrefetch",value:function(t,e,n){var i=this,r=setTimeout(function(){if(r=null,0===i.numOnHover)setTimeout(function(){return i.numOnHover=0},1e3);else if(i.numOnHover&gt;i.config.rateThrottle)return;i.numOnHover++,i._addPrefetchLink(e)},this.config.onHoverDelay);t.addEventListener(n,function e(){t.removeEventListener(n,e,{passive:!0}),null!==r&amp;&amp;(clearTimeout(r),r=null)},{passive:!0})}},{key:"_addPrefetchLink",value:function(i){return this.prefetched.add(i.href),new Promise(function(e,t){var n=document.createElement("link");n.rel="prefetch",n.href=i.href,n.onload=e,n.onerror=t,document.head.appendChild(n)}).catch(function(){})}},{key:"_prepareUrl",value:function(e){if(null===e||"object"!==(void 0===e?"undefined":r(e))||!1 in e||-1===["http:","https:"].indexOf(e.protocol))return null;var t=e.href.substring(0,this.config.siteUrl.length),n=this._getPathname(e.href,t),i={original:e.href,protocol:e.protocol,origin:t,pathname:n,href:t+n};return this._isLinkOk(i)?i:null}},{key:"_getPathname",value:function(e,t){var n=t?e.substring(this.config.siteUrl.length):e;return n.startsWith("/")||(n="/"+n),this._shouldAddTrailingSlash(n)?n+"/":n}},{key:"_shouldAddTrailingSlash",value:function(e){return this.config.usesTrailingSlash&amp;&amp;!e.endsWith("/")&amp;&amp;!this.regex.fileExt.test(e)}},{key:"_isLinkOk",value:function(e){return null!==e&amp;&amp;"object"===(void 0===e?"undefined":r(e))&amp;&amp;(!this.prefetched.has(e.href)&amp;&amp;e.origin===this.config.siteUrl&amp;&amp;-1===e.href.indexOf("?")&amp;&amp;-1===e.href.indexOf("#")&amp;&amp;!this.regex.excludeUris.test(e.href)&amp;&amp;!this.regex.images.test(e.href))}}],[{key:"run",value:function(){"undefined"!=typeof RocketPreloadLinksConfig&amp;&amp;new n(new RocketBrowserCompatibilityChecker({capture:!0,passive:!0}),RocketPreloadLinksConfig).init()}}]),n}();t.run();
}());
</script>
    <script>
			/(trident|msie)/i.test(navigator.userAgent)&amp;&amp;document.getElementById&amp;&amp;window.addEventListener&amp;&amp;window.addEventListener("hashchange",function(){var t,e=location.hash.substring(1);/^[A-z0-9_-]+$/.test(e)&amp;&amp;(t=document.getElementById(e))&amp;&amp;(/^(?:a|select|input|button|textarea)$/i.test(t.tagName)||(t.tabIndex=-1),t.focus())},!1);
			</script>
  </body>
</html>
Current Thread: 44
Driver: FirefoxDriver: firefox on WINDOWS (6e6fba52-8692-4b2a-ab51-dd1b4d55f3d6)
<html lang="en-US">
  <head>
    <meta charset="UTF-8"/>
    <meta name="viewport" content="width=device-width, initial-scale=1"/>
    <link rel="profile" href="https://gmpg.org/xfn/11"/>
    <title>Account – AskOmDch</title>
    <meta name="robots" content="max-image-preview:large, noindex, follow"/>
    <link id="astra-theme-css-css" rel="stylesheet" href="https://askomdch.com/wp-content/themes/astra/assets/css/minified/frontend.min.css?ver=3.7.5" media="all"/>
    <style id="astra-theme-css-inline-css">
html{font-size:93.75%;}a,.page-title{color:#4e4e4e;}a:hover,a:focus{color:#0084d6;}body,button,input,select,textarea,.ast-button,.ast-custom-button{font-family:'Lato',sans-serif;font-weight:400;font-size:15px;font-size:1rem;}blockquote{color:#000000;}h1,.entry-content h1,.entry-content h1 a,h2,.entry-content h2,.entry-content h2 a,h3,.entry-content h3,.entry-content h3 a,h4,.entry-content h4,.entry-content h4 a,h5,.entry-content h5,.entry-content h5 a,h6,.entry-content h6,.entry-content h6 a,.site-title,.site-title a{font-family:'Lato',sans-serif;font-weight:700;}.site-title{font-size:35px;font-size:2.3333333333333rem;display:block;}header .custom-logo-link img{max-width:140px;}.astra-logo-svg{width:140px;}.ast-archive-description .ast-archive-title{font-size:40px;font-size:2.6666666666667rem;}.site-header .site-description{font-size:15px;font-size:1rem;display:none;}.entry-title{font-size:30px;font-size:2rem;}h1,.entry-content h1,.entry-content h1 a{font-size:58px;font-size:3.8666666666667rem;font-family:'Lato',sans-serif;}h2,.entry-content h2,.entry-content h2 a{font-size:42px;font-size:2.8rem;font-family:'Lato',sans-serif;}h3,.entry-content h3,.entry-content h3 a{font-size:30px;font-size:2rem;font-family:'Lato',sans-serif;}h4,.entry-content h4,.entry-content h4 a{font-size:20px;font-size:1.3333333333333rem;font-family:'Lato',sans-serif;}h5,.entry-content h5,.entry-content h5 a{font-size:18px;font-size:1.2rem;font-family:'Lato',sans-serif;}h6,.entry-content h6,.entry-content h6 a{font-size:15px;font-size:1rem;font-family:'Lato',sans-serif;}.ast-single-post .entry-title,.page-title{font-size:30px;font-size:2rem;}::selection{background-color:#54595f;color:#ffffff;}body,h1,.entry-title a,.entry-content h1,.entry-content h1 a,h2,.entry-content h2,.entry-content h2 a,h3,.entry-content h3,.entry-content h3 a,h4,.entry-content h4,.entry-content h4 a,h5,.entry-content h5,.entry-content h5 a,h6,.entry-content h6,.entry-content h6 a{color:#333333;}.tagcloud a:hover,.tagcloud a:focus,.tagcloud a.current-item{color:#ffffff;border-color:#4e4e4e;background-color:#4e4e4e;}input:focus,input[type="text"]:focus,input[type="email"]:focus,input[type="url"]:focus,input[type="password"]:focus,input[type="reset"]:focus,input[type="search"]:focus,textarea:focus{border-color:#4e4e4e;}input[type="radio"]:checked,input[type=reset],input[type="checkbox"]:checked,input[type="checkbox"]:hover:checked,input[type="checkbox"]:focus:checked,input[type=range]::-webkit-slider-thumb{border-color:#4e4e4e;background-color:#4e4e4e;box-shadow:none;}.site-footer a:hover + .post-count,.site-footer a:focus + .post-count{background:#4e4e4e;border-color:#4e4e4e;}.single .nav-links .nav-previous,.single .nav-links .nav-next{color:#4e4e4e;}.entry-meta,.entry-meta *{line-height:1.45;color:#4e4e4e;}.entry-meta a:hover,.entry-meta a:hover *,.entry-meta a:focus,.entry-meta a:focus *,.page-links &gt; .page-link,.page-links .page-link:hover,.post-navigation a:hover{color:#0084d6;}#cat option,.secondary .calendar_wrap thead a,.secondary .calendar_wrap thead a:visited{color:#4e4e4e;}.secondary .calendar_wrap #today,.ast-progress-val span{background:#4e4e4e;}.secondary a:hover + .post-count,.secondary a:focus + .post-count{background:#4e4e4e;border-color:#4e4e4e;}.calendar_wrap #today &gt; a{color:#ffffff;}.page-links .page-link,.single .post-navigation a{color:#4e4e4e;}.widget-title{font-size:21px;font-size:1.4rem;color:#333333;}@media (max-width:921px){#ast-desktop-header{display:none;}}@media (min-width:921px){#ast-mobile-header{display:none;}}.ast-site-header-cart .cart-container,.ast-edd-site-header-cart .ast-edd-cart-container {transition: all 0.2s linear;}.ast-site-header-cart .ast-woo-header-cart-info-wrap,.ast-edd-site-header-cart .ast-edd-header-cart-info-wrap {padding: 0 2px;font-weight: 600;line-height: 2.7;display: inline-block;}.ast-site-header-cart i.astra-icon {font-size: 20px;font-size: 1.3em;font-style: normal;font-weight: normal;position: relative;padding: 0 2px;}.ast-site-header-cart i.astra-icon.no-cart-total:after,.ast-header-break-point.ast-header-custom-item-outside .ast-edd-header-cart-info-wrap,.ast-header-break-point.ast-header-custom-item-outside .ast-woo-header-cart-info-wrap {display: none;}.ast-site-header-cart.ast-menu-cart-fill i.astra-icon,.ast-edd-site-header-cart.ast-edd-menu-cart-fill span.astra-icon {font-size: 1.1em;}.astra-cart-drawer {position: fixed;display: block;visibility: hidden;overflow: auto;-webkit-overflow-scrolling: touch;z-index: 9999;background-color: #fff;transition: all 0.5s ease;transform: translate3d(0,0,0);}.astra-cart-drawer.open-right {width: 80%;height: 100%;left: 100%;top: 0px;transform: translate3d(0%,0,0);}.astra-cart-drawer.active {transform: translate3d(-100%,0,0);visibility: visible;}.astra-cart-drawer .astra-cart-drawer-header {text-align: center;text-transform: uppercase;font-weight: 400;border-bottom: 1px solid #f0f0f0;padding: 0 0 0.675rem;}.astra-cart-drawer .astra-cart-drawer-close .ast-close-svg {width: 22px;height: 22px; }.astra-cart-drawer .astra-cart-drawer-title {padding-top: 5px;}.astra-cart-drawer .astra-cart-drawer-content .woocommerce-mini-cart {padding: 1em 1.5em;}.astra-cart-drawer .astra-cart-drawer-content .woocommerce-mini-cart a.remove {width: 20px;height: 20px;line-height: 16px;}.astra-cart-drawer .astra-cart-drawer-content .woocommerce-mini-cart__total {padding: 1em 1.5em;margin: 0;text-align: center;}.astra-cart-drawer .astra-cart-drawer-content .woocommerce-mini-cart__buttons {padding: 10px;text-align: center;} .astra-cart-drawer .astra-cart-drawer-content .woocommerce-mini-cart__buttons .button.checkout {margin-right: 0;}.astra-cart-drawer .astra-cart-drawer-content .edd-cart-item {padding: .5em 2.6em .5em 1.5em;}.astra-cart-drawer .astra-cart-drawer-content .edd-cart-item .edd-remove-from-cart::after {width: 20px;height: 20px;line-height: 16px;}.astra-cart-drawer .astra-cart-drawer-content .edd-cart-number-of-items {padding: 1em 1.5em 1em 1.5em;margin-bottom: 0;text-align: center;}.astra-cart-drawer .astra-cart-drawer-content .edd_total {padding: .5em 1.5em;margin: 0;text-align: center;}.astra-cart-drawer .astra-cart-drawer-content .cart_item.edd_checkout {padding: 1em 1.5em 0;text-align: center;margin-top: 0;}.astra-cart-drawer .woocommerce-mini-cart__empty-message,.astra-cart-drawer .cart_item.empty {text-align: center;margin-top: 10px;}body.admin-bar .astra-cart-drawer {padding-top: 32px;}body.admin-bar .astra-cart-drawer .astra-cart-drawer-close {top: 32px;}@media (max-width: 782px) {body.admin-bar .astra-cart-drawer {padding-top: 46px;}body.admin-bar .astra-cart-drawer .astra-cart-drawer-close {top: 46px;}}.ast-mobile-cart-active body.ast-hfb-header {overflow: hidden;}.ast-mobile-cart-active .astra-mobile-cart-overlay {opacity: 1;cursor: pointer;visibility: visible;z-index: 999;}@media (max-width: 545px) {.astra-cart-drawer.active {width: 100%;}}.ast-site-header-cart i.astra-icon:after {content: attr(data-cart-total);position: absolute;font-style: normal;top: -10px;right: -12px;font-weight: bold;box-shadow: 1px 1px 3px 0px rgba(0,0,0,0.3);font-size: 11px;padding-left: 0px;padding-right: 2px;line-height: 17px;letter-spacing: -.5px;height: 18px;min-width: 18px;border-radius: 99px;text-align: center;z-index: 3;}li.woocommerce-custom-menu-item .ast-site-header-cart i.astra-icon:after,li.edd-custom-menu-item .ast-edd-site-header-cart span.astra-icon:after {padding-left: 2px;}.astra-cart-drawer .astra-cart-drawer-close {position: absolute;top: 0;right: 0;margin: 0;padding: .6em 1em .4em;color: #ababab;background-color: transparent;}.astra-mobile-cart-overlay {background-color: rgba(0,0,0,0.4);position: fixed;top: 0;right: 0;bottom: 0;left: 0;visibility: hidden;opacity: 0;transition: opacity 0.2s ease-in-out;}.astra-cart-drawer .astra-cart-drawer-content .edd-cart-item .edd-remove-from-cart {right: 1.2em;}.ast-header-break-point.ast-woocommerce-cart-menu.ast-hfb-header .ast-cart-menu-wrap,.ast-header-break-point.ast-hfb-header .ast-cart-menu-wrap,.ast-header-break-point .ast-edd-site-header-cart-wrap .ast-edd-cart-menu-wrap {width: 2em;height: 2em;font-size: 1.4em;line-height: 2;vertical-align: middle;text-align: right;}.ast-site-header-cart.ast-menu-cart-outline .ast-cart-menu-wrap,.ast-site-header-cart.ast-menu-cart-fill .ast-cart-menu-wrap,.ast-edd-site-header-cart.ast-edd-menu-cart-outline .ast-edd-cart-menu-wrap,.ast-edd-site-header-cart.ast-edd-menu-cart-fill .ast-edd-cart-menu-wrap {line-height: 1.8;}.ast-site-header-cart .cart-container *,.ast-edd-site-header-cart .ast-edd-cart-container * {transition: all 0s linear;}.wp-block-buttons.aligncenter{justify-content:center;}@media (min-width:1200px){.wp-block-group .has-background{padding:20px;}}@media (min-width:1200px){.ast-no-sidebar.ast-separate-container .entry-content .wp-block-group.alignwide,.ast-no-sidebar.ast-separate-container .entry-content .wp-block-cover.alignwide{margin-left:-20px;margin-right:-20px;padding-left:20px;padding-right:20px;}.ast-no-sidebar.ast-separate-container .entry-content .wp-block-cover.alignfull,.ast-no-sidebar.ast-separate-container .entry-content .wp-block-group.alignfull{margin-left:-6.67em;margin-right:-6.67em;padding-left:6.67em;padding-right:6.67em;}}@media (min-width:1200px){.wp-block-cover-image.alignwide .wp-block-cover__inner-container,.wp-block-cover.alignwide .wp-block-cover__inner-container,.wp-block-cover-image.alignfull .wp-block-cover__inner-container,.wp-block-cover.alignfull .wp-block-cover__inner-container{width:100%;}}.ast-plain-container.ast-no-sidebar #primary{margin-top:0;margin-bottom:0;}@media (max-width:921px){.ast-theme-transparent-header #primary,.ast-theme-transparent-header #secondary{padding:0;}}.wp-block-columns{margin-bottom:unset;}.wp-block-image.size-full{margin:2rem 0;}.wp-block-separator.has-background{padding:0;}.wp-block-gallery{margin-bottom:1.6em;}.wp-block-group{padding-top:4em;padding-bottom:4em;}.wp-block-group__inner-container .wp-block-columns:last-child,.wp-block-group__inner-container :last-child,.wp-block-table table{margin-bottom:0;}.blocks-gallery-grid{width:100%;}.wp-block-navigation-link__content{padding:5px 0;}.wp-block-group .wp-block-group .has-text-align-center,.wp-block-group .wp-block-column .has-text-align-center{max-width:100%;}.has-text-align-center{margin:0 auto;}@media (min-width:1200px){.wp-block-cover__inner-container,.alignwide .wp-block-group__inner-container,.alignfull .wp-block-group__inner-container{max-width:1200px;margin:0 auto;}.wp-block-group.alignnone,.wp-block-group.aligncenter,.wp-block-group.alignleft,.wp-block-group.alignright,.wp-block-group.alignwide,.wp-block-columns.alignwide{margin:2rem 0 1rem 0;}}@media (max-width:1200px){.wp-block-group{padding:3em;}.wp-block-group .wp-block-group{padding:1.5em;}.wp-block-columns,.wp-block-column{margin:1rem 0;}}@media (min-width:921px){.wp-block-columns .wp-block-group{padding:2em;}}@media (max-width:544px){.wp-block-cover-image .wp-block-cover__inner-container,.wp-block-cover .wp-block-cover__inner-container{width:unset;}.wp-block-cover,.wp-block-cover-image{padding:2em 0;}.wp-block-group,.wp-block-cover{padding:2em;}.wp-block-media-text__media img,.wp-block-media-text__media video{width:unset;max-width:100%;}.wp-block-media-text.has-background .wp-block-media-text__content{padding:1em;}}@media (max-width:921px){.ast-plain-container.ast-no-sidebar #primary{padding:0;}}@media (min-width:544px){.entry-content .wp-block-media-text.has-media-on-the-right .wp-block-media-text__content{padding:0 8% 0 0;}.entry-content .wp-block-media-text .wp-block-media-text__content{padding:0 0 0 8%;}.ast-plain-container .site-content .entry-content .has-custom-content-position.is-position-bottom-left &gt; *,.ast-plain-container .site-content .entry-content .has-custom-content-position.is-position-bottom-right &gt; *,.ast-plain-container .site-content .entry-content .has-custom-content-position.is-position-top-left &gt; *,.ast-plain-container .site-content .entry-content .has-custom-content-position.is-position-top-right &gt; *,.ast-plain-container .site-content .entry-content .has-custom-content-position.is-position-center-right &gt; *,.ast-plain-container .site-content .entry-content .has-custom-content-position.is-position-center-left &gt; *{margin:0;}}@media (max-width:544px){.entry-content .wp-block-media-text .wp-block-media-text__content{padding:8% 0;}.wp-block-media-text .wp-block-media-text__media img{width:auto;max-width:100%;}}@media (max-width:921px){.ast-separate-container .ast-article-post,.ast-separate-container .ast-article-single{padding:1.5em 2.14em;}.ast-separate-container #primary,.ast-separate-container #secondary{padding:1.5em 0;}#primary,#secondary{padding:1.5em 0;margin:0;}.ast-left-sidebar #content &gt; .ast-container{display:flex;flex-direction:column-reverse;width:100%;}.ast-author-box img.avatar{margin:20px 0 0 0;}}@media (min-width:922px){.ast-separate-container.ast-right-sidebar #primary,.ast-separate-container.ast-left-sidebar #primary{border:0;}.search-no-results.ast-separate-container #primary{margin-bottom:4em;}}.elementor-button-wrapper .elementor-button{border-style:solid;text-decoration:none;border-top-width:0;border-right-width:0;border-left-width:0;border-bottom-width:0;}body .elementor-button.elementor-size-sm,body .elementor-button.elementor-size-xs,body .elementor-button.elementor-size-md,body .elementor-button.elementor-size-lg,body .elementor-button.elementor-size-xl,body .elementor-button{border-radius:0;padding-top:17px;padding-right:30px;padding-bottom:17px;padding-left:30px;}.elementor-button-wrapper .elementor-button{border-color:#3197d6;background-color:#3197d6;}.elementor-button-wrapper .elementor-button:hover,.elementor-button-wrapper .elementor-button:focus{color:#ffffff;background-color:#0084d6;border-color:#0084d6;}.wp-block-button .wp-block-button__link ,.elementor-button-wrapper .elementor-button,.elementor-button-wrapper .elementor-button:visited{color:#ffffff;}.elementor-button-wrapper .elementor-button{font-family:inherit;font-weight:inherit;line-height:1;text-transform:uppercase;letter-spacing:1px;}body .elementor-button.elementor-size-sm,body .elementor-button.elementor-size-xs,body .elementor-button.elementor-size-md,body .elementor-button.elementor-size-lg,body .elementor-button.elementor-size-xl,body .elementor-button{font-size:15px;font-size:1rem;}.wp-block-button .wp-block-button__link:hover,.wp-block-button .wp-block-button__link:focus{color:#ffffff;background-color:#0084d6;border-color:#0084d6;}.wp-block-button .wp-block-button__link{border-style:solid;border-top-width:0;border-right-width:0;border-left-width:0;border-bottom-width:0;border-color:#3197d6;background-color:#3197d6;color:#ffffff;font-family:inherit;font-weight:inherit;line-height:1;text-transform:uppercase;letter-spacing:1px;font-size:15px;font-size:1rem;border-radius:0;}.wp-block-buttons .wp-block-button .wp-block-button__link{padding-top:17px;padding-right:30px;padding-bottom:17px;padding-left:30px;}.menu-toggle,button,.ast-button,.ast-custom-button,.button,input#submit,input[type="button"],input[type="submit"],input[type="reset"]{border-style:solid;border-top-width:0;border-right-width:0;border-left-width:0;border-bottom-width:0;color:#ffffff;border-color:#3197d6;background-color:#3197d6;border-radius:0;padding-top:17px;padding-right:30px;padding-bottom:17px;padding-left:30px;font-family:inherit;font-weight:inherit;font-size:15px;font-size:1rem;line-height:1;text-transform:uppercase;letter-spacing:1px;}button:focus,.menu-toggle:hover,button:hover,.ast-button:hover,.ast-custom-button:hover .button:hover,.ast-custom-button:hover ,input[type=reset]:hover,input[type=reset]:focus,input#submit:hover,input#submit:focus,input[type="button"]:hover,input[type="button"]:focus,input[type="submit"]:hover,input[type="submit"]:focus{color:#ffffff;background-color:#0084d6;border-color:#0084d6;}@media (min-width:544px){.ast-container{max-width:100%;}}@media (max-width:544px){.ast-separate-container .ast-article-post,.ast-separate-container .ast-article-single,.ast-separate-container .comments-title,.ast-separate-container .ast-archive-description{padding:1.5em 1em;}.ast-separate-container #content .ast-container{padding-left:0.54em;padding-right:0.54em;}.ast-separate-container .ast-comment-list li.depth-1{padding:1.5em 1em;margin-bottom:1.5em;}.ast-separate-container .ast-comment-list .bypostauthor{padding:.5em;}.ast-search-menu-icon.ast-dropdown-active .search-field{width:170px;}}@media (max-width:921px){.ast-mobile-header-stack .main-header-bar .ast-search-menu-icon{display:inline-block;}.ast-header-break-point.ast-header-custom-item-outside .ast-mobile-header-stack .main-header-bar .ast-search-icon{margin:0;}.ast-comment-avatar-wrap img{max-width:2.5em;}.ast-separate-container .ast-comment-list li.depth-1{padding:1.5em 2.14em;}.ast-separate-container .comment-respond{padding:2em 2.14em;}.ast-comment-meta{padding:0 1.8888em 1.3333em;}}body,.ast-separate-container{background-color:#f9f9f9;;}.ast-no-sidebar.ast-separate-container .entry-content .alignfull {margin-left: -6.67em;margin-right: -6.67em;width: auto;}@media (max-width: 1200px) {.ast-no-sidebar.ast-separate-container .entry-content .alignfull {margin-left: -2.4em;margin-right: -2.4em;}}@media (max-width: 768px) {.ast-no-sidebar.ast-separate-container .entry-content .alignfull {margin-left: -2.14em;margin-right: -2.14em;}}@media (max-width: 544px) {.ast-no-sidebar.ast-separate-container .entry-content .alignfull {margin-left: -1em;margin-right: -1em;}}.ast-no-sidebar.ast-separate-container .entry-content .alignwide {margin-left: -20px;margin-right: -20px;}.ast-no-sidebar.ast-separate-container .entry-content .wp-block-column .alignfull,.ast-no-sidebar.ast-separate-container .entry-content .wp-block-column .alignwide {margin-left: auto;margin-right: auto;width: 100%;}@media (max-width:921px){.site-title{display:block;}.ast-archive-description .ast-archive-title{font-size:40px;}.site-header .site-description{display:none;}.entry-title{font-size:30px;}h1,.entry-content h1,.entry-content h1 a{font-size:30px;}h2,.entry-content h2,.entry-content h2 a{font-size:25px;}h3,.entry-content h3,.entry-content h3 a{font-size:20px;}.ast-single-post .entry-title,.page-title{font-size:30px;}.astra-logo-svg{width:120px;}header .custom-logo-link img,.ast-header-break-point .site-logo-img .custom-mobile-logo-link img{max-width:120px;}}@media (max-width:544px){.site-title{display:block;}.ast-archive-description .ast-archive-title{font-size:40px;}.site-header .site-description{display:none;}.entry-title{font-size:30px;}h1,.entry-content h1,.entry-content h1 a{font-size:30px;}h2,.entry-content h2,.entry-content h2 a{font-size:25px;}h3,.entry-content h3,.entry-content h3 a{font-size:20px;}.ast-single-post .entry-title,.page-title{font-size:30px;}header .custom-logo-link img,.ast-header-break-point .site-branding img,.ast-header-break-point .custom-logo-link img{max-width:120px;}.astra-logo-svg{width:120px;}.ast-header-break-point .site-logo-img .custom-mobile-logo-link img{max-width:120px;}}@media (max-width:921px){html{font-size:85.5%;}}@media (max-width:544px){html{font-size:85.5%;}}@media (min-width:922px){.ast-container{max-width:1240px;}}@font-face {font-family: "Astra";src: url(https://askomdch.com/wp-content/themes/astra/assets/fonts/astra.woff) format("woff"),url(https://askomdch.com/wp-content/themes/astra/assets/fonts/astra.ttf) format("truetype"),url(https://askomdch.com/wp-content/themes/astra/assets/fonts/astra.svg#astra) format("svg");font-weight: normal;font-style: normal;font-display: fallback;}@media (min-width:922px){.main-header-menu .sub-menu .menu-item.ast-left-align-sub-menu:hover &gt; .sub-menu,.main-header-menu .sub-menu .menu-item.ast-left-align-sub-menu.focus &gt; .sub-menu{margin-left:-2px;}}.ast-theme-transparent-header [data-section="section-header-mobile-trigger"] .ast-button-wrap .ast-mobile-menu-trigger-minimal{background:transparent;}.footer-widget-area[data-section^="section-fb-html-"] .ast-builder-html-element{text-align:center;}.astra-icon-down_arrow::after {content: "\e900";font-family: Astra;}.astra-icon-close::after {content: "\e5cd";font-family: Astra;}.astra-icon-drag_handle::after {content: "\e25d";font-family: Astra;}.astra-icon-format_align_justify::after {content: "\e235";font-family: Astra;}.astra-icon-menu::after {content: "\e5d2";font-family: Astra;}.astra-icon-reorder::after {content: "\e8fe";font-family: Astra;}.astra-icon-search::after {content: "\e8b6";font-family: Astra;}.astra-icon-zoom_in::after {content: "\e56b";font-family: Astra;}.astra-icon-check-circle::after {content: "\e901";font-family: Astra;}.astra-icon-shopping-cart::after {content: "\f07a";font-family: Astra;}.astra-icon-shopping-bag::after {content: "\f290";font-family: Astra;}.astra-icon-shopping-basket::after {content: "\f291";font-family: Astra;}.astra-icon-circle-o::after {content: "\e903";font-family: Astra;}.astra-icon-certificate::after {content: "\e902";font-family: Astra;}blockquote {padding: 1.2em;}.ast-header-break-point .ast-mobile-header-wrap .ast-above-header-wrap .main-header-bar-navigation .inline-on-mobile .menu-item .menu-link,.ast-header-break-point .ast-mobile-header-wrap .ast-main-header-wrap .main-header-bar-navigation .inline-on-mobile .menu-item .menu-link,.ast-header-break-point .ast-mobile-header-wrap .ast-below-header-wrap .main-header-bar-navigation .inline-on-mobile .menu-item .menu-link {border: none;}.ast-header-break-point .ast-mobile-header-wrap .ast-above-header-wrap .main-header-bar-navigation .inline-on-mobile .menu-item-has-children &gt; .ast-menu-toggle::before,.ast-header-break-point .ast-mobile-header-wrap .ast-main-header-wrap .main-header-bar-navigation .inline-on-mobile .menu-item-has-children &gt; .ast-menu-toggle::before,.ast-header-break-point .ast-mobile-header-wrap .ast-below-header-wrap .main-header-bar-navigation .inline-on-mobile .menu-item-has-children &gt; .ast-menu-toggle::before {font-size: .6rem;}.ast-header-break-point .ast-mobile-header-wrap .ast-flex.inline-on-mobile {flex-wrap: unset;}.ast-header-break-point .ast-mobile-header-wrap .ast-flex.inline-on-mobile .menu-item.ast-submenu-expanded &gt; .sub-menu .menu-link {padding: .1em 1em;}.ast-header-break-point .ast-mobile-header-wrap .ast-flex.inline-on-mobile .menu-item.ast-submenu-expanded &gt; .sub-menu &gt; .menu-item .ast-menu-toggle::before {transform: rotate(-90deg);}.ast-header-break-point .ast-mobile-header-wrap .ast-flex.inline-on-mobile .menu-item.ast-submenu-expanded &gt; .sub-menu &gt; .menu-item.ast-submenu-expanded .ast-menu-toggle::before {transform: rotate(-270deg);}.ast-header-break-point .ast-mobile-header-wrap .ast-flex.inline-on-mobile .menu-item &gt; .sub-menu &gt; .menu-item .menu-link:before {content: none;}.ast-header-break-point .ast-mobile-header-wrap .ast-flex.inline-on-mobile {flex-wrap: unset;}.ast-header-break-point .ast-mobile-header-wrap .ast-flex.inline-on-mobile .menu-item.ast-submenu-expanded &gt; .sub-menu .menu-link {padding: .1em 1em;}.ast-header-break-point .ast-mobile-header-wrap .ast-flex.inline-on-mobile .menu-item.ast-submenu-expanded &gt; .sub-menu &gt; .menu-item .ast-menu-toggle::before {transform: rotate(-90deg);}.ast-header-break-point .ast-mobile-header-wrap .ast-flex.inline-on-mobile .menu-item.ast-submenu-expanded &gt; .sub-menu &gt; .menu-item.ast-submenu-expanded .ast-menu-toggle::before {transform: rotate(-270deg);}.ast-header-break-point .ast-mobile-header-wrap .ast-flex.inline-on-mobile .menu-item &gt; .sub-menu &gt; .menu-item .menu-link:before {content: none;}.ast-header-break-point .inline-on-mobile .sub-menu {width: 150px;}.ast-header-break-point .ast-mobile-header-wrap .ast-flex.inline-on-mobile .menu-item.menu-item-has-children {margin-right: 10px;}.ast-header-break-point .ast-mobile-header-wrap .ast-flex.inline-on-mobile .menu-item.ast-submenu-expanded &gt; .sub-menu {display: block;position: absolute;right: auto;left: 0;}.ast-header-break-point .ast-mobile-header-wrap .ast-flex.inline-on-mobile .menu-item.ast-submenu-expanded &gt; .sub-menu .menu-item .ast-menu-toggle {padding: 0;right: 1em;}.ast-header-break-point .ast-mobile-header-wrap .ast-flex.inline-on-mobile .menu-item.ast-submenu-expanded &gt; .sub-menu &gt; .menu-item &gt; .sub-menu {left: 100%;right: auto;}.ast-header-break-point .ast-mobile-header-wrap .ast-flex.inline-on-mobile .ast-menu-toggle {right: -15px;}.ast-header-break-point .ast-mobile-header-wrap .ast-flex.inline-on-mobile .menu-item.menu-item-has-children {margin-right: 10px;}.ast-header-break-point .ast-mobile-header-wrap .ast-flex.inline-on-mobile .menu-item.ast-submenu-expanded &gt; .sub-menu {display: block;position: absolute;right: auto;left: 0;}.ast-header-break-point .ast-mobile-header-wrap .ast-flex.inline-on-mobile .menu-item.ast-submenu-expanded &gt; .sub-menu &gt; .menu-item &gt; .sub-menu {left: 100%;right: auto;}.ast-header-break-point .ast-mobile-header-wrap .ast-flex.inline-on-mobile .ast-menu-toggle {right: -15px;}:root .has-ast-global-color-0-color{color:var(--ast-global-color-0);}:root .has-ast-global-color-0-background-color{background-color:var(--ast-global-color-0);}:root .wp-block-button .has-ast-global-color-0-color{color:var(--ast-global-color-0);}:root .wp-block-button .has-ast-global-color-0-background-color{background-color:var(--ast-global-color-0);}:root .has-ast-global-color-1-color{color:var(--ast-global-color-1);}:root .has-ast-global-color-1-background-color{background-color:var(--ast-global-color-1);}:root .wp-block-button .has-ast-global-color-1-color{color:var(--ast-global-color-1);}:root .wp-block-button .has-ast-global-color-1-background-color{background-color:var(--ast-global-color-1);}:root .has-ast-global-color-2-color{color:var(--ast-global-color-2);}:root .has-ast-global-color-2-background-color{background-color:var(--ast-global-color-2);}:root .wp-block-button .has-ast-global-color-2-color{color:var(--ast-global-color-2);}:root .wp-block-button .has-ast-global-color-2-background-color{background-color:var(--ast-global-color-2);}:root .has-ast-global-color-3-color{color:var(--ast-global-color-3);}:root .has-ast-global-color-3-background-color{background-color:var(--ast-global-color-3);}:root .wp-block-button .has-ast-global-color-3-color{color:var(--ast-global-color-3);}:root .wp-block-button .has-ast-global-color-3-background-color{background-color:var(--ast-global-color-3);}:root .has-ast-global-color-4-color{color:var(--ast-global-color-4);}:root .has-ast-global-color-4-background-color{background-color:var(--ast-global-color-4);}:root .wp-block-button .has-ast-global-color-4-color{color:var(--ast-global-color-4);}:root .wp-block-button .has-ast-global-color-4-background-color{background-color:var(--ast-global-color-4);}:root .has-ast-global-color-5-color{color:var(--ast-global-color-5);}:root .has-ast-global-color-5-background-color{background-color:var(--ast-global-color-5);}:root .wp-block-button .has-ast-global-color-5-color{color:var(--ast-global-color-5);}:root .wp-block-button .has-ast-global-color-5-background-color{background-color:var(--ast-global-color-5);}:root .has-ast-global-color-6-color{color:var(--ast-global-color-6);}:root .has-ast-global-color-6-background-color{background-color:var(--ast-global-color-6);}:root .wp-block-button .has-ast-global-color-6-color{color:var(--ast-global-color-6);}:root .wp-block-button .has-ast-global-color-6-background-color{background-color:var(--ast-global-color-6);}:root .has-ast-global-color-7-color{color:var(--ast-global-color-7);}:root .has-ast-global-color-7-background-color{background-color:var(--ast-global-color-7);}:root .wp-block-button .has-ast-global-color-7-color{color:var(--ast-global-color-7);}:root .wp-block-button .has-ast-global-color-7-background-color{background-color:var(--ast-global-color-7);}:root .has-ast-global-color-8-color{color:var(--ast-global-color-8);}:root .has-ast-global-color-8-background-color{background-color:var(--ast-global-color-8);}:root .wp-block-button .has-ast-global-color-8-color{color:var(--ast-global-color-8);}:root .wp-block-button .has-ast-global-color-8-background-color{background-color:var(--ast-global-color-8);}:root{--ast-global-color-0:#0170B9;--ast-global-color-1:#3a3a3a;--ast-global-color-2:#3a3a3a;--ast-global-color-3:#4B4F58;--ast-global-color-4:#F5F5F5;--ast-global-color-5:#FFFFFF;--ast-global-color-6:#F2F5F7;--ast-global-color-7:#424242;--ast-global-color-8:#000000;}.ast-theme-transparent-header #masthead .site-logo-img .transparent-custom-logo .astra-logo-svg{width:140px;}.ast-theme-transparent-header #masthead .site-logo-img .transparent-custom-logo img{ max-width:140px;}@media (min-width:921px){.ast-theme-transparent-header #masthead{position:absolute;left:0;right:0;}.ast-theme-transparent-header .main-header-bar,.ast-theme-transparent-header.ast-header-break-point .main-header-bar{background:none;}body.elementor-editor-active.ast-theme-transparent-header #masthead,.fl-builder-edit .ast-theme-transparent-header #masthead,body.vc_editor.ast-theme-transparent-header #masthead,body.brz-ed.ast-theme-transparent-header #masthead{z-index:0;}.ast-header-break-point.ast-replace-site-logo-transparent.ast-theme-transparent-header .custom-mobile-logo-link{display:none;}.ast-header-break-point.ast-replace-site-logo-transparent.ast-theme-transparent-header .transparent-custom-logo{display:inline-block;}.ast-theme-transparent-header .ast-above-header,.ast-theme-transparent-header .ast-above-header.ast-above-header-bar{background-image:none;background-color:transparent;}.ast-theme-transparent-header .ast-below-header{background-image:none;background-color:transparent;}}@media (min-width:922px){.ast-theme-transparent-header .main-header-bar,.ast-theme-transparent-header.ast-header-break-point .main-header-bar-wrap .main-header-menu,.ast-theme-transparent-header.ast-header-break-point .main-header-bar-wrap .main-header-bar,.ast-theme-transparent-header.ast-header-break-point .ast-mobile-header-wrap .main-header-bar{background-color:rgba(0,0,0,0.07);}.ast-theme-transparent-header .main-header-bar .ast-search-menu-icon form{background-color:rgba(0,0,0,0.07);}.ast-theme-transparent-header .ast-above-header,.ast-theme-transparent-header .ast-above-header.ast-above-header-bar,.ast-theme-transparent-header .ast-below-header,.ast-header-break-point.ast-theme-transparent-header .ast-above-header,.ast-header-break-point.ast-theme-transparent-header .ast-below-header{background-color:rgba(0,0,0,0.07);}.ast-theme-transparent-header .site-title a,.ast-theme-transparent-header .site-title a:focus,.ast-theme-transparent-header .site-title a:hover,.ast-theme-transparent-header .site-title a:visited{color:#ffffff;}.ast-theme-transparent-header .site-header .site-description{color:#ffffff;}.ast-theme-transparent-header .ast-builder-menu .main-header-menu .menu-item .sub-menu .menu-item .menu-link,.ast-theme-transparent-header .ast-builder-menu .main-header-menu .menu-item .sub-menu .menu-item &gt; .ast-menu-toggle,.ast-theme-transparent-header .main-header-menu .menu-item .sub-menu .menu-link,.ast-header-break-point.ast-flyout-menu-enable.ast-header-break-point .main-header-bar-navigation .main-header-menu .menu-item .sub-menu .menu-link{color:#333333;}.ast-theme-transparent-header .ast-builder-menu .main-header-menu .menu-item .sub-menu .menu-link:hover,.ast-theme-transparent-header .ast-builder-menu .main-header-menu .menu-item .sub-menu .menu-item:hover &gt; .menu-link,.ast-theme-transparent-header .ast-builder-menu .main-header-menu .menu-item .sub-menu .menu-item.focus &gt; .menu-item,.ast-theme-transparent-header .ast-builder-menu .main-header-menu .menu-item .sub-menu .menu-item.current-menu-item &gt; .menu-link,.ast-theme-transparent-header .ast-builder-menu .main-header-menu .menu-item .sub-menu .menu-item.current-menu-item &gt; .ast-menu-toggle,.ast-theme-transparent-header .ast-builder-menu .main-header-menu .menu-item .sub-menu .menu-item:hover &gt; .ast-menu-toggle,.ast-theme-transparent-header .ast-builder-menu .main-header-menu .menu-item .sub-menu .menu-item.focus &gt; .ast-menu-toggle,.ast-theme-transparent-header .main-header-menu .menu-item .sub-menu .menu-item:hover &gt; .menu-link,.ast-header-break-point.ast-flyout-menu-enable.ast-header-break-point .main-header-bar-navigation .main-header-menu .menu-item .sub-menu .menu-link{color:#000000;}.ast-theme-transparent-header .ast-builder-menu .main-header-menu,.ast-theme-transparent-header .ast-builder-menu .main-header-menu .menu-link,.ast-theme-transparent-header [CLASS*="ast-builder-menu-"] .main-header-menu .menu-item &gt; .menu-link,.ast-theme-transparent-header .ast-masthead-custom-menu-items,.ast-theme-transparent-header .ast-masthead-custom-menu-items a,.ast-theme-transparent-header .ast-builder-menu .main-header-menu .menu-item &gt; .ast-menu-toggle,.ast-theme-transparent-header .ast-builder-menu .main-header-menu .menu-item &gt; .ast-menu-toggle,.ast-theme-transparent-header .ast-above-header-navigation a,.ast-header-break-point.ast-theme-transparent-header .ast-above-header-navigation a,.ast-header-break-point.ast-theme-transparent-header .ast-above-header-navigation &gt; ul.ast-above-header-menu &gt; .menu-item-has-children:not(.current-menu-item) &gt; .ast-menu-toggle,.ast-theme-transparent-header .ast-below-header-menu,.ast-theme-transparent-header .ast-below-header-menu a,.ast-header-break-point.ast-theme-transparent-header .ast-below-header-menu a,.ast-header-break-point.ast-theme-transparent-header .ast-below-header-menu,.ast-theme-transparent-header .main-header-menu .menu-link{color:#cecece;}.ast-theme-transparent-header .ast-builder-menu .main-header-menu .menu-item:hover &gt; .menu-link,.ast-theme-transparent-header .ast-builder-menu .main-header-menu .menu-item:hover &gt; .ast-menu-toggle,.ast-theme-transparent-header .ast-builder-menu .main-header-menu .ast-masthead-custom-menu-items a:hover,.ast-theme-transparent-header .ast-builder-menu .main-header-menu .focus &gt; .menu-link,.ast-theme-transparent-header .ast-builder-menu .main-header-menu .focus &gt; .ast-menu-toggle,.ast-theme-transparent-header .ast-builder-menu .main-header-menu .current-menu-item &gt; .menu-link,.ast-theme-transparent-header .ast-builder-menu .main-header-menu .current-menu-ancestor &gt; .menu-link,.ast-theme-transparent-header .ast-builder-menu .main-header-menu .current-menu-item &gt; .ast-menu-toggle,.ast-theme-transparent-header .ast-builder-menu .main-header-menu .current-menu-ancestor &gt; .ast-menu-toggle,.ast-theme-transparent-header [CLASS*="ast-builder-menu-"] .main-header-menu .current-menu-item &gt; .menu-link,.ast-theme-transparent-header [CLASS*="ast-builder-menu-"] .main-header-menu .current-menu-ancestor &gt; .menu-link,.ast-theme-transparent-header [CLASS*="ast-builder-menu-"] .main-header-menu .current-menu-item &gt; .ast-menu-toggle,.ast-theme-transparent-header [CLASS*="ast-builder-menu-"] .main-header-menu .current-menu-ancestor &gt; .ast-menu-toggle,.ast-theme-transparent-header .main-header-menu .menu-item:hover &gt; .menu-link,.ast-theme-transparent-header .main-header-menu .current-menu-item &gt; .menu-link,.ast-theme-transparent-header .main-header-menu .current-menu-ancestor &gt; .menu-link{color:#ffffff;}.ast-theme-transparent-header div.ast-masthead-custom-menu-items,.ast-theme-transparent-header div.ast-masthead-custom-menu-items .widget,.ast-theme-transparent-header div.ast-masthead-custom-menu-items .widget-title,.ast-theme-transparent-header .site-header-section [CLASS*="ast-header-html-"] .ast-builder-html-element{color:#000000;}.ast-theme-transparent-header div.ast-masthead-custom-menu-items a,.ast-theme-transparent-header div.ast-masthead-custom-menu-items .widget a,.ast-theme-transparent-header .site-header-section [CLASS*="ast-header-html-"] .ast-builder-html-element a{color:#cecece;}.ast-theme-transparent-header div.ast-masthead-custom-menu-items a:hover,.ast-theme-transparent-header div.ast-masthead-custom-menu-items .widget a:hover,.ast-theme-transparent-header .site-header-section [CLASS*="ast-header-html-"] .ast-builder-html-element a:hover{color:#ffffff;}}@media (max-width:921px){.transparent-custom-logo{display:none;}}@media (min-width:921px){.ast-transparent-mobile-logo{display:none;}}@media (max-width:921px){.ast-transparent-mobile-logo{display:block;}}@media (min-width:921px){.ast-theme-transparent-header #ast-desktop-header &gt; [CLASS*="-header-wrap"]:nth-last-child(2) &gt; [CLASS*="-header-bar"]{border-bottom-width:0;border-bottom-style:solid;border-bottom-color:rgba(0,0,0,0);}}.ast-breadcrumbs .trail-browse,.ast-breadcrumbs .trail-items,.ast-breadcrumbs .trail-items li{display:inline-block;margin:0;padding:0;border:none;background:inherit;text-indent:0;}.ast-breadcrumbs .trail-browse{font-size:inherit;font-style:inherit;font-weight:inherit;color:inherit;}.ast-breadcrumbs .trail-items{list-style:none;}.trail-items li::after{padding:0 0.3em;content:"\00bb";}.trail-items li:last-of-type::after{display:none;}h1,.entry-content h1,h2,.entry-content h2,h3,.entry-content h3,h4,.entry-content h4,h5,.entry-content h5,h6,.entry-content h6{color:var(--ast-global-color-2);}@media (max-width:921px){.ast-builder-grid-row-container.ast-builder-grid-row-tablet-3-firstrow .ast-builder-grid-row &gt; *:first-child,.ast-builder-grid-row-container.ast-builder-grid-row-tablet-3-lastrow .ast-builder-grid-row &gt; *:last-child{grid-column:1 / -1;}}@media (max-width:544px){.ast-builder-grid-row-container.ast-builder-grid-row-mobile-3-firstrow .ast-builder-grid-row &gt; *:first-child,.ast-builder-grid-row-container.ast-builder-grid-row-mobile-3-lastrow .ast-builder-grid-row &gt; *:last-child{grid-column:1 / -1;}}.ast-builder-layout-element[data-section="title_tagline"]{display:flex;}@media (max-width:921px){.ast-header-break-point .ast-builder-layout-element[data-section="title_tagline"]{display:flex;}}@media (max-width:544px){.ast-header-break-point .ast-builder-layout-element[data-section="title_tagline"]{display:flex;}}.ast-builder-menu-1{font-family:inherit;font-weight:normal;}.ast-builder-menu-1 .menu-item.current-menu-item &gt; .menu-link,.ast-builder-menu-1 .inline-on-mobile .menu-item.current-menu-item &gt; .ast-menu-toggle,.ast-builder-menu-1 .current-menu-ancestor &gt; .menu-link{color:#602bb7;}.ast-builder-menu-1 .menu-item.current-menu-item &gt; .ast-menu-toggle{color:#602bb7;}.ast-builder-menu-1 .sub-menu,.ast-builder-menu-1 .inline-on-mobile .sub-menu{border-top-width:1px;border-bottom-width:1px;border-right-width:1px;border-left-width:1px;border-color:#dddddd;border-style:solid;border-radius:0;}.ast-builder-menu-1 .main-header-menu &gt; .menu-item &gt; .sub-menu,.ast-builder-menu-1 .main-header-menu &gt; .menu-item &gt; .astra-full-megamenu-wrapper{margin-top:0;}.ast-desktop .ast-builder-menu-1 .main-header-menu &gt; .menu-item &gt; .sub-menu:before,.ast-desktop .ast-builder-menu-1 .main-header-menu &gt; .menu-item &gt; .astra-full-megamenu-wrapper:before{height:calc( 0px + 5px );}.ast-desktop .ast-builder-menu-1 .menu-item .sub-menu .menu-link{border-bottom-width:1px;border-color:#eaeaea;border-style:solid;}.ast-desktop .ast-builder-menu-1 .menu-item .sub-menu .menu-item:last-child .menu-link{border-bottom-width:0;}@media (max-width:921px){.ast-header-break-point .ast-builder-menu-1 .menu-item.menu-item-has-children &gt; .ast-menu-toggle{top:0;}.ast-builder-menu-1 .menu-item-has-children &gt; .menu-link:after{content:unset;}}@media (max-width:544px){.ast-header-break-point .ast-builder-menu-1 .menu-item.menu-item-has-children &gt; .ast-menu-toggle{top:0;}}.ast-builder-menu-1{display:flex;}@media (max-width:921px){.ast-header-break-point .ast-builder-menu-1{display:flex;}}@media (max-width:544px){.ast-header-break-point .ast-builder-menu-1{display:flex;}}.ast-site-header-cart .ast-cart-menu-wrap,.ast-site-header-cart .ast-addon-cart-wrap{color:#d2d2d2;}.ast-site-header-cart .ast-cart-menu-wrap .count,.ast-site-header-cart .ast-cart-menu-wrap .count:after,.ast-site-header-cart .ast-addon-cart-wrap .count,.ast-site-header-cart .ast-addon-cart-wrap .ast-icon-shopping-cart:after{color:#d2d2d2;border-color:#d2d2d2;}.ast-site-header-cart .ast-addon-cart-wrap .ast-icon-shopping-cart:after{color:#ffffff;background-color:#d2d2d2;}.ast-site-header-cart .ast-woo-header-cart-info-wrap{color:#d2d2d2;}.ast-site-header-cart .ast-addon-cart-wrap i.astra-icon:after{color:#ffffff;background-color:#d2d2d2;}.ast-theme-transparent-header .ast-site-header-cart .ast-cart-menu-wrap,.ast-theme-transparent-header .ast-site-header-cart .ast-addon-cart-wrap{color:#d2d2d2;}.ast-theme-transparent-header .ast-site-header-cart .ast-cart-menu-wrap .count,.ast-theme-transparent-header .ast-site-header-cart .ast-cart-menu-wrap .count:after,.ast-theme-transparent-header .ast-site-header-cart .ast-addon-cart-wrap .count,.ast-theme-transparent-header .ast-site-header-cart .ast-addon-cart-wrap .ast-icon-shopping-cart:after{color:#d2d2d2;border-color:#d2d2d2;}.ast-theme-transparent-header .ast-site-header-cart .ast-addon-cart-wrap .ast-icon-shopping-cart:after{color:#ffffff;background-color:#d2d2d2;}.ast-theme-transparent-header .ast-site-header-cart .ast-woo-header-cart-info-wrap{color:#d2d2d2;}.ast-theme-transparent-header .ast-site-header-cart .ast-addon-cart-wrap i.astra-icon:after{color:#ffffff;background-color:#d2d2d2;}#ast-site-header-cart .widget_shopping_cart .mini_cart_item{border-bottom-color:rgb(0,0,0);}@media (max-width:921px){#astra-mobile-cart-drawer .widget_shopping_cart .mini_cart_item{border-bottom-color:rgb(0,0,0);}}@media (max-width:544px){#astra-mobile-cart-drawer .widget_shopping_cart .mini_cart_item{border-bottom-color:rgb(0,0,0);}}.ast-site-header-cart .ast-cart-menu-wrap,.ast-site-header-cart .ast-addon-cart-wrap{color:#d2d2d2;}.ast-site-header-cart .ast-cart-menu-wrap:hover .count,.ast-site-header-cart .ast-addon-cart-wrap:hover .count{color:#000000;background-color:#d2d2d2;}.ast-menu-cart-outline .ast-cart-menu-wrap .count,.ast-menu-cart-outline .ast-addon-cart-wrap{color:#d2d2d2;}.ast-site-header-cart .ast-menu-cart-outline .ast-woo-header-cart-info-wrap{color:#d2d2d2;}.ast-menu-cart-fill .ast-cart-menu-wrap .count,.ast-menu-cart-fill .ast-cart-menu-wrap,.ast-menu-cart-fill .ast-addon-cart-wrap .ast-woo-header-cart-info-wrap,.ast-menu-cart-fill .ast-addon-cart-wrap{background-color:#d2d2d2;color:#000000;}.ast-theme-transparent-header .ast-site-header-cart .ast-cart-menu-wrap,.ast-theme-transparent-header .ast-site-header-cart .ast-addon-cart-wrap{color:#d2d2d2;}.ast-theme-transparent-header .ast-site-header-cart .ast-cart-menu-wrap:hover .count,.ast-theme-transparent-header .ast-site-header-cart .ast-addon-cart-wrap:hover .count{color:#000000;background-color:#d2d2d2;}.ast-theme-transparent-header .ast-menu-cart-outline .ast-cart-menu-wrap .count,.ast-theme-transparent-header .ast-menu-cart-outline .ast-addon-cart-wrap{color:#d2d2d2;}.ast-theme-transparent-header .ast-site-header-cart .ast-menu-cart-outline .ast-woo-header-cart-info-wrap{color:#d2d2d2;}.ast-theme-transparent-header .ast-menu-cart-fill .ast-cart-menu-wrap .count,.ast-theme-transparent-header .ast-menu-cart-fill .ast-cart-menu-wrap,.ast-theme-transparent-header .ast-menu-cart-fill .ast-addon-cart-wrap .ast-woo-header-cart-info-wrap,.ast-theme-transparent-header .ast-menu-cart-fill .ast-addon-cart-wrap{background-color:#d2d2d2;color:#000000;}.ast-site-header-cart.ast-menu-cart-outline .ast-cart-menu-wrap,.ast-site-header-cart.ast-menu-cart-fill .ast-cart-menu-wrap,.ast-site-header-cart.ast-menu-cart-outline .ast-cart-menu-wrap .count,.ast-site-header-cart.ast-menu-cart-fill .ast-cart-menu-wrap .count,.ast-site-header-cart.ast-menu-cart-outline .ast-addon-cart-wrap,.ast-site-header-cart.ast-menu-cart-fill .ast-addon-cart-wrap,.ast-site-header-cart.ast-menu-cart-outline .ast-woo-header-cart-info-wrap,.ast-site-header-cart.ast-menu-cart-fill .ast-woo-header-cart-info-wrap{border-radius:3px;}.ast-header-woo-cart{display:flex;}@media (max-width:921px){.ast-header-break-point .ast-header-woo-cart{display:flex;}}@media (max-width:544px){.ast-header-break-point .ast-header-woo-cart{display:none;}}.site-below-footer-wrap{padding-top:20px;padding-bottom:20px;}.site-below-footer-wrap[data-section="section-below-footer-builder"]{background-color:#ffffff;;background-image:none;;min-height:80px;border-style:solid;border-width:0px;border-top-width:1px;border-top-color:rgba(122,122,122,0.13);}.site-below-footer-wrap[data-section="section-below-footer-builder"] .ast-builder-grid-row{max-width:1200px;margin-left:auto;margin-right:auto;}.site-below-footer-wrap[data-section="section-below-footer-builder"] .ast-builder-grid-row,.site-below-footer-wrap[data-section="section-below-footer-builder"] .site-footer-section{align-items:flex-start;}.site-below-footer-wrap[data-section="section-below-footer-builder"].ast-footer-row-inline .site-footer-section{display:flex;margin-bottom:0;}.ast-builder-grid-row-2-equal .ast-builder-grid-row{grid-template-columns:repeat( 2,1fr );}@media (max-width:921px){.site-below-footer-wrap[data-section="section-below-footer-builder"].ast-footer-row-tablet-inline .site-footer-section{display:flex;margin-bottom:0;}.site-below-footer-wrap[data-section="section-below-footer-builder"].ast-footer-row-tablet-stack .site-footer-section{display:block;margin-bottom:10px;}.ast-builder-grid-row-container.ast-builder-grid-row-tablet-2-equal .ast-builder-grid-row{grid-template-columns:repeat( 2,1fr );}}@media (max-width:544px){.site-below-footer-wrap[data-section="section-below-footer-builder"].ast-footer-row-mobile-inline .site-footer-section{display:flex;margin-bottom:0;}.site-below-footer-wrap[data-section="section-below-footer-builder"].ast-footer-row-mobile-stack .site-footer-section{display:block;margin-bottom:10px;}.ast-builder-grid-row-container.ast-builder-grid-row-mobile-full .ast-builder-grid-row{grid-template-columns:1fr;}}@media (max-width:921px){.site-below-footer-wrap[data-section="section-below-footer-builder"]{padding-left:30px;padding-right:30px;}}.site-below-footer-wrap[data-section="section-below-footer-builder"]{display:grid;}@media (max-width:921px){.ast-header-break-point .site-below-footer-wrap[data-section="section-below-footer-builder"]{display:grid;}}@media (max-width:544px){.ast-header-break-point .site-below-footer-wrap[data-section="section-below-footer-builder"]{display:grid;}}.ast-builder-html-element img.alignnone{display:inline-block;}.ast-builder-html-element p:first-child{margin-top:0;}.ast-builder-html-element p:last-child{margin-bottom:0;}.ast-header-break-point .main-header-bar .ast-builder-html-element{line-height:1.85714285714286;}.footer-widget-area[data-section="section-fb-html-1"]{display:block;}@media (max-width:921px){.ast-header-break-point .footer-widget-area[data-section="section-fb-html-1"]{display:block;}}@media (max-width:544px){.ast-header-break-point .footer-widget-area[data-section="section-fb-html-1"]{display:block;}}.footer-widget-area[data-section="section-fb-html-1"] .ast-builder-html-element{text-align:right;}@media (max-width:921px){.footer-widget-area[data-section="section-fb-html-1"] .ast-builder-html-element{text-align:right;}}@media (max-width:544px){.footer-widget-area[data-section="section-fb-html-1"] .ast-builder-html-element{text-align:center;}}.ast-footer-copyright{text-align:left;}.ast-footer-copyright {color:#000000;}@media (max-width:921px){.ast-footer-copyright{text-align:left;}}@media (max-width:544px){.ast-footer-copyright{text-align:center;}}.ast-footer-copyright.ast-builder-layout-element{display:flex;}@media (max-width:921px){.ast-header-break-point .ast-footer-copyright.ast-builder-layout-element{display:flex;}}@media (max-width:544px){.ast-header-break-point .ast-footer-copyright.ast-builder-layout-element{display:flex;}}.site-footer{background-color:#ffffff;;background-image:none;;}.site-primary-footer-wrap{padding-top:45px;padding-bottom:45px;}.site-primary-footer-wrap[data-section="section-primary-footer-builder"]{background-color:#ffffff;;background-image:none;;}.site-primary-footer-wrap[data-section="section-primary-footer-builder"] .ast-builder-grid-row{grid-column-gap:200px;max-width:1200px;margin-left:auto;margin-right:auto;}.site-primary-footer-wrap[data-section="section-primary-footer-builder"] .ast-builder-grid-row,.site-primary-footer-wrap[data-section="section-primary-footer-builder"] .site-footer-section{align-items:flex-start;}.site-primary-footer-wrap[data-section="section-primary-footer-builder"].ast-footer-row-inline .site-footer-section{display:flex;margin-bottom:0;}.ast-builder-grid-row-4-equal .ast-builder-grid-row{grid-template-columns:repeat( 4,1fr );}@media (max-width:921px){.site-primary-footer-wrap[data-section="section-primary-footer-builder"].ast-footer-row-tablet-inline .site-footer-section{display:flex;margin-bottom:0;}.site-primary-footer-wrap[data-section="section-primary-footer-builder"].ast-footer-row-tablet-stack .site-footer-section{display:block;margin-bottom:10px;}.ast-builder-grid-row-container.ast-builder-grid-row-tablet-4-equal .ast-builder-grid-row{grid-template-columns:repeat( 4,1fr );}}@media (max-width:544px){.site-primary-footer-wrap[data-section="section-primary-footer-builder"].ast-footer-row-mobile-inline .site-footer-section{display:flex;margin-bottom:0;}.site-primary-footer-wrap[data-section="section-primary-footer-builder"].ast-footer-row-mobile-stack .site-footer-section{display:block;margin-bottom:10px;}.ast-builder-grid-row-container.ast-builder-grid-row-mobile-full .ast-builder-grid-row{grid-template-columns:1fr;}}.site-primary-footer-wrap[data-section="section-primary-footer-builder"]{padding-top:55px;padding-bottom:55px;}@media (max-width:921px){.site-primary-footer-wrap[data-section="section-primary-footer-builder"]{padding-left:30px;padding-right:30px;}}@media (max-width:544px){.site-primary-footer-wrap[data-section="section-primary-footer-builder"]{padding-top:40px;padding-bottom:20px;}}.site-primary-footer-wrap[data-section="section-primary-footer-builder"]{display:grid;}@media (max-width:921px){.ast-header-break-point .site-primary-footer-wrap[data-section="section-primary-footer-builder"]{display:grid;}}@media (max-width:544px){.ast-header-break-point .site-primary-footer-wrap[data-section="section-primary-footer-builder"]{display:grid;}}.footer-widget-area[data-section="sidebar-widgets-footer-widget-1"] .footer-widget-area-inner{text-align:left;}@media (max-width:921px){.footer-widget-area[data-section="sidebar-widgets-footer-widget-1"] .footer-widget-area-inner{text-align:left;}}@media (max-width:544px){.footer-widget-area[data-section="sidebar-widgets-footer-widget-1"] .footer-widget-area-inner{text-align:center;}}.footer-widget-area[data-section="sidebar-widgets-footer-widget-1"] .footer-widget-area-inner{color:#434343;}.footer-widget-area[data-section="sidebar-widgets-footer-widget-1"] .footer-widget-area-inner a{color:#434343;}.footer-widget-area[data-section="sidebar-widgets-footer-widget-1"] .footer-widget-area-inner a:hover{color:#3197d6;}.footer-widget-area[data-section="sidebar-widgets-footer-widget-1"] .widget-title{color:#000000;}.footer-widget-area[data-section="sidebar-widgets-footer-widget-1"]{display:block;}@media (max-width:921px){.ast-header-break-point .footer-widget-area[data-section="sidebar-widgets-footer-widget-1"]{display:block;}}@media (max-width:544px){.ast-header-break-point .footer-widget-area[data-section="sidebar-widgets-footer-widget-1"]{display:block;}}.footer-widget-area[data-section="sidebar-widgets-footer-widget-2"] .footer-widget-area-inner{color:#434343;}.footer-widget-area[data-section="sidebar-widgets-footer-widget-2"] .footer-widget-area-inner a{color:#434343;}.footer-widget-area[data-section="sidebar-widgets-footer-widget-2"] .footer-widget-area-inner a:hover{color:#3197d6;}.footer-widget-area[data-section="sidebar-widgets-footer-widget-2"] .widget-title{color:#000000;}.footer-widget-area[data-section="sidebar-widgets-footer-widget-2"]{display:block;}@media (max-width:921px){.ast-header-break-point .footer-widget-area[data-section="sidebar-widgets-footer-widget-2"]{display:block;}}@media (max-width:544px){.ast-header-break-point .footer-widget-area[data-section="sidebar-widgets-footer-widget-2"]{display:block;}}.footer-widget-area[data-section="sidebar-widgets-footer-widget-3"] .footer-widget-area-inner{color:#434343;}.footer-widget-area[data-section="sidebar-widgets-footer-widget-3"] .footer-widget-area-inner a{color:#434343;}.footer-widget-area[data-section="sidebar-widgets-footer-widget-3"] .footer-widget-area-inner a:hover{color:#3197d6;}.footer-widget-area[data-section="sidebar-widgets-footer-widget-3"] .widget-title{color:#000000;}.footer-widget-area[data-section="sidebar-widgets-footer-widget-3"]{display:block;}@media (max-width:921px){.ast-header-break-point .footer-widget-area[data-section="sidebar-widgets-footer-widget-3"]{display:block;}}@media (max-width:544px){.ast-header-break-point .footer-widget-area[data-section="sidebar-widgets-footer-widget-3"]{display:block;}}.footer-widget-area[data-section="sidebar-widgets-footer-widget-4"] .footer-widget-area-inner{color:#434343;}.footer-widget-area[data-section="sidebar-widgets-footer-widget-4"] .footer-widget-area-inner a{color:#434343;}.footer-widget-area[data-section="sidebar-widgets-footer-widget-4"] .footer-widget-area-inner a:hover{color:#3197d6;}.footer-widget-area[data-section="sidebar-widgets-footer-widget-4"] .widget-title{color:#000000;}.footer-widget-area[data-section="sidebar-widgets-footer-widget-4"]{display:block;}@media (max-width:921px){.ast-header-break-point .footer-widget-area[data-section="sidebar-widgets-footer-widget-4"]{display:block;}}@media (max-width:544px){.ast-header-break-point .footer-widget-area[data-section="sidebar-widgets-footer-widget-4"]{display:block;}}.footer-widget-area[data-section="sidebar-widgets-footer-widget-2"] .footer-widget-area-inner{text-align:left;}@media (max-width:921px){.footer-widget-area[data-section="sidebar-widgets-footer-widget-2"] .footer-widget-area-inner{text-align:left;}}@media (max-width:544px){.footer-widget-area[data-section="sidebar-widgets-footer-widget-2"] .footer-widget-area-inner{text-align:center;}}.footer-widget-area[data-section="sidebar-widgets-footer-widget-1"] .footer-widget-area-inner{color:#434343;}.footer-widget-area[data-section="sidebar-widgets-footer-widget-1"] .footer-widget-area-inner a{color:#434343;}.footer-widget-area[data-section="sidebar-widgets-footer-widget-1"] .footer-widget-area-inner a:hover{color:#3197d6;}.footer-widget-area[data-section="sidebar-widgets-footer-widget-1"] .widget-title{color:#000000;}.footer-widget-area[data-section="sidebar-widgets-footer-widget-1"]{display:block;}@media (max-width:921px){.ast-header-break-point .footer-widget-area[data-section="sidebar-widgets-footer-widget-1"]{display:block;}}@media (max-width:544px){.ast-header-break-point .footer-widget-area[data-section="sidebar-widgets-footer-widget-1"]{display:block;}}.footer-widget-area[data-section="sidebar-widgets-footer-widget-2"] .footer-widget-area-inner{color:#434343;}.footer-widget-area[data-section="sidebar-widgets-footer-widget-2"] .footer-widget-area-inner a{color:#434343;}.footer-widget-area[data-section="sidebar-widgets-footer-widget-2"] .footer-widget-area-inner a:hover{color:#3197d6;}.footer-widget-area[data-section="sidebar-widgets-footer-widget-2"] .widget-title{color:#000000;}.footer-widget-area[data-section="sidebar-widgets-footer-widget-2"]{display:block;}@media (max-width:921px){.ast-header-break-point .footer-widget-area[data-section="sidebar-widgets-footer-widget-2"]{display:block;}}@media (max-width:544px){.ast-header-break-point .footer-widget-area[data-section="sidebar-widgets-footer-widget-2"]{display:block;}}.footer-widget-area[data-section="sidebar-widgets-footer-widget-3"] .footer-widget-area-inner{color:#434343;}.footer-widget-area[data-section="sidebar-widgets-footer-widget-3"] .footer-widget-area-inner a{color:#434343;}.footer-widget-area[data-section="sidebar-widgets-footer-widget-3"] .footer-widget-area-inner a:hover{color:#3197d6;}.footer-widget-area[data-section="sidebar-widgets-footer-widget-3"] .widget-title{color:#000000;}.footer-widget-area[data-section="sidebar-widgets-footer-widget-3"]{display:block;}@media (max-width:921px){.ast-header-break-point .footer-widget-area[data-section="sidebar-widgets-footer-widget-3"]{display:block;}}@media (max-width:544px){.ast-header-break-point .footer-widget-area[data-section="sidebar-widgets-footer-widget-3"]{display:block;}}.footer-widget-area[data-section="sidebar-widgets-footer-widget-4"] .footer-widget-area-inner{color:#434343;}.footer-widget-area[data-section="sidebar-widgets-footer-widget-4"] .footer-widget-area-inner a{color:#434343;}.footer-widget-area[data-section="sidebar-widgets-footer-widget-4"] .footer-widget-area-inner a:hover{color:#3197d6;}.footer-widget-area[data-section="sidebar-widgets-footer-widget-4"] .widget-title{color:#000000;}.footer-widget-area[data-section="sidebar-widgets-footer-widget-4"]{display:block;}@media (max-width:921px){.ast-header-break-point .footer-widget-area[data-section="sidebar-widgets-footer-widget-4"]{display:block;}}@media (max-width:544px){.ast-header-break-point .footer-widget-area[data-section="sidebar-widgets-footer-widget-4"]{display:block;}}.footer-widget-area[data-section="sidebar-widgets-footer-widget-3"] .footer-widget-area-inner{text-align:left;}@media (max-width:921px){.footer-widget-area[data-section="sidebar-widgets-footer-widget-3"] .footer-widget-area-inner{text-align:left;}}@media (max-width:544px){.footer-widget-area[data-section="sidebar-widgets-footer-widget-3"] .footer-widget-area-inner{text-align:center;}}.footer-widget-area[data-section="sidebar-widgets-footer-widget-1"] .footer-widget-area-inner{color:#434343;}.footer-widget-area[data-section="sidebar-widgets-footer-widget-1"] .footer-widget-area-inner a{color:#434343;}.footer-widget-area[data-section="sidebar-widgets-footer-widget-1"] .footer-widget-area-inner a:hover{color:#3197d6;}.footer-widget-area[data-section="sidebar-widgets-footer-widget-1"] .widget-title{color:#000000;}.footer-widget-area[data-section="sidebar-widgets-footer-widget-1"]{display:block;}@media (max-width:921px){.ast-header-break-point .footer-widget-area[data-section="sidebar-widgets-footer-widget-1"]{display:block;}}@media (max-width:544px){.ast-header-break-point .footer-widget-area[data-section="sidebar-widgets-footer-widget-1"]{display:block;}}.footer-widget-area[data-section="sidebar-widgets-footer-widget-2"] .footer-widget-area-inner{color:#434343;}.footer-widget-area[data-section="sidebar-widgets-footer-widget-2"] .footer-widget-area-inner a{color:#434343;}.footer-widget-area[data-section="sidebar-widgets-footer-widget-2"] .footer-widget-area-inner a:hover{color:#3197d6;}.footer-widget-area[data-section="sidebar-widgets-footer-widget-2"] .widget-title{color:#000000;}.footer-widget-area[data-section="sidebar-widgets-footer-widget-2"]{display:block;}@media (max-width:921px){.ast-header-break-point .footer-widget-area[data-section="sidebar-widgets-footer-widget-2"]{display:block;}}@media (max-width:544px){.ast-header-break-point .footer-widget-area[data-section="sidebar-widgets-footer-widget-2"]{display:block;}}.footer-widget-area[data-section="sidebar-widgets-footer-widget-3"] .footer-widget-area-inner{color:#434343;}.footer-widget-area[data-section="sidebar-widgets-footer-widget-3"] .footer-widget-area-inner a{color:#434343;}.footer-widget-area[data-section="sidebar-widgets-footer-widget-3"] .footer-widget-area-inner a:hover{color:#3197d6;}.footer-widget-area[data-section="sidebar-widgets-footer-widget-3"] .widget-title{color:#000000;}.footer-widget-area[data-section="sidebar-widgets-footer-widget-3"]{display:block;}@media (max-width:921px){.ast-header-break-point .footer-widget-area[data-section="sidebar-widgets-footer-widget-3"]{display:block;}}@media (max-width:544px){.ast-header-break-point .footer-widget-area[data-section="sidebar-widgets-footer-widget-3"]{display:block;}}.footer-widget-area[data-section="sidebar-widgets-footer-widget-4"] .footer-widget-area-inner{color:#434343;}.footer-widget-area[data-section="sidebar-widgets-footer-widget-4"] .footer-widget-area-inner a{color:#434343;}.footer-widget-area[data-section="sidebar-widgets-footer-widget-4"] .footer-widget-area-inner a:hover{color:#3197d6;}.footer-widget-area[data-section="sidebar-widgets-footer-widget-4"] .widget-title{color:#000000;}.footer-widget-area[data-section="sidebar-widgets-footer-widget-4"]{display:block;}@media (max-width:921px){.ast-header-break-point .footer-widget-area[data-section="sidebar-widgets-footer-widget-4"]{display:block;}}@media (max-width:544px){.ast-header-break-point .footer-widget-area[data-section="sidebar-widgets-footer-widget-4"]{display:block;}}.footer-widget-area[data-section="sidebar-widgets-footer-widget-4"] .footer-widget-area-inner{text-align:left;}@media (max-width:921px){.footer-widget-area[data-section="sidebar-widgets-footer-widget-4"] .footer-widget-area-inner{text-align:left;}}@media (max-width:544px){.footer-widget-area[data-section="sidebar-widgets-footer-widget-4"] .footer-widget-area-inner{text-align:center;}}.footer-widget-area[data-section="sidebar-widgets-footer-widget-1"] .footer-widget-area-inner{color:#434343;}.footer-widget-area[data-section="sidebar-widgets-footer-widget-1"] .footer-widget-area-inner a{color:#434343;}.footer-widget-area[data-section="sidebar-widgets-footer-widget-1"] .footer-widget-area-inner a:hover{color:#3197d6;}.footer-widget-area[data-section="sidebar-widgets-footer-widget-1"] .widget-title{color:#000000;}.footer-widget-area[data-section="sidebar-widgets-footer-widget-1"]{display:block;}@media (max-width:921px){.ast-header-break-point .footer-widget-area[data-section="sidebar-widgets-footer-widget-1"]{display:block;}}@media (max-width:544px){.ast-header-break-point .footer-widget-area[data-section="sidebar-widgets-footer-widget-1"]{display:block;}}.footer-widget-area[data-section="sidebar-widgets-footer-widget-2"] .footer-widget-area-inner{color:#434343;}.footer-widget-area[data-section="sidebar-widgets-footer-widget-2"] .footer-widget-area-inner a{color:#434343;}.footer-widget-area[data-section="sidebar-widgets-footer-widget-2"] .footer-widget-area-inner a:hover{color:#3197d6;}.footer-widget-area[data-section="sidebar-widgets-footer-widget-2"] .widget-title{color:#000000;}.footer-widget-area[data-section="sidebar-widgets-footer-widget-2"]{display:block;}@media (max-width:921px){.ast-header-break-point .footer-widget-area[data-section="sidebar-widgets-footer-widget-2"]{display:block;}}@media (max-width:544px){.ast-header-break-point .footer-widget-area[data-section="sidebar-widgets-footer-widget-2"]{display:block;}}.footer-widget-area[data-section="sidebar-widgets-footer-widget-3"] .footer-widget-area-inner{color:#434343;}.footer-widget-area[data-section="sidebar-widgets-footer-widget-3"] .footer-widget-area-inner a{color:#434343;}.footer-widget-area[data-section="sidebar-widgets-footer-widget-3"] .footer-widget-area-inner a:hover{color:#3197d6;}.footer-widget-area[data-section="sidebar-widgets-footer-widget-3"] .widget-title{color:#000000;}.footer-widget-area[data-section="sidebar-widgets-footer-widget-3"]{display:block;}@media (max-width:921px){.ast-header-break-point .footer-widget-area[data-section="sidebar-widgets-footer-widget-3"]{display:block;}}@media (max-width:544px){.ast-header-break-point .footer-widget-area[data-section="sidebar-widgets-footer-widget-3"]{display:block;}}.footer-widget-area[data-section="sidebar-widgets-footer-widget-4"] .footer-widget-area-inner{color:#434343;}.footer-widget-area[data-section="sidebar-widgets-footer-widget-4"] .footer-widget-area-inner a{color:#434343;}.footer-widget-area[data-section="sidebar-widgets-footer-widget-4"] .footer-widget-area-inner a:hover{color:#3197d6;}.footer-widget-area[data-section="sidebar-widgets-footer-widget-4"] .widget-title{color:#000000;}.footer-widget-area[data-section="sidebar-widgets-footer-widget-4"]{display:block;}@media (max-width:921px){.ast-header-break-point .footer-widget-area[data-section="sidebar-widgets-footer-widget-4"]{display:block;}}@media (max-width:544px){.ast-header-break-point .footer-widget-area[data-section="sidebar-widgets-footer-widget-4"]{display:block;}}.ast-header-break-point .main-header-bar{border-bottom-width:1px;}@media (min-width:922px){.main-header-bar{border-bottom-width:1px;}}.ast-flex{-webkit-align-content:center;-ms-flex-line-pack:center;align-content:center;-webkit-box-align:center;-webkit-align-items:center;-moz-box-align:center;-ms-flex-align:center;align-items:center;}.main-header-bar{padding:1em 0;}.ast-site-identity{padding:0;}.header-main-layout-1 .ast-flex.main-header-container, .header-main-layout-3 .ast-flex.main-header-container{-webkit-align-content:center;-ms-flex-line-pack:center;align-content:center;-webkit-box-align:center;-webkit-align-items:center;-moz-box-align:center;-ms-flex-align:center;align-items:center;}.header-main-layout-1 .ast-flex.main-header-container, .header-main-layout-3 .ast-flex.main-header-container{-webkit-align-content:center;-ms-flex-line-pack:center;align-content:center;-webkit-box-align:center;-webkit-align-items:center;-moz-box-align:center;-ms-flex-align:center;align-items:center;}.main-header-menu .sub-menu .menu-item.menu-item-has-children &gt; .menu-link:after{position:absolute;right:1em;top:50%;transform:translate(0,-50%) rotate(270deg);}.ast-header-break-point .main-header-bar .main-header-bar-navigation .page_item_has_children &gt; .ast-menu-toggle::before, .ast-header-break-point .main-header-bar .main-header-bar-navigation .menu-item-has-children &gt; .ast-menu-toggle::before, .ast-mobile-popup-drawer .main-header-bar-navigation .menu-item-has-children&gt;.ast-menu-toggle::before, .ast-header-break-point .ast-mobile-header-wrap .main-header-bar-navigation .menu-item-has-children &gt; .ast-menu-toggle::before{font-weight:bold;content:"\e900";font-family:Astra;text-decoration:inherit;display:inline-block;}.ast-header-break-point .main-navigation ul.sub-menu .menu-item .menu-link:before{content:"\e900";font-family:Astra;font-size:.65em;text-decoration:inherit;display:inline-block;transform:translate(0, -2px) rotateZ(270deg);margin-right:5px;}.widget_search .search-form:after{font-family:Astra;font-size:1.2em;font-weight:normal;content:"\e8b6";position:absolute;top:50%;right:15px;transform:translate(0, -50%);}.astra-search-icon::before{content:"\e8b6";font-family:Astra;font-style:normal;font-weight:normal;text-decoration:inherit;text-align:center;-webkit-font-smoothing:antialiased;-moz-osx-font-smoothing:grayscale;}.main-header-bar .main-header-bar-navigation .page_item_has_children &gt; a:after, .main-header-bar .main-header-bar-navigation .menu-item-has-children &gt; a:after, .site-header-focus-item .main-header-bar-navigation .menu-item-has-children &gt; .menu-link:after{content:"\e900";display:inline-block;font-family:Astra;font-size:.6rem;font-weight:bold;text-rendering:auto;-webkit-font-smoothing:antialiased;-moz-osx-font-smoothing:grayscale;margin-left:10px;line-height:normal;}.ast-mobile-popup-drawer .main-header-bar-navigation .ast-submenu-expanded&gt;.ast-menu-toggle::before{transform:rotateX(180deg);}.ast-header-break-point .main-header-bar-navigation .menu-item-has-children &gt; .menu-link:after{display:none;}.ast-separate-container .blog-layout-1, .ast-separate-container .blog-layout-2, .ast-separate-container .blog-layout-3{background-color:transparent;background-image:none;}.ast-separate-container .ast-article-post{background-color:#ffffff;;}.ast-separate-container .ast-article-single:not(.ast-related-post), .ast-separate-container .comments-area .comment-respond,.ast-separate-container .comments-area .ast-comment-list li, .ast-separate-container .ast-woocommerce-container, .ast-separate-container .error-404, .ast-separate-container .no-results, .single.ast-separate-container .ast-author-meta, .ast-separate-container .related-posts-title-wrapper, .ast-separate-container.ast-two-container #secondary .widget,.ast-separate-container .comments-count-wrapper, .ast-box-layout.ast-plain-container .site-content,.ast-padded-layout.ast-plain-container .site-content, .ast-separate-container .comments-area .comments-title{background-color:#ffffff;;}.ast-mobile-header-content &gt; *,.ast-desktop-header-content &gt; * {padding: 10px 0;height: auto;}.ast-mobile-header-content &gt; *:first-child,.ast-desktop-header-content &gt; *:first-child {padding-top: 10px;}.ast-mobile-header-content &gt; .ast-builder-menu,.ast-desktop-header-content &gt; .ast-builder-menu {padding-top: 0;}.ast-mobile-header-content &gt; *:last-child,.ast-desktop-header-content &gt; *:last-child {padding-bottom: 0;}.ast-mobile-header-content .ast-search-menu-icon.ast-inline-search label,.ast-desktop-header-content .ast-search-menu-icon.ast-inline-search label {width: 100%;}.ast-desktop-header-content .main-header-bar-navigation .ast-submenu-expanded &gt; .ast-menu-toggle::before {transform: rotateX(180deg);}#ast-desktop-header .ast-desktop-header-content,.ast-mobile-header-content .ast-search-icon,.ast-desktop-header-content .ast-search-icon,.ast-mobile-header-wrap .ast-mobile-header-content,.ast-main-header-nav-open.ast-popup-nav-open .ast-mobile-header-wrap .ast-mobile-header-content,.ast-main-header-nav-open.ast-popup-nav-open .ast-desktop-header-content {display: none;}.ast-main-header-nav-open.ast-header-break-point #ast-desktop-header .ast-desktop-header-content,.ast-main-header-nav-open.ast-header-break-point .ast-mobile-header-wrap .ast-mobile-header-content {display: block;}.ast-desktop .ast-desktop-header-content .astra-menu-animation-slide-up &gt; .menu-item &gt; .sub-menu,.ast-desktop .ast-desktop-header-content .astra-menu-animation-slide-up &gt; .menu-item .menu-item &gt; .sub-menu,.ast-desktop .ast-desktop-header-content .astra-menu-animation-slide-down &gt; .menu-item &gt; .sub-menu,.ast-desktop .ast-desktop-header-content .astra-menu-animation-slide-down &gt; .menu-item .menu-item &gt; .sub-menu,.ast-desktop .ast-desktop-header-content .astra-menu-animation-fade &gt; .menu-item &gt; .sub-menu,.ast-desktop .ast-desktop-header-content .astra-menu-animation-fade &gt; .menu-item .menu-item &gt; .sub-menu {opacity: 1;visibility: visible;}.ast-hfb-header.ast-default-menu-enable.ast-header-break-point .ast-mobile-header-wrap .ast-mobile-header-content .main-header-bar-navigation {width: unset;margin: unset;}.ast-mobile-header-content.content-align-flex-end .main-header-bar-navigation .menu-item-has-children &gt; .ast-menu-toggle,.ast-desktop-header-content.content-align-flex-end .main-header-bar-navigation .menu-item-has-children &gt; .ast-menu-toggle {left: calc( 20px - 0.907em);}.ast-mobile-header-content .ast-search-menu-icon,.ast-mobile-header-content .ast-search-menu-icon.slide-search,.ast-desktop-header-content .ast-search-menu-icon,.ast-desktop-header-content .ast-search-menu-icon.slide-search {width: 100%;position: relative;display: block;right: auto;transform: none;}.ast-mobile-header-content .ast-search-menu-icon.slide-search .search-form,.ast-mobile-header-content .ast-search-menu-icon .search-form,.ast-desktop-header-content .ast-search-menu-icon.slide-search .search-form,.ast-desktop-header-content .ast-search-menu-icon .search-form {right: 0;visibility: visible;opacity: 1;position: relative;top: auto;transform: none;padding: 0;display: block;overflow: hidden;}.ast-mobile-header-content .ast-search-menu-icon.ast-inline-search .search-field,.ast-mobile-header-content .ast-search-menu-icon .search-field,.ast-desktop-header-content .ast-search-menu-icon.ast-inline-search .search-field,.ast-desktop-header-content .ast-search-menu-icon .search-field {width: 100%;padding-right: 5.5em;}.ast-mobile-header-content .ast-search-menu-icon .search-submit,.ast-desktop-header-content .ast-search-menu-icon .search-submit {display: block;position: absolute;height: 100%;top: 0;right: 0;padding: 0 1em;border-radius: 0;}.ast-hfb-header.ast-default-menu-enable.ast-header-break-point .ast-mobile-header-wrap .ast-mobile-header-content .main-header-bar-navigation ul .sub-menu .menu-link {padding-left: 30px;}.ast-hfb-header.ast-default-menu-enable.ast-header-break-point .ast-mobile-header-wrap .ast-mobile-header-content .main-header-bar-navigation .sub-menu .menu-item .menu-item .menu-link {padding-left: 40px;}.ast-mobile-popup-drawer.active .ast-mobile-popup-inner{background-color:#ffffff;;}.ast-mobile-header-wrap .ast-mobile-header-content, .ast-desktop-header-content{background-color:#ffffff;;}.ast-mobile-popup-content &gt; *, .ast-mobile-header-content &gt; *, .ast-desktop-popup-content &gt; *, .ast-desktop-header-content &gt; *{padding-top:0;padding-bottom:0;}.content-align-flex-start .ast-builder-layout-element{justify-content:flex-start;}.content-align-flex-start .main-header-menu{text-align:left;}.ast-mobile-popup-drawer.active .menu-toggle-close{color:#3a3a3a;}.ast-mobile-header-wrap .ast-primary-header-bar,.ast-primary-header-bar .site-primary-header-wrap{min-height:70px;}.ast-desktop .ast-primary-header-bar .main-header-menu &gt; .menu-item{line-height:70px;}.ast-desktop .ast-primary-header-bar .ast-header-woo-cart,.ast-desktop .ast-primary-header-bar .ast-header-edd-cart{line-height:70px;}@media (max-width:921px){#masthead .ast-mobile-header-wrap .ast-primary-header-bar,#masthead .ast-mobile-header-wrap .ast-below-header-bar{padding-left:20px;padding-right:20px;}}.ast-header-break-point .ast-primary-header-bar{border-bottom-width:1px;border-bottom-style:solid;}@media (min-width:922px){.ast-primary-header-bar{border-bottom-width:1px;border-bottom-style:solid;}}.ast-primary-header-bar{background-color:#ffffff;;background-image:none;;}.ast-primary-header-bar{display:block;}@media (max-width:921px){.ast-header-break-point .ast-primary-header-bar{display:grid;}}@media (max-width:544px){.ast-header-break-point .ast-primary-header-bar{display:grid;}}[data-section="section-header-mobile-trigger"] .ast-button-wrap .ast-mobile-menu-trigger-minimal{color:#000000;border:none;background:transparent;}[data-section="section-header-mobile-trigger"] .ast-button-wrap .mobile-menu-toggle-icon .ast-mobile-svg{width:20px;height:20px;fill:#000000;}[data-section="section-header-mobile-trigger"] .ast-button-wrap .mobile-menu-wrap .mobile-menu{color:#000000;}
</style>
    <link id="astra-menu-animation-css" rel="stylesheet" href="https://askomdch.com/wp-content/themes/astra/assets/css/minified/menu-animation.min.css?ver=3.7.5" media="all"/>
    <link id="wp-block-library-css" rel="stylesheet" href="https://askomdch.com/wp-includes/css/dist/block-library/style.min.css?ver=5.8.1" media="all"/>
    <link id="wc-blocks-vendors-style-css" rel="stylesheet" href="https://askomdch.com/wp-content/plugins/woocommerce/packages/woocommerce-blocks/build/wc-blocks-vendors-style.css?ver=5.9.1" media="all"/>
    <link id="wc-blocks-style-css" rel="stylesheet" href="https://askomdch.com/wp-content/plugins/woocommerce/packages/woocommerce-blocks/build/wc-blocks-style.css?ver=5.9.1" media="all"/>
    <style id="global-styles-inline-css">
body{--wp--preset--color--black: #000000;--wp--preset--color--cyan-bluish-gray: #abb8c3;--wp--preset--color--white: #ffffff;--wp--preset--color--pale-pink: #f78da7;--wp--preset--color--vivid-red: #cf2e2e;--wp--preset--color--luminous-vivid-orange: #ff6900;--wp--preset--color--luminous-vivid-amber: #fcb900;--wp--preset--color--light-green-cyan: #7bdcb5;--wp--preset--color--vivid-green-cyan: #00d084;--wp--preset--color--pale-cyan-blue: #8ed1fc;--wp--preset--color--vivid-cyan-blue: #0693e3;--wp--preset--color--vivid-purple: #9b51e0;--wp--preset--color--ast-global-color-0: var(--ast-global-color-0);--wp--preset--color--ast-global-color-1: var(--ast-global-color-1);--wp--preset--color--ast-global-color-2: var(--ast-global-color-2);--wp--preset--color--ast-global-color-3: var(--ast-global-color-3);--wp--preset--color--ast-global-color-4: var(--ast-global-color-4);--wp--preset--color--ast-global-color-5: var(--ast-global-color-5);--wp--preset--color--ast-global-color-6: var(--ast-global-color-6);--wp--preset--color--ast-global-color-7: var(--ast-global-color-7);--wp--preset--color--ast-global-color-8: var(--ast-global-color-8);--wp--preset--gradient--vivid-cyan-blue-to-vivid-purple: linear-gradient(135deg,rgba(6,147,227,1) 0%,rgb(155,81,224) 100%);--wp--preset--gradient--light-green-cyan-to-vivid-green-cyan: linear-gradient(135deg,rgb(122,220,180) 0%,rgb(0,208,130) 100%);--wp--preset--gradient--luminous-vivid-amber-to-luminous-vivid-orange: linear-gradient(135deg,rgba(252,185,0,1) 0%,rgba(255,105,0,1) 100%);--wp--preset--gradient--luminous-vivid-orange-to-vivid-red: linear-gradient(135deg,rgba(255,105,0,1) 0%,rgb(207,46,46) 100%);--wp--preset--gradient--very-light-gray-to-cyan-bluish-gray: linear-gradient(135deg,rgb(238,238,238) 0%,rgb(169,184,195) 100%);--wp--preset--gradient--cool-to-warm-spectrum: linear-gradient(135deg,rgb(74,234,220) 0%,rgb(151,120,209) 20%,rgb(207,42,186) 40%,rgb(238,44,130) 60%,rgb(251,105,98) 80%,rgb(254,248,76) 100%);--wp--preset--gradient--blush-light-purple: linear-gradient(135deg,rgb(255,206,236) 0%,rgb(152,150,240) 100%);--wp--preset--gradient--blush-bordeaux: linear-gradient(135deg,rgb(254,205,165) 0%,rgb(254,45,45) 50%,rgb(107,0,62) 100%);--wp--preset--gradient--luminous-dusk: linear-gradient(135deg,rgb(255,203,112) 0%,rgb(199,81,192) 50%,rgb(65,88,208) 100%);--wp--preset--gradient--pale-ocean: linear-gradient(135deg,rgb(255,245,203) 0%,rgb(182,227,212) 50%,rgb(51,167,181) 100%);--wp--preset--gradient--electric-grass: linear-gradient(135deg,rgb(202,248,128) 0%,rgb(113,206,126) 100%);--wp--preset--gradient--midnight: linear-gradient(135deg,rgb(2,3,129) 0%,rgb(40,116,252) 100%);--wp--preset--font-size--small: 13px;--wp--preset--font-size--normal: 16px;--wp--preset--font-size--medium: 20px;--wp--preset--font-size--large: 36px;--wp--preset--font-size--huge: 42px;}.has-black-color{color: var(--wp--preset--color--black) !important;}.has-cyan-bluish-gray-color{color: var(--wp--preset--color--cyan-bluish-gray) !important;}.has-white-color{color: var(--wp--preset--color--white) !important;}.has-pale-pink-color{color: var(--wp--preset--color--pale-pink) !important;}.has-vivid-red-color{color: var(--wp--preset--color--vivid-red) !important;}.has-luminous-vivid-orange-color{color: var(--wp--preset--color--luminous-vivid-orange) !important;}.has-luminous-vivid-amber-color{color: var(--wp--preset--color--luminous-vivid-amber) !important;}.has-light-green-cyan-color{color: var(--wp--preset--color--light-green-cyan) !important;}.has-vivid-green-cyan-color{color: var(--wp--preset--color--vivid-green-cyan) !important;}.has-pale-cyan-blue-color{color: var(--wp--preset--color--pale-cyan-blue) !important;}.has-vivid-cyan-blue-color{color: var(--wp--preset--color--vivid-cyan-blue) !important;}.has-vivid-purple-color{color: var(--wp--preset--color--vivid-purple) !important;}.has-ast-global-color-0-color{color: var(--wp--preset--color--ast-global-color-0) !important;}.has-ast-global-color-1-color{color: var(--wp--preset--color--ast-global-color-1) !important;}.has-ast-global-color-2-color{color: var(--wp--preset--color--ast-global-color-2) !important;}.has-ast-global-color-3-color{color: var(--wp--preset--color--ast-global-color-3) !important;}.has-ast-global-color-4-color{color: var(--wp--preset--color--ast-global-color-4) !important;}.has-ast-global-color-5-color{color: var(--wp--preset--color--ast-global-color-5) !important;}.has-ast-global-color-6-color{color: var(--wp--preset--color--ast-global-color-6) !important;}.has-ast-global-color-7-color{color: var(--wp--preset--color--ast-global-color-7) !important;}.has-ast-global-color-8-color{color: var(--wp--preset--color--ast-global-color-8) !important;}.has-black-background-color{background-color: var(--wp--preset--color--black) !important;}.has-cyan-bluish-gray-background-color{background-color: var(--wp--preset--color--cyan-bluish-gray) !important;}.has-white-background-color{background-color: var(--wp--preset--color--white) !important;}.has-pale-pink-background-color{background-color: var(--wp--preset--color--pale-pink) !important;}.has-vivid-red-background-color{background-color: var(--wp--preset--color--vivid-red) !important;}.has-luminous-vivid-orange-background-color{background-color: var(--wp--preset--color--luminous-vivid-orange) !important;}.has-luminous-vivid-amber-background-color{background-color: var(--wp--preset--color--luminous-vivid-amber) !important;}.has-light-green-cyan-background-color{background-color: var(--wp--preset--color--light-green-cyan) !important;}.has-vivid-green-cyan-background-color{background-color: var(--wp--preset--color--vivid-green-cyan) !important;}.has-pale-cyan-blue-background-color{background-color: var(--wp--preset--color--pale-cyan-blue) !important;}.has-vivid-cyan-blue-background-color{background-color: var(--wp--preset--color--vivid-cyan-blue) !important;}.has-vivid-purple-background-color{background-color: var(--wp--preset--color--vivid-purple) !important;}.has-ast-global-color-0-background-color{background-color: var(--wp--preset--color--ast-global-color-0) !important;}.has-ast-global-color-1-background-color{background-color: var(--wp--preset--color--ast-global-color-1) !important;}.has-ast-global-color-2-background-color{background-color: var(--wp--preset--color--ast-global-color-2) !important;}.has-ast-global-color-3-background-color{background-color: var(--wp--preset--color--ast-global-color-3) !important;}.has-ast-global-color-4-background-color{background-color: var(--wp--preset--color--ast-global-color-4) !important;}.has-ast-global-color-5-background-color{background-color: var(--wp--preset--color--ast-global-color-5) !important;}.has-ast-global-color-6-background-color{background-color: var(--wp--preset--color--ast-global-color-6) !important;}.has-ast-global-color-7-background-color{background-color: var(--wp--preset--color--ast-global-color-7) !important;}.has-ast-global-color-8-background-color{background-color: var(--wp--preset--color--ast-global-color-8) !important;}.has-vivid-cyan-blue-to-vivid-purple-gradient-background{background: var(--wp--preset--gradient--vivid-cyan-blue-to-vivid-purple) !important;}.has-light-green-cyan-to-vivid-green-cyan-gradient-background{background: var(--wp--preset--gradient--light-green-cyan-to-vivid-green-cyan) !important;}.has-luminous-vivid-amber-to-luminous-vivid-orange-gradient-background{background: var(--wp--preset--gradient--luminous-vivid-amber-to-luminous-vivid-orange) !important;}.has-luminous-vivid-orange-to-vivid-red-gradient-background{background: var(--wp--preset--gradient--luminous-vivid-orange-to-vivid-red) !important;}.has-very-light-gray-to-cyan-bluish-gray-gradient-background{background: var(--wp--preset--gradient--very-light-gray-to-cyan-bluish-gray) !important;}.has-cool-to-warm-spectrum-gradient-background{background: var(--wp--preset--gradient--cool-to-warm-spectrum) !important;}.has-blush-light-purple-gradient-background{background: var(--wp--preset--gradient--blush-light-purple) !important;}.has-blush-bordeaux-gradient-background{background: var(--wp--preset--gradient--blush-bordeaux) !important;}.has-luminous-dusk-gradient-background{background: var(--wp--preset--gradient--luminous-dusk) !important;}.has-pale-ocean-gradient-background{background: var(--wp--preset--gradient--pale-ocean) !important;}.has-electric-grass-gradient-background{background: var(--wp--preset--gradient--electric-grass) !important;}.has-midnight-gradient-background{background: var(--wp--preset--gradient--midnight) !important;}.has-small-font-size{font-size: var(--wp--preset--font-size--small) !important;}.has-normal-font-size{font-size: var(--wp--preset--font-size--normal) !important;}.has-medium-font-size{font-size: var(--wp--preset--font-size--medium) !important;}.has-large-font-size{font-size: var(--wp--preset--font-size--large) !important;}.has-huge-font-size{font-size: var(--wp--preset--font-size--huge) !important;}
</style>
    <link id="woocommerce-layout-css" rel="stylesheet" href="https://askomdch.com/wp-content/themes/astra/assets/css/minified/compatibility/woocommerce/woocommerce-layout.min.css?ver=3.7.5" media="all"/>
    <link id="woocommerce-smallscreen-css" rel="stylesheet" href="https://askomdch.com/wp-content/themes/astra/assets/css/minified/compatibility/woocommerce/woocommerce-smallscreen.min.css?ver=3.7.5" media="only screen and (max-width: 921px)"/>
    <link id="woocommerce-general-css" rel="stylesheet" href="https://askomdch.com/wp-content/themes/astra/assets/css/minified/compatibility/woocommerce/woocommerce.min.css?ver=3.7.5" media="all"/>
    <style id="woocommerce-general-inline-css">
#customer_details h3:not(.elementor-widget-woocommerce-checkout-page h3){font-size:1.2rem;padding:20px 0 14px;margin:0 0 20px;border-bottom:1px solid #ebebeb;}form #order_review_heading:not(.elementor-widget-woocommerce-checkout-page #order_review_heading){border-width:2px 2px 0 2px;border-style:solid;font-size:1.2rem;margin:0;padding:1.5em 1.5em 1em;border-color:#ebebeb;}form #order_review:not(.elementor-widget-woocommerce-checkout-page #order_review){padding:0 2em;border-width:0 2px 2px;border-style:solid;border-color:#ebebeb;}ul#shipping_method li:not(.elementor-widget-woocommerce-cart #shipping_method li){margin:0;padding:0.25em 0 0.25em 22px;text-indent:-22px;list-style:none outside;}.woocommerce span.onsale, .wc-block-grid__product .wc-block-grid__product-onsale{background-color:#54595f;color:#ffffff;}.woocommerce a.button, .woocommerce button.button, .woocommerce .woocommerce-message a.button, .woocommerce #respond input#submit.alt, .woocommerce a.button.alt, .woocommerce button.button.alt, .woocommerce input.button.alt, .woocommerce input.button,.woocommerce input.button:disabled, .woocommerce input.button:disabled[disabled], .woocommerce input.button:disabled:hover, .woocommerce input.button:disabled[disabled]:hover, .woocommerce #respond input#submit, .woocommerce button.button.alt.disabled, .wc-block-grid__products .wc-block-grid__product .wp-block-button__link, .wc-block-grid__product-onsale{color:#ffffff;border-color:#3197d6;background-color:#3197d6;}.woocommerce a.button:hover, .woocommerce button.button:hover, .woocommerce .woocommerce-message a.button:hover,.woocommerce #respond input#submit:hover,.woocommerce #respond input#submit.alt:hover, .woocommerce a.button.alt:hover, .woocommerce button.button.alt:hover, .woocommerce input.button.alt:hover, .woocommerce input.button:hover, .woocommerce button.button.alt.disabled:hover, .wc-block-grid__products .wc-block-grid__product .wp-block-button__link:hover{color:#ffffff;border-color:#0084d6;background-color:#0084d6;}.woocommerce-message, .woocommerce-info{border-top-color:#4e4e4e;}.woocommerce-message::before,.woocommerce-info::before{color:#4e4e4e;}.woocommerce ul.products li.product .price, .woocommerce div.product p.price, .woocommerce div.product span.price, .widget_layered_nav_filters ul li.chosen a, .woocommerce-page ul.products li.product .ast-woo-product-category, .wc-layered-nav-rating a{color:#333333;}.woocommerce nav.woocommerce-pagination ul,.woocommerce nav.woocommerce-pagination ul li{border-color:#4e4e4e;}.woocommerce nav.woocommerce-pagination ul li a:focus, .woocommerce nav.woocommerce-pagination ul li a:hover, .woocommerce nav.woocommerce-pagination ul li span.current{background:#4e4e4e;color:#ffffff;}.woocommerce-MyAccount-navigation-link.is-active a{color:#0084d6;}.woocommerce .widget_price_filter .ui-slider .ui-slider-range, .woocommerce .widget_price_filter .ui-slider .ui-slider-handle{background-color:#4e4e4e;}.woocommerce a.button, .woocommerce button.button, .woocommerce .woocommerce-message a.button, .woocommerce #respond input#submit.alt, .woocommerce a.button.alt, .woocommerce button.button.alt, .woocommerce input.button.alt, .woocommerce input.button,.woocommerce-cart table.cart td.actions .button, .woocommerce form.checkout_coupon .button, .woocommerce #respond input#submit, .wc-block-grid__products .wc-block-grid__product .wp-block-button__link{border-radius:0;padding-top:17px;padding-right:30px;padding-bottom:17px;padding-left:30px;}.woocommerce .star-rating, .woocommerce .comment-form-rating .stars a, .woocommerce .star-rating::before{color:#4e4e4e;}.woocommerce div.product .woocommerce-tabs ul.tabs li.active:before{background:#4e4e4e;}.woocommerce a.remove:hover{color:#4e4e4e;border-color:#4e4e4e;background-color:#ffffff;}.woocommerce ul.product-categories &gt; li ul li:before{content:"\e900";padding:0 5px 0 5px;display:inline-block;font-family:Astra;transform:rotate(-90deg);font-size:0.7rem;}@media (min-width:545px) and (max-width:921px){.woocommerce.tablet-columns-6 ul.products li.product, .woocommerce-page.tablet-columns-6 ul.products li.product{width:calc(16.66% - 16.66px);}.woocommerce.tablet-columns-5 ul.products li.product, .woocommerce-page.tablet-columns-5 ul.products li.product{width:calc(20% - 16px);}.woocommerce.tablet-columns-4 ul.products li.product, .woocommerce-page.tablet-columns-4 ul.products li.product{width:calc(25% - 15px);}.woocommerce.tablet-columns-3 ul.products li.product, .woocommerce-page.tablet-columns-3 ul.products li.product{width:calc(33.33% - 14px);}.woocommerce.tablet-columns-2 ul.products li.product, .woocommerce-page.tablet-columns-2 ul.products li.product{width:calc(50% - 10px);}.woocommerce.tablet-columns-1 ul.products li.product, .woocommerce-page.tablet-columns-1 ul.products li.product{width:100%;}.woocommerce div.product .related.products ul.products li.product{width:calc(33.33% - 14px);}}@media (min-width:545px) and (max-width:921px){.woocommerce[class*="columns-"].columns-3 &gt; ul.products li.product, .woocommerce[class*="columns-"].columns-4 &gt; ul.products li.product, .woocommerce[class*="columns-"].columns-5 &gt; ul.products li.product, .woocommerce[class*="columns-"].columns-6 &gt; ul.products li.product{width:calc(33.33% - 14px);margin-right:20px;}.woocommerce[class*="columns-"].columns-3 &gt; ul.products li.product:nth-child(3n), .woocommerce[class*="columns-"].columns-4 &gt; ul.products li.product:nth-child(3n), .woocommerce[class*="columns-"].columns-5 &gt; ul.products li.product:nth-child(3n), .woocommerce[class*="columns-"].columns-6 &gt; ul.products li.product:nth-child(3n){margin-right:0;clear:right;}.woocommerce[class*="columns-"].columns-3 &gt; ul.products li.product:nth-child(3n+1), .woocommerce[class*="columns-"].columns-4 &gt; ul.products li.product:nth-child(3n+1), .woocommerce[class*="columns-"].columns-5 &gt; ul.products li.product:nth-child(3n+1), .woocommerce[class*="columns-"].columns-6 &gt; ul.products li.product:nth-child(3n+1){clear:left;}.woocommerce[class*="columns-"] ul.products li.product:nth-child(n), .woocommerce-page[class*="columns-"] ul.products li.product:nth-child(n){margin-right:20px;clear:none;}.woocommerce.tablet-columns-2 ul.products li.product:nth-child(2n), .woocommerce-page.tablet-columns-2 ul.products li.product:nth-child(2n), .woocommerce.tablet-columns-3 ul.products li.product:nth-child(3n), .woocommerce-page.tablet-columns-3 ul.products li.product:nth-child(3n), .woocommerce.tablet-columns-4 ul.products li.product:nth-child(4n), .woocommerce-page.tablet-columns-4 ul.products li.product:nth-child(4n), .woocommerce.tablet-columns-5 ul.products li.product:nth-child(5n), .woocommerce-page.tablet-columns-5 ul.products li.product:nth-child(5n), .woocommerce.tablet-columns-6 ul.products li.product:nth-child(6n), .woocommerce-page.tablet-columns-6 ul.products li.product:nth-child(6n){margin-right:0;clear:right;}.woocommerce.tablet-columns-2 ul.products li.product:nth-child(2n+1), .woocommerce-page.tablet-columns-2 ul.products li.product:nth-child(2n+1), .woocommerce.tablet-columns-3 ul.products li.product:nth-child(3n+1), .woocommerce-page.tablet-columns-3 ul.products li.product:nth-child(3n+1), .woocommerce.tablet-columns-4 ul.products li.product:nth-child(4n+1), .woocommerce-page.tablet-columns-4 ul.products li.product:nth-child(4n+1), .woocommerce.tablet-columns-5 ul.products li.product:nth-child(5n+1), .woocommerce-page.tablet-columns-5 ul.products li.product:nth-child(5n+1), .woocommerce.tablet-columns-6 ul.products li.product:nth-child(6n+1), .woocommerce-page.tablet-columns-6 ul.products li.product:nth-child(6n+1){clear:left;}.woocommerce div.product .related.products ul.products li.product:nth-child(3n), .woocommerce-page.tablet-columns-1 .site-main ul.products li.product{margin-right:0;clear:right;}.woocommerce div.product .related.products ul.products li.product:nth-child(3n+1){clear:left;}}@media (min-width:922px){.woocommerce #reviews #comments{width:55%;float:left;}.woocommerce #reviews #review_form_wrapper{width:45%;padding-left:2em;float:right;}.woocommerce form.checkout_coupon{width:50%;}}@media (max-width:921px){.ast-header-break-point.ast-woocommerce-cart-menu .header-main-layout-1.ast-mobile-header-stack.ast-no-menu-items .ast-site-header-cart, .ast-header-break-point.ast-woocommerce-cart-menu .header-main-layout-3.ast-mobile-header-stack.ast-no-menu-items .ast-site-header-cart{padding-right:0;padding-left:0;}.ast-header-break-point.ast-woocommerce-cart-menu .header-main-layout-1.ast-mobile-header-stack .main-header-bar{text-align:center;}.ast-header-break-point.ast-woocommerce-cart-menu .header-main-layout-1.ast-mobile-header-stack .ast-site-header-cart, .ast-header-break-point.ast-woocommerce-cart-menu .header-main-layout-1.ast-mobile-header-stack .ast-mobile-menu-buttons{display:inline-block;}.ast-header-break-point.ast-woocommerce-cart-menu .header-main-layout-2.ast-mobile-header-inline .site-branding{flex:auto;}.ast-header-break-point.ast-woocommerce-cart-menu .header-main-layout-3.ast-mobile-header-stack .site-branding{flex:0 0 100%;}.ast-header-break-point.ast-woocommerce-cart-menu .header-main-layout-3.ast-mobile-header-stack .main-header-container{display:flex;justify-content:center;}.woocommerce-cart .woocommerce-shipping-calculator .button{width:100%;}.woocommerce div.product div.images, .woocommerce div.product div.summary, .woocommerce #content div.product div.images, .woocommerce #content div.product div.summary, .woocommerce-page div.product div.images, .woocommerce-page div.product div.summary, .woocommerce-page #content div.product div.images, .woocommerce-page #content div.product div.summary{float:none;width:100%;}.woocommerce-cart table.cart td.actions .ast-return-to-shop{display:block;text-align:center;margin-top:1em;}}@media (max-width:544px){.ast-separate-container .ast-woocommerce-container{padding:.54em 1em 1.33333em;}.woocommerce-message, .woocommerce-error, .woocommerce-info{display:flex;flex-wrap:wrap;}.woocommerce-message a.button, .woocommerce-error a.button, .woocommerce-info a.button{order:1;margin-top:.5em;}.woocommerce .woocommerce-ordering, .woocommerce-page .woocommerce-ordering{float:none;margin-bottom:2em;width:100%;}.woocommerce ul.products a.button, .woocommerce-page ul.products a.button{padding:0.5em 0.75em;}.woocommerce table.cart td.actions .button, .woocommerce #content table.cart td.actions .button, .woocommerce-page table.cart td.actions .button, .woocommerce-page #content table.cart td.actions .button{padding-left:1em;padding-right:1em;}.woocommerce #content table.cart .button, .woocommerce-page #content table.cart .button{width:100%;}.woocommerce #content table.cart .product-thumbnail, .woocommerce-page #content table.cart .product-thumbnail{display:block;text-align:center !important;}.woocommerce #content table.cart .product-thumbnail::before, .woocommerce-page #content table.cart .product-thumbnail::before{display:none;}.woocommerce #content table.cart td.actions .coupon, .woocommerce-page #content table.cart td.actions .coupon{float:none;}.woocommerce #content table.cart td.actions .coupon .button, .woocommerce-page #content table.cart td.actions .coupon .button{flex:1;}.woocommerce #content div.product .woocommerce-tabs ul.tabs li a, .woocommerce-page #content div.product .woocommerce-tabs ul.tabs li a{display:block;}.woocommerce div.product .related.products ul.products li.product, .woocommerce.mobile-columns-2 ul.products li.product, .woocommerce-page.mobile-columns-2 ul.products li.product{width:calc(50% - 10px);}.woocommerce.mobile-columns-6 ul.products li.product, .woocommerce-page.mobile-columns-6 ul.products li.product{width:calc(16.66% - 16.66px);}.woocommerce.mobile-columns-5 ul.products li.product, .woocommerce-page.mobile-columns-5 ul.products li.product{width:calc(20% - 16px);}.woocommerce.mobile-columns-4 ul.products li.product, .woocommerce-page.mobile-columns-4 ul.products li.product{width:calc(25% - 15px);}.woocommerce.mobile-columns-3 ul.products li.product, .woocommerce-page.mobile-columns-3 ul.products li.product{width:calc(33.33% - 14px);}.woocommerce.mobile-columns-1 ul.products li.product, .woocommerce-page.mobile-columns-1 ul.products li.product{width:100%;}}@media (max-width:544px){.woocommerce ul.products a.button.loading::after, .woocommerce-page ul.products a.button.loading::after{display:inline-block;margin-left:5px;position:initial;}.woocommerce.mobile-columns-1 .site-main ul.products li.product:nth-child(n), .woocommerce-page.mobile-columns-1 .site-main ul.products li.product:nth-child(n){margin-right:0;}.woocommerce #content div.product .woocommerce-tabs ul.tabs li, .woocommerce-page #content div.product .woocommerce-tabs ul.tabs li{display:block;margin-right:0;}.woocommerce[class*="columns-"].columns-3 &gt; ul.products li.product, .woocommerce[class*="columns-"].columns-4 &gt; ul.products li.product, .woocommerce[class*="columns-"].columns-5 &gt; ul.products li.product, .woocommerce[class*="columns-"].columns-6 &gt; ul.products li.product{width:calc(50% - 10px);margin-right:20px;}.woocommerce[class*="columns-"] ul.products li.product:nth-child(n), .woocommerce-page[class*="columns-"] ul.products li.product:nth-child(n){margin-right:20px;clear:none;}.woocommerce-page[class*=columns-].columns-3&gt;ul.products li.product:nth-child(2n), .woocommerce-page[class*=columns-].columns-4&gt;ul.products li.product:nth-child(2n), .woocommerce-page[class*=columns-].columns-5&gt;ul.products li.product:nth-child(2n), .woocommerce-page[class*=columns-].columns-6&gt;ul.products li.product:nth-child(2n), .woocommerce[class*=columns-].columns-3&gt;ul.products li.product:nth-child(2n), .woocommerce[class*=columns-].columns-4&gt;ul.products li.product:nth-child(2n), .woocommerce[class*=columns-].columns-5&gt;ul.products li.product:nth-child(2n), .woocommerce[class*=columns-].columns-6&gt;ul.products li.product:nth-child(2n){margin-right:0;clear:right;}.woocommerce[class*="columns-"].columns-3 &gt; ul.products li.product:nth-child(2n+1), .woocommerce[class*="columns-"].columns-4 &gt; ul.products li.product:nth-child(2n+1), .woocommerce[class*="columns-"].columns-5 &gt; ul.products li.product:nth-child(2n+1), .woocommerce[class*="columns-"].columns-6 &gt; ul.products li.product:nth-child(2n+1){clear:left;}.woocommerce-page[class*=columns-] ul.products li.product:nth-child(n), .woocommerce[class*=columns-] ul.products li.product:nth-child(n){margin-right:20px;clear:none;}.woocommerce.mobile-columns-6 ul.products li.product:nth-child(6n), .woocommerce-page.mobile-columns-6 ul.products li.product:nth-child(6n), .woocommerce.mobile-columns-5 ul.products li.product:nth-child(5n), .woocommerce-page.mobile-columns-5 ul.products li.product:nth-child(5n), .woocommerce.mobile-columns-4 ul.products li.product:nth-child(4n), .woocommerce-page.mobile-columns-4 ul.products li.product:nth-child(4n), .woocommerce.mobile-columns-3 ul.products li.product:nth-child(3n), .woocommerce-page.mobile-columns-3 ul.products li.product:nth-child(3n), .woocommerce.mobile-columns-2 ul.products li.product:nth-child(2n), .woocommerce-page.mobile-columns-2 ul.products li.product:nth-child(2n), .woocommerce div.product .related.products ul.products li.product:nth-child(2n){margin-right:0;clear:right;}.woocommerce.mobile-columns-6 ul.products li.product:nth-child(6n+1), .woocommerce-page.mobile-columns-6 ul.products li.product:nth-child(6n+1), .woocommerce.mobile-columns-5 ul.products li.product:nth-child(5n+1), .woocommerce-page.mobile-columns-5 ul.products li.product:nth-child(5n+1), .woocommerce.mobile-columns-4 ul.products li.product:nth-child(4n+1), .woocommerce-page.mobile-columns-4 ul.products li.product:nth-child(4n+1), .woocommerce.mobile-columns-3 ul.products li.product:nth-child(3n+1), .woocommerce-page.mobile-columns-3 ul.products li.product:nth-child(3n+1), .woocommerce.mobile-columns-2 ul.products li.product:nth-child(2n+1), .woocommerce-page.mobile-columns-2 ul.products li.product:nth-child(2n+1), .woocommerce div.product .related.products ul.products li.product:nth-child(2n+1){clear:left;}}@media (min-width:922px){.ast-woo-shop-archive .site-content &gt; .ast-container{max-width:1240px;}}@media (min-width:922px){.woocommerce #content .ast-woocommerce-container div.product div.images, .woocommerce .ast-woocommerce-container div.product div.images, .woocommerce-page #content .ast-woocommerce-container div.product div.images, .woocommerce-page .ast-woocommerce-container div.product div.images{width:50%;}.woocommerce #content .ast-woocommerce-container div.product div.summary, .woocommerce .ast-woocommerce-container div.product div.summary, .woocommerce-page #content .ast-woocommerce-container div.product div.summary, .woocommerce-page .ast-woocommerce-container div.product div.summary{width:46%;}.woocommerce.woocommerce-checkout form #customer_details.col2-set .col-1, .woocommerce.woocommerce-checkout form #customer_details.col2-set .col-2, .woocommerce-page.woocommerce-checkout form #customer_details.col2-set .col-1, .woocommerce-page.woocommerce-checkout form #customer_details.col2-set .col-2{float:none;width:auto;}}.woocommerce a.button , .woocommerce button.button.alt ,.woocommerce-page table.cart td.actions .button, .woocommerce-page #content table.cart td.actions .button , .woocommerce a.button.alt ,.woocommerce .woocommerce-message a.button , .ast-site-header-cart .widget_shopping_cart .buttons .button.checkout, .woocommerce button.button.alt.disabled , .wc-block-grid__products .wc-block-grid__product .wp-block-button__link {border:solid;border-top-width:0;border-right-width:0;border-left-width:0;border-bottom-width:0;border-color:#3197d6;}.woocommerce a.button:hover , .woocommerce button.button.alt:hover , .woocommerce-page table.cart td.actions .button:hover, .woocommerce-page #content table.cart td.actions .button:hover, .woocommerce a.button.alt:hover ,.woocommerce .woocommerce-message a.button:hover , .ast-site-header-cart .widget_shopping_cart .buttons .button.checkout:hover , .woocommerce button.button.alt.disabled:hover , .wc-block-grid__products .wc-block-grid__product .wp-block-button__link:hover{border-color:#0084d6;}.widget_product_search button{flex:0 0 auto;padding:10px 20px;;}@media (min-width:922px){.woocommerce.woocommerce-checkout form #customer_details.col2-set, .woocommerce-page.woocommerce-checkout form #customer_details.col2-set{width:55%;float:left;margin-right:4.347826087%;}.woocommerce.woocommerce-checkout form #order_review, .woocommerce.woocommerce-checkout form #order_review_heading, .woocommerce-page.woocommerce-checkout form #order_review, .woocommerce-page.woocommerce-checkout form #order_review_heading{width:40%;float:right;margin-right:0;clear:right;}}
</style>
    <style id="woocommerce-inline-inline-css">
.woocommerce form .form-row .required { visibility: visible; }
</style>
    <script id="jquery-core-js" src="https://askomdch.com/wp-includes/js/jquery/jquery.min.js?ver=3.6.0"/>
    <script id="jquery-migrate-js" src="https://askomdch.com/wp-includes/js/jquery/jquery-migrate.min.js?ver=3.3.2"/>
    <link rel="canonical" href="https://askomdch.com/account/"/>
    <noscript>
      <style>.woocommerce-product-gallery{ opacity: 1 !important; }</style>
    </noscript>
    <style>.recentcomments a{display:inline !important;padding:0 !important;margin:0 !important;}</style>
  </head>
  <body class="page-template-default page page-id-1235 theme-astra woocommerce-account woocommerce-page woocommerce-no-js ast-single-post ast-mobile-inherit-site-logo ast-woocommerce-cart-menu ast-inherit-site-logo-transparent ast-theme-transparent-header ast-hfb-header ast-desktop ast-plain-container ast-no-sidebar astra-3.7.5" itemtype="https://schema.org/WebPage" itemscope="itemscope">
    <a shape="rect" class="skip-link screen-reader-text" href="#content" role="link" title="Skip to content">
Skip to content</a>
    <div class="hfeed site" id="page">
      <header class="site-header ast-primary-submenu-animation-slide-up header-main-layout-1 ast-primary-menu-enabled ast-builder-menu-toggle-icon ast-mobile-header-inline" id="masthead" itemtype="https://schema.org/WPHeader" itemscope="itemscope" itemid="#masthead">
        <div id="ast-desktop-header" data-toggle-type="dropdown">
          <div class="ast-main-header-wrap main-header-bar-wrap">
            <div class="ast-primary-header-bar ast-primary-header main-header-bar site-header-focus-item" data-section="section-primary-header-builder">
              <div class="site-primary-header-wrap ast-builder-grid-row-container site-header-focus-item ast-container" data-section="section-primary-header-builder">
                <div class="ast-builder-grid-row ast-builder-grid-row-has-sides ast-builder-grid-row-no-center">
                  <div class="site-header-primary-section-left site-header-section ast-flex site-header-section-left">
                    <div class="ast-builder-layout-element ast-flex site-header-focus-item" data-section="title_tagline">
                      <div class="site-branding ast-site-identity" itemtype="https://schema.org/Organization" itemscope="itemscope">
                        <div class="ast-site-title-wrap">
                          <span class="site-title" itemprop="name">
                            <a shape="rect" href="https://askomdch.com/" rel="home" itemprop="url">
AskOmDch
</a>
                          </span>
                        </div>
                      </div>
                    </div>
                  </div>
                  <div class="site-header-primary-section-right site-header-section ast-flex ast-grid-right-section">
                    <div class="ast-builder-menu-1 ast-builder-menu ast-flex ast-builder-menu-1-focus-item ast-builder-layout-element site-header-focus-item" data-section="section-hb-menu-1">
                      <div class="ast-main-header-bar-alignment">
                        <div class="main-header-bar-navigation">
                          <nav class="site-navigation ast-flex-grow-1 navigation-accessibility site-header-focus-item" id="primary-site-navigation" aria-label="Site Navigation" itemtype="https://schema.org/SiteNavigationElement" itemscope="itemscope">
                            <div class="main-navigation ast-inline-flex">
                              <ul class="main-header-menu ast-menu-shadow ast-nav-menu ast-flex submenu-with-border astra-menu-animation-slide-up stack-on-mobile" id="ast-hf-menu-1">
                                <li class="menu-item menu-item-type-post_type menu-item-object-page menu-item-home menu-item-1226" id="menu-item-1226">
                                  <a shape="rect" class="menu-link" href="https://askomdch.com/">Home</a>
                                </li>
                                <li class="menu-item menu-item-type-post_type menu-item-object-page menu-item-1227" id="menu-item-1227">
                                  <a shape="rect" class="menu-link" href="https://askomdch.com/store/">Store</a>
                                </li>
                                <li class="menu-item menu-item-type-taxonomy menu-item-object-product_cat menu-item-1228" id="menu-item-1228">
                                  <a shape="rect" class="menu-link" href="https://askomdch.com/product-category/men/">Men</a>
                                </li>
                                <li class="menu-item menu-item-type-taxonomy menu-item-object-product_cat menu-item-1229" id="menu-item-1229">
                                  <a shape="rect" class="menu-link" href="https://askomdch.com/product-category/women/">Women</a>
                                </li>
                                <li class="menu-item menu-item-type-taxonomy menu-item-object-product_cat menu-item-1230" id="menu-item-1230">
                                  <a shape="rect" class="menu-link" href="https://askomdch.com/product-category/accessories/">Accessories</a>
                                </li>
                                <li class="menu-item menu-item-type-post_type menu-item-object-page current-menu-item page_item page-item-1235 current_page_item menu-item-1237" id="menu-item-1237">
                                  <a shape="rect" class="menu-link" href="https://askomdch.com/account/" aria-current="page">Account</a>
                                </li>
                                <li class="menu-item menu-item-type-post_type menu-item-object-page menu-item-1232" id="menu-item-1232">
                                  <a shape="rect" class="menu-link" href="https://askomdch.com/about/">About</a>
                                </li>
                                <li class="menu-item menu-item-type-post_type menu-item-object-page menu-item-1233" id="menu-item-1233">
                                  <a shape="rect" class="menu-link" href="https://askomdch.com/contact-us/">Contact Us</a>
                                </li>
                              </ul>
                            </div>
                          </nav>
                        </div>
                      </div>
                    </div>
                    <div class="ast-builder-layout-element site-header-focus-item ast-header-woo-cart" data-section="section-header-woo-cart">
                      <div class="ast-site-header-cart ast-menu-cart-with-border ast-menu-cart-fill" id="ast-site-header-cart">
                        <div class="ast-site-header-cart-li">
                          <a shape="rect" class="cart-container" href="https://askomdch.com/cart/" title="View your shopping cart"/>
                          <div class="ast-cart-menu-wrap">
                            <span class="count">
0 </span>
                          </div>
                        </div>
                        <div class="ast-site-header-cart-data">
                          <div class="widget woocommerce widget_shopping_cart">
                            <div class="widget_shopping_cart_content"/>
                          </div>
                        </div>
                      </div>
                    </div>
                  </div>
                </div>
              </div>
            </div>
          </div>
          <div class="ast-desktop-header-content content-align-flex-start"/>
        </div>
        <div class="ast-mobile-header-wrap" id="ast-mobile-header" data-type="dropdown">
          <div class="ast-main-header-wrap main-header-bar-wrap">
            <div class="ast-primary-header-bar ast-primary-header main-header-bar site-primary-header-wrap site-header-focus-item ast-builder-grid-row-layout-default ast-builder-grid-row-tablet-layout-default ast-builder-grid-row-mobile-layout-default" data-section="section-primary-header-builder">
              <div class="ast-builder-grid-row ast-builder-grid-row-has-sides ast-builder-grid-row-no-center">
                <div class="site-header-primary-section-left site-header-section ast-flex site-header-section-left">
                  <div class="ast-builder-layout-element ast-flex site-header-focus-item" data-section="title_tagline">
                    <div class="site-branding ast-site-identity" itemtype="https://schema.org/Organization" itemscope="itemscope">
                      <div class="ast-site-title-wrap">
                        <span class="site-title" itemprop="name">
                          <a shape="rect" href="https://askomdch.com/" rel="home" itemprop="url">
AskOmDch
</a>
                        </span>
                      </div>
                    </div>
                  </div>
                </div>
                <div class="site-header-primary-section-right site-header-section ast-flex ast-grid-right-section">
                  <div class="ast-builder-layout-element site-header-focus-item ast-header-woo-cart" data-section="section-header-woo-cart">
                    <div class="ast-site-header-cart ast-menu-cart-with-border ast-menu-cart-fill" id="ast-site-header-cart">
                      <div class="ast-site-header-cart-li">
                        <a shape="rect" class="cart-container" href="https://askomdch.com/cart/" title="View your shopping cart"/>
                        <div class="ast-cart-menu-wrap">
                          <span class="count">
0 </span>
                        </div>
                      </div>
                      <div class="ast-site-header-cart-data">
                        <div class="widget woocommerce widget_shopping_cart">
                          <div class="widget_shopping_cart_content"/>
                        </div>
                      </div>
                    </div>
                  </div>
                  <div class="ast-builder-layout-element ast-flex site-header-focus-item" data-section="section-header-mobile-trigger">
                    <div class="ast-button-wrap">
                      <button type="button" class="menu-toggle main-header-menu-toggle ast-mobile-menu-trigger-minimal" aria-expanded="false">
                        <span class="screen-reader-text">Main Menu</span>
                        <span class="mobile-menu-toggle-icon">
                          <span class="ahfb-svg-iconset ast-inline-flex svg-baseline">
                            <svg class="ast-mobile-svg ast-menu2-svg" fill="currentColor" version="1.1" width="24" height="28" viewbox="0 0 24 28">
                              <path d="M24 21v2c0 0.547-0.453 1-1 1h-22c-0.547 0-1-0.453-1-1v-2c0-0.547 0.453-1 1-1h22c0.547 0 1 0.453 1 1zM24 13v2c0 0.547-0.453 1-1 1h-22c-0.547 0-1-0.453-1-1v-2c0-0.547 0.453-1 1-1h22c0.547 0 1 0.453 1 1zM24 5v2c0 0.547-0.453 1-1 1h-22c-0.547 0-1-0.453-1-1v-2c0-0.547 0.453-1 1-1h22c0.547 0 1 0.453 1 1z"/>
                            </svg>
                          </span>
                          <span class="ahfb-svg-iconset ast-inline-flex svg-baseline">
                            <svg class="ast-mobile-svg ast-close-svg" fill="currentColor" version="1.1" width="24" height="24" viewbox="0 0 24 24">
                              <path d="M5.293 6.707l5.293 5.293-5.293 5.293c-0.391 0.391-0.391 1.024 0 1.414s1.024 0.391 1.414 0l5.293-5.293 5.293 5.293c0.391 0.391 1.024 0.391 1.414 0s0.391-1.024 0-1.414l-5.293-5.293 5.293-5.293c0.391-0.391 0.391-1.024 0-1.414s-1.024-0.391-1.414 0l-5.293 5.293-5.293-5.293c-0.391-0.391-1.024-0.391-1.414 0s-0.391 1.024 0 1.414z"/>
                            </svg>
                          </span>
                        </span>
                      </button>
                    </div>
                  </div>
                </div>
              </div>
            </div>
          </div>
          <div class="ast-mobile-header-content content-align-flex-start">
            <div class="ast-builder-menu-1 ast-builder-menu ast-flex ast-builder-menu-1-focus-item ast-builder-layout-element site-header-focus-item" data-section="section-hb-menu-1">
              <div class="ast-main-header-bar-alignment">
                <div class="main-header-bar-navigation">
                  <nav class="site-navigation ast-flex-grow-1 navigation-accessibility site-header-focus-item" id="primary-site-navigation" aria-label="Site Navigation" itemtype="https://schema.org/SiteNavigationElement" itemscope="itemscope">
                    <div class="main-navigation ast-inline-flex">
                      <ul class="main-header-menu ast-menu-shadow ast-nav-menu ast-flex submenu-with-border astra-menu-animation-slide-up stack-on-mobile" id="ast-hf-menu-1">
                        <li class="menu-item menu-item-type-post_type menu-item-object-page menu-item-home menu-item-1226">
                          <a shape="rect" class="menu-link" href="https://askomdch.com/">Home</a>
                        </li>
                        <li class="menu-item menu-item-type-post_type menu-item-object-page menu-item-1227">
                          <a shape="rect" class="menu-link" href="https://askomdch.com/store/">Store</a>
                        </li>
                        <li class="menu-item menu-item-type-taxonomy menu-item-object-product_cat menu-item-1228">
                          <a shape="rect" class="menu-link" href="https://askomdch.com/product-category/men/">Men</a>
                        </li>
                        <li class="menu-item menu-item-type-taxonomy menu-item-object-product_cat menu-item-1229">
                          <a shape="rect" class="menu-link" href="https://askomdch.com/product-category/women/">Women</a>
                        </li>
                        <li class="menu-item menu-item-type-taxonomy menu-item-object-product_cat menu-item-1230">
                          <a shape="rect" class="menu-link" href="https://askomdch.com/product-category/accessories/">Accessories</a>
                        </li>
                        <li class="menu-item menu-item-type-post_type menu-item-object-page current-menu-item page_item page-item-1235 current_page_item menu-item-1237">
                          <a shape="rect" class="menu-link" href="https://askomdch.com/account/" aria-current="page">Account</a>
                        </li>
                        <li class="menu-item menu-item-type-post_type menu-item-object-page menu-item-1232">
                          <a shape="rect" class="menu-link" href="https://askomdch.com/about/">About</a>
                        </li>
                        <li class="menu-item menu-item-type-post_type menu-item-object-page menu-item-1233">
                          <a shape="rect" class="menu-link" href="https://askomdch.com/contact-us/">Contact Us</a>
                        </li>
                      </ul>
                    </div>
                  </nav>
                </div>
              </div>
            </div>
          </div>
        </div>
      </header>
      <div class="site-content" id="content">
        <div class="ast-container">
          <div class="content-area primary" id="primary">
            <main id="main" class="site-main">
              <article class="post-1235 page type-page status-publish ast-article-single" id="post-1235" itemtype="https://schema.org/CreativeWork" itemscope="itemscope">
                <header class="entry-header ast-header-without-markup"/>
                <div class="entry-content clear" itemprop="text">
                  <div class="wp-block-cover alignfull has-background-dim" style="background-color:#001d35;min-height:400px">
                    <div class="wp-block-cover__inner-container">
                      <h1 class="has-text-align-center">Account</h1>
                    </div>
                  </div>
                  <div class="wp-block-group alignfull">
                    <div class="wp-block-group__inner-container">
                      <div class="wp-block-columns">
                        <div class="wp-block-column" style="flex-basis:100%"/>
                      </div>
                      <div class="woocommerce">
                        <div class="woocommerce-notices-wrapper"/>
                        <div class="u-columns col2-set" id="customer_login">
                          <div class="u-column1 col-1">
                            <h2>Login</h2>
                            <form enctype="application/x-www-form-urlencoded" method="post" class="woocommerce-form woocommerce-form-login login">
                              <p class="woocommerce-form-row woocommerce-form-row--wide form-row form-row-wide">
                                <label for="username">
Username or email address                                   <span class="required">*</span>
                                </label>
                                <input type="text" class="woocommerce-Input woocommerce-Input--text input-text" id="username" name="username" autocomplete="username" value=""/>
                              </p>
                              <p class="woocommerce-form-row woocommerce-form-row--wide form-row form-row-wide">
                                <label for="password">
Password                                   <span class="required">*</span>
                                </label>
                                <input type="password" class="woocommerce-Input woocommerce-Input--text input-text" id="password" name="password" autocomplete="current-password"/>
                              </p>
                              <p class="form-row">
                                <label class="woocommerce-form__label woocommerce-form__label-for-checkbox woocommerce-form-login__rememberme">
                                  <input type="checkbox" class="woocommerce-form__input woocommerce-form__input-checkbox" id="rememberme" name="rememberme" value="forever"/>
                                  <span>Remember me</span>
                                </label>
                                <input type="hidden" id="woocommerce-login-nonce" name="woocommerce-login-nonce" value="679b5e9476"/>
                                <input type="hidden" name="_wp_http_referer" value="/account/"/>
                                <button type="submit" class="woocommerce-button button woocommerce-form-login__submit" name="login" value="Log in">Log in</button>
                              </p>
                              <p class="woocommerce-LostPassword lost_password">
                                <a shape="rect" href="https://askomdch.com/account/lost-password/">Lost your password?</a>
                              </p>
                            </form>
                          </div>
                          <div class="u-column2 col-2">
                            <h2>Register</h2>
                            <form enctype="application/x-www-form-urlencoded" method="post" class="woocommerce-form woocommerce-form-register register">
                              <p class="woocommerce-form-row woocommerce-form-row--wide form-row form-row-wide">
                                <label for="reg_username">
Username                                   <span class="required">*</span>
                                </label>
                                <input type="text" class="woocommerce-Input woocommerce-Input--text input-text" id="reg_username" name="username" autocomplete="username" value=""/>
                              </p>
                              <p class="woocommerce-form-row woocommerce-form-row--wide form-row form-row-wide">
                                <label for="reg_email">
Email address                                   <span class="required">*</span>
                                </label>
                                <input type="email" class="woocommerce-Input woocommerce-Input--text input-text" id="reg_email" name="email" autocomplete="email" value=""/>
                              </p>
                              <p class="woocommerce-form-row woocommerce-form-row--wide form-row form-row-wide">
                                <label for="reg_password">
Password                                   <span class="required">*</span>
                                </label>
                                <input type="password" class="woocommerce-Input woocommerce-Input--text input-text" id="reg_password" name="password" autocomplete="new-password"/>
                              </p>
                              <div class="woocommerce-privacy-policy-text">
                                <p>TEST MODE ENABLED. DO NOT ENTER YOUR PERSONAL DATA.</p>
                              </div>
                              <p class="woocommerce-form-row form-row">
                                <input type="hidden" id="woocommerce-register-nonce" name="woocommerce-register-nonce" value="cbc2b22125"/>
                                <input type="hidden" name="_wp_http_referer" value="/account/"/>
                                <button type="submit" class="woocommerce-Button woocommerce-button button woocommerce-form-register__submit" name="register" value="Register">Register</button>
                              </p>
                            </form>
                          </div>
                        </div>
                      </div>
                    </div>
                  </div>
                  <p/>
                </div>
              </article>
            </main>
          </div>
        </div>
      </div>
      <div class="astra-mobile-cart-overlay"/>
      <div class="astra-cart-drawer open-right" id="astra-mobile-cart-drawer">
        <div class="astra-cart-drawer-header">
          <button type="button" class="astra-cart-drawer-close">
            <span class="ahfb-svg-iconset ast-inline-flex svg-baseline">
              <svg class="ast-mobile-svg ast-close-svg" fill="currentColor" version="1.1" width="24" height="24" viewbox="0 0 24 24">
                <path d="M5.293 6.707l5.293 5.293-5.293 5.293c-0.391 0.391-0.391 1.024 0 1.414s1.024 0.391 1.414 0l5.293-5.293 5.293 5.293c0.391 0.391 1.024 0.391 1.414 0s0.391-1.024 0-1.414l-5.293-5.293 5.293-5.293c0.391-0.391 0.391-1.024 0-1.414s-1.024-0.391-1.414 0l-5.293 5.293-5.293-5.293c-0.391-0.391-1.024-0.391-1.414 0s-0.391 1.024 0 1.414z"/>
              </svg>
            </span>
          </button>
          <div class="astra-cart-drawer-title">
Shopping Cart </div>
        </div>
        <div class="astra-cart-drawer-content">
          <div class="widget woocommerce widget_shopping_cart">
            <div class="widget_shopping_cart_content"/>
          </div>
        </div>
      </div>
      <footer class="site-footer" id="colophon" itemtype="https://schema.org/WPFooter" itemscope="itemscope" itemid="#colophon">
        <div class="site-primary-footer-wrap ast-builder-grid-row-container site-footer-focus-item ast-builder-grid-row-4-equal ast-builder-grid-row-tablet-4-equal ast-builder-grid-row-mobile-full ast-footer-row-stack ast-footer-row-tablet-stack ast-footer-row-mobile-stack" data-section="section-primary-footer-builder">
          <div class="ast-builder-grid-row-container-inner">
            <div class="ast-builder-footer-grid-columns site-primary-footer-inner-wrap ast-builder-grid-row">
              <div class="site-footer-primary-section-1 site-footer-section site-footer-section-1">
                <aside class="footer-widget-area widget-area site-footer-focus-item" data-section="sidebar-widgets-footer-widget-1" aria-label="Footer Widget 1">
                  <div class="footer-widget-area-inner site-info-inner">
                    <section id="nav_menu-7" class="widget widget_nav_menu">
                      <h2 class="widget-title">Quick Links</h2>
                      <nav class="menu-quick-links-container" aria-label="Quick Links">
                        <ul class="menu" id="menu-quick-links">
                          <li class="menu-item menu-item-type-post_type menu-item-object-page menu-item-home menu-item-1254" id="menu-item-1254">
                            <a shape="rect" class="menu-link" href="https://askomdch.com/">Home</a>
                          </li>
                          <li class="menu-item menu-item-type-post_type menu-item-object-page menu-item-1255" id="menu-item-1255">
                            <a shape="rect" class="menu-link" href="https://askomdch.com/about/">About</a>
                          </li>
                          <li class="menu-item menu-item-type-post_type menu-item-object-page current-menu-item page_item page-item-1235 current_page_item menu-item-1256" id="menu-item-1256">
                            <a shape="rect" class="menu-link" href="https://askomdch.com/account/" aria-current="page">My Account</a>
                          </li>
                          <li class="menu-item menu-item-type-post_type menu-item-object-page menu-item-1257" id="menu-item-1257">
                            <a shape="rect" class="menu-link" href="https://askomdch.com/cart/">Cart</a>
                          </li>
                          <li class="menu-item menu-item-type-post_type menu-item-object-page menu-item-1258" id="menu-item-1258">
                            <a shape="rect" class="menu-link" href="https://askomdch.com/contact-us/">Contact Us</a>
                          </li>
                        </ul>
                      </nav>
                    </section>
                  </div>
                </aside>
              </div>
              <div class="site-footer-primary-section-2 site-footer-section site-footer-section-2">
                <aside class="footer-widget-area widget-area site-footer-focus-item" data-section="sidebar-widgets-footer-widget-2" aria-label="Footer Widget 2">
                  <div class="footer-widget-area-inner site-info-inner">
                    <section id="nav_menu-8" class="widget widget_nav_menu">
                      <h2 class="widget-title">For Her</h2>
                      <nav class="menu-for-her-container" aria-label="For Her">
                        <ul class="menu" id="menu-for-her">
                          <li class="menu-item menu-item-type-taxonomy menu-item-object-product_cat menu-item-1264" id="menu-item-1264">
                            <a shape="rect" class="menu-link" href="https://askomdch.com/product-category/women/">Women</a>
                          </li>
                          <li class="menu-item menu-item-type-taxonomy menu-item-object-product_cat menu-item-1266" id="menu-item-1266">
                            <a shape="rect" class="menu-link" href="https://askomdch.com/product-category/womens-jeans/">Women’s Jeans</a>
                          </li>
                          <li class="menu-item menu-item-type-taxonomy menu-item-object-product_cat menu-item-1265" id="menu-item-1265">
                            <a shape="rect" class="menu-link" href="https://askomdch.com/product-category/womens-shirts/">Women’s Shirts</a>
                          </li>
                          <li class="menu-item menu-item-type-taxonomy menu-item-object-product_cat menu-item-1267" id="menu-item-1267">
                            <a shape="rect" class="menu-link" href="https://askomdch.com/product-category/womens-shoes/">Women’s Shoes</a>
                          </li>
                          <li class="menu-item menu-item-type-taxonomy menu-item-object-product_cat menu-item-1268" id="menu-item-1268">
                            <a shape="rect" class="menu-link" href="https://askomdch.com/product-category/accessories/">Accessories</a>
                          </li>
                        </ul>
                      </nav>
                    </section>
                  </div>
                </aside>
              </div>
              <div class="site-footer-primary-section-3 site-footer-section site-footer-section-3">
                <aside class="footer-widget-area widget-area site-footer-focus-item" data-section="sidebar-widgets-footer-widget-3" aria-label="Footer Widget 3">
                  <div class="footer-widget-area-inner site-info-inner">
                    <section id="nav_menu-12" class="widget widget_nav_menu">
                      <h2 class="widget-title">For Him</h2>
                      <nav class="menu-for-him-container" aria-label="For Him">
                        <ul class="menu" id="menu-for-him">
                          <li class="menu-item menu-item-type-taxonomy menu-item-object-product_cat menu-item-1263" id="menu-item-1263">
                            <a shape="rect" class="menu-link" href="https://askomdch.com/product-category/men/">Men</a>
                          </li>
                          <li class="menu-item menu-item-type-taxonomy menu-item-object-product_cat menu-item-1259" id="menu-item-1259">
                            <a shape="rect" class="menu-link" href="https://askomdch.com/product-category/mens-jeans/">Men’s Jeans</a>
                          </li>
                          <li class="menu-item menu-item-type-taxonomy menu-item-object-product_cat menu-item-1260" id="menu-item-1260">
                            <a shape="rect" class="menu-link" href="https://askomdch.com/product-category/mens-shirts/">Men’s Shirts</a>
                          </li>
                          <li class="menu-item menu-item-type-taxonomy menu-item-object-product_cat menu-item-1261" id="menu-item-1261">
                            <a shape="rect" class="menu-link" href="https://askomdch.com/product-category/mens-shoes/">Men’s Shoes</a>
                          </li>
                          <li class="menu-item menu-item-type-taxonomy menu-item-object-product_cat menu-item-1262" id="menu-item-1262">
                            <a shape="rect" class="menu-link" href="https://askomdch.com/product-category/accessories/">Accessories</a>
                          </li>
                        </ul>
                      </nav>
                    </section>
                  </div>
                </aside>
              </div>
              <div class="site-footer-primary-section-4 site-footer-section site-footer-section-4">
                <aside class="footer-widget-area widget-area site-footer-focus-item" data-section="sidebar-widgets-footer-widget-4" aria-label="Footer Widget 4">
                  <div class="footer-widget-area-inner site-info-inner">
                    <section id="text-2" class="widget widget_text">
                      <h2 class="widget-title">AOD on Mobile</h2>
                      <div class="textwidget">
                        <p>
                          <a shape="rect" href="https://www.apple.com/in/app-store/" target="_blank" rel="noopener">
                            <img class="alignnone wp-image-1475 size-full" src="https://askomdch.com/wp-content/uploads/2021/06/image-60-compressed.jpg" alt="" width="300" height="90"/>
                          </a>
                          <a shape="rect" href="https://play.google.com/store" target="_blank" rel="noopener">
                            <img class="alignnone wp-image-1473 size-full" src="https://askomdch.com/wp-content/uploads/2021/06/image-41-compressed.jpg" alt="" width="300" height="90"/>
                          </a>
                        </p>
                      </div>
                    </section>
                  </div>
                </aside>
              </div>
            </div>
          </div>
        </div>
        <div class="site-below-footer-wrap ast-builder-grid-row-container site-footer-focus-item ast-builder-grid-row-2-equal ast-builder-grid-row-tablet-2-equal ast-builder-grid-row-mobile-full ast-footer-row-stack ast-footer-row-tablet-stack ast-footer-row-mobile-stack" data-section="section-below-footer-builder">
          <div class="ast-builder-grid-row-container-inner">
            <div class="ast-builder-footer-grid-columns site-below-footer-inner-wrap ast-builder-grid-row">
              <div class="site-footer-below-section-1 site-footer-section site-footer-section-1">
                <div class="ast-builder-layout-element ast-flex site-footer-focus-item ast-footer-copyright" data-section="section-footer-builder">
                  <div class="ast-footer-copyright">
                    <p>Copyright © 2022 AskOmDch</p>
                  </div>
                </div>
              </div>
              <div class="site-footer-below-section-2 site-footer-section site-footer-section-2">
                <div class="footer-widget-area widget-area site-footer-focus-item ast-footer-html-1" data-section="section-fb-html-1">
                  <div class="ast-header-html inner-link-style-">
                    <div class="ast-builder-html-element">
                      <p>Powered by AskOmDch</p>
                    </div>
                  </div>
                </div>
              </div>
            </div>
          </div>
        </div>
      </footer>
    </div>
    <script type="text/javascript">
		(function () {
			var c = document.body.className;
			c = c.replace(/woocommerce-no-js/, 'woocommerce-js');
			document.body.className = c;
		})();
	</script>
    <script id="astra-theme-js-js-extra">
var astra = {"break_point":"921","isRtl":""};
</script>
    <script id="astra-theme-js-js" src="https://askomdch.com/wp-content/themes/astra/assets/js/minified/frontend.min.js?ver=3.7.5"/>
    <script id="astra-mobile-cart-js" src="https://askomdch.com/wp-content/themes/astra/assets/js/minified/mobile-cart.min.js?ver=3.7.5"/>
    <script id="js-cookie-js" src="https://askomdch.com/wp-content/plugins/woocommerce/assets/js/js-cookie/js.cookie.min.js?ver=2.1.4-wc.5.8.0"/>
    <script id="wc-cart-fragments-js-extra">
var wc_cart_fragments_params = {"ajax_url":"\/wp-admin\/admin-ajax.php","wc_ajax_url":"\/?wc-ajax=%%endpoint%%","cart_hash_key":"wc_cart_hash_ce7302d8a5b087b54dd768c76987f650","fragment_name":"wc_fragments_ce7302d8a5b087b54dd768c76987f650","request_timeout":"5000"};
</script>
    <script id="wc-cart-fragments-js" src="https://askomdch.com/wp-content/plugins/woocommerce/assets/js/frontend/cart-fragments.min.js?ver=5.8.0"/>
    <script id="rocket-browser-checker-js-after">
"use strict";var _createClass=function(){function defineProperties(target,props){for(var i=0;i&lt;props.length;i++){var descriptor=props[i];descriptor.enumerable=descriptor.enumerable||!1,descriptor.configurable=!0,"value"in descriptor&amp;&amp;(descriptor.writable=!0),Object.defineProperty(target,descriptor.key,descriptor)}}return function(Constructor,protoProps,staticProps){return protoProps&amp;&amp;defineProperties(Constructor.prototype,protoProps),staticProps&amp;&amp;defineProperties(Constructor,staticProps),Constructor}}();function _classCallCheck(instance,Constructor){if(!(instance instanceof Constructor))throw new TypeError("Cannot call a class as a function")}var RocketBrowserCompatibilityChecker=function(){function RocketBrowserCompatibilityChecker(options){_classCallCheck(this,RocketBrowserCompatibilityChecker),this.passiveSupported=!1,this._checkPassiveOption(this),this.options=!!this.passiveSupported&amp;&amp;options}return _createClass(RocketBrowserCompatibilityChecker,[{key:"_checkPassiveOption",value:function(self){try{var options={get passive(){return!(self.passiveSupported=!0)}};window.addEventListener("test",null,options),window.removeEventListener("test",null,options)}catch(err){self.passiveSupported=!1}}},{key:"initRequestIdleCallback",value:function(){!1 in window&amp;&amp;(window.requestIdleCallback=function(cb){var start=Date.now();return setTimeout(function(){cb({didTimeout:!1,timeRemaining:function(){return Math.max(0,50-(Date.now()-start))}})},1)}),!1 in window&amp;&amp;(window.cancelIdleCallback=function(id){return clearTimeout(id)})}},{key:"isDataSaverModeOn",value:function(){return"connection"in navigator&amp;&amp;!0===navigator.connection.saveData}},{key:"supportsLinkPrefetch",value:function(){var elem=document.createElement("link");return elem.relList&amp;&amp;elem.relList.supports&amp;&amp;elem.relList.supports("prefetch")&amp;&amp;window.IntersectionObserver&amp;&amp;"isIntersecting"in IntersectionObserverEntry.prototype}},{key:"isSlowConnection",value:function(){return"connection"in navigator&amp;&amp;"effectiveType"in navigator.connection&amp;&amp;("2g"===navigator.connection.effectiveType||"slow-2g"===navigator.connection.effectiveType)}}]),RocketBrowserCompatibilityChecker}();
</script>
    <script id="rocket-preload-links-js-extra">
var RocketPreloadLinksConfig = {"excludeUris":"\/(.+\/)?feed\/?.+\/?|\/(?:.+\/)?embed\/|\/checkout\/|\/cart\/|\/account\/|\/wc-api\/v(.*)|\/(index\\.php\/)?wp\\-json(\/.*|$)|\/wp-admin\/|\/logout\/|\/wp-login.php","usesTrailingSlash":"1","imageExt":"jpg|jpeg|gif|png|tiff|bmp|webp|avif","fileExt":"jpg|jpeg|gif|png|tiff|bmp|webp|avif|php|pdf|html|htm","siteUrl":"https:\/\/askomdch.com","onHoverDelay":"100","rateThrottle":"3"};
</script>
    <script id="rocket-preload-links-js-after">
(function() {
"use strict";var r="function"==typeof Symbol&amp;&amp;"symbol"==typeof Symbol.iterator?function(e){return typeof e}:function(e){return e&amp;&amp;"function"==typeof Symbol&amp;&amp;e.constructor===Symbol&amp;&amp;e!==Symbol.prototype?"symbol":typeof e},e=function(){function i(e,t){for(var n=0;n&lt;t.length;n++){var i=t[n];i.enumerable=i.enumerable||!1,i.configurable=!0,"value"in i&amp;&amp;(i.writable=!0),Object.defineProperty(e,i.key,i)}}return function(e,t,n){return t&amp;&amp;i(e.prototype,t),n&amp;&amp;i(e,n),e}}();function i(e,t){if(!(e instanceof t))throw new TypeError("Cannot call a class as a function")}var t=function(){function n(e,t){i(this,n),this.browser=e,this.config=t,this.options=this.browser.options,this.prefetched=new Set,this.eventTime=null,this.threshold=1111,this.numOnHover=0}return e(n,[{key:"init",value:function(){!this.browser.supportsLinkPrefetch()||this.browser.isDataSaverModeOn()||this.browser.isSlowConnection()||(this.regex={excludeUris:RegExp(this.config.excludeUris,"i"),images:RegExp(".("+this.config.imageExt+")$","i"),fileExt:RegExp(".("+this.config.fileExt+")$","i")},this._initListeners(this))}},{key:"_initListeners",value:function(e){-1&lt;this.config.onHoverDelay&amp;&amp;document.addEventListener("mouseover",e.listener.bind(e),e.listenerOptions),document.addEventListener("mousedown",e.listener.bind(e),e.listenerOptions),document.addEventListener("touchstart",e.listener.bind(e),e.listenerOptions)}},{key:"listener",value:function(e){var t=e.target.closest("a"),n=this._prepareUrl(t);if(null!==n)switch(e.type){case"mousedown":case"touchstart":this._addPrefetchLink(n);break;case"mouseover":this._earlyPrefetch(t,n,"mouseout")}}},{key:"_earlyPrefetch",value:function(t,e,n){var i=this,r=setTimeout(function(){if(r=null,0===i.numOnHover)setTimeout(function(){return i.numOnHover=0},1e3);else if(i.numOnHover&gt;i.config.rateThrottle)return;i.numOnHover++,i._addPrefetchLink(e)},this.config.onHoverDelay);t.addEventListener(n,function e(){t.removeEventListener(n,e,{passive:!0}),null!==r&amp;&amp;(clearTimeout(r),r=null)},{passive:!0})}},{key:"_addPrefetchLink",value:function(i){return this.prefetched.add(i.href),new Promise(function(e,t){var n=document.createElement("link");n.rel="prefetch",n.href=i.href,n.onload=e,n.onerror=t,document.head.appendChild(n)}).catch(function(){})}},{key:"_prepareUrl",value:function(e){if(null===e||"object"!==(void 0===e?"undefined":r(e))||!1 in e||-1===["http:","https:"].indexOf(e.protocol))return null;var t=e.href.substring(0,this.config.siteUrl.length),n=this._getPathname(e.href,t),i={original:e.href,protocol:e.protocol,origin:t,pathname:n,href:t+n};return this._isLinkOk(i)?i:null}},{key:"_getPathname",value:function(e,t){var n=t?e.substring(this.config.siteUrl.length):e;return n.startsWith("/")||(n="/"+n),this._shouldAddTrailingSlash(n)?n+"/":n}},{key:"_shouldAddTrailingSlash",value:function(e){return this.config.usesTrailingSlash&amp;&amp;!e.endsWith("/")&amp;&amp;!this.regex.fileExt.test(e)}},{key:"_isLinkOk",value:function(e){return null!==e&amp;&amp;"object"===(void 0===e?"undefined":r(e))&amp;&amp;(!this.prefetched.has(e.href)&amp;&amp;e.origin===this.config.siteUrl&amp;&amp;-1===e.href.indexOf("?")&amp;&amp;-1===e.href.indexOf("#")&amp;&amp;!this.regex.excludeUris.test(e.href)&amp;&amp;!this.regex.images.test(e.href))}}],[{key:"run",value:function(){"undefined"!=typeof RocketPreloadLinksConfig&amp;&amp;new n(new RocketBrowserCompatibilityChecker({capture:!0,passive:!0}),RocketPreloadLinksConfig).init()}}]),n}();t.run();
}());
</script>
    <script>
			/(trident|msie)/i.test(navigator.userAgent)&amp;&amp;document.getElementById&amp;&amp;window.addEventListener&amp;&amp;window.addEventListener("hashchange",function(){var t,e=location.hash.substring(1);/^[A-z0-9_-]+$/.test(e)&amp;&amp;(t=document.getElementById(e))&amp;&amp;(/^(?:a|select|input|button|textarea)$/i.test(t.tagName)||(t.tabIndex=-1),t.focus())},!1);
			</script>
  </body>
</html>
Current Thread: 51
Driver: FirefoxDriver: firefox on WINDOWS (8bc3d362-f76b-4da2-aa60-c81703e2c19a)
]]></system-out>
    <system-err><![CDATA[SLF4J: Failed to load class "org.slf4j.impl.StaticLoggerBinder".
SLF4J: Defaulting to no-operation (NOP) logger implementation
SLF4J: See http://www.slf4j.org/codes.html#StaticLoggerBinder for further details.
1642810278351	geckodriver	INFO	Listening on 127.0.0.1:61933
1642810278364	geckodriver	INFO	Listening on 127.0.0.1:61855
Starting ChromeDriver 97.0.4692.71 (adefa7837d02a07a604c1e6eff0b3a09422ab88d-refs/branch-heads/4692@{#1247}) on port 53362
Only lo1642810278550	geckodriver	INFO	Listening on 127.0.0.1:63417
cal connections are allowed.
Please see https://chromedriver.chromium.org/security-considerations for suggestions on keeping ChromeDriver safe.
1642810278583	geckodriver	INFO	Listening on 127.0.0.1:55397
ChromeDriver was started successfully.
Starting ChromeDriver 97.0.4692.71 (adefa7837d02a07a604c1e6eff0b3a09422ab88d-refs/branch-heads/4692@{#1247}) on port 50159
Only local connections are allowed.
Please see https://chromedriver.chromium.org/security-considerations for suggestions on keeping ChromeDriver safe.
Starting ChromeDriver 97.0.4692.71 (adefa7837d02a07a604c1e6eff0b3a09422ab88d-refs/branch-heads/4692@{#1247}) on port 54682
Only local connections are allowed.
Please see https://chromedriver.chromium.org/security-considerations for suggestions on keeping ChromeDriver safe.
ChromeDriver was started successfully.
ChromeDriver was started successfully.
Starting ChromeDriver 97.0.4692.71 (adefa7837d02a07a604c1e6eff0b3a09422ab88d-refs/branch-heads/4692@{#1247}) on port 50360
Only local connections are allowed.
Please see https://chromedriver.chromium.org/security-considerations for suggestions on keeping ChromeDriver safe.
Starting ChromeDriver 97.0.4692.71 (adefa7837d02a07a604c1e6eff0b3a09422ab88d-refs/branch-heads/4692@{#1247}) on port 55543
Only local connections are allowed.
Please see https://chromedriver.chromium.org/security-considerations for suggestions on keeping ChromeDriver safe.
1642810278810	geckodriver	INFO	Listening on 127.0.0.1:62608
1642810278836	geckodriver	INFO	Listening on 127.0.0.1:51198
1642810278840	geckodriver	INFO	Listening on 127.0.0.1:50672
ChromeDriver was started successfully.
Starting ChromeDriver 97.0.4692.71 (adefa7837d02a07a604c1e6eff0b3a09422ab88d-refs/branch-heads/4692@{#1247}) on port 59011
Only local connections are allowed.
Please see https://chromedriver.chromium.org/security-considerations for suggestions on keeping ChromeDriver safe.
1642810278860	geckodriver	INFO	Listening on 127.0.0.1:ChromeDriver was started successfully.
ChromeDriver was started successfully.
52763
Starting ChromeDriver 97.0.4692.71 (adefa7837d02a07a604c1e6eff0b3a09422ab88d-refs/branch-heads/4692@{#1247}) on port 59504
Only local connections are allowed.
Please see https://chromedriver.chromium.org/security-considerations for suggestions on keeping ChromeDriver safe.
ChromeDriver was started successfully.
1642810279004	geckodriver	INFO	Listening on 127.0.0.1:58140
Starting ChromeDriver 97.0.4692.71 (adefa7837d02a07a604c1e6eff0b3a09422ab88d-refs/branch-heads/4692@{#1247}) on port 63520
Only local connections are allowed.
Please see https://chromedriver.chromium.org/security-considerations for suggestions on keeping ChromeDriver safe.
ChromeDriver was started successfully.
1642810278992	geckodriver	INFO	Listening on 127.0.0.1:50818
1642810279028	geckodriver	INFO	Listening on 127.0.0.1:55862
Starting ChromeDriver 97.0.4692.71 (adefa7837d02a07a604c1e6eff0b3a09422ab88d-refs/branch-heads/4692@{#1247}) on port 50016
Only local connections are allowed.
Please see https://chromedriver.chromium.org/security-considerations for suggestions on keeping ChromeDriver safe.
ChromeDriver was started successfully.
1642810279066	geckodriver	INFO	Listening on 127.0.0.1:63774
Starting ChromeDriver 97.0.4692.71 (adefa7837d02a07a604c1e6eff0b3a09422ab88d-refs/branch-heads/4692@{#1247}) on port 51782
Only local connections are allowed.
Please see https://chromedriver.chromium.org/security-considerations for suggestions on keeping ChromeDriver safe.
Starting ChromeDriver 97.0.4692.71 (adefa7837d02a07a604c1e6eff0b3a09422ab88d-refs/branch-heads/4692@{#1247}) on port 64080
Only local connections are allowed.
Please see https://chromedriver.chromium.org/security-considerations for suggestions on keeping ChromeDriver safe.
ChromeDriver was started successfully.
1642810279108	geckodriver	INFO	Listening on 127.0.0.1:54466
ChromeDriver was started successfully.
1642810279121	geckodriver	INFO	Listening on 127.0.0.1:59374
Starting ChromeDriver 97.0.4692.71 (adefa7837d02a07a604c1e6eff0b3a09422ab88d-refs/branch-heads/4692@{#1247}) on port 61590
Only local connections are allowed.
Please see https://chromedriver.chromium.org/security-considerations for suggestions on keeping ChromeDriver safe.
1642810279137	geckodriver	INFO	Listening on 127.0.0.1:57684
Starting ChromeDriver 97.0.4692.71 (adefa7837d02a07a604c1e6eff0b3a09422ab88d-refs/branch-heads/4692@{#1247}) on port 63858
Only local connections are allowed.
Please see https://chromedriver.chromium.org/security-considerations for suggestions on keeping ChromeDriver safe.
Starting ChromeDriver 97.0.4692.71 (adefa7837d02a07a604c1e6eff0b3a09422ab88d-refs/branch-heads/4692@{#1247}) on port 58092
Only local connections are allowed.
Please see https://chromedriver.chromium.org/security-considerations for suggestions on keeping ChromeDriver safe.
ChromeDriver was started successfully.
Starting ChromeDriver 97.0.4692.71 (adefa7837d02a07a604c1e6eff0b3a09422ab88d-refs/branch-heads/4692@{#1247}) on port 49338
Only local connections are allowed.
Please see https://chromedriver.chromium.org/security-considerations for suggestions on keeping ChromeDriver safe.
ChromeDriver was started successfully.
ChromeDriver was started successfully.
ChromeDriver was started successfully.
1642810279836	mozrunner::runner	INFO	Running command: "C:\\Program Files\\Mozilla Firefox\\firefox.exe" "--marionette" "--remote-debugging-port" "50797" "-no-remote" "-profile" "C:\\Users\\RAFA~1\\AppData\\Local\\Temp\\rust_mozprofile6gxrCY"
1642810279845	mozrunner::runner	INFO	Running command: "C:\\Program Files\\Mozilla Firefox\\firefox.exe" "--marionette" "--remote-debugging-port" "60588" "-no-remote" "-profile" "C:\\Users\\RAFA~1\\AppData\\Local\\Temp\\rust_mozprofileUXsbOx"
1642810279868	mozrunner::runner	INFO	Running command: "C:\\Program Files\\Mozilla Firefox\\firefox.exe" "--marionette" "--remote-debugging-port" "49232" "-no-remote" "-profile" "C:\\Users\\RAFA~1\\AppData\\Local\\Temp\\rust_mozprofilenRquEk"
1642810279877	mozrunner::runner	INFO	Running command: "C:\\Program Files\\Mozilla Firefox\\firefox.exe" "--marionette" "--remote-debugging-port" "64730" "-no-remote" "-profile" "C:\\Users\\RAFA~1\\AppData\\Local\\Temp\\rust_mozprofile2Qgzez"
1642810279884	mozrunner::runner	INFO	Running command: "C:\\Program Files\\Mozilla Firefox\\firefox.exe" "--marionette" "--remote-debugging-port" "60676" "-no-remote" "-profile" "C:\\Users\\RAFA~1\\AppData\\Local\\Temp\\rust_mozprofilepcmwxl"
1642810279896	mozrunner::runner	INFO	Running command: "C:\\Program Files\\Mozilla Firefox\\firefox.exe" "--marionette" "--remote-debugging-port" "57331" "-no-remote" "-profile" "C:\\Users\\RAFA~1\\AppData\\Local\\Temp\\rust_mozprofileu2Jni0"
1642810279932	mozrunner::runner	INFO	Running command: "C:\\Program Files\\Mozilla Firefox\\firefox.exe" "--marionette" "--remote-debugging-port" "56392" "-no-remote" "-profile" "C:\\Users\\RAFA~1\\AppData\\Local\\Temp\\rust_mozprofileGR81bY"
1642810279941	mozrunner::runner	INFO	Running command: "C:\\Program Files\\Mozilla Firefox\\firefox.exe" "--marionette" "--remote-debugging-port" "52078" "-no-remote" "-profile" "C:\\Users\\RAFA~1\\AppData\\Local\\Temp\\rust_mozprofilemdhhLP"
1642810279952	mozrunner::runner	INFO	Running command: "C:\\Program Files\\Mozilla Firefox\\firefox.exe" "--marionette" "--remote-debugging-port" "52220" "-no-remote" "-profile" "C:\\Users\\RAFA~1\\AppData\\Local\\Temp\\rust_mozprofilekVNprF"
1642810279953	mozrunner::runner	INFO	Running command: "C:\\Program Files\\Mozilla Firefox\\firefox.exe" "--marionette" "--remote-debugging-port" "59098" "-no-remote" "-profile" "C:\\Users\\RAFA~1\\AppData\\Local\\Temp\\rust_mozprofile8SVCri"
1642810279963	mozrunner::runner	INFO	Running command: "C:\\Program Files\\Mozilla Firefox\\firefox.exe" "--marionette" "--remote-debugging-port" "57979" "-no-remote" "-profile" "C:\\Users\\RAFA~1\\AppData\\Local\\Temp\\rust_mozprofileTrfcdH"
1642810279969	mozrunner::runner	INFO	Running command: "C:\\Program Files\\Mozilla Firefox\\firefox.exe" "--marionette" "--remote-debugging-port" "59113" "-no-remote" "-profile" "C:\\Users\\RAFA~1\\AppData\\Local\\Temp\\rust_mozprofileMTUuub"
1642810280024	mozrunner::runner	INFO	Running command: "C:\\Program Files\\Mozilla Firefox\\firefox.exe" "--marionette" "--remote-debugging-port" "61812" "-no-remote" "-profile" "C:\\Users\\RAFA~1\\AppData\\Local\\Temp\\rust_mozprofileFYy4kZ"
1642810280026	mozrunner::runner	INFO	Running command: "C:\\Program Files\\Mozilla Firefox\\firefox.exe" "--marionette" "--remote-debugging-port" "53410" "-no-remote" "-profile" "C:\\Users\\RAFA~1\\AppData\\Local\\Temp\\rust_mozprofiletrpf8v"
1642810280044	mozrunner::runner	INFO	Running command: "C:\\Program Files\\Mozilla Firefox\\firefox.exe" "--marionette" "--remote-debugging-port" "49346" "-no-remote" "-profile" "C:\\Users\\RAFA~1\\AppData\\Local\\Temp\\rust_mozprofilean6473"
1642810281759	Marionette	INFO	Marionette enabled
1642810281780	Marionette	INFO	Marionette enabled
1642810281909	Marionette	INFO	Marionette enabled
1642810281980	Marionette	INFO	Marionette enabled
sty 22, 2022 1:11:22 AM org.openqa.selenium.remote.ProtocolHandshake createSession
INFO: Detected dialect: W3C
1642810282078	Marionette	INFO	Marionette enabled
1642810282082	Marionette	INFO	Marionette enabled
1642810282116	Marionette	INFO	Marionette enabled
1642810282157	Marionette	INFO	Marionette enabled
1642810282250	Marionette	INFO	Marionette enabled
sty 22, 2022 1:11:22 AM org.openqa.selenium.devtools.CdpVersionFinder findNearestMatch
WARNING: Unable to find an exact match for CDP version 97, so returning the closest version found: 96
sty 22, 2022 1:11:22 AM org.openqa.selenium.devtools.CdpVersionFinder findNearestMatch
INFO: Found CDP implementation for version 97 of 96
1642810283421	Marionett1e6	4I2NF8O10	28M3ar4i2o1	neMtatrei oenneatbtlee	d
INFO	Marionette enabled
sty 22, 2022 1:11:24 AM org.openqa.selenium.remote.ProtocolHandshake createSession
INFO: Detected dialect: W3C
sty 22, 2022 1:11:24 AM org.openqa.selenium.devtools.CdpVersionFinder findNearestMatch
WARNING: Unable to find an exact match for CDP version 97, so returning the closest version found: 96
sty 22, 2022 1:11:24 AM org.openqa.selenium.devtools.CdpVersionFinder findNearestMatch
INFO: Found CDP implementation for version 97 of 96
1642810285201	Marionette	INFO	Marionette enabled
1642810285460	Marionette	INFO	Marionette enabled
1642810285468	Marionette	INFO	Marionette enabled
1642810285468	Marionette	INFO	Marionette enabled
sty 22, 2022 1:11:26 AM org.openqa.selenium.remote.ProtocolHandshake createSession
INFO: Detected dialect: W3C
sty 22, 2022 1:11:26 AM org.openqa.selenium.devtools.CdpVersionFinder findNearestMatch
WARNING: Unable to find an exact match for CDP version 97, so returning the closest version found: 96
sty 22, 2022 1:11:26 AM org.openqa.selenium.devtools.CdpVersionFinder findNearestMatch
INFO: Found CDP implementation for version 97 of 96
sty 22, 2022 1:11:27 AM org.openqa.selenium.remote.ProtocolHandshake createSession
INFO: Detected dialect: W3C
sty 22, 2022 1:11:27 AM org.openqa.selenium.devtools.CdpVersionFinder findNearestMatch
WARNING: Unable to find an exact match for CDP version 97, so returning the closest version found: 96
sty 22, 2022 1:11:27 AM org.openqa.selenium.devtools.CdpVersionFinder findNearestMatch
INFO: Found CDP implementation for version 97 of 96
sty 22, 2022 1:11:27 AM org.openqa.selenium.remote.ProtocolHandshake createSession
INFO: Detected dialect: W3C
sty 22, 2022 1:11:27 AM org.openqa.selenium.devtools.CdpVersionFinder findNearestMatch
WARNING: Unable to find an exact match for CDP version 97, so returning the closest version found: 96
sty 22, 2022 1:11:27 AM org.openqa.selenium.devtools.CdpVersionFinder findNearestMatch
INFO: Found CDP implementation for version 97 of 96
sty 22, 2022 1:11:27 AM org.openqa.selenium.remote.ProtocolHandshake createSession
INFO: Detected dialect: W3C
sty 22, 2022 1:11:27 AM org.openqa.selenium.remote.ProtocolHandshake createSession
INFO: Detected dialect: W3C
sty 22, 2022 1:11:27 AM org.openqa.selenium.devtools.CdpVersionFinder findNearestMatch
WARNING: Unable to find an exact match for CDP version 97, so returning the closest version found: 96
sty 22, 2022 1:11:27 AM org.openqa.selenium.devtools.CdpVersionFinder findNearestMatch
INFO: Found CDP implementation for version 97 of 96
sty 22, 2022 1:11:27 AM org.openqa.selenium.devtools.CdpVersionFinder findNearestMatch
WARNING: Unable to find an exact match for CDP version 97, so returning the closest version found: 96
sty 22, 2022 1:11:27 AM org.openqa.selenium.devtools.CdpVersionFinder findNearestMatch
INFO: Found CDP implementation for version 97 of 96
sty 22, 2022 1:11:27 AM org.openqa.selenium.remote.ProtocolHandshake createSession
INFO: Detected dialect: W3C
sty 22, 2022 1:11:27 AM org.openqa.selenium.remote.ProtocolHandshake createSession
INFO: Detected dialect: W3C
sty 22, 2022 1:11:27 AM org.openqa.selenium.remote.ProtocolHandshake createSession
INFO: Detected dialect: W3C
sty 22, 2022 1:11:27 AM org.openqa.selenium.remote.ProtocolHandshake createSession
INFO: Detected dialect: W3C
sty 22, 2022 1:11:27 AM org.openqa.selenium.devtools.CdpVersionFinder findNearestMatch
WARNING: Unable to find an exact match for CDP version 97, so returning the closest version found: 96
sty 22, 2022 1:11:27 AM org.openqa.selenium.devtools.CdpVersionFinder findNearestMatch
INFO: Found CDP implementation for version 97 of 96
sty 22, 2022 1:11:27 AM org.openqa.selenium.devtools.CdpVersionFinder findNearestMatch
WARNING: Unable to find an exact match for CDP version 97, so returning the closest version found: 96
sty 22, 2022 1:11:27 AM org.openqa.selenium.devtools.CdpVersionFinder findNearestMatch
INFO: Found CDP implementation for version 97 of 96
sty 22, 2022 1:11:27 AM org.openqa.selenium.devtools.CdpVersionFinder findNearestMatch
WARNING: Unable to find an exact match for CDP version 97, so returning the closest version found: 96
sty 22, 2022 1:11:27 AM org.openqa.selenium.devtools.CdpVersionFinder findNearestMatch
INFO: Found CDP implementation for version 97 of 96
sty 22, 2022 1:11:27 AM org.openqa.selenium.devtools.CdpVersionFinder findNearestMatch
WARNING: Unable to find an exact match for CDP version 97, so returning the closest version found: 96
sty 22, 2022 1:11:27 AM org.openqa.selenium.devtools.CdpVersionFinder findNearestMatch
INFO: Found CDP implementation for version 97 of 96
sty 22, 2022 1:11:28 AM org.openqa.selenium.remote.ProtocolHandshake createSession
INFO: Detected dialect: W3C
sty 22, 2022 1:11:28 AM org.openqa.selenium.devtools.CdpVersionFinder findNearestMatch
WARNING: Unable to find an exact match for CDP version 97, so returning the closest version found: 96
sty 22, 2022 1:11:28 AM org.openqa.selenium.devtools.CdpVersionFinder findNearestMatch
INFO: Found CDP implementation for version 97 of 96
sty 22, 2022 1:11:28 AM org.openqa.selenium.remote.ProtocolHandshake createSession
INFO: Detected dialect: W3C
sty 22, 2022 1:11:28 AM org.openqa.selenium.devtools.CdpVersionFinder findNearestMatch
WARNING: Unable to find an exact match for CDP version 97, so returning the closest version found: 96
sty 22, 2022 1:11:28 AM org.openqa.selenium.devtools.CdpVersionFinder findNearestMatch
INFO: Found CDP implementation for version 97 of 96
sty 22, 2022 1:11:28 AM org.openqa.selenium.remote.ProtocolHandshake createSession
INFO: Detected dialect: W3C
sty 22, 2022 1:11:28 AM org.openqa.selenium.remote.ProtocolHandshake createSession
INFO: Detected dialect: W3C
sty 22, 2022 1:11:28 AM org.openqa.selenium.devtools.CdpVersionFinder findNearestMatch
WARNING: Unable to find an exact match for CDP version 97, so returning the closest version found: 96
sty 22, 2022 1:11:28 AM org.openqa.selenium.devtools.CdpVersionFinder findNearestMatch
INFO: Found CDP implementation for version 97 of 96
sty 22, 2022 1:11:28 AM org.openqa.selenium.devtools.CdpVersionFinder findNearestMatch
WARNING: Unable to find an exact match for CDP version 97, so returning the closest version found: 96
sty 22, 2022 1:11:28 AM org.openqa.selenium.devtools.CdpVersionFinder findNearestMatch
INFO: Found CDP implementation for version 97 of 96
console.warn: SearchSettings: "get: No settings file exists, new profile?" (new NotFoundError("Could not open the file at C:\\Users\\Rafa\u0142\\AppData\\Local\\Temp\\rust_mozprofileu2Jni0\\search.json.mozlz4", (void 0)))
console.warn: SearchSettings: "get: No settings file exists, new profile?" (new NotFoundError("Could not open the file at C:\\Users\\Rafa\u0142\\AppData\\Local\\Temp\\rust_mozprofile2Qgzez\\search.json.mozlz4", (void 0)))
console.warn: SearchSettings: "get: No settings file exists, new profile?" (new NotFoundError("Could not open the file at C:\\Users\\Rafa\u0142\\AppData\\Local\\Temp\\rust_mozprofile6gxrCY\\search.json.mozlz4", (void 0)))
console.warn: SearchSettings: "get: No settings file exists, new profile?" (new NotFoundError("Could not open the file at C:\\Users\\Rafa\u0142\\AppData\\Local\\Temp\\rust_mozprofilemdhhLP\\search.json.mozlz4", (void 0)))
console.warn: SearchSettings: "get: No settings file exists, new profile?" (new NotFoundError("Could not open the file at C:\\Users\\Rafa\u0142\\AppData\\Local\\Temp\\rust_mozprofilean6473\\search.json.mozlz4", (void 0)))
console.warn: SearchSettings: "get: No settings file exists, new profile?" (new NotFoundError("Could not open the file at C:\\Users\\Rafa\u0142\\AppData\\Local\\Temp\\rust_mozprofilepcmwxl\\search.json.mozlz4", (void 0)))
DevTools listening on ws://localhost:57331/devtools/browser/886e9019-94a0-4abc-965e-9b83a84f9583
1642810304292	Marionette	INFO	Listening on port 63573
1642810304968	RemoteAgent	WARN	TLS certificate errors will be ignored for this session
sty 22, 2022 1:11:45 AM org.openqa.selenium.remote.ProtocolHandshake createSession
INFO: Detected dialect: W3C
console.warn: SearchSettings: "get: No settings file exists, new profile?" (new NotFoundError("Could not open the file at C:\\Users\\Rafa\u0142\\AppData\\Local\\Temp\\rust_mozprofileMTUuub\\search.json.mozlz4", (void 0)))
console.warn: SearchSettings: "get: No settings file exists, new profile?" (new NotFoundError("Could not open the file at C:\\Users\\Rafa\u0142\\AppData\\Local\\Temp\\rust_mozprofileTrfcdH\\search.json.mozlz4", (void 0)))
DevTools listening on ws://localhost:64730/devtools/browser/c4e8f894-be99-459a-8dc5-07d6dca180aa
DevTools listening on ws://localhost:50797/devtools/browser/331ed44e-3e6e-4343-8006-5238e9a6c695
1642810306137	Marionette	INFO	Listening on port 63570
1642810306436	Marionette	INFO	Listening on port 63574
DevTools listening on ws://localhost:52078/devtools/browser/b83d4e6e-7e2f-4a46-9838-bfc50fac51f3
1642810306787	RemoteAgent	WARN	TLS certificate errors will be ignored for this session
console.warn: SearchSettings: "get: No settings file exists, new profile?" (new NotFoundError("Could not open the file at C:\\Users\\Rafa\u0142\\AppData\\Local\\Temp\\rust_mozprofilenRquEk\\search.json.mozlz4", (void 0)))
sty 22, 2022 1:11:46 AM org.openqa.selenium.remote.ProtocolHandshake createSession
INFO: Detected dialect: W3C
console.warn: SearchSettings: "get: No settings file exists, new profile?" (new NotFoundError("Could not open the file at C:\\Users\\Rafa\u0142\\AppData\\Local\\Temp\\rust_mozprofilekVNprF\\search.json.mozlz4", (void 0)))
DevTools listening on ws://localhost:49346/devtools/browser/0595190b-c12f-4617-b311-3a7930d52fda
1642810307272	Marionette	INFO	Listening on port 63575
1642810307459	RemoteAgent	WARN	TLS certificate errors will be ignored for this session
sty 22, 2022 1:11:47 AM org.openqa.selenium.remote.ProtocolHandshake createSession
INFO: Detected dialect: W3C
]]></system-err>
  </testcase>
  <testcase name="addToCartFeaturedProducts[org.selenium.pom.objects.Product@6e586cb2](1)" classname="org.selenium.pom.tests.AddToCartTest" time="0">
    <system-out><![CDATA[Current Thread: 46
Driver: ChromeDriver: chrome on WINDOWS (4d0a1d8647b0d120cde2efd147ced93c)
Current Thread: 42
Driver: FirefoxDriver: firefox on WINDOWS (b448bd10-b036-41d4-8f2b-f8dff941c639)
Current Thread: 64
Driver: FirefoxDriver: firefox on WINDOWS (4e680ff3-4d30-490c-9220-f5eeab0dded0)
Current Thread: 31
Driver: FirefoxDriver: firefox on WINDOWS (83c11c67-b559-4f22-81ed-eb8abcf6bab0)
]]></system-out>
    <system-err><![CDATA[console.warn: SearchSettings: "get: No settings file exists, new profile?" (new NotFoundError("Could not open the file at C:\\Users\\Rafa\u0142\\AppData\\Local\\Temp\\rust_mozprofileFYy4kZ\\search.json.mozlz4", (void 0)))
console.error: Region.jsm: "Error fetching region" (new AbortError("The operation was aborted. ", (void 0), 770))
console.error: Region.jsm: "Failed to fetch region" (new Error("NO_RESULT", "resource://gre/modules/Region.jsm", 419))
1642810320298	RemoteAgent	WARN	TLS certificate errors will be ignored for this session
sty 22, 2022 1:12:00 AM org.openqa.selenium.remote.ProtocolHandshake createSession
INFO: Detected dialect: W3C
console.warn: TopSitesFeed: Failed to fetch data from Contile server: NetworkError when attempting to fetch resource.
console.error: Region.jsm: "Error fetching region" (new Error("TIMEOUT", "resource://gre/modules/Region.jsm", 772))
console.error: Region.jsm: "Failed to fetch region" (new Error("TIMEOUT", "resource://gre/modules/Region.jsm", 419))
DevTools listening on ws://localhost:52220/devtools/browser/b9c16c04-de36-48f9-afd4-465cfb5960d7
1642810320995	Marionette	INFO	Listening on port 63581
1642810321051	RemoteAgent	WARN	TLS certificate errors will be ignored for this session
sty 22, 2022 1:12:01 AM org.openqa.selenium.remote.ProtocolHandshake createSession
INFO: Detected dialect: W3C
console.error: Region.jsm: "Error fetching region" (new AbortError("The operation was aborted. ", (void 0), 770))
console.error: Region.jsm: "Failed to fetch region" (new Error("NO_RESULT", "resource://gre/modules/Region.jsm", 419))
DevTools listening on ws://localhost:60588/devtools/browser/4316db63-9f4a-4f97-9bc7-ba3b8b610f7f
1642810321284	Marionette	INFO	Listening on port 63571
console.error: Region.jsm: "Error fetching region" (new AbortError("The operation was aborted. ", (void 0), 770))
console.error: Region.jsm: "Failed to fetch region" (new Error("NO_RESULT", "resource://gre/modules/Region.jsm", 419))
console.error: Region.jsm: "Error fetching region" (new Error("TIMEOUT", "resource://gre/modules/Region.jsm", 772))
console.error: Region.jsm: "Failed to fetch region" (new Error("TIMEOUT", "resource://gre/modules/Region.jsm", 419))
1642810321708	RemoteAgent	WARN	TLS certificate errors will be ignored for this session
sty 22, 2022 1:12:01 AM org.openqa.selenium.remote.ProtocolHandshake createSession
INFO: Detected dialect: W3C
]]></system-err>
  </testcase>
  <testcase name="addToCartBraceletsFromStorePage[org.selenium.pom.objects.Product@388ace84](2)" classname="org.selenium.pom.tests.AddToCartTest" time="0.034">
    <system-out><![CDATA[Current Thread: 52
Driver: ChromeDriver: chrome on WINDOWS (04fa49edd77bcd5bdbb93fcfdeace69b)
]]></system-out>
    <system-err><![CDATA[DevTools listening on ws://localhost:57979/devtools/browser/da1d7b56-b051-42fb-950b-f942aa55f403
]]></system-err>
  </testcase>
  <testcase name="addToCartFeaturedProducts[org.selenium.pom.objects.Product@164fb91e](2)" classname="org.selenium.pom.tests.AddToCartTest" time="0.571">
    <system-out><![CDATA[Current Thread: 56
Driver: ChromeDriver: chrome on WINDOWS (a266f00c87121aeb93dfc1de07913b4d)
]]></system-out>
    <system-err><![CDATA[1642810322213	Marionette	INFO	Listening on port 63584
console.error: Region.jsm: "Error fetching region" (new Error("TIMEOUT", "resource://gre/modules/Region.jsm", 772))
console.error: Region.jsm: "Failed to fetch region" (new Error("TIMEOUT", "resource://gre/modules/Region.jsm", 419))
1642810322262	RemoteAgent	WARN	TLS certificate errors will be ignored for this session
sty 22, 2022 1:12:02 AM org.openqa.selenium.remote.ProtocolHandshake createSession
INFO: Detected dialect: W3C
]]></system-err>
  </testcase>
  <testcase name="addToCartFeaturedProducts[org.selenium.pom.objects.Product@55b22d2](3)" classname="org.selenium.pom.tests.AddToCartTest" time="0">
    <system-out><![CDATA[Current Thread: 61
Driver: ChromeDriver: chrome on WINDOWS (136bedc8d3776dcd46ae50b230b63bf2)
Current Thread: 36
Driver: FirefoxDriver: firefox on WINDOWS (fecc54b8-ae7a-4dbc-896d-79e32a539232)
]]></system-out>
    <system-err><![CDATA[console.error: Region.jsm: "Error fetching region" (new Error("TIMEOUT", "resource://gre/modules/Region.jsm", 772))
console.error: Region.jsm: "Failed to fetch region" (new Error("TIMEOUT", "resource://gre/modules/Region.jsm", 419))
DevTools listening on ws://localhost:59098/devtools/browser/f9e75346-49bb-4b23-b172-e68ccb88c607
1642810322608	Marionette	INFO	Listening on port 63589
DevTools listening on ws://localhost:53410/devtools/browser/e7acc050-835f-4101-9534-f1ece0e84699
1642810322711	Marionette	INFO	Listening on port 63586
1642810322850	RemoteAgent	WARN	TLS certificate errors will be ignored for this session
1642810322954	Marionette	INFO	Listening on port 63572
DevTools listening on ws://localhost:49232/devtools/browser/f6d8aa76-e0c8-48fa-b453-ac14b51f927d
1642810323020	RemoteAgent	WARN	TLS certificate errors will be ignored for thsty 22, 2022 1:12:03 AM org.openqa.selenium.remote.ProtocolHandshake createSession
INFO: Detected dialect: W3C
sty 22, 2022 1:12:03 AM org.openqa.selenium.remote.ProtocolHandshake createSession
INFO: Detected dialect: W3C
is session
]]></system-err>
  </testcase>
  <testcase name="addToCartFromStorePage" classname="org.selenium.pom.tests.AddToCartTest" time="0">
    <system-out><![CDATA[Current Thread: 38
Driver: ChromeDriver: chrome on WINDOWS (df3e1b98f98b913b47ccdc196ba29217)
Current Thread: 55
Driver: FirefoxDriver: firefox on WINDOWS (4fd03689-1183-4155-9645-7a151857b46d)
Current Thread: 59
Driver: FirefoxDriver: firefox on WINDOWS (64b10ad0-47ff-4c35-9a37-acaeb02fec0c)
]]></system-out>
    <system-err><![CDATA[sty 22, 2022 1:12:03 AM org.openqa.selenium.remote.ProtocolHandshake createSession
INFO: Detected dialect: W3C
1642810323650	Marionette	INFO	Listening on port 63578
DevTools listening on ws://localhost:61812/devtools/browser/d897d71c-740a-4765-9378-9e46f12f048f
1642810323818	Marionette	INFO	Listening on port 63596
]]></system-err>
  </testcase>
  <testcase name="addToCartFromStorePage" classname="org.selenium.pom.tests.AddToCartTest" time="11.054">
    <system-out><![CDATA[Current Thread: 60
Driver: FirefoxDriver: firefox on WINDOWS (95a80569-a445-46b1-ad98-221e3d494565)
Current Thread: 59
Driver: FirefoxDriver: firefox on WINDOWS (64b10ad0-47ff-4c35-9a37-acaeb02fec0c)
Overlays size: 2
Overlays size: 0
Overlays not found
Overlays size: 2
Overlays size: 0
Overlays not found
Overlays size: 2
]]></system-out>
    <system-err><![CDATA[avaScript16 4281e0r3r3o690r0:	 Mraersioounertctee:	/W/AgRrNe	/Tmoidulmeesd/PXrUoLmSitsoer et.ijsm, line 66: Emrreodr :o uCatn 'atf tfeirn d5 0p0r omfsi:l es tdaicrketcrtaocry.
JavaeS:cr
iTpitm eedrPrroorm:i sree/so<u@rce://gre/modules/XcUhLStroormee:./j/srme, mloitnee/ c6o6n:t eEnrtr/omrar: iCoanent'tte /fsiynncd. jpsr:o2f3i9l:e1 9di
rTeicmteodrPryo.mi
se@chrome://remote/content/marionette/sync.js:224:10
interaction.flushEventLoop@chrome://remote/content/marionette/interaction.js:431:10
webdriverClickElement@chrome://remote/content/marionette/interaction.js:179:31
1642810337482	Marionette	INFO	Stopped listening on port 63589
JavaScript error: resource://gre/modules/CrashManager.jsm, line 828: AbortError: IOUtils: Shutting down and refusing additional I/O tasks
1642810337741	Marionette	INFO	Stopped listening on port 63572
JavaScript error: resource://gre/modules/CrashManager.jsm, line 828: AbortError: IOUtils: Shutting down and refusing additional I/O tasks
JavaScript error: resource://gre/modules/CrashManager.jsm, line 828: AbortError: IOUtils: Shutting down and refusing additional I/O tasks
JavaScript error: resource://gre/modules/CrashManager.jsm, line 828: AbortError: IOUtils: Shutting down and refusing additional I/O tasks
1642810338646	Marionette	WARN	TimedPromise timed out after 500 ms: stacktrace:
TimedPromise/<@chrome://remote/content/marionette/sync.js:239:19
TimedPromise@chrome://remote/content/marionette/sync.js:224:10
interaction.flushEventLoop@chrome://remote/content/marionette/interaction.js:431:10
webdriverClickElement@chrome://remote/content/marionette/interaction.js:179:31
JavaScript error: resource://gre/modules/CrashManager.jsm, line 828: AbortError: IOUtils: Shutting down and refusing additional I/O tasks
Jav]]></system-err>
  </testcase>
  <testcase name="addToCartFeaturedProducts[org.selenium.pom.objects.Product@3a3f5dd4](4)" classname="org.selenium.pom.tests.AddToCartTest" time="0.154">
    <system-out><![CDATA[Current Thread: 32
Driver: ChromeDriver: chrome on WINDOWS (e6eaadb9c101c2f76878b3f0690061ce)
]]></system-out>
    <system-err><![CDATA[1642810324065	RemoteAgent	WARN	TLS certificate errors will be ignored for this session
sty 22, 2022 1:12:04 AM org.openqa.selenium.remote.ProtocolHandshake createSession
INFO: Detected dialect: W3C
1642810324171	RemoteAgent	WARN	TLS certificate errors will be ignored for this session
sty 22, 2022 1:12:04 AM org.openqa.selenium.remote.ProtocolHandshake createSession
INFO: Detected dialect: W3C
]]></system-err>
  </testcase>
  <testcase name="addToCartFeaturedProducts[org.selenium.pom.objects.Product@613167da](5)" classname="org.selenium.pom.tests.AddToCartTest" time="0.154">
    <system-out><![CDATA[Current Thread: 63
Driver: ChromeDriver: chrome on WINDOWS (339c3f6814c0b1c573cec3fd2366cfe0)
]]></system-out>
  </testcase>
  <testcase name="addToCartFeaturedProducts[org.selenium.pom.objects.Product@5066ba4e](1)" classname="org.selenium.pom.tests.AddToCartTest" time="0.084">
    <system-out><![CDATA[Current Thread: 57
Driver: ChromeDriver: chrome on WINDOWS (3d488adbfd80fa7b29cda7156245ef04)
Current Thread: 48
Driver: FirefoxDriver: firefox on WINDOWS (57084d0c-6e6f-41b1-9099-6322b200ee32)
Current Thread: 40
Driver: FirefoxDriver: firefox on WINDOWS (a4b5ecdb-5167-4d89-8150-925ccf66af64)
<html lang="en-US">
  <head>
    <meta charset="UTF-8"/>
    <meta name="viewport" content="width=device-width, initial-scale=1"/>
    <link rel="profile" href="https://gmpg.org/xfn/11"/>
    <title>Account – AskOmDch</title>
    <meta name="robots" content="max-image-preview:large, noindex, follow"/>
    <link id="astra-theme-css-css" rel="stylesheet" href="https://askomdch.com/wp-content/themes/astra/assets/css/minified/frontend.min.css?ver=3.7.5" media="all"/>
    <style id="astra-theme-css-inline-css">
html{font-size:93.75%;}a,.page-title{color:#4e4e4e;}a:hover,a:focus{color:#0084d6;}body,button,input,select,textarea,.ast-button,.ast-custom-button{font-family:'Lato',sans-serif;font-weight:400;font-size:15px;font-size:1rem;}blockquote{color:#000000;}h1,.entry-content h1,.entry-content h1 a,h2,.entry-content h2,.entry-content h2 a,h3,.entry-content h3,.entry-content h3 a,h4,.entry-content h4,.entry-content h4 a,h5,.entry-content h5,.entry-content h5 a,h6,.entry-content h6,.entry-content h6 a,.site-title,.site-title a{font-family:'Lato',sans-serif;font-weight:700;}.site-title{font-size:35px;font-size:2.3333333333333rem;display:block;}header .custom-logo-link img{max-width:140px;}.astra-logo-svg{width:140px;}.ast-archive-description .ast-archive-title{font-size:40px;font-size:2.6666666666667rem;}.site-header .site-description{font-size:15px;font-size:1rem;display:none;}.entry-title{font-size:30px;font-size:2rem;}h1,.entry-content h1,.entry-content h1 a{font-size:58px;font-size:3.8666666666667rem;font-family:'Lato',sans-serif;}h2,.entry-content h2,.entry-content h2 a{font-size:42px;font-size:2.8rem;font-family:'Lato',sans-serif;}h3,.entry-content h3,.entry-content h3 a{font-size:30px;font-size:2rem;font-family:'Lato',sans-serif;}h4,.entry-content h4,.entry-content h4 a{font-size:20px;font-size:1.3333333333333rem;font-family:'Lato',sans-serif;}h5,.entry-content h5,.entry-content h5 a{font-size:18px;font-size:1.2rem;font-family:'Lato',sans-serif;}h6,.entry-content h6,.entry-content h6 a{font-size:15px;font-size:1rem;font-family:'Lato',sans-serif;}.ast-single-post .entry-title,.page-title{font-size:30px;font-size:2rem;}::selection{background-color:#54595f;color:#ffffff;}body,h1,.entry-title a,.entry-content h1,.entry-content h1 a,h2,.entry-content h2,.entry-content h2 a,h3,.entry-content h3,.entry-content h3 a,h4,.entry-content h4,.entry-content h4 a,h5,.entry-content h5,.entry-content h5 a,h6,.entry-content h6,.entry-content h6 a{color:#333333;}.tagcloud a:hover,.tagcloud a:focus,.tagcloud a.current-item{color:#ffffff;border-color:#4e4e4e;background-color:#4e4e4e;}input:focus,input[type="text"]:focus,input[type="email"]:focus,input[type="url"]:focus,input[type="password"]:focus,input[type="reset"]:focus,input[type="search"]:focus,textarea:focus{border-color:#4e4e4e;}input[type="radio"]:checked,input[type=reset],input[type="checkbox"]:checked,input[type="checkbox"]:hover:checked,input[type="checkbox"]:focus:checked,input[type=range]::-webkit-slider-thumb{border-color:#4e4e4e;background-color:#4e4e4e;box-shadow:none;}.site-footer a:hover + .post-count,.site-footer a:focus + .post-count{background:#4e4e4e;border-color:#4e4e4e;}.single .nav-links .nav-previous,.single .nav-links .nav-next{color:#4e4e4e;}.entry-meta,.entry-meta *{line-height:1.45;color:#4e4e4e;}.entry-meta a:hover,.entry-meta a:hover *,.entry-meta a:focus,.entry-meta a:focus *,.page-links &gt; .page-link,.page-links .page-link:hover,.post-navigation a:hover{color:#0084d6;}#cat option,.secondary .calendar_wrap thead a,.secondary .calendar_wrap thead a:visited{color:#4e4e4e;}.secondary .calendar_wrap #today,.ast-progress-val span{background:#4e4e4e;}.secondary a:hover + .post-count,.secondary a:focus + .post-count{background:#4e4e4e;border-color:#4e4e4e;}.calendar_wrap #today &gt; a{color:#ffffff;}.page-links .page-link,.single .post-navigation a{color:#4e4e4e;}.widget-title{font-size:21px;font-size:1.4rem;color:#333333;}@media (max-width:921px){#ast-desktop-header{display:none;}}@media (min-width:921px){#ast-mobile-header{display:none;}}.ast-site-header-cart .cart-container,.ast-edd-site-header-cart .ast-edd-cart-container {transition: all 0.2s linear;}.ast-site-header-cart .ast-woo-header-cart-info-wrap,.ast-edd-site-header-cart .ast-edd-header-cart-info-wrap {padding: 0 2px;font-weight: 600;line-height: 2.7;display: inline-block;}.ast-site-header-cart i.astra-icon {font-size: 20px;font-size: 1.3em;font-style: normal;font-weight: normal;position: relative;padding: 0 2px;}.ast-site-header-cart i.astra-icon.no-cart-total:after,.ast-header-break-point.ast-header-custom-item-outside .ast-edd-header-cart-info-wrap,.ast-header-break-point.ast-header-custom-item-outside .ast-woo-header-cart-info-wrap {display: none;}.ast-site-header-cart.ast-menu-cart-fill i.astra-icon,.ast-edd-site-header-cart.ast-edd-menu-cart-fill span.astra-icon {font-size: 1.1em;}.astra-cart-drawer {position: fixed;display: block;visibility: hidden;overflow: auto;-webkit-overflow-scrolling: touch;z-index: 9999;background-color: #fff;transition: all 0.5s ease;transform: translate3d(0,0,0);}.astra-cart-drawer.open-right {width: 80%;height: 100%;left: 100%;top: 0px;transform: translate3d(0%,0,0);}.astra-cart-drawer.active {transform: translate3d(-100%,0,0);visibility: visible;}.astra-cart-drawer .astra-cart-drawer-header {text-align: center;text-transform: uppercase;font-weight: 400;border-bottom: 1px solid #f0f0f0;padding: 0 0 0.675rem;}.astra-cart-drawer .astra-cart-drawer-close .ast-close-svg {width: 22px;height: 22px; }.astra-cart-drawer .astra-cart-drawer-title {padding-top: 5px;}.astra-cart-drawer .astra-cart-drawer-content .woocommerce-mini-cart {padding: 1em 1.5em;}.astra-cart-drawer .astra-cart-drawer-content .woocommerce-mini-cart a.remove {width: 20px;height: 20px;line-height: 16px;}.astra-cart-drawer .astra-cart-drawer-content .woocommerce-mini-cart__total {padding: 1em 1.5em;margin: 0;text-align: center;}.astra-cart-drawer .astra-cart-drawer-content .woocommerce-mini-cart__buttons {padding: 10px;text-align: center;} .astra-cart-drawer .astra-cart-drawer-content .woocommerce-mini-cart__buttons .button.checkout {margin-right: 0;}.astra-cart-drawer .astra-cart-drawer-content .edd-cart-item {padding: .5em 2.6em .5em 1.5em;}.astra-cart-drawer .astra-cart-drawer-content .edd-cart-item .edd-remove-from-cart::after {width: 20px;height: 20px;line-height: 16px;}.astra-cart-drawer .astra-cart-drawer-content .edd-cart-number-of-items {padding: 1em 1.5em 1em 1.5em;margin-bottom: 0;text-align: center;}.astra-cart-drawer .astra-cart-drawer-content .edd_total {padding: .5em 1.5em;margin: 0;text-align: center;}.astra-cart-drawer .astra-cart-drawer-content .cart_item.edd_checkout {padding: 1em 1.5em 0;text-align: center;margin-top: 0;}.astra-cart-drawer .woocommerce-mini-cart__empty-message,.astra-cart-drawer .cart_item.empty {text-align: center;margin-top: 10px;}body.admin-bar .astra-cart-drawer {padding-top: 32px;}body.admin-bar .astra-cart-drawer .astra-cart-drawer-close {top: 32px;}@media (max-width: 782px) {body.admin-bar .astra-cart-drawer {padding-top: 46px;}body.admin-bar .astra-cart-drawer .astra-cart-drawer-close {top: 46px;}}.ast-mobile-cart-active body.ast-hfb-header {overflow: hidden;}.ast-mobile-cart-active .astra-mobile-cart-overlay {opacity: 1;cursor: pointer;visibility: visible;z-index: 999;}@media (max-width: 545px) {.astra-cart-drawer.active {width: 100%;}}.ast-site-header-cart i.astra-icon:after {content: attr(data-cart-total);position: absolute;font-style: normal;top: -10px;right: -12px;font-weight: bold;box-shadow: 1px 1px 3px 0px rgba(0,0,0,0.3);font-size: 11px;padding-left: 0px;padding-right: 2px;line-height: 17px;letter-spacing: -.5px;height: 18px;min-width: 18px;border-radius: 99px;text-align: center;z-index: 3;}li.woocommerce-custom-menu-item .ast-site-header-cart i.astra-icon:after,li.edd-custom-menu-item .ast-edd-site-header-cart span.astra-icon:after {padding-left: 2px;}.astra-cart-drawer .astra-cart-drawer-close {position: absolute;top: 0;right: 0;margin: 0;padding: .6em 1em .4em;color: #ababab;background-color: transparent;}.astra-mobile-cart-overlay {background-color: rgba(0,0,0,0.4);position: fixed;top: 0;right: 0;bottom: 0;left: 0;visibility: hidden;opacity: 0;transition: opacity 0.2s ease-in-out;}.astra-cart-drawer .astra-cart-drawer-content .edd-cart-item .edd-remove-from-cart {right: 1.2em;}.ast-header-break-point.ast-woocommerce-cart-menu.ast-hfb-header .ast-cart-menu-wrap,.ast-header-break-point.ast-hfb-header .ast-cart-menu-wrap,.ast-header-break-point .ast-edd-site-header-cart-wrap .ast-edd-cart-menu-wrap {width: 2em;height: 2em;font-size: 1.4em;line-height: 2;vertical-align: middle;text-align: right;}.ast-site-header-cart.ast-menu-cart-outline .ast-cart-menu-wrap,.ast-site-header-cart.ast-menu-cart-fill .ast-cart-menu-wrap,.ast-edd-site-header-cart.ast-edd-menu-cart-outline .ast-edd-cart-menu-wrap,.ast-edd-site-header-cart.ast-edd-menu-cart-fill .ast-edd-cart-menu-wrap {line-height: 1.8;}.ast-site-header-cart .cart-container *,.ast-edd-site-header-cart .ast-edd-cart-container * {transition: all 0s linear;}.wp-block-buttons.aligncenter{justify-content:center;}@media (min-width:1200px){.wp-block-group .has-background{padding:20px;}}@media (min-width:1200px){.ast-no-sidebar.ast-separate-container .entry-content .wp-block-group.alignwide,.ast-no-sidebar.ast-separate-container .entry-content .wp-block-cover.alignwide{margin-left:-20px;margin-right:-20px;padding-left:20px;padding-right:20px;}.ast-no-sidebar.ast-separate-container .entry-content .wp-block-cover.alignfull,.ast-no-sidebar.ast-separate-container .entry-content .wp-block-group.alignfull{margin-left:-6.67em;margin-right:-6.67em;padding-left:6.67em;padding-right:6.67em;}}@media (min-width:1200px){.wp-block-cover-image.alignwide .wp-block-cover__inner-container,.wp-block-cover.alignwide .wp-block-cover__inner-container,.wp-block-cover-image.alignfull .wp-block-cover__inner-container,.wp-block-cover.alignfull .wp-block-cover__inner-container{width:100%;}}.ast-plain-container.ast-no-sidebar #primary{margin-top:0;margin-bottom:0;}@media (max-width:921px){.ast-theme-transparent-header #primary,.ast-theme-transparent-header #secondary{padding:0;}}.wp-block-columns{margin-bottom:unset;}.wp-block-image.size-full{margin:2rem 0;}.wp-block-separator.has-background{padding:0;}.wp-block-gallery{margin-bottom:1.6em;}.wp-block-group{padding-top:4em;padding-bottom:4em;}.wp-block-group__inner-container .wp-block-columns:last-child,.wp-block-group__inner-container :last-child,.wp-block-table table{margin-bottom:0;}.blocks-gallery-grid{width:100%;}.wp-block-navigation-link__content{padding:5px 0;}.wp-block-group .wp-block-group .has-text-align-center,.wp-block-group .wp-block-column .has-text-align-center{max-width:100%;}.has-text-align-center{margin:0 auto;}@media (min-width:1200px){.wp-block-cover__inner-container,.alignwide .wp-block-group__inner-container,.alignfull .wp-block-group__inner-container{max-width:1200px;margin:0 auto;}.wp-block-group.alignnone,.wp-block-group.aligncenter,.wp-block-group.alignleft,.wp-block-group.alignright,.wp-block-group.alignwide,.wp-block-columns.alignwide{margin:2rem 0 1rem 0;}}@media (max-width:1200px){.wp-block-group{padding:3em;}.wp-block-group .wp-block-group{padding:1.5em;}.wp-block-columns,.wp-block-column{margin:1rem 0;}}@media (min-width:921px){.wp-block-columns .wp-block-group{padding:2em;}}@media (max-width:544px){.wp-block-cover-image .wp-block-cover__inner-container,.wp-block-cover .wp-block-cover__inner-container{width:unset;}.wp-block-cover,.wp-block-cover-image{padding:2em 0;}.wp-block-group,.wp-block-cover{padding:2em;}.wp-block-media-text__media img,.wp-block-media-text__media video{width:unset;max-width:100%;}.wp-block-media-text.has-background .wp-block-media-text__content{padding:1em;}}@media (max-width:921px){.ast-plain-container.ast-no-sidebar #primary{padding:0;}}@media (min-width:544px){.entry-content .wp-block-media-text.has-media-on-the-right .wp-block-media-text__content{padding:0 8% 0 0;}.entry-content .wp-block-media-text .wp-block-media-text__content{padding:0 0 0 8%;}.ast-plain-container .site-content .entry-content .has-custom-content-position.is-position-bottom-left &gt; *,.ast-plain-container .site-content .entry-content .has-custom-content-position.is-position-bottom-right &gt; *,.ast-plain-container .site-content .entry-content .has-custom-content-position.is-position-top-left &gt; *,.ast-plain-container .site-content .entry-content .has-custom-content-position.is-position-top-right &gt; *,.ast-plain-container .site-content .entry-content .has-custom-content-position.is-position-center-right &gt; *,.ast-plain-container .site-content .entry-content .has-custom-content-position.is-position-center-left &gt; *{margin:0;}}@media (max-width:544px){.entry-content .wp-block-media-text .wp-block-media-text__content{padding:8% 0;}.wp-block-media-text .wp-block-media-text__media img{width:auto;max-width:100%;}}@media (max-width:921px){.ast-separate-container .ast-article-post,.ast-separate-container .ast-article-single{padding:1.5em 2.14em;}.ast-separate-container #primary,.ast-separate-container #secondary{padding:1.5em 0;}#primary,#secondary{padding:1.5em 0;margin:0;}.ast-left-sidebar #content &gt; .ast-container{display:flex;flex-direction:column-reverse;width:100%;}.ast-author-box img.avatar{margin:20px 0 0 0;}}@media (min-width:922px){.ast-separate-container.ast-right-sidebar #primary,.ast-separate-container.ast-left-sidebar #primary{border:0;}.search-no-results.ast-separate-container #primary{margin-bottom:4em;}}.elementor-button-wrapper .elementor-button{border-style:solid;text-decoration:none;border-top-width:0;border-right-width:0;border-left-width:0;border-bottom-width:0;}body .elementor-button.elementor-size-sm,body .elementor-button.elementor-size-xs,body .elementor-button.elementor-size-md,body .elementor-button.elementor-size-lg,body .elementor-button.elementor-size-xl,body .elementor-button{border-radius:0;padding-top:17px;padding-right:30px;padding-bottom:17px;padding-left:30px;}.elementor-button-wrapper .elementor-button{border-color:#3197d6;background-color:#3197d6;}.elementor-button-wrapper .elementor-button:hover,.elementor-button-wrapper .elementor-button:focus{color:#ffffff;background-color:#0084d6;border-color:#0084d6;}.wp-block-button .wp-block-button__link ,.elementor-button-wrapper .elementor-button,.elementor-button-wrapper .elementor-button:visited{color:#ffffff;}.elementor-button-wrapper .elementor-button{font-family:inherit;font-weight:inherit;line-height:1;text-transform:uppercase;letter-spacing:1px;}body .elementor-button.elementor-size-sm,body .elementor-button.elementor-size-xs,body .elementor-button.elementor-size-md,body .elementor-button.elementor-size-lg,body .elementor-button.elementor-size-xl,body .elementor-button{font-size:15px;font-size:1rem;}.wp-block-button .wp-block-button__link:hover,.wp-block-button .wp-block-button__link:focus{color:#ffffff;background-color:#0084d6;border-color:#0084d6;}.wp-block-button .wp-block-button__link{border-style:solid;border-top-width:0;border-right-width:0;border-left-width:0;border-bottom-width:0;border-color:#3197d6;background-color:#3197d6;color:#ffffff;font-family:inherit;font-weight:inherit;line-height:1;text-transform:uppercase;letter-spacing:1px;font-size:15px;font-size:1rem;border-radius:0;}.wp-block-buttons .wp-block-button .wp-block-button__link{padding-top:17px;padding-right:30px;padding-bottom:17px;padding-left:30px;}.menu-toggle,button,.ast-button,.ast-custom-button,.button,input#submit,input[type="button"],input[type="submit"],input[type="reset"]{border-style:solid;border-top-width:0;border-right-width:0;border-left-width:0;border-bottom-width:0;color:#ffffff;border-color:#3197d6;background-color:#3197d6;border-radius:0;padding-top:17px;padding-right:30px;padding-bottom:17px;padding-left:30px;font-family:inherit;font-weight:inherit;font-size:15px;font-size:1rem;line-height:1;text-transform:uppercase;letter-spacing:1px;}button:focus,.menu-toggle:hover,button:hover,.ast-button:hover,.ast-custom-button:hover .button:hover,.ast-custom-button:hover ,input[type=reset]:hover,input[type=reset]:focus,input#submit:hover,input#submit:focus,input[type="button"]:hover,input[type="button"]:focus,input[type="submit"]:hover,input[type="submit"]:focus{color:#ffffff;background-color:#0084d6;border-color:#0084d6;}@media (min-width:544px){.ast-container{max-width:100%;}}@media (max-width:544px){.ast-separate-container .ast-article-post,.ast-separate-container .ast-article-single,.ast-separate-container .comments-title,.ast-separate-container .ast-archive-description{padding:1.5em 1em;}.ast-separate-container #content .ast-container{padding-left:0.54em;padding-right:0.54em;}.ast-separate-container .ast-comment-list li.depth-1{padding:1.5em 1em;margin-bottom:1.5em;}.ast-separate-container .ast-comment-list .bypostauthor{padding:.5em;}.ast-search-menu-icon.ast-dropdown-active .search-field{width:170px;}}@media (max-width:921px){.ast-mobile-header-stack .main-header-bar .ast-search-menu-icon{display:inline-block;}.ast-header-break-point.ast-header-custom-item-outside .ast-mobile-header-stack .main-header-bar .ast-search-icon{margin:0;}.ast-comment-avatar-wrap img{max-width:2.5em;}.ast-separate-container .ast-comment-list li.depth-1{padding:1.5em 2.14em;}.ast-separate-container .comment-respond{padding:2em 2.14em;}.ast-comment-meta{padding:0 1.8888em 1.3333em;}}body,.ast-separate-container{background-color:#f9f9f9;;}.ast-no-sidebar.ast-separate-container .entry-content .alignfull {margin-left: -6.67em;margin-right: -6.67em;width: auto;}@media (max-width: 1200px) {.ast-no-sidebar.ast-separate-container .entry-content .alignfull {margin-left: -2.4em;margin-right: -2.4em;}}@media (max-width: 768px) {.ast-no-sidebar.ast-separate-container .entry-content .alignfull {margin-left: -2.14em;margin-right: -2.14em;}}@media (max-width: 544px) {.ast-no-sidebar.ast-separate-container .entry-content .alignfull {margin-left: -1em;margin-right: -1em;}}.ast-no-sidebar.ast-separate-container .entry-content .alignwide {margin-left: -20px;margin-right: -20px;}.ast-no-sidebar.ast-separate-container .entry-content .wp-block-column .alignfull,.ast-no-sidebar.ast-separate-container .entry-content .wp-block-column .alignwide {margin-left: auto;margin-right: auto;width: 100%;}@media (max-width:921px){.site-title{display:block;}.ast-archive-description .ast-archive-title{font-size:40px;}.site-header .site-description{display:none;}.entry-title{font-size:30px;}h1,.entry-content h1,.entry-content h1 a{font-size:30px;}h2,.entry-content h2,.entry-content h2 a{font-size:25px;}h3,.entry-content h3,.entry-content h3 a{font-size:20px;}.ast-single-post .entry-title,.page-title{font-size:30px;}.astra-logo-svg{width:120px;}header .custom-logo-link img,.ast-header-break-point .site-logo-img .custom-mobile-logo-link img{max-width:120px;}}@media (max-width:544px){.site-title{display:block;}.ast-archive-description .ast-archive-title{font-size:40px;}.site-header .site-description{display:none;}.entry-title{font-size:30px;}h1,.entry-content h1,.entry-content h1 a{font-size:30px;}h2,.entry-content h2,.entry-content h2 a{font-size:25px;}h3,.entry-content h3,.entry-content h3 a{font-size:20px;}.ast-single-post .entry-title,.page-title{font-size:30px;}header .custom-logo-link img,.ast-header-break-point .site-branding img,.ast-header-break-point .custom-logo-link img{max-width:120px;}.astra-logo-svg{width:120px;}.ast-header-break-point .site-logo-img .custom-mobile-logo-link img{max-width:120px;}}@media (max-width:921px){html{font-size:85.5%;}}@media (max-width:544px){html{font-size:85.5%;}}@media (min-width:922px){.ast-container{max-width:1240px;}}@font-face {font-family: "Astra";src: url(https://askomdch.com/wp-content/themes/astra/assets/fonts/astra.woff) format("woff"),url(https://askomdch.com/wp-content/themes/astra/assets/fonts/astra.ttf) format("truetype"),url(https://askomdch.com/wp-content/themes/astra/assets/fonts/astra.svg#astra) format("svg");font-weight: normal;font-style: normal;font-display: fallback;}@media (min-width:922px){.main-header-menu .sub-menu .menu-item.ast-left-align-sub-menu:hover &gt; .sub-menu,.main-header-menu .sub-menu .menu-item.ast-left-align-sub-menu.focus &gt; .sub-menu{margin-left:-2px;}}.ast-theme-transparent-header [data-section="section-header-mobile-trigger"] .ast-button-wrap .ast-mobile-menu-trigger-minimal{background:transparent;}.footer-widget-area[data-section^="section-fb-html-"] .ast-builder-html-element{text-align:center;}.astra-icon-down_arrow::after {content: "\e900";font-family: Astra;}.astra-icon-close::after {content: "\e5cd";font-family: Astra;}.astra-icon-drag_handle::after {content: "\e25d";font-family: Astra;}.astra-icon-format_align_justify::after {content: "\e235";font-family: Astra;}.astra-icon-menu::after {content: "\e5d2";font-family: Astra;}.astra-icon-reorder::after {content: "\e8fe";font-family: Astra;}.astra-icon-search::after {content: "\e8b6";font-family: Astra;}.astra-icon-zoom_in::after {content: "\e56b";font-family: Astra;}.astra-icon-check-circle::after {content: "\e901";font-family: Astra;}.astra-icon-shopping-cart::after {content: "\f07a";font-family: Astra;}.astra-icon-shopping-bag::after {content: "\f290";font-family: Astra;}.astra-icon-shopping-basket::after {content: "\f291";font-family: Astra;}.astra-icon-circle-o::after {content: "\e903";font-family: Astra;}.astra-icon-certificate::after {content: "\e902";font-family: Astra;}blockquote {padding: 1.2em;}.ast-header-break-point .ast-mobile-header-wrap .ast-above-header-wrap .main-header-bar-navigation .inline-on-mobile .menu-item .menu-link,.ast-header-break-point .ast-mobile-header-wrap .ast-main-header-wrap .main-header-bar-navigation .inline-on-mobile .menu-item .menu-link,.ast-header-break-point .ast-mobile-header-wrap .ast-below-header-wrap .main-header-bar-navigation .inline-on-mobile .menu-item .menu-link {border: none;}.ast-header-break-point .ast-mobile-header-wrap .ast-above-header-wrap .main-header-bar-navigation .inline-on-mobile .menu-item-has-children &gt; .ast-menu-toggle::before,.ast-header-break-point .ast-mobile-header-wrap .ast-main-header-wrap .main-header-bar-navigation .inline-on-mobile .menu-item-has-children &gt; .ast-menu-toggle::before,.ast-header-break-point .ast-mobile-header-wrap .ast-below-header-wrap .main-header-bar-navigation .inline-on-mobile .menu-item-has-children &gt; .ast-menu-toggle::before {font-size: .6rem;}.ast-header-break-point .ast-mobile-header-wrap .ast-flex.inline-on-mobile {flex-wrap: unset;}.ast-header-break-point .ast-mobile-header-wrap .ast-flex.inline-on-mobile .menu-item.ast-submenu-expanded &gt; .sub-menu .menu-link {padding: .1em 1em;}.ast-header-break-point .ast-mobile-header-wrap .ast-flex.inline-on-mobile .menu-item.ast-submenu-expanded &gt; .sub-menu &gt; .menu-item .ast-menu-toggle::before {transform: rotate(-90deg);}.ast-header-break-point .ast-mobile-header-wrap .ast-flex.inline-on-mobile .menu-item.ast-submenu-expanded &gt; .sub-menu &gt; .menu-item.ast-submenu-expanded .ast-menu-toggle::before {transform: rotate(-270deg);}.ast-header-break-point .ast-mobile-header-wrap .ast-flex.inline-on-mobile .menu-item &gt; .sub-menu &gt; .menu-item .menu-link:before {content: none;}.ast-header-break-point .ast-mobile-header-wrap .ast-flex.inline-on-mobile {flex-wrap: unset;}.ast-header-break-point .ast-mobile-header-wrap .ast-flex.inline-on-mobile .menu-item.ast-submenu-expanded &gt; .sub-menu .menu-link {padding: .1em 1em;}.ast-header-break-point .ast-mobile-header-wrap .ast-flex.inline-on-mobile .menu-item.ast-submenu-expanded &gt; .sub-menu &gt; .menu-item .ast-menu-toggle::before {transform: rotate(-90deg);}.ast-header-break-point .ast-mobile-header-wrap .ast-flex.inline-on-mobile .menu-item.ast-submenu-expanded &gt; .sub-menu &gt; .menu-item.ast-submenu-expanded .ast-menu-toggle::before {transform: rotate(-270deg);}.ast-header-break-point .ast-mobile-header-wrap .ast-flex.inline-on-mobile .menu-item &gt; .sub-menu &gt; .menu-item .menu-link:before {content: none;}.ast-header-break-point .inline-on-mobile .sub-menu {width: 150px;}.ast-header-break-point .ast-mobile-header-wrap .ast-flex.inline-on-mobile .menu-item.menu-item-has-children {margin-right: 10px;}.ast-header-break-point .ast-mobile-header-wrap .ast-flex.inline-on-mobile .menu-item.ast-submenu-expanded &gt; .sub-menu {display: block;position: absolute;right: auto;left: 0;}.ast-header-break-point .ast-mobile-header-wrap .ast-flex.inline-on-mobile .menu-item.ast-submenu-expanded &gt; .sub-menu .menu-item .ast-menu-toggle {padding: 0;right: 1em;}.ast-header-break-point .ast-mobile-header-wrap .ast-flex.inline-on-mobile .menu-item.ast-submenu-expanded &gt; .sub-menu &gt; .menu-item &gt; .sub-menu {left: 100%;right: auto;}.ast-header-break-point .ast-mobile-header-wrap .ast-flex.inline-on-mobile .ast-menu-toggle {right: -15px;}.ast-header-break-point .ast-mobile-header-wrap .ast-flex.inline-on-mobile .menu-item.menu-item-has-children {margin-right: 10px;}.ast-header-break-point .ast-mobile-header-wrap .ast-flex.inline-on-mobile .menu-item.ast-submenu-expanded &gt; .sub-menu {display: block;position: absolute;right: auto;left: 0;}.ast-header-break-point .ast-mobile-header-wrap .ast-flex.inline-on-mobile .menu-item.ast-submenu-expanded &gt; .sub-menu &gt; .menu-item &gt; .sub-menu {left: 100%;right: auto;}.ast-header-break-point .ast-mobile-header-wrap .ast-flex.inline-on-mobile .ast-menu-toggle {right: -15px;}:root .has-ast-global-color-0-color{color:var(--ast-global-color-0);}:root .has-ast-global-color-0-background-color{background-color:var(--ast-global-color-0);}:root .wp-block-button .has-ast-global-color-0-color{color:var(--ast-global-color-0);}:root .wp-block-button .has-ast-global-color-0-background-color{background-color:var(--ast-global-color-0);}:root .has-ast-global-color-1-color{color:var(--ast-global-color-1);}:root .has-ast-global-color-1-background-color{background-color:var(--ast-global-color-1);}:root .wp-block-button .has-ast-global-color-1-color{color:var(--ast-global-color-1);}:root .wp-block-button .has-ast-global-color-1-background-color{background-color:var(--ast-global-color-1);}:root .has-ast-global-color-2-color{color:var(--ast-global-color-2);}:root .has-ast-global-color-2-background-color{background-color:var(--ast-global-color-2);}:root .wp-block-button .has-ast-global-color-2-color{color:var(--ast-global-color-2);}:root .wp-block-button .has-ast-global-color-2-background-color{background-color:var(--ast-global-color-2);}:root .has-ast-global-color-3-color{color:var(--ast-global-color-3);}:root .has-ast-global-color-3-background-color{background-color:var(--ast-global-color-3);}:root .wp-block-button .has-ast-global-color-3-color{color:var(--ast-global-color-3);}:root .wp-block-button .has-ast-global-color-3-background-color{background-color:var(--ast-global-color-3);}:root .has-ast-global-color-4-color{color:var(--ast-global-color-4);}:root .has-ast-global-color-4-background-color{background-color:var(--ast-global-color-4);}:root .wp-block-button .has-ast-global-color-4-color{color:var(--ast-global-color-4);}:root .wp-block-button .has-ast-global-color-4-background-color{background-color:var(--ast-global-color-4);}:root .has-ast-global-color-5-color{color:var(--ast-global-color-5);}:root .has-ast-global-color-5-background-color{background-color:var(--ast-global-color-5);}:root .wp-block-button .has-ast-global-color-5-color{color:var(--ast-global-color-5);}:root .wp-block-button .has-ast-global-color-5-background-color{background-color:var(--ast-global-color-5);}:root .has-ast-global-color-6-color{color:var(--ast-global-color-6);}:root .has-ast-global-color-6-background-color{background-color:var(--ast-global-color-6);}:root .wp-block-button .has-ast-global-color-6-color{color:var(--ast-global-color-6);}:root .wp-block-button .has-ast-global-color-6-background-color{background-color:var(--ast-global-color-6);}:root .has-ast-global-color-7-color{color:var(--ast-global-color-7);}:root .has-ast-global-color-7-background-color{background-color:var(--ast-global-color-7);}:root .wp-block-button .has-ast-global-color-7-color{color:var(--ast-global-color-7);}:root .wp-block-button .has-ast-global-color-7-background-color{background-color:var(--ast-global-color-7);}:root .has-ast-global-color-8-color{color:var(--ast-global-color-8);}:root .has-ast-global-color-8-background-color{background-color:var(--ast-global-color-8);}:root .wp-block-button .has-ast-global-color-8-color{color:var(--ast-global-color-8);}:root .wp-block-button .has-ast-global-color-8-background-color{background-color:var(--ast-global-color-8);}:root{--ast-global-color-0:#0170B9;--ast-global-color-1:#3a3a3a;--ast-global-color-2:#3a3a3a;--ast-global-color-3:#4B4F58;--ast-global-color-4:#F5F5F5;--ast-global-color-5:#FFFFFF;--ast-global-color-6:#F2F5F7;--ast-global-color-7:#424242;--ast-global-color-8:#000000;}.ast-theme-transparent-header #masthead .site-logo-img .transparent-custom-logo .astra-logo-svg{width:140px;}.ast-theme-transparent-header #masthead .site-logo-img .transparent-custom-logo img{ max-width:140px;}@media (min-width:921px){.ast-theme-transparent-header #masthead{position:absolute;left:0;right:0;}.ast-theme-transparent-header .main-header-bar,.ast-theme-transparent-header.ast-header-break-point .main-header-bar{background:none;}body.elementor-editor-active.ast-theme-transparent-header #masthead,.fl-builder-edit .ast-theme-transparent-header #masthead,body.vc_editor.ast-theme-transparent-header #masthead,body.brz-ed.ast-theme-transparent-header #masthead{z-index:0;}.ast-header-break-point.ast-replace-site-logo-transparent.ast-theme-transparent-header .custom-mobile-logo-link{display:none;}.ast-header-break-point.ast-replace-site-logo-transparent.ast-theme-transparent-header .transparent-custom-logo{display:inline-block;}.ast-theme-transparent-header .ast-above-header,.ast-theme-transparent-header .ast-above-header.ast-above-header-bar{background-image:none;background-color:transparent;}.ast-theme-transparent-header .ast-below-header{background-image:none;background-color:transparent;}}@media (min-width:922px){.ast-theme-transparent-header .main-header-bar,.ast-theme-transparent-header.ast-header-break-point .main-header-bar-wrap .main-header-menu,.ast-theme-transparent-header.ast-header-break-point .main-header-bar-wrap .main-header-bar,.ast-theme-transparent-header.ast-header-break-point .ast-mobile-header-wrap .main-header-bar{background-color:rgba(0,0,0,0.07);}.ast-theme-transparent-header .main-header-bar .ast-search-menu-icon form{background-color:rgba(0,0,0,0.07);}.ast-theme-transparent-header .ast-above-header,.ast-theme-transparent-header .ast-above-header.ast-above-header-bar,.ast-theme-transparent-header .ast-below-header,.ast-header-break-point.ast-theme-transparent-header .ast-above-header,.ast-header-break-point.ast-theme-transparent-header .ast-below-header{background-color:rgba(0,0,0,0.07);}.ast-theme-transparent-header .site-title a,.ast-theme-transparent-header .site-title a:focus,.ast-theme-transparent-header .site-title a:hover,.ast-theme-transparent-header .site-title a:visited{color:#ffffff;}.ast-theme-transparent-header .site-header .site-description{color:#ffffff;}.ast-theme-transparent-header .ast-builder-menu .main-header-menu .menu-item .sub-menu .menu-item .menu-link,.ast-theme-transparent-header .ast-builder-menu .main-header-menu .menu-item .sub-menu .menu-item &gt; .ast-menu-toggle,.ast-theme-transparent-header .main-header-menu .menu-item .sub-menu .menu-link,.ast-header-break-point.ast-flyout-menu-enable.ast-header-break-point .main-header-bar-navigation .main-header-menu .menu-item .sub-menu .menu-link{color:#333333;}.ast-theme-transparent-header .ast-builder-menu .main-header-menu .menu-item .sub-menu .menu-link:hover,.ast-theme-transparent-header .ast-builder-menu .main-header-menu .menu-item .sub-menu .menu-item:hover &gt; .menu-link,.ast-theme-transparent-header .ast-builder-menu .main-header-menu .menu-item .sub-menu .menu-item.focus &gt; .menu-item,.ast-theme-transparent-header .ast-builder-menu .main-header-menu .menu-item .sub-menu .menu-item.current-menu-item &gt; .menu-link,.ast-theme-transparent-header .ast-builder-menu .main-header-menu .menu-item .sub-menu .menu-item.current-menu-item &gt; .ast-menu-toggle,.ast-theme-transparent-header .ast-builder-menu .main-header-menu .menu-item .sub-menu .menu-item:hover &gt; .ast-menu-toggle,.ast-theme-transparent-header .ast-builder-menu .main-header-menu .menu-item .sub-menu .menu-item.focus &gt; .ast-menu-toggle,.ast-theme-transparent-header .main-header-menu .menu-item .sub-menu .menu-item:hover &gt; .menu-link,.ast-header-break-point.ast-flyout-menu-enable.ast-header-break-point .main-header-bar-navigation .main-header-menu .menu-item .sub-menu .menu-link{color:#000000;}.ast-theme-transparent-header .ast-builder-menu .main-header-menu,.ast-theme-transparent-header .ast-builder-menu .main-header-menu .menu-link,.ast-theme-transparent-header [CLASS*="ast-builder-menu-"] .main-header-menu .menu-item &gt; .menu-link,.ast-theme-transparent-header .ast-masthead-custom-menu-items,.ast-theme-transparent-header .ast-masthead-custom-menu-items a,.ast-theme-transparent-header .ast-builder-menu .main-header-menu .menu-item &gt; .ast-menu-toggle,.ast-theme-transparent-header .ast-builder-menu .main-header-menu .menu-item &gt; .ast-menu-toggle,.ast-theme-transparent-header .ast-above-header-navigation a,.ast-header-break-point.ast-theme-transparent-header .ast-above-header-navigation a,.ast-header-break-point.ast-theme-transparent-header .ast-above-header-navigation &gt; ul.ast-above-header-menu &gt; .menu-item-has-children:not(.current-menu-item) &gt; .ast-menu-toggle,.ast-theme-transparent-header .ast-below-header-menu,.ast-theme-transparent-header .ast-below-header-menu a,.ast-header-break-point.ast-theme-transparent-header .ast-below-header-menu a,.ast-header-break-point.ast-theme-transparent-header .ast-below-header-menu,.ast-theme-transparent-header .main-header-menu .menu-link{color:#cecece;}.ast-theme-transparent-header .ast-builder-menu .main-header-menu .menu-item:hover &gt; .menu-link,.ast-theme-transparent-header .ast-builder-menu .main-header-menu .menu-item:hover &gt; .ast-menu-toggle,.ast-theme-transparent-header .ast-builder-menu .main-header-menu .ast-masthead-custom-menu-items a:hover,.ast-theme-transparent-header .ast-builder-menu .main-header-menu .focus &gt; .menu-link,.ast-theme-transparent-header .ast-builder-menu .main-header-menu .focus &gt; .ast-menu-toggle,.ast-theme-transparent-header .ast-builder-menu .main-header-menu .current-menu-item &gt; .menu-link,.ast-theme-transparent-header .ast-builder-menu .main-header-menu .current-menu-ancestor &gt; .menu-link,.ast-theme-transparent-header .ast-builder-menu .main-header-menu .current-menu-item &gt; .ast-menu-toggle,.ast-theme-transparent-header .ast-builder-menu .main-header-menu .current-menu-ancestor &gt; .ast-menu-toggle,.ast-theme-transparent-header [CLASS*="ast-builder-menu-"] .main-header-menu .current-menu-item &gt; .menu-link,.ast-theme-transparent-header [CLASS*="ast-builder-menu-"] .main-header-menu .current-menu-ancestor &gt; .menu-link,.ast-theme-transparent-header [CLASS*="ast-builder-menu-"] .main-header-menu .current-menu-item &gt; .ast-menu-toggle,.ast-theme-transparent-header [CLASS*="ast-builder-menu-"] .main-header-menu .current-menu-ancestor &gt; .ast-menu-toggle,.ast-theme-transparent-header .main-header-menu .menu-item:hover &gt; .menu-link,.ast-theme-transparent-header .main-header-menu .current-menu-item &gt; .menu-link,.ast-theme-transparent-header .main-header-menu .current-menu-ancestor &gt; .menu-link{color:#ffffff;}.ast-theme-transparent-header div.ast-masthead-custom-menu-items,.ast-theme-transparent-header div.ast-masthead-custom-menu-items .widget,.ast-theme-transparent-header div.ast-masthead-custom-menu-items .widget-title,.ast-theme-transparent-header .site-header-section [CLASS*="ast-header-html-"] .ast-builder-html-element{color:#000000;}.ast-theme-transparent-header div.ast-masthead-custom-menu-items a,.ast-theme-transparent-header div.ast-masthead-custom-menu-items .widget a,.ast-theme-transparent-header .site-header-section [CLASS*="ast-header-html-"] .ast-builder-html-element a{color:#cecece;}.ast-theme-transparent-header div.ast-masthead-custom-menu-items a:hover,.ast-theme-transparent-header div.ast-masthead-custom-menu-items .widget a:hover,.ast-theme-transparent-header .site-header-section [CLASS*="ast-header-html-"] .ast-builder-html-element a:hover{color:#ffffff;}}@media (max-width:921px){.transparent-custom-logo{display:none;}}@media (min-width:921px){.ast-transparent-mobile-logo{display:none;}}@media (max-width:921px){.ast-transparent-mobile-logo{display:block;}}@media (min-width:921px){.ast-theme-transparent-header #ast-desktop-header &gt; [CLASS*="-header-wrap"]:nth-last-child(2) &gt; [CLASS*="-header-bar"]{border-bottom-width:0;border-bottom-style:solid;border-bottom-color:rgba(0,0,0,0);}}.ast-breadcrumbs .trail-browse,.ast-breadcrumbs .trail-items,.ast-breadcrumbs .trail-items li{display:inline-block;margin:0;padding:0;border:none;background:inherit;text-indent:0;}.ast-breadcrumbs .trail-browse{font-size:inherit;font-style:inherit;font-weight:inherit;color:inherit;}.ast-breadcrumbs .trail-items{list-style:none;}.trail-items li::after{padding:0 0.3em;content:"\00bb";}.trail-items li:last-of-type::after{display:none;}h1,.entry-content h1,h2,.entry-content h2,h3,.entry-content h3,h4,.entry-content h4,h5,.entry-content h5,h6,.entry-content h6{color:var(--ast-global-color-2);}@media (max-width:921px){.ast-builder-grid-row-container.ast-builder-grid-row-tablet-3-firstrow .ast-builder-grid-row &gt; *:first-child,.ast-builder-grid-row-container.ast-builder-grid-row-tablet-3-lastrow .ast-builder-grid-row &gt; *:last-child{grid-column:1 / -1;}}@media (max-width:544px){.ast-builder-grid-row-container.ast-builder-grid-row-mobile-3-firstrow .ast-builder-grid-row &gt; *:first-child,.ast-builder-grid-row-container.ast-builder-grid-row-mobile-3-lastrow .ast-builder-grid-row &gt; *:last-child{grid-column:1 / -1;}}.ast-builder-layout-element[data-section="title_tagline"]{display:flex;}@media (max-width:921px){.ast-header-break-point .ast-builder-layout-element[data-section="title_tagline"]{display:flex;}}@media (max-width:544px){.ast-header-break-point .ast-builder-layout-element[data-section="title_tagline"]{display:flex;}}.ast-builder-menu-1{font-family:inherit;font-weight:normal;}.ast-builder-menu-1 .menu-item.current-menu-item &gt; .menu-link,.ast-builder-menu-1 .inline-on-mobile .menu-item.current-menu-item &gt; .ast-menu-toggle,.ast-builder-menu-1 .current-menu-ancestor &gt; .menu-link{color:#602bb7;}.ast-builder-menu-1 .menu-item.current-menu-item &gt; .ast-menu-toggle{color:#602bb7;}.ast-builder-menu-1 .sub-menu,.ast-builder-menu-1 .inline-on-mobile .sub-menu{border-top-width:1px;border-bottom-width:1px;border-right-width:1px;border-left-width:1px;border-color:#dddddd;border-style:solid;border-radius:0;}.ast-builder-menu-1 .main-header-menu &gt; .menu-item &gt; .sub-menu,.ast-builder-menu-1 .main-header-menu &gt; .menu-item &gt; .astra-full-megamenu-wrapper{margin-top:0;}.ast-desktop .ast-builder-menu-1 .main-header-menu &gt; .menu-item &gt; .sub-menu:before,.ast-desktop .ast-builder-menu-1 .main-header-menu &gt; .menu-item &gt; .astra-full-megamenu-wrapper:before{height:calc( 0px + 5px );}.ast-desktop .ast-builder-menu-1 .menu-item .sub-menu .menu-link{border-bottom-width:1px;border-color:#eaeaea;border-style:solid;}.ast-desktop .ast-builder-menu-1 .menu-item .sub-menu .menu-item:last-child .menu-link{border-bottom-width:0;}@media (max-width:921px){.ast-header-break-point .ast-builder-menu-1 .menu-item.menu-item-has-children &gt; .ast-menu-toggle{top:0;}.ast-builder-menu-1 .menu-item-has-children &gt; .menu-link:after{content:unset;}}@media (max-width:544px){.ast-header-break-point .ast-builder-menu-1 .menu-item.menu-item-has-children &gt; .ast-menu-toggle{top:0;}}.ast-builder-menu-1{display:flex;}@media (max-width:921px){.ast-header-break-point .ast-builder-menu-1{display:flex;}}@media (max-width:544px){.ast-header-break-point .ast-builder-menu-1{display:flex;}}.ast-site-header-cart .ast-cart-menu-wrap,.ast-site-header-cart .ast-addon-cart-wrap{color:#d2d2d2;}.ast-site-header-cart .ast-cart-menu-wrap .count,.ast-site-header-cart .ast-cart-menu-wrap .count:after,.ast-site-header-cart .ast-addon-cart-wrap .count,.ast-site-header-cart .ast-addon-cart-wrap .ast-icon-shopping-cart:after{color:#d2d2d2;border-color:#d2d2d2;}.ast-site-header-cart .ast-addon-cart-wrap .ast-icon-shopping-cart:after{color:#ffffff;background-color:#d2d2d2;}.ast-site-header-cart .ast-woo-header-cart-info-wrap{color:#d2d2d2;}.ast-site-header-cart .ast-addon-cart-wrap i.astra-icon:after{color:#ffffff;background-color:#d2d2d2;}.ast-theme-transparent-header .ast-site-header-cart .ast-cart-menu-wrap,.ast-theme-transparent-header .ast-site-header-cart .ast-addon-cart-wrap{color:#d2d2d2;}.ast-theme-transparent-header .ast-site-header-cart .ast-cart-menu-wrap .count,.ast-theme-transparent-header .ast-site-header-cart .ast-cart-menu-wrap .count:after,.ast-theme-transparent-header .ast-site-header-cart .ast-addon-cart-wrap .count,.ast-theme-transparent-header .ast-site-header-cart .ast-addon-cart-wrap .ast-icon-shopping-cart:after{color:#d2d2d2;border-color:#d2d2d2;}.ast-theme-transparent-header .ast-site-header-cart .ast-addon-cart-wrap .ast-icon-shopping-cart:after{color:#ffffff;background-color:#d2d2d2;}.ast-theme-transparent-header .ast-site-header-cart .ast-woo-header-cart-info-wrap{color:#d2d2d2;}.ast-theme-transparent-header .ast-site-header-cart .ast-addon-cart-wrap i.astra-icon:after{color:#ffffff;background-color:#d2d2d2;}#ast-site-header-cart .widget_shopping_cart .mini_cart_item{border-bottom-color:rgb(0,0,0);}@media (max-width:921px){#astra-mobile-cart-drawer .widget_shopping_cart .mini_cart_item{border-bottom-color:rgb(0,0,0);}}@media (max-width:544px){#astra-mobile-cart-drawer .widget_shopping_cart .mini_cart_item{border-bottom-color:rgb(0,0,0);}}.ast-site-header-cart .ast-cart-menu-wrap,.ast-site-header-cart .ast-addon-cart-wrap{color:#d2d2d2;}.ast-site-header-cart .ast-cart-menu-wrap:hover .count,.ast-site-header-cart .ast-addon-cart-wrap:hover .count{color:#000000;background-color:#d2d2d2;}.ast-menu-cart-outline .ast-cart-menu-wrap .count,.ast-menu-cart-outline .ast-addon-cart-wrap{color:#d2d2d2;}.ast-site-header-cart .ast-menu-cart-outline .ast-woo-header-cart-info-wrap{color:#d2d2d2;}.ast-menu-cart-fill .ast-cart-menu-wrap .count,.ast-menu-cart-fill .ast-cart-menu-wrap,.ast-menu-cart-fill .ast-addon-cart-wrap .ast-woo-header-cart-info-wrap,.ast-menu-cart-fill .ast-addon-cart-wrap{background-color:#d2d2d2;color:#000000;}.ast-theme-transparent-header .ast-site-header-cart .ast-cart-menu-wrap,.ast-theme-transparent-header .ast-site-header-cart .ast-addon-cart-wrap{color:#d2d2d2;}.ast-theme-transparent-header .ast-site-header-cart .ast-cart-menu-wrap:hover .count,.ast-theme-transparent-header .ast-site-header-cart .ast-addon-cart-wrap:hover .count{color:#000000;background-color:#d2d2d2;}.ast-theme-transparent-header .ast-menu-cart-outline .ast-cart-menu-wrap .count,.ast-theme-transparent-header .ast-menu-cart-outline .ast-addon-cart-wrap{color:#d2d2d2;}.ast-theme-transparent-header .ast-site-header-cart .ast-menu-cart-outline .ast-woo-header-cart-info-wrap{color:#d2d2d2;}.ast-theme-transparent-header .ast-menu-cart-fill .ast-cart-menu-wrap .count,.ast-theme-transparent-header .ast-menu-cart-fill .ast-cart-menu-wrap,.ast-theme-transparent-header .ast-menu-cart-fill .ast-addon-cart-wrap .ast-woo-header-cart-info-wrap,.ast-theme-transparent-header .ast-menu-cart-fill .ast-addon-cart-wrap{background-color:#d2d2d2;color:#000000;}.ast-site-header-cart.ast-menu-cart-outline .ast-cart-menu-wrap,.ast-site-header-cart.ast-menu-cart-fill .ast-cart-menu-wrap,.ast-site-header-cart.ast-menu-cart-outline .ast-cart-menu-wrap .count,.ast-site-header-cart.ast-menu-cart-fill .ast-cart-menu-wrap .count,.ast-site-header-cart.ast-menu-cart-outline .ast-addon-cart-wrap,.ast-site-header-cart.ast-menu-cart-fill .ast-addon-cart-wrap,.ast-site-header-cart.ast-menu-cart-outline .ast-woo-header-cart-info-wrap,.ast-site-header-cart.ast-menu-cart-fill .ast-woo-header-cart-info-wrap{border-radius:3px;}.ast-header-woo-cart{display:flex;}@media (max-width:921px){.ast-header-break-point .ast-header-woo-cart{display:flex;}}@media (max-width:544px){.ast-header-break-point .ast-header-woo-cart{display:none;}}.site-below-footer-wrap{padding-top:20px;padding-bottom:20px;}.site-below-footer-wrap[data-section="section-below-footer-builder"]{background-color:#ffffff;;background-image:none;;min-height:80px;border-style:solid;border-width:0px;border-top-width:1px;border-top-color:rgba(122,122,122,0.13);}.site-below-footer-wrap[data-section="section-below-footer-builder"] .ast-builder-grid-row{max-width:1200px;margin-left:auto;margin-right:auto;}.site-below-footer-wrap[data-section="section-below-footer-builder"] .ast-builder-grid-row,.site-below-footer-wrap[data-section="section-below-footer-builder"] .site-footer-section{align-items:flex-start;}.site-below-footer-wrap[data-section="section-below-footer-builder"].ast-footer-row-inline .site-footer-section{display:flex;margin-bottom:0;}.ast-builder-grid-row-2-equal .ast-builder-grid-row{grid-template-columns:repeat( 2,1fr );}@media (max-width:921px){.site-below-footer-wrap[data-section="section-below-footer-builder"].ast-footer-row-tablet-inline .site-footer-section{display:flex;margin-bottom:0;}.site-below-footer-wrap[data-section="section-below-footer-builder"].ast-footer-row-tablet-stack .site-footer-section{display:block;margin-bottom:10px;}.ast-builder-grid-row-container.ast-builder-grid-row-tablet-2-equal .ast-builder-grid-row{grid-template-columns:repeat( 2,1fr );}}@media (max-width:544px){.site-below-footer-wrap[data-section="section-below-footer-builder"].ast-footer-row-mobile-inline .site-footer-section{display:flex;margin-bottom:0;}.site-below-footer-wrap[data-section="section-below-footer-builder"].ast-footer-row-mobile-stack .site-footer-section{display:block;margin-bottom:10px;}.ast-builder-grid-row-container.ast-builder-grid-row-mobile-full .ast-builder-grid-row{grid-template-columns:1fr;}}@media (max-width:921px){.site-below-footer-wrap[data-section="section-below-footer-builder"]{padding-left:30px;padding-right:30px;}}.site-below-footer-wrap[data-section="section-below-footer-builder"]{display:grid;}@media (max-width:921px){.ast-header-break-point .site-below-footer-wrap[data-section="section-below-footer-builder"]{display:grid;}}@media (max-width:544px){.ast-header-break-point .site-below-footer-wrap[data-section="section-below-footer-builder"]{display:grid;}}.ast-builder-html-element img.alignnone{display:inline-block;}.ast-builder-html-element p:first-child{margin-top:0;}.ast-builder-html-element p:last-child{margin-bottom:0;}.ast-header-break-point .main-header-bar .ast-builder-html-element{line-height:1.85714285714286;}.footer-widget-area[data-section="section-fb-html-1"]{display:block;}@media (max-width:921px){.ast-header-break-point .footer-widget-area[data-section="section-fb-html-1"]{display:block;}}@media (max-width:544px){.ast-header-break-point .footer-widget-area[data-section="section-fb-html-1"]{display:block;}}.footer-widget-area[data-section="section-fb-html-1"] .ast-builder-html-element{text-align:right;}@media (max-width:921px){.footer-widget-area[data-section="section-fb-html-1"] .ast-builder-html-element{text-align:right;}}@media (max-width:544px){.footer-widget-area[data-section="section-fb-html-1"] .ast-builder-html-element{text-align:center;}}.ast-footer-copyright{text-align:left;}.ast-footer-copyright {color:#000000;}@media (max-width:921px){.ast-footer-copyright{text-align:left;}}@media (max-width:544px){.ast-footer-copyright{text-align:center;}}.ast-footer-copyright.ast-builder-layout-element{display:flex;}@media (max-width:921px){.ast-header-break-point .ast-footer-copyright.ast-builder-layout-element{display:flex;}}@media (max-width:544px){.ast-header-break-point .ast-footer-copyright.ast-builder-layout-element{display:flex;}}.site-footer{background-color:#ffffff;;background-image:none;;}.site-primary-footer-wrap{padding-top:45px;padding-bottom:45px;}.site-primary-footer-wrap[data-section="section-primary-footer-builder"]{background-color:#ffffff;;background-image:none;;}.site-primary-footer-wrap[data-section="section-primary-footer-builder"] .ast-builder-grid-row{grid-column-gap:200px;max-width:1200px;margin-left:auto;margin-right:auto;}.site-primary-footer-wrap[data-section="section-primary-footer-builder"] .ast-builder-grid-row,.site-primary-footer-wrap[data-section="section-primary-footer-builder"] .site-footer-section{align-items:flex-start;}.site-primary-footer-wrap[data-section="section-primary-footer-builder"].ast-footer-row-inline .site-footer-section{display:flex;margin-bottom:0;}.ast-builder-grid-row-4-equal .ast-builder-grid-row{grid-template-columns:repeat( 4,1fr );}@media (max-width:921px){.site-primary-footer-wrap[data-section="section-primary-footer-builder"].ast-footer-row-tablet-inline .site-footer-section{display:flex;margin-bottom:0;}.site-primary-footer-wrap[data-section="section-primary-footer-builder"].ast-footer-row-tablet-stack .site-footer-section{display:block;margin-bottom:10px;}.ast-builder-grid-row-container.ast-builder-grid-row-tablet-4-equal .ast-builder-grid-row{grid-template-columns:repeat( 4,1fr );}}@media (max-width:544px){.site-primary-footer-wrap[data-section="section-primary-footer-builder"].ast-footer-row-mobile-inline .site-footer-section{display:flex;margin-bottom:0;}.site-primary-footer-wrap[data-section="section-primary-footer-builder"].ast-footer-row-mobile-stack .site-footer-section{display:block;margin-bottom:10px;}.ast-builder-grid-row-container.ast-builder-grid-row-mobile-full .ast-builder-grid-row{grid-template-columns:1fr;}}.site-primary-footer-wrap[data-section="section-primary-footer-builder"]{padding-top:55px;padding-bottom:55px;}@media (max-width:921px){.site-primary-footer-wrap[data-section="section-primary-footer-builder"]{padding-left:30px;padding-right:30px;}}@media (max-width:544px){.site-primary-footer-wrap[data-section="section-primary-footer-builder"]{padding-top:40px;padding-bottom:20px;}}.site-primary-footer-wrap[data-section="section-primary-footer-builder"]{display:grid;}@media (max-width:921px){.ast-header-break-point .site-primary-footer-wrap[data-section="section-primary-footer-builder"]{display:grid;}}@media (max-width:544px){.ast-header-break-point .site-primary-footer-wrap[data-section="section-primary-footer-builder"]{display:grid;}}.footer-widget-area[data-section="sidebar-widgets-footer-widget-1"] .footer-widget-area-inner{text-align:left;}@media (max-width:921px){.footer-widget-area[data-section="sidebar-widgets-footer-widget-1"] .footer-widget-area-inner{text-align:left;}}@media (max-width:544px){.footer-widget-area[data-section="sidebar-widgets-footer-widget-1"] .footer-widget-area-inner{text-align:center;}}.footer-widget-area[data-section="sidebar-widgets-footer-widget-1"] .footer-widget-area-inner{color:#434343;}.footer-widget-area[data-section="sidebar-widgets-footer-widget-1"] .footer-widget-area-inner a{color:#434343;}.footer-widget-area[data-section="sidebar-widgets-footer-widget-1"] .footer-widget-area-inner a:hover{color:#3197d6;}.footer-widget-area[data-section="sidebar-widgets-footer-widget-1"] .widget-title{color:#000000;}.footer-widget-area[data-section="sidebar-widgets-footer-widget-1"]{display:block;}@media (max-width:921px){.ast-header-break-point .footer-widget-area[data-section="sidebar-widgets-footer-widget-1"]{display:block;}}@media (max-width:544px){.ast-header-break-point .footer-widget-area[data-section="sidebar-widgets-footer-widget-1"]{display:block;}}.footer-widget-area[data-section="sidebar-widgets-footer-widget-2"] .footer-widget-area-inner{color:#434343;}.footer-widget-area[data-section="sidebar-widgets-footer-widget-2"] .footer-widget-area-inner a{color:#434343;}.footer-widget-area[data-section="sidebar-widgets-footer-widget-2"] .footer-widget-area-inner a:hover{color:#3197d6;}.footer-widget-area[data-section="sidebar-widgets-footer-widget-2"] .widget-title{color:#000000;}.footer-widget-area[data-section="sidebar-widgets-footer-widget-2"]{display:block;}@media (max-width:921px){.ast-header-break-point .footer-widget-area[data-section="sidebar-widgets-footer-widget-2"]{display:block;}}@media (max-width:544px){.ast-header-break-point .footer-widget-area[data-section="sidebar-widgets-footer-widget-2"]{display:block;}}.footer-widget-area[data-section="sidebar-widgets-footer-widget-3"] .footer-widget-area-inner{color:#434343;}.footer-widget-area[data-section="sidebar-widgets-footer-widget-3"] .footer-widget-area-inner a{color:#434343;}.footer-widget-area[data-section="sidebar-widgets-footer-widget-3"] .footer-widget-area-inner a:hover{color:#3197d6;}.footer-widget-area[data-section="sidebar-widgets-footer-widget-3"] .widget-title{color:#000000;}.footer-widget-area[data-section="sidebar-widgets-footer-widget-3"]{display:block;}@media (max-width:921px){.ast-header-break-point .footer-widget-area[data-section="sidebar-widgets-footer-widget-3"]{display:block;}}@media (max-width:544px){.ast-header-break-point .footer-widget-area[data-section="sidebar-widgets-footer-widget-3"]{display:block;}}.footer-widget-area[data-section="sidebar-widgets-footer-widget-4"] .footer-widget-area-inner{color:#434343;}.footer-widget-area[data-section="sidebar-widgets-footer-widget-4"] .footer-widget-area-inner a{color:#434343;}.footer-widget-area[data-section="sidebar-widgets-footer-widget-4"] .footer-widget-area-inner a:hover{color:#3197d6;}.footer-widget-area[data-section="sidebar-widgets-footer-widget-4"] .widget-title{color:#000000;}.footer-widget-area[data-section="sidebar-widgets-footer-widget-4"]{display:block;}@media (max-width:921px){.ast-header-break-point .footer-widget-area[data-section="sidebar-widgets-footer-widget-4"]{display:block;}}@media (max-width:544px){.ast-header-break-point .footer-widget-area[data-section="sidebar-widgets-footer-widget-4"]{display:block;}}.footer-widget-area[data-section="sidebar-widgets-footer-widget-2"] .footer-widget-area-inner{text-align:left;}@media (max-width:921px){.footer-widget-area[data-section="sidebar-widgets-footer-widget-2"] .footer-widget-area-inner{text-align:left;}}@media (max-width:544px){.footer-widget-area[data-section="sidebar-widgets-footer-widget-2"] .footer-widget-area-inner{text-align:center;}}.footer-widget-area[data-section="sidebar-widgets-footer-widget-1"] .footer-widget-area-inner{color:#434343;}.footer-widget-area[data-section="sidebar-widgets-footer-widget-1"] .footer-widget-area-inner a{color:#434343;}.footer-widget-area[data-section="sidebar-widgets-footer-widget-1"] .footer-widget-area-inner a:hover{color:#3197d6;}.footer-widget-area[data-section="sidebar-widgets-footer-widget-1"] .widget-title{color:#000000;}.footer-widget-area[data-section="sidebar-widgets-footer-widget-1"]{display:block;}@media (max-width:921px){.ast-header-break-point .footer-widget-area[data-section="sidebar-widgets-footer-widget-1"]{display:block;}}@media (max-width:544px){.ast-header-break-point .footer-widget-area[data-section="sidebar-widgets-footer-widget-1"]{display:block;}}.footer-widget-area[data-section="sidebar-widgets-footer-widget-2"] .footer-widget-area-inner{color:#434343;}.footer-widget-area[data-section="sidebar-widgets-footer-widget-2"] .footer-widget-area-inner a{color:#434343;}.footer-widget-area[data-section="sidebar-widgets-footer-widget-2"] .footer-widget-area-inner a:hover{color:#3197d6;}.footer-widget-area[data-section="sidebar-widgets-footer-widget-2"] .widget-title{color:#000000;}.footer-widget-area[data-section="sidebar-widgets-footer-widget-2"]{display:block;}@media (max-width:921px){.ast-header-break-point .footer-widget-area[data-section="sidebar-widgets-footer-widget-2"]{display:block;}}@media (max-width:544px){.ast-header-break-point .footer-widget-area[data-section="sidebar-widgets-footer-widget-2"]{display:block;}}.footer-widget-area[data-section="sidebar-widgets-footer-widget-3"] .footer-widget-area-inner{color:#434343;}.footer-widget-area[data-section="sidebar-widgets-footer-widget-3"] .footer-widget-area-inner a{color:#434343;}.footer-widget-area[data-section="sidebar-widgets-footer-widget-3"] .footer-widget-area-inner a:hover{color:#3197d6;}.footer-widget-area[data-section="sidebar-widgets-footer-widget-3"] .widget-title{color:#000000;}.footer-widget-area[data-section="sidebar-widgets-footer-widget-3"]{display:block;}@media (max-width:921px){.ast-header-break-point .footer-widget-area[data-section="sidebar-widgets-footer-widget-3"]{display:block;}}@media (max-width:544px){.ast-header-break-point .footer-widget-area[data-section="sidebar-widgets-footer-widget-3"]{display:block;}}.footer-widget-area[data-section="sidebar-widgets-footer-widget-4"] .footer-widget-area-inner{color:#434343;}.footer-widget-area[data-section="sidebar-widgets-footer-widget-4"] .footer-widget-area-inner a{color:#434343;}.footer-widget-area[data-section="sidebar-widgets-footer-widget-4"] .footer-widget-area-inner a:hover{color:#3197d6;}.footer-widget-area[data-section="sidebar-widgets-footer-widget-4"] .widget-title{color:#000000;}.footer-widget-area[data-section="sidebar-widgets-footer-widget-4"]{display:block;}@media (max-width:921px){.ast-header-break-point .footer-widget-area[data-section="sidebar-widgets-footer-widget-4"]{display:block;}}@media (max-width:544px){.ast-header-break-point .footer-widget-area[data-section="sidebar-widgets-footer-widget-4"]{display:block;}}.footer-widget-area[data-section="sidebar-widgets-footer-widget-3"] .footer-widget-area-inner{text-align:left;}@media (max-width:921px){.footer-widget-area[data-section="sidebar-widgets-footer-widget-3"] .footer-widget-area-inner{text-align:left;}}@media (max-width:544px){.footer-widget-area[data-section="sidebar-widgets-footer-widget-3"] .footer-widget-area-inner{text-align:center;}}.footer-widget-area[data-section="sidebar-widgets-footer-widget-1"] .footer-widget-area-inner{color:#434343;}.footer-widget-area[data-section="sidebar-widgets-footer-widget-1"] .footer-widget-area-inner a{color:#434343;}.footer-widget-area[data-section="sidebar-widgets-footer-widget-1"] .footer-widget-area-inner a:hover{color:#3197d6;}.footer-widget-area[data-section="sidebar-widgets-footer-widget-1"] .widget-title{color:#000000;}.footer-widget-area[data-section="sidebar-widgets-footer-widget-1"]{display:block;}@media (max-width:921px){.ast-header-break-point .footer-widget-area[data-section="sidebar-widgets-footer-widget-1"]{display:block;}}@media (max-width:544px){.ast-header-break-point .footer-widget-area[data-section="sidebar-widgets-footer-widget-1"]{display:block;}}.footer-widget-area[data-section="sidebar-widgets-footer-widget-2"] .footer-widget-area-inner{color:#434343;}.footer-widget-area[data-section="sidebar-widgets-footer-widget-2"] .footer-widget-area-inner a{color:#434343;}.footer-widget-area[data-section="sidebar-widgets-footer-widget-2"] .footer-widget-area-inner a:hover{color:#3197d6;}.footer-widget-area[data-section="sidebar-widgets-footer-widget-2"] .widget-title{color:#000000;}.footer-widget-area[data-section="sidebar-widgets-footer-widget-2"]{display:block;}@media (max-width:921px){.ast-header-break-point .footer-widget-area[data-section="sidebar-widgets-footer-widget-2"]{display:block;}}@media (max-width:544px){.ast-header-break-point .footer-widget-area[data-section="sidebar-widgets-footer-widget-2"]{display:block;}}.footer-widget-area[data-section="sidebar-widgets-footer-widget-3"] .footer-widget-area-inner{color:#434343;}.footer-widget-area[data-section="sidebar-widgets-footer-widget-3"] .footer-widget-area-inner a{color:#434343;}.footer-widget-area[data-section="sidebar-widgets-footer-widget-3"] .footer-widget-area-inner a:hover{color:#3197d6;}.footer-widget-area[data-section="sidebar-widgets-footer-widget-3"] .widget-title{color:#000000;}.footer-widget-area[data-section="sidebar-widgets-footer-widget-3"]{display:block;}@media (max-width:921px){.ast-header-break-point .footer-widget-area[data-section="sidebar-widgets-footer-widget-3"]{display:block;}}@media (max-width:544px){.ast-header-break-point .footer-widget-area[data-section="sidebar-widgets-footer-widget-3"]{display:block;}}.footer-widget-area[data-section="sidebar-widgets-footer-widget-4"] .footer-widget-area-inner{color:#434343;}.footer-widget-area[data-section="sidebar-widgets-footer-widget-4"] .footer-widget-area-inner a{color:#434343;}.footer-widget-area[data-section="sidebar-widgets-footer-widget-4"] .footer-widget-area-inner a:hover{color:#3197d6;}.footer-widget-area[data-section="sidebar-widgets-footer-widget-4"] .widget-title{color:#000000;}.footer-widget-area[data-section="sidebar-widgets-footer-widget-4"]{display:block;}@media (max-width:921px){.ast-header-break-point .footer-widget-area[data-section="sidebar-widgets-footer-widget-4"]{display:block;}}@media (max-width:544px){.ast-header-break-point .footer-widget-area[data-section="sidebar-widgets-footer-widget-4"]{display:block;}}.footer-widget-area[data-section="sidebar-widgets-footer-widget-4"] .footer-widget-area-inner{text-align:left;}@media (max-width:921px){.footer-widget-area[data-section="sidebar-widgets-footer-widget-4"] .footer-widget-area-inner{text-align:left;}}@media (max-width:544px){.footer-widget-area[data-section="sidebar-widgets-footer-widget-4"] .footer-widget-area-inner{text-align:center;}}.footer-widget-area[data-section="sidebar-widgets-footer-widget-1"] .footer-widget-area-inner{color:#434343;}.footer-widget-area[data-section="sidebar-widgets-footer-widget-1"] .footer-widget-area-inner a{color:#434343;}.footer-widget-area[data-section="sidebar-widgets-footer-widget-1"] .footer-widget-area-inner a:hover{color:#3197d6;}.footer-widget-area[data-section="sidebar-widgets-footer-widget-1"] .widget-title{color:#000000;}.footer-widget-area[data-section="sidebar-widgets-footer-widget-1"]{display:block;}@media (max-width:921px){.ast-header-break-point .footer-widget-area[data-section="sidebar-widgets-footer-widget-1"]{display:block;}}@media (max-width:544px){.ast-header-break-point .footer-widget-area[data-section="sidebar-widgets-footer-widget-1"]{display:block;}}.footer-widget-area[data-section="sidebar-widgets-footer-widget-2"] .footer-widget-area-inner{color:#434343;}.footer-widget-area[data-section="sidebar-widgets-footer-widget-2"] .footer-widget-area-inner a{color:#434343;}.footer-widget-area[data-section="sidebar-widgets-footer-widget-2"] .footer-widget-area-inner a:hover{color:#3197d6;}.footer-widget-area[data-section="sidebar-widgets-footer-widget-2"] .widget-title{color:#000000;}.footer-widget-area[data-section="sidebar-widgets-footer-widget-2"]{display:block;}@media (max-width:921px){.ast-header-break-point .footer-widget-area[data-section="sidebar-widgets-footer-widget-2"]{display:block;}}@media (max-width:544px){.ast-header-break-point .footer-widget-area[data-section="sidebar-widgets-footer-widget-2"]{display:block;}}.footer-widget-area[data-section="sidebar-widgets-footer-widget-3"] .footer-widget-area-inner{color:#434343;}.footer-widget-area[data-section="sidebar-widgets-footer-widget-3"] .footer-widget-area-inner a{color:#434343;}.footer-widget-area[data-section="sidebar-widgets-footer-widget-3"] .footer-widget-area-inner a:hover{color:#3197d6;}.footer-widget-area[data-section="sidebar-widgets-footer-widget-3"] .widget-title{color:#000000;}.footer-widget-area[data-section="sidebar-widgets-footer-widget-3"]{display:block;}@media (max-width:921px){.ast-header-break-point .footer-widget-area[data-section="sidebar-widgets-footer-widget-3"]{display:block;}}@media (max-width:544px){.ast-header-break-point .footer-widget-area[data-section="sidebar-widgets-footer-widget-3"]{display:block;}}.footer-widget-area[data-section="sidebar-widgets-footer-widget-4"] .footer-widget-area-inner{color:#434343;}.footer-widget-area[data-section="sidebar-widgets-footer-widget-4"] .footer-widget-area-inner a{color:#434343;}.footer-widget-area[data-section="sidebar-widgets-footer-widget-4"] .footer-widget-area-inner a:hover{color:#3197d6;}.footer-widget-area[data-section="sidebar-widgets-footer-widget-4"] .widget-title{color:#000000;}.footer-widget-area[data-section="sidebar-widgets-footer-widget-4"]{display:block;}@media (max-width:921px){.ast-header-break-point .footer-widget-area[data-section="sidebar-widgets-footer-widget-4"]{display:block;}}@media (max-width:544px){.ast-header-break-point .footer-widget-area[data-section="sidebar-widgets-footer-widget-4"]{display:block;}}.ast-header-break-point .main-header-bar{border-bottom-width:1px;}@media (min-width:922px){.main-header-bar{border-bottom-width:1px;}}.ast-flex{-webkit-align-content:center;-ms-flex-line-pack:center;align-content:center;-webkit-box-align:center;-webkit-align-items:center;-moz-box-align:center;-ms-flex-align:center;align-items:center;}.main-header-bar{padding:1em 0;}.ast-site-identity{padding:0;}.header-main-layout-1 .ast-flex.main-header-container, .header-main-layout-3 .ast-flex.main-header-container{-webkit-align-content:center;-ms-flex-line-pack:center;align-content:center;-webkit-box-align:center;-webkit-align-items:center;-moz-box-align:center;-ms-flex-align:center;align-items:center;}.header-main-layout-1 .ast-flex.main-header-container, .header-main-layout-3 .ast-flex.main-header-container{-webkit-align-content:center;-ms-flex-line-pack:center;align-content:center;-webkit-box-align:center;-webkit-align-items:center;-moz-box-align:center;-ms-flex-align:center;align-items:center;}.main-header-menu .sub-menu .menu-item.menu-item-has-children &gt; .menu-link:after{position:absolute;right:1em;top:50%;transform:translate(0,-50%) rotate(270deg);}.ast-header-break-point .main-header-bar .main-header-bar-navigation .page_item_has_children &gt; .ast-menu-toggle::before, .ast-header-break-point .main-header-bar .main-header-bar-navigation .menu-item-has-children &gt; .ast-menu-toggle::before, .ast-mobile-popup-drawer .main-header-bar-navigation .menu-item-has-children&gt;.ast-menu-toggle::before, .ast-header-break-point .ast-mobile-header-wrap .main-header-bar-navigation .menu-item-has-children &gt; .ast-menu-toggle::before{font-weight:bold;content:"\e900";font-family:Astra;text-decoration:inherit;display:inline-block;}.ast-header-break-point .main-navigation ul.sub-menu .menu-item .menu-link:before{content:"\e900";font-family:Astra;font-size:.65em;text-decoration:inherit;display:inline-block;transform:translate(0, -2px) rotateZ(270deg);margin-right:5px;}.widget_search .search-form:after{font-family:Astra;font-size:1.2em;font-weight:normal;content:"\e8b6";position:absolute;top:50%;right:15px;transform:translate(0, -50%);}.astra-search-icon::before{content:"\e8b6";font-family:Astra;font-style:normal;font-weight:normal;text-decoration:inherit;text-align:center;-webkit-font-smoothing:antialiased;-moz-osx-font-smoothing:grayscale;}.main-header-bar .main-header-bar-navigation .page_item_has_children &gt; a:after, .main-header-bar .main-header-bar-navigation .menu-item-has-children &gt; a:after, .site-header-focus-item .main-header-bar-navigation .menu-item-has-children &gt; .menu-link:after{content:"\e900";display:inline-block;font-family:Astra;font-size:.6rem;font-weight:bold;text-rendering:auto;-webkit-font-smoothing:antialiased;-moz-osx-font-smoothing:grayscale;margin-left:10px;line-height:normal;}.ast-mobile-popup-drawer .main-header-bar-navigation .ast-submenu-expanded&gt;.ast-menu-toggle::before{transform:rotateX(180deg);}.ast-header-break-point .main-header-bar-navigation .menu-item-has-children &gt; .menu-link:after{display:none;}.ast-separate-container .blog-layout-1, .ast-separate-container .blog-layout-2, .ast-separate-container .blog-layout-3{background-color:transparent;background-image:none;}.ast-separate-container .ast-article-post{background-color:#ffffff;;}.ast-separate-container .ast-article-single:not(.ast-related-post), .ast-separate-container .comments-area .comment-respond,.ast-separate-container .comments-area .ast-comment-list li, .ast-separate-container .ast-woocommerce-container, .ast-separate-container .error-404, .ast-separate-container .no-results, .single.ast-separate-container .ast-author-meta, .ast-separate-container .related-posts-title-wrapper, .ast-separate-container.ast-two-container #secondary .widget,.ast-separate-container .comments-count-wrapper, .ast-box-layout.ast-plain-container .site-content,.ast-padded-layout.ast-plain-container .site-content, .ast-separate-container .comments-area .comments-title{background-color:#ffffff;;}.ast-mobile-header-content &gt; *,.ast-desktop-header-content &gt; * {padding: 10px 0;height: auto;}.ast-mobile-header-content &gt; *:first-child,.ast-desktop-header-content &gt; *:first-child {padding-top: 10px;}.ast-mobile-header-content &gt; .ast-builder-menu,.ast-desktop-header-content &gt; .ast-builder-menu {padding-top: 0;}.ast-mobile-header-content &gt; *:last-child,.ast-desktop-header-content &gt; *:last-child {padding-bottom: 0;}.ast-mobile-header-content .ast-search-menu-icon.ast-inline-search label,.ast-desktop-header-content .ast-search-menu-icon.ast-inline-search label {width: 100%;}.ast-desktop-header-content .main-header-bar-navigation .ast-submenu-expanded &gt; .ast-menu-toggle::before {transform: rotateX(180deg);}#ast-desktop-header .ast-desktop-header-content,.ast-mobile-header-content .ast-search-icon,.ast-desktop-header-content .ast-search-icon,.ast-mobile-header-wrap .ast-mobile-header-content,.ast-main-header-nav-open.ast-popup-nav-open .ast-mobile-header-wrap .ast-mobile-header-content,.ast-main-header-nav-open.ast-popup-nav-open .ast-desktop-header-content {display: none;}.ast-main-header-nav-open.ast-header-break-point #ast-desktop-header .ast-desktop-header-content,.ast-main-header-nav-open.ast-header-break-point .ast-mobile-header-wrap .ast-mobile-header-content {display: block;}.ast-desktop .ast-desktop-header-content .astra-menu-animation-slide-up &gt; .menu-item &gt; .sub-menu,.ast-desktop .ast-desktop-header-content .astra-menu-animation-slide-up &gt; .menu-item .menu-item &gt; .sub-menu,.ast-desktop .ast-desktop-header-content .astra-menu-animation-slide-down &gt; .menu-item &gt; .sub-menu,.ast-desktop .ast-desktop-header-content .astra-menu-animation-slide-down &gt; .menu-item .menu-item &gt; .sub-menu,.ast-desktop .ast-desktop-header-content .astra-menu-animation-fade &gt; .menu-item &gt; .sub-menu,.ast-desktop .ast-desktop-header-content .astra-menu-animation-fade &gt; .menu-item .menu-item &gt; .sub-menu {opacity: 1;visibility: visible;}.ast-hfb-header.ast-default-menu-enable.ast-header-break-point .ast-mobile-header-wrap .ast-mobile-header-content .main-header-bar-navigation {width: unset;margin: unset;}.ast-mobile-header-content.content-align-flex-end .main-header-bar-navigation .menu-item-has-children &gt; .ast-menu-toggle,.ast-desktop-header-content.content-align-flex-end .main-header-bar-navigation .menu-item-has-children &gt; .ast-menu-toggle {left: calc( 20px - 0.907em);}.ast-mobile-header-content .ast-search-menu-icon,.ast-mobile-header-content .ast-search-menu-icon.slide-search,.ast-desktop-header-content .ast-search-menu-icon,.ast-desktop-header-content .ast-search-menu-icon.slide-search {width: 100%;position: relative;display: block;right: auto;transform: none;}.ast-mobile-header-content .ast-search-menu-icon.slide-search .search-form,.ast-mobile-header-content .ast-search-menu-icon .search-form,.ast-desktop-header-content .ast-search-menu-icon.slide-search .search-form,.ast-desktop-header-content .ast-search-menu-icon .search-form {right: 0;visibility: visible;opacity: 1;position: relative;top: auto;transform: none;padding: 0;display: block;overflow: hidden;}.ast-mobile-header-content .ast-search-menu-icon.ast-inline-search .search-field,.ast-mobile-header-content .ast-search-menu-icon .search-field,.ast-desktop-header-content .ast-search-menu-icon.ast-inline-search .search-field,.ast-desktop-header-content .ast-search-menu-icon .search-field {width: 100%;padding-right: 5.5em;}.ast-mobile-header-content .ast-search-menu-icon .search-submit,.ast-desktop-header-content .ast-search-menu-icon .search-submit {display: block;position: absolute;height: 100%;top: 0;right: 0;padding: 0 1em;border-radius: 0;}.ast-hfb-header.ast-default-menu-enable.ast-header-break-point .ast-mobile-header-wrap .ast-mobile-header-content .main-header-bar-navigation ul .sub-menu .menu-link {padding-left: 30px;}.ast-hfb-header.ast-default-menu-enable.ast-header-break-point .ast-mobile-header-wrap .ast-mobile-header-content .main-header-bar-navigation .sub-menu .menu-item .menu-item .menu-link {padding-left: 40px;}.ast-mobile-popup-drawer.active .ast-mobile-popup-inner{background-color:#ffffff;;}.ast-mobile-header-wrap .ast-mobile-header-content, .ast-desktop-header-content{background-color:#ffffff;;}.ast-mobile-popup-content &gt; *, .ast-mobile-header-content &gt; *, .ast-desktop-popup-content &gt; *, .ast-desktop-header-content &gt; *{padding-top:0;padding-bottom:0;}.content-align-flex-start .ast-builder-layout-element{justify-content:flex-start;}.content-align-flex-start .main-header-menu{text-align:left;}.ast-mobile-popup-drawer.active .menu-toggle-close{color:#3a3a3a;}.ast-mobile-header-wrap .ast-primary-header-bar,.ast-primary-header-bar .site-primary-header-wrap{min-height:70px;}.ast-desktop .ast-primary-header-bar .main-header-menu &gt; .menu-item{line-height:70px;}.ast-desktop .ast-primary-header-bar .ast-header-woo-cart,.ast-desktop .ast-primary-header-bar .ast-header-edd-cart{line-height:70px;}@media (max-width:921px){#masthead .ast-mobile-header-wrap .ast-primary-header-bar,#masthead .ast-mobile-header-wrap .ast-below-header-bar{padding-left:20px;padding-right:20px;}}.ast-header-break-point .ast-primary-header-bar{border-bottom-width:1px;border-bottom-style:solid;}@media (min-width:922px){.ast-primary-header-bar{border-bottom-width:1px;border-bottom-style:solid;}}.ast-primary-header-bar{background-color:#ffffff;;background-image:none;;}.ast-primary-header-bar{display:block;}@media (max-width:921px){.ast-header-break-point .ast-primary-header-bar{display:grid;}}@media (max-width:544px){.ast-header-break-point .ast-primary-header-bar{display:grid;}}[data-section="section-header-mobile-trigger"] .ast-button-wrap .ast-mobile-menu-trigger-minimal{color:#000000;border:none;background:transparent;}[data-section="section-header-mobile-trigger"] .ast-button-wrap .mobile-menu-toggle-icon .ast-mobile-svg{width:20px;height:20px;fill:#000000;}[data-section="section-header-mobile-trigger"] .ast-button-wrap .mobile-menu-wrap .mobile-menu{color:#000000;}
</style>
    <link id="astra-menu-animation-css" rel="stylesheet" href="https://askomdch.com/wp-content/themes/astra/assets/css/minified/menu-animation.min.css?ver=3.7.5" media="all"/>
    <link id="wp-block-library-css" rel="stylesheet" href="https://askomdch.com/wp-includes/css/dist/block-library/style.min.css?ver=5.8.1" media="all"/>
    <link id="wc-blocks-vendors-style-css" rel="stylesheet" href="https://askomdch.com/wp-content/plugins/woocommerce/packages/woocommerce-blocks/build/wc-blocks-vendors-style.css?ver=5.9.1" media="all"/>
    <link id="wc-blocks-style-css" rel="stylesheet" href="https://askomdch.com/wp-content/plugins/woocommerce/packages/woocommerce-blocks/build/wc-blocks-style.css?ver=5.9.1" media="all"/>
    <style id="global-styles-inline-css">
body{--wp--preset--color--black: #000000;--wp--preset--color--cyan-bluish-gray: #abb8c3;--wp--preset--color--white: #ffffff;--wp--preset--color--pale-pink: #f78da7;--wp--preset--color--vivid-red: #cf2e2e;--wp--preset--color--luminous-vivid-orange: #ff6900;--wp--preset--color--luminous-vivid-amber: #fcb900;--wp--preset--color--light-green-cyan: #7bdcb5;--wp--preset--color--vivid-green-cyan: #00d084;--wp--preset--color--pale-cyan-blue: #8ed1fc;--wp--preset--color--vivid-cyan-blue: #0693e3;--wp--preset--color--vivid-purple: #9b51e0;--wp--preset--color--ast-global-color-0: var(--ast-global-color-0);--wp--preset--color--ast-global-color-1: var(--ast-global-color-1);--wp--preset--color--ast-global-color-2: var(--ast-global-color-2);--wp--preset--color--ast-global-color-3: var(--ast-global-color-3);--wp--preset--color--ast-global-color-4: var(--ast-global-color-4);--wp--preset--color--ast-global-color-5: var(--ast-global-color-5);--wp--preset--color--ast-global-color-6: var(--ast-global-color-6);--wp--preset--color--ast-global-color-7: var(--ast-global-color-7);--wp--preset--color--ast-global-color-8: var(--ast-global-color-8);--wp--preset--gradient--vivid-cyan-blue-to-vivid-purple: linear-gradient(135deg,rgba(6,147,227,1) 0%,rgb(155,81,224) 100%);--wp--preset--gradient--light-green-cyan-to-vivid-green-cyan: linear-gradient(135deg,rgb(122,220,180) 0%,rgb(0,208,130) 100%);--wp--preset--gradient--luminous-vivid-amber-to-luminous-vivid-orange: linear-gradient(135deg,rgba(252,185,0,1) 0%,rgba(255,105,0,1) 100%);--wp--preset--gradient--luminous-vivid-orange-to-vivid-red: linear-gradient(135deg,rgba(255,105,0,1) 0%,rgb(207,46,46) 100%);--wp--preset--gradient--very-light-gray-to-cyan-bluish-gray: linear-gradient(135deg,rgb(238,238,238) 0%,rgb(169,184,195) 100%);--wp--preset--gradient--cool-to-warm-spectrum: linear-gradient(135deg,rgb(74,234,220) 0%,rgb(151,120,209) 20%,rgb(207,42,186) 40%,rgb(238,44,130) 60%,rgb(251,105,98) 80%,rgb(254,248,76) 100%);--wp--preset--gradient--blush-light-purple: linear-gradient(135deg,rgb(255,206,236) 0%,rgb(152,150,240) 100%);--wp--preset--gradient--blush-bordeaux: linear-gradient(135deg,rgb(254,205,165) 0%,rgb(254,45,45) 50%,rgb(107,0,62) 100%);--wp--preset--gradient--luminous-dusk: linear-gradient(135deg,rgb(255,203,112) 0%,rgb(199,81,192) 50%,rgb(65,88,208) 100%);--wp--preset--gradient--pale-ocean: linear-gradient(135deg,rgb(255,245,203) 0%,rgb(182,227,212) 50%,rgb(51,167,181) 100%);--wp--preset--gradient--electric-grass: linear-gradient(135deg,rgb(202,248,128) 0%,rgb(113,206,126) 100%);--wp--preset--gradient--midnight: linear-gradient(135deg,rgb(2,3,129) 0%,rgb(40,116,252) 100%);--wp--preset--font-size--small: 13px;--wp--preset--font-size--normal: 16px;--wp--preset--font-size--medium: 20px;--wp--preset--font-size--large: 36px;--wp--preset--font-size--huge: 42px;}.has-black-color{color: var(--wp--preset--color--black) !important;}.has-cyan-bluish-gray-color{color: var(--wp--preset--color--cyan-bluish-gray) !important;}.has-white-color{color: var(--wp--preset--color--white) !important;}.has-pale-pink-color{color: var(--wp--preset--color--pale-pink) !important;}.has-vivid-red-color{color: var(--wp--preset--color--vivid-red) !important;}.has-luminous-vivid-orange-color{color: var(--wp--preset--color--luminous-vivid-orange) !important;}.has-luminous-vivid-amber-color{color: var(--wp--preset--color--luminous-vivid-amber) !important;}.has-light-green-cyan-color{color: var(--wp--preset--color--light-green-cyan) !important;}.has-vivid-green-cyan-color{color: var(--wp--preset--color--vivid-green-cyan) !important;}.has-pale-cyan-blue-color{color: var(--wp--preset--color--pale-cyan-blue) !important;}.has-vivid-cyan-blue-color{color: var(--wp--preset--color--vivid-cyan-blue) !important;}.has-vivid-purple-color{color: var(--wp--preset--color--vivid-purple) !important;}.has-ast-global-color-0-color{color: var(--wp--preset--color--ast-global-color-0) !important;}.has-ast-global-color-1-color{color: var(--wp--preset--color--ast-global-color-1) !important;}.has-ast-global-color-2-color{color: var(--wp--preset--color--ast-global-color-2) !important;}.has-ast-global-color-3-color{color: var(--wp--preset--color--ast-global-color-3) !important;}.has-ast-global-color-4-color{color: var(--wp--preset--color--ast-global-color-4) !important;}.has-ast-global-color-5-color{color: var(--wp--preset--color--ast-global-color-5) !important;}.has-ast-global-color-6-color{color: var(--wp--preset--color--ast-global-color-6) !important;}.has-ast-global-color-7-color{color: var(--wp--preset--color--ast-global-color-7) !important;}.has-ast-global-color-8-color{color: var(--wp--preset--color--ast-global-color-8) !important;}.has-black-background-color{background-color: var(--wp--preset--color--black) !important;}.has-cyan-bluish-gray-background-color{background-color: var(--wp--preset--color--cyan-bluish-gray) !important;}.has-white-background-color{background-color: var(--wp--preset--color--white) !important;}.has-pale-pink-background-color{background-color: var(--wp--preset--color--pale-pink) !important;}.has-vivid-red-background-color{background-color: var(--wp--preset--color--vivid-red) !important;}.has-luminous-vivid-orange-background-color{background-color: var(--wp--preset--color--luminous-vivid-orange) !important;}.has-luminous-vivid-amber-background-color{background-color: var(--wp--preset--color--luminous-vivid-amber) !important;}.has-light-green-cyan-background-color{background-color: var(--wp--preset--color--light-green-cyan) !important;}.has-vivid-green-cyan-background-color{background-color: var(--wp--preset--color--vivid-green-cyan) !important;}.has-pale-cyan-blue-background-color{background-color: var(--wp--preset--color--pale-cyan-blue) !important;}.has-vivid-cyan-blue-background-color{background-color: var(--wp--preset--color--vivid-cyan-blue) !important;}.has-vivid-purple-background-color{background-color: var(--wp--preset--color--vivid-purple) !important;}.has-ast-global-color-0-background-color{background-color: var(--wp--preset--color--ast-global-color-0) !important;}.has-ast-global-color-1-background-color{background-color: var(--wp--preset--color--ast-global-color-1) !important;}.has-ast-global-color-2-background-color{background-color: var(--wp--preset--color--ast-global-color-2) !important;}.has-ast-global-color-3-background-color{background-color: var(--wp--preset--color--ast-global-color-3) !important;}.has-ast-global-color-4-background-color{background-color: var(--wp--preset--color--ast-global-color-4) !important;}.has-ast-global-color-5-background-color{background-color: var(--wp--preset--color--ast-global-color-5) !important;}.has-ast-global-color-6-background-color{background-color: var(--wp--preset--color--ast-global-color-6) !important;}.has-ast-global-color-7-background-color{background-color: var(--wp--preset--color--ast-global-color-7) !important;}.has-ast-global-color-8-background-color{background-color: var(--wp--preset--color--ast-global-color-8) !important;}.has-vivid-cyan-blue-to-vivid-purple-gradient-background{background: var(--wp--preset--gradient--vivid-cyan-blue-to-vivid-purple) !important;}.has-light-green-cyan-to-vivid-green-cyan-gradient-background{background: var(--wp--preset--gradient--light-green-cyan-to-vivid-green-cyan) !important;}.has-luminous-vivid-amber-to-luminous-vivid-orange-gradient-background{background: var(--wp--preset--gradient--luminous-vivid-amber-to-luminous-vivid-orange) !important;}.has-luminous-vivid-orange-to-vivid-red-gradient-background{background: var(--wp--preset--gradient--luminous-vivid-orange-to-vivid-red) !important;}.has-very-light-gray-to-cyan-bluish-gray-gradient-background{background: var(--wp--preset--gradient--very-light-gray-to-cyan-bluish-gray) !important;}.has-cool-to-warm-spectrum-gradient-background{background: var(--wp--preset--gradient--cool-to-warm-spectrum) !important;}.has-blush-light-purple-gradient-background{background: var(--wp--preset--gradient--blush-light-purple) !important;}.has-blush-bordeaux-gradient-background{background: var(--wp--preset--gradient--blush-bordeaux) !important;}.has-luminous-dusk-gradient-background{background: var(--wp--preset--gradient--luminous-dusk) !important;}.has-pale-ocean-gradient-background{background: var(--wp--preset--gradient--pale-ocean) !important;}.has-electric-grass-gradient-background{background: var(--wp--preset--gradient--electric-grass) !important;}.has-midnight-gradient-background{background: var(--wp--preset--gradient--midnight) !important;}.has-small-font-size{font-size: var(--wp--preset--font-size--small) !important;}.has-normal-font-size{font-size: var(--wp--preset--font-size--normal) !important;}.has-medium-font-size{font-size: var(--wp--preset--font-size--medium) !important;}.has-large-font-size{font-size: var(--wp--preset--font-size--large) !important;}.has-huge-font-size{font-size: var(--wp--preset--font-size--huge) !important;}
</style>
    <link id="woocommerce-layout-css" rel="stylesheet" href="https://askomdch.com/wp-content/themes/astra/assets/css/minified/compatibility/woocommerce/woocommerce-layout.min.css?ver=3.7.5" media="all"/>
    <link id="woocommerce-smallscreen-css" rel="stylesheet" href="https://askomdch.com/wp-content/themes/astra/assets/css/minified/compatibility/woocommerce/woocommerce-smallscreen.min.css?ver=3.7.5" media="only screen and (max-width: 921px)"/>
    <link id="woocommerce-general-css" rel="stylesheet" href="https://askomdch.com/wp-content/themes/astra/assets/css/minified/compatibility/woocommerce/woocommerce.min.css?ver=3.7.5" media="all"/>
    <style id="woocommerce-general-inline-css">
#customer_details h3:not(.elementor-widget-woocommerce-checkout-page h3){font-size:1.2rem;padding:20px 0 14px;margin:0 0 20px;border-bottom:1px solid #ebebeb;}form #order_review_heading:not(.elementor-widget-woocommerce-checkout-page #order_review_heading){border-width:2px 2px 0 2px;border-style:solid;font-size:1.2rem;margin:0;padding:1.5em 1.5em 1em;border-color:#ebebeb;}form #order_review:not(.elementor-widget-woocommerce-checkout-page #order_review){padding:0 2em;border-width:0 2px 2px;border-style:solid;border-color:#ebebeb;}ul#shipping_method li:not(.elementor-widget-woocommerce-cart #shipping_method li){margin:0;padding:0.25em 0 0.25em 22px;text-indent:-22px;list-style:none outside;}.woocommerce span.onsale, .wc-block-grid__product .wc-block-grid__product-onsale{background-color:#54595f;color:#ffffff;}.woocommerce a.button, .woocommerce button.button, .woocommerce .woocommerce-message a.button, .woocommerce #respond input#submit.alt, .woocommerce a.button.alt, .woocommerce button.button.alt, .woocommerce input.button.alt, .woocommerce input.button,.woocommerce input.button:disabled, .woocommerce input.button:disabled[disabled], .woocommerce input.button:disabled:hover, .woocommerce input.button:disabled[disabled]:hover, .woocommerce #respond input#submit, .woocommerce button.button.alt.disabled, .wc-block-grid__products .wc-block-grid__product .wp-block-button__link, .wc-block-grid__product-onsale{color:#ffffff;border-color:#3197d6;background-color:#3197d6;}.woocommerce a.button:hover, .woocommerce button.button:hover, .woocommerce .woocommerce-message a.button:hover,.woocommerce #respond input#submit:hover,.woocommerce #respond input#submit.alt:hover, .woocommerce a.button.alt:hover, .woocommerce button.button.alt:hover, .woocommerce input.button.alt:hover, .woocommerce input.button:hover, .woocommerce button.button.alt.disabled:hover, .wc-block-grid__products .wc-block-grid__product .wp-block-button__link:hover{color:#ffffff;border-color:#0084d6;background-color:#0084d6;}.woocommerce-message, .woocommerce-info{border-top-color:#4e4e4e;}.woocommerce-message::before,.woocommerce-info::before{color:#4e4e4e;}.woocommerce ul.products li.product .price, .woocommerce div.product p.price, .woocommerce div.product span.price, .widget_layered_nav_filters ul li.chosen a, .woocommerce-page ul.products li.product .ast-woo-product-category, .wc-layered-nav-rating a{color:#333333;}.woocommerce nav.woocommerce-pagination ul,.woocommerce nav.woocommerce-pagination ul li{border-color:#4e4e4e;}.woocommerce nav.woocommerce-pagination ul li a:focus, .woocommerce nav.woocommerce-pagination ul li a:hover, .woocommerce nav.woocommerce-pagination ul li span.current{background:#4e4e4e;color:#ffffff;}.woocommerce-MyAccount-navigation-link.is-active a{color:#0084d6;}.woocommerce .widget_price_filter .ui-slider .ui-slider-range, .woocommerce .widget_price_filter .ui-slider .ui-slider-handle{background-color:#4e4e4e;}.woocommerce a.button, .woocommerce button.button, .woocommerce .woocommerce-message a.button, .woocommerce #respond input#submit.alt, .woocommerce a.button.alt, .woocommerce button.button.alt, .woocommerce input.button.alt, .woocommerce input.button,.woocommerce-cart table.cart td.actions .button, .woocommerce form.checkout_coupon .button, .woocommerce #respond input#submit, .wc-block-grid__products .wc-block-grid__product .wp-block-button__link{border-radius:0;padding-top:17px;padding-right:30px;padding-bottom:17px;padding-left:30px;}.woocommerce .star-rating, .woocommerce .comment-form-rating .stars a, .woocommerce .star-rating::before{color:#4e4e4e;}.woocommerce div.product .woocommerce-tabs ul.tabs li.active:before{background:#4e4e4e;}.woocommerce a.remove:hover{color:#4e4e4e;border-color:#4e4e4e;background-color:#ffffff;}.woocommerce ul.product-categories &gt; li ul li:before{content:"\e900";padding:0 5px 0 5px;display:inline-block;font-family:Astra;transform:rotate(-90deg);font-size:0.7rem;}@media (min-width:545px) and (max-width:921px){.woocommerce.tablet-columns-6 ul.products li.product, .woocommerce-page.tablet-columns-6 ul.products li.product{width:calc(16.66% - 16.66px);}.woocommerce.tablet-columns-5 ul.products li.product, .woocommerce-page.tablet-columns-5 ul.products li.product{width:calc(20% - 16px);}.woocommerce.tablet-columns-4 ul.products li.product, .woocommerce-page.tablet-columns-4 ul.products li.product{width:calc(25% - 15px);}.woocommerce.tablet-columns-3 ul.products li.product, .woocommerce-page.tablet-columns-3 ul.products li.product{width:calc(33.33% - 14px);}.woocommerce.tablet-columns-2 ul.products li.product, .woocommerce-page.tablet-columns-2 ul.products li.product{width:calc(50% - 10px);}.woocommerce.tablet-columns-1 ul.products li.product, .woocommerce-page.tablet-columns-1 ul.products li.product{width:100%;}.woocommerce div.product .related.products ul.products li.product{width:calc(33.33% - 14px);}}@media (min-width:545px) and (max-width:921px){.woocommerce[class*="columns-"].columns-3 &gt; ul.products li.product, .woocommerce[class*="columns-"].columns-4 &gt; ul.products li.product, .woocommerce[class*="columns-"].columns-5 &gt; ul.products li.product, .woocommerce[class*="columns-"].columns-6 &gt; ul.products li.product{width:calc(33.33% - 14px);margin-right:20px;}.woocommerce[class*="columns-"].columns-3 &gt; ul.products li.product:nth-child(3n), .woocommerce[class*="columns-"].columns-4 &gt; ul.products li.product:nth-child(3n), .woocommerce[class*="columns-"].columns-5 &gt; ul.products li.product:nth-child(3n), .woocommerce[class*="columns-"].columns-6 &gt; ul.products li.product:nth-child(3n){margin-right:0;clear:right;}.woocommerce[class*="columns-"].columns-3 &gt; ul.products li.product:nth-child(3n+1), .woocommerce[class*="columns-"].columns-4 &gt; ul.products li.product:nth-child(3n+1), .woocommerce[class*="columns-"].columns-5 &gt; ul.products li.product:nth-child(3n+1), .woocommerce[class*="columns-"].columns-6 &gt; ul.products li.product:nth-child(3n+1){clear:left;}.woocommerce[class*="columns-"] ul.products li.product:nth-child(n), .woocommerce-page[class*="columns-"] ul.products li.product:nth-child(n){margin-right:20px;clear:none;}.woocommerce.tablet-columns-2 ul.products li.product:nth-child(2n), .woocommerce-page.tablet-columns-2 ul.products li.product:nth-child(2n), .woocommerce.tablet-columns-3 ul.products li.product:nth-child(3n), .woocommerce-page.tablet-columns-3 ul.products li.product:nth-child(3n), .woocommerce.tablet-columns-4 ul.products li.product:nth-child(4n), .woocommerce-page.tablet-columns-4 ul.products li.product:nth-child(4n), .woocommerce.tablet-columns-5 ul.products li.product:nth-child(5n), .woocommerce-page.tablet-columns-5 ul.products li.product:nth-child(5n), .woocommerce.tablet-columns-6 ul.products li.product:nth-child(6n), .woocommerce-page.tablet-columns-6 ul.products li.product:nth-child(6n){margin-right:0;clear:right;}.woocommerce.tablet-columns-2 ul.products li.product:nth-child(2n+1), .woocommerce-page.tablet-columns-2 ul.products li.product:nth-child(2n+1), .woocommerce.tablet-columns-3 ul.products li.product:nth-child(3n+1), .woocommerce-page.tablet-columns-3 ul.products li.product:nth-child(3n+1), .woocommerce.tablet-columns-4 ul.products li.product:nth-child(4n+1), .woocommerce-page.tablet-columns-4 ul.products li.product:nth-child(4n+1), .woocommerce.tablet-columns-5 ul.products li.product:nth-child(5n+1), .woocommerce-page.tablet-columns-5 ul.products li.product:nth-child(5n+1), .woocommerce.tablet-columns-6 ul.products li.product:nth-child(6n+1), .woocommerce-page.tablet-columns-6 ul.products li.product:nth-child(6n+1){clear:left;}.woocommerce div.product .related.products ul.products li.product:nth-child(3n), .woocommerce-page.tablet-columns-1 .site-main ul.products li.product{margin-right:0;clear:right;}.woocommerce div.product .related.products ul.products li.product:nth-child(3n+1){clear:left;}}@media (min-width:922px){.woocommerce #reviews #comments{width:55%;float:left;}.woocommerce #reviews #review_form_wrapper{width:45%;padding-left:2em;float:right;}.woocommerce form.checkout_coupon{width:50%;}}@media (max-width:921px){.ast-header-break-point.ast-woocommerce-cart-menu .header-main-layout-1.ast-mobile-header-stack.ast-no-menu-items .ast-site-header-cart, .ast-header-break-point.ast-woocommerce-cart-menu .header-main-layout-3.ast-mobile-header-stack.ast-no-menu-items .ast-site-header-cart{padding-right:0;padding-left:0;}.ast-header-break-point.ast-woocommerce-cart-menu .header-main-layout-1.ast-mobile-header-stack .main-header-bar{text-align:center;}.ast-header-break-point.ast-woocommerce-cart-menu .header-main-layout-1.ast-mobile-header-stack .ast-site-header-cart, .ast-header-break-point.ast-woocommerce-cart-menu .header-main-layout-1.ast-mobile-header-stack .ast-mobile-menu-buttons{display:inline-block;}.ast-header-break-point.ast-woocommerce-cart-menu .header-main-layout-2.ast-mobile-header-inline .site-branding{flex:auto;}.ast-header-break-point.ast-woocommerce-cart-menu .header-main-layout-3.ast-mobile-header-stack .site-branding{flex:0 0 100%;}.ast-header-break-point.ast-woocommerce-cart-menu .header-main-layout-3.ast-mobile-header-stack .main-header-container{display:flex;justify-content:center;}.woocommerce-cart .woocommerce-shipping-calculator .button{width:100%;}.woocommerce div.product div.images, .woocommerce div.product div.summary, .woocommerce #content div.product div.images, .woocommerce #content div.product div.summary, .woocommerce-page div.product div.images, .woocommerce-page div.product div.summary, .woocommerce-page #content div.product div.images, .woocommerce-page #content div.product div.summary{float:none;width:100%;}.woocommerce-cart table.cart td.actions .ast-return-to-shop{display:block;text-align:center;margin-top:1em;}}@media (max-width:544px){.ast-separate-container .ast-woocommerce-container{padding:.54em 1em 1.33333em;}.woocommerce-message, .woocommerce-error, .woocommerce-info{display:flex;flex-wrap:wrap;}.woocommerce-message a.button, .woocommerce-error a.button, .woocommerce-info a.button{order:1;margin-top:.5em;}.woocommerce .woocommerce-ordering, .woocommerce-page .woocommerce-ordering{float:none;margin-bottom:2em;width:100%;}.woocommerce ul.products a.button, .woocommerce-page ul.products a.button{padding:0.5em 0.75em;}.woocommerce table.cart td.actions .button, .woocommerce #content table.cart td.actions .button, .woocommerce-page table.cart td.actions .button, .woocommerce-page #content table.cart td.actions .button{padding-left:1em;padding-right:1em;}.woocommerce #content table.cart .button, .woocommerce-page #content table.cart .button{width:100%;}.woocommerce #content table.cart .product-thumbnail, .woocommerce-page #content table.cart .product-thumbnail{display:block;text-align:center !important;}.woocommerce #content table.cart .product-thumbnail::before, .woocommerce-page #content table.cart .product-thumbnail::before{display:none;}.woocommerce #content table.cart td.actions .coupon, .woocommerce-page #content table.cart td.actions .coupon{float:none;}.woocommerce #content table.cart td.actions .coupon .button, .woocommerce-page #content table.cart td.actions .coupon .button{flex:1;}.woocommerce #content div.product .woocommerce-tabs ul.tabs li a, .woocommerce-page #content div.product .woocommerce-tabs ul.tabs li a{display:block;}.woocommerce div.product .related.products ul.products li.product, .woocommerce.mobile-columns-2 ul.products li.product, .woocommerce-page.mobile-columns-2 ul.products li.product{width:calc(50% - 10px);}.woocommerce.mobile-columns-6 ul.products li.product, .woocommerce-page.mobile-columns-6 ul.products li.product{width:calc(16.66% - 16.66px);}.woocommerce.mobile-columns-5 ul.products li.product, .woocommerce-page.mobile-columns-5 ul.products li.product{width:calc(20% - 16px);}.woocommerce.mobile-columns-4 ul.products li.product, .woocommerce-page.mobile-columns-4 ul.products li.product{width:calc(25% - 15px);}.woocommerce.mobile-columns-3 ul.products li.product, .woocommerce-page.mobile-columns-3 ul.products li.product{width:calc(33.33% - 14px);}.woocommerce.mobile-columns-1 ul.products li.product, .woocommerce-page.mobile-columns-1 ul.products li.product{width:100%;}}@media (max-width:544px){.woocommerce ul.products a.button.loading::after, .woocommerce-page ul.products a.button.loading::after{display:inline-block;margin-left:5px;position:initial;}.woocommerce.mobile-columns-1 .site-main ul.products li.product:nth-child(n), .woocommerce-page.mobile-columns-1 .site-main ul.products li.product:nth-child(n){margin-right:0;}.woocommerce #content div.product .woocommerce-tabs ul.tabs li, .woocommerce-page #content div.product .woocommerce-tabs ul.tabs li{display:block;margin-right:0;}.woocommerce[class*="columns-"].columns-3 &gt; ul.products li.product, .woocommerce[class*="columns-"].columns-4 &gt; ul.products li.product, .woocommerce[class*="columns-"].columns-5 &gt; ul.products li.product, .woocommerce[class*="columns-"].columns-6 &gt; ul.products li.product{width:calc(50% - 10px);margin-right:20px;}.woocommerce[class*="columns-"] ul.products li.product:nth-child(n), .woocommerce-page[class*="columns-"] ul.products li.product:nth-child(n){margin-right:20px;clear:none;}.woocommerce-page[class*=columns-].columns-3&gt;ul.products li.product:nth-child(2n), .woocommerce-page[class*=columns-].columns-4&gt;ul.products li.product:nth-child(2n), .woocommerce-page[class*=columns-].columns-5&gt;ul.products li.product:nth-child(2n), .woocommerce-page[class*=columns-].columns-6&gt;ul.products li.product:nth-child(2n), .woocommerce[class*=columns-].columns-3&gt;ul.products li.product:nth-child(2n), .woocommerce[class*=columns-].columns-4&gt;ul.products li.product:nth-child(2n), .woocommerce[class*=columns-].columns-5&gt;ul.products li.product:nth-child(2n), .woocommerce[class*=columns-].columns-6&gt;ul.products li.product:nth-child(2n){margin-right:0;clear:right;}.woocommerce[class*="columns-"].columns-3 &gt; ul.products li.product:nth-child(2n+1), .woocommerce[class*="columns-"].columns-4 &gt; ul.products li.product:nth-child(2n+1), .woocommerce[class*="columns-"].columns-5 &gt; ul.products li.product:nth-child(2n+1), .woocommerce[class*="columns-"].columns-6 &gt; ul.products li.product:nth-child(2n+1){clear:left;}.woocommerce-page[class*=columns-] ul.products li.product:nth-child(n), .woocommerce[class*=columns-] ul.products li.product:nth-child(n){margin-right:20px;clear:none;}.woocommerce.mobile-columns-6 ul.products li.product:nth-child(6n), .woocommerce-page.mobile-columns-6 ul.products li.product:nth-child(6n), .woocommerce.mobile-columns-5 ul.products li.product:nth-child(5n), .woocommerce-page.mobile-columns-5 ul.products li.product:nth-child(5n), .woocommerce.mobile-columns-4 ul.products li.product:nth-child(4n), .woocommerce-page.mobile-columns-4 ul.products li.product:nth-child(4n), .woocommerce.mobile-columns-3 ul.products li.product:nth-child(3n), .woocommerce-page.mobile-columns-3 ul.products li.product:nth-child(3n), .woocommerce.mobile-columns-2 ul.products li.product:nth-child(2n), .woocommerce-page.mobile-columns-2 ul.products li.product:nth-child(2n), .woocommerce div.product .related.products ul.products li.product:nth-child(2n){margin-right:0;clear:right;}.woocommerce.mobile-columns-6 ul.products li.product:nth-child(6n+1), .woocommerce-page.mobile-columns-6 ul.products li.product:nth-child(6n+1), .woocommerce.mobile-columns-5 ul.products li.product:nth-child(5n+1), .woocommerce-page.mobile-columns-5 ul.products li.product:nth-child(5n+1), .woocommerce.mobile-columns-4 ul.products li.product:nth-child(4n+1), .woocommerce-page.mobile-columns-4 ul.products li.product:nth-child(4n+1), .woocommerce.mobile-columns-3 ul.products li.product:nth-child(3n+1), .woocommerce-page.mobile-columns-3 ul.products li.product:nth-child(3n+1), .woocommerce.mobile-columns-2 ul.products li.product:nth-child(2n+1), .woocommerce-page.mobile-columns-2 ul.products li.product:nth-child(2n+1), .woocommerce div.product .related.products ul.products li.product:nth-child(2n+1){clear:left;}}@media (min-width:922px){.ast-woo-shop-archive .site-content &gt; .ast-container{max-width:1240px;}}@media (min-width:922px){.woocommerce #content .ast-woocommerce-container div.product div.images, .woocommerce .ast-woocommerce-container div.product div.images, .woocommerce-page #content .ast-woocommerce-container div.product div.images, .woocommerce-page .ast-woocommerce-container div.product div.images{width:50%;}.woocommerce #content .ast-woocommerce-container div.product div.summary, .woocommerce .ast-woocommerce-container div.product div.summary, .woocommerce-page #content .ast-woocommerce-container div.product div.summary, .woocommerce-page .ast-woocommerce-container div.product div.summary{width:46%;}.woocommerce.woocommerce-checkout form #customer_details.col2-set .col-1, .woocommerce.woocommerce-checkout form #customer_details.col2-set .col-2, .woocommerce-page.woocommerce-checkout form #customer_details.col2-set .col-1, .woocommerce-page.woocommerce-checkout form #customer_details.col2-set .col-2{float:none;width:auto;}}.woocommerce a.button , .woocommerce button.button.alt ,.woocommerce-page table.cart td.actions .button, .woocommerce-page #content table.cart td.actions .button , .woocommerce a.button.alt ,.woocommerce .woocommerce-message a.button , .ast-site-header-cart .widget_shopping_cart .buttons .button.checkout, .woocommerce button.button.alt.disabled , .wc-block-grid__products .wc-block-grid__product .wp-block-button__link {border:solid;border-top-width:0;border-right-width:0;border-left-width:0;border-bottom-width:0;border-color:#3197d6;}.woocommerce a.button:hover , .woocommerce button.button.alt:hover , .woocommerce-page table.cart td.actions .button:hover, .woocommerce-page #content table.cart td.actions .button:hover, .woocommerce a.button.alt:hover ,.woocommerce .woocommerce-message a.button:hover , .ast-site-header-cart .widget_shopping_cart .buttons .button.checkout:hover , .woocommerce button.button.alt.disabled:hover , .wc-block-grid__products .wc-block-grid__product .wp-block-button__link:hover{border-color:#0084d6;}.widget_product_search button{flex:0 0 auto;padding:10px 20px;;}@media (min-width:922px){.woocommerce.woocommerce-checkout form #customer_details.col2-set, .woocommerce-page.woocommerce-checkout form #customer_details.col2-set{width:55%;float:left;margin-right:4.347826087%;}.woocommerce.woocommerce-checkout form #order_review, .woocommerce.woocommerce-checkout form #order_review_heading, .woocommerce-page.woocommerce-checkout form #order_review, .woocommerce-page.woocommerce-checkout form #order_review_heading{width:40%;float:right;margin-right:0;clear:right;}}
</style>
    <style id="woocommerce-inline-inline-css">
.woocommerce form .form-row .required { visibility: visible; }
</style>
    <script id="jquery-core-js" src="https://askomdch.com/wp-includes/js/jquery/jquery.min.js?ver=3.6.0"/>
    <script id="jquery-migrate-js" src="https://askomdch.com/wp-includes/js/jquery/jquery-migrate.min.js?ver=3.3.2"/>
    <link rel="canonical" href="https://askomdch.com/account/"/>
    <noscript>
      <style>.woocommerce-product-gallery{ opacity: 1 !important; }</style>
    </noscript>
    <style>.recentcomments a{display:inline !important;padding:0 !important;margin:0 !important;}</style>
  </head>
  <body class="page-template-default page page-id-1235 theme-astra woocommerce-account woocommerce-page woocommerce-no-js ast-single-post ast-mobile-inherit-site-logo ast-woocommerce-cart-menu ast-inherit-site-logo-transparent ast-theme-transparent-header ast-hfb-header ast-desktop ast-plain-container ast-no-sidebar astra-3.7.5" itemtype="https://schema.org/WebPage" itemscope="itemscope">
    <a shape="rect" class="skip-link screen-reader-text" href="#content" role="link" title="Skip to content">
Skip to content</a>
    <div class="hfeed site" id="page">
      <header class="site-header ast-primary-submenu-animation-slide-up header-main-layout-1 ast-primary-menu-enabled ast-builder-menu-toggle-icon ast-mobile-header-inline" id="masthead" itemtype="https://schema.org/WPHeader" itemscope="itemscope" itemid="#masthead">
        <div id="ast-desktop-header" data-toggle-type="dropdown">
          <div class="ast-main-header-wrap main-header-bar-wrap">
            <div class="ast-primary-header-bar ast-primary-header main-header-bar site-header-focus-item" data-section="section-primary-header-builder">
              <div class="site-primary-header-wrap ast-builder-grid-row-container site-header-focus-item ast-container" data-section="section-primary-header-builder">
                <div class="ast-builder-grid-row ast-builder-grid-row-has-sides ast-builder-grid-row-no-center">
                  <div class="site-header-primary-section-left site-header-section ast-flex site-header-section-left">
                    <div class="ast-builder-layout-element ast-flex site-header-focus-item" data-section="title_tagline">
                      <div class="site-branding ast-site-identity" itemtype="https://schema.org/Organization" itemscope="itemscope">
                        <div class="ast-site-title-wrap">
                          <span class="site-title" itemprop="name">
                            <a shape="rect" href="https://askomdch.com/" rel="home" itemprop="url">
AskOmDch
</a>
                          </span>
                        </div>
                      </div>
                    </div>
                  </div>
                  <div class="site-header-primary-section-right site-header-section ast-flex ast-grid-right-section">
                    <div class="ast-builder-menu-1 ast-builder-menu ast-flex ast-builder-menu-1-focus-item ast-builder-layout-element site-header-focus-item" data-section="section-hb-menu-1">
                      <div class="ast-main-header-bar-alignment">
                        <div class="main-header-bar-navigation">
                          <nav class="site-navigation ast-flex-grow-1 navigation-accessibility site-header-focus-item" id="primary-site-navigation" aria-label="Site Navigation" itemtype="https://schema.org/SiteNavigationElement" itemscope="itemscope">
                            <div class="main-navigation ast-inline-flex">
                              <ul class="main-header-menu ast-menu-shadow ast-nav-menu ast-flex submenu-with-border astra-menu-animation-slide-up stack-on-mobile" id="ast-hf-menu-1">
                                <li class="menu-item menu-item-type-post_type menu-item-object-page menu-item-home menu-item-1226" id="menu-item-1226">
                                  <a shape="rect" class="menu-link" href="https://askomdch.com/">Home</a>
                                </li>
                                <li class="menu-item menu-item-type-post_type menu-item-object-page menu-item-1227" id="menu-item-1227">
                                  <a shape="rect" class="menu-link" href="https://askomdch.com/store/">Store</a>
                                </li>
                                <li class="menu-item menu-item-type-taxonomy menu-item-object-product_cat menu-item-1228" id="menu-item-1228">
                                  <a shape="rect" class="menu-link" href="https://askomdch.com/product-category/men/">Men</a>
                                </li>
                                <li class="menu-item menu-item-type-taxonomy menu-item-object-product_cat menu-item-1229" id="menu-item-1229">
                                  <a shape="rect" class="menu-link" href="https://askomdch.com/product-category/women/">Women</a>
                                </li>
                                <li class="menu-item menu-item-type-taxonomy menu-item-object-product_cat menu-item-1230" id="menu-item-1230">
                                  <a shape="rect" class="menu-link" href="https://askomdch.com/product-category/accessories/">Accessories</a>
                                </li>
                                <li class="menu-item menu-item-type-post_type menu-item-object-page current-menu-item page_item page-item-1235 current_page_item menu-item-1237" id="menu-item-1237">
                                  <a shape="rect" class="menu-link" href="https://askomdch.com/account/" aria-current="page">Account</a>
                                </li>
                                <li class="menu-item menu-item-type-post_type menu-item-object-page menu-item-1232" id="menu-item-1232">
                                  <a shape="rect" class="menu-link" href="https://askomdch.com/about/">About</a>
                                </li>
                                <li class="menu-item menu-item-type-post_type menu-item-object-page menu-item-1233" id="menu-item-1233">
                                  <a shape="rect" class="menu-link" href="https://askomdch.com/contact-us/">Contact Us</a>
                                </li>
                              </ul>
                            </div>
                          </nav>
                        </div>
                      </div>
                    </div>
                    <div class="ast-builder-layout-element site-header-focus-item ast-header-woo-cart" data-section="section-header-woo-cart">
                      <div class="ast-site-header-cart ast-menu-cart-with-border ast-menu-cart-fill" id="ast-site-header-cart">
                        <div class="ast-site-header-cart-li">
                          <a shape="rect" class="cart-container" href="https://askomdch.com/cart/" title="View your shopping cart"/>
                          <div class="ast-cart-menu-wrap">
                            <span class="count">
0 </span>
                          </div>
                        </div>
                        <div class="ast-site-header-cart-data">
                          <div class="widget woocommerce widget_shopping_cart">
                            <div class="widget_shopping_cart_content"/>
                          </div>
                        </div>
                      </div>
                    </div>
                  </div>
                </div>
              </div>
            </div>
          </div>
          <div class="ast-desktop-header-content content-align-flex-start"/>
        </div>
        <div class="ast-mobile-header-wrap" id="ast-mobile-header" data-type="dropdown">
          <div class="ast-main-header-wrap main-header-bar-wrap">
            <div class="ast-primary-header-bar ast-primary-header main-header-bar site-primary-header-wrap site-header-focus-item ast-builder-grid-row-layout-default ast-builder-grid-row-tablet-layout-default ast-builder-grid-row-mobile-layout-default" data-section="section-primary-header-builder">
              <div class="ast-builder-grid-row ast-builder-grid-row-has-sides ast-builder-grid-row-no-center">
                <div class="site-header-primary-section-left site-header-section ast-flex site-header-section-left">
                  <div class="ast-builder-layout-element ast-flex site-header-focus-item" data-section="title_tagline">
                    <div class="site-branding ast-site-identity" itemtype="https://schema.org/Organization" itemscope="itemscope">
                      <div class="ast-site-title-wrap">
                        <span class="site-title" itemprop="name">
                          <a shape="rect" href="https://askomdch.com/" rel="home" itemprop="url">
AskOmDch
</a>
                        </span>
                      </div>
                    </div>
                  </div>
                </div>
                <div class="site-header-primary-section-right site-header-section ast-flex ast-grid-right-section">
                  <div class="ast-builder-layout-element site-header-focus-item ast-header-woo-cart" data-section="section-header-woo-cart">
                    <div class="ast-site-header-cart ast-menu-cart-with-border ast-menu-cart-fill" id="ast-site-header-cart">
                      <div class="ast-site-header-cart-li">
                        <a shape="rect" class="cart-container" href="https://askomdch.com/cart/" title="View your shopping cart"/>
                        <div class="ast-cart-menu-wrap">
                          <span class="count">
0 </span>
                        </div>
                      </div>
                      <div class="ast-site-header-cart-data">
                        <div class="widget woocommerce widget_shopping_cart">
                          <div class="widget_shopping_cart_content"/>
                        </div>
                      </div>
                    </div>
                  </div>
                  <div class="ast-builder-layout-element ast-flex site-header-focus-item" data-section="section-header-mobile-trigger">
                    <div class="ast-button-wrap">
                      <button type="button" class="menu-toggle main-header-menu-toggle ast-mobile-menu-trigger-minimal" aria-expanded="false">
                        <span class="screen-reader-text">Main Menu</span>
                        <span class="mobile-menu-toggle-icon">
                          <span class="ahfb-svg-iconset ast-inline-flex svg-baseline">
                            <svg class="ast-mobile-svg ast-menu2-svg" fill="currentColor" version="1.1" width="24" height="28" viewbox="0 0 24 28">
                              <path d="M24 21v2c0 0.547-0.453 1-1 1h-22c-0.547 0-1-0.453-1-1v-2c0-0.547 0.453-1 1-1h22c0.547 0 1 0.453 1 1zM24 13v2c0 0.547-0.453 1-1 1h-22c-0.547 0-1-0.453-1-1v-2c0-0.547 0.453-1 1-1h22c0.547 0 1 0.453 1 1zM24 5v2c0 0.547-0.453 1-1 1h-22c-0.547 0-1-0.453-1-1v-2c0-0.547 0.453-1 1-1h22c0.547 0 1 0.453 1 1z"/>
                            </svg>
                          </span>
                          <span class="ahfb-svg-iconset ast-inline-flex svg-baseline">
                            <svg class="ast-mobile-svg ast-close-svg" fill="currentColor" version="1.1" width="24" height="24" viewbox="0 0 24 24">
                              <path d="M5.293 6.707l5.293 5.293-5.293 5.293c-0.391 0.391-0.391 1.024 0 1.414s1.024 0.391 1.414 0l5.293-5.293 5.293 5.293c0.391 0.391 1.024 0.391 1.414 0s0.391-1.024 0-1.414l-5.293-5.293 5.293-5.293c0.391-0.391 0.391-1.024 0-1.414s-1.024-0.391-1.414 0l-5.293 5.293-5.293-5.293c-0.391-0.391-1.024-0.391-1.414 0s-0.391 1.024 0 1.414z"/>
                            </svg>
                          </span>
                        </span>
                      </button>
                    </div>
                  </div>
                </div>
              </div>
            </div>
          </div>
          <div class="ast-mobile-header-content content-align-flex-start">
            <div class="ast-builder-menu-1 ast-builder-menu ast-flex ast-builder-menu-1-focus-item ast-builder-layout-element site-header-focus-item" data-section="section-hb-menu-1">
              <div class="ast-main-header-bar-alignment">
                <div class="main-header-bar-navigation">
                  <nav class="site-navigation ast-flex-grow-1 navigation-accessibility site-header-focus-item" id="primary-site-navigation" aria-label="Site Navigation" itemtype="https://schema.org/SiteNavigationElement" itemscope="itemscope">
                    <div class="main-navigation ast-inline-flex">
                      <ul class="main-header-menu ast-menu-shadow ast-nav-menu ast-flex submenu-with-border astra-menu-animation-slide-up stack-on-mobile" id="ast-hf-menu-1">
                        <li class="menu-item menu-item-type-post_type menu-item-object-page menu-item-home menu-item-1226">
                          <a shape="rect" class="menu-link" href="https://askomdch.com/">Home</a>
                        </li>
                        <li class="menu-item menu-item-type-post_type menu-item-object-page menu-item-1227">
                          <a shape="rect" class="menu-link" href="https://askomdch.com/store/">Store</a>
                        </li>
                        <li class="menu-item menu-item-type-taxonomy menu-item-object-product_cat menu-item-1228">
                          <a shape="rect" class="menu-link" href="https://askomdch.com/product-category/men/">Men</a>
                        </li>
                        <li class="menu-item menu-item-type-taxonomy menu-item-object-product_cat menu-item-1229">
                          <a shape="rect" class="menu-link" href="https://askomdch.com/product-category/women/">Women</a>
                        </li>
                        <li class="menu-item menu-item-type-taxonomy menu-item-object-product_cat menu-item-1230">
                          <a shape="rect" class="menu-link" href="https://askomdch.com/product-category/accessories/">Accessories</a>
                        </li>
                        <li class="menu-item menu-item-type-post_type menu-item-object-page current-menu-item page_item page-item-1235 current_page_item menu-item-1237">
                          <a shape="rect" class="menu-link" href="https://askomdch.com/account/" aria-current="page">Account</a>
                        </li>
                        <li class="menu-item menu-item-type-post_type menu-item-object-page menu-item-1232">
                          <a shape="rect" class="menu-link" href="https://askomdch.com/about/">About</a>
                        </li>
                        <li class="menu-item menu-item-type-post_type menu-item-object-page menu-item-1233">
                          <a shape="rect" class="menu-link" href="https://askomdch.com/contact-us/">Contact Us</a>
                        </li>
                      </ul>
                    </div>
                  </nav>
                </div>
              </div>
            </div>
          </div>
        </div>
      </header>
      <div class="site-content" id="content">
        <div class="ast-container">
          <div class="content-area primary" id="primary">
            <main id="main" class="site-main">
              <article class="post-1235 page type-page status-publish ast-article-single" id="post-1235" itemtype="https://schema.org/CreativeWork" itemscope="itemscope">
                <header class="entry-header ast-header-without-markup"/>
                <div class="entry-content clear" itemprop="text">
                  <div class="wp-block-cover alignfull has-background-dim" style="background-color:#001d35;min-height:400px">
                    <div class="wp-block-cover__inner-container">
                      <h1 class="has-text-align-center">Account</h1>
                    </div>
                  </div>
                  <div class="wp-block-group alignfull">
                    <div class="wp-block-group__inner-container">
                      <div class="wp-block-columns">
                        <div class="wp-block-column" style="flex-basis:100%"/>
                      </div>
                      <div class="woocommerce">
                        <div class="woocommerce-notices-wrapper"/>
                        <div class="u-columns col2-set" id="customer_login">
                          <div class="u-column1 col-1">
                            <h2>Login</h2>
                            <form enctype="application/x-www-form-urlencoded" method="post" class="woocommerce-form woocommerce-form-login login">
                              <p class="woocommerce-form-row woocommerce-form-row--wide form-row form-row-wide">
                                <label for="username">
Username or email address                                   <span class="required">*</span>
                                </label>
                                <input type="text" class="woocommerce-Input woocommerce-Input--text input-text" id="username" name="username" autocomplete="username" value=""/>
                              </p>
                              <p class="woocommerce-form-row woocommerce-form-row--wide form-row form-row-wide">
                                <label for="password">
Password                                   <span class="required">*</span>
                                </label>
                                <input type="password" class="woocommerce-Input woocommerce-Input--text input-text" id="password" name="password" autocomplete="current-password"/>
                              </p>
                              <p class="form-row">
                                <label class="woocommerce-form__label woocommerce-form__label-for-checkbox woocommerce-form-login__rememberme">
                                  <input type="checkbox" class="woocommerce-form__input woocommerce-form__input-checkbox" id="rememberme" name="rememberme" value="forever"/>
                                  <span>Remember me</span>
                                </label>
                                <input type="hidden" id="woocommerce-login-nonce" name="woocommerce-login-nonce" value="679b5e9476"/>
                                <input type="hidden" name="_wp_http_referer" value="/account/"/>
                                <button type="submit" class="woocommerce-button button woocommerce-form-login__submit" name="login" value="Log in">Log in</button>
                              </p>
                              <p class="woocommerce-LostPassword lost_password">
                                <a shape="rect" href="https://askomdch.com/account/lost-password/">Lost your password?</a>
                              </p>
                            </form>
                          </div>
                          <div class="u-column2 col-2">
                            <h2>Register</h2>
                            <form enctype="application/x-www-form-urlencoded" method="post" class="woocommerce-form woocommerce-form-register register">
                              <p class="woocommerce-form-row woocommerce-form-row--wide form-row form-row-wide">
                                <label for="reg_username">
Username                                   <span class="required">*</span>
                                </label>
                                <input type="text" class="woocommerce-Input woocommerce-Input--text input-text" id="reg_username" name="username" autocomplete="username" value=""/>
                              </p>
                              <p class="woocommerce-form-row woocommerce-form-row--wide form-row form-row-wide">
                                <label for="reg_email">
Email address                                   <span class="required">*</span>
                                </label>
                                <input type="email" class="woocommerce-Input woocommerce-Input--text input-text" id="reg_email" name="email" autocomplete="email" value=""/>
                              </p>
                              <p class="woocommerce-form-row woocommerce-form-row--wide form-row form-row-wide">
                                <label for="reg_password">
Password                                   <span class="required">*</span>
                                </label>
                                <input type="password" class="woocommerce-Input woocommerce-Input--text input-text" id="reg_password" name="password" autocomplete="new-password"/>
                              </p>
                              <div class="woocommerce-privacy-policy-text">
                                <p>TEST MODE ENABLED. DO NOT ENTER YOUR PERSONAL DATA.</p>
                              </div>
                              <p class="woocommerce-form-row form-row">
                                <input type="hidden" id="woocommerce-register-nonce" name="woocommerce-register-nonce" value="cbc2b22125"/>
                                <input type="hidden" name="_wp_http_referer" value="/account/"/>
                                <button type="submit" class="woocommerce-Button woocommerce-button button woocommerce-form-register__submit" name="register" value="Register">Register</button>
                              </p>
                            </form>
                          </div>
                        </div>
                      </div>
                    </div>
                  </div>
                  <p/>
                </div>
              </article>
            </main>
          </div>
        </div>
      </div>
      <div class="astra-mobile-cart-overlay"/>
      <div class="astra-cart-drawer open-right" id="astra-mobile-cart-drawer">
        <div class="astra-cart-drawer-header">
          <button type="button" class="astra-cart-drawer-close">
            <span class="ahfb-svg-iconset ast-inline-flex svg-baseline">
              <svg class="ast-mobile-svg ast-close-svg" fill="currentColor" version="1.1" width="24" height="24" viewbox="0 0 24 24">
                <path d="M5.293 6.707l5.293 5.293-5.293 5.293c-0.391 0.391-0.391 1.024 0 1.414s1.024 0.391 1.414 0l5.293-5.293 5.293 5.293c0.391 0.391 1.024 0.391 1.414 0s0.391-1.024 0-1.414l-5.293-5.293 5.293-5.293c0.391-0.391 0.391-1.024 0-1.414s-1.024-0.391-1.414 0l-5.293 5.293-5.293-5.293c-0.391-0.391-1.024-0.391-1.414 0s-0.391 1.024 0 1.414z"/>
              </svg>
            </span>
          </button>
          <div class="astra-cart-drawer-title">
Shopping Cart </div>
        </div>
        <div class="astra-cart-drawer-content">
          <div class="widget woocommerce widget_shopping_cart">
            <div class="widget_shopping_cart_content"/>
          </div>
        </div>
      </div>
      <footer class="site-footer" id="colophon" itemtype="https://schema.org/WPFooter" itemscope="itemscope" itemid="#colophon">
        <div class="site-primary-footer-wrap ast-builder-grid-row-container site-footer-focus-item ast-builder-grid-row-4-equal ast-builder-grid-row-tablet-4-equal ast-builder-grid-row-mobile-full ast-footer-row-stack ast-footer-row-tablet-stack ast-footer-row-mobile-stack" data-section="section-primary-footer-builder">
          <div class="ast-builder-grid-row-container-inner">
            <div class="ast-builder-footer-grid-columns site-primary-footer-inner-wrap ast-builder-grid-row">
              <div class="site-footer-primary-section-1 site-footer-section site-footer-section-1">
                <aside class="footer-widget-area widget-area site-footer-focus-item" data-section="sidebar-widgets-footer-widget-1" aria-label="Footer Widget 1">
                  <div class="footer-widget-area-inner site-info-inner">
                    <section id="nav_menu-7" class="widget widget_nav_menu">
                      <h2 class="widget-title">Quick Links</h2>
                      <nav class="menu-quick-links-container" aria-label="Quick Links">
                        <ul class="menu" id="menu-quick-links">
                          <li class="menu-item menu-item-type-post_type menu-item-object-page menu-item-home menu-item-1254" id="menu-item-1254">
                            <a shape="rect" class="menu-link" href="https://askomdch.com/">Home</a>
                          </li>
                          <li class="menu-item menu-item-type-post_type menu-item-object-page menu-item-1255" id="menu-item-1255">
                            <a shape="rect" class="menu-link" href="https://askomdch.com/about/">About</a>
                          </li>
                          <li class="menu-item menu-item-type-post_type menu-item-object-page current-menu-item page_item page-item-1235 current_page_item menu-item-1256" id="menu-item-1256">
                            <a shape="rect" class="menu-link" href="https://askomdch.com/account/" aria-current="page">My Account</a>
                          </li>
                          <li class="menu-item menu-item-type-post_type menu-item-object-page menu-item-1257" id="menu-item-1257">
                            <a shape="rect" class="menu-link" href="https://askomdch.com/cart/">Cart</a>
                          </li>
                          <li class="menu-item menu-item-type-post_type menu-item-object-page menu-item-1258" id="menu-item-1258">
                            <a shape="rect" class="menu-link" href="https://askomdch.com/contact-us/">Contact Us</a>
                          </li>
                        </ul>
                      </nav>
                    </section>
                  </div>
                </aside>
              </div>
              <div class="site-footer-primary-section-2 site-footer-section site-footer-section-2">
                <aside class="footer-widget-area widget-area site-footer-focus-item" data-section="sidebar-widgets-footer-widget-2" aria-label="Footer Widget 2">
                  <div class="footer-widget-area-inner site-info-inner">
                    <section id="nav_menu-8" class="widget widget_nav_menu">
                      <h2 class="widget-title">For Her</h2>
                      <nav class="menu-for-her-container" aria-label="For Her">
                        <ul class="menu" id="menu-for-her">
                          <li class="menu-item menu-item-type-taxonomy menu-item-object-product_cat menu-item-1264" id="menu-item-1264">
                            <a shape="rect" class="menu-link" href="https://askomdch.com/product-category/women/">Women</a>
                          </li>
                          <li class="menu-item menu-item-type-taxonomy menu-item-object-product_cat menu-item-1266" id="menu-item-1266">
                            <a shape="rect" class="menu-link" href="https://askomdch.com/product-category/womens-jeans/">Women’s Jeans</a>
                          </li>
                          <li class="menu-item menu-item-type-taxonomy menu-item-object-product_cat menu-item-1265" id="menu-item-1265">
                            <a shape="rect" class="menu-link" href="https://askomdch.com/product-category/womens-shirts/">Women’s Shirts</a>
                          </li>
                          <li class="menu-item menu-item-type-taxonomy menu-item-object-product_cat menu-item-1267" id="menu-item-1267">
                            <a shape="rect" class="menu-link" href="https://askomdch.com/product-category/womens-shoes/">Women’s Shoes</a>
                          </li>
                          <li class="menu-item menu-item-type-taxonomy menu-item-object-product_cat menu-item-1268" id="menu-item-1268">
                            <a shape="rect" class="menu-link" href="https://askomdch.com/product-category/accessories/">Accessories</a>
                          </li>
                        </ul>
                      </nav>
                    </section>
                  </div>
                </aside>
              </div>
              <div class="site-footer-primary-section-3 site-footer-section site-footer-section-3">
                <aside class="footer-widget-area widget-area site-footer-focus-item" data-section="sidebar-widgets-footer-widget-3" aria-label="Footer Widget 3">
                  <div class="footer-widget-area-inner site-info-inner">
                    <section id="nav_menu-12" class="widget widget_nav_menu">
                      <h2 class="widget-title">For Him</h2>
                      <nav class="menu-for-him-container" aria-label="For Him">
                        <ul class="menu" id="menu-for-him">
                          <li class="menu-item menu-item-type-taxonomy menu-item-object-product_cat menu-item-1263" id="menu-item-1263">
                            <a shape="rect" class="menu-link" href="https://askomdch.com/product-category/men/">Men</a>
                          </li>
                          <li class="menu-item menu-item-type-taxonomy menu-item-object-product_cat menu-item-1259" id="menu-item-1259">
                            <a shape="rect" class="menu-link" href="https://askomdch.com/product-category/mens-jeans/">Men’s Jeans</a>
                          </li>
                          <li class="menu-item menu-item-type-taxonomy menu-item-object-product_cat menu-item-1260" id="menu-item-1260">
                            <a shape="rect" class="menu-link" href="https://askomdch.com/product-category/mens-shirts/">Men’s Shirts</a>
                          </li>
                          <li class="menu-item menu-item-type-taxonomy menu-item-object-product_cat menu-item-1261" id="menu-item-1261">
                            <a shape="rect" class="menu-link" href="https://askomdch.com/product-category/mens-shoes/">Men’s Shoes</a>
                          </li>
                          <li class="menu-item menu-item-type-taxonomy menu-item-object-product_cat menu-item-1262" id="menu-item-1262">
                            <a shape="rect" class="menu-link" href="https://askomdch.com/product-category/accessories/">Accessories</a>
                          </li>
                        </ul>
                      </nav>
                    </section>
                  </div>
                </aside>
              </div>
              <div class="site-footer-primary-section-4 site-footer-section site-footer-section-4">
                <aside class="footer-widget-area widget-area site-footer-focus-item" data-section="sidebar-widgets-footer-widget-4" aria-label="Footer Widget 4">
                  <div class="footer-widget-area-inner site-info-inner">
                    <section id="text-2" class="widget widget_text">
                      <h2 class="widget-title">AOD on Mobile</h2>
                      <div class="textwidget">
                        <p>
                          <a shape="rect" href="https://www.apple.com/in/app-store/" target="_blank" rel="noopener">
                            <img class="alignnone wp-image-1475 size-full" src="https://askomdch.com/wp-content/uploads/2021/06/image-60-compressed.jpg" alt="" width="300" height="90"/>
                          </a>
                          <a shape="rect" href="https://play.google.com/store" target="_blank" rel="noopener">
                            <img class="alignnone wp-image-1473 size-full" src="https://askomdch.com/wp-content/uploads/2021/06/image-41-compressed.jpg" alt="" width="300" height="90"/>
                          </a>
                        </p>
                      </div>
                    </section>
                  </div>
                </aside>
              </div>
            </div>
          </div>
        </div>
        <div class="site-below-footer-wrap ast-builder-grid-row-container site-footer-focus-item ast-builder-grid-row-2-equal ast-builder-grid-row-tablet-2-equal ast-builder-grid-row-mobile-full ast-footer-row-stack ast-footer-row-tablet-stack ast-footer-row-mobile-stack" data-section="section-below-footer-builder">
          <div class="ast-builder-grid-row-container-inner">
            <div class="ast-builder-footer-grid-columns site-below-footer-inner-wrap ast-builder-grid-row">
              <div class="site-footer-below-section-1 site-footer-section site-footer-section-1">
                <div class="ast-builder-layout-element ast-flex site-footer-focus-item ast-footer-copyright" data-section="section-footer-builder">
                  <div class="ast-footer-copyright">
                    <p>Copyright © 2022 AskOmDch</p>
                  </div>
                </div>
              </div>
              <div class="site-footer-below-section-2 site-footer-section site-footer-section-2">
                <div class="footer-widget-area widget-area site-footer-focus-item ast-footer-html-1" data-section="section-fb-html-1">
                  <div class="ast-header-html inner-link-style-">
                    <div class="ast-builder-html-element">
                      <p>Powered by AskOmDch</p>
                    </div>
                  </div>
                </div>
              </div>
            </div>
          </div>
        </div>
      </footer>
    </div>
    <script type="text/javascript">
		(function () {
			var c = document.body.className;
			c = c.replace(/woocommerce-no-js/, 'woocommerce-js');
			document.body.className = c;
		})();
	</script>
    <script id="astra-theme-js-js-extra">
var astra = {"break_point":"921","isRtl":""};
</script>
    <script id="astra-theme-js-js" src="https://askomdch.com/wp-content/themes/astra/assets/js/minified/frontend.min.js?ver=3.7.5"/>
    <script id="astra-mobile-cart-js" src="https://askomdch.com/wp-content/themes/astra/assets/js/minified/mobile-cart.min.js?ver=3.7.5"/>
    <script id="js-cookie-js" src="https://askomdch.com/wp-content/plugins/woocommerce/assets/js/js-cookie/js.cookie.min.js?ver=2.1.4-wc.5.8.0"/>
    <script id="wc-cart-fragments-js-extra">
var wc_cart_fragments_params = {"ajax_url":"\/wp-admin\/admin-ajax.php","wc_ajax_url":"\/?wc-ajax=%%endpoint%%","cart_hash_key":"wc_cart_hash_ce7302d8a5b087b54dd768c76987f650","fragment_name":"wc_fragments_ce7302d8a5b087b54dd768c76987f650","request_timeout":"5000"};
</script>
    <script id="wc-cart-fragments-js" src="https://askomdch.com/wp-content/plugins/woocommerce/assets/js/frontend/cart-fragments.min.js?ver=5.8.0"/>
    <script id="rocket-browser-checker-js-after">
"use strict";var _createClass=function(){function defineProperties(target,props){for(var i=0;i&lt;props.length;i++){var descriptor=props[i];descriptor.enumerable=descriptor.enumerable||!1,descriptor.configurable=!0,"value"in descriptor&amp;&amp;(descriptor.writable=!0),Object.defineProperty(target,descriptor.key,descriptor)}}return function(Constructor,protoProps,staticProps){return protoProps&amp;&amp;defineProperties(Constructor.prototype,protoProps),staticProps&amp;&amp;defineProperties(Constructor,staticProps),Constructor}}();function _classCallCheck(instance,Constructor){if(!(instance instanceof Constructor))throw new TypeError("Cannot call a class as a function")}var RocketBrowserCompatibilityChecker=function(){function RocketBrowserCompatibilityChecker(options){_classCallCheck(this,RocketBrowserCompatibilityChecker),this.passiveSupported=!1,this._checkPassiveOption(this),this.options=!!this.passiveSupported&amp;&amp;options}return _createClass(RocketBrowserCompatibilityChecker,[{key:"_checkPassiveOption",value:function(self){try{var options={get passive(){return!(self.passiveSupported=!0)}};window.addEventListener("test",null,options),window.removeEventListener("test",null,options)}catch(err){self.passiveSupported=!1}}},{key:"initRequestIdleCallback",value:function(){!1 in window&amp;&amp;(window.requestIdleCallback=function(cb){var start=Date.now();return setTimeout(function(){cb({didTimeout:!1,timeRemaining:function(){return Math.max(0,50-(Date.now()-start))}})},1)}),!1 in window&amp;&amp;(window.cancelIdleCallback=function(id){return clearTimeout(id)})}},{key:"isDataSaverModeOn",value:function(){return"connection"in navigator&amp;&amp;!0===navigator.connection.saveData}},{key:"supportsLinkPrefetch",value:function(){var elem=document.createElement("link");return elem.relList&amp;&amp;elem.relList.supports&amp;&amp;elem.relList.supports("prefetch")&amp;&amp;window.IntersectionObserver&amp;&amp;"isIntersecting"in IntersectionObserverEntry.prototype}},{key:"isSlowConnection",value:function(){return"connection"in navigator&amp;&amp;"effectiveType"in navigator.connection&amp;&amp;("2g"===navigator.connection.effectiveType||"slow-2g"===navigator.connection.effectiveType)}}]),RocketBrowserCompatibilityChecker}();
</script>
    <script id="rocket-preload-links-js-extra">
var RocketPreloadLinksConfig = {"excludeUris":"\/(.+\/)?feed\/?.+\/?|\/(?:.+\/)?embed\/|\/checkout\/|\/cart\/|\/account\/|\/wc-api\/v(.*)|\/(index\\.php\/)?wp\\-json(\/.*|$)|\/wp-admin\/|\/logout\/|\/wp-login.php","usesTrailingSlash":"1","imageExt":"jpg|jpeg|gif|png|tiff|bmp|webp|avif","fileExt":"jpg|jpeg|gif|png|tiff|bmp|webp|avif|php|pdf|html|htm","siteUrl":"https:\/\/askomdch.com","onHoverDelay":"100","rateThrottle":"3"};
</script>
    <script id="rocket-preload-links-js-after">
(function() {
"use strict";var r="function"==typeof Symbol&amp;&amp;"symbol"==typeof Symbol.iterator?function(e){return typeof e}:function(e){return e&amp;&amp;"function"==typeof Symbol&amp;&amp;e.constructor===Symbol&amp;&amp;e!==Symbol.prototype?"symbol":typeof e},e=function(){function i(e,t){for(var n=0;n&lt;t.length;n++){var i=t[n];i.enumerable=i.enumerable||!1,i.configurable=!0,"value"in i&amp;&amp;(i.writable=!0),Object.defineProperty(e,i.key,i)}}return function(e,t,n){return t&amp;&amp;i(e.prototype,t),n&amp;&amp;i(e,n),e}}();function i(e,t){if(!(e instanceof t))throw new TypeError("Cannot call a class as a function")}var t=function(){function n(e,t){i(this,n),this.browser=e,this.config=t,this.options=this.browser.options,this.prefetched=new Set,this.eventTime=null,this.threshold=1111,this.numOnHover=0}return e(n,[{key:"init",value:function(){!this.browser.supportsLinkPrefetch()||this.browser.isDataSaverModeOn()||this.browser.isSlowConnection()||(this.regex={excludeUris:RegExp(this.config.excludeUris,"i"),images:RegExp(".("+this.config.imageExt+")$","i"),fileExt:RegExp(".("+this.config.fileExt+")$","i")},this._initListeners(this))}},{key:"_initListeners",value:function(e){-1&lt;this.config.onHoverDelay&amp;&amp;document.addEventListener("mouseover",e.listener.bind(e),e.listenerOptions),document.addEventListener("mousedown",e.listener.bind(e),e.listenerOptions),document.addEventListener("touchstart",e.listener.bind(e),e.listenerOptions)}},{key:"listener",value:function(e){var t=e.target.closest("a"),n=this._prepareUrl(t);if(null!==n)switch(e.type){case"mousedown":case"touchstart":this._addPrefetchLink(n);break;case"mouseover":this._earlyPrefetch(t,n,"mouseout")}}},{key:"_earlyPrefetch",value:function(t,e,n){var i=this,r=setTimeout(function(){if(r=null,0===i.numOnHover)setTimeout(function(){return i.numOnHover=0},1e3);else if(i.numOnHover&gt;i.config.rateThrottle)return;i.numOnHover++,i._addPrefetchLink(e)},this.config.onHoverDelay);t.addEventListener(n,function e(){t.removeEventListener(n,e,{passive:!0}),null!==r&amp;&amp;(clearTimeout(r),r=null)},{passive:!0})}},{key:"_addPrefetchLink",value:function(i){return this.prefetched.add(i.href),new Promise(function(e,t){var n=document.createElement("link");n.rel="prefetch",n.href=i.href,n.onload=e,n.onerror=t,document.head.appendChild(n)}).catch(function(){})}},{key:"_prepareUrl",value:function(e){if(null===e||"object"!==(void 0===e?"undefined":r(e))||!1 in e||-1===["http:","https:"].indexOf(e.protocol))return null;var t=e.href.substring(0,this.config.siteUrl.length),n=this._getPathname(e.href,t),i={original:e.href,protocol:e.protocol,origin:t,pathname:n,href:t+n};return this._isLinkOk(i)?i:null}},{key:"_getPathname",value:function(e,t){var n=t?e.substring(this.config.siteUrl.length):e;return n.startsWith("/")||(n="/"+n),this._shouldAddTrailingSlash(n)?n+"/":n}},{key:"_shouldAddTrailingSlash",value:function(e){return this.config.usesTrailingSlash&amp;&amp;!e.endsWith("/")&amp;&amp;!this.regex.fileExt.test(e)}},{key:"_isLinkOk",value:function(e){return null!==e&amp;&amp;"object"===(void 0===e?"undefined":r(e))&amp;&amp;(!this.prefetched.has(e.href)&amp;&amp;e.origin===this.config.siteUrl&amp;&amp;-1===e.href.indexOf("?")&amp;&amp;-1===e.href.indexOf("#")&amp;&amp;!this.regex.excludeUris.test(e.href)&amp;&amp;!this.regex.images.test(e.href))}}],[{key:"run",value:function(){"undefined"!=typeof RocketPreloadLinksConfig&amp;&amp;new n(new RocketBrowserCompatibilityChecker({capture:!0,passive:!0}),RocketPreloadLinksConfig).init()}}]),n}();t.run();
}());
</script>
    <script>
			/(trident|msie)/i.test(navigator.userAgent)&amp;&amp;document.getElementById&amp;&amp;window.addEventListener&amp;&amp;window.addEventListener("hashchange",function(){var t,e=location.hash.substring(1);/^[A-z0-9_-]+$/.test(e)&amp;&amp;(t=document.getElementById(e))&amp;&amp;(/^(?:a|select|input|button|textarea)$/i.test(t.tagName)||(t.tabIndex=-1),t.focus())},!1);
			</script>
  </body>
</html>
<html lang="en-US">
  <head>
    <meta charset="UTF-8"/>
    <meta name="viewport" content="width=device-width, initial-scale=1"/>
    <link rel="profile" href="https://gmpg.org/xfn/11"/>
    <title>Account – AskOmDch</title>
    <meta name="robots" content="max-image-preview:large, noindex, follow"/>
    <link id="astra-theme-css-css" rel="stylesheet" href="https://askomdch.com/wp-content/themes/astra/assets/css/minified/frontend.min.css?ver=3.7.5" media="all"/>
    <style id="astra-theme-css-inline-css">
html{font-size:93.75%;}a,.page-title{color:#4e4e4e;}a:hover,a:focus{color:#0084d6;}body,button,input,select,textarea,.ast-button,.ast-custom-button{font-family:'Lato',sans-serif;font-weight:400;font-size:15px;font-size:1rem;}blockquote{color:#000000;}h1,.entry-content h1,.entry-content h1 a,h2,.entry-content h2,.entry-content h2 a,h3,.entry-content h3,.entry-content h3 a,h4,.entry-content h4,.entry-content h4 a,h5,.entry-content h5,.entry-content h5 a,h6,.entry-content h6,.entry-content h6 a,.site-title,.site-title a{font-family:'Lato',sans-serif;font-weight:700;}.site-title{font-size:35px;font-size:2.3333333333333rem;display:block;}header .custom-logo-link img{max-width:140px;}.astra-logo-svg{width:140px;}.ast-archive-description .ast-archive-title{font-size:40px;font-size:2.6666666666667rem;}.site-header .site-description{font-size:15px;font-size:1rem;display:none;}.entry-title{font-size:30px;font-size:2rem;}h1,.entry-content h1,.entry-content h1 a{font-size:58px;font-size:3.8666666666667rem;font-family:'Lato',sans-serif;}h2,.entry-content h2,.entry-content h2 a{font-size:42px;font-size:2.8rem;font-family:'Lato',sans-serif;}h3,.entry-content h3,.entry-content h3 a{font-size:30px;font-size:2rem;font-family:'Lato',sans-serif;}h4,.entry-content h4,.entry-content h4 a{font-size:20px;font-size:1.3333333333333rem;font-family:'Lato',sans-serif;}h5,.entry-content h5,.entry-content h5 a{font-size:18px;font-size:1.2rem;font-family:'Lato',sans-serif;}h6,.entry-content h6,.entry-content h6 a{font-size:15px;font-size:1rem;font-family:'Lato',sans-serif;}.ast-single-post .entry-title,.page-title{font-size:30px;font-size:2rem;}::selection{background-color:#54595f;color:#ffffff;}body,h1,.entry-title a,.entry-content h1,.entry-content h1 a,h2,.entry-content h2,.entry-content h2 a,h3,.entry-content h3,.entry-content h3 a,h4,.entry-content h4,.entry-content h4 a,h5,.entry-content h5,.entry-content h5 a,h6,.entry-content h6,.entry-content h6 a{color:#333333;}.tagcloud a:hover,.tagcloud a:focus,.tagcloud a.current-item{color:#ffffff;border-color:#4e4e4e;background-color:#4e4e4e;}input:focus,input[type="text"]:focus,input[type="email"]:focus,input[type="url"]:focus,input[type="password"]:focus,input[type="reset"]:focus,input[type="search"]:focus,textarea:focus{border-color:#4e4e4e;}input[type="radio"]:checked,input[type=reset],input[type="checkbox"]:checked,input[type="checkbox"]:hover:checked,input[type="checkbox"]:focus:checked,input[type=range]::-webkit-slider-thumb{border-color:#4e4e4e;background-color:#4e4e4e;box-shadow:none;}.site-footer a:hover + .post-count,.site-footer a:focus + .post-count{background:#4e4e4e;border-color:#4e4e4e;}.single .nav-links .nav-previous,.single .nav-links .nav-next{color:#4e4e4e;}.entry-meta,.entry-meta *{line-height:1.45;color:#4e4e4e;}.entry-meta a:hover,.entry-meta a:hover *,.entry-meta a:focus,.entry-meta a:focus *,.page-links &gt; .page-link,.page-links .page-link:hover,.post-navigation a:hover{color:#0084d6;}#cat option,.secondary .calendar_wrap thead a,.secondary .calendar_wrap thead a:visited{color:#4e4e4e;}.secondary .calendar_wrap #today,.ast-progress-val span{background:#4e4e4e;}.secondary a:hover + .post-count,.secondary a:focus + .post-count{background:#4e4e4e;border-color:#4e4e4e;}.calendar_wrap #today &gt; a{color:#ffffff;}.page-links .page-link,.single .post-navigation a{color:#4e4e4e;}.widget-title{font-size:21px;font-size:1.4rem;color:#333333;}@media (max-width:921px){#ast-desktop-header{display:none;}}@media (min-width:921px){#ast-mobile-header{display:none;}}.ast-site-header-cart .cart-container,.ast-edd-site-header-cart .ast-edd-cart-container {transition: all 0.2s linear;}.ast-site-header-cart .ast-woo-header-cart-info-wrap,.ast-edd-site-header-cart .ast-edd-header-cart-info-wrap {padding: 0 2px;font-weight: 600;line-height: 2.7;display: inline-block;}.ast-site-header-cart i.astra-icon {font-size: 20px;font-size: 1.3em;font-style: normal;font-weight: normal;position: relative;padding: 0 2px;}.ast-site-header-cart i.astra-icon.no-cart-total:after,.ast-header-break-point.ast-header-custom-item-outside .ast-edd-header-cart-info-wrap,.ast-header-break-point.ast-header-custom-item-outside .ast-woo-header-cart-info-wrap {display: none;}.ast-site-header-cart.ast-menu-cart-fill i.astra-icon,.ast-edd-site-header-cart.ast-edd-menu-cart-fill span.astra-icon {font-size: 1.1em;}.astra-cart-drawer {position: fixed;display: block;visibility: hidden;overflow: auto;-webkit-overflow-scrolling: touch;z-index: 9999;background-color: #fff;transition: all 0.5s ease;transform: translate3d(0,0,0);}.astra-cart-drawer.open-right {width: 80%;height: 100%;left: 100%;top: 0px;transform: translate3d(0%,0,0);}.astra-cart-drawer.active {transform: translate3d(-100%,0,0);visibility: visible;}.astra-cart-drawer .astra-cart-drawer-header {text-align: center;text-transform: uppercase;font-weight: 400;border-bottom: 1px solid #f0f0f0;padding: 0 0 0.675rem;}.astra-cart-drawer .astra-cart-drawer-close .ast-close-svg {width: 22px;height: 22px; }.astra-cart-drawer .astra-cart-drawer-title {padding-top: 5px;}.astra-cart-drawer .astra-cart-drawer-content .woocommerce-mini-cart {padding: 1em 1.5em;}.astra-cart-drawer .astra-cart-drawer-content .woocommerce-mini-cart a.remove {width: 20px;height: 20px;line-height: 16px;}.astra-cart-drawer .astra-cart-drawer-content .woocommerce-mini-cart__total {padding: 1em 1.5em;margin: 0;text-align: center;}.astra-cart-drawer .astra-cart-drawer-content .woocommerce-mini-cart__buttons {padding: 10px;text-align: center;} .astra-cart-drawer .astra-cart-drawer-content .woocommerce-mini-cart__buttons .button.checkout {margin-right: 0;}.astra-cart-drawer .astra-cart-drawer-content .edd-cart-item {padding: .5em 2.6em .5em 1.5em;}.astra-cart-drawer .astra-cart-drawer-content .edd-cart-item .edd-remove-from-cart::after {width: 20px;height: 20px;line-height: 16px;}.astra-cart-drawer .astra-cart-drawer-content .edd-cart-number-of-items {padding: 1em 1.5em 1em 1.5em;margin-bottom: 0;text-align: center;}.astra-cart-drawer .astra-cart-drawer-content .edd_total {padding: .5em 1.5em;margin: 0;text-align: center;}.astra-cart-drawer .astra-cart-drawer-content .cart_item.edd_checkout {padding: 1em 1.5em 0;text-align: center;margin-top: 0;}.astra-cart-drawer .woocommerce-mini-cart__empty-message,.astra-cart-drawer .cart_item.empty {text-align: center;margin-top: 10px;}body.admin-bar .astra-cart-drawer {padding-top: 32px;}body.admin-bar .astra-cart-drawer .astra-cart-drawer-close {top: 32px;}@media (max-width: 782px) {body.admin-bar .astra-cart-drawer {padding-top: 46px;}body.admin-bar .astra-cart-drawer .astra-cart-drawer-close {top: 46px;}}.ast-mobile-cart-active body.ast-hfb-header {overflow: hidden;}.ast-mobile-cart-active .astra-mobile-cart-overlay {opacity: 1;cursor: pointer;visibility: visible;z-index: 999;}@media (max-width: 545px) {.astra-cart-drawer.active {width: 100%;}}.ast-site-header-cart i.astra-icon:after {content: attr(data-cart-total);position: absolute;font-style: normal;top: -10px;right: -12px;font-weight: bold;box-shadow: 1px 1px 3px 0px rgba(0,0,0,0.3);font-size: 11px;padding-left: 0px;padding-right: 2px;line-height: 17px;letter-spacing: -.5px;height: 18px;min-width: 18px;border-radius: 99px;text-align: center;z-index: 3;}li.woocommerce-custom-menu-item .ast-site-header-cart i.astra-icon:after,li.edd-custom-menu-item .ast-edd-site-header-cart span.astra-icon:after {padding-left: 2px;}.astra-cart-drawer .astra-cart-drawer-close {position: absolute;top: 0;right: 0;margin: 0;padding: .6em 1em .4em;color: #ababab;background-color: transparent;}.astra-mobile-cart-overlay {background-color: rgba(0,0,0,0.4);position: fixed;top: 0;right: 0;bottom: 0;left: 0;visibility: hidden;opacity: 0;transition: opacity 0.2s ease-in-out;}.astra-cart-drawer .astra-cart-drawer-content .edd-cart-item .edd-remove-from-cart {right: 1.2em;}.ast-header-break-point.ast-woocommerce-cart-menu.ast-hfb-header .ast-cart-menu-wrap,.ast-header-break-point.ast-hfb-header .ast-cart-menu-wrap,.ast-header-break-point .ast-edd-site-header-cart-wrap .ast-edd-cart-menu-wrap {width: 2em;height: 2em;font-size: 1.4em;line-height: 2;vertical-align: middle;text-align: right;}.ast-site-header-cart.ast-menu-cart-outline .ast-cart-menu-wrap,.ast-site-header-cart.ast-menu-cart-fill .ast-cart-menu-wrap,.ast-edd-site-header-cart.ast-edd-menu-cart-outline .ast-edd-cart-menu-wrap,.ast-edd-site-header-cart.ast-edd-menu-cart-fill .ast-edd-cart-menu-wrap {line-height: 1.8;}.ast-site-header-cart .cart-container *,.ast-edd-site-header-cart .ast-edd-cart-container * {transition: all 0s linear;}.wp-block-buttons.aligncenter{justify-content:center;}@media (min-width:1200px){.wp-block-group .has-background{padding:20px;}}@media (min-width:1200px){.ast-no-sidebar.ast-separate-container .entry-content .wp-block-group.alignwide,.ast-no-sidebar.ast-separate-container .entry-content .wp-block-cover.alignwide{margin-left:-20px;margin-right:-20px;padding-left:20px;padding-right:20px;}.ast-no-sidebar.ast-separate-container .entry-content .wp-block-cover.alignfull,.ast-no-sidebar.ast-separate-container .entry-content .wp-block-group.alignfull{margin-left:-6.67em;margin-right:-6.67em;padding-left:6.67em;padding-right:6.67em;}}@media (min-width:1200px){.wp-block-cover-image.alignwide .wp-block-cover__inner-container,.wp-block-cover.alignwide .wp-block-cover__inner-container,.wp-block-cover-image.alignfull .wp-block-cover__inner-container,.wp-block-cover.alignfull .wp-block-cover__inner-container{width:100%;}}.ast-plain-container.ast-no-sidebar #primary{margin-top:0;margin-bottom:0;}@media (max-width:921px){.ast-theme-transparent-header #primary,.ast-theme-transparent-header #secondary{padding:0;}}.wp-block-columns{margin-bottom:unset;}.wp-block-image.size-full{margin:2rem 0;}.wp-block-separator.has-background{padding:0;}.wp-block-gallery{margin-bottom:1.6em;}.wp-block-group{padding-top:4em;padding-bottom:4em;}.wp-block-group__inner-container .wp-block-columns:last-child,.wp-block-group__inner-container :last-child,.wp-block-table table{margin-bottom:0;}.blocks-gallery-grid{width:100%;}.wp-block-navigation-link__content{padding:5px 0;}.wp-block-group .wp-block-group .has-text-align-center,.wp-block-group .wp-block-column .has-text-align-center{max-width:100%;}.has-text-align-center{margin:0 auto;}@media (min-width:1200px){.wp-block-cover__inner-container,.alignwide .wp-block-group__inner-container,.alignfull .wp-block-group__inner-container{max-width:1200px;margin:0 auto;}.wp-block-group.alignnone,.wp-block-group.aligncenter,.wp-block-group.alignleft,.wp-block-group.alignright,.wp-block-group.alignwide,.wp-block-columns.alignwide{margin:2rem 0 1rem 0;}}@media (max-width:1200px){.wp-block-group{padding:3em;}.wp-block-group .wp-block-group{padding:1.5em;}.wp-block-columns,.wp-block-column{margin:1rem 0;}}@media (min-width:921px){.wp-block-columns .wp-block-group{padding:2em;}}@media (max-width:544px){.wp-block-cover-image .wp-block-cover__inner-container,.wp-block-cover .wp-block-cover__inner-container{width:unset;}.wp-block-cover,.wp-block-cover-image{padding:2em 0;}.wp-block-group,.wp-block-cover{padding:2em;}.wp-block-media-text__media img,.wp-block-media-text__media video{width:unset;max-width:100%;}.wp-block-media-text.has-background .wp-block-media-text__content{padding:1em;}}@media (max-width:921px){.ast-plain-container.ast-no-sidebar #primary{padding:0;}}@media (min-width:544px){.entry-content .wp-block-media-text.has-media-on-the-right .wp-block-media-text__content{padding:0 8% 0 0;}.entry-content .wp-block-media-text .wp-block-media-text__content{padding:0 0 0 8%;}.ast-plain-container .site-content .entry-content .has-custom-content-position.is-position-bottom-left &gt; *,.ast-plain-container .site-content .entry-content .has-custom-content-position.is-position-bottom-right &gt; *,.ast-plain-container .site-content .entry-content .has-custom-content-position.is-position-top-left &gt; *,.ast-plain-container .site-content .entry-content .has-custom-content-position.is-position-top-right &gt; *,.ast-plain-container .site-content .entry-content .has-custom-content-position.is-position-center-right &gt; *,.ast-plain-container .site-content .entry-content .has-custom-content-position.is-position-center-left &gt; *{margin:0;}}@media (max-width:544px){.entry-content .wp-block-media-text .wp-block-media-text__content{padding:8% 0;}.wp-block-media-text .wp-block-media-text__media img{width:auto;max-width:100%;}}@media (max-width:921px){.ast-separate-container .ast-article-post,.ast-separate-container .ast-article-single{padding:1.5em 2.14em;}.ast-separate-container #primary,.ast-separate-container #secondary{padding:1.5em 0;}#primary,#secondary{padding:1.5em 0;margin:0;}.ast-left-sidebar #content &gt; .ast-container{display:flex;flex-direction:column-reverse;width:100%;}.ast-author-box img.avatar{margin:20px 0 0 0;}}@media (min-width:922px){.ast-separate-container.ast-right-sidebar #primary,.ast-separate-container.ast-left-sidebar #primary{border:0;}.search-no-results.ast-separate-container #primary{margin-bottom:4em;}}.elementor-button-wrapper .elementor-button{border-style:solid;text-decoration:none;border-top-width:0;border-right-width:0;border-left-width:0;border-bottom-width:0;}body .elementor-button.elementor-size-sm,body .elementor-button.elementor-size-xs,body .elementor-button.elementor-size-md,body .elementor-button.elementor-size-lg,body .elementor-button.elementor-size-xl,body .elementor-button{border-radius:0;padding-top:17px;padding-right:30px;padding-bottom:17px;padding-left:30px;}.elementor-button-wrapper .elementor-button{border-color:#3197d6;background-color:#3197d6;}.elementor-button-wrapper .elementor-button:hover,.elementor-button-wrapper .elementor-button:focus{color:#ffffff;background-color:#0084d6;border-color:#0084d6;}.wp-block-button .wp-block-button__link ,.elementor-button-wrapper .elementor-button,.elementor-button-wrapper .elementor-button:visited{color:#ffffff;}.elementor-button-wrapper .elementor-button{font-family:inherit;font-weight:inherit;line-height:1;text-transform:uppercase;letter-spacing:1px;}body .elementor-button.elementor-size-sm,body .elementor-button.elementor-size-xs,body .elementor-button.elementor-size-md,body .elementor-button.elementor-size-lg,body .elementor-button.elementor-size-xl,body .elementor-button{font-size:15px;font-size:1rem;}.wp-block-button .wp-block-button__link:hover,.wp-block-button .wp-block-button__link:focus{color:#ffffff;background-color:#0084d6;border-color:#0084d6;}.wp-block-button .wp-block-button__link{border-style:solid;border-top-width:0;border-right-width:0;border-left-width:0;border-bottom-width:0;border-color:#3197d6;background-color:#3197d6;color:#ffffff;font-family:inherit;font-weight:inherit;line-height:1;text-transform:uppercase;letter-spacing:1px;font-size:15px;font-size:1rem;border-radius:0;}.wp-block-buttons .wp-block-button .wp-block-button__link{padding-top:17px;padding-right:30px;padding-bottom:17px;padding-left:30px;}.menu-toggle,button,.ast-button,.ast-custom-button,.button,input#submit,input[type="button"],input[type="submit"],input[type="reset"]{border-style:solid;border-top-width:0;border-right-width:0;border-left-width:0;border-bottom-width:0;color:#ffffff;border-color:#3197d6;background-color:#3197d6;border-radius:0;padding-top:17px;padding-right:30px;padding-bottom:17px;padding-left:30px;font-family:inherit;font-weight:inherit;font-size:15px;font-size:1rem;line-height:1;text-transform:uppercase;letter-spacing:1px;}button:focus,.menu-toggle:hover,button:hover,.ast-button:hover,.ast-custom-button:hover .button:hover,.ast-custom-button:hover ,input[type=reset]:hover,input[type=reset]:focus,input#submit:hover,input#submit:focus,input[type="button"]:hover,input[type="button"]:focus,input[type="submit"]:hover,input[type="submit"]:focus{color:#ffffff;background-color:#0084d6;border-color:#0084d6;}@media (min-width:544px){.ast-container{max-width:100%;}}@media (max-width:544px){.ast-separate-container .ast-article-post,.ast-separate-container .ast-article-single,.ast-separate-container .comments-title,.ast-separate-container .ast-archive-description{padding:1.5em 1em;}.ast-separate-container #content .ast-container{padding-left:0.54em;padding-right:0.54em;}.ast-separate-container .ast-comment-list li.depth-1{padding:1.5em 1em;margin-bottom:1.5em;}.ast-separate-container .ast-comment-list .bypostauthor{padding:.5em;}.ast-search-menu-icon.ast-dropdown-active .search-field{width:170px;}}@media (max-width:921px){.ast-mobile-header-stack .main-header-bar .ast-search-menu-icon{display:inline-block;}.ast-header-break-point.ast-header-custom-item-outside .ast-mobile-header-stack .main-header-bar .ast-search-icon{margin:0;}.ast-comment-avatar-wrap img{max-width:2.5em;}.ast-separate-container .ast-comment-list li.depth-1{padding:1.5em 2.14em;}.ast-separate-container .comment-respond{padding:2em 2.14em;}.ast-comment-meta{padding:0 1.8888em 1.3333em;}}body,.ast-separate-container{background-color:#f9f9f9;;}.ast-no-sidebar.ast-separate-container .entry-content .alignfull {margin-left: -6.67em;margin-right: -6.67em;width: auto;}@media (max-width: 1200px) {.ast-no-sidebar.ast-separate-container .entry-content .alignfull {margin-left: -2.4em;margin-right: -2.4em;}}@media (max-width: 768px) {.ast-no-sidebar.ast-separate-container .entry-content .alignfull {margin-left: -2.14em;margin-right: -2.14em;}}@media (max-width: 544px) {.ast-no-sidebar.ast-separate-container .entry-content .alignfull {margin-left: -1em;margin-right: -1em;}}.ast-no-sidebar.ast-separate-container .entry-content .alignwide {margin-left: -20px;margin-right: -20px;}.ast-no-sidebar.ast-separate-container .entry-content .wp-block-column .alignfull,.ast-no-sidebar.ast-separate-container .entry-content .wp-block-column .alignwide {margin-left: auto;margin-right: auto;width: 100%;}@media (max-width:921px){.site-title{display:block;}.ast-archive-description .ast-archive-title{font-size:40px;}.site-header .site-description{display:none;}.entry-title{font-size:30px;}h1,.entry-content h1,.entry-content h1 a{font-size:30px;}h2,.entry-content h2,.entry-content h2 a{font-size:25px;}h3,.entry-content h3,.entry-content h3 a{font-size:20px;}.ast-single-post .entry-title,.page-title{font-size:30px;}.astra-logo-svg{width:120px;}header .custom-logo-link img,.ast-header-break-point .site-logo-img .custom-mobile-logo-link img{max-width:120px;}}@media (max-width:544px){.site-title{display:block;}.ast-archive-description .ast-archive-title{font-size:40px;}.site-header .site-description{display:none;}.entry-title{font-size:30px;}h1,.entry-content h1,.entry-content h1 a{font-size:30px;}h2,.entry-content h2,.entry-content h2 a{font-size:25px;}h3,.entry-content h3,.entry-content h3 a{font-size:20px;}.ast-single-post .entry-title,.page-title{font-size:30px;}header .custom-logo-link img,.ast-header-break-point .site-branding img,.ast-header-break-point .custom-logo-link img{max-width:120px;}.astra-logo-svg{width:120px;}.ast-header-break-point .site-logo-img .custom-mobile-logo-link img{max-width:120px;}}@media (max-width:921px){html{font-size:85.5%;}}@media (max-width:544px){html{font-size:85.5%;}}@media (min-width:922px){.ast-container{max-width:1240px;}}@font-face {font-family: "Astra";src: url(https://askomdch.com/wp-content/themes/astra/assets/fonts/astra.woff) format("woff"),url(https://askomdch.com/wp-content/themes/astra/assets/fonts/astra.ttf) format("truetype"),url(https://askomdch.com/wp-content/themes/astra/assets/fonts/astra.svg#astra) format("svg");font-weight: normal;font-style: normal;font-display: fallback;}@media (min-width:922px){.main-header-menu .sub-menu .menu-item.ast-left-align-sub-menu:hover &gt; .sub-menu,.main-header-menu .sub-menu .menu-item.ast-left-align-sub-menu.focus &gt; .sub-menu{margin-left:-2px;}}.ast-theme-transparent-header [data-section="section-header-mobile-trigger"] .ast-button-wrap .ast-mobile-menu-trigger-minimal{background:transparent;}.footer-widget-area[data-section^="section-fb-html-"] .ast-builder-html-element{text-align:center;}.astra-icon-down_arrow::after {content: "\e900";font-family: Astra;}.astra-icon-close::after {content: "\e5cd";font-family: Astra;}.astra-icon-drag_handle::after {content: "\e25d";font-family: Astra;}.astra-icon-format_align_justify::after {content: "\e235";font-family: Astra;}.astra-icon-menu::after {content: "\e5d2";font-family: Astra;}.astra-icon-reorder::after {content: "\e8fe";font-family: Astra;}.astra-icon-search::after {content: "\e8b6";font-family: Astra;}.astra-icon-zoom_in::after {content: "\e56b";font-family: Astra;}.astra-icon-check-circle::after {content: "\e901";font-family: Astra;}.astra-icon-shopping-cart::after {content: "\f07a";font-family: Astra;}.astra-icon-shopping-bag::after {content: "\f290";font-family: Astra;}.astra-icon-shopping-basket::after {content: "\f291";font-family: Astra;}.astra-icon-circle-o::after {content: "\e903";font-family: Astra;}.astra-icon-certificate::after {content: "\e902";font-family: Astra;}blockquote {padding: 1.2em;}.ast-header-break-point .ast-mobile-header-wrap .ast-above-header-wrap .main-header-bar-navigation .inline-on-mobile .menu-item .menu-link,.ast-header-break-point .ast-mobile-header-wrap .ast-main-header-wrap .main-header-bar-navigation .inline-on-mobile .menu-item .menu-link,.ast-header-break-point .ast-mobile-header-wrap .ast-below-header-wrap .main-header-bar-navigation .inline-on-mobile .menu-item .menu-link {border: none;}.ast-header-break-point .ast-mobile-header-wrap .ast-above-header-wrap .main-header-bar-navigation .inline-on-mobile .menu-item-has-children &gt; .ast-menu-toggle::before,.ast-header-break-point .ast-mobile-header-wrap .ast-main-header-wrap .main-header-bar-navigation .inline-on-mobile .menu-item-has-children &gt; .ast-menu-toggle::before,.ast-header-break-point .ast-mobile-header-wrap .ast-below-header-wrap .main-header-bar-navigation .inline-on-mobile .menu-item-has-children &gt; .ast-menu-toggle::before {font-size: .6rem;}.ast-header-break-point .ast-mobile-header-wrap .ast-flex.inline-on-mobile {flex-wrap: unset;}.ast-header-break-point .ast-mobile-header-wrap .ast-flex.inline-on-mobile .menu-item.ast-submenu-expanded &gt; .sub-menu .menu-link {padding: .1em 1em;}.ast-header-break-point .ast-mobile-header-wrap .ast-flex.inline-on-mobile .menu-item.ast-submenu-expanded &gt; .sub-menu &gt; .menu-item .ast-menu-toggle::before {transform: rotate(-90deg);}.ast-header-break-point .ast-mobile-header-wrap .ast-flex.inline-on-mobile .menu-item.ast-submenu-expanded &gt; .sub-menu &gt; .menu-item.ast-submenu-expanded .ast-menu-toggle::before {transform: rotate(-270deg);}.ast-header-break-point .ast-mobile-header-wrap .ast-flex.inline-on-mobile .menu-item &gt; .sub-menu &gt; .menu-item .menu-link:before {content: none;}.ast-header-break-point .ast-mobile-header-wrap .ast-flex.inline-on-mobile {flex-wrap: unset;}.ast-header-break-point .ast-mobile-header-wrap .ast-flex.inline-on-mobile .menu-item.ast-submenu-expanded &gt; .sub-menu .menu-link {padding: .1em 1em;}.ast-header-break-point .ast-mobile-header-wrap .ast-flex.inline-on-mobile .menu-item.ast-submenu-expanded &gt; .sub-menu &gt; .menu-item .ast-menu-toggle::before {transform: rotate(-90deg);}.ast-header-break-point .ast-mobile-header-wrap .ast-flex.inline-on-mobile .menu-item.ast-submenu-expanded &gt; .sub-menu &gt; .menu-item.ast-submenu-expanded .ast-menu-toggle::before {transform: rotate(-270deg);}.ast-header-break-point .ast-mobile-header-wrap .ast-flex.inline-on-mobile .menu-item &gt; .sub-menu &gt; .menu-item .menu-link:before {content: none;}.ast-header-break-point .inline-on-mobile .sub-menu {width: 150px;}.ast-header-break-point .ast-mobile-header-wrap .ast-flex.inline-on-mobile .menu-item.menu-item-has-children {margin-right: 10px;}.ast-header-break-point .ast-mobile-header-wrap .ast-flex.inline-on-mobile .menu-item.ast-submenu-expanded &gt; .sub-menu {display: block;position: absolute;right: auto;left: 0;}.ast-header-break-point .ast-mobile-header-wrap .ast-flex.inline-on-mobile .menu-item.ast-submenu-expanded &gt; .sub-menu .menu-item .ast-menu-toggle {padding: 0;right: 1em;}.ast-header-break-point .ast-mobile-header-wrap .ast-flex.inline-on-mobile .menu-item.ast-submenu-expanded &gt; .sub-menu &gt; .menu-item &gt; .sub-menu {left: 100%;right: auto;}.ast-header-break-point .ast-mobile-header-wrap .ast-flex.inline-on-mobile .ast-menu-toggle {right: -15px;}.ast-header-break-point .ast-mobile-header-wrap .ast-flex.inline-on-mobile .menu-item.menu-item-has-children {margin-right: 10px;}.ast-header-break-point .ast-mobile-header-wrap .ast-flex.inline-on-mobile .menu-item.ast-submenu-expanded &gt; .sub-menu {display: block;position: absolute;right: auto;left: 0;}.ast-header-break-point .ast-mobile-header-wrap .ast-flex.inline-on-mobile .menu-item.ast-submenu-expanded &gt; .sub-menu &gt; .menu-item &gt; .sub-menu {left: 100%;right: auto;}.ast-header-break-point .ast-mobile-header-wrap .ast-flex.inline-on-mobile .ast-menu-toggle {right: -15px;}:root .has-ast-global-color-0-color{color:var(--ast-global-color-0);}:root .has-ast-global-color-0-background-color{background-color:var(--ast-global-color-0);}:root .wp-block-button .has-ast-global-color-0-color{color:var(--ast-global-color-0);}:root .wp-block-button .has-ast-global-color-0-background-color{background-color:var(--ast-global-color-0);}:root .has-ast-global-color-1-color{color:var(--ast-global-color-1);}:root .has-ast-global-color-1-background-color{background-color:var(--ast-global-color-1);}:root .wp-block-button .has-ast-global-color-1-color{color:var(--ast-global-color-1);}:root .wp-block-button .has-ast-global-color-1-background-color{background-color:var(--ast-global-color-1);}:root .has-ast-global-color-2-color{color:var(--ast-global-color-2);}:root .has-ast-global-color-2-background-color{background-color:var(--ast-global-color-2);}:root .wp-block-button .has-ast-global-color-2-color{color:var(--ast-global-color-2);}:root .wp-block-button .has-ast-global-color-2-background-color{background-color:var(--ast-global-color-2);}:root .has-ast-global-color-3-color{color:var(--ast-global-color-3);}:root .has-ast-global-color-3-background-color{background-color:var(--ast-global-color-3);}:root .wp-block-button .has-ast-global-color-3-color{color:var(--ast-global-color-3);}:root .wp-block-button .has-ast-global-color-3-background-color{background-color:var(--ast-global-color-3);}:root .has-ast-global-color-4-color{color:var(--ast-global-color-4);}:root .has-ast-global-color-4-background-color{background-color:var(--ast-global-color-4);}:root .wp-block-button .has-ast-global-color-4-color{color:var(--ast-global-color-4);}:root .wp-block-button .has-ast-global-color-4-background-color{background-color:var(--ast-global-color-4);}:root .has-ast-global-color-5-color{color:var(--ast-global-color-5);}:root .has-ast-global-color-5-background-color{background-color:var(--ast-global-color-5);}:root .wp-block-button .has-ast-global-color-5-color{color:var(--ast-global-color-5);}:root .wp-block-button .has-ast-global-color-5-background-color{background-color:var(--ast-global-color-5);}:root .has-ast-global-color-6-color{color:var(--ast-global-color-6);}:root .has-ast-global-color-6-background-color{background-color:var(--ast-global-color-6);}:root .wp-block-button .has-ast-global-color-6-color{color:var(--ast-global-color-6);}:root .wp-block-button .has-ast-global-color-6-background-color{background-color:var(--ast-global-color-6);}:root .has-ast-global-color-7-color{color:var(--ast-global-color-7);}:root .has-ast-global-color-7-background-color{background-color:var(--ast-global-color-7);}:root .wp-block-button .has-ast-global-color-7-color{color:var(--ast-global-color-7);}:root .wp-block-button .has-ast-global-color-7-background-color{background-color:var(--ast-global-color-7);}:root .has-ast-global-color-8-color{color:var(--ast-global-color-8);}:root .has-ast-global-color-8-background-color{background-color:var(--ast-global-color-8);}:root .wp-block-button .has-ast-global-color-8-color{color:var(--ast-global-color-8);}:root .wp-block-button .has-ast-global-color-8-background-color{background-color:var(--ast-global-color-8);}:root{--ast-global-color-0:#0170B9;--ast-global-color-1:#3a3a3a;--ast-global-color-2:#3a3a3a;--ast-global-color-3:#4B4F58;--ast-global-color-4:#F5F5F5;--ast-global-color-5:#FFFFFF;--ast-global-color-6:#F2F5F7;--ast-global-color-7:#424242;--ast-global-color-8:#000000;}.ast-theme-transparent-header #masthead .site-logo-img .transparent-custom-logo .astra-logo-svg{width:140px;}.ast-theme-transparent-header #masthead .site-logo-img .transparent-custom-logo img{ max-width:140px;}@media (min-width:921px){.ast-theme-transparent-header #masthead{position:absolute;left:0;right:0;}.ast-theme-transparent-header .main-header-bar,.ast-theme-transparent-header.ast-header-break-point .main-header-bar{background:none;}body.elementor-editor-active.ast-theme-transparent-header #masthead,.fl-builder-edit .ast-theme-transparent-header #masthead,body.vc_editor.ast-theme-transparent-header #masthead,body.brz-ed.ast-theme-transparent-header #masthead{z-index:0;}.ast-header-break-point.ast-replace-site-logo-transparent.ast-theme-transparent-header .custom-mobile-logo-link{display:none;}.ast-header-break-point.ast-replace-site-logo-transparent.ast-theme-transparent-header .transparent-custom-logo{display:inline-block;}.ast-theme-transparent-header .ast-above-header,.ast-theme-transparent-header .ast-above-header.ast-above-header-bar{background-image:none;background-color:transparent;}.ast-theme-transparent-header .ast-below-header{background-image:none;background-color:transparent;}}@media (min-width:922px){.ast-theme-transparent-header .main-header-bar,.ast-theme-transparent-header.ast-header-break-point .main-header-bar-wrap .main-header-menu,.ast-theme-transparent-header.ast-header-break-point .main-header-bar-wrap .main-header-bar,.ast-theme-transparent-header.ast-header-break-point .ast-mobile-header-wrap .main-header-bar{background-color:rgba(0,0,0,0.07);}.ast-theme-transparent-header .main-header-bar .ast-search-menu-icon form{background-color:rgba(0,0,0,0.07);}.ast-theme-transparent-header .ast-above-header,.ast-theme-transparent-header .ast-above-header.ast-above-header-bar,.ast-theme-transparent-header .ast-below-header,.ast-header-break-point.ast-theme-transparent-header .ast-above-header,.ast-header-break-point.ast-theme-transparent-header .ast-below-header{background-color:rgba(0,0,0,0.07);}.ast-theme-transparent-header .site-title a,.ast-theme-transparent-header .site-title a:focus,.ast-theme-transparent-header .site-title a:hover,.ast-theme-transparent-header .site-title a:visited{color:#ffffff;}.ast-theme-transparent-header .site-header .site-description{color:#ffffff;}.ast-theme-transparent-header .ast-builder-menu .main-header-menu .menu-item .sub-menu .menu-item .menu-link,.ast-theme-transparent-header .ast-builder-menu .main-header-menu .menu-item .sub-menu .menu-item &gt; .ast-menu-toggle,.ast-theme-transparent-header .main-header-menu .menu-item .sub-menu .menu-link,.ast-header-break-point.ast-flyout-menu-enable.ast-header-break-point .main-header-bar-navigation .main-header-menu .menu-item .sub-menu .menu-link{color:#333333;}.ast-theme-transparent-header .ast-builder-menu .main-header-menu .menu-item .sub-menu .menu-link:hover,.ast-theme-transparent-header .ast-builder-menu .main-header-menu .menu-item .sub-menu .menu-item:hover &gt; .menu-link,.ast-theme-transparent-header .ast-builder-menu .main-header-menu .menu-item .sub-menu .menu-item.focus &gt; .menu-item,.ast-theme-transparent-header .ast-builder-menu .main-header-menu .menu-item .sub-menu .menu-item.current-menu-item &gt; .menu-link,.ast-theme-transparent-header .ast-builder-menu .main-header-menu .menu-item .sub-menu .menu-item.current-menu-item &gt; .ast-menu-toggle,.ast-theme-transparent-header .ast-builder-menu .main-header-menu .menu-item .sub-menu .menu-item:hover &gt; .ast-menu-toggle,.ast-theme-transparent-header .ast-builder-menu .main-header-menu .menu-item .sub-menu .menu-item.focus &gt; .ast-menu-toggle,.ast-theme-transparent-header .main-header-menu .menu-item .sub-menu .menu-item:hover &gt; .menu-link,.ast-header-break-point.ast-flyout-menu-enable.ast-header-break-point .main-header-bar-navigation .main-header-menu .menu-item .sub-menu .menu-link{color:#000000;}.ast-theme-transparent-header .ast-builder-menu .main-header-menu,.ast-theme-transparent-header .ast-builder-menu .main-header-menu .menu-link,.ast-theme-transparent-header [CLASS*="ast-builder-menu-"] .main-header-menu .menu-item &gt; .menu-link,.ast-theme-transparent-header .ast-masthead-custom-menu-items,.ast-theme-transparent-header .ast-masthead-custom-menu-items a,.ast-theme-transparent-header .ast-builder-menu .main-header-menu .menu-item &gt; .ast-menu-toggle,.ast-theme-transparent-header .ast-builder-menu .main-header-menu .menu-item &gt; .ast-menu-toggle,.ast-theme-transparent-header .ast-above-header-navigation a,.ast-header-break-point.ast-theme-transparent-header .ast-above-header-navigation a,.ast-header-break-point.ast-theme-transparent-header .ast-above-header-navigation &gt; ul.ast-above-header-menu &gt; .menu-item-has-children:not(.current-menu-item) &gt; .ast-menu-toggle,.ast-theme-transparent-header .ast-below-header-menu,.ast-theme-transparent-header .ast-below-header-menu a,.ast-header-break-point.ast-theme-transparent-header .ast-below-header-menu a,.ast-header-break-point.ast-theme-transparent-header .ast-below-header-menu,.ast-theme-transparent-header .main-header-menu .menu-link{color:#cecece;}.ast-theme-transparent-header .ast-builder-menu .main-header-menu .menu-item:hover &gt; .menu-link,.ast-theme-transparent-header .ast-builder-menu .main-header-menu .menu-item:hover &gt; .ast-menu-toggle,.ast-theme-transparent-header .ast-builder-menu .main-header-menu .ast-masthead-custom-menu-items a:hover,.ast-theme-transparent-header .ast-builder-menu .main-header-menu .focus &gt; .menu-link,.ast-theme-transparent-header .ast-builder-menu .main-header-menu .focus &gt; .ast-menu-toggle,.ast-theme-transparent-header .ast-builder-menu .main-header-menu .current-menu-item &gt; .menu-link,.ast-theme-transparent-header .ast-builder-menu .main-header-menu .current-menu-ancestor &gt; .menu-link,.ast-theme-transparent-header .ast-builder-menu .main-header-menu .current-menu-item &gt; .ast-menu-toggle,.ast-theme-transparent-header .ast-builder-menu .main-header-menu .current-menu-ancestor &gt; .ast-menu-toggle,.ast-theme-transparent-header [CLASS*="ast-builder-menu-"] .main-header-menu .current-menu-item &gt; .menu-link,.ast-theme-transparent-header [CLASS*="ast-builder-menu-"] .main-header-menu .current-menu-ancestor &gt; .menu-link,.ast-theme-transparent-header [CLASS*="ast-builder-menu-"] .main-header-menu .current-menu-item &gt; .ast-menu-toggle,.ast-theme-transparent-header [CLASS*="ast-builder-menu-"] .main-header-menu .current-menu-ancestor &gt; .ast-menu-toggle,.ast-theme-transparent-header .main-header-menu .menu-item:hover &gt; .menu-link,.ast-theme-transparent-header .main-header-menu .current-menu-item &gt; .menu-link,.ast-theme-transparent-header .main-header-menu .current-menu-ancestor &gt; .menu-link{color:#ffffff;}.ast-theme-transparent-header div.ast-masthead-custom-menu-items,.ast-theme-transparent-header div.ast-masthead-custom-menu-items .widget,.ast-theme-transparent-header div.ast-masthead-custom-menu-items .widget-title,.ast-theme-transparent-header .site-header-section [CLASS*="ast-header-html-"] .ast-builder-html-element{color:#000000;}.ast-theme-transparent-header div.ast-masthead-custom-menu-items a,.ast-theme-transparent-header div.ast-masthead-custom-menu-items .widget a,.ast-theme-transparent-header .site-header-section [CLASS*="ast-header-html-"] .ast-builder-html-element a{color:#cecece;}.ast-theme-transparent-header div.ast-masthead-custom-menu-items a:hover,.ast-theme-transparent-header div.ast-masthead-custom-menu-items .widget a:hover,.ast-theme-transparent-header .site-header-section [CLASS*="ast-header-html-"] .ast-builder-html-element a:hover{color:#ffffff;}}@media (max-width:921px){.transparent-custom-logo{display:none;}}@media (min-width:921px){.ast-transparent-mobile-logo{display:none;}}@media (max-width:921px){.ast-transparent-mobile-logo{display:block;}}@media (min-width:921px){.ast-theme-transparent-header #ast-desktop-header &gt; [CLASS*="-header-wrap"]:nth-last-child(2) &gt; [CLASS*="-header-bar"]{border-bottom-width:0;border-bottom-style:solid;border-bottom-color:rgba(0,0,0,0);}}.ast-breadcrumbs .trail-browse,.ast-breadcrumbs .trail-items,.ast-breadcrumbs .trail-items li{display:inline-block;margin:0;padding:0;border:none;background:inherit;text-indent:0;}.ast-breadcrumbs .trail-browse{font-size:inherit;font-style:inherit;font-weight:inherit;color:inherit;}.ast-breadcrumbs .trail-items{list-style:none;}.trail-items li::after{padding:0 0.3em;content:"\00bb";}.trail-items li:last-of-type::after{display:none;}h1,.entry-content h1,h2,.entry-content h2,h3,.entry-content h3,h4,.entry-content h4,h5,.entry-content h5,h6,.entry-content h6{color:var(--ast-global-color-2);}@media (max-width:921px){.ast-builder-grid-row-container.ast-builder-grid-row-tablet-3-firstrow .ast-builder-grid-row &gt; *:first-child,.ast-builder-grid-row-container.ast-builder-grid-row-tablet-3-lastrow .ast-builder-grid-row &gt; *:last-child{grid-column:1 / -1;}}@media (max-width:544px){.ast-builder-grid-row-container.ast-builder-grid-row-mobile-3-firstrow .ast-builder-grid-row &gt; *:first-child,.ast-builder-grid-row-container.ast-builder-grid-row-mobile-3-lastrow .ast-builder-grid-row &gt; *:last-child{grid-column:1 / -1;}}.ast-builder-layout-element[data-section="title_tagline"]{display:flex;}@media (max-width:921px){.ast-header-break-point .ast-builder-layout-element[data-section="title_tagline"]{display:flex;}}@media (max-width:544px){.ast-header-break-point .ast-builder-layout-element[data-section="title_tagline"]{display:flex;}}.ast-builder-menu-1{font-family:inherit;font-weight:normal;}.ast-builder-menu-1 .menu-item.current-menu-item &gt; .menu-link,.ast-builder-menu-1 .inline-on-mobile .menu-item.current-menu-item &gt; .ast-menu-toggle,.ast-builder-menu-1 .current-menu-ancestor &gt; .menu-link{color:#602bb7;}.ast-builder-menu-1 .menu-item.current-menu-item &gt; .ast-menu-toggle{color:#602bb7;}.ast-builder-menu-1 .sub-menu,.ast-builder-menu-1 .inline-on-mobile .sub-menu{border-top-width:1px;border-bottom-width:1px;border-right-width:1px;border-left-width:1px;border-color:#dddddd;border-style:solid;border-radius:0;}.ast-builder-menu-1 .main-header-menu &gt; .menu-item &gt; .sub-menu,.ast-builder-menu-1 .main-header-menu &gt; .menu-item &gt; .astra-full-megamenu-wrapper{margin-top:0;}.ast-desktop .ast-builder-menu-1 .main-header-menu &gt; .menu-item &gt; .sub-menu:before,.ast-desktop .ast-builder-menu-1 .main-header-menu &gt; .menu-item &gt; .astra-full-megamenu-wrapper:before{height:calc( 0px + 5px );}.ast-desktop .ast-builder-menu-1 .menu-item .sub-menu .menu-link{border-bottom-width:1px;border-color:#eaeaea;border-style:solid;}.ast-desktop .ast-builder-menu-1 .menu-item .sub-menu .menu-item:last-child .menu-link{border-bottom-width:0;}@media (max-width:921px){.ast-header-break-point .ast-builder-menu-1 .menu-item.menu-item-has-children &gt; .ast-menu-toggle{top:0;}.ast-builder-menu-1 .menu-item-has-children &gt; .menu-link:after{content:unset;}}@media (max-width:544px){.ast-header-break-point .ast-builder-menu-1 .menu-item.menu-item-has-children &gt; .ast-menu-toggle{top:0;}}.ast-builder-menu-1{display:flex;}@media (max-width:921px){.ast-header-break-point .ast-builder-menu-1{display:flex;}}@media (max-width:544px){.ast-header-break-point .ast-builder-menu-1{display:flex;}}.ast-site-header-cart .ast-cart-menu-wrap,.ast-site-header-cart .ast-addon-cart-wrap{color:#d2d2d2;}.ast-site-header-cart .ast-cart-menu-wrap .count,.ast-site-header-cart .ast-cart-menu-wrap .count:after,.ast-site-header-cart .ast-addon-cart-wrap .count,.ast-site-header-cart .ast-addon-cart-wrap .ast-icon-shopping-cart:after{color:#d2d2d2;border-color:#d2d2d2;}.ast-site-header-cart .ast-addon-cart-wrap .ast-icon-shopping-cart:after{color:#ffffff;background-color:#d2d2d2;}.ast-site-header-cart .ast-woo-header-cart-info-wrap{color:#d2d2d2;}.ast-site-header-cart .ast-addon-cart-wrap i.astra-icon:after{color:#ffffff;background-color:#d2d2d2;}.ast-theme-transparent-header .ast-site-header-cart .ast-cart-menu-wrap,.ast-theme-transparent-header .ast-site-header-cart .ast-addon-cart-wrap{color:#d2d2d2;}.ast-theme-transparent-header .ast-site-header-cart .ast-cart-menu-wrap .count,.ast-theme-transparent-header .ast-site-header-cart .ast-cart-menu-wrap .count:after,.ast-theme-transparent-header .ast-site-header-cart .ast-addon-cart-wrap .count,.ast-theme-transparent-header .ast-site-header-cart .ast-addon-cart-wrap .ast-icon-shopping-cart:after{color:#d2d2d2;border-color:#d2d2d2;}.ast-theme-transparent-header .ast-site-header-cart .ast-addon-cart-wrap .ast-icon-shopping-cart:after{color:#ffffff;background-color:#d2d2d2;}.ast-theme-transparent-header .ast-site-header-cart .ast-woo-header-cart-info-wrap{color:#d2d2d2;}.ast-theme-transparent-header .ast-site-header-cart .ast-addon-cart-wrap i.astra-icon:after{color:#ffffff;background-color:#d2d2d2;}#ast-site-header-cart .widget_shopping_cart .mini_cart_item{border-bottom-color:rgb(0,0,0);}@media (max-width:921px){#astra-mobile-cart-drawer .widget_shopping_cart .mini_cart_item{border-bottom-color:rgb(0,0,0);}}@media (max-width:544px){#astra-mobile-cart-drawer .widget_shopping_cart .mini_cart_item{border-bottom-color:rgb(0,0,0);}}.ast-site-header-cart .ast-cart-menu-wrap,.ast-site-header-cart .ast-addon-cart-wrap{color:#d2d2d2;}.ast-site-header-cart .ast-cart-menu-wrap:hover .count,.ast-site-header-cart .ast-addon-cart-wrap:hover .count{color:#000000;background-color:#d2d2d2;}.ast-menu-cart-outline .ast-cart-menu-wrap .count,.ast-menu-cart-outline .ast-addon-cart-wrap{color:#d2d2d2;}.ast-site-header-cart .ast-menu-cart-outline .ast-woo-header-cart-info-wrap{color:#d2d2d2;}.ast-menu-cart-fill .ast-cart-menu-wrap .count,.ast-menu-cart-fill .ast-cart-menu-wrap,.ast-menu-cart-fill .ast-addon-cart-wrap .ast-woo-header-cart-info-wrap,.ast-menu-cart-fill .ast-addon-cart-wrap{background-color:#d2d2d2;color:#000000;}.ast-theme-transparent-header .ast-site-header-cart .ast-cart-menu-wrap,.ast-theme-transparent-header .ast-site-header-cart .ast-addon-cart-wrap{color:#d2d2d2;}.ast-theme-transparent-header .ast-site-header-cart .ast-cart-menu-wrap:hover .count,.ast-theme-transparent-header .ast-site-header-cart .ast-addon-cart-wrap:hover .count{color:#000000;background-color:#d2d2d2;}.ast-theme-transparent-header .ast-menu-cart-outline .ast-cart-menu-wrap .count,.ast-theme-transparent-header .ast-menu-cart-outline .ast-addon-cart-wrap{color:#d2d2d2;}.ast-theme-transparent-header .ast-site-header-cart .ast-menu-cart-outline .ast-woo-header-cart-info-wrap{color:#d2d2d2;}.ast-theme-transparent-header .ast-menu-cart-fill .ast-cart-menu-wrap .count,.ast-theme-transparent-header .ast-menu-cart-fill .ast-cart-menu-wrap,.ast-theme-transparent-header .ast-menu-cart-fill .ast-addon-cart-wrap .ast-woo-header-cart-info-wrap,.ast-theme-transparent-header .ast-menu-cart-fill .ast-addon-cart-wrap{background-color:#d2d2d2;color:#000000;}.ast-site-header-cart.ast-menu-cart-outline .ast-cart-menu-wrap,.ast-site-header-cart.ast-menu-cart-fill .ast-cart-menu-wrap,.ast-site-header-cart.ast-menu-cart-outline .ast-cart-menu-wrap .count,.ast-site-header-cart.ast-menu-cart-fill .ast-cart-menu-wrap .count,.ast-site-header-cart.ast-menu-cart-outline .ast-addon-cart-wrap,.ast-site-header-cart.ast-menu-cart-fill .ast-addon-cart-wrap,.ast-site-header-cart.ast-menu-cart-outline .ast-woo-header-cart-info-wrap,.ast-site-header-cart.ast-menu-cart-fill .ast-woo-header-cart-info-wrap{border-radius:3px;}.ast-header-woo-cart{display:flex;}@media (max-width:921px){.ast-header-break-point .ast-header-woo-cart{display:flex;}}@media (max-width:544px){.ast-header-break-point .ast-header-woo-cart{display:none;}}.site-below-footer-wrap{padding-top:20px;padding-bottom:20px;}.site-below-footer-wrap[data-section="section-below-footer-builder"]{background-color:#ffffff;;background-image:none;;min-height:80px;border-style:solid;border-width:0px;border-top-width:1px;border-top-color:rgba(122,122,122,0.13);}.site-below-footer-wrap[data-section="section-below-footer-builder"] .ast-builder-grid-row{max-width:1200px;margin-left:auto;margin-right:auto;}.site-below-footer-wrap[data-section="section-below-footer-builder"] .ast-builder-grid-row,.site-below-footer-wrap[data-section="section-below-footer-builder"] .site-footer-section{align-items:flex-start;}.site-below-footer-wrap[data-section="section-below-footer-builder"].ast-footer-row-inline .site-footer-section{display:flex;margin-bottom:0;}.ast-builder-grid-row-2-equal .ast-builder-grid-row{grid-template-columns:repeat( 2,1fr );}@media (max-width:921px){.site-below-footer-wrap[data-section="section-below-footer-builder"].ast-footer-row-tablet-inline .site-footer-section{display:flex;margin-bottom:0;}.site-below-footer-wrap[data-section="section-below-footer-builder"].ast-footer-row-tablet-stack .site-footer-section{display:block;margin-bottom:10px;}.ast-builder-grid-row-container.ast-builder-grid-row-tablet-2-equal .ast-builder-grid-row{grid-template-columns:repeat( 2,1fr );}}@media (max-width:544px){.site-below-footer-wrap[data-section="section-below-footer-builder"].ast-footer-row-mobile-inline .site-footer-section{display:flex;margin-bottom:0;}.site-below-footer-wrap[data-section="section-below-footer-builder"].ast-footer-row-mobile-stack .site-footer-section{display:block;margin-bottom:10px;}.ast-builder-grid-row-container.ast-builder-grid-row-mobile-full .ast-builder-grid-row{grid-template-columns:1fr;}}@media (max-width:921px){.site-below-footer-wrap[data-section="section-below-footer-builder"]{padding-left:30px;padding-right:30px;}}.site-below-footer-wrap[data-section="section-below-footer-builder"]{display:grid;}@media (max-width:921px){.ast-header-break-point .site-below-footer-wrap[data-section="section-below-footer-builder"]{display:grid;}}@media (max-width:544px){.ast-header-break-point .site-below-footer-wrap[data-section="section-below-footer-builder"]{display:grid;}}.ast-builder-html-element img.alignnone{display:inline-block;}.ast-builder-html-element p:first-child{margin-top:0;}.ast-builder-html-element p:last-child{margin-bottom:0;}.ast-header-break-point .main-header-bar .ast-builder-html-element{line-height:1.85714285714286;}.footer-widget-area[data-section="section-fb-html-1"]{display:block;}@media (max-width:921px){.ast-header-break-point .footer-widget-area[data-section="section-fb-html-1"]{display:block;}}@media (max-width:544px){.ast-header-break-point .footer-widget-area[data-section="section-fb-html-1"]{display:block;}}.footer-widget-area[data-section="section-fb-html-1"] .ast-builder-html-element{text-align:right;}@media (max-width:921px){.footer-widget-area[data-section="section-fb-html-1"] .ast-builder-html-element{text-align:right;}}@media (max-width:544px){.footer-widget-area[data-section="section-fb-html-1"] .ast-builder-html-element{text-align:center;}}.ast-footer-copyright{text-align:left;}.ast-footer-copyright {color:#000000;}@media (max-width:921px){.ast-footer-copyright{text-align:left;}}@media (max-width:544px){.ast-footer-copyright{text-align:center;}}.ast-footer-copyright.ast-builder-layout-element{display:flex;}@media (max-width:921px){.ast-header-break-point .ast-footer-copyright.ast-builder-layout-element{display:flex;}}@media (max-width:544px){.ast-header-break-point .ast-footer-copyright.ast-builder-layout-element{display:flex;}}.site-footer{background-color:#ffffff;;background-image:none;;}.site-primary-footer-wrap{padding-top:45px;padding-bottom:45px;}.site-primary-footer-wrap[data-section="section-primary-footer-builder"]{background-color:#ffffff;;background-image:none;;}.site-primary-footer-wrap[data-section="section-primary-footer-builder"] .ast-builder-grid-row{grid-column-gap:200px;max-width:1200px;margin-left:auto;margin-right:auto;}.site-primary-footer-wrap[data-section="section-primary-footer-builder"] .ast-builder-grid-row,.site-primary-footer-wrap[data-section="section-primary-footer-builder"] .site-footer-section{align-items:flex-start;}.site-primary-footer-wrap[data-section="section-primary-footer-builder"].ast-footer-row-inline .site-footer-section{display:flex;margin-bottom:0;}.ast-builder-grid-row-4-equal .ast-builder-grid-row{grid-template-columns:repeat( 4,1fr );}@media (max-width:921px){.site-primary-footer-wrap[data-section="section-primary-footer-builder"].ast-footer-row-tablet-inline .site-footer-section{display:flex;margin-bottom:0;}.site-primary-footer-wrap[data-section="section-primary-footer-builder"].ast-footer-row-tablet-stack .site-footer-section{display:block;margin-bottom:10px;}.ast-builder-grid-row-container.ast-builder-grid-row-tablet-4-equal .ast-builder-grid-row{grid-template-columns:repeat( 4,1fr );}}@media (max-width:544px){.site-primary-footer-wrap[data-section="section-primary-footer-builder"].ast-footer-row-mobile-inline .site-footer-section{display:flex;margin-bottom:0;}.site-primary-footer-wrap[data-section="section-primary-footer-builder"].ast-footer-row-mobile-stack .site-footer-section{display:block;margin-bottom:10px;}.ast-builder-grid-row-container.ast-builder-grid-row-mobile-full .ast-builder-grid-row{grid-template-columns:1fr;}}.site-primary-footer-wrap[data-section="section-primary-footer-builder"]{padding-top:55px;padding-bottom:55px;}@media (max-width:921px){.site-primary-footer-wrap[data-section="section-primary-footer-builder"]{padding-left:30px;padding-right:30px;}}@media (max-width:544px){.site-primary-footer-wrap[data-section="section-primary-footer-builder"]{padding-top:40px;padding-bottom:20px;}}.site-primary-footer-wrap[data-section="section-primary-footer-builder"]{display:grid;}@media (max-width:921px){.ast-header-break-point .site-primary-footer-wrap[data-section="section-primary-footer-builder"]{display:grid;}}@media (max-width:544px){.ast-header-break-point .site-primary-footer-wrap[data-section="section-primary-footer-builder"]{display:grid;}}.footer-widget-area[data-section="sidebar-widgets-footer-widget-1"] .footer-widget-area-inner{text-align:left;}@media (max-width:921px){.footer-widget-area[data-section="sidebar-widgets-footer-widget-1"] .footer-widget-area-inner{text-align:left;}}@media (max-width:544px){.footer-widget-area[data-section="sidebar-widgets-footer-widget-1"] .footer-widget-area-inner{text-align:center;}}.footer-widget-area[data-section="sidebar-widgets-footer-widget-1"] .footer-widget-area-inner{color:#434343;}.footer-widget-area[data-section="sidebar-widgets-footer-widget-1"] .footer-widget-area-inner a{color:#434343;}.footer-widget-area[data-section="sidebar-widgets-footer-widget-1"] .footer-widget-area-inner a:hover{color:#3197d6;}.footer-widget-area[data-section="sidebar-widgets-footer-widget-1"] .widget-title{color:#000000;}.footer-widget-area[data-section="sidebar-widgets-footer-widget-1"]{display:block;}@media (max-width:921px){.ast-header-break-point .footer-widget-area[data-section="sidebar-widgets-footer-widget-1"]{display:block;}}@media (max-width:544px){.ast-header-break-point .footer-widget-area[data-section="sidebar-widgets-footer-widget-1"]{display:block;}}.footer-widget-area[data-section="sidebar-widgets-footer-widget-2"] .footer-widget-area-inner{color:#434343;}.footer-widget-area[data-section="sidebar-widgets-footer-widget-2"] .footer-widget-area-inner a{color:#434343;}.footer-widget-area[data-section="sidebar-widgets-footer-widget-2"] .footer-widget-area-inner a:hover{color:#3197d6;}.footer-widget-area[data-section="sidebar-widgets-footer-widget-2"] .widget-title{color:#000000;}.footer-widget-area[data-section="sidebar-widgets-footer-widget-2"]{display:block;}@media (max-width:921px){.ast-header-break-point .footer-widget-area[data-section="sidebar-widgets-footer-widget-2"]{display:block;}}@media (max-width:544px){.ast-header-break-point .footer-widget-area[data-section="sidebar-widgets-footer-widget-2"]{display:block;}}.footer-widget-area[data-section="sidebar-widgets-footer-widget-3"] .footer-widget-area-inner{color:#434343;}.footer-widget-area[data-section="sidebar-widgets-footer-widget-3"] .footer-widget-area-inner a{color:#434343;}.footer-widget-area[data-section="sidebar-widgets-footer-widget-3"] .footer-widget-area-inner a:hover{color:#3197d6;}.footer-widget-area[data-section="sidebar-widgets-footer-widget-3"] .widget-title{color:#000000;}.footer-widget-area[data-section="sidebar-widgets-footer-widget-3"]{display:block;}@media (max-width:921px){.ast-header-break-point .footer-widget-area[data-section="sidebar-widgets-footer-widget-3"]{display:block;}}@media (max-width:544px){.ast-header-break-point .footer-widget-area[data-section="sidebar-widgets-footer-widget-3"]{display:block;}}.footer-widget-area[data-section="sidebar-widgets-footer-widget-4"] .footer-widget-area-inner{color:#434343;}.footer-widget-area[data-section="sidebar-widgets-footer-widget-4"] .footer-widget-area-inner a{color:#434343;}.footer-widget-area[data-section="sidebar-widgets-footer-widget-4"] .footer-widget-area-inner a:hover{color:#3197d6;}.footer-widget-area[data-section="sidebar-widgets-footer-widget-4"] .widget-title{color:#000000;}.footer-widget-area[data-section="sidebar-widgets-footer-widget-4"]{display:block;}@media (max-width:921px){.ast-header-break-point .footer-widget-area[data-section="sidebar-widgets-footer-widget-4"]{display:block;}}@media (max-width:544px){.ast-header-break-point .footer-widget-area[data-section="sidebar-widgets-footer-widget-4"]{display:block;}}.footer-widget-area[data-section="sidebar-widgets-footer-widget-2"] .footer-widget-area-inner{text-align:left;}@media (max-width:921px){.footer-widget-area[data-section="sidebar-widgets-footer-widget-2"] .footer-widget-area-inner{text-align:left;}}@media (max-width:544px){.footer-widget-area[data-section="sidebar-widgets-footer-widget-2"] .footer-widget-area-inner{text-align:center;}}.footer-widget-area[data-section="sidebar-widgets-footer-widget-1"] .footer-widget-area-inner{color:#434343;}.footer-widget-area[data-section="sidebar-widgets-footer-widget-1"] .footer-widget-area-inner a{color:#434343;}.footer-widget-area[data-section="sidebar-widgets-footer-widget-1"] .footer-widget-area-inner a:hover{color:#3197d6;}.footer-widget-area[data-section="sidebar-widgets-footer-widget-1"] .widget-title{color:#000000;}.footer-widget-area[data-section="sidebar-widgets-footer-widget-1"]{display:block;}@media (max-width:921px){.ast-header-break-point .footer-widget-area[data-section="sidebar-widgets-footer-widget-1"]{display:block;}}@media (max-width:544px){.ast-header-break-point .footer-widget-area[data-section="sidebar-widgets-footer-widget-1"]{display:block;}}.footer-widget-area[data-section="sidebar-widgets-footer-widget-2"] .footer-widget-area-inner{color:#434343;}.footer-widget-area[data-section="sidebar-widgets-footer-widget-2"] .footer-widget-area-inner a{color:#434343;}.footer-widget-area[data-section="sidebar-widgets-footer-widget-2"] .footer-widget-area-inner a:hover{color:#3197d6;}.footer-widget-area[data-section="sidebar-widgets-footer-widget-2"] .widget-title{color:#000000;}.footer-widget-area[data-section="sidebar-widgets-footer-widget-2"]{display:block;}@media (max-width:921px){.ast-header-break-point .footer-widget-area[data-section="sidebar-widgets-footer-widget-2"]{display:block;}}@media (max-width:544px){.ast-header-break-point .footer-widget-area[data-section="sidebar-widgets-footer-widget-2"]{display:block;}}.footer-widget-area[data-section="sidebar-widgets-footer-widget-3"] .footer-widget-area-inner{color:#434343;}.footer-widget-area[data-section="sidebar-widgets-footer-widget-3"] .footer-widget-area-inner a{color:#434343;}.footer-widget-area[data-section="sidebar-widgets-footer-widget-3"] .footer-widget-area-inner a:hover{color:#3197d6;}.footer-widget-area[data-section="sidebar-widgets-footer-widget-3"] .widget-title{color:#000000;}.footer-widget-area[data-section="sidebar-widgets-footer-widget-3"]{display:block;}@media (max-width:921px){.ast-header-break-point .footer-widget-area[data-section="sidebar-widgets-footer-widget-3"]{display:block;}}@media (max-width:544px){.ast-header-break-point .footer-widget-area[data-section="sidebar-widgets-footer-widget-3"]{display:block;}}.footer-widget-area[data-section="sidebar-widgets-footer-widget-4"] .footer-widget-area-inner{color:#434343;}.footer-widget-area[data-section="sidebar-widgets-footer-widget-4"] .footer-widget-area-inner a{color:#434343;}.footer-widget-area[data-section="sidebar-widgets-footer-widget-4"] .footer-widget-area-inner a:hover{color:#3197d6;}.footer-widget-area[data-section="sidebar-widgets-footer-widget-4"] .widget-title{color:#000000;}.footer-widget-area[data-section="sidebar-widgets-footer-widget-4"]{display:block;}@media (max-width:921px){.ast-header-break-point .footer-widget-area[data-section="sidebar-widgets-footer-widget-4"]{display:block;}}@media (max-width:544px){.ast-header-break-point .footer-widget-area[data-section="sidebar-widgets-footer-widget-4"]{display:block;}}.footer-widget-area[data-section="sidebar-widgets-footer-widget-3"] .footer-widget-area-inner{text-align:left;}@media (max-width:921px){.footer-widget-area[data-section="sidebar-widgets-footer-widget-3"] .footer-widget-area-inner{text-align:left;}}@media (max-width:544px){.footer-widget-area[data-section="sidebar-widgets-footer-widget-3"] .footer-widget-area-inner{text-align:center;}}.footer-widget-area[data-section="sidebar-widgets-footer-widget-1"] .footer-widget-area-inner{color:#434343;}.footer-widget-area[data-section="sidebar-widgets-footer-widget-1"] .footer-widget-area-inner a{color:#434343;}.footer-widget-area[data-section="sidebar-widgets-footer-widget-1"] .footer-widget-area-inner a:hover{color:#3197d6;}.footer-widget-area[data-section="sidebar-widgets-footer-widget-1"] .widget-title{color:#000000;}.footer-widget-area[data-section="sidebar-widgets-footer-widget-1"]{display:block;}@media (max-width:921px){.ast-header-break-point .footer-widget-area[data-section="sidebar-widgets-footer-widget-1"]{display:block;}}@media (max-width:544px){.ast-header-break-point .footer-widget-area[data-section="sidebar-widgets-footer-widget-1"]{display:block;}}.footer-widget-area[data-section="sidebar-widgets-footer-widget-2"] .footer-widget-area-inner{color:#434343;}.footer-widget-area[data-section="sidebar-widgets-footer-widget-2"] .footer-widget-area-inner a{color:#434343;}.footer-widget-area[data-section="sidebar-widgets-footer-widget-2"] .footer-widget-area-inner a:hover{color:#3197d6;}.footer-widget-area[data-section="sidebar-widgets-footer-widget-2"] .widget-title{color:#000000;}.footer-widget-area[data-section="sidebar-widgets-footer-widget-2"]{display:block;}@media (max-width:921px){.ast-header-break-point .footer-widget-area[data-section="sidebar-widgets-footer-widget-2"]{display:block;}}@media (max-width:544px){.ast-header-break-point .footer-widget-area[data-section="sidebar-widgets-footer-widget-2"]{display:block;}}.footer-widget-area[data-section="sidebar-widgets-footer-widget-3"] .footer-widget-area-inner{color:#434343;}.footer-widget-area[data-section="sidebar-widgets-footer-widget-3"] .footer-widget-area-inner a{color:#434343;}.footer-widget-area[data-section="sidebar-widgets-footer-widget-3"] .footer-widget-area-inner a:hover{color:#3197d6;}.footer-widget-area[data-section="sidebar-widgets-footer-widget-3"] .widget-title{color:#000000;}.footer-widget-area[data-section="sidebar-widgets-footer-widget-3"]{display:block;}@media (max-width:921px){.ast-header-break-point .footer-widget-area[data-section="sidebar-widgets-footer-widget-3"]{display:block;}}@media (max-width:544px){.ast-header-break-point .footer-widget-area[data-section="sidebar-widgets-footer-widget-3"]{display:block;}}.footer-widget-area[data-section="sidebar-widgets-footer-widget-4"] .footer-widget-area-inner{color:#434343;}.footer-widget-area[data-section="sidebar-widgets-footer-widget-4"] .footer-widget-area-inner a{color:#434343;}.footer-widget-area[data-section="sidebar-widgets-footer-widget-4"] .footer-widget-area-inner a:hover{color:#3197d6;}.footer-widget-area[data-section="sidebar-widgets-footer-widget-4"] .widget-title{color:#000000;}.footer-widget-area[data-section="sidebar-widgets-footer-widget-4"]{display:block;}@media (max-width:921px){.ast-header-break-point .footer-widget-area[data-section="sidebar-widgets-footer-widget-4"]{display:block;}}@media (max-width:544px){.ast-header-break-point .footer-widget-area[data-section="sidebar-widgets-footer-widget-4"]{display:block;}}.footer-widget-area[data-section="sidebar-widgets-footer-widget-4"] .footer-widget-area-inner{text-align:left;}@media (max-width:921px){.footer-widget-area[data-section="sidebar-widgets-footer-widget-4"] .footer-widget-area-inner{text-align:left;}}@media (max-width:544px){.footer-widget-area[data-section="sidebar-widgets-footer-widget-4"] .footer-widget-area-inner{text-align:center;}}.footer-widget-area[data-section="sidebar-widgets-footer-widget-1"] .footer-widget-area-inner{color:#434343;}.footer-widget-area[data-section="sidebar-widgets-footer-widget-1"] .footer-widget-area-inner a{color:#434343;}.footer-widget-area[data-section="sidebar-widgets-footer-widget-1"] .footer-widget-area-inner a:hover{color:#3197d6;}.footer-widget-area[data-section="sidebar-widgets-footer-widget-1"] .widget-title{color:#000000;}.footer-widget-area[data-section="sidebar-widgets-footer-widget-1"]{display:block;}@media (max-width:921px){.ast-header-break-point .footer-widget-area[data-section="sidebar-widgets-footer-widget-1"]{display:block;}}@media (max-width:544px){.ast-header-break-point .footer-widget-area[data-section="sidebar-widgets-footer-widget-1"]{display:block;}}.footer-widget-area[data-section="sidebar-widgets-footer-widget-2"] .footer-widget-area-inner{color:#434343;}.footer-widget-area[data-section="sidebar-widgets-footer-widget-2"] .footer-widget-area-inner a{color:#434343;}.footer-widget-area[data-section="sidebar-widgets-footer-widget-2"] .footer-widget-area-inner a:hover{color:#3197d6;}.footer-widget-area[data-section="sidebar-widgets-footer-widget-2"] .widget-title{color:#000000;}.footer-widget-area[data-section="sidebar-widgets-footer-widget-2"]{display:block;}@media (max-width:921px){.ast-header-break-point .footer-widget-area[data-section="sidebar-widgets-footer-widget-2"]{display:block;}}@media (max-width:544px){.ast-header-break-point .footer-widget-area[data-section="sidebar-widgets-footer-widget-2"]{display:block;}}.footer-widget-area[data-section="sidebar-widgets-footer-widget-3"] .footer-widget-area-inner{color:#434343;}.footer-widget-area[data-section="sidebar-widgets-footer-widget-3"] .footer-widget-area-inner a{color:#434343;}.footer-widget-area[data-section="sidebar-widgets-footer-widget-3"] .footer-widget-area-inner a:hover{color:#3197d6;}.footer-widget-area[data-section="sidebar-widgets-footer-widget-3"] .widget-title{color:#000000;}.footer-widget-area[data-section="sidebar-widgets-footer-widget-3"]{display:block;}@media (max-width:921px){.ast-header-break-point .footer-widget-area[data-section="sidebar-widgets-footer-widget-3"]{display:block;}}@media (max-width:544px){.ast-header-break-point .footer-widget-area[data-section="sidebar-widgets-footer-widget-3"]{display:block;}}.footer-widget-area[data-section="sidebar-widgets-footer-widget-4"] .footer-widget-area-inner{color:#434343;}.footer-widget-area[data-section="sidebar-widgets-footer-widget-4"] .footer-widget-area-inner a{color:#434343;}.footer-widget-area[data-section="sidebar-widgets-footer-widget-4"] .footer-widget-area-inner a:hover{color:#3197d6;}.footer-widget-area[data-section="sidebar-widgets-footer-widget-4"] .widget-title{color:#000000;}.footer-widget-area[data-section="sidebar-widgets-footer-widget-4"]{display:block;}@media (max-width:921px){.ast-header-break-point .footer-widget-area[data-section="sidebar-widgets-footer-widget-4"]{display:block;}}@media (max-width:544px){.ast-header-break-point .footer-widget-area[data-section="sidebar-widgets-footer-widget-4"]{display:block;}}.ast-header-break-point .main-header-bar{border-bottom-width:1px;}@media (min-width:922px){.main-header-bar{border-bottom-width:1px;}}.ast-flex{-webkit-align-content:center;-ms-flex-line-pack:center;align-content:center;-webkit-box-align:center;-webkit-align-items:center;-moz-box-align:center;-ms-flex-align:center;align-items:center;}.main-header-bar{padding:1em 0;}.ast-site-identity{padding:0;}.header-main-layout-1 .ast-flex.main-header-container, .header-main-layout-3 .ast-flex.main-header-container{-webkit-align-content:center;-ms-flex-line-pack:center;align-content:center;-webkit-box-align:center;-webkit-align-items:center;-moz-box-align:center;-ms-flex-align:center;align-items:center;}.header-main-layout-1 .ast-flex.main-header-container, .header-main-layout-3 .ast-flex.main-header-container{-webkit-align-content:center;-ms-flex-line-pack:center;align-content:center;-webkit-box-align:center;-webkit-align-items:center;-moz-box-align:center;-ms-flex-align:center;align-items:center;}.main-header-menu .sub-menu .menu-item.menu-item-has-children &gt; .menu-link:after{position:absolute;right:1em;top:50%;transform:translate(0,-50%) rotate(270deg);}.ast-header-break-point .main-header-bar .main-header-bar-navigation .page_item_has_children &gt; .ast-menu-toggle::before, .ast-header-break-point .main-header-bar .main-header-bar-navigation .menu-item-has-children &gt; .ast-menu-toggle::before, .ast-mobile-popup-drawer .main-header-bar-navigation .menu-item-has-children&gt;.ast-menu-toggle::before, .ast-header-break-point .ast-mobile-header-wrap .main-header-bar-navigation .menu-item-has-children &gt; .ast-menu-toggle::before{font-weight:bold;content:"\e900";font-family:Astra;text-decoration:inherit;display:inline-block;}.ast-header-break-point .main-navigation ul.sub-menu .menu-item .menu-link:before{content:"\e900";font-family:Astra;font-size:.65em;text-decoration:inherit;display:inline-block;transform:translate(0, -2px) rotateZ(270deg);margin-right:5px;}.widget_search .search-form:after{font-family:Astra;font-size:1.2em;font-weight:normal;content:"\e8b6";position:absolute;top:50%;right:15px;transform:translate(0, -50%);}.astra-search-icon::before{content:"\e8b6";font-family:Astra;font-style:normal;font-weight:normal;text-decoration:inherit;text-align:center;-webkit-font-smoothing:antialiased;-moz-osx-font-smoothing:grayscale;}.main-header-bar .main-header-bar-navigation .page_item_has_children &gt; a:after, .main-header-bar .main-header-bar-navigation .menu-item-has-children &gt; a:after, .site-header-focus-item .main-header-bar-navigation .menu-item-has-children &gt; .menu-link:after{content:"\e900";display:inline-block;font-family:Astra;font-size:.6rem;font-weight:bold;text-rendering:auto;-webkit-font-smoothing:antialiased;-moz-osx-font-smoothing:grayscale;margin-left:10px;line-height:normal;}.ast-mobile-popup-drawer .main-header-bar-navigation .ast-submenu-expanded&gt;.ast-menu-toggle::before{transform:rotateX(180deg);}.ast-header-break-point .main-header-bar-navigation .menu-item-has-children &gt; .menu-link:after{display:none;}.ast-separate-container .blog-layout-1, .ast-separate-container .blog-layout-2, .ast-separate-container .blog-layout-3{background-color:transparent;background-image:none;}.ast-separate-container .ast-article-post{background-color:#ffffff;;}.ast-separate-container .ast-article-single:not(.ast-related-post), .ast-separate-container .comments-area .comment-respond,.ast-separate-container .comments-area .ast-comment-list li, .ast-separate-container .ast-woocommerce-container, .ast-separate-container .error-404, .ast-separate-container .no-results, .single.ast-separate-container .ast-author-meta, .ast-separate-container .related-posts-title-wrapper, .ast-separate-container.ast-two-container #secondary .widget,.ast-separate-container .comments-count-wrapper, .ast-box-layout.ast-plain-container .site-content,.ast-padded-layout.ast-plain-container .site-content, .ast-separate-container .comments-area .comments-title{background-color:#ffffff;;}.ast-mobile-header-content &gt; *,.ast-desktop-header-content &gt; * {padding: 10px 0;height: auto;}.ast-mobile-header-content &gt; *:first-child,.ast-desktop-header-content &gt; *:first-child {padding-top: 10px;}.ast-mobile-header-content &gt; .ast-builder-menu,.ast-desktop-header-content &gt; .ast-builder-menu {padding-top: 0;}.ast-mobile-header-content &gt; *:last-child,.ast-desktop-header-content &gt; *:last-child {padding-bottom: 0;}.ast-mobile-header-content .ast-search-menu-icon.ast-inline-search label,.ast-desktop-header-content .ast-search-menu-icon.ast-inline-search label {width: 100%;}.ast-desktop-header-content .main-header-bar-navigation .ast-submenu-expanded &gt; .ast-menu-toggle::before {transform: rotateX(180deg);}#ast-desktop-header .ast-desktop-header-content,.ast-mobile-header-content .ast-search-icon,.ast-desktop-header-content .ast-search-icon,.ast-mobile-header-wrap .ast-mobile-header-content,.ast-main-header-nav-open.ast-popup-nav-open .ast-mobile-header-wrap .ast-mobile-header-content,.ast-main-header-nav-open.ast-popup-nav-open .ast-desktop-header-content {display: none;}.ast-main-header-nav-open.ast-header-break-point #ast-desktop-header .ast-desktop-header-content,.ast-main-header-nav-open.ast-header-break-point .ast-mobile-header-wrap .ast-mobile-header-content {display: block;}.ast-desktop .ast-desktop-header-content .astra-menu-animation-slide-up &gt; .menu-item &gt; .sub-menu,.ast-desktop .ast-desktop-header-content .astra-menu-animation-slide-up &gt; .menu-item .menu-item &gt; .sub-menu,.ast-desktop .ast-desktop-header-content .astra-menu-animation-slide-down &gt; .menu-item &gt; .sub-menu,.ast-desktop .ast-desktop-header-content .astra-menu-animation-slide-down &gt; .menu-item .menu-item &gt; .sub-menu,.ast-desktop .ast-desktop-header-content .astra-menu-animation-fade &gt; .menu-item &gt; .sub-menu,.ast-desktop .ast-desktop-header-content .astra-menu-animation-fade &gt; .menu-item .menu-item &gt; .sub-menu {opacity: 1;visibility: visible;}.ast-hfb-header.ast-default-menu-enable.ast-header-break-point .ast-mobile-header-wrap .ast-mobile-header-content .main-header-bar-navigation {width: unset;margin: unset;}.ast-mobile-header-content.content-align-flex-end .main-header-bar-navigation .menu-item-has-children &gt; .ast-menu-toggle,.ast-desktop-header-content.content-align-flex-end .main-header-bar-navigation .menu-item-has-children &gt; .ast-menu-toggle {left: calc( 20px - 0.907em);}.ast-mobile-header-content .ast-search-menu-icon,.ast-mobile-header-content .ast-search-menu-icon.slide-search,.ast-desktop-header-content .ast-search-menu-icon,.ast-desktop-header-content .ast-search-menu-icon.slide-search {width: 100%;position: relative;display: block;right: auto;transform: none;}.ast-mobile-header-content .ast-search-menu-icon.slide-search .search-form,.ast-mobile-header-content .ast-search-menu-icon .search-form,.ast-desktop-header-content .ast-search-menu-icon.slide-search .search-form,.ast-desktop-header-content .ast-search-menu-icon .search-form {right: 0;visibility: visible;opacity: 1;position: relative;top: auto;transform: none;padding: 0;display: block;overflow: hidden;}.ast-mobile-header-content .ast-search-menu-icon.ast-inline-search .search-field,.ast-mobile-header-content .ast-search-menu-icon .search-field,.ast-desktop-header-content .ast-search-menu-icon.ast-inline-search .search-field,.ast-desktop-header-content .ast-search-menu-icon .search-field {width: 100%;padding-right: 5.5em;}.ast-mobile-header-content .ast-search-menu-icon .search-submit,.ast-desktop-header-content .ast-search-menu-icon .search-submit {display: block;position: absolute;height: 100%;top: 0;right: 0;padding: 0 1em;border-radius: 0;}.ast-hfb-header.ast-default-menu-enable.ast-header-break-point .ast-mobile-header-wrap .ast-mobile-header-content .main-header-bar-navigation ul .sub-menu .menu-link {padding-left: 30px;}.ast-hfb-header.ast-default-menu-enable.ast-header-break-point .ast-mobile-header-wrap .ast-mobile-header-content .main-header-bar-navigation .sub-menu .menu-item .menu-item .menu-link {padding-left: 40px;}.ast-mobile-popup-drawer.active .ast-mobile-popup-inner{background-color:#ffffff;;}.ast-mobile-header-wrap .ast-mobile-header-content, .ast-desktop-header-content{background-color:#ffffff;;}.ast-mobile-popup-content &gt; *, .ast-mobile-header-content &gt; *, .ast-desktop-popup-content &gt; *, .ast-desktop-header-content &gt; *{padding-top:0;padding-bottom:0;}.content-align-flex-start .ast-builder-layout-element{justify-content:flex-start;}.content-align-flex-start .main-header-menu{text-align:left;}.ast-mobile-popup-drawer.active .menu-toggle-close{color:#3a3a3a;}.ast-mobile-header-wrap .ast-primary-header-bar,.ast-primary-header-bar .site-primary-header-wrap{min-height:70px;}.ast-desktop .ast-primary-header-bar .main-header-menu &gt; .menu-item{line-height:70px;}.ast-desktop .ast-primary-header-bar .ast-header-woo-cart,.ast-desktop .ast-primary-header-bar .ast-header-edd-cart{line-height:70px;}@media (max-width:921px){#masthead .ast-mobile-header-wrap .ast-primary-header-bar,#masthead .ast-mobile-header-wrap .ast-below-header-bar{padding-left:20px;padding-right:20px;}}.ast-header-break-point .ast-primary-header-bar{border-bottom-width:1px;border-bottom-style:solid;}@media (min-width:922px){.ast-primary-header-bar{border-bottom-width:1px;border-bottom-style:solid;}}.ast-primary-header-bar{background-color:#ffffff;;background-image:none;;}.ast-primary-header-bar{display:block;}@media (max-width:921px){.ast-header-break-point .ast-primary-header-bar{display:grid;}}@media (max-width:544px){.ast-header-break-point .ast-primary-header-bar{display:grid;}}[data-section="section-header-mobile-trigger"] .ast-button-wrap .ast-mobile-menu-trigger-minimal{color:#000000;border:none;background:transparent;}[data-section="section-header-mobile-trigger"] .ast-button-wrap .mobile-menu-toggle-icon .ast-mobile-svg{width:20px;height:20px;fill:#000000;}[data-section="section-header-mobile-trigger"] .ast-button-wrap .mobile-menu-wrap .mobile-menu{color:#000000;}
</style>
    <link id="astra-menu-animation-css" rel="stylesheet" href="https://askomdch.com/wp-content/themes/astra/assets/css/minified/menu-animation.min.css?ver=3.7.5" media="all"/>
    <link id="wp-block-library-css" rel="stylesheet" href="https://askomdch.com/wp-includes/css/dist/block-library/style.min.css?ver=5.8.1" media="all"/>
    <link id="wc-blocks-vendors-style-css" rel="stylesheet" href="https://askomdch.com/wp-content/plugins/woocommerce/packages/woocommerce-blocks/build/wc-blocks-vendors-style.css?ver=5.9.1" media="all"/>
    <link id="wc-blocks-style-css" rel="stylesheet" href="https://askomdch.com/wp-content/plugins/woocommerce/packages/woocommerce-blocks/build/wc-blocks-style.css?ver=5.9.1" media="all"/>
    <style id="global-styles-inline-css">
body{--wp--preset--color--black: #000000;--wp--preset--color--cyan-bluish-gray: #abb8c3;--wp--preset--color--white: #ffffff;--wp--preset--color--pale-pink: #f78da7;--wp--preset--color--vivid-red: #cf2e2e;--wp--preset--color--luminous-vivid-orange: #ff6900;--wp--preset--color--luminous-vivid-amber: #fcb900;--wp--preset--color--light-green-cyan: #7bdcb5;--wp--preset--color--vivid-green-cyan: #00d084;--wp--preset--color--pale-cyan-blue: #8ed1fc;--wp--preset--color--vivid-cyan-blue: #0693e3;--wp--preset--color--vivid-purple: #9b51e0;--wp--preset--color--ast-global-color-0: var(--ast-global-color-0);--wp--preset--color--ast-global-color-1: var(--ast-global-color-1);--wp--preset--color--ast-global-color-2: var(--ast-global-color-2);--wp--preset--color--ast-global-color-3: var(--ast-global-color-3);--wp--preset--color--ast-global-color-4: var(--ast-global-color-4);--wp--preset--color--ast-global-color-5: var(--ast-global-color-5);--wp--preset--color--ast-global-color-6: var(--ast-global-color-6);--wp--preset--color--ast-global-color-7: var(--ast-global-color-7);--wp--preset--color--ast-global-color-8: var(--ast-global-color-8);--wp--preset--gradient--vivid-cyan-blue-to-vivid-purple: linear-gradient(135deg,rgba(6,147,227,1) 0%,rgb(155,81,224) 100%);--wp--preset--gradient--light-green-cyan-to-vivid-green-cyan: linear-gradient(135deg,rgb(122,220,180) 0%,rgb(0,208,130) 100%);--wp--preset--gradient--luminous-vivid-amber-to-luminous-vivid-orange: linear-gradient(135deg,rgba(252,185,0,1) 0%,rgba(255,105,0,1) 100%);--wp--preset--gradient--luminous-vivid-orange-to-vivid-red: linear-gradient(135deg,rgba(255,105,0,1) 0%,rgb(207,46,46) 100%);--wp--preset--gradient--very-light-gray-to-cyan-bluish-gray: linear-gradient(135deg,rgb(238,238,238) 0%,rgb(169,184,195) 100%);--wp--preset--gradient--cool-to-warm-spectrum: linear-gradient(135deg,rgb(74,234,220) 0%,rgb(151,120,209) 20%,rgb(207,42,186) 40%,rgb(238,44,130) 60%,rgb(251,105,98) 80%,rgb(254,248,76) 100%);--wp--preset--gradient--blush-light-purple: linear-gradient(135deg,rgb(255,206,236) 0%,rgb(152,150,240) 100%);--wp--preset--gradient--blush-bordeaux: linear-gradient(135deg,rgb(254,205,165) 0%,rgb(254,45,45) 50%,rgb(107,0,62) 100%);--wp--preset--gradient--luminous-dusk: linear-gradient(135deg,rgb(255,203,112) 0%,rgb(199,81,192) 50%,rgb(65,88,208) 100%);--wp--preset--gradient--pale-ocean: linear-gradient(135deg,rgb(255,245,203) 0%,rgb(182,227,212) 50%,rgb(51,167,181) 100%);--wp--preset--gradient--electric-grass: linear-gradient(135deg,rgb(202,248,128) 0%,rgb(113,206,126) 100%);--wp--preset--gradient--midnight: linear-gradient(135deg,rgb(2,3,129) 0%,rgb(40,116,252) 100%);--wp--preset--font-size--small: 13px;--wp--preset--font-size--normal: 16px;--wp--preset--font-size--medium: 20px;--wp--preset--font-size--large: 36px;--wp--preset--font-size--huge: 42px;}.has-black-color{color: var(--wp--preset--color--black) !important;}.has-cyan-bluish-gray-color{color: var(--wp--preset--color--cyan-bluish-gray) !important;}.has-white-color{color: var(--wp--preset--color--white) !important;}.has-pale-pink-color{color: var(--wp--preset--color--pale-pink) !important;}.has-vivid-red-color{color: var(--wp--preset--color--vivid-red) !important;}.has-luminous-vivid-orange-color{color: var(--wp--preset--color--luminous-vivid-orange) !important;}.has-luminous-vivid-amber-color{color: var(--wp--preset--color--luminous-vivid-amber) !important;}.has-light-green-cyan-color{color: var(--wp--preset--color--light-green-cyan) !important;}.has-vivid-green-cyan-color{color: var(--wp--preset--color--vivid-green-cyan) !important;}.has-pale-cyan-blue-color{color: var(--wp--preset--color--pale-cyan-blue) !important;}.has-vivid-cyan-blue-color{color: var(--wp--preset--color--vivid-cyan-blue) !important;}.has-vivid-purple-color{color: var(--wp--preset--color--vivid-purple) !important;}.has-ast-global-color-0-color{color: var(--wp--preset--color--ast-global-color-0) !important;}.has-ast-global-color-1-color{color: var(--wp--preset--color--ast-global-color-1) !important;}.has-ast-global-color-2-color{color: var(--wp--preset--color--ast-global-color-2) !important;}.has-ast-global-color-3-color{color: var(--wp--preset--color--ast-global-color-3) !important;}.has-ast-global-color-4-color{color: var(--wp--preset--color--ast-global-color-4) !important;}.has-ast-global-color-5-color{color: var(--wp--preset--color--ast-global-color-5) !important;}.has-ast-global-color-6-color{color: var(--wp--preset--color--ast-global-color-6) !important;}.has-ast-global-color-7-color{color: var(--wp--preset--color--ast-global-color-7) !important;}.has-ast-global-color-8-color{color: var(--wp--preset--color--ast-global-color-8) !important;}.has-black-background-color{background-color: var(--wp--preset--color--black) !important;}.has-cyan-bluish-gray-background-color{background-color: var(--wp--preset--color--cyan-bluish-gray) !important;}.has-white-background-color{background-color: var(--wp--preset--color--white) !important;}.has-pale-pink-background-color{background-color: var(--wp--preset--color--pale-pink) !important;}.has-vivid-red-background-color{background-color: var(--wp--preset--color--vivid-red) !important;}.has-luminous-vivid-orange-background-color{background-color: var(--wp--preset--color--luminous-vivid-orange) !important;}.has-luminous-vivid-amber-background-color{background-color: var(--wp--preset--color--luminous-vivid-amber) !important;}.has-light-green-cyan-background-color{background-color: var(--wp--preset--color--light-green-cyan) !important;}.has-vivid-green-cyan-background-color{background-color: var(--wp--preset--color--vivid-green-cyan) !important;}.has-pale-cyan-blue-background-color{background-color: var(--wp--preset--color--pale-cyan-blue) !important;}.has-vivid-cyan-blue-background-color{background-color: var(--wp--preset--color--vivid-cyan-blue) !important;}.has-vivid-purple-background-color{background-color: var(--wp--preset--color--vivid-purple) !important;}.has-ast-global-color-0-background-color{background-color: var(--wp--preset--color--ast-global-color-0) !important;}.has-ast-global-color-1-background-color{background-color: var(--wp--preset--color--ast-global-color-1) !important;}.has-ast-global-color-2-background-color{background-color: var(--wp--preset--color--ast-global-color-2) !important;}.has-ast-global-color-3-background-color{background-color: var(--wp--preset--color--ast-global-color-3) !important;}.has-ast-global-color-4-background-color{background-color: var(--wp--preset--color--ast-global-color-4) !important;}.has-ast-global-color-5-background-color{background-color: var(--wp--preset--color--ast-global-color-5) !important;}.has-ast-global-color-6-background-color{background-color: var(--wp--preset--color--ast-global-color-6) !important;}.has-ast-global-color-7-background-color{background-color: var(--wp--preset--color--ast-global-color-7) !important;}.has-ast-global-color-8-background-color{background-color: var(--wp--preset--color--ast-global-color-8) !important;}.has-vivid-cyan-blue-to-vivid-purple-gradient-background{background: var(--wp--preset--gradient--vivid-cyan-blue-to-vivid-purple) !important;}.has-light-green-cyan-to-vivid-green-cyan-gradient-background{background: var(--wp--preset--gradient--light-green-cyan-to-vivid-green-cyan) !important;}.has-luminous-vivid-amber-to-luminous-vivid-orange-gradient-background{background: var(--wp--preset--gradient--luminous-vivid-amber-to-luminous-vivid-orange) !important;}.has-luminous-vivid-orange-to-vivid-red-gradient-background{background: var(--wp--preset--gradient--luminous-vivid-orange-to-vivid-red) !important;}.has-very-light-gray-to-cyan-bluish-gray-gradient-background{background: var(--wp--preset--gradient--very-light-gray-to-cyan-bluish-gray) !important;}.has-cool-to-warm-spectrum-gradient-background{background: var(--wp--preset--gradient--cool-to-warm-spectrum) !important;}.has-blush-light-purple-gradient-background{background: var(--wp--preset--gradient--blush-light-purple) !important;}.has-blush-bordeaux-gradient-background{background: var(--wp--preset--gradient--blush-bordeaux) !important;}.has-luminous-dusk-gradient-background{background: var(--wp--preset--gradient--luminous-dusk) !important;}.has-pale-ocean-gradient-background{background: var(--wp--preset--gradient--pale-ocean) !important;}.has-electric-grass-gradient-background{background: var(--wp--preset--gradient--electric-grass) !important;}.has-midnight-gradient-background{background: var(--wp--preset--gradient--midnight) !important;}.has-small-font-size{font-size: var(--wp--preset--font-size--small) !important;}.has-normal-font-size{font-size: var(--wp--preset--font-size--normal) !important;}.has-medium-font-size{font-size: var(--wp--preset--font-size--medium) !important;}.has-large-font-size{font-size: var(--wp--preset--font-size--large) !important;}.has-huge-font-size{font-size: var(--wp--preset--font-size--huge) !important;}
</style>
    <link id="woocommerce-layout-css" rel="stylesheet" href="https://askomdch.com/wp-content/themes/astra/assets/css/minified/compatibility/woocommerce/woocommerce-layout.min.css?ver=3.7.5" media="all"/>
    <link id="woocommerce-smallscreen-css" rel="stylesheet" href="https://askomdch.com/wp-content/themes/astra/assets/css/minified/compatibility/woocommerce/woocommerce-smallscreen.min.css?ver=3.7.5" media="only screen and (max-width: 921px)"/>
    <link id="woocommerce-general-css" rel="stylesheet" href="https://askomdch.com/wp-content/themes/astra/assets/css/minified/compatibility/woocommerce/woocommerce.min.css?ver=3.7.5" media="all"/>
    <style id="woocommerce-general-inline-css">
#customer_details h3:not(.elementor-widget-woocommerce-checkout-page h3){font-size:1.2rem;padding:20px 0 14px;margin:0 0 20px;border-bottom:1px solid #ebebeb;}form #order_review_heading:not(.elementor-widget-woocommerce-checkout-page #order_review_heading){border-width:2px 2px 0 2px;border-style:solid;font-size:1.2rem;margin:0;padding:1.5em 1.5em 1em;border-color:#ebebeb;}form #order_review:not(.elementor-widget-woocommerce-checkout-page #order_review){padding:0 2em;border-width:0 2px 2px;border-style:solid;border-color:#ebebeb;}ul#shipping_method li:not(.elementor-widget-woocommerce-cart #shipping_method li){margin:0;padding:0.25em 0 0.25em 22px;text-indent:-22px;list-style:none outside;}.woocommerce span.onsale, .wc-block-grid__product .wc-block-grid__product-onsale{background-color:#54595f;color:#ffffff;}.woocommerce a.button, .woocommerce button.button, .woocommerce .woocommerce-message a.button, .woocommerce #respond input#submit.alt, .woocommerce a.button.alt, .woocommerce button.button.alt, .woocommerce input.button.alt, .woocommerce input.button,.woocommerce input.button:disabled, .woocommerce input.button:disabled[disabled], .woocommerce input.button:disabled:hover, .woocommerce input.button:disabled[disabled]:hover, .woocommerce #respond input#submit, .woocommerce button.button.alt.disabled, .wc-block-grid__products .wc-block-grid__product .wp-block-button__link, .wc-block-grid__product-onsale{color:#ffffff;border-color:#3197d6;background-color:#3197d6;}.woocommerce a.button:hover, .woocommerce button.button:hover, .woocommerce .woocommerce-message a.button:hover,.woocommerce #respond input#submit:hover,.woocommerce #respond input#submit.alt:hover, .woocommerce a.button.alt:hover, .woocommerce button.button.alt:hover, .woocommerce input.button.alt:hover, .woocommerce input.button:hover, .woocommerce button.button.alt.disabled:hover, .wc-block-grid__products .wc-block-grid__product .wp-block-button__link:hover{color:#ffffff;border-color:#0084d6;background-color:#0084d6;}.woocommerce-message, .woocommerce-info{border-top-color:#4e4e4e;}.woocommerce-message::before,.woocommerce-info::before{color:#4e4e4e;}.woocommerce ul.products li.product .price, .woocommerce div.product p.price, .woocommerce div.product span.price, .widget_layered_nav_filters ul li.chosen a, .woocommerce-page ul.products li.product .ast-woo-product-category, .wc-layered-nav-rating a{color:#333333;}.woocommerce nav.woocommerce-pagination ul,.woocommerce nav.woocommerce-pagination ul li{border-color:#4e4e4e;}.woocommerce nav.woocommerce-pagination ul li a:focus, .woocommerce nav.woocommerce-pagination ul li a:hover, .woocommerce nav.woocommerce-pagination ul li span.current{background:#4e4e4e;color:#ffffff;}.woocommerce-MyAccount-navigation-link.is-active a{color:#0084d6;}.woocommerce .widget_price_filter .ui-slider .ui-slider-range, .woocommerce .widget_price_filter .ui-slider .ui-slider-handle{background-color:#4e4e4e;}.woocommerce a.button, .woocommerce button.button, .woocommerce .woocommerce-message a.button, .woocommerce #respond input#submit.alt, .woocommerce a.button.alt, .woocommerce button.button.alt, .woocommerce input.button.alt, .woocommerce input.button,.woocommerce-cart table.cart td.actions .button, .woocommerce form.checkout_coupon .button, .woocommerce #respond input#submit, .wc-block-grid__products .wc-block-grid__product .wp-block-button__link{border-radius:0;padding-top:17px;padding-right:30px;padding-bottom:17px;padding-left:30px;}.woocommerce .star-rating, .woocommerce .comment-form-rating .stars a, .woocommerce .star-rating::before{color:#4e4e4e;}.woocommerce div.product .woocommerce-tabs ul.tabs li.active:before{background:#4e4e4e;}.woocommerce a.remove:hover{color:#4e4e4e;border-color:#4e4e4e;background-color:#ffffff;}.woocommerce ul.product-categories &gt; li ul li:before{content:"\e900";padding:0 5px 0 5px;display:inline-block;font-family:Astra;transform:rotate(-90deg);font-size:0.7rem;}@media (min-width:545px) and (max-width:921px){.woocommerce.tablet-columns-6 ul.products li.product, .woocommerce-page.tablet-columns-6 ul.products li.product{width:calc(16.66% - 16.66px);}.woocommerce.tablet-columns-5 ul.products li.product, .woocommerce-page.tablet-columns-5 ul.products li.product{width:calc(20% - 16px);}.woocommerce.tablet-columns-4 ul.products li.product, .woocommerce-page.tablet-columns-4 ul.products li.product{width:calc(25% - 15px);}.woocommerce.tablet-columns-3 ul.products li.product, .woocommerce-page.tablet-columns-3 ul.products li.product{width:calc(33.33% - 14px);}.woocommerce.tablet-columns-2 ul.products li.product, .woocommerce-page.tablet-columns-2 ul.products li.product{width:calc(50% - 10px);}.woocommerce.tablet-columns-1 ul.products li.product, .woocommerce-page.tablet-columns-1 ul.products li.product{width:100%;}.woocommerce div.product .related.products ul.products li.product{width:calc(33.33% - 14px);}}@media (min-width:545px) and (max-width:921px){.woocommerce[class*="columns-"].columns-3 &gt; ul.products li.product, .woocommerce[class*="columns-"].columns-4 &gt; ul.products li.product, .woocommerce[class*="columns-"].columns-5 &gt; ul.products li.product, .woocommerce[class*="columns-"].columns-6 &gt; ul.products li.product{width:calc(33.33% - 14px);margin-right:20px;}.woocommerce[class*="columns-"].columns-3 &gt; ul.products li.product:nth-child(3n), .woocommerce[class*="columns-"].columns-4 &gt; ul.products li.product:nth-child(3n), .woocommerce[class*="columns-"].columns-5 &gt; ul.products li.product:nth-child(3n), .woocommerce[class*="columns-"].columns-6 &gt; ul.products li.product:nth-child(3n){margin-right:0;clear:right;}.woocommerce[class*="columns-"].columns-3 &gt; ul.products li.product:nth-child(3n+1), .woocommerce[class*="columns-"].columns-4 &gt; ul.products li.product:nth-child(3n+1), .woocommerce[class*="columns-"].columns-5 &gt; ul.products li.product:nth-child(3n+1), .woocommerce[class*="columns-"].columns-6 &gt; ul.products li.product:nth-child(3n+1){clear:left;}.woocommerce[class*="columns-"] ul.products li.product:nth-child(n), .woocommerce-page[class*="columns-"] ul.products li.product:nth-child(n){margin-right:20px;clear:none;}.woocommerce.tablet-columns-2 ul.products li.product:nth-child(2n), .woocommerce-page.tablet-columns-2 ul.products li.product:nth-child(2n), .woocommerce.tablet-columns-3 ul.products li.product:nth-child(3n), .woocommerce-page.tablet-columns-3 ul.products li.product:nth-child(3n), .woocommerce.tablet-columns-4 ul.products li.product:nth-child(4n), .woocommerce-page.tablet-columns-4 ul.products li.product:nth-child(4n), .woocommerce.tablet-columns-5 ul.products li.product:nth-child(5n), .woocommerce-page.tablet-columns-5 ul.products li.product:nth-child(5n), .woocommerce.tablet-columns-6 ul.products li.product:nth-child(6n), .woocommerce-page.tablet-columns-6 ul.products li.product:nth-child(6n){margin-right:0;clear:right;}.woocommerce.tablet-columns-2 ul.products li.product:nth-child(2n+1), .woocommerce-page.tablet-columns-2 ul.products li.product:nth-child(2n+1), .woocommerce.tablet-columns-3 ul.products li.product:nth-child(3n+1), .woocommerce-page.tablet-columns-3 ul.products li.product:nth-child(3n+1), .woocommerce.tablet-columns-4 ul.products li.product:nth-child(4n+1), .woocommerce-page.tablet-columns-4 ul.products li.product:nth-child(4n+1), .woocommerce.tablet-columns-5 ul.products li.product:nth-child(5n+1), .woocommerce-page.tablet-columns-5 ul.products li.product:nth-child(5n+1), .woocommerce.tablet-columns-6 ul.products li.product:nth-child(6n+1), .woocommerce-page.tablet-columns-6 ul.products li.product:nth-child(6n+1){clear:left;}.woocommerce div.product .related.products ul.products li.product:nth-child(3n), .woocommerce-page.tablet-columns-1 .site-main ul.products li.product{margin-right:0;clear:right;}.woocommerce div.product .related.products ul.products li.product:nth-child(3n+1){clear:left;}}@media (min-width:922px){.woocommerce #reviews #comments{width:55%;float:left;}.woocommerce #reviews #review_form_wrapper{width:45%;padding-left:2em;float:right;}.woocommerce form.checkout_coupon{width:50%;}}@media (max-width:921px){.ast-header-break-point.ast-woocommerce-cart-menu .header-main-layout-1.ast-mobile-header-stack.ast-no-menu-items .ast-site-header-cart, .ast-header-break-point.ast-woocommerce-cart-menu .header-main-layout-3.ast-mobile-header-stack.ast-no-menu-items .ast-site-header-cart{padding-right:0;padding-left:0;}.ast-header-break-point.ast-woocommerce-cart-menu .header-main-layout-1.ast-mobile-header-stack .main-header-bar{text-align:center;}.ast-header-break-point.ast-woocommerce-cart-menu .header-main-layout-1.ast-mobile-header-stack .ast-site-header-cart, .ast-header-break-point.ast-woocommerce-cart-menu .header-main-layout-1.ast-mobile-header-stack .ast-mobile-menu-buttons{display:inline-block;}.ast-header-break-point.ast-woocommerce-cart-menu .header-main-layout-2.ast-mobile-header-inline .site-branding{flex:auto;}.ast-header-break-point.ast-woocommerce-cart-menu .header-main-layout-3.ast-mobile-header-stack .site-branding{flex:0 0 100%;}.ast-header-break-point.ast-woocommerce-cart-menu .header-main-layout-3.ast-mobile-header-stack .main-header-container{display:flex;justify-content:center;}.woocommerce-cart .woocommerce-shipping-calculator .button{width:100%;}.woocommerce div.product div.images, .woocommerce div.product div.summary, .woocommerce #content div.product div.images, .woocommerce #content div.product div.summary, .woocommerce-page div.product div.images, .woocommerce-page div.product div.summary, .woocommerce-page #content div.product div.images, .woocommerce-page #content div.product div.summary{float:none;width:100%;}.woocommerce-cart table.cart td.actions .ast-return-to-shop{display:block;text-align:center;margin-top:1em;}}@media (max-width:544px){.ast-separate-container .ast-woocommerce-container{padding:.54em 1em 1.33333em;}.woocommerce-message, .woocommerce-error, .woocommerce-info{display:flex;flex-wrap:wrap;}.woocommerce-message a.button, .woocommerce-error a.button, .woocommerce-info a.button{order:1;margin-top:.5em;}.woocommerce .woocommerce-ordering, .woocommerce-page .woocommerce-ordering{float:none;margin-bottom:2em;width:100%;}.woocommerce ul.products a.button, .woocommerce-page ul.products a.button{padding:0.5em 0.75em;}.woocommerce table.cart td.actions .button, .woocommerce #content table.cart td.actions .button, .woocommerce-page table.cart td.actions .button, .woocommerce-page #content table.cart td.actions .button{padding-left:1em;padding-right:1em;}.woocommerce #content table.cart .button, .woocommerce-page #content table.cart .button{width:100%;}.woocommerce #content table.cart .product-thumbnail, .woocommerce-page #content table.cart .product-thumbnail{display:block;text-align:center !important;}.woocommerce #content table.cart .product-thumbnail::before, .woocommerce-page #content table.cart .product-thumbnail::before{display:none;}.woocommerce #content table.cart td.actions .coupon, .woocommerce-page #content table.cart td.actions .coupon{float:none;}.woocommerce #content table.cart td.actions .coupon .button, .woocommerce-page #content table.cart td.actions .coupon .button{flex:1;}.woocommerce #content div.product .woocommerce-tabs ul.tabs li a, .woocommerce-page #content div.product .woocommerce-tabs ul.tabs li a{display:block;}.woocommerce div.product .related.products ul.products li.product, .woocommerce.mobile-columns-2 ul.products li.product, .woocommerce-page.mobile-columns-2 ul.products li.product{width:calc(50% - 10px);}.woocommerce.mobile-columns-6 ul.products li.product, .woocommerce-page.mobile-columns-6 ul.products li.product{width:calc(16.66% - 16.66px);}.woocommerce.mobile-columns-5 ul.products li.product, .woocommerce-page.mobile-columns-5 ul.products li.product{width:calc(20% - 16px);}.woocommerce.mobile-columns-4 ul.products li.product, .woocommerce-page.mobile-columns-4 ul.products li.product{width:calc(25% - 15px);}.woocommerce.mobile-columns-3 ul.products li.product, .woocommerce-page.mobile-columns-3 ul.products li.product{width:calc(33.33% - 14px);}.woocommerce.mobile-columns-1 ul.products li.product, .woocommerce-page.mobile-columns-1 ul.products li.product{width:100%;}}@media (max-width:544px){.woocommerce ul.products a.button.loading::after, .woocommerce-page ul.products a.button.loading::after{display:inline-block;margin-left:5px;position:initial;}.woocommerce.mobile-columns-1 .site-main ul.products li.product:nth-child(n), .woocommerce-page.mobile-columns-1 .site-main ul.products li.product:nth-child(n){margin-right:0;}.woocommerce #content div.product .woocommerce-tabs ul.tabs li, .woocommerce-page #content div.product .woocommerce-tabs ul.tabs li{display:block;margin-right:0;}.woocommerce[class*="columns-"].columns-3 &gt; ul.products li.product, .woocommerce[class*="columns-"].columns-4 &gt; ul.products li.product, .woocommerce[class*="columns-"].columns-5 &gt; ul.products li.product, .woocommerce[class*="columns-"].columns-6 &gt; ul.products li.product{width:calc(50% - 10px);margin-right:20px;}.woocommerce[class*="columns-"] ul.products li.product:nth-child(n), .woocommerce-page[class*="columns-"] ul.products li.product:nth-child(n){margin-right:20px;clear:none;}.woocommerce-page[class*=columns-].columns-3&gt;ul.products li.product:nth-child(2n), .woocommerce-page[class*=columns-].columns-4&gt;ul.products li.product:nth-child(2n), .woocommerce-page[class*=columns-].columns-5&gt;ul.products li.product:nth-child(2n), .woocommerce-page[class*=columns-].columns-6&gt;ul.products li.product:nth-child(2n), .woocommerce[class*=columns-].columns-3&gt;ul.products li.product:nth-child(2n), .woocommerce[class*=columns-].columns-4&gt;ul.products li.product:nth-child(2n), .woocommerce[class*=columns-].columns-5&gt;ul.products li.product:nth-child(2n), .woocommerce[class*=columns-].columns-6&gt;ul.products li.product:nth-child(2n){margin-right:0;clear:right;}.woocommerce[class*="columns-"].columns-3 &gt; ul.products li.product:nth-child(2n+1), .woocommerce[class*="columns-"].columns-4 &gt; ul.products li.product:nth-child(2n+1), .woocommerce[class*="columns-"].columns-5 &gt; ul.products li.product:nth-child(2n+1), .woocommerce[class*="columns-"].columns-6 &gt; ul.products li.product:nth-child(2n+1){clear:left;}.woocommerce-page[class*=columns-] ul.products li.product:nth-child(n), .woocommerce[class*=columns-] ul.products li.product:nth-child(n){margin-right:20px;clear:none;}.woocommerce.mobile-columns-6 ul.products li.product:nth-child(6n), .woocommerce-page.mobile-columns-6 ul.products li.product:nth-child(6n), .woocommerce.mobile-columns-5 ul.products li.product:nth-child(5n), .woocommerce-page.mobile-columns-5 ul.products li.product:nth-child(5n), .woocommerce.mobile-columns-4 ul.products li.product:nth-child(4n), .woocommerce-page.mobile-columns-4 ul.products li.product:nth-child(4n), .woocommerce.mobile-columns-3 ul.products li.product:nth-child(3n), .woocommerce-page.mobile-columns-3 ul.products li.product:nth-child(3n), .woocommerce.mobile-columns-2 ul.products li.product:nth-child(2n), .woocommerce-page.mobile-columns-2 ul.products li.product:nth-child(2n), .woocommerce div.product .related.products ul.products li.product:nth-child(2n){margin-right:0;clear:right;}.woocommerce.mobile-columns-6 ul.products li.product:nth-child(6n+1), .woocommerce-page.mobile-columns-6 ul.products li.product:nth-child(6n+1), .woocommerce.mobile-columns-5 ul.products li.product:nth-child(5n+1), .woocommerce-page.mobile-columns-5 ul.products li.product:nth-child(5n+1), .woocommerce.mobile-columns-4 ul.products li.product:nth-child(4n+1), .woocommerce-page.mobile-columns-4 ul.products li.product:nth-child(4n+1), .woocommerce.mobile-columns-3 ul.products li.product:nth-child(3n+1), .woocommerce-page.mobile-columns-3 ul.products li.product:nth-child(3n+1), .woocommerce.mobile-columns-2 ul.products li.product:nth-child(2n+1), .woocommerce-page.mobile-columns-2 ul.products li.product:nth-child(2n+1), .woocommerce div.product .related.products ul.products li.product:nth-child(2n+1){clear:left;}}@media (min-width:922px){.ast-woo-shop-archive .site-content &gt; .ast-container{max-width:1240px;}}@media (min-width:922px){.woocommerce #content .ast-woocommerce-container div.product div.images, .woocommerce .ast-woocommerce-container div.product div.images, .woocommerce-page #content .ast-woocommerce-container div.product div.images, .woocommerce-page .ast-woocommerce-container div.product div.images{width:50%;}.woocommerce #content .ast-woocommerce-container div.product div.summary, .woocommerce .ast-woocommerce-container div.product div.summary, .woocommerce-page #content .ast-woocommerce-container div.product div.summary, .woocommerce-page .ast-woocommerce-container div.product div.summary{width:46%;}.woocommerce.woocommerce-checkout form #customer_details.col2-set .col-1, .woocommerce.woocommerce-checkout form #customer_details.col2-set .col-2, .woocommerce-page.woocommerce-checkout form #customer_details.col2-set .col-1, .woocommerce-page.woocommerce-checkout form #customer_details.col2-set .col-2{float:none;width:auto;}}.woocommerce a.button , .woocommerce button.button.alt ,.woocommerce-page table.cart td.actions .button, .woocommerce-page #content table.cart td.actions .button , .woocommerce a.button.alt ,.woocommerce .woocommerce-message a.button , .ast-site-header-cart .widget_shopping_cart .buttons .button.checkout, .woocommerce button.button.alt.disabled , .wc-block-grid__products .wc-block-grid__product .wp-block-button__link {border:solid;border-top-width:0;border-right-width:0;border-left-width:0;border-bottom-width:0;border-color:#3197d6;}.woocommerce a.button:hover , .woocommerce button.button.alt:hover , .woocommerce-page table.cart td.actions .button:hover, .woocommerce-page #content table.cart td.actions .button:hover, .woocommerce a.button.alt:hover ,.woocommerce .woocommerce-message a.button:hover , .ast-site-header-cart .widget_shopping_cart .buttons .button.checkout:hover , .woocommerce button.button.alt.disabled:hover , .wc-block-grid__products .wc-block-grid__product .wp-block-button__link:hover{border-color:#0084d6;}.widget_product_search button{flex:0 0 auto;padding:10px 20px;;}@media (min-width:922px){.woocommerce.woocommerce-checkout form #customer_details.col2-set, .woocommerce-page.woocommerce-checkout form #customer_details.col2-set{width:55%;float:left;margin-right:4.347826087%;}.woocommerce.woocommerce-checkout form #order_review, .woocommerce.woocommerce-checkout form #order_review_heading, .woocommerce-page.woocommerce-checkout form #order_review, .woocommerce-page.woocommerce-checkout form #order_review_heading{width:40%;float:right;margin-right:0;clear:right;}}
</style>
    <style id="woocommerce-inline-inline-css">
.woocommerce form .form-row .required { visibility: visible; }
</style>
    <script id="jquery-core-js" src="https://askomdch.com/wp-includes/js/jquery/jquery.min.js?ver=3.6.0"/>
    <script id="jquery-migrate-js" src="https://askomdch.com/wp-includes/js/jquery/jquery-migrate.min.js?ver=3.3.2"/>
    <link rel="canonical" href="https://askomdch.com/account/"/>
    <noscript>
      <style>.woocommerce-product-gallery{ opacity: 1 !important; }</style>
    </noscript>
    <style>.recentcomments a{display:inline !important;padding:0 !important;margin:0 !important;}</style>
  </head>
  <body class="page-template-default page page-id-1235 theme-astra woocommerce-account woocommerce-page woocommerce-no-js ast-single-post ast-mobile-inherit-site-logo ast-woocommerce-cart-menu ast-inherit-site-logo-transparent ast-theme-transparent-header ast-hfb-header ast-desktop ast-plain-container ast-no-sidebar astra-3.7.5" itemtype="https://schema.org/WebPage" itemscope="itemscope">
    <a shape="rect" class="skip-link screen-reader-text" href="#content" role="link" title="Skip to content">
Skip to content</a>
    <div class="hfeed site" id="page">
      <header class="site-header ast-primary-submenu-animation-slide-up header-main-layout-1 ast-primary-menu-enabled ast-builder-menu-toggle-icon ast-mobile-header-inline" id="masthead" itemtype="https://schema.org/WPHeader" itemscope="itemscope" itemid="#masthead">
        <div id="ast-desktop-header" data-toggle-type="dropdown">
          <div class="ast-main-header-wrap main-header-bar-wrap">
            <div class="ast-primary-header-bar ast-primary-header main-header-bar site-header-focus-item" data-section="section-primary-header-builder">
              <div class="site-primary-header-wrap ast-builder-grid-row-container site-header-focus-item ast-container" data-section="section-primary-header-builder">
                <div class="ast-builder-grid-row ast-builder-grid-row-has-sides ast-builder-grid-row-no-center">
                  <div class="site-header-primary-section-left site-header-section ast-flex site-header-section-left">
                    <div class="ast-builder-layout-element ast-flex site-header-focus-item" data-section="title_tagline">
                      <div class="site-branding ast-site-identity" itemtype="https://schema.org/Organization" itemscope="itemscope">
                        <div class="ast-site-title-wrap">
                          <span class="site-title" itemprop="name">
                            <a shape="rect" href="https://askomdch.com/" rel="home" itemprop="url">
AskOmDch
</a>
                          </span>
                        </div>
                      </div>
                    </div>
                  </div>
                  <div class="site-header-primary-section-right site-header-section ast-flex ast-grid-right-section">
                    <div class="ast-builder-menu-1 ast-builder-menu ast-flex ast-builder-menu-1-focus-item ast-builder-layout-element site-header-focus-item" data-section="section-hb-menu-1">
                      <div class="ast-main-header-bar-alignment">
                        <div class="main-header-bar-navigation">
                          <nav class="site-navigation ast-flex-grow-1 navigation-accessibility site-header-focus-item" id="primary-site-navigation" aria-label="Site Navigation" itemtype="https://schema.org/SiteNavigationElement" itemscope="itemscope">
                            <div class="main-navigation ast-inline-flex">
                              <ul class="main-header-menu ast-menu-shadow ast-nav-menu ast-flex submenu-with-border astra-menu-animation-slide-up stack-on-mobile" id="ast-hf-menu-1">
                                <li class="menu-item menu-item-type-post_type menu-item-object-page menu-item-home menu-item-1226" id="menu-item-1226">
                                  <a shape="rect" class="menu-link" href="https://askomdch.com/">Home</a>
                                </li>
                                <li class="menu-item menu-item-type-post_type menu-item-object-page menu-item-1227" id="menu-item-1227">
                                  <a shape="rect" class="menu-link" href="https://askomdch.com/store/">Store</a>
                                </li>
                                <li class="menu-item menu-item-type-taxonomy menu-item-object-product_cat menu-item-1228" id="menu-item-1228">
                                  <a shape="rect" class="menu-link" href="https://askomdch.com/product-category/men/">Men</a>
                                </li>
                                <li class="menu-item menu-item-type-taxonomy menu-item-object-product_cat menu-item-1229" id="menu-item-1229">
                                  <a shape="rect" class="menu-link" href="https://askomdch.com/product-category/women/">Women</a>
                                </li>
                                <li class="menu-item menu-item-type-taxonomy menu-item-object-product_cat menu-item-1230" id="menu-item-1230">
                                  <a shape="rect" class="menu-link" href="https://askomdch.com/product-category/accessories/">Accessories</a>
                                </li>
                                <li class="menu-item menu-item-type-post_type menu-item-object-page current-menu-item page_item page-item-1235 current_page_item menu-item-1237" id="menu-item-1237">
                                  <a shape="rect" class="menu-link" href="https://askomdch.com/account/" aria-current="page">Account</a>
                                </li>
                                <li class="menu-item menu-item-type-post_type menu-item-object-page menu-item-1232" id="menu-item-1232">
                                  <a shape="rect" class="menu-link" href="https://askomdch.com/about/">About</a>
                                </li>
                                <li class="menu-item menu-item-type-post_type menu-item-object-page menu-item-1233" id="menu-item-1233">
                                  <a shape="rect" class="menu-link" href="https://askomdch.com/contact-us/">Contact Us</a>
                                </li>
                              </ul>
                            </div>
                          </nav>
                        </div>
                      </div>
                    </div>
                    <div class="ast-builder-layout-element site-header-focus-item ast-header-woo-cart" data-section="section-header-woo-cart">
                      <div class="ast-site-header-cart ast-menu-cart-with-border ast-menu-cart-fill" id="ast-site-header-cart">
                        <div class="ast-site-header-cart-li">
                          <a shape="rect" class="cart-container" href="https://askomdch.com/cart/" title="View your shopping cart"/>
                          <div class="ast-cart-menu-wrap">
                            <span class="count">
0 </span>
                          </div>
                        </div>
                        <div class="ast-site-header-cart-data">
                          <div class="widget woocommerce widget_shopping_cart">
                            <div class="widget_shopping_cart_content"/>
                          </div>
                        </div>
                      </div>
                    </div>
                  </div>
                </div>
              </div>
            </div>
          </div>
          <div class="ast-desktop-header-content content-align-flex-start"/>
        </div>
        <div class="ast-mobile-header-wrap" id="ast-mobile-header" data-type="dropdown">
          <div class="ast-main-header-wrap main-header-bar-wrap">
            <div class="ast-primary-header-bar ast-primary-header main-header-bar site-primary-header-wrap site-header-focus-item ast-builder-grid-row-layout-default ast-builder-grid-row-tablet-layout-default ast-builder-grid-row-mobile-layout-default" data-section="section-primary-header-builder">
              <div class="ast-builder-grid-row ast-builder-grid-row-has-sides ast-builder-grid-row-no-center">
                <div class="site-header-primary-section-left site-header-section ast-flex site-header-section-left">
                  <div class="ast-builder-layout-element ast-flex site-header-focus-item" data-section="title_tagline">
                    <div class="site-branding ast-site-identity" itemtype="https://schema.org/Organization" itemscope="itemscope">
                      <div class="ast-site-title-wrap">
                        <span class="site-title" itemprop="name">
                          <a shape="rect" href="https://askomdch.com/" rel="home" itemprop="url">
AskOmDch
</a>
                        </span>
                      </div>
                    </div>
                  </div>
                </div>
                <div class="site-header-primary-section-right site-header-section ast-flex ast-grid-right-section">
                  <div class="ast-builder-layout-element site-header-focus-item ast-header-woo-cart" data-section="section-header-woo-cart">
                    <div class="ast-site-header-cart ast-menu-cart-with-border ast-menu-cart-fill" id="ast-site-header-cart">
                      <div class="ast-site-header-cart-li">
                        <a shape="rect" class="cart-container" href="https://askomdch.com/cart/" title="View your shopping cart"/>
                        <div class="ast-cart-menu-wrap">
                          <span class="count">
0 </span>
                        </div>
                      </div>
                      <div class="ast-site-header-cart-data">
                        <div class="widget woocommerce widget_shopping_cart">
                          <div class="widget_shopping_cart_content"/>
                        </div>
                      </div>
                    </div>
                  </div>
                  <div class="ast-builder-layout-element ast-flex site-header-focus-item" data-section="section-header-mobile-trigger">
                    <div class="ast-button-wrap">
                      <button type="button" class="menu-toggle main-header-menu-toggle ast-mobile-menu-trigger-minimal" aria-expanded="false">
                        <span class="screen-reader-text">Main Menu</span>
                        <span class="mobile-menu-toggle-icon">
                          <span class="ahfb-svg-iconset ast-inline-flex svg-baseline">
                            <svg class="ast-mobile-svg ast-menu2-svg" fill="currentColor" version="1.1" width="24" height="28" viewbox="0 0 24 28">
                              <path d="M24 21v2c0 0.547-0.453 1-1 1h-22c-0.547 0-1-0.453-1-1v-2c0-0.547 0.453-1 1-1h22c0.547 0 1 0.453 1 1zM24 13v2c0 0.547-0.453 1-1 1h-22c-0.547 0-1-0.453-1-1v-2c0-0.547 0.453-1 1-1h22c0.547 0 1 0.453 1 1zM24 5v2c0 0.547-0.453 1-1 1h-22c-0.547 0-1-0.453-1-1v-2c0-0.547 0.453-1 1-1h22c0.547 0 1 0.453 1 1z"/>
                            </svg>
                          </span>
                          <span class="ahfb-svg-iconset ast-inline-flex svg-baseline">
                            <svg class="ast-mobile-svg ast-close-svg" fill="currentColor" version="1.1" width="24" height="24" viewbox="0 0 24 24">
                              <path d="M5.293 6.707l5.293 5.293-5.293 5.293c-0.391 0.391-0.391 1.024 0 1.414s1.024 0.391 1.414 0l5.293-5.293 5.293 5.293c0.391 0.391 1.024 0.391 1.414 0s0.391-1.024 0-1.414l-5.293-5.293 5.293-5.293c0.391-0.391 0.391-1.024 0-1.414s-1.024-0.391-1.414 0l-5.293 5.293-5.293-5.293c-0.391-0.391-1.024-0.391-1.414 0s-0.391 1.024 0 1.414z"/>
                            </svg>
                          </span>
                        </span>
                      </button>
                    </div>
                  </div>
                </div>
              </div>
            </div>
          </div>
          <div class="ast-mobile-header-content content-align-flex-start">
            <div class="ast-builder-menu-1 ast-builder-menu ast-flex ast-builder-menu-1-focus-item ast-builder-layout-element site-header-focus-item" data-section="section-hb-menu-1">
              <div class="ast-main-header-bar-alignment">
                <div class="main-header-bar-navigation">
                  <nav class="site-navigation ast-flex-grow-1 navigation-accessibility site-header-focus-item" id="primary-site-navigation" aria-label="Site Navigation" itemtype="https://schema.org/SiteNavigationElement" itemscope="itemscope">
                    <div class="main-navigation ast-inline-flex">
                      <ul class="main-header-menu ast-menu-shadow ast-nav-menu ast-flex submenu-with-border astra-menu-animation-slide-up stack-on-mobile" id="ast-hf-menu-1">
                        <li class="menu-item menu-item-type-post_type menu-item-object-page menu-item-home menu-item-1226">
                          <a shape="rect" class="menu-link" href="https://askomdch.com/">Home</a>
                        </li>
                        <li class="menu-item menu-item-type-post_type menu-item-object-page menu-item-1227">
                          <a shape="rect" class="menu-link" href="https://askomdch.com/store/">Store</a>
                        </li>
                        <li class="menu-item menu-item-type-taxonomy menu-item-object-product_cat menu-item-1228">
                          <a shape="rect" class="menu-link" href="https://askomdch.com/product-category/men/">Men</a>
                        </li>
                        <li class="menu-item menu-item-type-taxonomy menu-item-object-product_cat menu-item-1229">
                          <a shape="rect" class="menu-link" href="https://askomdch.com/product-category/women/">Women</a>
                        </li>
                        <li class="menu-item menu-item-type-taxonomy menu-item-object-product_cat menu-item-1230">
                          <a shape="rect" class="menu-link" href="https://askomdch.com/product-category/accessories/">Accessories</a>
                        </li>
                        <li class="menu-item menu-item-type-post_type menu-item-object-page current-menu-item page_item page-item-1235 current_page_item menu-item-1237">
                          <a shape="rect" class="menu-link" href="https://askomdch.com/account/" aria-current="page">Account</a>
                        </li>
                        <li class="menu-item menu-item-type-post_type menu-item-object-page menu-item-1232">
                          <a shape="rect" class="menu-link" href="https://askomdch.com/about/">About</a>
                        </li>
                        <li class="menu-item menu-item-type-post_type menu-item-object-page menu-item-1233">
                          <a shape="rect" class="menu-link" href="https://askomdch.com/contact-us/">Contact Us</a>
                        </li>
                      </ul>
                    </div>
                  </nav>
                </div>
              </div>
            </div>
          </div>
        </div>
      </header>
      <div class="site-content" id="content">
        <div class="ast-container">
          <div class="content-area primary" id="primary">
            <main id="main" class="site-main">
              <article class="post-1235 page type-page status-publish ast-article-single" id="post-1235" itemtype="https://schema.org/CreativeWork" itemscope="itemscope">
                <header class="entry-header ast-header-without-markup"/>
                <div class="entry-content clear" itemprop="text">
                  <div class="wp-block-cover alignfull has-background-dim" style="background-color:#001d35;min-height:400px">
                    <div class="wp-block-cover__inner-container">
                      <h1 class="has-text-align-center">Account</h1>
                    </div>
                  </div>
                  <div class="wp-block-group alignfull">
                    <div class="wp-block-group__inner-container">
                      <div class="wp-block-columns">
                        <div class="wp-block-column" style="flex-basis:100%"/>
                      </div>
                      <div class="woocommerce">
                        <div class="woocommerce-notices-wrapper"/>
                        <div class="u-columns col2-set" id="customer_login">
                          <div class="u-column1 col-1">
                            <h2>Login</h2>
                            <form enctype="application/x-www-form-urlencoded" method="post" class="woocommerce-form woocommerce-form-login login">
                              <p class="woocommerce-form-row woocommerce-form-row--wide form-row form-row-wide">
                                <label for="username">
Username or email address                                   <span class="required">*</span>
                                </label>
                                <input type="text" class="woocommerce-Input woocommerce-Input--text input-text" id="username" name="username" autocomplete="username" value=""/>
                              </p>
                              <p class="woocommerce-form-row woocommerce-form-row--wide form-row form-row-wide">
                                <label for="password">
Password                                   <span class="required">*</span>
                                </label>
                                <input type="password" class="woocommerce-Input woocommerce-Input--text input-text" id="password" name="password" autocomplete="current-password"/>
                              </p>
                              <p class="form-row">
                                <label class="woocommerce-form__label woocommerce-form__label-for-checkbox woocommerce-form-login__rememberme">
                                  <input type="checkbox" class="woocommerce-form__input woocommerce-form__input-checkbox" id="rememberme" name="rememberme" value="forever"/>
                                  <span>Remember me</span>
                                </label>
                                <input type="hidden" id="woocommerce-login-nonce" name="woocommerce-login-nonce" value="679b5e9476"/>
                                <input type="hidden" name="_wp_http_referer" value="/account/"/>
                                <button type="submit" class="woocommerce-button button woocommerce-form-login__submit" name="login" value="Log in">Log in</button>
                              </p>
                              <p class="woocommerce-LostPassword lost_password">
                                <a shape="rect" href="https://askomdch.com/account/lost-password/">Lost your password?</a>
                              </p>
                            </form>
                          </div>
                          <div class="u-column2 col-2">
                            <h2>Register</h2>
                            <form enctype="application/x-www-form-urlencoded" method="post" class="woocommerce-form woocommerce-form-register register">
                              <p class="woocommerce-form-row woocommerce-form-row--wide form-row form-row-wide">
                                <label for="reg_username">
Username                                   <span class="required">*</span>
                                </label>
                                <input type="text" class="woocommerce-Input woocommerce-Input--text input-text" id="reg_username" name="username" autocomplete="username" value=""/>
                              </p>
                              <p class="woocommerce-form-row woocommerce-form-row--wide form-row form-row-wide">
                                <label for="reg_email">
Email address                                   <span class="required">*</span>
                                </label>
                                <input type="email" class="woocommerce-Input woocommerce-Input--text input-text" id="reg_email" name="email" autocomplete="email" value=""/>
                              </p>
                              <p class="woocommerce-form-row woocommerce-form-row--wide form-row form-row-wide">
                                <label for="reg_password">
Password                                   <span class="required">*</span>
                                </label>
                                <input type="password" class="woocommerce-Input woocommerce-Input--text input-text" id="reg_password" name="password" autocomplete="new-password"/>
                              </p>
                              <div class="woocommerce-privacy-policy-text">
                                <p>TEST MODE ENABLED. DO NOT ENTER YOUR PERSONAL DATA.</p>
                              </div>
                              <p class="woocommerce-form-row form-row">
                                <input type="hidden" id="woocommerce-register-nonce" name="woocommerce-register-nonce" value="cbc2b22125"/>
                                <input type="hidden" name="_wp_http_referer" value="/account/"/>
                                <button type="submit" class="woocommerce-Button woocommerce-button button woocommerce-form-register__submit" name="register" value="Register">Register</button>
                              </p>
                            </form>
                          </div>
                        </div>
                      </div>
                    </div>
                  </div>
                  <p/>
                </div>
              </article>
            </main>
          </div>
        </div>
      </div>
      <div class="astra-mobile-cart-overlay"/>
      <div class="astra-cart-drawer open-right" id="astra-mobile-cart-drawer">
        <div class="astra-cart-drawer-header">
          <button type="button" class="astra-cart-drawer-close">
            <span class="ahfb-svg-iconset ast-inline-flex svg-baseline">
              <svg class="ast-mobile-svg ast-close-svg" fill="currentColor" version="1.1" width="24" height="24" viewbox="0 0 24 24">
                <path d="M5.293 6.707l5.293 5.293-5.293 5.293c-0.391 0.391-0.391 1.024 0 1.414s1.024 0.391 1.414 0l5.293-5.293 5.293 5.293c0.391 0.391 1.024 0.391 1.414 0s0.391-1.024 0-1.414l-5.293-5.293 5.293-5.293c0.391-0.391 0.391-1.024 0-1.414s-1.024-0.391-1.414 0l-5.293 5.293-5.293-5.293c-0.391-0.391-1.024-0.391-1.414 0s-0.391 1.024 0 1.414z"/>
              </svg>
            </span>
          </button>
          <div class="astra-cart-drawer-title">
Shopping Cart </div>
        </div>
        <div class="astra-cart-drawer-content">
          <div class="widget woocommerce widget_shopping_cart">
            <div class="widget_shopping_cart_content"/>
          </div>
        </div>
      </div>
      <footer class="site-footer" id="colophon" itemtype="https://schema.org/WPFooter" itemscope="itemscope" itemid="#colophon">
        <div class="site-primary-footer-wrap ast-builder-grid-row-container site-footer-focus-item ast-builder-grid-row-4-equal ast-builder-grid-row-tablet-4-equal ast-builder-grid-row-mobile-full ast-footer-row-stack ast-footer-row-tablet-stack ast-footer-row-mobile-stack" data-section="section-primary-footer-builder">
          <div class="ast-builder-grid-row-container-inner">
            <div class="ast-builder-footer-grid-columns site-primary-footer-inner-wrap ast-builder-grid-row">
              <div class="site-footer-primary-section-1 site-footer-section site-footer-section-1">
                <aside class="footer-widget-area widget-area site-footer-focus-item" data-section="sidebar-widgets-footer-widget-1" aria-label="Footer Widget 1">
                  <div class="footer-widget-area-inner site-info-inner">
                    <section id="nav_menu-7" class="widget widget_nav_menu">
                      <h2 class="widget-title">Quick Links</h2>
                      <nav class="menu-quick-links-container" aria-label="Quick Links">
                        <ul class="menu" id="menu-quick-links">
                          <li class="menu-item menu-item-type-post_type menu-item-object-page menu-item-home menu-item-1254" id="menu-item-1254">
                            <a shape="rect" class="menu-link" href="https://askomdch.com/">Home</a>
                          </li>
                          <li class="menu-item menu-item-type-post_type menu-item-object-page menu-item-1255" id="menu-item-1255">
                            <a shape="rect" class="menu-link" href="https://askomdch.com/about/">About</a>
                          </li>
                          <li class="menu-item menu-item-type-post_type menu-item-object-page current-menu-item page_item page-item-1235 current_page_item menu-item-1256" id="menu-item-1256">
                            <a shape="rect" class="menu-link" href="https://askomdch.com/account/" aria-current="page">My Account</a>
                          </li>
                          <li class="menu-item menu-item-type-post_type menu-item-object-page menu-item-1257" id="menu-item-1257">
                            <a shape="rect" class="menu-link" href="https://askomdch.com/cart/">Cart</a>
                          </li>
                          <li class="menu-item menu-item-type-post_type menu-item-object-page menu-item-1258" id="menu-item-1258">
                            <a shape="rect" class="menu-link" href="https://askomdch.com/contact-us/">Contact Us</a>
                          </li>
                        </ul>
                      </nav>
                    </section>
                  </div>
                </aside>
              </div>
              <div class="site-footer-primary-section-2 site-footer-section site-footer-section-2">
                <aside class="footer-widget-area widget-area site-footer-focus-item" data-section="sidebar-widgets-footer-widget-2" aria-label="Footer Widget 2">
                  <div class="footer-widget-area-inner site-info-inner">
                    <section id="nav_menu-8" class="widget widget_nav_menu">
                      <h2 class="widget-title">For Her</h2>
                      <nav class="menu-for-her-container" aria-label="For Her">
                        <ul class="menu" id="menu-for-her">
                          <li class="menu-item menu-item-type-taxonomy menu-item-object-product_cat menu-item-1264" id="menu-item-1264">
                            <a shape="rect" class="menu-link" href="https://askomdch.com/product-category/women/">Women</a>
                          </li>
                          <li class="menu-item menu-item-type-taxonomy menu-item-object-product_cat menu-item-1266" id="menu-item-1266">
                            <a shape="rect" class="menu-link" href="https://askomdch.com/product-category/womens-jeans/">Women’s Jeans</a>
                          </li>
                          <li class="menu-item menu-item-type-taxonomy menu-item-object-product_cat menu-item-1265" id="menu-item-1265">
                            <a shape="rect" class="menu-link" href="https://askomdch.com/product-category/womens-shirts/">Women’s Shirts</a>
                          </li>
                          <li class="menu-item menu-item-type-taxonomy menu-item-object-product_cat menu-item-1267" id="menu-item-1267">
                            <a shape="rect" class="menu-link" href="https://askomdch.com/product-category/womens-shoes/">Women’s Shoes</a>
                          </li>
                          <li class="menu-item menu-item-type-taxonomy menu-item-object-product_cat menu-item-1268" id="menu-item-1268">
                            <a shape="rect" class="menu-link" href="https://askomdch.com/product-category/accessories/">Accessories</a>
                          </li>
                        </ul>
                      </nav>
                    </section>
                  </div>
                </aside>
              </div>
              <div class="site-footer-primary-section-3 site-footer-section site-footer-section-3">
                <aside class="footer-widget-area widget-area site-footer-focus-item" data-section="sidebar-widgets-footer-widget-3" aria-label="Footer Widget 3">
                  <div class="footer-widget-area-inner site-info-inner">
                    <section id="nav_menu-12" class="widget widget_nav_menu">
                      <h2 class="widget-title">For Him</h2>
                      <nav class="menu-for-him-container" aria-label="For Him">
                        <ul class="menu" id="menu-for-him">
                          <li class="menu-item menu-item-type-taxonomy menu-item-object-product_cat menu-item-1263" id="menu-item-1263">
                            <a shape="rect" class="menu-link" href="https://askomdch.com/product-category/men/">Men</a>
                          </li>
                          <li class="menu-item menu-item-type-taxonomy menu-item-object-product_cat menu-item-1259" id="menu-item-1259">
                            <a shape="rect" class="menu-link" href="https://askomdch.com/product-category/mens-jeans/">Men’s Jeans</a>
                          </li>
                          <li class="menu-item menu-item-type-taxonomy menu-item-object-product_cat menu-item-1260" id="menu-item-1260">
                            <a shape="rect" class="menu-link" href="https://askomdch.com/product-category/mens-shirts/">Men’s Shirts</a>
                          </li>
                          <li class="menu-item menu-item-type-taxonomy menu-item-object-product_cat menu-item-1261" id="menu-item-1261">
                            <a shape="rect" class="menu-link" href="https://askomdch.com/product-category/mens-shoes/">Men’s Shoes</a>
                          </li>
                          <li class="menu-item menu-item-type-taxonomy menu-item-object-product_cat menu-item-1262" id="menu-item-1262">
                            <a shape="rect" class="menu-link" href="https://askomdch.com/product-category/accessories/">Accessories</a>
                          </li>
                        </ul>
                      </nav>
                    </section>
                  </div>
                </aside>
              </div>
              <div class="site-footer-primary-section-4 site-footer-section site-footer-section-4">
                <aside class="footer-widget-area widget-area site-footer-focus-item" data-section="sidebar-widgets-footer-widget-4" aria-label="Footer Widget 4">
                  <div class="footer-widget-area-inner site-info-inner">
                    <section id="text-2" class="widget widget_text">
                      <h2 class="widget-title">AOD on Mobile</h2>
                      <div class="textwidget">
                        <p>
                          <a shape="rect" href="https://www.apple.com/in/app-store/" target="_blank" rel="noopener">
                            <img class="alignnone wp-image-1475 size-full" src="https://askomdch.com/wp-content/uploads/2021/06/image-60-compressed.jpg" alt="" width="300" height="90"/>
                          </a>
                          <a shape="rect" href="https://play.google.com/store" target="_blank" rel="noopener">
                            <img class="alignnone wp-image-1473 size-full" src="https://askomdch.com/wp-content/uploads/2021/06/image-41-compressed.jpg" alt="" width="300" height="90"/>
                          </a>
                        </p>
                      </div>
                    </section>
                  </div>
                </aside>
              </div>
            </div>
          </div>
        </div>
        <div class="site-below-footer-wrap ast-builder-grid-row-container site-footer-focus-item ast-builder-grid-row-2-equal ast-builder-grid-row-tablet-2-equal ast-builder-grid-row-mobile-full ast-footer-row-stack ast-footer-row-tablet-stack ast-footer-row-mobile-stack" data-section="section-below-footer-builder">
          <div class="ast-builder-grid-row-container-inner">
            <div class="ast-builder-footer-grid-columns site-below-footer-inner-wrap ast-builder-grid-row">
              <div class="site-footer-below-section-1 site-footer-section site-footer-section-1">
                <div class="ast-builder-layout-element ast-flex site-footer-focus-item ast-footer-copyright" data-section="section-footer-builder">
                  <div class="ast-footer-copyright">
                    <p>Copyright © 2022 AskOmDch</p>
                  </div>
                </div>
              </div>
              <div class="site-footer-below-section-2 site-footer-section site-footer-section-2">
                <div class="footer-widget-area widget-area site-footer-focus-item ast-footer-html-1" data-section="section-fb-html-1">
                  <div class="ast-header-html inner-link-style-">
                    <div class="ast-builder-html-element">
                      <p>Powered by AskOmDch</p>
                    </div>
                  </div>
                </div>
              </div>
            </div>
          </div>
        </div>
      </footer>
    </div>
    <script type="text/javascript">
		(function () {
			var c = document.body.className;
			c = c.replace(/woocommerce-no-js/, 'woocommerce-js');
			document.body.className = c;
		})();
	</script>
    <script id="astra-theme-js-js-extra">
var astra = {"break_point":"921","isRtl":""};
</script>
    <script id="astra-theme-js-js" src="https://askomdch.com/wp-content/themes/astra/assets/js/minified/frontend.min.js?ver=3.7.5"/>
    <script id="astra-mobile-cart-js" src="https://askomdch.com/wp-content/themes/astra/assets/js/minified/mobile-cart.min.js?ver=3.7.5"/>
    <script id="js-cookie-js" src="https://askomdch.com/wp-content/plugins/woocommerce/assets/js/js-cookie/js.cookie.min.js?ver=2.1.4-wc.5.8.0"/>
    <script id="wc-cart-fragments-js-extra">
var wc_cart_fragments_params = {"ajax_url":"\/wp-admin\/admin-ajax.php","wc_ajax_url":"\/?wc-ajax=%%endpoint%%","cart_hash_key":"wc_cart_hash_ce7302d8a5b087b54dd768c76987f650","fragment_name":"wc_fragments_ce7302d8a5b087b54dd768c76987f650","request_timeout":"5000"};
</script>
    <script id="wc-cart-fragments-js" src="https://askomdch.com/wp-content/plugins/woocommerce/assets/js/frontend/cart-fragments.min.js?ver=5.8.0"/>
    <script id="rocket-browser-checker-js-after">
"use strict";var _createClass=function(){function defineProperties(target,props){for(var i=0;i&lt;props.length;i++){var descriptor=props[i];descriptor.enumerable=descriptor.enumerable||!1,descriptor.configurable=!0,"value"in descriptor&amp;&amp;(descriptor.writable=!0),Object.defineProperty(target,descriptor.key,descriptor)}}return function(Constructor,protoProps,staticProps){return protoProps&amp;&amp;defineProperties(Constructor.prototype,protoProps),staticProps&amp;&amp;defineProperties(Constructor,staticProps),Constructor}}();function _classCallCheck(instance,Constructor){if(!(instance instanceof Constructor))throw new TypeError("Cannot call a class as a function")}var RocketBrowserCompatibilityChecker=function(){function RocketBrowserCompatibilityChecker(options){_classCallCheck(this,RocketBrowserCompatibilityChecker),this.passiveSupported=!1,this._checkPassiveOption(this),this.options=!!this.passiveSupported&amp;&amp;options}return _createClass(RocketBrowserCompatibilityChecker,[{key:"_checkPassiveOption",value:function(self){try{var options={get passive(){return!(self.passiveSupported=!0)}};window.addEventListener("test",null,options),window.removeEventListener("test",null,options)}catch(err){self.passiveSupported=!1}}},{key:"initRequestIdleCallback",value:function(){!1 in window&amp;&amp;(window.requestIdleCallback=function(cb){var start=Date.now();return setTimeout(function(){cb({didTimeout:!1,timeRemaining:function(){return Math.max(0,50-(Date.now()-start))}})},1)}),!1 in window&amp;&amp;(window.cancelIdleCallback=function(id){return clearTimeout(id)})}},{key:"isDataSaverModeOn",value:function(){return"connection"in navigator&amp;&amp;!0===navigator.connection.saveData}},{key:"supportsLinkPrefetch",value:function(){var elem=document.createElement("link");return elem.relList&amp;&amp;elem.relList.supports&amp;&amp;elem.relList.supports("prefetch")&amp;&amp;window.IntersectionObserver&amp;&amp;"isIntersecting"in IntersectionObserverEntry.prototype}},{key:"isSlowConnection",value:function(){return"connection"in navigator&amp;&amp;"effectiveType"in navigator.connection&amp;&amp;("2g"===navigator.connection.effectiveType||"slow-2g"===navigator.connection.effectiveType)}}]),RocketBrowserCompatibilityChecker}();
</script>
    <script id="rocket-preload-links-js-extra">
var RocketPreloadLinksConfig = {"excludeUris":"\/(.+\/)?feed\/?.+\/?|\/(?:.+\/)?embed\/|\/checkout\/|\/cart\/|\/account\/|\/wc-api\/v(.*)|\/(index\\.php\/)?wp\\-json(\/.*|$)|\/wp-admin\/|\/logout\/|\/wp-login.php","usesTrailingSlash":"1","imageExt":"jpg|jpeg|gif|png|tiff|bmp|webp|avif","fileExt":"jpg|jpeg|gif|png|tiff|bmp|webp|avif|php|pdf|html|htm","siteUrl":"https:\/\/askomdch.com","onHoverDelay":"100","rateThrottle":"3"};
</script>
    <script id="rocket-preload-links-js-after">
(function() {
"use strict";var r="function"==typeof Symbol&amp;&amp;"symbol"==typeof Symbol.iterator?function(e){return typeof e}:function(e){return e&amp;&amp;"function"==typeof Symbol&amp;&amp;e.constructor===Symbol&amp;&amp;e!==Symbol.prototype?"symbol":typeof e},e=function(){function i(e,t){for(var n=0;n&lt;t.length;n++){var i=t[n];i.enumerable=i.enumerable||!1,i.configurable=!0,"value"in i&amp;&amp;(i.writable=!0),Object.defineProperty(e,i.key,i)}}return function(e,t,n){return t&amp;&amp;i(e.prototype,t),n&amp;&amp;i(e,n),e}}();function i(e,t){if(!(e instanceof t))throw new TypeError("Cannot call a class as a function")}var t=function(){function n(e,t){i(this,n),this.browser=e,this.config=t,this.options=this.browser.options,this.prefetched=new Set,this.eventTime=null,this.threshold=1111,this.numOnHover=0}return e(n,[{key:"init",value:function(){!this.browser.supportsLinkPrefetch()||this.browser.isDataSaverModeOn()||this.browser.isSlowConnection()||(this.regex={excludeUris:RegExp(this.config.excludeUris,"i"),images:RegExp(".("+this.config.imageExt+")$","i"),fileExt:RegExp(".("+this.config.fileExt+")$","i")},this._initListeners(this))}},{key:"_initListeners",value:function(e){-1&lt;this.config.onHoverDelay&amp;&amp;document.addEventListener("mouseover",e.listener.bind(e),e.listenerOptions),document.addEventListener("mousedown",e.listener.bind(e),e.listenerOptions),document.addEventListener("touchstart",e.listener.bind(e),e.listenerOptions)}},{key:"listener",value:function(e){var t=e.target.closest("a"),n=this._prepareUrl(t);if(null!==n)switch(e.type){case"mousedown":case"touchstart":this._addPrefetchLink(n);break;case"mouseover":this._earlyPrefetch(t,n,"mouseout")}}},{key:"_earlyPrefetch",value:function(t,e,n){var i=this,r=setTimeout(function(){if(r=null,0===i.numOnHover)setTimeout(function(){return i.numOnHover=0},1e3);else if(i.numOnHover&gt;i.config.rateThrottle)return;i.numOnHover++,i._addPrefetchLink(e)},this.config.onHoverDelay);t.addEventListener(n,function e(){t.removeEventListener(n,e,{passive:!0}),null!==r&amp;&amp;(clearTimeout(r),r=null)},{passive:!0})}},{key:"_addPrefetchLink",value:function(i){return this.prefetched.add(i.href),new Promise(function(e,t){var n=document.createElement("link");n.rel="prefetch",n.href=i.href,n.onload=e,n.onerror=t,document.head.appendChild(n)}).catch(function(){})}},{key:"_prepareUrl",value:function(e){if(null===e||"object"!==(void 0===e?"undefined":r(e))||!1 in e||-1===["http:","https:"].indexOf(e.protocol))return null;var t=e.href.substring(0,this.config.siteUrl.length),n=this._getPathname(e.href,t),i={original:e.href,protocol:e.protocol,origin:t,pathname:n,href:t+n};return this._isLinkOk(i)?i:null}},{key:"_getPathname",value:function(e,t){var n=t?e.substring(this.config.siteUrl.length):e;return n.startsWith("/")||(n="/"+n),this._shouldAddTrailingSlash(n)?n+"/":n}},{key:"_shouldAddTrailingSlash",value:function(e){return this.config.usesTrailingSlash&amp;&amp;!e.endsWith("/")&amp;&amp;!this.regex.fileExt.test(e)}},{key:"_isLinkOk",value:function(e){return null!==e&amp;&amp;"object"===(void 0===e?"undefined":r(e))&amp;&amp;(!this.prefetched.has(e.href)&amp;&amp;e.origin===this.config.siteUrl&amp;&amp;-1===e.href.indexOf("?")&amp;&amp;-1===e.href.indexOf("#")&amp;&amp;!this.regex.excludeUris.test(e.href)&amp;&amp;!this.regex.images.test(e.href))}}],[{key:"run",value:function(){"undefined"!=typeof RocketPreloadLinksConfig&amp;&amp;new n(new RocketBrowserCompatibilityChecker({capture:!0,passive:!0}),RocketPreloadLinksConfig).init()}}]),n}();t.run();
}());
</script>
    <script>
			/(trident|msie)/i.test(navigator.userAgent)&amp;&amp;document.getElementById&amp;&amp;window.addEventListener&amp;&amp;window.addEventListener("hashchange",function(){var t,e=location.hash.substring(1);/^[A-z0-9_-]+$/.test(e)&amp;&amp;(t=document.getElementById(e))&amp;&amp;(/^(?:a|select|input|button|textarea)$/i.test(t.tagName)||(t.tabIndex=-1),t.focus())},!1);
			</script>
  </body>
</html>
Overlays size: 2
Overlays are invisible: 2
<html lang="en-US">
  <head>
    <meta charset="UTF-8"/>
    <meta name="viewport" content="width=device-width, initial-scale=1"/>
    <link rel="profile" href="https://gmpg.org/xfn/11"/>
    <title>Account – AskOmDch</title>
    <meta name="robots" content="max-image-preview:large, noindex, follow"/>
    <link id="astra-theme-css-css" rel="stylesheet" href="https://askomdch.com/wp-content/themes/astra/assets/css/minified/frontend.min.css?ver=3.7.5" media="all"/>
    <style id="astra-theme-css-inline-css">
html{font-size:93.75%;}a,.page-title{color:#4e4e4e;}a:hover,a:focus{color:#0084d6;}body,button,input,select,textarea,.ast-button,.ast-custom-button{font-family:'Lato',sans-serif;font-weight:400;font-size:15px;font-size:1rem;}blockquote{color:#000000;}h1,.entry-content h1,.entry-content h1 a,h2,.entry-content h2,.entry-content h2 a,h3,.entry-content h3,.entry-content h3 a,h4,.entry-content h4,.entry-content h4 a,h5,.entry-content h5,.entry-content h5 a,h6,.entry-content h6,.entry-content h6 a,.site-title,.site-title a{font-family:'Lato',sans-serif;font-weight:700;}.site-title{font-size:35px;font-size:2.3333333333333rem;display:block;}header .custom-logo-link img{max-width:140px;}.astra-logo-svg{width:140px;}.ast-archive-description .ast-archive-title{font-size:40px;font-size:2.6666666666667rem;}.site-header .site-description{font-size:15px;font-size:1rem;display:none;}.entry-title{font-size:30px;font-size:2rem;}h1,.entry-content h1,.entry-content h1 a{font-size:58px;font-size:3.8666666666667rem;font-family:'Lato',sans-serif;}h2,.entry-content h2,.entry-content h2 a{font-size:42px;font-size:2.8rem;font-family:'Lato',sans-serif;}h3,.entry-content h3,.entry-content h3 a{font-size:30px;font-size:2rem;font-family:'Lato',sans-serif;}h4,.entry-content h4,.entry-content h4 a{font-size:20px;font-size:1.3333333333333rem;font-family:'Lato',sans-serif;}h5,.entry-content h5,.entry-content h5 a{font-size:18px;font-size:1.2rem;font-family:'Lato',sans-serif;}h6,.entry-content h6,.entry-content h6 a{font-size:15px;font-size:1rem;font-family:'Lato',sans-serif;}.ast-single-post .entry-title,.page-title{font-size:30px;font-size:2rem;}::selection{background-color:#54595f;color:#ffffff;}body,h1,.entry-title a,.entry-content h1,.entry-content h1 a,h2,.entry-content h2,.entry-content h2 a,h3,.entry-content h3,.entry-content h3 a,h4,.entry-content h4,.entry-content h4 a,h5,.entry-content h5,.entry-content h5 a,h6,.entry-content h6,.entry-content h6 a{color:#333333;}.tagcloud a:hover,.tagcloud a:focus,.tagcloud a.current-item{color:#ffffff;border-color:#4e4e4e;background-color:#4e4e4e;}input:focus,input[type="text"]:focus,input[type="email"]:focus,input[type="url"]:focus,input[type="password"]:focus,input[type="reset"]:focus,input[type="search"]:focus,textarea:focus{border-color:#4e4e4e;}input[type="radio"]:checked,input[type=reset],input[type="checkbox"]:checked,input[type="checkbox"]:hover:checked,input[type="checkbox"]:focus:checked,input[type=range]::-webkit-slider-thumb{border-color:#4e4e4e;background-color:#4e4e4e;box-shadow:none;}.site-footer a:hover + .post-count,.site-footer a:focus + .post-count{background:#4e4e4e;border-color:#4e4e4e;}.single .nav-links .nav-previous,.single .nav-links .nav-next{color:#4e4e4e;}.entry-meta,.entry-meta *{line-height:1.45;color:#4e4e4e;}.entry-meta a:hover,.entry-meta a:hover *,.entry-meta a:focus,.entry-meta a:focus *,.page-links &gt; .page-link,.page-links .page-link:hover,.post-navigation a:hover{color:#0084d6;}#cat option,.secondary .calendar_wrap thead a,.secondary .calendar_wrap thead a:visited{color:#4e4e4e;}.secondary .calendar_wrap #today,.ast-progress-val span{background:#4e4e4e;}.secondary a:hover + .post-count,.secondary a:focus + .post-count{background:#4e4e4e;border-color:#4e4e4e;}.calendar_wrap #today &gt; a{color:#ffffff;}.page-links .page-link,.single .post-navigation a{color:#4e4e4e;}.widget-title{font-size:21px;font-size:1.4rem;color:#333333;}@media (max-width:921px){#ast-desktop-header{display:none;}}@media (min-width:921px){#ast-mobile-header{display:none;}}.ast-site-header-cart .cart-container,.ast-edd-site-header-cart .ast-edd-cart-container {transition: all 0.2s linear;}.ast-site-header-cart .ast-woo-header-cart-info-wrap,.ast-edd-site-header-cart .ast-edd-header-cart-info-wrap {padding: 0 2px;font-weight: 600;line-height: 2.7;display: inline-block;}.ast-site-header-cart i.astra-icon {font-size: 20px;font-size: 1.3em;font-style: normal;font-weight: normal;position: relative;padding: 0 2px;}.ast-site-header-cart i.astra-icon.no-cart-total:after,.ast-header-break-point.ast-header-custom-item-outside .ast-edd-header-cart-info-wrap,.ast-header-break-point.ast-header-custom-item-outside .ast-woo-header-cart-info-wrap {display: none;}.ast-site-header-cart.ast-menu-cart-fill i.astra-icon,.ast-edd-site-header-cart.ast-edd-menu-cart-fill span.astra-icon {font-size: 1.1em;}.astra-cart-drawer {position: fixed;display: block;visibility: hidden;overflow: auto;-webkit-overflow-scrolling: touch;z-index: 9999;background-color: #fff;transition: all 0.5s ease;transform: translate3d(0,0,0);}.astra-cart-drawer.open-right {width: 80%;height: 100%;left: 100%;top: 0px;transform: translate3d(0%,0,0);}.astra-cart-drawer.active {transform: translate3d(-100%,0,0);visibility: visible;}.astra-cart-drawer .astra-cart-drawer-header {text-align: center;text-transform: uppercase;font-weight: 400;border-bottom: 1px solid #f0f0f0;padding: 0 0 0.675rem;}.astra-cart-drawer .astra-cart-drawer-close .ast-close-svg {width: 22px;height: 22px; }.astra-cart-drawer .astra-cart-drawer-title {padding-top: 5px;}.astra-cart-drawer .astra-cart-drawer-content .woocommerce-mini-cart {padding: 1em 1.5em;}.astra-cart-drawer .astra-cart-drawer-content .woocommerce-mini-cart a.remove {width: 20px;height: 20px;line-height: 16px;}.astra-cart-drawer .astra-cart-drawer-content .woocommerce-mini-cart__total {padding: 1em 1.5em;margin: 0;text-align: center;}.astra-cart-drawer .astra-cart-drawer-content .woocommerce-mini-cart__buttons {padding: 10px;text-align: center;} .astra-cart-drawer .astra-cart-drawer-content .woocommerce-mini-cart__buttons .button.checkout {margin-right: 0;}.astra-cart-drawer .astra-cart-drawer-content .edd-cart-item {padding: .5em 2.6em .5em 1.5em;}.astra-cart-drawer .astra-cart-drawer-content .edd-cart-item .edd-remove-from-cart::after {width: 20px;height: 20px;line-height: 16px;}.astra-cart-drawer .astra-cart-drawer-content .edd-cart-number-of-items {padding: 1em 1.5em 1em 1.5em;margin-bottom: 0;text-align: center;}.astra-cart-drawer .astra-cart-drawer-content .edd_total {padding: .5em 1.5em;margin: 0;text-align: center;}.astra-cart-drawer .astra-cart-drawer-content .cart_item.edd_checkout {padding: 1em 1.5em 0;text-align: center;margin-top: 0;}.astra-cart-drawer .woocommerce-mini-cart__empty-message,.astra-cart-drawer .cart_item.empty {text-align: center;margin-top: 10px;}body.admin-bar .astra-cart-drawer {padding-top: 32px;}body.admin-bar .astra-cart-drawer .astra-cart-drawer-close {top: 32px;}@media (max-width: 782px) {body.admin-bar .astra-cart-drawer {padding-top: 46px;}body.admin-bar .astra-cart-drawer .astra-cart-drawer-close {top: 46px;}}.ast-mobile-cart-active body.ast-hfb-header {overflow: hidden;}.ast-mobile-cart-active .astra-mobile-cart-overlay {opacity: 1;cursor: pointer;visibility: visible;z-index: 999;}@media (max-width: 545px) {.astra-cart-drawer.active {width: 100%;}}.ast-site-header-cart i.astra-icon:after {content: attr(data-cart-total);position: absolute;font-style: normal;top: -10px;right: -12px;font-weight: bold;box-shadow: 1px 1px 3px 0px rgba(0,0,0,0.3);font-size: 11px;padding-left: 0px;padding-right: 2px;line-height: 17px;letter-spacing: -.5px;height: 18px;min-width: 18px;border-radius: 99px;text-align: center;z-index: 3;}li.woocommerce-custom-menu-item .ast-site-header-cart i.astra-icon:after,li.edd-custom-menu-item .ast-edd-site-header-cart span.astra-icon:after {padding-left: 2px;}.astra-cart-drawer .astra-cart-drawer-close {position: absolute;top: 0;right: 0;margin: 0;padding: .6em 1em .4em;color: #ababab;background-color: transparent;}.astra-mobile-cart-overlay {background-color: rgba(0,0,0,0.4);position: fixed;top: 0;right: 0;bottom: 0;left: 0;visibility: hidden;opacity: 0;transition: opacity 0.2s ease-in-out;}.astra-cart-drawer .astra-cart-drawer-content .edd-cart-item .edd-remove-from-cart {right: 1.2em;}.ast-header-break-point.ast-woocommerce-cart-menu.ast-hfb-header .ast-cart-menu-wrap,.ast-header-break-point.ast-hfb-header .ast-cart-menu-wrap,.ast-header-break-point .ast-edd-site-header-cart-wrap .ast-edd-cart-menu-wrap {width: 2em;height: 2em;font-size: 1.4em;line-height: 2;vertical-align: middle;text-align: right;}.ast-site-header-cart.ast-menu-cart-outline .ast-cart-menu-wrap,.ast-site-header-cart.ast-menu-cart-fill .ast-cart-menu-wrap,.ast-edd-site-header-cart.ast-edd-menu-cart-outline .ast-edd-cart-menu-wrap,.ast-edd-site-header-cart.ast-edd-menu-cart-fill .ast-edd-cart-menu-wrap {line-height: 1.8;}.ast-site-header-cart .cart-container *,.ast-edd-site-header-cart .ast-edd-cart-container * {transition: all 0s linear;}.wp-block-buttons.aligncenter{justify-content:center;}@media (min-width:1200px){.wp-block-group .has-background{padding:20px;}}@media (min-width:1200px){.ast-no-sidebar.ast-separate-container .entry-content .wp-block-group.alignwide,.ast-no-sidebar.ast-separate-container .entry-content .wp-block-cover.alignwide{margin-left:-20px;margin-right:-20px;padding-left:20px;padding-right:20px;}.ast-no-sidebar.ast-separate-container .entry-content .wp-block-cover.alignfull,.ast-no-sidebar.ast-separate-container .entry-content .wp-block-group.alignfull{margin-left:-6.67em;margin-right:-6.67em;padding-left:6.67em;padding-right:6.67em;}}@media (min-width:1200px){.wp-block-cover-image.alignwide .wp-block-cover__inner-container,.wp-block-cover.alignwide .wp-block-cover__inner-container,.wp-block-cover-image.alignfull .wp-block-cover__inner-container,.wp-block-cover.alignfull .wp-block-cover__inner-container{width:100%;}}.ast-plain-container.ast-no-sidebar #primary{margin-top:0;margin-bottom:0;}@media (max-width:921px){.ast-theme-transparent-header #primary,.ast-theme-transparent-header #secondary{padding:0;}}.wp-block-columns{margin-bottom:unset;}.wp-block-image.size-full{margin:2rem 0;}.wp-block-separator.has-background{padding:0;}.wp-block-gallery{margin-bottom:1.6em;}.wp-block-group{padding-top:4em;padding-bottom:4em;}.wp-block-group__inner-container .wp-block-columns:last-child,.wp-block-group__inner-container :last-child,.wp-block-table table{margin-bottom:0;}.blocks-gallery-grid{width:100%;}.wp-block-navigation-link__content{padding:5px 0;}.wp-block-group .wp-block-group .has-text-align-center,.wp-block-group .wp-block-column .has-text-align-center{max-width:100%;}.has-text-align-center{margin:0 auto;}@media (min-width:1200px){.wp-block-cover__inner-container,.alignwide .wp-block-group__inner-container,.alignfull .wp-block-group__inner-container{max-width:1200px;margin:0 auto;}.wp-block-group.alignnone,.wp-block-group.aligncenter,.wp-block-group.alignleft,.wp-block-group.alignright,.wp-block-group.alignwide,.wp-block-columns.alignwide{margin:2rem 0 1rem 0;}}@media (max-width:1200px){.wp-block-group{padding:3em;}.wp-block-group .wp-block-group{padding:1.5em;}.wp-block-columns,.wp-block-column{margin:1rem 0;}}@media (min-width:921px){.wp-block-columns .wp-block-group{padding:2em;}}@media (max-width:544px){.wp-block-cover-image .wp-block-cover__inner-container,.wp-block-cover .wp-block-cover__inner-container{width:unset;}.wp-block-cover,.wp-block-cover-image{padding:2em 0;}.wp-block-group,.wp-block-cover{padding:2em;}.wp-block-media-text__media img,.wp-block-media-text__media video{width:unset;max-width:100%;}.wp-block-media-text.has-background .wp-block-media-text__content{padding:1em;}}@media (max-width:921px){.ast-plain-container.ast-no-sidebar #primary{padding:0;}}@media (min-width:544px){.entry-content .wp-block-media-text.has-media-on-the-right .wp-block-media-text__content{padding:0 8% 0 0;}.entry-content .wp-block-media-text .wp-block-media-text__content{padding:0 0 0 8%;}.ast-plain-container .site-content .entry-content .has-custom-content-position.is-position-bottom-left &gt; *,.ast-plain-container .site-content .entry-content .has-custom-content-position.is-position-bottom-right &gt; *,.ast-plain-container .site-content .entry-content .has-custom-content-position.is-position-top-left &gt; *,.ast-plain-container .site-content .entry-content .has-custom-content-position.is-position-top-right &gt; *,.ast-plain-container .site-content .entry-content .has-custom-content-position.is-position-center-right &gt; *,.ast-plain-container .site-content .entry-content .has-custom-content-position.is-position-center-left &gt; *{margin:0;}}@media (max-width:544px){.entry-content .wp-block-media-text .wp-block-media-text__content{padding:8% 0;}.wp-block-media-text .wp-block-media-text__media img{width:auto;max-width:100%;}}@media (max-width:921px){.ast-separate-container .ast-article-post,.ast-separate-container .ast-article-single{padding:1.5em 2.14em;}.ast-separate-container #primary,.ast-separate-container #secondary{padding:1.5em 0;}#primary,#secondary{padding:1.5em 0;margin:0;}.ast-left-sidebar #content &gt; .ast-container{display:flex;flex-direction:column-reverse;width:100%;}.ast-author-box img.avatar{margin:20px 0 0 0;}}@media (min-width:922px){.ast-separate-container.ast-right-sidebar #primary,.ast-separate-container.ast-left-sidebar #primary{border:0;}.search-no-results.ast-separate-container #primary{margin-bottom:4em;}}.elementor-button-wrapper .elementor-button{border-style:solid;text-decoration:none;border-top-width:0;border-right-width:0;border-left-width:0;border-bottom-width:0;}body .elementor-button.elementor-size-sm,body .elementor-button.elementor-size-xs,body .elementor-button.elementor-size-md,body .elementor-button.elementor-size-lg,body .elementor-button.elementor-size-xl,body .elementor-button{border-radius:0;padding-top:17px;padding-right:30px;padding-bottom:17px;padding-left:30px;}.elementor-button-wrapper .elementor-button{border-color:#3197d6;background-color:#3197d6;}.elementor-button-wrapper .elementor-button:hover,.elementor-button-wrapper .elementor-button:focus{color:#ffffff;background-color:#0084d6;border-color:#0084d6;}.wp-block-button .wp-block-button__link ,.elementor-button-wrapper .elementor-button,.elementor-button-wrapper .elementor-button:visited{color:#ffffff;}.elementor-button-wrapper .elementor-button{font-family:inherit;font-weight:inherit;line-height:1;text-transform:uppercase;letter-spacing:1px;}body .elementor-button.elementor-size-sm,body .elementor-button.elementor-size-xs,body .elementor-button.elementor-size-md,body .elementor-button.elementor-size-lg,body .elementor-button.elementor-size-xl,body .elementor-button{font-size:15px;font-size:1rem;}.wp-block-button .wp-block-button__link:hover,.wp-block-button .wp-block-button__link:focus{color:#ffffff;background-color:#0084d6;border-color:#0084d6;}.wp-block-button .wp-block-button__link{border-style:solid;border-top-width:0;border-right-width:0;border-left-width:0;border-bottom-width:0;border-color:#3197d6;background-color:#3197d6;color:#ffffff;font-family:inherit;font-weight:inherit;line-height:1;text-transform:uppercase;letter-spacing:1px;font-size:15px;font-size:1rem;border-radius:0;}.wp-block-buttons .wp-block-button .wp-block-button__link{padding-top:17px;padding-right:30px;padding-bottom:17px;padding-left:30px;}.menu-toggle,button,.ast-button,.ast-custom-button,.button,input#submit,input[type="button"],input[type="submit"],input[type="reset"]{border-style:solid;border-top-width:0;border-right-width:0;border-left-width:0;border-bottom-width:0;color:#ffffff;border-color:#3197d6;background-color:#3197d6;border-radius:0;padding-top:17px;padding-right:30px;padding-bottom:17px;padding-left:30px;font-family:inherit;font-weight:inherit;font-size:15px;font-size:1rem;line-height:1;text-transform:uppercase;letter-spacing:1px;}button:focus,.menu-toggle:hover,button:hover,.ast-button:hover,.ast-custom-button:hover .button:hover,.ast-custom-button:hover ,input[type=reset]:hover,input[type=reset]:focus,input#submit:hover,input#submit:focus,input[type="button"]:hover,input[type="button"]:focus,input[type="submit"]:hover,input[type="submit"]:focus{color:#ffffff;background-color:#0084d6;border-color:#0084d6;}@media (min-width:544px){.ast-container{max-width:100%;}}@media (max-width:544px){.ast-separate-container .ast-article-post,.ast-separate-container .ast-article-single,.ast-separate-container .comments-title,.ast-separate-container .ast-archive-description{padding:1.5em 1em;}.ast-separate-container #content .ast-container{padding-left:0.54em;padding-right:0.54em;}.ast-separate-container .ast-comment-list li.depth-1{padding:1.5em 1em;margin-bottom:1.5em;}.ast-separate-container .ast-comment-list .bypostauthor{padding:.5em;}.ast-search-menu-icon.ast-dropdown-active .search-field{width:170px;}}@media (max-width:921px){.ast-mobile-header-stack .main-header-bar .ast-search-menu-icon{display:inline-block;}.ast-header-break-point.ast-header-custom-item-outside .ast-mobile-header-stack .main-header-bar .ast-search-icon{margin:0;}.ast-comment-avatar-wrap img{max-width:2.5em;}.ast-separate-container .ast-comment-list li.depth-1{padding:1.5em 2.14em;}.ast-separate-container .comment-respond{padding:2em 2.14em;}.ast-comment-meta{padding:0 1.8888em 1.3333em;}}body,.ast-separate-container{background-color:#f9f9f9;;}.ast-no-sidebar.ast-separate-container .entry-content .alignfull {margin-left: -6.67em;margin-right: -6.67em;width: auto;}@media (max-width: 1200px) {.ast-no-sidebar.ast-separate-container .entry-content .alignfull {margin-left: -2.4em;margin-right: -2.4em;}}@media (max-width: 768px) {.ast-no-sidebar.ast-separate-container .entry-content .alignfull {margin-left: -2.14em;margin-right: -2.14em;}}@media (max-width: 544px) {.ast-no-sidebar.ast-separate-container .entry-content .alignfull {margin-left: -1em;margin-right: -1em;}}.ast-no-sidebar.ast-separate-container .entry-content .alignwide {margin-left: -20px;margin-right: -20px;}.ast-no-sidebar.ast-separate-container .entry-content .wp-block-column .alignfull,.ast-no-sidebar.ast-separate-container .entry-content .wp-block-column .alignwide {margin-left: auto;margin-right: auto;width: 100%;}@media (max-width:921px){.site-title{display:block;}.ast-archive-description .ast-archive-title{font-size:40px;}.site-header .site-description{display:none;}.entry-title{font-size:30px;}h1,.entry-content h1,.entry-content h1 a{font-size:30px;}h2,.entry-content h2,.entry-content h2 a{font-size:25px;}h3,.entry-content h3,.entry-content h3 a{font-size:20px;}.ast-single-post .entry-title,.page-title{font-size:30px;}.astra-logo-svg{width:120px;}header .custom-logo-link img,.ast-header-break-point .site-logo-img .custom-mobile-logo-link img{max-width:120px;}}@media (max-width:544px){.site-title{display:block;}.ast-archive-description .ast-archive-title{font-size:40px;}.site-header .site-description{display:none;}.entry-title{font-size:30px;}h1,.entry-content h1,.entry-content h1 a{font-size:30px;}h2,.entry-content h2,.entry-content h2 a{font-size:25px;}h3,.entry-content h3,.entry-content h3 a{font-size:20px;}.ast-single-post .entry-title,.page-title{font-size:30px;}header .custom-logo-link img,.ast-header-break-point .site-branding img,.ast-header-break-point .custom-logo-link img{max-width:120px;}.astra-logo-svg{width:120px;}.ast-header-break-point .site-logo-img .custom-mobile-logo-link img{max-width:120px;}}@media (max-width:921px){html{font-size:85.5%;}}@media (max-width:544px){html{font-size:85.5%;}}@media (min-width:922px){.ast-container{max-width:1240px;}}@font-face {font-family: "Astra";src: url(https://askomdch.com/wp-content/themes/astra/assets/fonts/astra.woff) format("woff"),url(https://askomdch.com/wp-content/themes/astra/assets/fonts/astra.ttf) format("truetype"),url(https://askomdch.com/wp-content/themes/astra/assets/fonts/astra.svg#astra) format("svg");font-weight: normal;font-style: normal;font-display: fallback;}@media (min-width:922px){.main-header-menu .sub-menu .menu-item.ast-left-align-sub-menu:hover &gt; .sub-menu,.main-header-menu .sub-menu .menu-item.ast-left-align-sub-menu.focus &gt; .sub-menu{margin-left:-2px;}}.ast-theme-transparent-header [data-section="section-header-mobile-trigger"] .ast-button-wrap .ast-mobile-menu-trigger-minimal{background:transparent;}.footer-widget-area[data-section^="section-fb-html-"] .ast-builder-html-element{text-align:center;}.astra-icon-down_arrow::after {content: "\e900";font-family: Astra;}.astra-icon-close::after {content: "\e5cd";font-family: Astra;}.astra-icon-drag_handle::after {content: "\e25d";font-family: Astra;}.astra-icon-format_align_justify::after {content: "\e235";font-family: Astra;}.astra-icon-menu::after {content: "\e5d2";font-family: Astra;}.astra-icon-reorder::after {content: "\e8fe";font-family: Astra;}.astra-icon-search::after {content: "\e8b6";font-family: Astra;}.astra-icon-zoom_in::after {content: "\e56b";font-family: Astra;}.astra-icon-check-circle::after {content: "\e901";font-family: Astra;}.astra-icon-shopping-cart::after {content: "\f07a";font-family: Astra;}.astra-icon-shopping-bag::after {content: "\f290";font-family: Astra;}.astra-icon-shopping-basket::after {content: "\f291";font-family: Astra;}.astra-icon-circle-o::after {content: "\e903";font-family: Astra;}.astra-icon-certificate::after {content: "\e902";font-family: Astra;}blockquote {padding: 1.2em;}.ast-header-break-point .ast-mobile-header-wrap .ast-above-header-wrap .main-header-bar-navigation .inline-on-mobile .menu-item .menu-link,.ast-header-break-point .ast-mobile-header-wrap .ast-main-header-wrap .main-header-bar-navigation .inline-on-mobile .menu-item .menu-link,.ast-header-break-point .ast-mobile-header-wrap .ast-below-header-wrap .main-header-bar-navigation .inline-on-mobile .menu-item .menu-link {border: none;}.ast-header-break-point .ast-mobile-header-wrap .ast-above-header-wrap .main-header-bar-navigation .inline-on-mobile .menu-item-has-children &gt; .ast-menu-toggle::before,.ast-header-break-point .ast-mobile-header-wrap .ast-main-header-wrap .main-header-bar-navigation .inline-on-mobile .menu-item-has-children &gt; .ast-menu-toggle::before,.ast-header-break-point .ast-mobile-header-wrap .ast-below-header-wrap .main-header-bar-navigation .inline-on-mobile .menu-item-has-children &gt; .ast-menu-toggle::before {font-size: .6rem;}.ast-header-break-point .ast-mobile-header-wrap .ast-flex.inline-on-mobile {flex-wrap: unset;}.ast-header-break-point .ast-mobile-header-wrap .ast-flex.inline-on-mobile .menu-item.ast-submenu-expanded &gt; .sub-menu .menu-link {padding: .1em 1em;}.ast-header-break-point .ast-mobile-header-wrap .ast-flex.inline-on-mobile .menu-item.ast-submenu-expanded &gt; .sub-menu &gt; .menu-item .ast-menu-toggle::before {transform: rotate(-90deg);}.ast-header-break-point .ast-mobile-header-wrap .ast-flex.inline-on-mobile .menu-item.ast-submenu-expanded &gt; .sub-menu &gt; .menu-item.ast-submenu-expanded .ast-menu-toggle::before {transform: rotate(-270deg);}.ast-header-break-point .ast-mobile-header-wrap .ast-flex.inline-on-mobile .menu-item &gt; .sub-menu &gt; .menu-item .menu-link:before {content: none;}.ast-header-break-point .ast-mobile-header-wrap .ast-flex.inline-on-mobile {flex-wrap: unset;}.ast-header-break-point .ast-mobile-header-wrap .ast-flex.inline-on-mobile .menu-item.ast-submenu-expanded &gt; .sub-menu .menu-link {padding: .1em 1em;}.ast-header-break-point .ast-mobile-header-wrap .ast-flex.inline-on-mobile .menu-item.ast-submenu-expanded &gt; .sub-menu &gt; .menu-item .ast-menu-toggle::before {transform: rotate(-90deg);}.ast-header-break-point .ast-mobile-header-wrap .ast-flex.inline-on-mobile .menu-item.ast-submenu-expanded &gt; .sub-menu &gt; .menu-item.ast-submenu-expanded .ast-menu-toggle::before {transform: rotate(-270deg);}.ast-header-break-point .ast-mobile-header-wrap .ast-flex.inline-on-mobile .menu-item &gt; .sub-menu &gt; .menu-item .menu-link:before {content: none;}.ast-header-break-point .inline-on-mobile .sub-menu {width: 150px;}.ast-header-break-point .ast-mobile-header-wrap .ast-flex.inline-on-mobile .menu-item.menu-item-has-children {margin-right: 10px;}.ast-header-break-point .ast-mobile-header-wrap .ast-flex.inline-on-mobile .menu-item.ast-submenu-expanded &gt; .sub-menu {display: block;position: absolute;right: auto;left: 0;}.ast-header-break-point .ast-mobile-header-wrap .ast-flex.inline-on-mobile .menu-item.ast-submenu-expanded &gt; .sub-menu .menu-item .ast-menu-toggle {padding: 0;right: 1em;}.ast-header-break-point .ast-mobile-header-wrap .ast-flex.inline-on-mobile .menu-item.ast-submenu-expanded &gt; .sub-menu &gt; .menu-item &gt; .sub-menu {left: 100%;right: auto;}.ast-header-break-point .ast-mobile-header-wrap .ast-flex.inline-on-mobile .ast-menu-toggle {right: -15px;}.ast-header-break-point .ast-mobile-header-wrap .ast-flex.inline-on-mobile .menu-item.menu-item-has-children {margin-right: 10px;}.ast-header-break-point .ast-mobile-header-wrap .ast-flex.inline-on-mobile .menu-item.ast-submenu-expanded &gt; .sub-menu {display: block;position: absolute;right: auto;left: 0;}.ast-header-break-point .ast-mobile-header-wrap .ast-flex.inline-on-mobile .menu-item.ast-submenu-expanded &gt; .sub-menu &gt; .menu-item &gt; .sub-menu {left: 100%;right: auto;}.ast-header-break-point .ast-mobile-header-wrap .ast-flex.inline-on-mobile .ast-menu-toggle {right: -15px;}:root .has-ast-global-color-0-color{color:var(--ast-global-color-0);}:root .has-ast-global-color-0-background-color{background-color:var(--ast-global-color-0);}:root .wp-block-button .has-ast-global-color-0-color{color:var(--ast-global-color-0);}:root .wp-block-button .has-ast-global-color-0-background-color{background-color:var(--ast-global-color-0);}:root .has-ast-global-color-1-color{color:var(--ast-global-color-1);}:root .has-ast-global-color-1-background-color{background-color:var(--ast-global-color-1);}:root .wp-block-button .has-ast-global-color-1-color{color:var(--ast-global-color-1);}:root .wp-block-button .has-ast-global-color-1-background-color{background-color:var(--ast-global-color-1);}:root .has-ast-global-color-2-color{color:var(--ast-global-color-2);}:root .has-ast-global-color-2-background-color{background-color:var(--ast-global-color-2);}:root .wp-block-button .has-ast-global-color-2-color{color:var(--ast-global-color-2);}:root .wp-block-button .has-ast-global-color-2-background-color{background-color:var(--ast-global-color-2);}:root .has-ast-global-color-3-color{color:var(--ast-global-color-3);}:root .has-ast-global-color-3-background-color{background-color:var(--ast-global-color-3);}:root .wp-block-button .has-ast-global-color-3-color{color:var(--ast-global-color-3);}:root .wp-block-button .has-ast-global-color-3-background-color{background-color:var(--ast-global-color-3);}:root .has-ast-global-color-4-color{color:var(--ast-global-color-4);}:root .has-ast-global-color-4-background-color{background-color:var(--ast-global-color-4);}:root .wp-block-button .has-ast-global-color-4-color{color:var(--ast-global-color-4);}:root .wp-block-button .has-ast-global-color-4-background-color{background-color:var(--ast-global-color-4);}:root .has-ast-global-color-5-color{color:var(--ast-global-color-5);}:root .has-ast-global-color-5-background-color{background-color:var(--ast-global-color-5);}:root .wp-block-button .has-ast-global-color-5-color{color:var(--ast-global-color-5);}:root .wp-block-button .has-ast-global-color-5-background-color{background-color:var(--ast-global-color-5);}:root .has-ast-global-color-6-color{color:var(--ast-global-color-6);}:root .has-ast-global-color-6-background-color{background-color:var(--ast-global-color-6);}:root .wp-block-button .has-ast-global-color-6-color{color:var(--ast-global-color-6);}:root .wp-block-button .has-ast-global-color-6-background-color{background-color:var(--ast-global-color-6);}:root .has-ast-global-color-7-color{color:var(--ast-global-color-7);}:root .has-ast-global-color-7-background-color{background-color:var(--ast-global-color-7);}:root .wp-block-button .has-ast-global-color-7-color{color:var(--ast-global-color-7);}:root .wp-block-button .has-ast-global-color-7-background-color{background-color:var(--ast-global-color-7);}:root .has-ast-global-color-8-color{color:var(--ast-global-color-8);}:root .has-ast-global-color-8-background-color{background-color:var(--ast-global-color-8);}:root .wp-block-button .has-ast-global-color-8-color{color:var(--ast-global-color-8);}:root .wp-block-button .has-ast-global-color-8-background-color{background-color:var(--ast-global-color-8);}:root{--ast-global-color-0:#0170B9;--ast-global-color-1:#3a3a3a;--ast-global-color-2:#3a3a3a;--ast-global-color-3:#4B4F58;--ast-global-color-4:#F5F5F5;--ast-global-color-5:#FFFFFF;--ast-global-color-6:#F2F5F7;--ast-global-color-7:#424242;--ast-global-color-8:#000000;}.ast-theme-transparent-header #masthead .site-logo-img .transparent-custom-logo .astra-logo-svg{width:140px;}.ast-theme-transparent-header #masthead .site-logo-img .transparent-custom-logo img{ max-width:140px;}@media (min-width:921px){.ast-theme-transparent-header #masthead{position:absolute;left:0;right:0;}.ast-theme-transparent-header .main-header-bar,.ast-theme-transparent-header.ast-header-break-point .main-header-bar{background:none;}body.elementor-editor-active.ast-theme-transparent-header #masthead,.fl-builder-edit .ast-theme-transparent-header #masthead,body.vc_editor.ast-theme-transparent-header #masthead,body.brz-ed.ast-theme-transparent-header #masthead{z-index:0;}.ast-header-break-point.ast-replace-site-logo-transparent.ast-theme-transparent-header .custom-mobile-logo-link{display:none;}.ast-header-break-point.ast-replace-site-logo-transparent.ast-theme-transparent-header .transparent-custom-logo{display:inline-block;}.ast-theme-transparent-header .ast-above-header,.ast-theme-transparent-header .ast-above-header.ast-above-header-bar{background-image:none;background-color:transparent;}.ast-theme-transparent-header .ast-below-header{background-image:none;background-color:transparent;}}@media (min-width:922px){.ast-theme-transparent-header .main-header-bar,.ast-theme-transparent-header.ast-header-break-point .main-header-bar-wrap .main-header-menu,.ast-theme-transparent-header.ast-header-break-point .main-header-bar-wrap .main-header-bar,.ast-theme-transparent-header.ast-header-break-point .ast-mobile-header-wrap .main-header-bar{background-color:rgba(0,0,0,0.07);}.ast-theme-transparent-header .main-header-bar .ast-search-menu-icon form{background-color:rgba(0,0,0,0.07);}.ast-theme-transparent-header .ast-above-header,.ast-theme-transparent-header .ast-above-header.ast-above-header-bar,.ast-theme-transparent-header .ast-below-header,.ast-header-break-point.ast-theme-transparent-header .ast-above-header,.ast-header-break-point.ast-theme-transparent-header .ast-below-header{background-color:rgba(0,0,0,0.07);}.ast-theme-transparent-header .site-title a,.ast-theme-transparent-header .site-title a:focus,.ast-theme-transparent-header .site-title a:hover,.ast-theme-transparent-header .site-title a:visited{color:#ffffff;}.ast-theme-transparent-header .site-header .site-description{color:#ffffff;}.ast-theme-transparent-header .ast-builder-menu .main-header-menu .menu-item .sub-menu .menu-item .menu-link,.ast-theme-transparent-header .ast-builder-menu .main-header-menu .menu-item .sub-menu .menu-item &gt; .ast-menu-toggle,.ast-theme-transparent-header .main-header-menu .menu-item .sub-menu .menu-link,.ast-header-break-point.ast-flyout-menu-enable.ast-header-break-point .main-header-bar-navigation .main-header-menu .menu-item .sub-menu .menu-link{color:#333333;}.ast-theme-transparent-header .ast-builder-menu .main-header-menu .menu-item .sub-menu .menu-link:hover,.ast-theme-transparent-header .ast-builder-menu .main-header-menu .menu-item .sub-menu .menu-item:hover &gt; .menu-link,.ast-theme-transparent-header .ast-builder-menu .main-header-menu .menu-item .sub-menu .menu-item.focus &gt; .menu-item,.ast-theme-transparent-header .ast-builder-menu .main-header-menu .menu-item .sub-menu .menu-item.current-menu-item &gt; .menu-link,.ast-theme-transparent-header .ast-builder-menu .main-header-menu .menu-item .sub-menu .menu-item.current-menu-item &gt; .ast-menu-toggle,.ast-theme-transparent-header .ast-builder-menu .main-header-menu .menu-item .sub-menu .menu-item:hover &gt; .ast-menu-toggle,.ast-theme-transparent-header .ast-builder-menu .main-header-menu .menu-item .sub-menu .menu-item.focus &gt; .ast-menu-toggle,.ast-theme-transparent-header .main-header-menu .menu-item .sub-menu .menu-item:hover &gt; .menu-link,.ast-header-break-point.ast-flyout-menu-enable.ast-header-break-point .main-header-bar-navigation .main-header-menu .menu-item .sub-menu .menu-link{color:#000000;}.ast-theme-transparent-header .ast-builder-menu .main-header-menu,.ast-theme-transparent-header .ast-builder-menu .main-header-menu .menu-link,.ast-theme-transparent-header [CLASS*="ast-builder-menu-"] .main-header-menu .menu-item &gt; .menu-link,.ast-theme-transparent-header .ast-masthead-custom-menu-items,.ast-theme-transparent-header .ast-masthead-custom-menu-items a,.ast-theme-transparent-header .ast-builder-menu .main-header-menu .menu-item &gt; .ast-menu-toggle,.ast-theme-transparent-header .ast-builder-menu .main-header-menu .menu-item &gt; .ast-menu-toggle,.ast-theme-transparent-header .ast-above-header-navigation a,.ast-header-break-point.ast-theme-transparent-header .ast-above-header-navigation a,.ast-header-break-point.ast-theme-transparent-header .ast-above-header-navigation &gt; ul.ast-above-header-menu &gt; .menu-item-has-children:not(.current-menu-item) &gt; .ast-menu-toggle,.ast-theme-transparent-header .ast-below-header-menu,.ast-theme-transparent-header .ast-below-header-menu a,.ast-header-break-point.ast-theme-transparent-header .ast-below-header-menu a,.ast-header-break-point.ast-theme-transparent-header .ast-below-header-menu,.ast-theme-transparent-header .main-header-menu .menu-link{color:#cecece;}.ast-theme-transparent-header .ast-builder-menu .main-header-menu .menu-item:hover &gt; .menu-link,.ast-theme-transparent-header .ast-builder-menu .main-header-menu .menu-item:hover &gt; .ast-menu-toggle,.ast-theme-transparent-header .ast-builder-menu .main-header-menu .ast-masthead-custom-menu-items a:hover,.ast-theme-transparent-header .ast-builder-menu .main-header-menu .focus &gt; .menu-link,.ast-theme-transparent-header .ast-builder-menu .main-header-menu .focus &gt; .ast-menu-toggle,.ast-theme-transparent-header .ast-builder-menu .main-header-menu .current-menu-item &gt; .menu-link,.ast-theme-transparent-header .ast-builder-menu .main-header-menu .current-menu-ancestor &gt; .menu-link,.ast-theme-transparent-header .ast-builder-menu .main-header-menu .current-menu-item &gt; .ast-menu-toggle,.ast-theme-transparent-header .ast-builder-menu .main-header-menu .current-menu-ancestor &gt; .ast-menu-toggle,.ast-theme-transparent-header [CLASS*="ast-builder-menu-"] .main-header-menu .current-menu-item &gt; .menu-link,.ast-theme-transparent-header [CLASS*="ast-builder-menu-"] .main-header-menu .current-menu-ancestor &gt; .menu-link,.ast-theme-transparent-header [CLASS*="ast-builder-menu-"] .main-header-menu .current-menu-item &gt; .ast-menu-toggle,.ast-theme-transparent-header [CLASS*="ast-builder-menu-"] .main-header-menu .current-menu-ancestor &gt; .ast-menu-toggle,.ast-theme-transparent-header .main-header-menu .menu-item:hover &gt; .menu-link,.ast-theme-transparent-header .main-header-menu .current-menu-item &gt; .menu-link,.ast-theme-transparent-header .main-header-menu .current-menu-ancestor &gt; .menu-link{color:#ffffff;}.ast-theme-transparent-header div.ast-masthead-custom-menu-items,.ast-theme-transparent-header div.ast-masthead-custom-menu-items .widget,.ast-theme-transparent-header div.ast-masthead-custom-menu-items .widget-title,.ast-theme-transparent-header .site-header-section [CLASS*="ast-header-html-"] .ast-builder-html-element{color:#000000;}.ast-theme-transparent-header div.ast-masthead-custom-menu-items a,.ast-theme-transparent-header div.ast-masthead-custom-menu-items .widget a,.ast-theme-transparent-header .site-header-section [CLASS*="ast-header-html-"] .ast-builder-html-element a{color:#cecece;}.ast-theme-transparent-header div.ast-masthead-custom-menu-items a:hover,.ast-theme-transparent-header div.ast-masthead-custom-menu-items .widget a:hover,.ast-theme-transparent-header .site-header-section [CLASS*="ast-header-html-"] .ast-builder-html-element a:hover{color:#ffffff;}}@media (max-width:921px){.transparent-custom-logo{display:none;}}@media (min-width:921px){.ast-transparent-mobile-logo{display:none;}}@media (max-width:921px){.ast-transparent-mobile-logo{display:block;}}@media (min-width:921px){.ast-theme-transparent-header #ast-desktop-header &gt; [CLASS*="-header-wrap"]:nth-last-child(2) &gt; [CLASS*="-header-bar"]{border-bottom-width:0;border-bottom-style:solid;border-bottom-color:rgba(0,0,0,0);}}.ast-breadcrumbs .trail-browse,.ast-breadcrumbs .trail-items,.ast-breadcrumbs .trail-items li{display:inline-block;margin:0;padding:0;border:none;background:inherit;text-indent:0;}.ast-breadcrumbs .trail-browse{font-size:inherit;font-style:inherit;font-weight:inherit;color:inherit;}.ast-breadcrumbs .trail-items{list-style:none;}.trail-items li::after{padding:0 0.3em;content:"\00bb";}.trail-items li:last-of-type::after{display:none;}h1,.entry-content h1,h2,.entry-content h2,h3,.entry-content h3,h4,.entry-content h4,h5,.entry-content h5,h6,.entry-content h6{color:var(--ast-global-color-2);}@media (max-width:921px){.ast-builder-grid-row-container.ast-builder-grid-row-tablet-3-firstrow .ast-builder-grid-row &gt; *:first-child,.ast-builder-grid-row-container.ast-builder-grid-row-tablet-3-lastrow .ast-builder-grid-row &gt; *:last-child{grid-column:1 / -1;}}@media (max-width:544px){.ast-builder-grid-row-container.ast-builder-grid-row-mobile-3-firstrow .ast-builder-grid-row &gt; *:first-child,.ast-builder-grid-row-container.ast-builder-grid-row-mobile-3-lastrow .ast-builder-grid-row &gt; *:last-child{grid-column:1 / -1;}}.ast-builder-layout-element[data-section="title_tagline"]{display:flex;}@media (max-width:921px){.ast-header-break-point .ast-builder-layout-element[data-section="title_tagline"]{display:flex;}}@media (max-width:544px){.ast-header-break-point .ast-builder-layout-element[data-section="title_tagline"]{display:flex;}}.ast-builder-menu-1{font-family:inherit;font-weight:normal;}.ast-builder-menu-1 .menu-item.current-menu-item &gt; .menu-link,.ast-builder-menu-1 .inline-on-mobile .menu-item.current-menu-item &gt; .ast-menu-toggle,.ast-builder-menu-1 .current-menu-ancestor &gt; .menu-link{color:#602bb7;}.ast-builder-menu-1 .menu-item.current-menu-item &gt; .ast-menu-toggle{color:#602bb7;}.ast-builder-menu-1 .sub-menu,.ast-builder-menu-1 .inline-on-mobile .sub-menu{border-top-width:1px;border-bottom-width:1px;border-right-width:1px;border-left-width:1px;border-color:#dddddd;border-style:solid;border-radius:0;}.ast-builder-menu-1 .main-header-menu &gt; .menu-item &gt; .sub-menu,.ast-builder-menu-1 .main-header-menu &gt; .menu-item &gt; .astra-full-megamenu-wrapper{margin-top:0;}.ast-desktop .ast-builder-menu-1 .main-header-menu &gt; .menu-item &gt; .sub-menu:before,.ast-desktop .ast-builder-menu-1 .main-header-menu &gt; .menu-item &gt; .astra-full-megamenu-wrapper:before{height:calc( 0px + 5px );}.ast-desktop .ast-builder-menu-1 .menu-item .sub-menu .menu-link{border-bottom-width:1px;border-color:#eaeaea;border-style:solid;}.ast-desktop .ast-builder-menu-1 .menu-item .sub-menu .menu-item:last-child .menu-link{border-bottom-width:0;}@media (max-width:921px){.ast-header-break-point .ast-builder-menu-1 .menu-item.menu-item-has-children &gt; .ast-menu-toggle{top:0;}.ast-builder-menu-1 .menu-item-has-children &gt; .menu-link:after{content:unset;}}@media (max-width:544px){.ast-header-break-point .ast-builder-menu-1 .menu-item.menu-item-has-children &gt; .ast-menu-toggle{top:0;}}.ast-builder-menu-1{display:flex;}@media (max-width:921px){.ast-header-break-point .ast-builder-menu-1{display:flex;}}@media (max-width:544px){.ast-header-break-point .ast-builder-menu-1{display:flex;}}.ast-site-header-cart .ast-cart-menu-wrap,.ast-site-header-cart .ast-addon-cart-wrap{color:#d2d2d2;}.ast-site-header-cart .ast-cart-menu-wrap .count,.ast-site-header-cart .ast-cart-menu-wrap .count:after,.ast-site-header-cart .ast-addon-cart-wrap .count,.ast-site-header-cart .ast-addon-cart-wrap .ast-icon-shopping-cart:after{color:#d2d2d2;border-color:#d2d2d2;}.ast-site-header-cart .ast-addon-cart-wrap .ast-icon-shopping-cart:after{color:#ffffff;background-color:#d2d2d2;}.ast-site-header-cart .ast-woo-header-cart-info-wrap{color:#d2d2d2;}.ast-site-header-cart .ast-addon-cart-wrap i.astra-icon:after{color:#ffffff;background-color:#d2d2d2;}.ast-theme-transparent-header .ast-site-header-cart .ast-cart-menu-wrap,.ast-theme-transparent-header .ast-site-header-cart .ast-addon-cart-wrap{color:#d2d2d2;}.ast-theme-transparent-header .ast-site-header-cart .ast-cart-menu-wrap .count,.ast-theme-transparent-header .ast-site-header-cart .ast-cart-menu-wrap .count:after,.ast-theme-transparent-header .ast-site-header-cart .ast-addon-cart-wrap .count,.ast-theme-transparent-header .ast-site-header-cart .ast-addon-cart-wrap .ast-icon-shopping-cart:after{color:#d2d2d2;border-color:#d2d2d2;}.ast-theme-transparent-header .ast-site-header-cart .ast-addon-cart-wrap .ast-icon-shopping-cart:after{color:#ffffff;background-color:#d2d2d2;}.ast-theme-transparent-header .ast-site-header-cart .ast-woo-header-cart-info-wrap{color:#d2d2d2;}.ast-theme-transparent-header .ast-site-header-cart .ast-addon-cart-wrap i.astra-icon:after{color:#ffffff;background-color:#d2d2d2;}#ast-site-header-cart .widget_shopping_cart .mini_cart_item{border-bottom-color:rgb(0,0,0);}@media (max-width:921px){#astra-mobile-cart-drawer .widget_shopping_cart .mini_cart_item{border-bottom-color:rgb(0,0,0);}}@media (max-width:544px){#astra-mobile-cart-drawer .widget_shopping_cart .mini_cart_item{border-bottom-color:rgb(0,0,0);}}.ast-site-header-cart .ast-cart-menu-wrap,.ast-site-header-cart .ast-addon-cart-wrap{color:#d2d2d2;}.ast-site-header-cart .ast-cart-menu-wrap:hover .count,.ast-site-header-cart .ast-addon-cart-wrap:hover .count{color:#000000;background-color:#d2d2d2;}.ast-menu-cart-outline .ast-cart-menu-wrap .count,.ast-menu-cart-outline .ast-addon-cart-wrap{color:#d2d2d2;}.ast-site-header-cart .ast-menu-cart-outline .ast-woo-header-cart-info-wrap{color:#d2d2d2;}.ast-menu-cart-fill .ast-cart-menu-wrap .count,.ast-menu-cart-fill .ast-cart-menu-wrap,.ast-menu-cart-fill .ast-addon-cart-wrap .ast-woo-header-cart-info-wrap,.ast-menu-cart-fill .ast-addon-cart-wrap{background-color:#d2d2d2;color:#000000;}.ast-theme-transparent-header .ast-site-header-cart .ast-cart-menu-wrap,.ast-theme-transparent-header .ast-site-header-cart .ast-addon-cart-wrap{color:#d2d2d2;}.ast-theme-transparent-header .ast-site-header-cart .ast-cart-menu-wrap:hover .count,.ast-theme-transparent-header .ast-site-header-cart .ast-addon-cart-wrap:hover .count{color:#000000;background-color:#d2d2d2;}.ast-theme-transparent-header .ast-menu-cart-outline .ast-cart-menu-wrap .count,.ast-theme-transparent-header .ast-menu-cart-outline .ast-addon-cart-wrap{color:#d2d2d2;}.ast-theme-transparent-header .ast-site-header-cart .ast-menu-cart-outline .ast-woo-header-cart-info-wrap{color:#d2d2d2;}.ast-theme-transparent-header .ast-menu-cart-fill .ast-cart-menu-wrap .count,.ast-theme-transparent-header .ast-menu-cart-fill .ast-cart-menu-wrap,.ast-theme-transparent-header .ast-menu-cart-fill .ast-addon-cart-wrap .ast-woo-header-cart-info-wrap,.ast-theme-transparent-header .ast-menu-cart-fill .ast-addon-cart-wrap{background-color:#d2d2d2;color:#000000;}.ast-site-header-cart.ast-menu-cart-outline .ast-cart-menu-wrap,.ast-site-header-cart.ast-menu-cart-fill .ast-cart-menu-wrap,.ast-site-header-cart.ast-menu-cart-outline .ast-cart-menu-wrap .count,.ast-site-header-cart.ast-menu-cart-fill .ast-cart-menu-wrap .count,.ast-site-header-cart.ast-menu-cart-outline .ast-addon-cart-wrap,.ast-site-header-cart.ast-menu-cart-fill .ast-addon-cart-wrap,.ast-site-header-cart.ast-menu-cart-outline .ast-woo-header-cart-info-wrap,.ast-site-header-cart.ast-menu-cart-fill .ast-woo-header-cart-info-wrap{border-radius:3px;}.ast-header-woo-cart{display:flex;}@media (max-width:921px){.ast-header-break-point .ast-header-woo-cart{display:flex;}}@media (max-width:544px){.ast-header-break-point .ast-header-woo-cart{display:none;}}.site-below-footer-wrap{padding-top:20px;padding-bottom:20px;}.site-below-footer-wrap[data-section="section-below-footer-builder"]{background-color:#ffffff;;background-image:none;;min-height:80px;border-style:solid;border-width:0px;border-top-width:1px;border-top-color:rgba(122,122,122,0.13);}.site-below-footer-wrap[data-section="section-below-footer-builder"] .ast-builder-grid-row{max-width:1200px;margin-left:auto;margin-right:auto;}.site-below-footer-wrap[data-section="section-below-footer-builder"] .ast-builder-grid-row,.site-below-footer-wrap[data-section="section-below-footer-builder"] .site-footer-section{align-items:flex-start;}.site-below-footer-wrap[data-section="section-below-footer-builder"].ast-footer-row-inline .site-footer-section{display:flex;margin-bottom:0;}.ast-builder-grid-row-2-equal .ast-builder-grid-row{grid-template-columns:repeat( 2,1fr );}@media (max-width:921px){.site-below-footer-wrap[data-section="section-below-footer-builder"].ast-footer-row-tablet-inline .site-footer-section{display:flex;margin-bottom:0;}.site-below-footer-wrap[data-section="section-below-footer-builder"].ast-footer-row-tablet-stack .site-footer-section{display:block;margin-bottom:10px;}.ast-builder-grid-row-container.ast-builder-grid-row-tablet-2-equal .ast-builder-grid-row{grid-template-columns:repeat( 2,1fr );}}@media (max-width:544px){.site-below-footer-wrap[data-section="section-below-footer-builder"].ast-footer-row-mobile-inline .site-footer-section{display:flex;margin-bottom:0;}.site-below-footer-wrap[data-section="section-below-footer-builder"].ast-footer-row-mobile-stack .site-footer-section{display:block;margin-bottom:10px;}.ast-builder-grid-row-container.ast-builder-grid-row-mobile-full .ast-builder-grid-row{grid-template-columns:1fr;}}@media (max-width:921px){.site-below-footer-wrap[data-section="section-below-footer-builder"]{padding-left:30px;padding-right:30px;}}.site-below-footer-wrap[data-section="section-below-footer-builder"]{display:grid;}@media (max-width:921px){.ast-header-break-point .site-below-footer-wrap[data-section="section-below-footer-builder"]{display:grid;}}@media (max-width:544px){.ast-header-break-point .site-below-footer-wrap[data-section="section-below-footer-builder"]{display:grid;}}.ast-builder-html-element img.alignnone{display:inline-block;}.ast-builder-html-element p:first-child{margin-top:0;}.ast-builder-html-element p:last-child{margin-bottom:0;}.ast-header-break-point .main-header-bar .ast-builder-html-element{line-height:1.85714285714286;}.footer-widget-area[data-section="section-fb-html-1"]{display:block;}@media (max-width:921px){.ast-header-break-point .footer-widget-area[data-section="section-fb-html-1"]{display:block;}}@media (max-width:544px){.ast-header-break-point .footer-widget-area[data-section="section-fb-html-1"]{display:block;}}.footer-widget-area[data-section="section-fb-html-1"] .ast-builder-html-element{text-align:right;}@media (max-width:921px){.footer-widget-area[data-section="section-fb-html-1"] .ast-builder-html-element{text-align:right;}}@media (max-width:544px){.footer-widget-area[data-section="section-fb-html-1"] .ast-builder-html-element{text-align:center;}}.ast-footer-copyright{text-align:left;}.ast-footer-copyright {color:#000000;}@media (max-width:921px){.ast-footer-copyright{text-align:left;}}@media (max-width:544px){.ast-footer-copyright{text-align:center;}}.ast-footer-copyright.ast-builder-layout-element{display:flex;}@media (max-width:921px){.ast-header-break-point .ast-footer-copyright.ast-builder-layout-element{display:flex;}}@media (max-width:544px){.ast-header-break-point .ast-footer-copyright.ast-builder-layout-element{display:flex;}}.site-footer{background-color:#ffffff;;background-image:none;;}.site-primary-footer-wrap{padding-top:45px;padding-bottom:45px;}.site-primary-footer-wrap[data-section="section-primary-footer-builder"]{background-color:#ffffff;;background-image:none;;}.site-primary-footer-wrap[data-section="section-primary-footer-builder"] .ast-builder-grid-row{grid-column-gap:200px;max-width:1200px;margin-left:auto;margin-right:auto;}.site-primary-footer-wrap[data-section="section-primary-footer-builder"] .ast-builder-grid-row,.site-primary-footer-wrap[data-section="section-primary-footer-builder"] .site-footer-section{align-items:flex-start;}.site-primary-footer-wrap[data-section="section-primary-footer-builder"].ast-footer-row-inline .site-footer-section{display:flex;margin-bottom:0;}.ast-builder-grid-row-4-equal .ast-builder-grid-row{grid-template-columns:repeat( 4,1fr );}@media (max-width:921px){.site-primary-footer-wrap[data-section="section-primary-footer-builder"].ast-footer-row-tablet-inline .site-footer-section{display:flex;margin-bottom:0;}.site-primary-footer-wrap[data-section="section-primary-footer-builder"].ast-footer-row-tablet-stack .site-footer-section{display:block;margin-bottom:10px;}.ast-builder-grid-row-container.ast-builder-grid-row-tablet-4-equal .ast-builder-grid-row{grid-template-columns:repeat( 4,1fr );}}@media (max-width:544px){.site-primary-footer-wrap[data-section="section-primary-footer-builder"].ast-footer-row-mobile-inline .site-footer-section{display:flex;margin-bottom:0;}.site-primary-footer-wrap[data-section="section-primary-footer-builder"].ast-footer-row-mobile-stack .site-footer-section{display:block;margin-bottom:10px;}.ast-builder-grid-row-container.ast-builder-grid-row-mobile-full .ast-builder-grid-row{grid-template-columns:1fr;}}.site-primary-footer-wrap[data-section="section-primary-footer-builder"]{padding-top:55px;padding-bottom:55px;}@media (max-width:921px){.site-primary-footer-wrap[data-section="section-primary-footer-builder"]{padding-left:30px;padding-right:30px;}}@media (max-width:544px){.site-primary-footer-wrap[data-section="section-primary-footer-builder"]{padding-top:40px;padding-bottom:20px;}}.site-primary-footer-wrap[data-section="section-primary-footer-builder"]{display:grid;}@media (max-width:921px){.ast-header-break-point .site-primary-footer-wrap[data-section="section-primary-footer-builder"]{display:grid;}}@media (max-width:544px){.ast-header-break-point .site-primary-footer-wrap[data-section="section-primary-footer-builder"]{display:grid;}}.footer-widget-area[data-section="sidebar-widgets-footer-widget-1"] .footer-widget-area-inner{text-align:left;}@media (max-width:921px){.footer-widget-area[data-section="sidebar-widgets-footer-widget-1"] .footer-widget-area-inner{text-align:left;}}@media (max-width:544px){.footer-widget-area[data-section="sidebar-widgets-footer-widget-1"] .footer-widget-area-inner{text-align:center;}}.footer-widget-area[data-section="sidebar-widgets-footer-widget-1"] .footer-widget-area-inner{color:#434343;}.footer-widget-area[data-section="sidebar-widgets-footer-widget-1"] .footer-widget-area-inner a{color:#434343;}.footer-widget-area[data-section="sidebar-widgets-footer-widget-1"] .footer-widget-area-inner a:hover{color:#3197d6;}.footer-widget-area[data-section="sidebar-widgets-footer-widget-1"] .widget-title{color:#000000;}.footer-widget-area[data-section="sidebar-widgets-footer-widget-1"]{display:block;}@media (max-width:921px){.ast-header-break-point .footer-widget-area[data-section="sidebar-widgets-footer-widget-1"]{display:block;}}@media (max-width:544px){.ast-header-break-point .footer-widget-area[data-section="sidebar-widgets-footer-widget-1"]{display:block;}}.footer-widget-area[data-section="sidebar-widgets-footer-widget-2"] .footer-widget-area-inner{color:#434343;}.footer-widget-area[data-section="sidebar-widgets-footer-widget-2"] .footer-widget-area-inner a{color:#434343;}.footer-widget-area[data-section="sidebar-widgets-footer-widget-2"] .footer-widget-area-inner a:hover{color:#3197d6;}.footer-widget-area[data-section="sidebar-widgets-footer-widget-2"] .widget-title{color:#000000;}.footer-widget-area[data-section="sidebar-widgets-footer-widget-2"]{display:block;}@media (max-width:921px){.ast-header-break-point .footer-widget-area[data-section="sidebar-widgets-footer-widget-2"]{display:block;}}@media (max-width:544px){.ast-header-break-point .footer-widget-area[data-section="sidebar-widgets-footer-widget-2"]{display:block;}}.footer-widget-area[data-section="sidebar-widgets-footer-widget-3"] .footer-widget-area-inner{color:#434343;}.footer-widget-area[data-section="sidebar-widgets-footer-widget-3"] .footer-widget-area-inner a{color:#434343;}.footer-widget-area[data-section="sidebar-widgets-footer-widget-3"] .footer-widget-area-inner a:hover{color:#3197d6;}.footer-widget-area[data-section="sidebar-widgets-footer-widget-3"] .widget-title{color:#000000;}.footer-widget-area[data-section="sidebar-widgets-footer-widget-3"]{display:block;}@media (max-width:921px){.ast-header-break-point .footer-widget-area[data-section="sidebar-widgets-footer-widget-3"]{display:block;}}@media (max-width:544px){.ast-header-break-point .footer-widget-area[data-section="sidebar-widgets-footer-widget-3"]{display:block;}}.footer-widget-area[data-section="sidebar-widgets-footer-widget-4"] .footer-widget-area-inner{color:#434343;}.footer-widget-area[data-section="sidebar-widgets-footer-widget-4"] .footer-widget-area-inner a{color:#434343;}.footer-widget-area[data-section="sidebar-widgets-footer-widget-4"] .footer-widget-area-inner a:hover{color:#3197d6;}.footer-widget-area[data-section="sidebar-widgets-footer-widget-4"] .widget-title{color:#000000;}.footer-widget-area[data-section="sidebar-widgets-footer-widget-4"]{display:block;}@media (max-width:921px){.ast-header-break-point .footer-widget-area[data-section="sidebar-widgets-footer-widget-4"]{display:block;}}@media (max-width:544px){.ast-header-break-point .footer-widget-area[data-section="sidebar-widgets-footer-widget-4"]{display:block;}}.footer-widget-area[data-section="sidebar-widgets-footer-widget-2"] .footer-widget-area-inner{text-align:left;}@media (max-width:921px){.footer-widget-area[data-section="sidebar-widgets-footer-widget-2"] .footer-widget-area-inner{text-align:left;}}@media (max-width:544px){.footer-widget-area[data-section="sidebar-widgets-footer-widget-2"] .footer-widget-area-inner{text-align:center;}}.footer-widget-area[data-section="sidebar-widgets-footer-widget-1"] .footer-widget-area-inner{color:#434343;}.footer-widget-area[data-section="sidebar-widgets-footer-widget-1"] .footer-widget-area-inner a{color:#434343;}.footer-widget-area[data-section="sidebar-widgets-footer-widget-1"] .footer-widget-area-inner a:hover{color:#3197d6;}.footer-widget-area[data-section="sidebar-widgets-footer-widget-1"] .widget-title{color:#000000;}.footer-widget-area[data-section="sidebar-widgets-footer-widget-1"]{display:block;}@media (max-width:921px){.ast-header-break-point .footer-widget-area[data-section="sidebar-widgets-footer-widget-1"]{display:block;}}@media (max-width:544px){.ast-header-break-point .footer-widget-area[data-section="sidebar-widgets-footer-widget-1"]{display:block;}}.footer-widget-area[data-section="sidebar-widgets-footer-widget-2"] .footer-widget-area-inner{color:#434343;}.footer-widget-area[data-section="sidebar-widgets-footer-widget-2"] .footer-widget-area-inner a{color:#434343;}.footer-widget-area[data-section="sidebar-widgets-footer-widget-2"] .footer-widget-area-inner a:hover{color:#3197d6;}.footer-widget-area[data-section="sidebar-widgets-footer-widget-2"] .widget-title{color:#000000;}.footer-widget-area[data-section="sidebar-widgets-footer-widget-2"]{display:block;}@media (max-width:921px){.ast-header-break-point .footer-widget-area[data-section="sidebar-widgets-footer-widget-2"]{display:block;}}@media (max-width:544px){.ast-header-break-point .footer-widget-area[data-section="sidebar-widgets-footer-widget-2"]{display:block;}}.footer-widget-area[data-section="sidebar-widgets-footer-widget-3"] .footer-widget-area-inner{color:#434343;}.footer-widget-area[data-section="sidebar-widgets-footer-widget-3"] .footer-widget-area-inner a{color:#434343;}.footer-widget-area[data-section="sidebar-widgets-footer-widget-3"] .footer-widget-area-inner a:hover{color:#3197d6;}.footer-widget-area[data-section="sidebar-widgets-footer-widget-3"] .widget-title{color:#000000;}.footer-widget-area[data-section="sidebar-widgets-footer-widget-3"]{display:block;}@media (max-width:921px){.ast-header-break-point .footer-widget-area[data-section="sidebar-widgets-footer-widget-3"]{display:block;}}@media (max-width:544px){.ast-header-break-point .footer-widget-area[data-section="sidebar-widgets-footer-widget-3"]{display:block;}}.footer-widget-area[data-section="sidebar-widgets-footer-widget-4"] .footer-widget-area-inner{color:#434343;}.footer-widget-area[data-section="sidebar-widgets-footer-widget-4"] .footer-widget-area-inner a{color:#434343;}.footer-widget-area[data-section="sidebar-widgets-footer-widget-4"] .footer-widget-area-inner a:hover{color:#3197d6;}.footer-widget-area[data-section="sidebar-widgets-footer-widget-4"] .widget-title{color:#000000;}.footer-widget-area[data-section="sidebar-widgets-footer-widget-4"]{display:block;}@media (max-width:921px){.ast-header-break-point .footer-widget-area[data-section="sidebar-widgets-footer-widget-4"]{display:block;}}@media (max-width:544px){.ast-header-break-point .footer-widget-area[data-section="sidebar-widgets-footer-widget-4"]{display:block;}}.footer-widget-area[data-section="sidebar-widgets-footer-widget-3"] .footer-widget-area-inner{text-align:left;}@media (max-width:921px){.footer-widget-area[data-section="sidebar-widgets-footer-widget-3"] .footer-widget-area-inner{text-align:left;}}@media (max-width:544px){.footer-widget-area[data-section="sidebar-widgets-footer-widget-3"] .footer-widget-area-inner{text-align:center;}}.footer-widget-area[data-section="sidebar-widgets-footer-widget-1"] .footer-widget-area-inner{color:#434343;}.footer-widget-area[data-section="sidebar-widgets-footer-widget-1"] .footer-widget-area-inner a{color:#434343;}.footer-widget-area[data-section="sidebar-widgets-footer-widget-1"] .footer-widget-area-inner a:hover{color:#3197d6;}.footer-widget-area[data-section="sidebar-widgets-footer-widget-1"] .widget-title{color:#000000;}.footer-widget-area[data-section="sidebar-widgets-footer-widget-1"]{display:block;}@media (max-width:921px){.ast-header-break-point .footer-widget-area[data-section="sidebar-widgets-footer-widget-1"]{display:block;}}@media (max-width:544px){.ast-header-break-point .footer-widget-area[data-section="sidebar-widgets-footer-widget-1"]{display:block;}}.footer-widget-area[data-section="sidebar-widgets-footer-widget-2"] .footer-widget-area-inner{color:#434343;}.footer-widget-area[data-section="sidebar-widgets-footer-widget-2"] .footer-widget-area-inner a{color:#434343;}.footer-widget-area[data-section="sidebar-widgets-footer-widget-2"] .footer-widget-area-inner a:hover{color:#3197d6;}.footer-widget-area[data-section="sidebar-widgets-footer-widget-2"] .widget-title{color:#000000;}.footer-widget-area[data-section="sidebar-widgets-footer-widget-2"]{display:block;}@media (max-width:921px){.ast-header-break-point .footer-widget-area[data-section="sidebar-widgets-footer-widget-2"]{display:block;}}@media (max-width:544px){.ast-header-break-point .footer-widget-area[data-section="sidebar-widgets-footer-widget-2"]{display:block;}}.footer-widget-area[data-section="sidebar-widgets-footer-widget-3"] .footer-widget-area-inner{color:#434343;}.footer-widget-area[data-section="sidebar-widgets-footer-widget-3"] .footer-widget-area-inner a{color:#434343;}.footer-widget-area[data-section="sidebar-widgets-footer-widget-3"] .footer-widget-area-inner a:hover{color:#3197d6;}.footer-widget-area[data-section="sidebar-widgets-footer-widget-3"] .widget-title{color:#000000;}.footer-widget-area[data-section="sidebar-widgets-footer-widget-3"]{display:block;}@media (max-width:921px){.ast-header-break-point .footer-widget-area[data-section="sidebar-widgets-footer-widget-3"]{display:block;}}@media (max-width:544px){.ast-header-break-point .footer-widget-area[data-section="sidebar-widgets-footer-widget-3"]{display:block;}}.footer-widget-area[data-section="sidebar-widgets-footer-widget-4"] .footer-widget-area-inner{color:#434343;}.footer-widget-area[data-section="sidebar-widgets-footer-widget-4"] .footer-widget-area-inner a{color:#434343;}.footer-widget-area[data-section="sidebar-widgets-footer-widget-4"] .footer-widget-area-inner a:hover{color:#3197d6;}.footer-widget-area[data-section="sidebar-widgets-footer-widget-4"] .widget-title{color:#000000;}.footer-widget-area[data-section="sidebar-widgets-footer-widget-4"]{display:block;}@media (max-width:921px){.ast-header-break-point .footer-widget-area[data-section="sidebar-widgets-footer-widget-4"]{display:block;}}@media (max-width:544px){.ast-header-break-point .footer-widget-area[data-section="sidebar-widgets-footer-widget-4"]{display:block;}}.footer-widget-area[data-section="sidebar-widgets-footer-widget-4"] .footer-widget-area-inner{text-align:left;}@media (max-width:921px){.footer-widget-area[data-section="sidebar-widgets-footer-widget-4"] .footer-widget-area-inner{text-align:left;}}@media (max-width:544px){.footer-widget-area[data-section="sidebar-widgets-footer-widget-4"] .footer-widget-area-inner{text-align:center;}}.footer-widget-area[data-section="sidebar-widgets-footer-widget-1"] .footer-widget-area-inner{color:#434343;}.footer-widget-area[data-section="sidebar-widgets-footer-widget-1"] .footer-widget-area-inner a{color:#434343;}.footer-widget-area[data-section="sidebar-widgets-footer-widget-1"] .footer-widget-area-inner a:hover{color:#3197d6;}.footer-widget-area[data-section="sidebar-widgets-footer-widget-1"] .widget-title{color:#000000;}.footer-widget-area[data-section="sidebar-widgets-footer-widget-1"]{display:block;}@media (max-width:921px){.ast-header-break-point .footer-widget-area[data-section="sidebar-widgets-footer-widget-1"]{display:block;}}@media (max-width:544px){.ast-header-break-point .footer-widget-area[data-section="sidebar-widgets-footer-widget-1"]{display:block;}}.footer-widget-area[data-section="sidebar-widgets-footer-widget-2"] .footer-widget-area-inner{color:#434343;}.footer-widget-area[data-section="sidebar-widgets-footer-widget-2"] .footer-widget-area-inner a{color:#434343;}.footer-widget-area[data-section="sidebar-widgets-footer-widget-2"] .footer-widget-area-inner a:hover{color:#3197d6;}.footer-widget-area[data-section="sidebar-widgets-footer-widget-2"] .widget-title{color:#000000;}.footer-widget-area[data-section="sidebar-widgets-footer-widget-2"]{display:block;}@media (max-width:921px){.ast-header-break-point .footer-widget-area[data-section="sidebar-widgets-footer-widget-2"]{display:block;}}@media (max-width:544px){.ast-header-break-point .footer-widget-area[data-section="sidebar-widgets-footer-widget-2"]{display:block;}}.footer-widget-area[data-section="sidebar-widgets-footer-widget-3"] .footer-widget-area-inner{color:#434343;}.footer-widget-area[data-section="sidebar-widgets-footer-widget-3"] .footer-widget-area-inner a{color:#434343;}.footer-widget-area[data-section="sidebar-widgets-footer-widget-3"] .footer-widget-area-inner a:hover{color:#3197d6;}.footer-widget-area[data-section="sidebar-widgets-footer-widget-3"] .widget-title{color:#000000;}.footer-widget-area[data-section="sidebar-widgets-footer-widget-3"]{display:block;}@media (max-width:921px){.ast-header-break-point .footer-widget-area[data-section="sidebar-widgets-footer-widget-3"]{display:block;}}@media (max-width:544px){.ast-header-break-point .footer-widget-area[data-section="sidebar-widgets-footer-widget-3"]{display:block;}}.footer-widget-area[data-section="sidebar-widgets-footer-widget-4"] .footer-widget-area-inner{color:#434343;}.footer-widget-area[data-section="sidebar-widgets-footer-widget-4"] .footer-widget-area-inner a{color:#434343;}.footer-widget-area[data-section="sidebar-widgets-footer-widget-4"] .footer-widget-area-inner a:hover{color:#3197d6;}.footer-widget-area[data-section="sidebar-widgets-footer-widget-4"] .widget-title{color:#000000;}.footer-widget-area[data-section="sidebar-widgets-footer-widget-4"]{display:block;}@media (max-width:921px){.ast-header-break-point .footer-widget-area[data-section="sidebar-widgets-footer-widget-4"]{display:block;}}@media (max-width:544px){.ast-header-break-point .footer-widget-area[data-section="sidebar-widgets-footer-widget-4"]{display:block;}}.ast-header-break-point .main-header-bar{border-bottom-width:1px;}@media (min-width:922px){.main-header-bar{border-bottom-width:1px;}}.ast-flex{-webkit-align-content:center;-ms-flex-line-pack:center;align-content:center;-webkit-box-align:center;-webkit-align-items:center;-moz-box-align:center;-ms-flex-align:center;align-items:center;}.main-header-bar{padding:1em 0;}.ast-site-identity{padding:0;}.header-main-layout-1 .ast-flex.main-header-container, .header-main-layout-3 .ast-flex.main-header-container{-webkit-align-content:center;-ms-flex-line-pack:center;align-content:center;-webkit-box-align:center;-webkit-align-items:center;-moz-box-align:center;-ms-flex-align:center;align-items:center;}.header-main-layout-1 .ast-flex.main-header-container, .header-main-layout-3 .ast-flex.main-header-container{-webkit-align-content:center;-ms-flex-line-pack:center;align-content:center;-webkit-box-align:center;-webkit-align-items:center;-moz-box-align:center;-ms-flex-align:center;align-items:center;}.main-header-menu .sub-menu .menu-item.menu-item-has-children &gt; .menu-link:after{position:absolute;right:1em;top:50%;transform:translate(0,-50%) rotate(270deg);}.ast-header-break-point .main-header-bar .main-header-bar-navigation .page_item_has_children &gt; .ast-menu-toggle::before, .ast-header-break-point .main-header-bar .main-header-bar-navigation .menu-item-has-children &gt; .ast-menu-toggle::before, .ast-mobile-popup-drawer .main-header-bar-navigation .menu-item-has-children&gt;.ast-menu-toggle::before, .ast-header-break-point .ast-mobile-header-wrap .main-header-bar-navigation .menu-item-has-children &gt; .ast-menu-toggle::before{font-weight:bold;content:"\e900";font-family:Astra;text-decoration:inherit;display:inline-block;}.ast-header-break-point .main-navigation ul.sub-menu .menu-item .menu-link:before{content:"\e900";font-family:Astra;font-size:.65em;text-decoration:inherit;display:inline-block;transform:translate(0, -2px) rotateZ(270deg);margin-right:5px;}.widget_search .search-form:after{font-family:Astra;font-size:1.2em;font-weight:normal;content:"\e8b6";position:absolute;top:50%;right:15px;transform:translate(0, -50%);}.astra-search-icon::before{content:"\e8b6";font-family:Astra;font-style:normal;font-weight:normal;text-decoration:inherit;text-align:center;-webkit-font-smoothing:antialiased;-moz-osx-font-smoothing:grayscale;}.main-header-bar .main-header-bar-navigation .page_item_has_children &gt; a:after, .main-header-bar .main-header-bar-navigation .menu-item-has-children &gt; a:after, .site-header-focus-item .main-header-bar-navigation .menu-item-has-children &gt; .menu-link:after{content:"\e900";display:inline-block;font-family:Astra;font-size:.6rem;font-weight:bold;text-rendering:auto;-webkit-font-smoothing:antialiased;-moz-osx-font-smoothing:grayscale;margin-left:10px;line-height:normal;}.ast-mobile-popup-drawer .main-header-bar-navigation .ast-submenu-expanded&gt;.ast-menu-toggle::before{transform:rotateX(180deg);}.ast-header-break-point .main-header-bar-navigation .menu-item-has-children &gt; .menu-link:after{display:none;}.ast-separate-container .blog-layout-1, .ast-separate-container .blog-layout-2, .ast-separate-container .blog-layout-3{background-color:transparent;background-image:none;}.ast-separate-container .ast-article-post{background-color:#ffffff;;}.ast-separate-container .ast-article-single:not(.ast-related-post), .ast-separate-container .comments-area .comment-respond,.ast-separate-container .comments-area .ast-comment-list li, .ast-separate-container .ast-woocommerce-container, .ast-separate-container .error-404, .ast-separate-container .no-results, .single.ast-separate-container .ast-author-meta, .ast-separate-container .related-posts-title-wrapper, .ast-separate-container.ast-two-container #secondary .widget,.ast-separate-container .comments-count-wrapper, .ast-box-layout.ast-plain-container .site-content,.ast-padded-layout.ast-plain-container .site-content, .ast-separate-container .comments-area .comments-title{background-color:#ffffff;;}.ast-mobile-header-content &gt; *,.ast-desktop-header-content &gt; * {padding: 10px 0;height: auto;}.ast-mobile-header-content &gt; *:first-child,.ast-desktop-header-content &gt; *:first-child {padding-top: 10px;}.ast-mobile-header-content &gt; .ast-builder-menu,.ast-desktop-header-content &gt; .ast-builder-menu {padding-top: 0;}.ast-mobile-header-content &gt; *:last-child,.ast-desktop-header-content &gt; *:last-child {padding-bottom: 0;}.ast-mobile-header-content .ast-search-menu-icon.ast-inline-search label,.ast-desktop-header-content .ast-search-menu-icon.ast-inline-search label {width: 100%;}.ast-desktop-header-content .main-header-bar-navigation .ast-submenu-expanded &gt; .ast-menu-toggle::before {transform: rotateX(180deg);}#ast-desktop-header .ast-desktop-header-content,.ast-mobile-header-content .ast-search-icon,.ast-desktop-header-content .ast-search-icon,.ast-mobile-header-wrap .ast-mobile-header-content,.ast-main-header-nav-open.ast-popup-nav-open .ast-mobile-header-wrap .ast-mobile-header-content,.ast-main-header-nav-open.ast-popup-nav-open .ast-desktop-header-content {display: none;}.ast-main-header-nav-open.ast-header-break-point #ast-desktop-header .ast-desktop-header-content,.ast-main-header-nav-open.ast-header-break-point .ast-mobile-header-wrap .ast-mobile-header-content {display: block;}.ast-desktop .ast-desktop-header-content .astra-menu-animation-slide-up &gt; .menu-item &gt; .sub-menu,.ast-desktop .ast-desktop-header-content .astra-menu-animation-slide-up &gt; .menu-item .menu-item &gt; .sub-menu,.ast-desktop .ast-desktop-header-content .astra-menu-animation-slide-down &gt; .menu-item &gt; .sub-menu,.ast-desktop .ast-desktop-header-content .astra-menu-animation-slide-down &gt; .menu-item .menu-item &gt; .sub-menu,.ast-desktop .ast-desktop-header-content .astra-menu-animation-fade &gt; .menu-item &gt; .sub-menu,.ast-desktop .ast-desktop-header-content .astra-menu-animation-fade &gt; .menu-item .menu-item &gt; .sub-menu {opacity: 1;visibility: visible;}.ast-hfb-header.ast-default-menu-enable.ast-header-break-point .ast-mobile-header-wrap .ast-mobile-header-content .main-header-bar-navigation {width: unset;margin: unset;}.ast-mobile-header-content.content-align-flex-end .main-header-bar-navigation .menu-item-has-children &gt; .ast-menu-toggle,.ast-desktop-header-content.content-align-flex-end .main-header-bar-navigation .menu-item-has-children &gt; .ast-menu-toggle {left: calc( 20px - 0.907em);}.ast-mobile-header-content .ast-search-menu-icon,.ast-mobile-header-content .ast-search-menu-icon.slide-search,.ast-desktop-header-content .ast-search-menu-icon,.ast-desktop-header-content .ast-search-menu-icon.slide-search {width: 100%;position: relative;display: block;right: auto;transform: none;}.ast-mobile-header-content .ast-search-menu-icon.slide-search .search-form,.ast-mobile-header-content .ast-search-menu-icon .search-form,.ast-desktop-header-content .ast-search-menu-icon.slide-search .search-form,.ast-desktop-header-content .ast-search-menu-icon .search-form {right: 0;visibility: visible;opacity: 1;position: relative;top: auto;transform: none;padding: 0;display: block;overflow: hidden;}.ast-mobile-header-content .ast-search-menu-icon.ast-inline-search .search-field,.ast-mobile-header-content .ast-search-menu-icon .search-field,.ast-desktop-header-content .ast-search-menu-icon.ast-inline-search .search-field,.ast-desktop-header-content .ast-search-menu-icon .search-field {width: 100%;padding-right: 5.5em;}.ast-mobile-header-content .ast-search-menu-icon .search-submit,.ast-desktop-header-content .ast-search-menu-icon .search-submit {display: block;position: absolute;height: 100%;top: 0;right: 0;padding: 0 1em;border-radius: 0;}.ast-hfb-header.ast-default-menu-enable.ast-header-break-point .ast-mobile-header-wrap .ast-mobile-header-content .main-header-bar-navigation ul .sub-menu .menu-link {padding-left: 30px;}.ast-hfb-header.ast-default-menu-enable.ast-header-break-point .ast-mobile-header-wrap .ast-mobile-header-content .main-header-bar-navigation .sub-menu .menu-item .menu-item .menu-link {padding-left: 40px;}.ast-mobile-popup-drawer.active .ast-mobile-popup-inner{background-color:#ffffff;;}.ast-mobile-header-wrap .ast-mobile-header-content, .ast-desktop-header-content{background-color:#ffffff;;}.ast-mobile-popup-content &gt; *, .ast-mobile-header-content &gt; *, .ast-desktop-popup-content &gt; *, .ast-desktop-header-content &gt; *{padding-top:0;padding-bottom:0;}.content-align-flex-start .ast-builder-layout-element{justify-content:flex-start;}.content-align-flex-start .main-header-menu{text-align:left;}.ast-mobile-popup-drawer.active .menu-toggle-close{color:#3a3a3a;}.ast-mobile-header-wrap .ast-primary-header-bar,.ast-primary-header-bar .site-primary-header-wrap{min-height:70px;}.ast-desktop .ast-primary-header-bar .main-header-menu &gt; .menu-item{line-height:70px;}.ast-desktop .ast-primary-header-bar .ast-header-woo-cart,.ast-desktop .ast-primary-header-bar .ast-header-edd-cart{line-height:70px;}@media (max-width:921px){#masthead .ast-mobile-header-wrap .ast-primary-header-bar,#masthead .ast-mobile-header-wrap .ast-below-header-bar{padding-left:20px;padding-right:20px;}}.ast-header-break-point .ast-primary-header-bar{border-bottom-width:1px;border-bottom-style:solid;}@media (min-width:922px){.ast-primary-header-bar{border-bottom-width:1px;border-bottom-style:solid;}}.ast-primary-header-bar{background-color:#ffffff;;background-image:none;;}.ast-primary-header-bar{display:block;}@media (max-width:921px){.ast-header-break-point .ast-primary-header-bar{display:grid;}}@media (max-width:544px){.ast-header-break-point .ast-primary-header-bar{display:grid;}}[data-section="section-header-mobile-trigger"] .ast-button-wrap .ast-mobile-menu-trigger-minimal{color:#000000;border:none;background:transparent;}[data-section="section-header-mobile-trigger"] .ast-button-wrap .mobile-menu-toggle-icon .ast-mobile-svg{width:20px;height:20px;fill:#000000;}[data-section="section-header-mobile-trigger"] .ast-button-wrap .mobile-menu-wrap .mobile-menu{color:#000000;}
</style>
    <link id="astra-menu-animation-css" rel="stylesheet" href="https://askomdch.com/wp-content/themes/astra/assets/css/minified/menu-animation.min.css?ver=3.7.5" media="all"/>
    <link id="wp-block-library-css" rel="stylesheet" href="https://askomdch.com/wp-includes/css/dist/block-library/style.min.css?ver=5.8.1" media="all"/>
    <link id="wc-blocks-vendors-style-css" rel="stylesheet" href="https://askomdch.com/wp-content/plugins/woocommerce/packages/woocommerce-blocks/build/wc-blocks-vendors-style.css?ver=5.9.1" media="all"/>
    <link id="wc-blocks-style-css" rel="stylesheet" href="https://askomdch.com/wp-content/plugins/woocommerce/packages/woocommerce-blocks/build/wc-blocks-style.css?ver=5.9.1" media="all"/>
    <style id="global-styles-inline-css">
body{--wp--preset--color--black: #000000;--wp--preset--color--cyan-bluish-gray: #abb8c3;--wp--preset--color--white: #ffffff;--wp--preset--color--pale-pink: #f78da7;--wp--preset--color--vivid-red: #cf2e2e;--wp--preset--color--luminous-vivid-orange: #ff6900;--wp--preset--color--luminous-vivid-amber: #fcb900;--wp--preset--color--light-green-cyan: #7bdcb5;--wp--preset--color--vivid-green-cyan: #00d084;--wp--preset--color--pale-cyan-blue: #8ed1fc;--wp--preset--color--vivid-cyan-blue: #0693e3;--wp--preset--color--vivid-purple: #9b51e0;--wp--preset--color--ast-global-color-0: var(--ast-global-color-0);--wp--preset--color--ast-global-color-1: var(--ast-global-color-1);--wp--preset--color--ast-global-color-2: var(--ast-global-color-2);--wp--preset--color--ast-global-color-3: var(--ast-global-color-3);--wp--preset--color--ast-global-color-4: var(--ast-global-color-4);--wp--preset--color--ast-global-color-5: var(--ast-global-color-5);--wp--preset--color--ast-global-color-6: var(--ast-global-color-6);--wp--preset--color--ast-global-color-7: var(--ast-global-color-7);--wp--preset--color--ast-global-color-8: var(--ast-global-color-8);--wp--preset--gradient--vivid-cyan-blue-to-vivid-purple: linear-gradient(135deg,rgba(6,147,227,1) 0%,rgb(155,81,224) 100%);--wp--preset--gradient--light-green-cyan-to-vivid-green-cyan: linear-gradient(135deg,rgb(122,220,180) 0%,rgb(0,208,130) 100%);--wp--preset--gradient--luminous-vivid-amber-to-luminous-vivid-orange: linear-gradient(135deg,rgba(252,185,0,1) 0%,rgba(255,105,0,1) 100%);--wp--preset--gradient--luminous-vivid-orange-to-vivid-red: linear-gradient(135deg,rgba(255,105,0,1) 0%,rgb(207,46,46) 100%);--wp--preset--gradient--very-light-gray-to-cyan-bluish-gray: linear-gradient(135deg,rgb(238,238,238) 0%,rgb(169,184,195) 100%);--wp--preset--gradient--cool-to-warm-spectrum: linear-gradient(135deg,rgb(74,234,220) 0%,rgb(151,120,209) 20%,rgb(207,42,186) 40%,rgb(238,44,130) 60%,rgb(251,105,98) 80%,rgb(254,248,76) 100%);--wp--preset--gradient--blush-light-purple: linear-gradient(135deg,rgb(255,206,236) 0%,rgb(152,150,240) 100%);--wp--preset--gradient--blush-bordeaux: linear-gradient(135deg,rgb(254,205,165) 0%,rgb(254,45,45) 50%,rgb(107,0,62) 100%);--wp--preset--gradient--luminous-dusk: linear-gradient(135deg,rgb(255,203,112) 0%,rgb(199,81,192) 50%,rgb(65,88,208) 100%);--wp--preset--gradient--pale-ocean: linear-gradient(135deg,rgb(255,245,203) 0%,rgb(182,227,212) 50%,rgb(51,167,181) 100%);--wp--preset--gradient--electric-grass: linear-gradient(135deg,rgb(202,248,128) 0%,rgb(113,206,126) 100%);--wp--preset--gradient--midnight: linear-gradient(135deg,rgb(2,3,129) 0%,rgb(40,116,252) 100%);--wp--preset--font-size--small: 13px;--wp--preset--font-size--normal: 16px;--wp--preset--font-size--medium: 20px;--wp--preset--font-size--large: 36px;--wp--preset--font-size--huge: 42px;}.has-black-color{color: var(--wp--preset--color--black) !important;}.has-cyan-bluish-gray-color{color: var(--wp--preset--color--cyan-bluish-gray) !important;}.has-white-color{color: var(--wp--preset--color--white) !important;}.has-pale-pink-color{color: var(--wp--preset--color--pale-pink) !important;}.has-vivid-red-color{color: var(--wp--preset--color--vivid-red) !important;}.has-luminous-vivid-orange-color{color: var(--wp--preset--color--luminous-vivid-orange) !important;}.has-luminous-vivid-amber-color{color: var(--wp--preset--color--luminous-vivid-amber) !important;}.has-light-green-cyan-color{color: var(--wp--preset--color--light-green-cyan) !important;}.has-vivid-green-cyan-color{color: var(--wp--preset--color--vivid-green-cyan) !important;}.has-pale-cyan-blue-color{color: var(--wp--preset--color--pale-cyan-blue) !important;}.has-vivid-cyan-blue-color{color: var(--wp--preset--color--vivid-cyan-blue) !important;}.has-vivid-purple-color{color: var(--wp--preset--color--vivid-purple) !important;}.has-ast-global-color-0-color{color: var(--wp--preset--color--ast-global-color-0) !important;}.has-ast-global-color-1-color{color: var(--wp--preset--color--ast-global-color-1) !important;}.has-ast-global-color-2-color{color: var(--wp--preset--color--ast-global-color-2) !important;}.has-ast-global-color-3-color{color: var(--wp--preset--color--ast-global-color-3) !important;}.has-ast-global-color-4-color{color: var(--wp--preset--color--ast-global-color-4) !important;}.has-ast-global-color-5-color{color: var(--wp--preset--color--ast-global-color-5) !important;}.has-ast-global-color-6-color{color: var(--wp--preset--color--ast-global-color-6) !important;}.has-ast-global-color-7-color{color: var(--wp--preset--color--ast-global-color-7) !important;}.has-ast-global-color-8-color{color: var(--wp--preset--color--ast-global-color-8) !important;}.has-black-background-color{background-color: var(--wp--preset--color--black) !important;}.has-cyan-bluish-gray-background-color{background-color: var(--wp--preset--color--cyan-bluish-gray) !important;}.has-white-background-color{background-color: var(--wp--preset--color--white) !important;}.has-pale-pink-background-color{background-color: var(--wp--preset--color--pale-pink) !important;}.has-vivid-red-background-color{background-color: var(--wp--preset--color--vivid-red) !important;}.has-luminous-vivid-orange-background-color{background-color: var(--wp--preset--color--luminous-vivid-orange) !important;}.has-luminous-vivid-amber-background-color{background-color: var(--wp--preset--color--luminous-vivid-amber) !important;}.has-light-green-cyan-background-color{background-color: var(--wp--preset--color--light-green-cyan) !important;}.has-vivid-green-cyan-background-color{background-color: var(--wp--preset--color--vivid-green-cyan) !important;}.has-pale-cyan-blue-background-color{background-color: var(--wp--preset--color--pale-cyan-blue) !important;}.has-vivid-cyan-blue-background-color{background-color: var(--wp--preset--color--vivid-cyan-blue) !important;}.has-vivid-purple-background-color{background-color: var(--wp--preset--color--vivid-purple) !important;}.has-ast-global-color-0-background-color{background-color: var(--wp--preset--color--ast-global-color-0) !important;}.has-ast-global-color-1-background-color{background-color: var(--wp--preset--color--ast-global-color-1) !important;}.has-ast-global-color-2-background-color{background-color: var(--wp--preset--color--ast-global-color-2) !important;}.has-ast-global-color-3-background-color{background-color: var(--wp--preset--color--ast-global-color-3) !important;}.has-ast-global-color-4-background-color{background-color: var(--wp--preset--color--ast-global-color-4) !important;}.has-ast-global-color-5-background-color{background-color: var(--wp--preset--color--ast-global-color-5) !important;}.has-ast-global-color-6-background-color{background-color: var(--wp--preset--color--ast-global-color-6) !important;}.has-ast-global-color-7-background-color{background-color: var(--wp--preset--color--ast-global-color-7) !important;}.has-ast-global-color-8-background-color{background-color: var(--wp--preset--color--ast-global-color-8) !important;}.has-vivid-cyan-blue-to-vivid-purple-gradient-background{background: var(--wp--preset--gradient--vivid-cyan-blue-to-vivid-purple) !important;}.has-light-green-cyan-to-vivid-green-cyan-gradient-background{background: var(--wp--preset--gradient--light-green-cyan-to-vivid-green-cyan) !important;}.has-luminous-vivid-amber-to-luminous-vivid-orange-gradient-background{background: var(--wp--preset--gradient--luminous-vivid-amber-to-luminous-vivid-orange) !important;}.has-luminous-vivid-orange-to-vivid-red-gradient-background{background: var(--wp--preset--gradient--luminous-vivid-orange-to-vivid-red) !important;}.has-very-light-gray-to-cyan-bluish-gray-gradient-background{background: var(--wp--preset--gradient--very-light-gray-to-cyan-bluish-gray) !important;}.has-cool-to-warm-spectrum-gradient-background{background: var(--wp--preset--gradient--cool-to-warm-spectrum) !important;}.has-blush-light-purple-gradient-background{background: var(--wp--preset--gradient--blush-light-purple) !important;}.has-blush-bordeaux-gradient-background{background: var(--wp--preset--gradient--blush-bordeaux) !important;}.has-luminous-dusk-gradient-background{background: var(--wp--preset--gradient--luminous-dusk) !important;}.has-pale-ocean-gradient-background{background: var(--wp--preset--gradient--pale-ocean) !important;}.has-electric-grass-gradient-background{background: var(--wp--preset--gradient--electric-grass) !important;}.has-midnight-gradient-background{background: var(--wp--preset--gradient--midnight) !important;}.has-small-font-size{font-size: var(--wp--preset--font-size--small) !important;}.has-normal-font-size{font-size: var(--wp--preset--font-size--normal) !important;}.has-medium-font-size{font-size: var(--wp--preset--font-size--medium) !important;}.has-large-font-size{font-size: var(--wp--preset--font-size--large) !important;}.has-huge-font-size{font-size: var(--wp--preset--font-size--huge) !important;}
</style>
    <link id="woocommerce-layout-css" rel="stylesheet" href="https://askomdch.com/wp-content/themes/astra/assets/css/minified/compatibility/woocommerce/woocommerce-layout.min.css?ver=3.7.5" media="all"/>
    <link id="woocommerce-smallscreen-css" rel="stylesheet" href="https://askomdch.com/wp-content/themes/astra/assets/css/minified/compatibility/woocommerce/woocommerce-smallscreen.min.css?ver=3.7.5" media="only screen and (max-width: 921px)"/>
    <link id="woocommerce-general-css" rel="stylesheet" href="https://askomdch.com/wp-content/themes/astra/assets/css/minified/compatibility/woocommerce/woocommerce.min.css?ver=3.7.5" media="all"/>
    <style id="woocommerce-general-inline-css">
#customer_details h3:not(.elementor-widget-woocommerce-checkout-page h3){font-size:1.2rem;padding:20px 0 14px;margin:0 0 20px;border-bottom:1px solid #ebebeb;}form #order_review_heading:not(.elementor-widget-woocommerce-checkout-page #order_review_heading){border-width:2px 2px 0 2px;border-style:solid;font-size:1.2rem;margin:0;padding:1.5em 1.5em 1em;border-color:#ebebeb;}form #order_review:not(.elementor-widget-woocommerce-checkout-page #order_review){padding:0 2em;border-width:0 2px 2px;border-style:solid;border-color:#ebebeb;}ul#shipping_method li:not(.elementor-widget-woocommerce-cart #shipping_method li){margin:0;padding:0.25em 0 0.25em 22px;text-indent:-22px;list-style:none outside;}.woocommerce span.onsale, .wc-block-grid__product .wc-block-grid__product-onsale{background-color:#54595f;color:#ffffff;}.woocommerce a.button, .woocommerce button.button, .woocommerce .woocommerce-message a.button, .woocommerce #respond input#submit.alt, .woocommerce a.button.alt, .woocommerce button.button.alt, .woocommerce input.button.alt, .woocommerce input.button,.woocommerce input.button:disabled, .woocommerce input.button:disabled[disabled], .woocommerce input.button:disabled:hover, .woocommerce input.button:disabled[disabled]:hover, .woocommerce #respond input#submit, .woocommerce button.button.alt.disabled, .wc-block-grid__products .wc-block-grid__product .wp-block-button__link, .wc-block-grid__product-onsale{color:#ffffff;border-color:#3197d6;background-color:#3197d6;}.woocommerce a.button:hover, .woocommerce button.button:hover, .woocommerce .woocommerce-message a.button:hover,.woocommerce #respond input#submit:hover,.woocommerce #respond input#submit.alt:hover, .woocommerce a.button.alt:hover, .woocommerce button.button.alt:hover, .woocommerce input.button.alt:hover, .woocommerce input.button:hover, .woocommerce button.button.alt.disabled:hover, .wc-block-grid__products .wc-block-grid__product .wp-block-button__link:hover{color:#ffffff;border-color:#0084d6;background-color:#0084d6;}.woocommerce-message, .woocommerce-info{border-top-color:#4e4e4e;}.woocommerce-message::before,.woocommerce-info::before{color:#4e4e4e;}.woocommerce ul.products li.product .price, .woocommerce div.product p.price, .woocommerce div.product span.price, .widget_layered_nav_filters ul li.chosen a, .woocommerce-page ul.products li.product .ast-woo-product-category, .wc-layered-nav-rating a{color:#333333;}.woocommerce nav.woocommerce-pagination ul,.woocommerce nav.woocommerce-pagination ul li{border-color:#4e4e4e;}.woocommerce nav.woocommerce-pagination ul li a:focus, .woocommerce nav.woocommerce-pagination ul li a:hover, .woocommerce nav.woocommerce-pagination ul li span.current{background:#4e4e4e;color:#ffffff;}.woocommerce-MyAccount-navigation-link.is-active a{color:#0084d6;}.woocommerce .widget_price_filter .ui-slider .ui-slider-range, .woocommerce .widget_price_filter .ui-slider .ui-slider-handle{background-color:#4e4e4e;}.woocommerce a.button, .woocommerce button.button, .woocommerce .woocommerce-message a.button, .woocommerce #respond input#submit.alt, .woocommerce a.button.alt, .woocommerce button.button.alt, .woocommerce input.button.alt, .woocommerce input.button,.woocommerce-cart table.cart td.actions .button, .woocommerce form.checkout_coupon .button, .woocommerce #respond input#submit, .wc-block-grid__products .wc-block-grid__product .wp-block-button__link{border-radius:0;padding-top:17px;padding-right:30px;padding-bottom:17px;padding-left:30px;}.woocommerce .star-rating, .woocommerce .comment-form-rating .stars a, .woocommerce .star-rating::before{color:#4e4e4e;}.woocommerce div.product .woocommerce-tabs ul.tabs li.active:before{background:#4e4e4e;}.woocommerce a.remove:hover{color:#4e4e4e;border-color:#4e4e4e;background-color:#ffffff;}.woocommerce ul.product-categories &gt; li ul li:before{content:"\e900";padding:0 5px 0 5px;display:inline-block;font-family:Astra;transform:rotate(-90deg);font-size:0.7rem;}@media (min-width:545px) and (max-width:921px){.woocommerce.tablet-columns-6 ul.products li.product, .woocommerce-page.tablet-columns-6 ul.products li.product{width:calc(16.66% - 16.66px);}.woocommerce.tablet-columns-5 ul.products li.product, .woocommerce-page.tablet-columns-5 ul.products li.product{width:calc(20% - 16px);}.woocommerce.tablet-columns-4 ul.products li.product, .woocommerce-page.tablet-columns-4 ul.products li.product{width:calc(25% - 15px);}.woocommerce.tablet-columns-3 ul.products li.product, .woocommerce-page.tablet-columns-3 ul.products li.product{width:calc(33.33% - 14px);}.woocommerce.tablet-columns-2 ul.products li.product, .woocommerce-page.tablet-columns-2 ul.products li.product{width:calc(50% - 10px);}.woocommerce.tablet-columns-1 ul.products li.product, .woocommerce-page.tablet-columns-1 ul.products li.product{width:100%;}.woocommerce div.product .related.products ul.products li.product{width:calc(33.33% - 14px);}}@media (min-width:545px) and (max-width:921px){.woocommerce[class*="columns-"].columns-3 &gt; ul.products li.product, .woocommerce[class*="columns-"].columns-4 &gt; ul.products li.product, .woocommerce[class*="columns-"].columns-5 &gt; ul.products li.product, .woocommerce[class*="columns-"].columns-6 &gt; ul.products li.product{width:calc(33.33% - 14px);margin-right:20px;}.woocommerce[class*="columns-"].columns-3 &gt; ul.products li.product:nth-child(3n), .woocommerce[class*="columns-"].columns-4 &gt; ul.products li.product:nth-child(3n), .woocommerce[class*="columns-"].columns-5 &gt; ul.products li.product:nth-child(3n), .woocommerce[class*="columns-"].columns-6 &gt; ul.products li.product:nth-child(3n){margin-right:0;clear:right;}.woocommerce[class*="columns-"].columns-3 &gt; ul.products li.product:nth-child(3n+1), .woocommerce[class*="columns-"].columns-4 &gt; ul.products li.product:nth-child(3n+1), .woocommerce[class*="columns-"].columns-5 &gt; ul.products li.product:nth-child(3n+1), .woocommerce[class*="columns-"].columns-6 &gt; ul.products li.product:nth-child(3n+1){clear:left;}.woocommerce[class*="columns-"] ul.products li.product:nth-child(n), .woocommerce-page[class*="columns-"] ul.products li.product:nth-child(n){margin-right:20px;clear:none;}.woocommerce.tablet-columns-2 ul.products li.product:nth-child(2n), .woocommerce-page.tablet-columns-2 ul.products li.product:nth-child(2n), .woocommerce.tablet-columns-3 ul.products li.product:nth-child(3n), .woocommerce-page.tablet-columns-3 ul.products li.product:nth-child(3n), .woocommerce.tablet-columns-4 ul.products li.product:nth-child(4n), .woocommerce-page.tablet-columns-4 ul.products li.product:nth-child(4n), .woocommerce.tablet-columns-5 ul.products li.product:nth-child(5n), .woocommerce-page.tablet-columns-5 ul.products li.product:nth-child(5n), .woocommerce.tablet-columns-6 ul.products li.product:nth-child(6n), .woocommerce-page.tablet-columns-6 ul.products li.product:nth-child(6n){margin-right:0;clear:right;}.woocommerce.tablet-columns-2 ul.products li.product:nth-child(2n+1), .woocommerce-page.tablet-columns-2 ul.products li.product:nth-child(2n+1), .woocommerce.tablet-columns-3 ul.products li.product:nth-child(3n+1), .woocommerce-page.tablet-columns-3 ul.products li.product:nth-child(3n+1), .woocommerce.tablet-columns-4 ul.products li.product:nth-child(4n+1), .woocommerce-page.tablet-columns-4 ul.products li.product:nth-child(4n+1), .woocommerce.tablet-columns-5 ul.products li.product:nth-child(5n+1), .woocommerce-page.tablet-columns-5 ul.products li.product:nth-child(5n+1), .woocommerce.tablet-columns-6 ul.products li.product:nth-child(6n+1), .woocommerce-page.tablet-columns-6 ul.products li.product:nth-child(6n+1){clear:left;}.woocommerce div.product .related.products ul.products li.product:nth-child(3n), .woocommerce-page.tablet-columns-1 .site-main ul.products li.product{margin-right:0;clear:right;}.woocommerce div.product .related.products ul.products li.product:nth-child(3n+1){clear:left;}}@media (min-width:922px){.woocommerce #reviews #comments{width:55%;float:left;}.woocommerce #reviews #review_form_wrapper{width:45%;padding-left:2em;float:right;}.woocommerce form.checkout_coupon{width:50%;}}@media (max-width:921px){.ast-header-break-point.ast-woocommerce-cart-menu .header-main-layout-1.ast-mobile-header-stack.ast-no-menu-items .ast-site-header-cart, .ast-header-break-point.ast-woocommerce-cart-menu .header-main-layout-3.ast-mobile-header-stack.ast-no-menu-items .ast-site-header-cart{padding-right:0;padding-left:0;}.ast-header-break-point.ast-woocommerce-cart-menu .header-main-layout-1.ast-mobile-header-stack .main-header-bar{text-align:center;}.ast-header-break-point.ast-woocommerce-cart-menu .header-main-layout-1.ast-mobile-header-stack .ast-site-header-cart, .ast-header-break-point.ast-woocommerce-cart-menu .header-main-layout-1.ast-mobile-header-stack .ast-mobile-menu-buttons{display:inline-block;}.ast-header-break-point.ast-woocommerce-cart-menu .header-main-layout-2.ast-mobile-header-inline .site-branding{flex:auto;}.ast-header-break-point.ast-woocommerce-cart-menu .header-main-layout-3.ast-mobile-header-stack .site-branding{flex:0 0 100%;}.ast-header-break-point.ast-woocommerce-cart-menu .header-main-layout-3.ast-mobile-header-stack .main-header-container{display:flex;justify-content:center;}.woocommerce-cart .woocommerce-shipping-calculator .button{width:100%;}.woocommerce div.product div.images, .woocommerce div.product div.summary, .woocommerce #content div.product div.images, .woocommerce #content div.product div.summary, .woocommerce-page div.product div.images, .woocommerce-page div.product div.summary, .woocommerce-page #content div.product div.images, .woocommerce-page #content div.product div.summary{float:none;width:100%;}.woocommerce-cart table.cart td.actions .ast-return-to-shop{display:block;text-align:center;margin-top:1em;}}@media (max-width:544px){.ast-separate-container .ast-woocommerce-container{padding:.54em 1em 1.33333em;}.woocommerce-message, .woocommerce-error, .woocommerce-info{display:flex;flex-wrap:wrap;}.woocommerce-message a.button, .woocommerce-error a.button, .woocommerce-info a.button{order:1;margin-top:.5em;}.woocommerce .woocommerce-ordering, .woocommerce-page .woocommerce-ordering{float:none;margin-bottom:2em;width:100%;}.woocommerce ul.products a.button, .woocommerce-page ul.products a.button{padding:0.5em 0.75em;}.woocommerce table.cart td.actions .button, .woocommerce #content table.cart td.actions .button, .woocommerce-page table.cart td.actions .button, .woocommerce-page #content table.cart td.actions .button{padding-left:1em;padding-right:1em;}.woocommerce #content table.cart .button, .woocommerce-page #content table.cart .button{width:100%;}.woocommerce #content table.cart .product-thumbnail, .woocommerce-page #content table.cart .product-thumbnail{display:block;text-align:center !important;}.woocommerce #content table.cart .product-thumbnail::before, .woocommerce-page #content table.cart .product-thumbnail::before{display:none;}.woocommerce #content table.cart td.actions .coupon, .woocommerce-page #content table.cart td.actions .coupon{float:none;}.woocommerce #content table.cart td.actions .coupon .button, .woocommerce-page #content table.cart td.actions .coupon .button{flex:1;}.woocommerce #content div.product .woocommerce-tabs ul.tabs li a, .woocommerce-page #content div.product .woocommerce-tabs ul.tabs li a{display:block;}.woocommerce div.product .related.products ul.products li.product, .woocommerce.mobile-columns-2 ul.products li.product, .woocommerce-page.mobile-columns-2 ul.products li.product{width:calc(50% - 10px);}.woocommerce.mobile-columns-6 ul.products li.product, .woocommerce-page.mobile-columns-6 ul.products li.product{width:calc(16.66% - 16.66px);}.woocommerce.mobile-columns-5 ul.products li.product, .woocommerce-page.mobile-columns-5 ul.products li.product{width:calc(20% - 16px);}.woocommerce.mobile-columns-4 ul.products li.product, .woocommerce-page.mobile-columns-4 ul.products li.product{width:calc(25% - 15px);}.woocommerce.mobile-columns-3 ul.products li.product, .woocommerce-page.mobile-columns-3 ul.products li.product{width:calc(33.33% - 14px);}.woocommerce.mobile-columns-1 ul.products li.product, .woocommerce-page.mobile-columns-1 ul.products li.product{width:100%;}}@media (max-width:544px){.woocommerce ul.products a.button.loading::after, .woocommerce-page ul.products a.button.loading::after{display:inline-block;margin-left:5px;position:initial;}.woocommerce.mobile-columns-1 .site-main ul.products li.product:nth-child(n), .woocommerce-page.mobile-columns-1 .site-main ul.products li.product:nth-child(n){margin-right:0;}.woocommerce #content div.product .woocommerce-tabs ul.tabs li, .woocommerce-page #content div.product .woocommerce-tabs ul.tabs li{display:block;margin-right:0;}.woocommerce[class*="columns-"].columns-3 &gt; ul.products li.product, .woocommerce[class*="columns-"].columns-4 &gt; ul.products li.product, .woocommerce[class*="columns-"].columns-5 &gt; ul.products li.product, .woocommerce[class*="columns-"].columns-6 &gt; ul.products li.product{width:calc(50% - 10px);margin-right:20px;}.woocommerce[class*="columns-"] ul.products li.product:nth-child(n), .woocommerce-page[class*="columns-"] ul.products li.product:nth-child(n){margin-right:20px;clear:none;}.woocommerce-page[class*=columns-].columns-3&gt;ul.products li.product:nth-child(2n), .woocommerce-page[class*=columns-].columns-4&gt;ul.products li.product:nth-child(2n), .woocommerce-page[class*=columns-].columns-5&gt;ul.products li.product:nth-child(2n), .woocommerce-page[class*=columns-].columns-6&gt;ul.products li.product:nth-child(2n), .woocommerce[class*=columns-].columns-3&gt;ul.products li.product:nth-child(2n), .woocommerce[class*=columns-].columns-4&gt;ul.products li.product:nth-child(2n), .woocommerce[class*=columns-].columns-5&gt;ul.products li.product:nth-child(2n), .woocommerce[class*=columns-].columns-6&gt;ul.products li.product:nth-child(2n){margin-right:0;clear:right;}.woocommerce[class*="columns-"].columns-3 &gt; ul.products li.product:nth-child(2n+1), .woocommerce[class*="columns-"].columns-4 &gt; ul.products li.product:nth-child(2n+1), .woocommerce[class*="columns-"].columns-5 &gt; ul.products li.product:nth-child(2n+1), .woocommerce[class*="columns-"].columns-6 &gt; ul.products li.product:nth-child(2n+1){clear:left;}.woocommerce-page[class*=columns-] ul.products li.product:nth-child(n), .woocommerce[class*=columns-] ul.products li.product:nth-child(n){margin-right:20px;clear:none;}.woocommerce.mobile-columns-6 ul.products li.product:nth-child(6n), .woocommerce-page.mobile-columns-6 ul.products li.product:nth-child(6n), .woocommerce.mobile-columns-5 ul.products li.product:nth-child(5n), .woocommerce-page.mobile-columns-5 ul.products li.product:nth-child(5n), .woocommerce.mobile-columns-4 ul.products li.product:nth-child(4n), .woocommerce-page.mobile-columns-4 ul.products li.product:nth-child(4n), .woocommerce.mobile-columns-3 ul.products li.product:nth-child(3n), .woocommerce-page.mobile-columns-3 ul.products li.product:nth-child(3n), .woocommerce.mobile-columns-2 ul.products li.product:nth-child(2n), .woocommerce-page.mobile-columns-2 ul.products li.product:nth-child(2n), .woocommerce div.product .related.products ul.products li.product:nth-child(2n){margin-right:0;clear:right;}.woocommerce.mobile-columns-6 ul.products li.product:nth-child(6n+1), .woocommerce-page.mobile-columns-6 ul.products li.product:nth-child(6n+1), .woocommerce.mobile-columns-5 ul.products li.product:nth-child(5n+1), .woocommerce-page.mobile-columns-5 ul.products li.product:nth-child(5n+1), .woocommerce.mobile-columns-4 ul.products li.product:nth-child(4n+1), .woocommerce-page.mobile-columns-4 ul.products li.product:nth-child(4n+1), .woocommerce.mobile-columns-3 ul.products li.product:nth-child(3n+1), .woocommerce-page.mobile-columns-3 ul.products li.product:nth-child(3n+1), .woocommerce.mobile-columns-2 ul.products li.product:nth-child(2n+1), .woocommerce-page.mobile-columns-2 ul.products li.product:nth-child(2n+1), .woocommerce div.product .related.products ul.products li.product:nth-child(2n+1){clear:left;}}@media (min-width:922px){.ast-woo-shop-archive .site-content &gt; .ast-container{max-width:1240px;}}@media (min-width:922px){.woocommerce #content .ast-woocommerce-container div.product div.images, .woocommerce .ast-woocommerce-container div.product div.images, .woocommerce-page #content .ast-woocommerce-container div.product div.images, .woocommerce-page .ast-woocommerce-container div.product div.images{width:50%;}.woocommerce #content .ast-woocommerce-container div.product div.summary, .woocommerce .ast-woocommerce-container div.product div.summary, .woocommerce-page #content .ast-woocommerce-container div.product div.summary, .woocommerce-page .ast-woocommerce-container div.product div.summary{width:46%;}.woocommerce.woocommerce-checkout form #customer_details.col2-set .col-1, .woocommerce.woocommerce-checkout form #customer_details.col2-set .col-2, .woocommerce-page.woocommerce-checkout form #customer_details.col2-set .col-1, .woocommerce-page.woocommerce-checkout form #customer_details.col2-set .col-2{float:none;width:auto;}}.woocommerce a.button , .woocommerce button.button.alt ,.woocommerce-page table.cart td.actions .button, .woocommerce-page #content table.cart td.actions .button , .woocommerce a.button.alt ,.woocommerce .woocommerce-message a.button , .ast-site-header-cart .widget_shopping_cart .buttons .button.checkout, .woocommerce button.button.alt.disabled , .wc-block-grid__products .wc-block-grid__product .wp-block-button__link {border:solid;border-top-width:0;border-right-width:0;border-left-width:0;border-bottom-width:0;border-color:#3197d6;}.woocommerce a.button:hover , .woocommerce button.button.alt:hover , .woocommerce-page table.cart td.actions .button:hover, .woocommerce-page #content table.cart td.actions .button:hover, .woocommerce a.button.alt:hover ,.woocommerce .woocommerce-message a.button:hover , .ast-site-header-cart .widget_shopping_cart .buttons .button.checkout:hover , .woocommerce button.button.alt.disabled:hover , .wc-block-grid__products .wc-block-grid__product .wp-block-button__link:hover{border-color:#0084d6;}.widget_product_search button{flex:0 0 auto;padding:10px 20px;;}@media (min-width:922px){.woocommerce.woocommerce-checkout form #customer_details.col2-set, .woocommerce-page.woocommerce-checkout form #customer_details.col2-set{width:55%;float:left;margin-right:4.347826087%;}.woocommerce.woocommerce-checkout form #order_review, .woocommerce.woocommerce-checkout form #order_review_heading, .woocommerce-page.woocommerce-checkout form #order_review, .woocommerce-page.woocommerce-checkout form #order_review_heading{width:40%;float:right;margin-right:0;clear:right;}}
</style>
    <style id="woocommerce-inline-inline-css">
.woocommerce form .form-row .required { visibility: visible; }
</style>
    <script id="jquery-core-js" src="https://askomdch.com/wp-includes/js/jquery/jquery.min.js?ver=3.6.0"/>
    <script id="jquery-migrate-js" src="https://askomdch.com/wp-includes/js/jquery/jquery-migrate.min.js?ver=3.3.2"/>
    <link rel="canonical" href="https://askomdch.com/account/"/>
    <noscript>
      <style>.woocommerce-product-gallery{ opacity: 1 !important; }</style>
    </noscript>
    <style>.recentcomments a{display:inline !important;padding:0 !important;margin:0 !important;}</style>
  </head>
  <body class="page-template-default page page-id-1235 theme-astra woocommerce-account woocommerce-page woocommerce-no-js ast-single-post ast-mobile-inherit-site-logo ast-woocommerce-cart-menu ast-inherit-site-logo-transparent ast-theme-transparent-header ast-hfb-header ast-desktop ast-plain-container ast-no-sidebar astra-3.7.5" itemtype="https://schema.org/WebPage" itemscope="itemscope">
    <a shape="rect" class="skip-link screen-reader-text" href="#content" role="link" title="Skip to content">
Skip to content</a>
    <div class="hfeed site" id="page">
      <header class="site-header ast-primary-submenu-animation-slide-up header-main-layout-1 ast-primary-menu-enabled ast-builder-menu-toggle-icon ast-mobile-header-inline" id="masthead" itemtype="https://schema.org/WPHeader" itemscope="itemscope" itemid="#masthead">
        <div id="ast-desktop-header" data-toggle-type="dropdown">
          <div class="ast-main-header-wrap main-header-bar-wrap">
            <div class="ast-primary-header-bar ast-primary-header main-header-bar site-header-focus-item" data-section="section-primary-header-builder">
              <div class="site-primary-header-wrap ast-builder-grid-row-container site-header-focus-item ast-container" data-section="section-primary-header-builder">
                <div class="ast-builder-grid-row ast-builder-grid-row-has-sides ast-builder-grid-row-no-center">
                  <div class="site-header-primary-section-left site-header-section ast-flex site-header-section-left">
                    <div class="ast-builder-layout-element ast-flex site-header-focus-item" data-section="title_tagline">
                      <div class="site-branding ast-site-identity" itemtype="https://schema.org/Organization" itemscope="itemscope">
                        <div class="ast-site-title-wrap">
                          <span class="site-title" itemprop="name">
                            <a shape="rect" href="https://askomdch.com/" rel="home" itemprop="url">
AskOmDch
</a>
                          </span>
                        </div>
                      </div>
                    </div>
                  </div>
                  <div class="site-header-primary-section-right site-header-section ast-flex ast-grid-right-section">
                    <div class="ast-builder-menu-1 ast-builder-menu ast-flex ast-builder-menu-1-focus-item ast-builder-layout-element site-header-focus-item" data-section="section-hb-menu-1">
                      <div class="ast-main-header-bar-alignment">
                        <div class="main-header-bar-navigation">
                          <nav class="site-navigation ast-flex-grow-1 navigation-accessibility site-header-focus-item" id="primary-site-navigation" aria-label="Site Navigation" itemtype="https://schema.org/SiteNavigationElement" itemscope="itemscope">
                            <div class="main-navigation ast-inline-flex">
                              <ul class="main-header-menu ast-menu-shadow ast-nav-menu ast-flex submenu-with-border astra-menu-animation-slide-up stack-on-mobile" id="ast-hf-menu-1">
                                <li class="menu-item menu-item-type-post_type menu-item-object-page menu-item-home menu-item-1226" id="menu-item-1226">
                                  <a shape="rect" class="menu-link" href="https://askomdch.com/">Home</a>
                                </li>
                                <li class="menu-item menu-item-type-post_type menu-item-object-page menu-item-1227" id="menu-item-1227">
                                  <a shape="rect" class="menu-link" href="https://askomdch.com/store/">Store</a>
                                </li>
                                <li class="menu-item menu-item-type-taxonomy menu-item-object-product_cat menu-item-1228" id="menu-item-1228">
                                  <a shape="rect" class="menu-link" href="https://askomdch.com/product-category/men/">Men</a>
                                </li>
                                <li class="menu-item menu-item-type-taxonomy menu-item-object-product_cat menu-item-1229" id="menu-item-1229">
                                  <a shape="rect" class="menu-link" href="https://askomdch.com/product-category/women/">Women</a>
                                </li>
                                <li class="menu-item menu-item-type-taxonomy menu-item-object-product_cat menu-item-1230" id="menu-item-1230">
                                  <a shape="rect" class="menu-link" href="https://askomdch.com/product-category/accessories/">Accessories</a>
                                </li>
                                <li class="menu-item menu-item-type-post_type menu-item-object-page current-menu-item page_item page-item-1235 current_page_item menu-item-1237" id="menu-item-1237">
                                  <a shape="rect" class="menu-link" href="https://askomdch.com/account/" aria-current="page">Account</a>
                                </li>
                                <li class="menu-item menu-item-type-post_type menu-item-object-page menu-item-1232" id="menu-item-1232">
                                  <a shape="rect" class="menu-link" href="https://askomdch.com/about/">About</a>
                                </li>
                                <li class="menu-item menu-item-type-post_type menu-item-object-page menu-item-1233" id="menu-item-1233">
                                  <a shape="rect" class="menu-link" href="https://askomdch.com/contact-us/">Contact Us</a>
                                </li>
                              </ul>
                            </div>
                          </nav>
                        </div>
                      </div>
                    </div>
                    <div class="ast-builder-layout-element site-header-focus-item ast-header-woo-cart" data-section="section-header-woo-cart">
                      <div class="ast-site-header-cart ast-menu-cart-with-border ast-menu-cart-fill" id="ast-site-header-cart">
                        <div class="ast-site-header-cart-li">
                          <a shape="rect" class="cart-container" href="https://askomdch.com/cart/" title="View your shopping cart"/>
                          <div class="ast-cart-menu-wrap">
                            <span class="count">
0 </span>
                          </div>
                        </div>
                        <div class="ast-site-header-cart-data">
                          <div class="widget woocommerce widget_shopping_cart">
                            <div class="widget_shopping_cart_content"/>
                          </div>
                        </div>
                      </div>
                    </div>
                  </div>
                </div>
              </div>
            </div>
          </div>
          <div class="ast-desktop-header-content content-align-flex-start"/>
        </div>
        <div class="ast-mobile-header-wrap" id="ast-mobile-header" data-type="dropdown">
          <div class="ast-main-header-wrap main-header-bar-wrap">
            <div class="ast-primary-header-bar ast-primary-header main-header-bar site-primary-header-wrap site-header-focus-item ast-builder-grid-row-layout-default ast-builder-grid-row-tablet-layout-default ast-builder-grid-row-mobile-layout-default" data-section="section-primary-header-builder">
              <div class="ast-builder-grid-row ast-builder-grid-row-has-sides ast-builder-grid-row-no-center">
                <div class="site-header-primary-section-left site-header-section ast-flex site-header-section-left">
                  <div class="ast-builder-layout-element ast-flex site-header-focus-item" data-section="title_tagline">
                    <div class="site-branding ast-site-identity" itemtype="https://schema.org/Organization" itemscope="itemscope">
                      <div class="ast-site-title-wrap">
                        <span class="site-title" itemprop="name">
                          <a shape="rect" href="https://askomdch.com/" rel="home" itemprop="url">
AskOmDch
</a>
                        </span>
                      </div>
                    </div>
                  </div>
                </div>
                <div class="site-header-primary-section-right site-header-section ast-flex ast-grid-right-section">
                  <div class="ast-builder-layout-element site-header-focus-item ast-header-woo-cart" data-section="section-header-woo-cart">
                    <div class="ast-site-header-cart ast-menu-cart-with-border ast-menu-cart-fill" id="ast-site-header-cart">
                      <div class="ast-site-header-cart-li">
                        <a shape="rect" class="cart-container" href="https://askomdch.com/cart/" title="View your shopping cart"/>
                        <div class="ast-cart-menu-wrap">
                          <span class="count">
0 </span>
                        </div>
                      </div>
                      <div class="ast-site-header-cart-data">
                        <div class="widget woocommerce widget_shopping_cart">
                          <div class="widget_shopping_cart_content"/>
                        </div>
                      </div>
                    </div>
                  </div>
                  <div class="ast-builder-layout-element ast-flex site-header-focus-item" data-section="section-header-mobile-trigger">
                    <div class="ast-button-wrap">
                      <button type="button" class="menu-toggle main-header-menu-toggle ast-mobile-menu-trigger-minimal" aria-expanded="false">
                        <span class="screen-reader-text">Main Menu</span>
                        <span class="mobile-menu-toggle-icon">
                          <span class="ahfb-svg-iconset ast-inline-flex svg-baseline">
                            <svg class="ast-mobile-svg ast-menu2-svg" fill="currentColor" version="1.1" width="24" height="28" viewbox="0 0 24 28">
                              <path d="M24 21v2c0 0.547-0.453 1-1 1h-22c-0.547 0-1-0.453-1-1v-2c0-0.547 0.453-1 1-1h22c0.547 0 1 0.453 1 1zM24 13v2c0 0.547-0.453 1-1 1h-22c-0.547 0-1-0.453-1-1v-2c0-0.547 0.453-1 1-1h22c0.547 0 1 0.453 1 1zM24 5v2c0 0.547-0.453 1-1 1h-22c-0.547 0-1-0.453-1-1v-2c0-0.547 0.453-1 1-1h22c0.547 0 1 0.453 1 1z"/>
                            </svg>
                          </span>
                          <span class="ahfb-svg-iconset ast-inline-flex svg-baseline">
                            <svg class="ast-mobile-svg ast-close-svg" fill="currentColor" version="1.1" width="24" height="24" viewbox="0 0 24 24">
                              <path d="M5.293 6.707l5.293 5.293-5.293 5.293c-0.391 0.391-0.391 1.024 0 1.414s1.024 0.391 1.414 0l5.293-5.293 5.293 5.293c0.391 0.391 1.024 0.391 1.414 0s0.391-1.024 0-1.414l-5.293-5.293 5.293-5.293c0.391-0.391 0.391-1.024 0-1.414s-1.024-0.391-1.414 0l-5.293 5.293-5.293-5.293c-0.391-0.391-1.024-0.391-1.414 0s-0.391 1.024 0 1.414z"/>
                            </svg>
                          </span>
                        </span>
                      </button>
                    </div>
                  </div>
                </div>
              </div>
            </div>
          </div>
          <div class="ast-mobile-header-content content-align-flex-start">
            <div class="ast-builder-menu-1 ast-builder-menu ast-flex ast-builder-menu-1-focus-item ast-builder-layout-element site-header-focus-item" data-section="section-hb-menu-1">
              <div class="ast-main-header-bar-alignment">
                <div class="main-header-bar-navigation">
                  <nav class="site-navigation ast-flex-grow-1 navigation-accessibility site-header-focus-item" id="primary-site-navigation" aria-label="Site Navigation" itemtype="https://schema.org/SiteNavigationElement" itemscope="itemscope">
                    <div class="main-navigation ast-inline-flex">
                      <ul class="main-header-menu ast-menu-shadow ast-nav-menu ast-flex submenu-with-border astra-menu-animation-slide-up stack-on-mobile" id="ast-hf-menu-1">
                        <li class="menu-item menu-item-type-post_type menu-item-object-page menu-item-home menu-item-1226">
                          <a shape="rect" class="menu-link" href="https://askomdch.com/">Home</a>
                        </li>
                        <li class="menu-item menu-item-type-post_type menu-item-object-page menu-item-1227">
                          <a shape="rect" class="menu-link" href="https://askomdch.com/store/">Store</a>
                        </li>
                        <li class="menu-item menu-item-type-taxonomy menu-item-object-product_cat menu-item-1228">
                          <a shape="rect" class="menu-link" href="https://askomdch.com/product-category/men/">Men</a>
                        </li>
                        <li class="menu-item menu-item-type-taxonomy menu-item-object-product_cat menu-item-1229">
                          <a shape="rect" class="menu-link" href="https://askomdch.com/product-category/women/">Women</a>
                        </li>
                        <li class="menu-item menu-item-type-taxonomy menu-item-object-product_cat menu-item-1230">
                          <a shape="rect" class="menu-link" href="https://askomdch.com/product-category/accessories/">Accessories</a>
                        </li>
                        <li class="menu-item menu-item-type-post_type menu-item-object-page current-menu-item page_item page-item-1235 current_page_item menu-item-1237">
                          <a shape="rect" class="menu-link" href="https://askomdch.com/account/" aria-current="page">Account</a>
                        </li>
                        <li class="menu-item menu-item-type-post_type menu-item-object-page menu-item-1232">
                          <a shape="rect" class="menu-link" href="https://askomdch.com/about/">About</a>
                        </li>
                        <li class="menu-item menu-item-type-post_type menu-item-object-page menu-item-1233">
                          <a shape="rect" class="menu-link" href="https://askomdch.com/contact-us/">Contact Us</a>
                        </li>
                      </ul>
                    </div>
                  </nav>
                </div>
              </div>
            </div>
          </div>
        </div>
      </header>
      <div class="site-content" id="content">
        <div class="ast-container">
          <div class="content-area primary" id="primary">
            <main id="main" class="site-main">
              <article class="post-1235 page type-page status-publish ast-article-single" id="post-1235" itemtype="https://schema.org/CreativeWork" itemscope="itemscope">
                <header class="entry-header ast-header-without-markup"/>
                <div class="entry-content clear" itemprop="text">
                  <div class="wp-block-cover alignfull has-background-dim" style="background-color:#001d35;min-height:400px">
                    <div class="wp-block-cover__inner-container">
                      <h1 class="has-text-align-center">Account</h1>
                    </div>
                  </div>
                  <div class="wp-block-group alignfull">
                    <div class="wp-block-group__inner-container">
                      <div class="wp-block-columns">
                        <div class="wp-block-column" style="flex-basis:100%"/>
                      </div>
                      <div class="woocommerce">
                        <div class="woocommerce-notices-wrapper"/>
                        <div class="u-columns col2-set" id="customer_login">
                          <div class="u-column1 col-1">
                            <h2>Login</h2>
                            <form enctype="application/x-www-form-urlencoded" method="post" class="woocommerce-form woocommerce-form-login login">
                              <p class="woocommerce-form-row woocommerce-form-row--wide form-row form-row-wide">
                                <label for="username">
Username or email address                                   <span class="required">*</span>
                                </label>
                                <input type="text" class="woocommerce-Input woocommerce-Input--text input-text" id="username" name="username" autocomplete="username" value=""/>
                              </p>
                              <p class="woocommerce-form-row woocommerce-form-row--wide form-row form-row-wide">
                                <label for="password">
Password                                   <span class="required">*</span>
                                </label>
                                <input type="password" class="woocommerce-Input woocommerce-Input--text input-text" id="password" name="password" autocomplete="current-password"/>
                              </p>
                              <p class="form-row">
                                <label class="woocommerce-form__label woocommerce-form__label-for-checkbox woocommerce-form-login__rememberme">
                                  <input type="checkbox" class="woocommerce-form__input woocommerce-form__input-checkbox" id="rememberme" name="rememberme" value="forever"/>
                                  <span>Remember me</span>
                                </label>
                                <input type="hidden" id="woocommerce-login-nonce" name="woocommerce-login-nonce" value="679b5e9476"/>
                                <input type="hidden" name="_wp_http_referer" value="/account/"/>
                                <button type="submit" class="woocommerce-button button woocommerce-form-login__submit" name="login" value="Log in">Log in</button>
                              </p>
                              <p class="woocommerce-LostPassword lost_password">
                                <a shape="rect" href="https://askomdch.com/account/lost-password/">Lost your password?</a>
                              </p>
                            </form>
                          </div>
                          <div class="u-column2 col-2">
                            <h2>Register</h2>
                            <form enctype="application/x-www-form-urlencoded" method="post" class="woocommerce-form woocommerce-form-register register">
                              <p class="woocommerce-form-row woocommerce-form-row--wide form-row form-row-wide">
                                <label for="reg_username">
Username                                   <span class="required">*</span>
                                </label>
                                <input type="text" class="woocommerce-Input woocommerce-Input--text input-text" id="reg_username" name="username" autocomplete="username" value=""/>
                              </p>
                              <p class="woocommerce-form-row woocommerce-form-row--wide form-row form-row-wide">
                                <label for="reg_email">
Email address                                   <span class="required">*</span>
                                </label>
                                <input type="email" class="woocommerce-Input woocommerce-Input--text input-text" id="reg_email" name="email" autocomplete="email" value=""/>
                              </p>
                              <p class="woocommerce-form-row woocommerce-form-row--wide form-row form-row-wide">
                                <label for="reg_password">
Password                                   <span class="required">*</span>
                                </label>
                                <input type="password" class="woocommerce-Input woocommerce-Input--text input-text" id="reg_password" name="password" autocomplete="new-password"/>
                              </p>
                              <div class="woocommerce-privacy-policy-text">
                                <p>TEST MODE ENABLED. DO NOT ENTER YOUR PERSONAL DATA.</p>
                              </div>
                              <p class="woocommerce-form-row form-row">
                                <input type="hidden" id="woocommerce-register-nonce" name="woocommerce-register-nonce" value="cbc2b22125"/>
                                <input type="hidden" name="_wp_http_referer" value="/account/"/>
                                <button type="submit" class="woocommerce-Button woocommerce-button button woocommerce-form-register__submit" name="register" value="Register">Register</button>
                              </p>
                            </form>
                          </div>
                        </div>
                      </div>
                    </div>
                  </div>
                  <p/>
                </div>
              </article>
            </main>
          </div>
        </div>
      </div>
      <div class="astra-mobile-cart-overlay"/>
      <div class="astra-cart-drawer open-right" id="astra-mobile-cart-drawer">
        <div class="astra-cart-drawer-header">
          <button type="button" class="astra-cart-drawer-close">
            <span class="ahfb-svg-iconset ast-inline-flex svg-baseline">
              <svg class="ast-mobile-svg ast-close-svg" fill="currentColor" version="1.1" width="24" height="24" viewbox="0 0 24 24">
                <path d="M5.293 6.707l5.293 5.293-5.293 5.293c-0.391 0.391-0.391 1.024 0 1.414s1.024 0.391 1.414 0l5.293-5.293 5.293 5.293c0.391 0.391 1.024 0.391 1.414 0s0.391-1.024 0-1.414l-5.293-5.293 5.293-5.293c0.391-0.391 0.391-1.024 0-1.414s-1.024-0.391-1.414 0l-5.293 5.293-5.293-5.293c-0.391-0.391-1.024-0.391-1.414 0s-0.391 1.024 0 1.414z"/>
              </svg>
            </span>
          </button>
          <div class="astra-cart-drawer-title">
Shopping Cart </div>
        </div>
        <div class="astra-cart-drawer-content">
          <div class="widget woocommerce widget_shopping_cart">
            <div class="widget_shopping_cart_content"/>
          </div>
        </div>
      </div>
      <footer class="site-footer" id="colophon" itemtype="https://schema.org/WPFooter" itemscope="itemscope" itemid="#colophon">
        <div class="site-primary-footer-wrap ast-builder-grid-row-container site-footer-focus-item ast-builder-grid-row-4-equal ast-builder-grid-row-tablet-4-equal ast-builder-grid-row-mobile-full ast-footer-row-stack ast-footer-row-tablet-stack ast-footer-row-mobile-stack" data-section="section-primary-footer-builder">
          <div class="ast-builder-grid-row-container-inner">
            <div class="ast-builder-footer-grid-columns site-primary-footer-inner-wrap ast-builder-grid-row">
              <div class="site-footer-primary-section-1 site-footer-section site-footer-section-1">
                <aside class="footer-widget-area widget-area site-footer-focus-item" data-section="sidebar-widgets-footer-widget-1" aria-label="Footer Widget 1">
                  <div class="footer-widget-area-inner site-info-inner">
                    <section id="nav_menu-7" class="widget widget_nav_menu">
                      <h2 class="widget-title">Quick Links</h2>
                      <nav class="menu-quick-links-container" aria-label="Quick Links">
                        <ul class="menu" id="menu-quick-links">
                          <li class="menu-item menu-item-type-post_type menu-item-object-page menu-item-home menu-item-1254" id="menu-item-1254">
                            <a shape="rect" class="menu-link" href="https://askomdch.com/">Home</a>
                          </li>
                          <li class="menu-item menu-item-type-post_type menu-item-object-page menu-item-1255" id="menu-item-1255">
                            <a shape="rect" class="menu-link" href="https://askomdch.com/about/">About</a>
                          </li>
                          <li class="menu-item menu-item-type-post_type menu-item-object-page current-menu-item page_item page-item-1235 current_page_item menu-item-1256" id="menu-item-1256">
                            <a shape="rect" class="menu-link" href="https://askomdch.com/account/" aria-current="page">My Account</a>
                          </li>
                          <li class="menu-item menu-item-type-post_type menu-item-object-page menu-item-1257" id="menu-item-1257">
                            <a shape="rect" class="menu-link" href="https://askomdch.com/cart/">Cart</a>
                          </li>
                          <li class="menu-item menu-item-type-post_type menu-item-object-page menu-item-1258" id="menu-item-1258">
                            <a shape="rect" class="menu-link" href="https://askomdch.com/contact-us/">Contact Us</a>
                          </li>
                        </ul>
                      </nav>
                    </section>
                  </div>
                </aside>
              </div>
              <div class="site-footer-primary-section-2 site-footer-section site-footer-section-2">
                <aside class="footer-widget-area widget-area site-footer-focus-item" data-section="sidebar-widgets-footer-widget-2" aria-label="Footer Widget 2">
                  <div class="footer-widget-area-inner site-info-inner">
                    <section id="nav_menu-8" class="widget widget_nav_menu">
                      <h2 class="widget-title">For Her</h2>
                      <nav class="menu-for-her-container" aria-label="For Her">
                        <ul class="menu" id="menu-for-her">
                          <li class="menu-item menu-item-type-taxonomy menu-item-object-product_cat menu-item-1264" id="menu-item-1264">
                            <a shape="rect" class="menu-link" href="https://askomdch.com/product-category/women/">Women</a>
                          </li>
                          <li class="menu-item menu-item-type-taxonomy menu-item-object-product_cat menu-item-1266" id="menu-item-1266">
                            <a shape="rect" class="menu-link" href="https://askomdch.com/product-category/womens-jeans/">Women’s Jeans</a>
                          </li>
                          <li class="menu-item menu-item-type-taxonomy menu-item-object-product_cat menu-item-1265" id="menu-item-1265">
                            <a shape="rect" class="menu-link" href="https://askomdch.com/product-category/womens-shirts/">Women’s Shirts</a>
                          </li>
                          <li class="menu-item menu-item-type-taxonomy menu-item-object-product_cat menu-item-1267" id="menu-item-1267">
                            <a shape="rect" class="menu-link" href="https://askomdch.com/product-category/womens-shoes/">Women’s Shoes</a>
                          </li>
                          <li class="menu-item menu-item-type-taxonomy menu-item-object-product_cat menu-item-1268" id="menu-item-1268">
                            <a shape="rect" class="menu-link" href="https://askomdch.com/product-category/accessories/">Accessories</a>
                          </li>
                        </ul>
                      </nav>
                    </section>
                  </div>
                </aside>
              </div>
              <div class="site-footer-primary-section-3 site-footer-section site-footer-section-3">
                <aside class="footer-widget-area widget-area site-footer-focus-item" data-section="sidebar-widgets-footer-widget-3" aria-label="Footer Widget 3">
                  <div class="footer-widget-area-inner site-info-inner">
                    <section id="nav_menu-12" class="widget widget_nav_menu">
                      <h2 class="widget-title">For Him</h2>
                      <nav class="menu-for-him-container" aria-label="For Him">
                        <ul class="menu" id="menu-for-him">
                          <li class="menu-item menu-item-type-taxonomy menu-item-object-product_cat menu-item-1263" id="menu-item-1263">
                            <a shape="rect" class="menu-link" href="https://askomdch.com/product-category/men/">Men</a>
                          </li>
                          <li class="menu-item menu-item-type-taxonomy menu-item-object-product_cat menu-item-1259" id="menu-item-1259">
                            <a shape="rect" class="menu-link" href="https://askomdch.com/product-category/mens-jeans/">Men’s Jeans</a>
                          </li>
                          <li class="menu-item menu-item-type-taxonomy menu-item-object-product_cat menu-item-1260" id="menu-item-1260">
                            <a shape="rect" class="menu-link" href="https://askomdch.com/product-category/mens-shirts/">Men’s Shirts</a>
                          </li>
                          <li class="menu-item menu-item-type-taxonomy menu-item-object-product_cat menu-item-1261" id="menu-item-1261">
                            <a shape="rect" class="menu-link" href="https://askomdch.com/product-category/mens-shoes/">Men’s Shoes</a>
                          </li>
                          <li class="menu-item menu-item-type-taxonomy menu-item-object-product_cat menu-item-1262" id="menu-item-1262">
                            <a shape="rect" class="menu-link" href="https://askomdch.com/product-category/accessories/">Accessories</a>
                          </li>
                        </ul>
                      </nav>
                    </section>
                  </div>
                </aside>
              </div>
              <div class="site-footer-primary-section-4 site-footer-section site-footer-section-4">
                <aside class="footer-widget-area widget-area site-footer-focus-item" data-section="sidebar-widgets-footer-widget-4" aria-label="Footer Widget 4">
                  <div class="footer-widget-area-inner site-info-inner">
                    <section id="text-2" class="widget widget_text">
                      <h2 class="widget-title">AOD on Mobile</h2>
                      <div class="textwidget">
                        <p>
                          <a shape="rect" href="https://www.apple.com/in/app-store/" target="_blank" rel="noopener">
                            <img class="alignnone wp-image-1475 size-full" src="https://askomdch.com/wp-content/uploads/2021/06/image-60-compressed.jpg" alt="" width="300" height="90"/>
                          </a>
                          <a shape="rect" href="https://play.google.com/store" target="_blank" rel="noopener">
                            <img class="alignnone wp-image-1473 size-full" src="https://askomdch.com/wp-content/uploads/2021/06/image-41-compressed.jpg" alt="" width="300" height="90"/>
                          </a>
                        </p>
                      </div>
                    </section>
                  </div>
                </aside>
              </div>
            </div>
          </div>
        </div>
        <div class="site-below-footer-wrap ast-builder-grid-row-container site-footer-focus-item ast-builder-grid-row-2-equal ast-builder-grid-row-tablet-2-equal ast-builder-grid-row-mobile-full ast-footer-row-stack ast-footer-row-tablet-stack ast-footer-row-mobile-stack" data-section="section-below-footer-builder">
          <div class="ast-builder-grid-row-container-inner">
            <div class="ast-builder-footer-grid-columns site-below-footer-inner-wrap ast-builder-grid-row">
              <div class="site-footer-below-section-1 site-footer-section site-footer-section-1">
                <div class="ast-builder-layout-element ast-flex site-footer-focus-item ast-footer-copyright" data-section="section-footer-builder">
                  <div class="ast-footer-copyright">
                    <p>Copyright © 2022 AskOmDch</p>
                  </div>
                </div>
              </div>
              <div class="site-footer-below-section-2 site-footer-section site-footer-section-2">
                <div class="footer-widget-area widget-area site-footer-focus-item ast-footer-html-1" data-section="section-fb-html-1">
                  <div class="ast-header-html inner-link-style-">
                    <div class="ast-builder-html-element">
                      <p>Powered by AskOmDch</p>
                    </div>
                  </div>
                </div>
              </div>
            </div>
          </div>
        </div>
      </footer>
    </div>
    <script type="text/javascript">
		(function () {
			var c = document.body.className;
			c = c.replace(/woocommerce-no-js/, 'woocommerce-js');
			document.body.className = c;
		})();
	</script>
    <script id="astra-theme-js-js-extra">
var astra = {"break_point":"921","isRtl":""};
</script>
    <script id="astra-theme-js-js" src="https://askomdch.com/wp-content/themes/astra/assets/js/minified/frontend.min.js?ver=3.7.5"/>
    <script id="astra-mobile-cart-js" src="https://askomdch.com/wp-content/themes/astra/assets/js/minified/mobile-cart.min.js?ver=3.7.5"/>
    <script id="js-cookie-js" src="https://askomdch.com/wp-content/plugins/woocommerce/assets/js/js-cookie/js.cookie.min.js?ver=2.1.4-wc.5.8.0"/>
    <script id="wc-cart-fragments-js-extra">
var wc_cart_fragments_params = {"ajax_url":"\/wp-admin\/admin-ajax.php","wc_ajax_url":"\/?wc-ajax=%%endpoint%%","cart_hash_key":"wc_cart_hash_ce7302d8a5b087b54dd768c76987f650","fragment_name":"wc_fragments_ce7302d8a5b087b54dd768c76987f650","request_timeout":"5000"};
</script>
    <script id="wc-cart-fragments-js" src="https://askomdch.com/wp-content/plugins/woocommerce/assets/js/frontend/cart-fragments.min.js?ver=5.8.0"/>
    <script id="rocket-browser-checker-js-after">
"use strict";var _createClass=function(){function defineProperties(target,props){for(var i=0;i&lt;props.length;i++){var descriptor=props[i];descriptor.enumerable=descriptor.enumerable||!1,descriptor.configurable=!0,"value"in descriptor&amp;&amp;(descriptor.writable=!0),Object.defineProperty(target,descriptor.key,descriptor)}}return function(Constructor,protoProps,staticProps){return protoProps&amp;&amp;defineProperties(Constructor.prototype,protoProps),staticProps&amp;&amp;defineProperties(Constructor,staticProps),Constructor}}();function _classCallCheck(instance,Constructor){if(!(instance instanceof Constructor))throw new TypeError("Cannot call a class as a function")}var RocketBrowserCompatibilityChecker=function(){function RocketBrowserCompatibilityChecker(options){_classCallCheck(this,RocketBrowserCompatibilityChecker),this.passiveSupported=!1,this._checkPassiveOption(this),this.options=!!this.passiveSupported&amp;&amp;options}return _createClass(RocketBrowserCompatibilityChecker,[{key:"_checkPassiveOption",value:function(self){try{var options={get passive(){return!(self.passiveSupported=!0)}};window.addEventListener("test",null,options),window.removeEventListener("test",null,options)}catch(err){self.passiveSupported=!1}}},{key:"initRequestIdleCallback",value:function(){!1 in window&amp;&amp;(window.requestIdleCallback=function(cb){var start=Date.now();return setTimeout(function(){cb({didTimeout:!1,timeRemaining:function(){return Math.max(0,50-(Date.now()-start))}})},1)}),!1 in window&amp;&amp;(window.cancelIdleCallback=function(id){return clearTimeout(id)})}},{key:"isDataSaverModeOn",value:function(){return"connection"in navigator&amp;&amp;!0===navigator.connection.saveData}},{key:"supportsLinkPrefetch",value:function(){var elem=document.createElement("link");return elem.relList&amp;&amp;elem.relList.supports&amp;&amp;elem.relList.supports("prefetch")&amp;&amp;window.IntersectionObserver&amp;&amp;"isIntersecting"in IntersectionObserverEntry.prototype}},{key:"isSlowConnection",value:function(){return"connection"in navigator&amp;&amp;"effectiveType"in navigator.connection&amp;&amp;("2g"===navigator.connection.effectiveType||"slow-2g"===navigator.connection.effectiveType)}}]),RocketBrowserCompatibilityChecker}();
</script>
    <script id="rocket-preload-links-js-extra">
var RocketPreloadLinksConfig = {"excludeUris":"\/(.+\/)?feed\/?.+\/?|\/(?:.+\/)?embed\/|\/checkout\/|\/cart\/|\/account\/|\/wc-api\/v(.*)|\/(index\\.php\/)?wp\\-json(\/.*|$)|\/wp-admin\/|\/logout\/|\/wp-login.php","usesTrailingSlash":"1","imageExt":"jpg|jpeg|gif|png|tiff|bmp|webp|avif","fileExt":"jpg|jpeg|gif|png|tiff|bmp|webp|avif|php|pdf|html|htm","siteUrl":"https:\/\/askomdch.com","onHoverDelay":"100","rateThrottle":"3"};
</script>
    <script id="rocket-preload-links-js-after">
(function() {
"use strict";var r="function"==typeof Symbol&amp;&amp;"symbol"==typeof Symbol.iterator?function(e){return typeof e}:function(e){return e&amp;&amp;"function"==typeof Symbol&amp;&amp;e.constructor===Symbol&amp;&amp;e!==Symbol.prototype?"symbol":typeof e},e=function(){function i(e,t){for(var n=0;n&lt;t.length;n++){var i=t[n];i.enumerable=i.enumerable||!1,i.configurable=!0,"value"in i&amp;&amp;(i.writable=!0),Object.defineProperty(e,i.key,i)}}return function(e,t,n){return t&amp;&amp;i(e.prototype,t),n&amp;&amp;i(e,n),e}}();function i(e,t){if(!(e instanceof t))throw new TypeError("Cannot call a class as a function")}var t=function(){function n(e,t){i(this,n),this.browser=e,this.config=t,this.options=this.browser.options,this.prefetched=new Set,this.eventTime=null,this.threshold=1111,this.numOnHover=0}return e(n,[{key:"init",value:function(){!this.browser.supportsLinkPrefetch()||this.browser.isDataSaverModeOn()||this.browser.isSlowConnection()||(this.regex={excludeUris:RegExp(this.config.excludeUris,"i"),images:RegExp(".("+this.config.imageExt+")$","i"),fileExt:RegExp(".("+this.config.fileExt+")$","i")},this._initListeners(this))}},{key:"_initListeners",value:function(e){-1&lt;this.config.onHoverDelay&amp;&amp;document.addEventListener("mouseover",e.listener.bind(e),e.listenerOptions),document.addEventListener("mousedown",e.listener.bind(e),e.listenerOptions),document.addEventListener("touchstart",e.listener.bind(e),e.listenerOptions)}},{key:"listener",value:function(e){var t=e.target.closest("a"),n=this._prepareUrl(t);if(null!==n)switch(e.type){case"mousedown":case"touchstart":this._addPrefetchLink(n);break;case"mouseover":this._earlyPrefetch(t,n,"mouseout")}}},{key:"_earlyPrefetch",value:function(t,e,n){var i=this,r=setTimeout(function(){if(r=null,0===i.numOnHover)setTimeout(function(){return i.numOnHover=0},1e3);else if(i.numOnHover&gt;i.config.rateThrottle)return;i.numOnHover++,i._addPrefetchLink(e)},this.config.onHoverDelay);t.addEventListener(n,function e(){t.removeEventListener(n,e,{passive:!0}),null!==r&amp;&amp;(clearTimeout(r),r=null)},{passive:!0})}},{key:"_addPrefetchLink",value:function(i){return this.prefetched.add(i.href),new Promise(function(e,t){var n=document.createElement("link");n.rel="prefetch",n.href=i.href,n.onload=e,n.onerror=t,document.head.appendChild(n)}).catch(function(){})}},{key:"_prepareUrl",value:function(e){if(null===e||"object"!==(void 0===e?"undefined":r(e))||!1 in e||-1===["http:","https:"].indexOf(e.protocol))return null;var t=e.href.substring(0,this.config.siteUrl.length),n=this._getPathname(e.href,t),i={original:e.href,protocol:e.protocol,origin:t,pathname:n,href:t+n};return this._isLinkOk(i)?i:null}},{key:"_getPathname",value:function(e,t){var n=t?e.substring(this.config.siteUrl.length):e;return n.startsWith("/")||(n="/"+n),this._shouldAddTrailingSlash(n)?n+"/":n}},{key:"_shouldAddTrailingSlash",value:function(e){return this.config.usesTrailingSlash&amp;&amp;!e.endsWith("/")&amp;&amp;!this.regex.fileExt.test(e)}},{key:"_isLinkOk",value:function(e){return null!==e&amp;&amp;"object"===(void 0===e?"undefined":r(e))&amp;&amp;(!this.prefetched.has(e.href)&amp;&amp;e.origin===this.config.siteUrl&amp;&amp;-1===e.href.indexOf("?")&amp;&amp;-1===e.href.indexOf("#")&amp;&amp;!this.regex.excludeUris.test(e.href)&amp;&amp;!this.regex.images.test(e.href))}}],[{key:"run",value:function(){"undefined"!=typeof RocketPreloadLinksConfig&amp;&amp;new n(new RocketBrowserCompatibilityChecker({capture:!0,passive:!0}),RocketPreloadLinksConfig).init()}}]),n}();t.run();
}());
</script>
    <script>
			/(trident|msie)/i.test(navigator.userAgent)&amp;&amp;document.getElementById&amp;&amp;window.addEventListener&amp;&amp;window.addEventListener("hashchange",function(){var t,e=location.hash.substring(1);/^[A-z0-9_-]+$/.test(e)&amp;&amp;(t=document.getElementById(e))&amp;&amp;(/^(?:a|select|input|button|textarea)$/i.test(t.tagName)||(t.tabIndex=-1),t.focus())},!1);
			</script>
  </body>
</html>
Current Thread: 50
Driver: FirefoxDriver: firefox on WINDOWS (2e0a638a-3f22-4f1f-8389-0ec11ec72f95)
]]></system-out>
    <system-err><![CDATA[DevTools listening on ws://localhost:60676/devtools/browser/82b7ff5f-28e4-4ee6-a6a3-6de7610b1a02
1642810328550	Marionette	INFO	Listening on port 63580
1642810329047	RemoteAgent	WARN	TLS certificate errors will be ignored for this session
sty 22, 2022 1:12:09 AM org.openqa.selenium.remote.ProtocolHandshake createSession
INFO: Detected dialect: W3C
JavaScript error: resource://gre/modules/XULStore.jsm, line 66: Error: Can't find profile directory.
JavaScript error: resource://gre/modules/XULStore.jsm, line 66: Error: Can't find profile directory.
JavaScript error: resource://gre/modules/XULStore.jsm, line 66: Error: Can't find profile directory.
JavaScript error: resource://gre/modules/XULStore.jsm, line 66: Error: Can't find profile directory.
JavaScript error: resource://gre/modules/XULStore.jsm, line 66: Error: Can't find profile directory.
JavaScript error: resource://gre/modules/XULStore.jsm, line 66: Error: Can't find profile directory.
1642810332426	Marionette	WARN	TimedPromise timed out after 500 ms: stacktrace:
TimedPromise/<@chrome://remote/content/marionette/sync.js:239:19
TimedPromise@chrome://remote/content/marionette/sync.js:224:10
interaction.flushEventLoop@chrome://remote/content/marionette/interaction.js:431:10
webdriverClickElement@chrome://remote/content/marionette/interaction.js:179:31
]]></system-err>
  </testcase>
  <testcase name="addToCartBraceletsFromStorePage[org.selenium.pom.objects.Product@715e9e9d](1)" classname="org.selenium.pom.tests.AddToCartTest" time="0.091">
    <system-out><![CDATA[Current Thread: 58
Driver: FirefoxDriver: firefox on WINDOWS (2e4d671e-4c77-4072-89f2-20d0319153df)
]]></system-out>
    <system-err><![CDATA[1642810332796	Marionette	INFO	Stopped listening on port 63570
sty 22, 2022 1:12:13 AM org.openqa.selenium.concurrent.ExecutorServices shutdownGracefully
WARNING: Failed to shutdown Driver Command Executor
]]></system-err>
  </testcase>
  <testcase name="addToCartFeaturedProducts[org.selenium.pom.objects.Product@4ef7c085](2)" classname="org.selenium.pom.tests.AddToCartTest" time="0.092">
    <system-out><![CDATA[Current Thread: 54
Driver: FirefoxDriver: firefox on WINDOWS (5365c99c-ed7d-49c1-b36d-1cc43ac6abf9)
]]></system-out>
  </testcase>
  <testcase name="stopDriver[[TestResult name=addToCartBraceletsFromStorePage status=SUCCESS method=AddToCartTest.addToCartBraceletsFromStorePage(org.selenium.pom.objects.Product)[pri:0, instance:org.selenium.pom.tests.AddToCartTest@588ffeb] output={null}], CHROME](0)" classname="org.selenium.pom.tests.AddToCartTest" time="0.092">
    <failure message="Timed out waiting for driver server to stop.&#10;Build info: version: &apos;4.1.1&apos;, revision: &apos;e8fcc2cecf&apos;&#10;System info: host: &apos;LAPTOP-6HTOKEIU&apos;, ip: &apos;169.254.38.81&apos;, os.name: &apos;Windows 10&apos;, os.arch: &apos;amd64&apos;, os.version: &apos;10.0&apos;, java.version: &apos;17&apos;&#10;Driver info: org.openqa.selenium.chrome.ChromeDriver&#10;Command: [51677ae386d70055269bd83fcae3a9a7, quit {}]&#10;Capabilities {acceptInsecureCerts: false, browserName: chrome, browserVersion: 97.0.4692.71, chrome: {chromedriverVersion: 97.0.4692.71 (adefa7837d02a..., userDataDir: C:\Users\RAFA~1\AppData\Loc...}, goog:chromeOptions: {debuggerAddress: localhost:63618}, javascriptEnabled: true, networkConnectionEnabled: false, pageLoadStrategy: normal, platform: WINDOWS, platformName: WINDOWS, proxy: Proxy(), se:cdp: ws://localhost:63618/devtoo..., se:cdpVersion: 97.0.4692.71, setWindowRect: true, strictFileInteractability: false, timeouts: {implicit: 0, pageLoad: 300000, script: 30000}, unhandledPromptBehavior: dismiss and notify, webauthn:extension:credBlob: true, webauthn:extension:largeBlob: true, webauthn:virtualAuthenticators: true}&#10;Session ID: 51677ae386d70055269bd83fcae3a9a7" type="org.openqa.selenium.WebDriverException"><![CDATA[org.openqa.selenium.WebDriverException: 
Timed out waiting for driver server to stop.
Build info: version: '4.1.1', revision: 'e8fcc2cecf'
System info: host: 'LAPTOP-6HTOKEIU', ip: '169.254.38.81', os.name: 'Windows 10', os.arch: 'amd64', os.version: '10.0', java.version: '17'
Driver info: org.openqa.selenium.chrome.ChromeDriver
Command: [51677ae386d70055269bd83fcae3a9a7, quit {}]
Capabilities {acceptInsecureCerts: false, browserName: chrome, browserVersion: 97.0.4692.71, chrome: {chromedriverVersion: 97.0.4692.71 (adefa7837d02a..., userDataDir: C:\Users\RAFA~1\AppData\Loc...}, goog:chromeOptions: {debuggerAddress: localhost:63618}, javascriptEnabled: true, networkConnectionEnabled: false, pageLoadStrategy: normal, platform: WINDOWS, platformName: WINDOWS, proxy: Proxy(), se:cdp: ws://localhost:63618/devtoo..., se:cdpVersion: 97.0.4692.71, setWindowRect: true, strictFileInteractability: false, timeouts: {implicit: 0, pageLoad: 300000, script: 30000}, unhandledPromptBehavior: dismiss and notify, webauthn:extension:credBlob: true, webauthn:extension:largeBlob: true, webauthn:virtualAuthenticators: true}
Session ID: 51677ae386d70055269bd83fcae3a9a7
Caused by: java.util.concurrent.ExecutionException: 
org.openqa.selenium.TimeoutException: Process timed out after waiting for 20000 ms.
Build info: version: '4.1.1', revision: 'e8fcc2cecf'
System info: host: 'LAPTOP-6HTOKEIU', ip: '169.254.38.81', os.name: 'Windows 10', os.arch: 'amd64', os.version: '10.0', java.version: '17'
Driver info: driver.version: unknown
Caused by: org.openqa.selenium.TimeoutException: 
Process timed out after waiting for 20000 ms.
Build info: version: '4.1.1', revision: 'e8fcc2cecf'
System info: host: 'LAPTOP-6HTOKEIU', ip: '169.254.38.81', os.name: 'Windows 10', os.arch: 'amd64', os.version: '10.0', java.version: '17'
Driver info: driver.version: unknown
]]></failure>
    <system-out><![CDATA[Current Thread: 64
Driver: FirefoxDriver: firefox on WINDOWS (4e680ff3-4d30-490c-9220-f5eeab0dded0)
]]></system-out>
  </testcase>
  <testcase name="stopDriver[[TestResult name=addToCartBraceletsFromStorePage status=SUCCESS method=AddToCartTest.addToCartBraceletsFromStorePage(org.selenium.pom.objects.Product)[pri:0, instance:org.selenium.pom.tests.AddToCartTest@588ffeb] output={null}], CHROME](0)" classname="org.selenium.pom.tests.AddToCartTest" time="24.945">
    <failure message="Timed out waiting for driver server to stop.&#10;Build info: version: &apos;4.1.1&apos;, revision: &apos;e8fcc2cecf&apos;&#10;System info: host: &apos;LAPTOP-6HTOKEIU&apos;, ip: &apos;169.254.38.81&apos;, os.name: &apos;Windows 10&apos;, os.arch: &apos;amd64&apos;, os.version: &apos;10.0&apos;, java.version: &apos;17&apos;&#10;Driver info: org.openqa.selenium.chrome.ChromeDriver&#10;Command: [a266f00c87121aeb93dfc1de07913b4d, quit {}]&#10;Capabilities {acceptInsecureCerts: false, browserName: chrome, browserVersion: 97.0.4692.71, chrome: {chromedriverVersion: 97.0.4692.71 (adefa7837d02a..., userDataDir: C:\Users\RAFA~1\AppData\Loc...}, goog:chromeOptions: {debuggerAddress: localhost:63689}, javascriptEnabled: true, networkConnectionEnabled: false, pageLoadStrategy: normal, platform: WINDOWS, platformName: WINDOWS, proxy: Proxy(), se:cdp: ws://localhost:63689/devtoo..., se:cdpVersion: 97.0.4692.71, setWindowRect: true, strictFileInteractability: false, timeouts: {implicit: 0, pageLoad: 300000, script: 30000}, unhandledPromptBehavior: dismiss and notify, webauthn:extension:credBlob: true, webauthn:extension:largeBlob: true, webauthn:virtualAuthenticators: true}&#10;Session ID: a266f00c87121aeb93dfc1de07913b4d" type="org.openqa.selenium.WebDriverException"><![CDATA[org.openqa.selenium.WebDriverException: 
Timed out waiting for driver server to stop.
Build info: version: '4.1.1', revision: 'e8fcc2cecf'
System info: host: 'LAPTOP-6HTOKEIU', ip: '169.254.38.81', os.name: 'Windows 10', os.arch: 'amd64', os.version: '10.0', java.version: '17'
Driver info: org.openqa.selenium.chrome.ChromeDriver
Command: [a266f00c87121aeb93dfc1de07913b4d, quit {}]
Capabilities {acceptInsecureCerts: false, browserName: chrome, browserVersion: 97.0.4692.71, chrome: {chromedriverVersion: 97.0.4692.71 (adefa7837d02a..., userDataDir: C:\Users\RAFA~1\AppData\Loc...}, goog:chromeOptions: {debuggerAddress: localhost:63689}, javascriptEnabled: true, networkConnectionEnabled: false, pageLoadStrategy: normal, platform: WINDOWS, platformName: WINDOWS, proxy: Proxy(), se:cdp: ws://localhost:63689/devtoo..., se:cdpVersion: 97.0.4692.71, setWindowRect: true, strictFileInteractability: false, timeouts: {implicit: 0, pageLoad: 300000, script: 30000}, unhandledPromptBehavior: dismiss and notify, webauthn:extension:credBlob: true, webauthn:extension:largeBlob: true, webauthn:virtualAuthenticators: true}
Session ID: a266f00c87121aeb93dfc1de07913b4d
Caused by: java.util.concurrent.ExecutionException: 
org.openqa.selenium.TimeoutException: Process timed out after waiting for 20000 ms.
Build info: version: '4.1.1', revision: 'e8fcc2cecf'
System info: host: 'LAPTOP-6HTOKEIU', ip: '169.254.38.81', os.name: 'Windows 10', os.arch: 'amd64', os.version: '10.0', java.version: '17'
Driver info: driver.version: unknown
Caused by: org.openqa.selenium.TimeoutException: 
Process timed out after waiting for 20000 ms.
Build info: version: '4.1.1', revision: 'e8fcc2cecf'
System info: host: 'LAPTOP-6HTOKEIU', ip: '169.254.38.81', os.name: 'Windows 10', os.arch: 'amd64', os.version: '10.0', java.version: '17'
Driver info: driver.version: unknown
]]></failure>
    <system-err><![CDATA[onftterr mpareotrif oirnel gei-bfesoftror raeitd-i:o cnth eaflnoegrme  eintdor:ty _itufenilctemraeuttsirtoyne_.du nmItogrdnuuoslrteiedsnm_gop dituinlgmees
r_ prienggis
tration for id: telemetry_modules_ping
*** UTM:SVC T]]></system-err>
  </testcase>
  <testcase name="addToCartBraceletsFromStorePage[org.selenium.pom.objects.Product@f993fb](2)" classname="org.selenium.pom.tests.AddToCartTest" time="1.828">
    <system-out><![CDATA[Current Thread: 45
Driver: ChromeDriver: chrome on WINDOWS (9e6d8827b5c76ab86e2bb2cb52d93e5c)
]]></system-out>
  </testcase>
  <testcase name="addToCartFeaturedProducts[org.selenium.pom.objects.Product@32376fa](3)" classname="org.selenium.pom.tests.AddToCartTest" time="3.796">
    <system-out><![CDATA[Current Thread: 51
Driver: FirefoxDriver: firefox on WINDOWS (8bc3d362-f76b-4da2-aa60-c81703e2c19a)
Overlays size: 0
Overlays not found
]]></system-out>
    <system-err><![CDATA[1642810334982	Marionette	INFO	Stopped listening on port 63574
!!! error running onStopped callback: TypeError: callback is not a function
1642810335169	Marionette	WARN	TimedPromise timed out after 500 ms: stacktrace:
TimedPromise/<@chrome://remote/content/marionette/sync.js:239:19
TimedPromise@chrome://remote/content/marionette/sync.js:224:10
interaction.flushEventLoop@chrome://remote/content/marionette/interaction.js:431:10
webdriverClickElement@chrome://remote/content/marionette/interaction.js:179:31
console.error: "Could not write session state file " (new Error("IOUtils: Shutting down and refusing additional I/O tasks", (void 0), 106)) "DOMException@resource://gre/modules/PromiseWorker.jsm:106:18\npostMessage@resource://gre/modules/PromiseWorker.jsm:342:55\nobserve@resource://gre/modules/AsyncShutdown.jsm:575:16\n"
JavaScript error: resource://gre/modules/CrashMonitor.jsm, line 201: AbortError: IOUtils: Shutting down and refusing additional I/O tasks
console.warn: LoginRecipes: "getRecipes: falling back to a synchronous message for:" "https://askomdch.com"
JavaScript error: resource://gre/modules/XULStore.jsm, line 66: Error: Can't find profile directory.
JavaScript error: resource://gre/modules/XULStore.jsm, line 66: Error: Can't find profile directory.
JavaScript error: resource://gre/modules/XULStore.jsm, line 66: Error: Can't find profile directory.
JavaScript error: resource://gre/modules/XULStore.jsm, line 66: Error: Can't find profile directory.
JavaScript error: resource://gre/modules/XULStore.jsm, line 66: Error: Can't find profile directory.
JavaScript error: resource://gre/modules/XULStore.jsm, line 66: Error: Can't find profile directory.
]]></system-err>
  </testcase>
  <testcase name="addToCartFeaturedProducts[org.selenium.pom.objects.Product@792b83d9](4)" classname="org.selenium.pom.tests.AddToCartTest" time="3.931">
    <system-out><![CDATA[Current Thread: 55
Driver: FirefoxDriver: firefox on WINDOWS (4fd03689-1183-4155-9645-7a151857b46d)
]]></system-out>
    <system-err><![CDATA[1642810336585	Marionette	WARN	TimedPromise timed out after 500 ms: stacktrace:
TimedPromise/<@chrome://remote/content/marionette/sync.js:239:19
TimedPromise@chrome://remote/content/marionette/sync.js:224:10
interaction.flushEventLoop@chrome://remote/content/marionette/interaction.js:431:10
webdriverClickElement@chrome://remote/content/marionette/interaction.js:179:31
1642810336716	Marionette	INFO	Stopped listening on port 63586
]]></system-err>
  </testcase>
  <testcase name="addToCartFeaturedProducts[org.selenium.pom.objects.Product@2092199b](5)" classname="org.selenium.pom.tests.AddToCartTest" time="3.931">
    <system-err><![CDATA[J]]></system-err>
  </testcase>
  <testcase name="stopDriver[[TestResult name=addToCartFeaturedProducts status=SUCCESS method=AddToCartTest.addToCartFeaturedProducts(org.selenium.pom.objects.Product)[pri:0, instance:org.selenium.pom.tests.AddToCartTest@588ffeb] output={null}], CHROME](0)" classname="org.selenium.pom.tests.AddToCartTest" time="24.945">
    <failure message="Timed out waiting for driver server to stop.&#10;Build info: version: &apos;4.1.1&apos;, revision: &apos;e8fcc2cecf&apos;&#10;System info: host: &apos;LAPTOP-6HTOKEIU&apos;, ip: &apos;169.254.38.81&apos;, os.name: &apos;Windows 10&apos;, os.arch: &apos;amd64&apos;, os.version: &apos;10.0&apos;, java.version: &apos;17&apos;&#10;Driver info: org.openqa.selenium.chrome.ChromeDriver&#10;Command: [d5c47278ed5ed5e001190575739636d6, quit {}]&#10;Capabilities {acceptInsecureCerts: false, browserName: chrome, browserVersion: 97.0.4692.71, chrome: {chromedriverVersion: 97.0.4692.71 (adefa7837d02a..., userDataDir: C:\Users\RAFA~1\AppData\Loc...}, goog:chromeOptions: {debuggerAddress: localhost:63656}, javascriptEnabled: true, networkConnectionEnabled: false, pageLoadStrategy: normal, platform: WINDOWS, platformName: WINDOWS, proxy: Proxy(), se:cdp: ws://localhost:63656/devtoo..., se:cdpVersion: 97.0.4692.71, setWindowRect: true, strictFileInteractability: false, timeouts: {implicit: 0, pageLoad: 300000, script: 30000}, unhandledPromptBehavior: dismiss and notify, webauthn:extension:credBlob: true, webauthn:extension:largeBlob: true, webauthn:virtualAuthenticators: true}&#10;Session ID: d5c47278ed5ed5e001190575739636d6" type="org.openqa.selenium.WebDriverException"><![CDATA[org.openqa.selenium.WebDriverException: 
Timed out waiting for driver server to stop.
Build info: version: '4.1.1', revision: 'e8fcc2cecf'
System info: host: 'LAPTOP-6HTOKEIU', ip: '169.254.38.81', os.name: 'Windows 10', os.arch: 'amd64', os.version: '10.0', java.version: '17'
Driver info: org.openqa.selenium.chrome.ChromeDriver
Command: [d5c47278ed5ed5e001190575739636d6, quit {}]
Capabilities {acceptInsecureCerts: false, browserName: chrome, browserVersion: 97.0.4692.71, chrome: {chromedriverVersion: 97.0.4692.71 (adefa7837d02a..., userDataDir: C:\Users\RAFA~1\AppData\Loc...}, goog:chromeOptions: {debuggerAddress: localhost:63656}, javascriptEnabled: true, networkConnectionEnabled: false, pageLoadStrategy: normal, platform: WINDOWS, platformName: WINDOWS, proxy: Proxy(), se:cdp: ws://localhost:63656/devtoo..., se:cdpVersion: 97.0.4692.71, setWindowRect: true, strictFileInteractability: false, timeouts: {implicit: 0, pageLoad: 300000, script: 30000}, unhandledPromptBehavior: dismiss and notify, webauthn:extension:credBlob: true, webauthn:extension:largeBlob: true, webauthn:virtualAuthenticators: true}
Session ID: d5c47278ed5ed5e001190575739636d6
Caused by: java.util.concurrent.ExecutionException: 
org.openqa.selenium.TimeoutException: Process timed out after waiting for 20000 ms.
Build info: version: '4.1.1', revision: 'e8fcc2cecf'
System info: host: 'LAPTOP-6HTOKEIU', ip: '169.254.38.81', os.name: 'Windows 10', os.arch: 'amd64', os.version: '10.0', java.version: '17'
Driver info: driver.version: unknown
Caused by: org.openqa.selenium.TimeoutException: 
Process timed out after waiting for 20000 ms.
Build info: version: '4.1.1', revision: 'e8fcc2cecf'
System info: host: 'LAPTOP-6HTOKEIU', ip: '169.254.38.81', os.name: 'Windows 10', os.arch: 'amd64', os.version: '10.0', java.version: '17'
Driver info: driver.version: unknown
]]></failure>
    <system-err><![CDATA[i]]></system-err>
  </testcase>
  <testcase name="stopDriver[[TestResult name=addToCartFeaturedProducts status=SUCCESS method=AddToCartTest.addToCartFeaturedProducts(org.selenium.pom.objects.Product)[pri:0, instance:org.selenium.pom.tests.AddToCartTest@588ffeb] output={null}], CHROME](0)" classname="org.selenium.pom.tests.AddToCartTest" time="24.945">
    <failure message="Timed out waiting for driver server to stop.&#10;Build info: version: &apos;4.1.1&apos;, revision: &apos;e8fcc2cecf&apos;&#10;System info: host: &apos;LAPTOP-6HTOKEIU&apos;, ip: &apos;169.254.38.81&apos;, os.name: &apos;Windows 10&apos;, os.arch: &apos;amd64&apos;, os.version: &apos;10.0&apos;, java.version: &apos;17&apos;&#10;Driver info: org.openqa.selenium.chrome.ChromeDriver&#10;Command: [04fa49edd77bcd5bdbb93fcfdeace69b, quit {}]&#10;Capabilities {acceptInsecureCerts: false, browserName: chrome, browserVersion: 97.0.4692.71, chrome: {chromedriverVersion: 97.0.4692.71 (adefa7837d02a..., userDataDir: C:\Users\RAFA~1\AppData\Loc...}, goog:chromeOptions: {debuggerAddress: localhost:63672}, javascriptEnabled: true, networkConnectionEnabled: false, pageLoadStrategy: normal, platform: WINDOWS, platformName: WINDOWS, proxy: Proxy(), se:cdp: ws://localhost:63672/devtoo..., se:cdpVersion: 97.0.4692.71, setWindowRect: true, strictFileInteractability: false, timeouts: {implicit: 0, pageLoad: 300000, script: 30000}, unhandledPromptBehavior: dismiss and notify, webauthn:extension:credBlob: true, webauthn:extension:largeBlob: true, webauthn:virtualAuthenticators: true}&#10;Session ID: 04fa49edd77bcd5bdbb93fcfdeace69b" type="org.openqa.selenium.WebDriverException"><![CDATA[org.openqa.selenium.WebDriverException: 
Timed out waiting for driver server to stop.
Build info: version: '4.1.1', revision: 'e8fcc2cecf'
System info: host: 'LAPTOP-6HTOKEIU', ip: '169.254.38.81', os.name: 'Windows 10', os.arch: 'amd64', os.version: '10.0', java.version: '17'
Driver info: org.openqa.selenium.chrome.ChromeDriver
Command: [04fa49edd77bcd5bdbb93fcfdeace69b, quit {}]
Capabilities {acceptInsecureCerts: false, browserName: chrome, browserVersion: 97.0.4692.71, chrome: {chromedriverVersion: 97.0.4692.71 (adefa7837d02a..., userDataDir: C:\Users\RAFA~1\AppData\Loc...}, goog:chromeOptions: {debuggerAddress: localhost:63672}, javascriptEnabled: true, networkConnectionEnabled: false, pageLoadStrategy: normal, platform: WINDOWS, platformName: WINDOWS, proxy: Proxy(), se:cdp: ws://localhost:63672/devtoo..., se:cdpVersion: 97.0.4692.71, setWindowRect: true, strictFileInteractability: false, timeouts: {implicit: 0, pageLoad: 300000, script: 30000}, unhandledPromptBehavior: dismiss and notify, webauthn:extension:credBlob: true, webauthn:extension:largeBlob: true, webauthn:virtualAuthenticators: true}
Session ID: 04fa49edd77bcd5bdbb93fcfdeace69b
Caused by: java.util.concurrent.ExecutionException: 
org.openqa.selenium.TimeoutException: Process timed out after waiting for 20000 ms.
Build info: version: '4.1.1', revision: 'e8fcc2cecf'
System info: host: 'LAPTOP-6HTOKEIU', ip: '169.254.38.81', os.name: 'Windows 10', os.arch: 'amd64', os.version: '10.0', java.version: '17'
Driver info: driver.version: unknown
Caused by: org.openqa.selenium.TimeoutException: 
Process timed out after waiting for 20000 ms.
Build info: version: '4.1.1', revision: 'e8fcc2cecf'
System info: host: 'LAPTOP-6HTOKEIU', ip: '169.254.38.81', os.name: 'Windows 10', os.arch: 'amd64', os.version: '10.0', java.version: '17'
Driver info: driver.version: unknown
]]></failure>
  </testcase>
  <testcase name="stopDriver[[TestResult name=addToCartFeaturedProducts status=SUCCESS method=AddToCartTest.addToCartFeaturedProducts(org.selenium.pom.objects.Product)[pri:0, instance:org.selenium.pom.tests.AddToCartTest@588ffeb] output={null}], CHROME](0)" classname="org.selenium.pom.tests.AddToCartTest" time="24.945">
    <failure message="Timed out waiting for driver server to stop.&#10;Build info: version: &apos;4.1.1&apos;, revision: &apos;e8fcc2cecf&apos;&#10;System info: host: &apos;LAPTOP-6HTOKEIU&apos;, ip: &apos;169.254.38.81&apos;, os.name: &apos;Windows 10&apos;, os.arch: &apos;amd64&apos;, os.version: &apos;10.0&apos;, java.version: &apos;17&apos;&#10;Driver info: org.openqa.selenium.chrome.ChromeDriver&#10;Command: [136bedc8d3776dcd46ae50b230b63bf2, quit {}]&#10;Capabilities {acceptInsecureCerts: false, browserName: chrome, browserVersion: 97.0.4692.71, chrome: {chromedriverVersion: 97.0.4692.71 (adefa7837d02a..., userDataDir: C:\Users\RAFA~1\AppData\Loc...}, goog:chromeOptions: {debuggerAddress: localhost:63636}, javascriptEnabled: true, networkConnectionEnabled: false, pageLoadStrategy: normal, platform: WINDOWS, platformName: WINDOWS, proxy: Proxy(), se:cdp: ws://localhost:63636/devtoo..., se:cdpVersion: 97.0.4692.71, setWindowRect: true, strictFileInteractability: false, timeouts: {implicit: 0, pageLoad: 300000, script: 30000}, unhandledPromptBehavior: dismiss and notify, webauthn:extension:credBlob: true, webauthn:extension:largeBlob: true, webauthn:virtualAuthenticators: true}&#10;Session ID: 136bedc8d3776dcd46ae50b230b63bf2" type="org.openqa.selenium.WebDriverException"><![CDATA[org.openqa.selenium.WebDriverException: 
Timed out waiting for driver server to stop.
Build info: version: '4.1.1', revision: 'e8fcc2cecf'
System info: host: 'LAPTOP-6HTOKEIU', ip: '169.254.38.81', os.name: 'Windows 10', os.arch: 'amd64', os.version: '10.0', java.version: '17'
Driver info: org.openqa.selenium.chrome.ChromeDriver
Command: [136bedc8d3776dcd46ae50b230b63bf2, quit {}]
Capabilities {acceptInsecureCerts: false, browserName: chrome, browserVersion: 97.0.4692.71, chrome: {chromedriverVersion: 97.0.4692.71 (adefa7837d02a..., userDataDir: C:\Users\RAFA~1\AppData\Loc...}, goog:chromeOptions: {debuggerAddress: localhost:63636}, javascriptEnabled: true, networkConnectionEnabled: false, pageLoadStrategy: normal, platform: WINDOWS, platformName: WINDOWS, proxy: Proxy(), se:cdp: ws://localhost:63636/devtoo..., se:cdpVersion: 97.0.4692.71, setWindowRect: true, strictFileInteractability: false, timeouts: {implicit: 0, pageLoad: 300000, script: 30000}, unhandledPromptBehavior: dismiss and notify, webauthn:extension:credBlob: true, webauthn:extension:largeBlob: true, webauthn:virtualAuthenticators: true}
Session ID: 136bedc8d3776dcd46ae50b230b63bf2
Caused by: java.util.concurrent.ExecutionException: 
org.openqa.selenium.TimeoutException: Process timed out after waiting for 20000 ms.
Build info: version: '4.1.1', revision: 'e8fcc2cecf'
System info: host: 'LAPTOP-6HTOKEIU', ip: '169.254.38.81', os.name: 'Windows 10', os.arch: 'amd64', os.version: '10.0', java.version: '17'
Driver info: driver.version: unknown
Caused by: org.openqa.selenium.TimeoutException: 
Process timed out after waiting for 20000 ms.
Build info: version: '4.1.1', revision: 'e8fcc2cecf'
System info: host: 'LAPTOP-6HTOKEIU', ip: '169.254.38.81', os.name: 'Windows 10', os.arch: 'amd64', os.version: '10.0', java.version: '17'
Driver info: driver.version: unknown
]]></failure>
  </testcase>
  <testcase name="stopDriver[[TestResult name=addToCartFeaturedProducts status=SUCCESS method=AddToCartTest.addToCartFeaturedProducts(org.selenium.pom.objects.Product)[pri:0, instance:org.selenium.pom.tests.AddToCartTest@588ffeb] output={null}], CHROME](0)" classname="org.selenium.pom.tests.AddToCartTest" time="24.945">
    <failure message="Timed out waiting for driver server to stop.&#10;Build info: version: &apos;4.1.1&apos;, revision: &apos;e8fcc2cecf&apos;&#10;System info: host: &apos;LAPTOP-6HTOKEIU&apos;, ip: &apos;169.254.38.81&apos;, os.name: &apos;Windows 10&apos;, os.arch: &apos;amd64&apos;, os.version: &apos;10.0&apos;, java.version: &apos;17&apos;&#10;Driver info: org.openqa.selenium.chrome.ChromeDriver&#10;Command: [3d488adbfd80fa7b29cda7156245ef04, quit {}]&#10;Capabilities {acceptInsecureCerts: false, browserName: chrome, browserVersion: 97.0.4692.71, chrome: {chromedriverVersion: 97.0.4692.71 (adefa7837d02a..., userDataDir: C:\Users\RAFA~1\AppData\Loc...}, goog:chromeOptions: {debuggerAddress: localhost:63681}, javascriptEnabled: true, networkConnectionEnabled: false, pageLoadStrategy: normal, platform: WINDOWS, platformName: WINDOWS, proxy: Proxy(), se:cdp: ws://localhost:63681/devtoo..., se:cdpVersion: 97.0.4692.71, setWindowRect: true, strictFileInteractability: false, timeouts: {implicit: 0, pageLoad: 300000, script: 30000}, unhandledPromptBehavior: dismiss and notify, webauthn:extension:credBlob: true, webauthn:extension:largeBlob: true, webauthn:virtualAuthenticators: true}&#10;Session ID: 3d488adbfd80fa7b29cda7156245ef04" type="org.openqa.selenium.WebDriverException"><![CDATA[org.openqa.selenium.WebDriverException: 
Timed out waiting for driver server to stop.
Build info: version: '4.1.1', revision: 'e8fcc2cecf'
System info: host: 'LAPTOP-6HTOKEIU', ip: '169.254.38.81', os.name: 'Windows 10', os.arch: 'amd64', os.version: '10.0', java.version: '17'
Driver info: org.openqa.selenium.chrome.ChromeDriver
Command: [3d488adbfd80fa7b29cda7156245ef04, quit {}]
Capabilities {acceptInsecureCerts: false, browserName: chrome, browserVersion: 97.0.4692.71, chrome: {chromedriverVersion: 97.0.4692.71 (adefa7837d02a..., userDataDir: C:\Users\RAFA~1\AppData\Loc...}, goog:chromeOptions: {debuggerAddress: localhost:63681}, javascriptEnabled: true, networkConnectionEnabled: false, pageLoadStrategy: normal, platform: WINDOWS, platformName: WINDOWS, proxy: Proxy(), se:cdp: ws://localhost:63681/devtoo..., se:cdpVersion: 97.0.4692.71, setWindowRect: true, strictFileInteractability: false, timeouts: {implicit: 0, pageLoad: 300000, script: 30000}, unhandledPromptBehavior: dismiss and notify, webauthn:extension:credBlob: true, webauthn:extension:largeBlob: true, webauthn:virtualAuthenticators: true}
Session ID: 3d488adbfd80fa7b29cda7156245ef04
Caused by: java.util.concurrent.ExecutionException: 
org.openqa.selenium.TimeoutException: Process timed out after waiting for 20000 ms.
Build info: version: '4.1.1', revision: 'e8fcc2cecf'
System info: host: 'LAPTOP-6HTOKEIU', ip: '169.254.38.81', os.name: 'Windows 10', os.arch: 'amd64', os.version: '10.0', java.version: '17'
Driver info: driver.version: unknown
Caused by: org.openqa.selenium.TimeoutException: 
Process timed out after waiting for 20000 ms.
Build info: version: '4.1.1', revision: 'e8fcc2cecf'
System info: host: 'LAPTOP-6HTOKEIU', ip: '169.254.38.81', os.name: 'Windows 10', os.arch: 'amd64', os.version: '10.0', java.version: '17'
Driver info: driver.version: unknown
]]></failure>
  </testcase>
  <testcase name="stopDriver[[TestResult name=addToCartFeaturedProducts status=SUCCESS method=AddToCartTest.addToCartFeaturedProducts(org.selenium.pom.objects.Product)[pri:0, instance:org.selenium.pom.tests.AddToCartTest@588ffeb] output={null}], CHROME](0)" classname="org.selenium.pom.tests.AddToCartTest" time="24.945">
    <failure message="Timed out waiting for driver server to stop.&#10;Build info: version: &apos;4.1.1&apos;, revision: &apos;e8fcc2cecf&apos;&#10;System info: host: &apos;LAPTOP-6HTOKEIU&apos;, ip: &apos;169.254.38.81&apos;, os.name: &apos;Windows 10&apos;, os.arch: &apos;amd64&apos;, os.version: &apos;10.0&apos;, java.version: &apos;17&apos;&#10;Driver info: org.openqa.selenium.chrome.ChromeDriver&#10;Command: [339c3f6814c0b1c573cec3fd2366cfe0, quit {}]&#10;Capabilities {acceptInsecureCerts: false, browserName: chrome, browserVersion: 97.0.4692.71, chrome: {chromedriverVersion: 97.0.4692.71 (adefa7837d02a..., userDataDir: C:\Users\RAFA~1\AppData\Loc...}, goog:chromeOptions: {debuggerAddress: localhost:63687}, javascriptEnabled: true, networkConnectionEnabled: false, pageLoadStrategy: normal, platform: WINDOWS, platformName: WINDOWS, proxy: Proxy(), se:cdp: ws://localhost:63687/devtoo..., se:cdpVersion: 97.0.4692.71, setWindowRect: true, strictFileInteractability: false, timeouts: {implicit: 0, pageLoad: 300000, script: 30000}, unhandledPromptBehavior: dismiss and notify, webauthn:extension:credBlob: true, webauthn:extension:largeBlob: true, webauthn:virtualAuthenticators: true}&#10;Session ID: 339c3f6814c0b1c573cec3fd2366cfe0" type="org.openqa.selenium.WebDriverException"><![CDATA[org.openqa.selenium.WebDriverException: 
Timed out waiting for driver server to stop.
Build info: version: '4.1.1', revision: 'e8fcc2cecf'
System info: host: 'LAPTOP-6HTOKEIU', ip: '169.254.38.81', os.name: 'Windows 10', os.arch: 'amd64', os.version: '10.0', java.version: '17'
Driver info: org.openqa.selenium.chrome.ChromeDriver
Command: [339c3f6814c0b1c573cec3fd2366cfe0, quit {}]
Capabilities {acceptInsecureCerts: false, browserName: chrome, browserVersion: 97.0.4692.71, chrome: {chromedriverVersion: 97.0.4692.71 (adefa7837d02a..., userDataDir: C:\Users\RAFA~1\AppData\Loc...}, goog:chromeOptions: {debuggerAddress: localhost:63687}, javascriptEnabled: true, networkConnectionEnabled: false, pageLoadStrategy: normal, platform: WINDOWS, platformName: WINDOWS, proxy: Proxy(), se:cdp: ws://localhost:63687/devtoo..., se:cdpVersion: 97.0.4692.71, setWindowRect: true, strictFileInteractability: false, timeouts: {implicit: 0, pageLoad: 300000, script: 30000}, unhandledPromptBehavior: dismiss and notify, webauthn:extension:credBlob: true, webauthn:extension:largeBlob: true, webauthn:virtualAuthenticators: true}
Session ID: 339c3f6814c0b1c573cec3fd2366cfe0
Caused by: java.util.concurrent.ExecutionException: 
org.openqa.selenium.TimeoutException: Process timed out after waiting for 20000 ms.
Build info: version: '4.1.1', revision: 'e8fcc2cecf'
System info: host: 'LAPTOP-6HTOKEIU', ip: '169.254.38.81', os.name: 'Windows 10', os.arch: 'amd64', os.version: '10.0', java.version: '17'
Driver info: driver.version: unknown
Caused by: org.openqa.selenium.TimeoutException: 
Process timed out after waiting for 20000 ms.
Build info: version: '4.1.1', revision: 'e8fcc2cecf'
System info: host: 'LAPTOP-6HTOKEIU', ip: '169.254.38.81', os.name: 'Windows 10', os.arch: 'amd64', os.version: '10.0', java.version: '17'
Driver info: driver.version: unknown
]]></failure>
  </testcase>
  <testcase name="stopDriver[[TestResult name=addToCartFromStorePage status=SUCCESS method=AddToCartTest.addToCartFromStorePage()[pri:0, instance:org.selenium.pom.tests.AddToCartTest@588ffeb] output={null}], CHROME](0)" classname="org.selenium.pom.tests.AddToCartTest" time="24.945">
    <failure message="Timed out waiting for driver server to stop.&#10;Build info: version: &apos;4.1.1&apos;, revision: &apos;e8fcc2cecf&apos;&#10;System info: host: &apos;LAPTOP-6HTOKEIU&apos;, ip: &apos;169.254.38.81&apos;, os.name: &apos;Windows 10&apos;, os.arch: &apos;amd64&apos;, os.version: &apos;10.0&apos;, java.version: &apos;17&apos;&#10;Driver info: org.openqa.selenium.chrome.ChromeDriver&#10;Command: [e6eaadb9c101c2f76878b3f0690061ce, quit {}]&#10;Capabilities {acceptInsecureCerts: false, browserName: chrome, browserVersion: 97.0.4692.71, chrome: {chromedriverVersion: 97.0.4692.71 (adefa7837d02a..., userDataDir: C:\Users\RAFA~1\AppData\Loc...}, goog:chromeOptions: {debuggerAddress: localhost:63661}, javascriptEnabled: true, networkConnectionEnabled: false, pageLoadStrategy: normal, platform: WINDOWS, platformName: WINDOWS, proxy: Proxy(), se:cdp: ws://localhost:63661/devtoo..., se:cdpVersion: 97.0.4692.71, setWindowRect: true, strictFileInteractability: false, timeouts: {implicit: 0, pageLoad: 300000, script: 30000}, unhandledPromptBehavior: dismiss and notify, webauthn:extension:credBlob: true, webauthn:extension:largeBlob: true, webauthn:virtualAuthenticators: true}&#10;Session ID: e6eaadb9c101c2f76878b3f0690061ce" type="org.openqa.selenium.WebDriverException"><![CDATA[org.openqa.selenium.WebDriverException: 
Timed out waiting for driver server to stop.
Build info: version: '4.1.1', revision: 'e8fcc2cecf'
System info: host: 'LAPTOP-6HTOKEIU', ip: '169.254.38.81', os.name: 'Windows 10', os.arch: 'amd64', os.version: '10.0', java.version: '17'
Driver info: org.openqa.selenium.chrome.ChromeDriver
Command: [e6eaadb9c101c2f76878b3f0690061ce, quit {}]
Capabilities {acceptInsecureCerts: false, browserName: chrome, browserVersion: 97.0.4692.71, chrome: {chromedriverVersion: 97.0.4692.71 (adefa7837d02a..., userDataDir: C:\Users\RAFA~1\AppData\Loc...}, goog:chromeOptions: {debuggerAddress: localhost:63661}, javascriptEnabled: true, networkConnectionEnabled: false, pageLoadStrategy: normal, platform: WINDOWS, platformName: WINDOWS, proxy: Proxy(), se:cdp: ws://localhost:63661/devtoo..., se:cdpVersion: 97.0.4692.71, setWindowRect: true, strictFileInteractability: false, timeouts: {implicit: 0, pageLoad: 300000, script: 30000}, unhandledPromptBehavior: dismiss and notify, webauthn:extension:credBlob: true, webauthn:extension:largeBlob: true, webauthn:virtualAuthenticators: true}
Session ID: e6eaadb9c101c2f76878b3f0690061ce
Caused by: java.util.concurrent.ExecutionException: 
org.openqa.selenium.TimeoutException: Process timed out after waiting for 20000 ms.
Build info: version: '4.1.1', revision: 'e8fcc2cecf'
System info: host: 'LAPTOP-6HTOKEIU', ip: '169.254.38.81', os.name: 'Windows 10', os.arch: 'amd64', os.version: '10.0', java.version: '17'
Driver info: driver.version: unknown
Caused by: org.openqa.selenium.TimeoutException: 
Process timed out after waiting for 20000 ms.
Build info: version: '4.1.1', revision: 'e8fcc2cecf'
System info: host: 'LAPTOP-6HTOKEIU', ip: '169.254.38.81', os.name: 'Windows 10', os.arch: 'amd64', os.version: '10.0', java.version: '17'
Driver info: driver.version: unknown
]]></failure>
  </testcase>
  <testcase name="guestCheckoutUsingDirectBankTransfer[org.selenium.pom.objects.BillingAddress@3a4d861](1)" classname="org.selenium.pom.tests.CheckoutTest" time="2.28">
    <system-out><![CDATA[Current Thread: 53
Driver: ChromeDriver: chrome on WINDOWS (51677ae386d70055269bd83fcae3a9a7)
Current Thread: 49
Driver: FirefoxDriver: firefox on WINDOWS (d975336d-22ab-4c30-9e01-47fdcf6e387d)
Current Thread: 54
Driver: FirefoxDriver: firefox on WINDOWS (5365c99c-ed7d-49c1-b36d-1cc43ac6abf9)
Overlays size: 2
Overlays are invisible: 2
Overlays size: 2
Overlays are invisible: 2
Current Thread: 58
Driver: FirefoxDriver: firefox on WINDOWS (2e4d671e-4c77-4072-89f2-20d0319153df)
]]></system-out>
    <system-err><![CDATA[console.warn: SearchSettings: "get: No settings file exists, new profile?" (new NotFoundError("Could not open the file at C:\\Users\\Rafa\u0142\\AppData\\Local\\Temp\\rust_mozprofiletrpf8v\\search.json.mozlz4", (void 0)))
console.warn: SearchSettings: "get: No settings file exists, new profile?" (new NotFoundError("Could not open the file at C:\\Users\\Rafa\u0142\\AppData\\Local\\Temp\\rust_mozprofile8SVCri\\search.json.mozlz4", (void 0)))
console.warn: SearchSettings: "get: No settings file exists, new profile?" (new NotFoundError("Could not open the file at C:\\Users\\Rafa\u0142\\AppData\\Local\\Temp\\rust_mozprofileUXsbOx\\search.json.mozlz4", (void 0)))
console.warn: SearchSettings: "get: No settings file exists, new profile?" (new NotFoundError("Could not open the file at C:\\Users\\Rafa\u0142\\AppData\\Local\\Temp\\rust_mozprofileGR81bY\\search.json.mozlz4", (void 0)))
1642810309923	Marionette	INFO	Listening on port 63579
1642810310015	RemoteAgent	WARN	TLS certificate errors will be ignored for this session
sty 22, 2022 1:11:50 AM org.openqa.selenium.remote.ProtocolHandshake createSession
INFO: Detected dialect: W3C
DevTools listening on ws://localhost:59113/devtools/browser/cda0fc0b-0f83-4fc6-ae94-aff3724af772
1642810310673	Marionette	INFO	Listening on port 63587
1642810316372	RemoteAgent	WARN	TLS certificate errors will be ignored for this session
sty 22, 2022 1:11:56 AM org.openqa.selenium.remote.ProtocolHandshake createSession
INFO: Detected dialect: W3C
]]></system-err>
  </testcase>
  <testcase name="loginAndCheckoutUsingDirectBankTransfer[org.selenium.pom.objects.BillingAddress@5497a622](1)" classname="org.selenium.pom.tests.CheckoutTest" time="0.001">
    <system-out><![CDATA[Current Thread: 43
Driver: ChromeDriver: chrome on WINDOWS (77680eccc6f7b406dd5cfc47e93cf5d9)
]]></system-out>
  </testcase>
  <testcase name="loginAndCheckoutUsingDirectBankTransfer[org.selenium.pom.objects.BillingAddress@6540c038](2)" classname="org.selenium.pom.tests.CheckoutTest" time="1.802">
    <system-err><![CDATA[JavaScript error: resource://gre/modules/UrlClassifierListManager.jsm, line 691: TypeError: this.tablesData[table] is undefined
1642810333561	Marionette	INFO	Stopped listening on port 63581
JavaScript error: resource://gre/modules/XULStore.jsm, line 66: Error: Can't find profile directory.
JavaScript error: resource://gre/modules/XULStore.jsm, line 66: Error: Can't find profile directory.
!!! error running onStopped callback: TypeError: callback is not a function
1642810333847	Marionette	INFO	Stopped listening on port 63579
]]></system-err>
  </testcase>
  <testcase name="loginAndCheckoutUsingDirectBankTransfer[org.selenium.pom.objects.BillingAddress@58d4ab3e](1)" classname="org.selenium.pom.tests.CheckoutTest" time="19.778">
    <system-out><![CDATA[Overlays are invisible: 2
Overlays size: 2
Current Thread: 36
Driver: FirefoxDriver: firefox on WINDOWS (fecc54b8-ae7a-4dbc-896d-79e32a539232)
Overlays are invisible: 2
]]></system-out>
    <system-err><![CDATA[ivconsole.warn: LoginRecipes: "getRecipeasSecriprtC lerircokErl:e mreensto@urccher:o/m/eg:r/e/r/emmootdeu/lceosn/tCernasth/marionette/interaction.js:179:31
: falling back to a synchronous message for:" "https://askomdch.com"
Manager.jsm, line 828: AbortError: IOUtils: Shutting down and refusing additional I/O tasks
******  U*TUTMM:*:S*VS CVUC  TTiTMmiem:erMraMnaagnearg:err:erSgeVigCsit seTtrieTrmiTeirmmMeearr n ccaaallglleeedd r aa:ffttrere erpg riopsfrtioelfreiT-libeemf-eobrre ecf-aocrlhela-ecndhg aeaf ntngeoetr i nfopitricfoaicftiailtoei-nbo.en fI.og rnIegon-rocrihang tinimgneegr   ntroimetegirif sirtceragattiiisootnnr .af tIoigornn o irfdio:nr g t ietlidem:me re ttrreeylg_eimmsoettdrurlayte_ismo_ondp uiflnoegrs _p
iidn:g *
telemetry_*modules**_**p**i  nUUgTTMM
:SVC TimerM:aSnVaCg e*Tr*i:*rm* eeU rgTMMaUi:nTSsaMVt:CSge VerCTrT ii:TmmrieeermrgMe iarcsMntaaaenglraeTlgre:ierrmde: graiefstgteeirrst TeirpmTerirom cfeairll elc-aebldel feaodf rtaeer -pcrohafinlgee- beneorfo trcei-afclhialcenadgt ei onano.f tIetginrfio cartpirinoognf i.tli emI-egbrnoe rfrioenrgge -itcsihang1e6 4n2o*8tif*i*c aUtT*1iMon*:.* 0S I3VUgC4Tn 0oT9riM9i:mn1SgeV	 rCtMM iaaTmnreaiirgmo eernrree:Mgrtaietnsgetai	rgsaWettArei:RrorNTne	i gTmfieoirrsm  teciedadrlP:T lriteomedeml reia msfceeatt lretlyied a_rmfue tndpet rrroou fuspittrl eoedaf-mibfoltdeeue-flrbeo ser_f5eop0-ric0enh -gamcnsh
g:ae n sgneto atniocftiikcftairctaiactoein:o.n .
I TIgignmnoeordriiPnnrggo  mttiiismmeeer/ r<r @ercgeihgsrtiorsmtaetr:iao/tn/i rofenmo rof toierd/ :ci odtn:el tetemeenltter/mym_eamtorrdiyuolen_sme_otpdtuilene/sgs_y
pnicn.gj
s:239:19
Tim*e*d*P *Ur*To*M m:iUSTsVeCM@ :TcShiVrmCe orTmMaienm:ae/gr/eMrrae:nmroaetggeie/srtce:orrnTeitgmeeinrstt /cemaralTrlieimdoe nra efctaelr tplrteoedf/ isalefy-tnbeecrf. ojprsre:o-cf2hi2aln4ge:e-1 bn0eoft
iionfrtieec-ractaihcotani.ngo eIng .nnfooltruiisnfhgiE ctvaiemtneirto nLr.oe ogIipgs@ntcorahrtriionomgne  :ft/oi/mrre erimd :or tteeegl/iecsmotentrtreay_ntuitnot/nr mufaosrrti eoidndme:otd uttleeels/e_impnettirenygr_au
cnttirouns.tejdsmo:d4u3l1e:s1_0pi
nwgeb
driverClickElement@chrom1e642:8/1/0r3e4m04o8t0e	/Macronitoennett/tmea	riIoNnFeO	tStteo/pipnetd listening on port 63571
*** UTM:SVC TimerManager:registerTimer called after profile-before-change notification. Ignoring timer registration for id: telemetry_modules_ping
*** UTM:SVC TimerManager:registerTimer called after profile-before-change notification. Ignoring timer registration for id: telemetry_untrustedmodules_ping
action.js:431:10
webdriverClickElement@chrome://remote/content/marionette/interaction.js:179:31
1642810341487	Marionette	WARN	TimedPromise timed out after 500 ms: stacktrace:
Tim]]></system-err>
  </testcase>
  <testcase name="guestCheckoutUsingDirectBankTransfer[org.selenium.pom.objects.BillingAddress@24fcf5e5](3)" classname="org.selenium.pom.tests.CheckoutTest" time="19.994">
    <system-err><![CDATA[e
##
#!!!#
# #[##P#a!!r!!e!!n  t[][P[PRaaurrneeMnnettss]]a[[gRReuu]nn MMEeerrssossraa:gg eCe]h]a  nEEnrrerlro orcr:l: oC shiCn
hg#:aan #nnt#noe!eo!ll !  lc acl[tlCoeo shtsiioin lngsdge:]:n [ dtRt/ouoronoe M clelvsaa,stt aeemg  ettesoos]  a ssgeEeernsnrd od/wr/ir:rle elcCc vhvba,,en   nmmleeeossslsts aagc
egls oe
swsi inwgli:ll l t bobeoe   lllosaotst
te
 t
o
 send/recv, messages will be lost

]]></system-err>
  </testcase>
  <testcase name="guestCheckoutUsingDirectBankTransfer[org.selenium.pom.objects.BillingAddress@70b102c2](1)" classname="org.selenium.pom.tests.CheckoutTest" time="19.994">
    <system-err><![CDATA[]]></system-err>
  </testcase>
  <testcase name="loginAndCheckoutUsingDirectBankTransfer[org.selenium.pom.objects.BillingAddress@18c5cef3](3)" classname="org.selenium.pom.tests.CheckoutTest" time="20.008">
    <system-out><![CDATA[Overlays are invisible: 2
]]></system-out>
    <system-err><![CDATA[
co
#ns##!!o
!l# ee#[.#!Chr!ilw!ada ][cr[Parsty 22, 2022 1:12:22 AM org.openqa.selenium.concurrent.ExecutorServices shutdownGracefully
WARNING: Failed to shutdown Driver Command Executor
]]></system-err>
  </testcase>
  <testcase name="guestCheckoutUsingDirectBankTransfer[org.selenium.pom.objects.BillingAddress@64a89926](2)" classname="org.selenium.pom.tests.CheckoutTest" time="24.874">
    <system-out><![CDATA[Current Thread: 42
Current Thread: 39
Driver: FirefoxDriver: firefox on WINDOWS (b448bd10-b036-41d4-8f2b-f8dff941c639)
Driver: ChromeDriver: chrome on WINDOWS (e971976d6f3a5934853e4f23c97a638c)
Current Thread: 41
Driver: ChromeDriver: chrome on WINDOWS (0f422eec0f0970124fc531302bba498e)
Overlays size: 2
]]></system-out>
    <system-err><![CDATA[sty 22, 2022 1:12:24 AM org.openqa.selenium.concurrent.ExecutorServices shutdownGracefully
WARNING: Failed to shutdown Driver Command Executor
*** UTM:SVC TimerManager:registerTimer called after profile-before-change notification. Ignoring timer registration for id: telemetry_modules_ping
*** UTM:SVC TimerManager:registerTimer called after profile-before-change notification. Ignoring timer registration for id: telement][Mne:s sLaoggeiCMnheRasensncaeiglp]eeC sh:Ea rn"rngoeertl:R] e( cmEisrpgretosyr:p: ef =a(0xml3lsAig0nt07gyAp ,ben=aa0cmkxe 3=tAPo0C 1oa1n6 t,senyntna:cm:Mehs=rgPo_CnDooenusstt ermnoetyBs:r:soMawsgsgei _nAfgocCrco:un"mt ue"xlhtatGttrepCsoh:iul/pd/)Ha isCsklotosmoegddrc cahmh.acnonsme)"l :C
 hacnanenln octl osseinndg/:r etcoov 
la
te to send/recv, messages will be lost


###!!! [Child][MessageChannel] Error: (msgtype=0x3A0117,namee=PtCroyn_tuentnrtu::stMesdgm_oAdcucluems_upliantgeC
hildKeyedHistograms)c Cohnasnonleel. wcalrons:i nLgo:g itnoRoe cliaptees :t o" gseetnRde/criepcevs,:  mfeaslslaignge sb awcikl lt ob e al ossytnc
hr
on
o#u#s# !!m!e s[sCahgiel df]o[rM:e"s s"ahgtetCphsa:n/ne/la]s kEormrdocrh:. c(omms"gt
ype=0x3A0118,name=PContecnotn:s:oMlseg._wUaprdnat:e LCohgiiln1Recipe6s4:2 81"0g3e4t16R8ecipes: f2a	lMlairnigo nbaectkt et	oI NaF Os	ySntcohprpoendo ulsi smteesnsiangge  of]]></system-err>
  </testcase>
  <testcase name="stopDriver[[TestResult name=guestCheckoutUsingDirectBankTransfer status=SUCCESS method=CheckoutTest.guestCheckoutUsingDirectBankTransfer(org.selenium.pom.objects.BillingAddress)[pri:0, instance:org.selenium.pom.tests.CheckoutTest@54da32dc] output={null}], CHROME](0)" classname="org.selenium.pom.tests.CheckoutTest" time="25.076">
    <failure message="Timed out waiting for driver server to stop.&#10;Build info: version: &apos;4.1.1&apos;, revision: &apos;e8fcc2cecf&apos;&#10;System info: host: &apos;LAPTOP-6HTOKEIU&apos;, ip: &apos;169.254.38.81&apos;, os.name: &apos;Windows 10&apos;, os.arch: &apos;amd64&apos;, os.version: &apos;10.0&apos;, java.version: &apos;17&apos;&#10;Driver info: org.openqa.selenium.chrome.ChromeDriver&#10;Command: [77680eccc6f7b406dd5cfc47e93cf5d9, quit {}]&#10;Capabilities {acceptInsecureCerts: false, browserName: chrome, browserVersion: 97.0.4692.71, chrome: {chromedriverVersion: 97.0.4692.71 (adefa7837d02a..., userDataDir: C:\Users\RAFA~1\AppData\Loc...}, goog:chromeOptions: {debuggerAddress: localhost:63675}, javascriptEnabled: true, networkConnectionEnabled: false, pageLoadStrategy: normal, platform: WINDOWS, platformName: WINDOWS, proxy: Proxy(), se:cdp: ws://localhost:63675/devtoo..., se:cdpVersion: 97.0.4692.71, setWindowRect: true, strictFileInteractability: false, timeouts: {implicit: 0, pageLoad: 300000, script: 30000}, unhandledPromptBehavior: dismiss and notify, webauthn:extension:credBlob: true, webauthn:extension:largeBlob: true, webauthn:virtualAuthenticators: true}&#10;Session ID: 77680eccc6f7b406dd5cfc47e93cf5d9" type="org.openqa.selenium.WebDriverException"><![CDATA[org.openqa.selenium.WebDriverException: 
Timed out waiting for driver server to stop.
Build info: version: '4.1.1', revision: 'e8fcc2cecf'
System info: host: 'LAPTOP-6HTOKEIU', ip: '169.254.38.81', os.name: 'Windows 10', os.arch: 'amd64', os.version: '10.0', java.version: '17'
Driver info: org.openqa.selenium.chrome.ChromeDriver
Command: [77680eccc6f7b406dd5cfc47e93cf5d9, quit {}]
Capabilities {acceptInsecureCerts: false, browserName: chrome, browserVersion: 97.0.4692.71, chrome: {chromedriverVersion: 97.0.4692.71 (adefa7837d02a..., userDataDir: C:\Users\RAFA~1\AppData\Loc...}, goog:chromeOptions: {debuggerAddress: localhost:63675}, javascriptEnabled: true, networkConnectionEnabled: false, pageLoadStrategy: normal, platform: WINDOWS, platformName: WINDOWS, proxy: Proxy(), se:cdp: ws://localhost:63675/devtoo..., se:cdpVersion: 97.0.4692.71, setWindowRect: true, strictFileInteractability: false, timeouts: {implicit: 0, pageLoad: 300000, script: 30000}, unhandledPromptBehavior: dismiss and notify, webauthn:extension:credBlob: true, webauthn:extension:largeBlob: true, webauthn:virtualAuthenticators: true}
Session ID: 77680eccc6f7b406dd5cfc47e93cf5d9
Caused by: java.util.concurrent.ExecutionException: 
org.openqa.selenium.TimeoutException: Process timed out after waiting for 20000 ms.
Build info: version: '4.1.1', revision: 'e8fcc2cecf'
System info: host: 'LAPTOP-6HTOKEIU', ip: '169.254.38.81', os.name: 'Windows 10', os.arch: 'amd64', os.version: '10.0', java.version: '17'
Driver info: driver.version: unknown
Caused by: org.openqa.selenium.TimeoutException: 
Process timed out after waiting for 20000 ms.
Build info: version: '4.1.1', revision: 'e8fcc2cecf'
System info: host: 'LAPTOP-6HTOKEIU', ip: '169.254.38.81', os.name: 'Windows 10', os.arch: 'amd64', os.version: '10.0', java.version: '17'
Driver info: driver.version: unknown
]]></failure>
    <system-out><![CDATA[Overlays are invisible: 2
]]></system-out>
    <system-err><![CDATA[r:" "https://askomdch.com"
console.warn: LoginRecipes: "getRecipes: falling back to a synchronous message for:" "https://askomdch.com"
console.warn: LoginRecipes: "getRecipes: falling back to a synchronous message for:" "https://askomdch.com"
1642810346000	Marionette	INFO	Stopped listening on port 63587
 port 63584
]]></system-err>
  </testcase>
  <testcase name="stopDriver[[TestResult name=guestCheckoutUsingDirectBankTransfer status=SUCCESS method=CheckoutTest.guestCheckoutUsingDirectBankTransfer(org.selenium.pom.objects.BillingAddress)[pri:0, instance:org.selenium.pom.tests.CheckoutTest@54da32dc] output={null}], CHROME](0)" classname="org.selenium.pom.tests.CheckoutTest" time="0.376">
    <failure message="Timed out waiting for driver server to stop.&#10;Build info: version: &apos;4.1.1&apos;, revision: &apos;e8fcc2cecf&apos;&#10;System info: host: &apos;LAPTOP-6HTOKEIU&apos;, ip: &apos;169.254.38.81&apos;, os.name: &apos;Windows 10&apos;, os.arch: &apos;amd64&apos;, os.version: &apos;10.0&apos;, java.version: &apos;17&apos;&#10;Driver info: org.openqa.selenium.chrome.ChromeDriver&#10;Command: [7f783239aa37c1fe6da362b81fb223b2, quit {}]&#10;Capabilities {acceptInsecureCerts: false, browserName: chrome, browserVersion: 97.0.4692.71, chrome: {chromedriverVersion: 97.0.4692.71 (adefa7837d02a..., userDataDir: C:\Users\RAFA~1\AppData\Loc...}, goog:chromeOptions: {debuggerAddress: localhost:63663}, javascriptEnabled: true, networkConnectionEnabled: false, pageLoadStrategy: normal, platform: WINDOWS, platformName: WINDOWS, proxy: Proxy(), se:cdp: ws://localhost:63663/devtoo..., se:cdpVersion: 97.0.4692.71, setWindowRect: true, strictFileInteractability: false, timeouts: {implicit: 0, pageLoad: 300000, script: 30000}, unhandledPromptBehavior: dismiss and notify, webauthn:extension:credBlob: true, webauthn:extension:largeBlob: true, webauthn:virtualAuthenticators: true}&#10;Session ID: 7f783239aa37c1fe6da362b81fb223b2" type="org.openqa.selenium.WebDriverException"><![CDATA[org.openqa.selenium.WebDriverException: 
Timed out waiting for driver server to stop.
Build info: version: '4.1.1', revision: 'e8fcc2cecf'
System info: host: 'LAPTOP-6HTOKEIU', ip: '169.254.38.81', os.name: 'Windows 10', os.arch: 'amd64', os.version: '10.0', java.version: '17'
Driver info: org.openqa.selenium.chrome.ChromeDriver
Command: [7f783239aa37c1fe6da362b81fb223b2, quit {}]
Capabilities {acceptInsecureCerts: false, browserName: chrome, browserVersion: 97.0.4692.71, chrome: {chromedriverVersion: 97.0.4692.71 (adefa7837d02a..., userDataDir: C:\Users\RAFA~1\AppData\Loc...}, goog:chromeOptions: {debuggerAddress: localhost:63663}, javascriptEnabled: true, networkConnectionEnabled: false, pageLoadStrategy: normal, platform: WINDOWS, platformName: WINDOWS, proxy: Proxy(), se:cdp: ws://localhost:63663/devtoo..., se:cdpVersion: 97.0.4692.71, setWindowRect: true, strictFileInteractability: false, timeouts: {implicit: 0, pageLoad: 300000, script: 30000}, unhandledPromptBehavior: dismiss and notify, webauthn:extension:credBlob: true, webauthn:extension:largeBlob: true, webauthn:virtualAuthenticators: true}
Session ID: 7f783239aa37c1fe6da362b81fb223b2
Caused by: java.util.concurrent.ExecutionException: 
org.openqa.selenium.TimeoutException: Process timed out after waiting for 20000 ms.
Build info: version: '4.1.1', revision: 'e8fcc2cecf'
System info: host: 'LAPTOP-6HTOKEIU', ip: '169.254.38.81', os.name: 'Windows 10', os.arch: 'amd64', os.version: '10.0', java.version: '17'
Driver info: driver.version: unknown
Caused by: org.openqa.selenium.TimeoutException: 
Process timed out after waiting for 20000 ms.
Build info: version: '4.1.1', revision: 'e8fcc2cecf'
System info: host: 'LAPTOP-6HTOKEIU', ip: '169.254.38.81', os.name: 'Windows 10', os.arch: 'amd64', os.version: '10.0', java.version: '17'
Driver info: driver.version: unknown
]]></failure>
    <system-out><![CDATA[Current Thread: 28
Driver: ChromeDriver: chrome on WINDOWS (3131ce5cb61e64f7789a00041b6239bc)
Overlays are invisible: 2
]]></system-out>
    <system-err><![CDATA[1642810374618	Marionette	WARN	TimedPromise timed out after 500 ms: stacktrace:
TimedPromise/<@chrome://remote/content/marionette/sync.js:239:19
TimedPromise@chrome://remote/content/marionette/sync.js:224:10
interaction.flushEventLoop@chrome://remote/content/marionette/interaction.js:431:10
webdriverClickElement@chrome://remote/content/marionette/interaction.js:179:31
JavaScript error: resource://gre/modules/LoginManagerParent.jsm, line 136: TypeError: gRecipeManager is null
JavaScript error: resource://gre/modules/LoginManagerParent.jsm, line 136: TypeError: gRecipeManager is null
JavaScript error: resource://gre/modules/LoginManagerParent.jsm, line 136: TypeError: gRecipeManager is null
console.warn: LoginRecipes: "getRecipes: falling back to a synchronous message for:" "https://askomdch.com"
console.warn: LoginRecipes: "getRecipes: falling back to a synchronous message for:" "https://askomdch.com"
console.warn: LoginRecipes: "getRecipes: falling back to a synchronous message for:" "https://askomdch.com"
console.warn: LoginRecipes: "getRecipes: falling back to a synchronous message for:" "https://askomdch.com"
]]></system-err>
  </testcase>
  <testcase name="stopDriver[[TestResult name=loginAndCheckoutUsingDirectBankTransfer status=SUCCESS method=CheckoutTest.loginAndCheckoutUsingDirectBankTransfer(org.selenium.pom.objects.BillingAddress)[pri:0, instance:org.selenium.pom.tests.CheckoutTest@54da32dc] output={null}], CHROME](0)" classname="org.selenium.pom.tests.CheckoutTest" time="25.076">
    <failure message="Timed out waiting for driver server to stop.&#10;Build info: version: &apos;4.1.1&apos;, revision: &apos;e8fcc2cecf&apos;&#10;System info: host: &apos;LAPTOP-6HTOKEIU&apos;, ip: &apos;169.254.38.81&apos;, os.name: &apos;Windows 10&apos;, os.arch: &apos;amd64&apos;, os.version: &apos;10.0&apos;, java.version: &apos;17&apos;&#10;Driver info: org.openqa.selenium.chrome.ChromeDriver&#10;Command: [4d0a1d8647b0d120cde2efd147ced93c, quit {}]&#10;Capabilities {acceptInsecureCerts: false, browserName: chrome, browserVersion: 97.0.4692.71, chrome: {chromedriverVersion: 97.0.4692.71 (adefa7837d02a..., userDataDir: C:\Users\RAFA~1\AppData\Loc...}, goog:chromeOptions: {debuggerAddress: localhost:63700}, javascriptEnabled: true, networkConnectionEnabled: false, pageLoadStrategy: normal, platform: WINDOWS, platformName: WINDOWS, proxy: Proxy(), se:cdp: ws://localhost:63700/devtoo..., se:cdpVersion: 97.0.4692.71, setWindowRect: true, strictFileInteractability: false, timeouts: {implicit: 0, pageLoad: 300000, script: 30000}, unhandledPromptBehavior: dismiss and notify, webauthn:extension:credBlob: true, webauthn:extension:largeBlob: true, webauthn:virtualAuthenticators: true}&#10;Session ID: 4d0a1d8647b0d120cde2efd147ced93c" type="org.openqa.selenium.WebDriverException"><![CDATA[org.openqa.selenium.WebDriverException: 
Timed out waiting for driver server to stop.
Build info: version: '4.1.1', revision: 'e8fcc2cecf'
System info: host: 'LAPTOP-6HTOKEIU', ip: '169.254.38.81', os.name: 'Windows 10', os.arch: 'amd64', os.version: '10.0', java.version: '17'
Driver info: org.openqa.selenium.chrome.ChromeDriver
Command: [4d0a1d8647b0d120cde2efd147ced93c, quit {}]
Capabilities {acceptInsecureCerts: false, browserName: chrome, browserVersion: 97.0.4692.71, chrome: {chromedriverVersion: 97.0.4692.71 (adefa7837d02a..., userDataDir: C:\Users\RAFA~1\AppData\Loc...}, goog:chromeOptions: {debuggerAddress: localhost:63700}, javascriptEnabled: true, networkConnectionEnabled: false, pageLoadStrategy: normal, platform: WINDOWS, platformName: WINDOWS, proxy: Proxy(), se:cdp: ws://localhost:63700/devtoo..., se:cdpVersion: 97.0.4692.71, setWindowRect: true, strictFileInteractability: false, timeouts: {implicit: 0, pageLoad: 300000, script: 30000}, unhandledPromptBehavior: dismiss and notify, webauthn:extension:credBlob: true, webauthn:extension:largeBlob: true, webauthn:virtualAuthenticators: true}
Session ID: 4d0a1d8647b0d120cde2efd147ced93c
Caused by: java.util.concurrent.ExecutionException: 
org.openqa.selenium.TimeoutException: Process timed out after waiting for 20000 ms.
Build info: version: '4.1.1', revision: 'e8fcc2cecf'
System info: host: 'LAPTOP-6HTOKEIU', ip: '169.254.38.81', os.name: 'Windows 10', os.arch: 'amd64', os.version: '10.0', java.version: '17'
Driver info: driver.version: unknown
Caused by: org.openqa.selenium.TimeoutException: 
Process timed out after waiting for 20000 ms.
Build info: version: '4.1.1', revision: 'e8fcc2cecf'
System info: host: 'LAPTOP-6HTOKEIU', ip: '169.254.38.81', os.name: 'Windows 10', os.arch: 'amd64', os.version: '10.0', java.version: '17'
Driver info: driver.version: unknown
]]></failure>
  </testcase>
  <testcase name="loginAndCheckoutUsingDirectBankTransfer[org.selenium.pom.objects.BillingAddress@41313cb7](2)" classname="org.selenium.pom.tests.CheckoutTest" time="28.485">
    <system-out><![CDATA[Current Thread: 48
Driver: FirefoxDriver: firefox on WINDOWS (57084d0c-6e6f-41b1-9099-6322b200ee32)
Current Thread: 47
Driver: ChromeDriver: chrome on WINDOWS (7f783239aa37c1fe6da362b81fb223b2)
]]></system-out>
    <system-err><![CDATA[dtSc#aion#.l#ja!sr!:s1!7 9:[3)P1a rC
ehnadntnePrl]o [mcSiMlsetesa/osr<st@iaichnngrgego C:mCh ehat:ron/onom/ee rDlelr]maio vtteEee/rr c ort9noo7tr. e:0s .ne4t(n6/md9m2s/a.7grr1ite o(cynetavptd,eee =f/m0asex7ys38nsAca30.g7j0des7:s0A2 23,w9ni:ala10m79ea604c1e
=T6PleiC fmbfee 0olbndo3tPsareto0nm9ti4
s2e
:2@
:a#cbM##8s!hg!8r_!dDo -m[reCeesh:itf/lr/sdor]/e[yMbmBerorastnoescw/ahscg-ieohCnenagCdso/n4th6tea9enx2nntte@G/l{rm]#oa u1rEp2ir)4or 7nCoe}lrt):o  ts(moees/ngdst yy npccpohe.ra=tjn0 sxn5:3eA20l0211:471 B:,6c1n0aan

mniOnntloyet r lsaoeccetan=ilPdoC n/oc.nroftelnecunnvset:ch
:tEvMi
eosnngst_ RLaeocrooper@ dcaDhlirls
ooc#maw#er#e:!dd/e!./d!D
ra etP[maCloteh)ea i/sClcehdoa nn]stne[eeeRnlu t nh/cMltmeoatssrpsiisaonn:gge/e:t/] ct theEo/rori ornlmotaeretdre:ra ci ttviCooehn ar.sn.njecesnlhd: /4rrc3oelmc1oiv:s,u1i 0mnm.g
eo:wsre sbgtad/ogresoise  vclearCwtuleiirl cilktt Eoybl- eceo smlneoesnsnitdtd/e
@rr
caehtr
cio#omvne#,:s#  /!m/f!e!ros ers[ mPasoagrutegees/gnce otswn]tit[ieRlnoulnnt Ms/ebs msoeaan gr leiok]oes entEeprti
rtnoegr
/ :iC nChthreaornmaneceDtlr iicolver safe.
ChromeDriver was started successfully.
Starting Chrsty 22, 2022 1:12:27 AM org.openqa.selenium.os.OsProcess destroy
SEVERE: Unable to kill process Process[pid=17740, exitValue=1]
omeDriver 97.0.4692.71 (adefa7837d02a07a604c1e6eff0b3a09422ab88d-refs/branch-heads/4692@{#1247}) on port 63533
Only local connections are allowed.
Please see https://chromedriver.chromium.org/security-considerations for suggestions on keeping ChromeDriver safe.
ChromeDriver was started successfully.
merManager:registerTimer called after profile-before-change notification. Ignoring timer registration for id: telemetry_untrustedmodules_ping
console.warn: LoginRecipes: "getRecipes: falling back to a synchronous message for:" "https://askomdch.com"
console.warn: LoginRecipes: "getRecipes: falling back to a synchronous message for:" "https://askomdch.com"
console.warn: LoginRecipes: "getRecipes: falling back to a synchronous message for:" "https://askomdch.com"
console.warn: LoginRecipes: "getRecipes: falling back to a synchronous message for:" "https://askomdch.com"
n.ojs:1s7in9:g3:1 to
o late to send/recv, mescsoangseosl ewi.lwl abren :l oLsotgi
n
Recipes: "getRecipes: falling back to a synchronous message for:" "https://askomdch.com"
1642181604283105063725	0g5e8c1ko	dgreivcekro	dIrNiFvOe	Lr	isItNeFniOn	gL iosnt e1n2i7n.g0 .o0n. 1:162074.101
.0.1:56353
1642810315604725821	0m3o5z0r6u9n7n	meorz:r:urnunnenre:r:	rIuNnFnOe	rR	uInNnFOin	gR1u co6mn4nm2ia8nn1g0d :c3 o5"mCm0:a4\1n0\d	P:gr eo"cgCkr:oa\dm\r PiFrvioelrge	rsIa\mN\ FMFOoi	zlLieilssl\ta\e nMFioinrzgei folonlx a\1 \2fF7ii.rre0ef.fo0ox.x.1\e:\x4fe9i"7r 7e"9f-
o-xm.eaxrei"o n"e-t-tmea"r "--rioe1nme6tot4et"2e 8-"1d-0e-3br5eug0mg6oi9tn0e	g-m-doezbruungngpeoirnr:gt:-"rp uo"nr5nte2"r6 	2"I65N"F2 O2"	4-R8n"uo n-n"ri-ennmog- recmoomtoemt"ae n""d -":p-r p"oCrf:oi\fli\ePl"r eo""gC r:"a\Cm\ :UFs\ie\rlUses\se\\Rr\AsMF\oA\~zR1iA\lF\lAAa~p 1pF\Di\arAtepafp\oD\xaL\o\fciarle\f\oTxe.mepx\et\"ar u"\s-\t-L_momcaroaizlpo\rn\oeTfteitmle"ep x\"C\-mrK-unrsJet"m_
omtoez-pdreobfuiglgeiGnvg-zpF3o2r"t
" "53498" "-no-remotsty 22, 2022 1:12:29 AM org.openqa.selenium.remote.ProtocolHandshake createSession
INFO: Detected dialect: W3C
e" "-profile" "C:\\Users\\RAFA~1\\AppData\\Local\\Temp\\rust_mozprofilextPRAr"
]]></system-err>
  </testcase>
  <testcase name="guestCheckoutUsingDirectBankTransfer[org.selenium.pom.objects.BillingAddress@7a08ae00](2)" classname="org.selenium.pom.tests.CheckoutTest" time="28.553">
    <system-err><![CDATA[1Starting ChromeDriver 97.0.466942.71 (adefa7837d02a07a604c1e6eff0b3aS209t4a22a8b188Sdtar-t]]></system-err>
  </testcase>
  <testcase name="loginAndCheckoutUsingDirectBankTransfer[org.selenium.pom.objects.BillingAddress@5e4ba29](3)" classname="org.selenium.pom.tests.CheckoutTest" time="28.841">
    <failure message="Expected condition failed: waiting for visibility of Proxy element for: DefaultElementLocator &apos;By.cssSelector: .woocommerce-notice&apos; (tried for 15 second(s) with 500 milliseconds interval)" type="org.openqa.selenium.TimeoutException"><![CDATA[org.openqa.selenium.TimeoutException: Expected condition failed: waiting for visibility of Proxy element for: DefaultElementLocator 'By.cssSelector: .woocommerce-notice' (tried for 15 second(s) with 500 milliseconds interval)
	at org.selenium.pom.tests.CheckoutTest.loginAndCheckoutUsingDirectBankTransfer(CheckoutTest.java:60)
Caused by: org.openqa.selenium.NoSuchElementException: 
Unable to locate element: .woocommerce-notice
For documentation on this error, please visit: https://selenium.dev/exceptions/#no_such_element
Build info: version: '4.1.1', revision: 'e8fcc2cecf'
System info: host: 'LAPTOP-6HTOKEIU', ip: '169.254.38.81', os.name: 'Windows 10', os.arch: 'amd64', os.version: '10.0', java.version: '17'
Driver info: org.openqa.selenium.firefox.FirefoxDriver
Command: [6e6fba52-8692-4b2a-ab51-dd1b4d55f3d6, findElement {using=css selector, value=.woocommerce-notice}]
Capabilities {acceptInsecureCerts: true, browserName: firefox, browserVersion: 96.0.1, javascriptEnabled: true, moz:accessibilityChecks: false, moz:buildID: 20220113185450, moz:debuggerAddress: localhost:57331, moz:geckodriverVersion: 0.30.0, moz:headless: false, moz:processID: 17100, moz:profile: C:\Users\Rafał\AppData\Loca..., moz:shutdownTimeout: 60000, moz:useNonSpecCompliantPointerOrigin: false, moz:webdriverClick: true, pageLoadStrategy: normal, platform: WINDOWS, platformName: WINDOWS, platformVersion: 10.0, proxy: Proxy(), se:cdp: ws://localhost:57331/devtoo..., se:cdpVersion: 85, setWindowRect: true, strictFileInteractability: false, timeouts: {implicit: 0, pageLoad: 300000, script: 30000}, unhandledPromptBehavior: dismiss and notify}
Session ID: 6e6fba52-8692-4b2a-ab51-dd1b4d55f3d6
	at org.selenium.pom.tests.CheckoutTest.loginAndCheckoutUsingDirectBankTransfer(CheckoutTest.java:60)
]]></failure>
    <system-out><![CDATA[Current Thread: 50
Driver: FirefoxDriver: firefox on WINDOWS (2e0a638a-3f22-4f1f-8389-0ec11ec72f95)
Current Thread: 40
Driver: FirefoxDriver: firefox on WINDOWS (a4b5ecdb-5167-4d89-8150-925ccf66af64)
]]></system-out>
    <system-err><![CDATA[ir1642810347832	Marionette	INFO	Stopped listening on port 63596
1642810351545	Marionette	INFO	Marionette enabled
rting ChromeDriver 97.0.4692.71 (adefa7837d02a07a604c1e6eff0b3a09422ab88d-refs/branch-heads/4692@{#1247}) on port 52329
Only local connections are allowed.
Please see https:/0/3ch4rno845gm9e	 dgeCerifcvkesorhd/.rrcboihr1ame6D42n8c1h0-1h3561e44a12d86s1/	04M3a65r912ir@o3i{n7#v1ee62rt	 4t9Me77.a	}0I).r4N i6Fo9oOn2.n	 7Mep1ao trr(titadeo e	n6fIe3aNt07tF893eO27 d	0e
M2nOaaanrb0li7lyeoa 6dnl04oec
c1taelt6 ecefo fn0ebnn3eaca0t9bi4ol2n2esa dba8r8ed
 -arlelfosw/ebdr.]]></system-err>
  </testcase>
  <testcase name="guestCheckoutUsingDirectBankTransfer[org.selenium.pom.objects.BillingAddress@395e0f1d](3)" classname="org.selenium.pom.tests.CheckoutTest" time="28.868">
    <failure message="Expected condition failed: waiting for visibility of Proxy element for: DefaultElementLocator &apos;By.cssSelector: .woocommerce-notice&apos; (tried for 15 second(s) with 500 milliseconds interval)" type="org.openqa.selenium.TimeoutException"><![CDATA[org.openqa.selenium.TimeoutException: Expected condition failed: waiting for visibility of Proxy element for: DefaultElementLocator 'By.cssSelector: .woocommerce-notice' (tried for 15 second(s) with 500 milliseconds interval)
	at org.selenium.pom.tests.CheckoutTest.guestCheckoutUsingDirectBankTransfer(CheckoutTest.java:35)
Caused by: org.openqa.selenium.NoSuchElementException: 
Unable to locate element: .woocommerce-notice
For documentation on this error, please visit: https://selenium.dev/exceptions/#no_such_element
Build info: version: '4.1.1', revision: 'e8fcc2cecf'
System info: host: 'LAPTOP-6HTOKEIU', ip: '169.254.38.81', os.name: 'Windows 10', os.arch: 'amd64', os.version: '10.0', java.version: '17'
Driver info: org.openqa.selenium.firefox.FirefoxDriver
Command: [d975336d-22ab-4c30-9e01-47fdcf6e387d, findElement {using=css selector, value=.woocommerce-notice}]
Capabilities {acceptInsecureCerts: true, browserName: firefox, browserVersion: 96.0.1, javascriptEnabled: true, moz:accessibilityChecks: false, moz:buildID: 20220113185450, moz:debuggerAddress: localhost:49346, moz:geckodriverVersion: 0.30.0, moz:headless: false, moz:processID: 18512, moz:profile: C:\Users\Rafał\AppData\Loca..., moz:shutdownTimeout: 60000, moz:useNonSpecCompliantPointerOrigin: false, moz:webdriverClick: true, pageLoadStrategy: normal, platform: WINDOWS, platformName: WINDOWS, platformVersion: 10.0, proxy: Proxy(), se:cdp: ws://localhost:49346/devtoo..., se:cdpVersion: 85, setWindowRect: true, strictFileInteractability: false, timeouts: {implicit: 0, pageLoad: 300000, script: 30000}, unhandledPromptBehavior: dismiss and notify}
Session ID: d975336d-22ab-4c30-9e01-47fdcf6e387d
	at org.selenium.pom.tests.CheckoutTest.guestCheckoutUsingDirectBankTransfer(CheckoutTest.java:35)
]]></failure>
    <system-out><![CDATA[Current Thread: 44
Driver: FirefoxDriver: firefox on WINDOWS (6e6fba52-8692-4b2a-ab51-dd1b4d55f3d6)
]]></system-out>
    <system-err><![CDATA[a
###!!! [Parent][RunMessage] Error: Channel closing: too late to send/recv, messages will be lost

sty 22, 2022 1:12:30 AM org.openqa.selenium.remote.ProtocolHandshake createSession
INFO: Detected dialect: W3C
]]></system-err>
  </testcase>
  <testcase name="login" classname="org.selenium.pom.tests.LoginTest" time="0">
    <system-out><![CDATA[Current Thread: 62
Driver: ChromeDriver: chrome on WINDOWS (d5c47278ed5ed5e001190575739636d6)
Current Thread: 60
Driver: FirefoxDriver: firefox on WINDOWS (95a80569-a445-46b1-ad98-221e3d494565)
]]></system-out>
    <system-err><![CDATA[DevTools listening on ws://localhost:56392/devtools/browser/49105252-b39d-4a92-92b7-5b477a143644
1642810323486	RemoteAgent	WARN	TLS certificate errors will be ignored for this session
]]></system-err>
  </testcase>
  <testcase name="login" classname="org.selenium.pom.tests.LoginTest" time="11.872">
    <system-out><![CDATA[Overlays size: 2
Current Thread: 31
Driver: FirefoxDriver: firefox on WINDOWS (83c11c67-b559-4f22-81ed-eb8abcf6bab0)
Overlays are invisible: 2
Overlays are invisible: 2
]]></system-out>
    <system-err><![CDATA[J1a6v4aSc2r81i0p3t 38e0r3r9o	rM:a rrieosnoeutrtcee	W:A/R/gNr	Tei/mmeoddPruolmeiss/eC rtaismhMeda naogute ra.ftjesrm ,5 0l0 imnse:  8s2ta8c:k tArbacoret:Er
rToirm:e dIPOrUotmilisse:/< @Schhruotmte:i/n/gr edmoowten/c oantnendt /mraerfiuosnientgt ea/sdydnci.tjiso:n2a3l9 I:/1O9 t
asksT
imedPromise@chrome://remote/content/marionette/sync.js:224:10
interaction.flushEventLoop@chrome://remote/content/marionette/interaction.js:431:10
webdriverClickElement@chrome://remote/content/marionette/interaction.js:179:31
16428110643248021560	M3a3r96i6o4n	eMtatrei	onWeAtRtNe		TWiAmReNd	PrToimmiesdeP rtiommeidse timed out after 500  omust:  satfatcerk t5ra0c0 em:s
:T ismtaecdkPtrracoem:is
e/T<@chrome://riemmote/coedPnrtoemnit/smear/i<o@ncehtrteom/sey:n/c/.jrse:m2o3t9e:/19
TimedPromise@chrome://recmootntent/marionette/sync.js:239:19
TimedPromise@chromee/content/marionette/syn:c/./jrse:m2o2t4e:/1c0on
teinntt/emarraicotnieotnte./sfylncu.sjhsE:v2e24n:t1L0o
oipn@tecrhacrtoimoen:./fl/ursehEmvoetnet/Lcooopn@ctheronmt/e:ma/r/iroenmeottet/ceon/tinentte/ramctairioonnet.tejs/:i4n3t1:e10r
webdr]]></system-err>
  </testcase>
  <testcase name="stopDriver[[TestResult name=login status=SUCCESS method=LoginTest.login()[pri:0, instance:org.selenium.pom.tests.LoginTest@1d782abe] output={null}], CHROME](0)" classname="org.selenium.pom.tests.LoginTest" time="24.945">
    <failure message="Timed out waiting for driver server to stop.&#10;Build info: version: &apos;4.1.1&apos;, revision: &apos;e8fcc2cecf&apos;&#10;System info: host: &apos;LAPTOP-6HTOKEIU&apos;, ip: &apos;169.254.38.81&apos;, os.name: &apos;Windows 10&apos;, os.arch: &apos;amd64&apos;, os.version: &apos;10.0&apos;, java.version: &apos;17&apos;&#10;Driver info: org.openqa.selenium.chrome.ChromeDriver&#10;Command: [df3e1b98f98b913b47ccdc196ba29217, quit {}]&#10;Capabilities {acceptInsecureCerts: false, browserName: chrome, browserVersion: 97.0.4692.71, chrome: {chromedriverVersion: 97.0.4692.71 (adefa7837d02a..., userDataDir: C:\Users\RAFA~1\AppData\Loc...}, goog:chromeOptions: {debuggerAddress: localhost:63660}, javascriptEnabled: true, networkConnectionEnabled: false, pageLoadStrategy: normal, platform: WINDOWS, platformName: WINDOWS, proxy: Proxy(), se:cdp: ws://localhost:63660/devtoo..., se:cdpVersion: 97.0.4692.71, setWindowRect: true, strictFileInteractability: false, timeouts: {implicit: 0, pageLoad: 300000, script: 30000}, unhandledPromptBehavior: dismiss and notify, webauthn:extension:credBlob: true, webauthn:extension:largeBlob: true, webauthn:virtualAuthenticators: true}&#10;Session ID: df3e1b98f98b913b47ccdc196ba29217" type="org.openqa.selenium.WebDriverException"><![CDATA[org.openqa.selenium.WebDriverException: 
Timed out waiting for driver server to stop.
Build info: version: '4.1.1', revision: 'e8fcc2cecf'
System info: host: 'LAPTOP-6HTOKEIU', ip: '169.254.38.81', os.name: 'Windows 10', os.arch: 'amd64', os.version: '10.0', java.version: '17'
Driver info: org.openqa.selenium.chrome.ChromeDriver
Command: [df3e1b98f98b913b47ccdc196ba29217, quit {}]
Capabilities {acceptInsecureCerts: false, browserName: chrome, browserVersion: 97.0.4692.71, chrome: {chromedriverVersion: 97.0.4692.71 (adefa7837d02a..., userDataDir: C:\Users\RAFA~1\AppData\Loc...}, goog:chromeOptions: {debuggerAddress: localhost:63660}, javascriptEnabled: true, networkConnectionEnabled: false, pageLoadStrategy: normal, platform: WINDOWS, platformName: WINDOWS, proxy: Proxy(), se:cdp: ws://localhost:63660/devtoo..., se:cdpVersion: 97.0.4692.71, setWindowRect: true, strictFileInteractability: false, timeouts: {implicit: 0, pageLoad: 300000, script: 30000}, unhandledPromptBehavior: dismiss and notify, webauthn:extension:credBlob: true, webauthn:extension:largeBlob: true, webauthn:virtualAuthenticators: true}
Session ID: df3e1b98f98b913b47ccdc196ba29217
Caused by: java.util.concurrent.ExecutionException: 
org.openqa.selenium.TimeoutException: Process timed out after waiting for 20000 ms.
Build info: version: '4.1.1', revision: 'e8fcc2cecf'
System info: host: 'LAPTOP-6HTOKEIU', ip: '169.254.38.81', os.name: 'Windows 10', os.arch: 'amd64', os.version: '10.0', java.version: '17'
Driver info: driver.version: unknown
Caused by: org.openqa.selenium.TimeoutException: 
Process timed out after waiting for 20000 ms.
Build info: version: '4.1.1', revision: 'e8fcc2cecf'
System info: host: 'LAPTOP-6HTOKEIU', ip: '169.254.38.81', os.name: 'Windows 10', os.arch: 'amd64', os.version: '10.0', java.version: '17'
Driver info: driver.version: unknown
]]></failure>
  </testcase>
  <testcase name="loginDuringCheckout" classname="org.selenium.pom.tests.LoginTest" time="0">
    <skipped message="Timed out waiting for driver server to stop.&#10;Build info: version: &apos;4.1.1&apos;, revision: &apos;e8fcc2cecf&apos;&#10;System info: host: &apos;LAPTOP-6HTOKEIU&apos;, ip: &apos;169.254.38.81&apos;, os.name: &apos;Windows 10&apos;, os.arch: &apos;amd64&apos;, os.version: &apos;10.0&apos;, java.version: &apos;17&apos;&#10;Driver info: org.openqa.selenium.chrome.ChromeDriver&#10;Command: [df3e1b98f98b913b47ccdc196ba29217, quit {}]&#10;Capabilities {acceptInsecureCerts: false, browserName: chrome, browserVersion: 97.0.4692.71, chrome: {chromedriverVersion: 97.0.4692.71 (adefa7837d02a..., userDataDir: C:\Users\RAFA~1\AppData\Loc...}, goog:chromeOptions: {debuggerAddress: localhost:63660}, javascriptEnabled: true, networkConnectionEnabled: false, pageLoadStrategy: normal, platform: WINDOWS, platformName: WINDOWS, proxy: Proxy(), se:cdp: ws://localhost:63660/devtoo..., se:cdpVersion: 97.0.4692.71, setWindowRect: true, strictFileInteractability: false, timeouts: {implicit: 0, pageLoad: 300000, script: 30000}, unhandledPromptBehavior: dismiss and notify, webauthn:extension:credBlob: true, webauthn:extension:largeBlob: true, webauthn:virtualAuthenticators: true}&#10;Session ID: df3e1b98f98b913b47ccdc196ba29217"/>
    <system-out><![CDATA[Current Thread: 49
Driver: FirefoxDriver: firefox on WINDOWS (d975336d-22ab-4c30-9e01-47fdcf6e387d)
Current Thread: 31
Driver: FirefoxDriver: firefox on WINDOWS (f992f244-697a-447e-94f0-f4865bbf21c3)
Current Thread: 28
Current Thread: 30
Current Thread: 37
Current Thread: 32
Driver: ChromeDriver: chrome on WINDOWS (fd2405154cdb00e2ac9edae267342f43)
Driver: ChromeDriver: chrome on WINDOWS (c485286d15264b7d252a2de00ac8fe7c)
Driver: ChromeDriver: chrome on WINDOWS (8a3ced784af2c857a7abe7da4c22602b)
Current Thread: 38
Driver: ChromeDriver: chrome on WINDOWS (d1d275c59a97d116597ee1ea69272472)
Driver: ChromeDriver: chrome on WINDOWS (8da57f5d1f7dfe4347bf707370abfd88)
Current Thread: 29
Driver: FirefoxDriver: firefox on WINDOWS (5e31c35d-9c09-4cd0-afbc-a1ef5d90f02c)
Current Thread: 36
Driver: FirefoxDriver: firefox on WINDOWS (e7c05f0b-649c-43c4-924a-da16e3130a12)
Current Thread: 27
Driver: FirefoxDriver: firefox on WINDOWS (2b4f898e-6ea4-4c4f-acc8-d4873acf88da)
]]></system-out>
    <system-err><![CDATA[sty 22, 2022 1:12:30 AM org.openqa.selenium.remote.ProtocolHandshake createSession
INFO: Detected dialect: W3C
DevTools listening on ws://localhost:63743/devtools/browser/3df49135-9730-44d2-a6ee-9094fadf6229
1642810352996	Marionette	INFO	Stopped listening on port 63578
1
6P4l28e1an0se ch3s-5eh2ee9 a9hd3stt/p4s6:9/2@/{c#h1r2o47m}e) do	nr iMpvaorrietor n6.e2ch5rot1t3e	
IONFnlOy	 Sltoocpaple dcm olninisetucemtn.iionorggn /ossn  eapcrouerr tia tl6yl-3oc5w8oe0nds.
id
ePrlaetaiseo nsse ef ohrt tspusg:g/e/scthiroonmse dorni vkeere.pcihnromium.org/security-considerations for gsu gCghersomteioDnrsi voenr  kseaefpei.ng
 ChromeDriver safe.
ChromeDrCivhrero mweaDsr isvtearr tweads  sstuaccretsesdf uslulcyc.es
sfully.
romium.org/security-considerations for suggestions on keeping ChromeDriver safe.
ChromeDriver was started successfully.
vDeevToolDrse	 vIlTNioFsoOtl	eLsnii slntgiens itonengn  wiosnng: / 1/o27nl. ocw0.sa0l:.h/1o/:sl4ot9:c95a930l4
h9o8s/td:e5v2t2o4o8l/sd/ebvrtoowoslesr//b0r1o8wfscefr8e/-b8e250aff-04b18761-4482-e88a10953-a4468e-5055966-4	8amoc1z24r90u-dn33n8834d56
56869b0
er::runner	INFO	Running command: "C:\\Program Files\\Mozilla Firefox\\firefox.exe" "--marionette" D"-e-vrTeoolmsot el-diesbtuegngiinngg- poonr tw"s ":6/3/7l4o3c"a l"h-onsot-:re5m26ot2e6"/d "e-vptroooflisl/eb"r o"wCs:e\r\/U4sberds6\a8\R7A9F-A1~11\e2\-A4pdpbD5-a9tad\50\-L3o3c4a6l\87\6T9ce9m2ep\
\rust_moczonsolpec.roofwialnresnNo:xl MeS2.eGwaSar"rc
n1h:S6 eS4te2ta8ri1nc0g3hs5S:0e 4t"6tg6i	enMtga:sr :iN oo"n egsteettte:t	 iINnNogF sOs 	efMitariloteni enegtxsti esf tieslne,a  bnelexewid stp
src,oo fnniselowel ?ep".w a(rrnonef:wi  lSNeeoa?rtc"FhoS u(entndteEiwrn rgNosor:(t "F"Cgooeuutnl:dd E Nrnoro otsr e(ot"ptCenoi untlghdse   fnfioiltle e o epaxetin s tCts:h,\e \ nUefswiel rpesr \ao\tfR iaClfe:a\?\"\u U0(s1ne4er2ws\ \\N\AoRptapFfDoaau\tnuad0\E1\4rLr2oo\cr\a(Al"p\Cpo\DuTaeltmda p\\n\ortu sotp_emn otzhp\erL ooffciialell e\axt\t TPCeR:mA\pr\\\U\\srseuersst\_\mRoazfap\ruo0f1i4la2er\xc\ChmA.KpjpsDon.c1osty 22, 2022 1:12:30 AM org.openqa.selenium.remote.ProtocolHandshake createSession
INFO: Detected dialect: W3C
6nsol4e2.18w1a0r3n65:54 52S68e71a	0r3Mca5hr8Si0eo6tn5te	itMtnaegr	siI:oN nF"eOgt	etStet:	o IpNNpoFe Ods	 eSlttitoispnptegdes nl iinfsgti elonnei n pgo erotxn i 6sp3t5os7r3,t 
 n6e3w5 7pr5of
ile?" (new NotFoundError("Could not open the file at C:\\Users\\Rafa\u0142\\AppData\\moLzlozc4a"l,\\T e(vmop\i\dr u0s)t)_)mo
zprofileGvzF32\\16s4e2a8r1c0h3.5j7s5o85n	.Mmaorzilozn4et"t,e 	(IvNFoOi	dL is0t)e)n)in
g on port 50384
1642810136548025841	0R3e5m7ot2e8A8g	eMntar	iWoAnRNe	tTtLeS	 IcNeFrOti	fLiicsatteen eirnrgor so nw iplolr tbe  5i0g3n9o4r
e1d6 4f28o1r0 35t7h5i9s8 	RseemsostieoAnge
nt	WARN	TLS cesty 22, 2022 1:12:29 AM org.openqa.selenium.remote.ProtocolHandshake createSession
INFO: Detected dialect: W3C
rtificate errors will be ignored for this session
ata\\Local\\nTemJp\\\\rsuesatr_cmhozpr.ojfsiolne.NmxoMz2lGzS4\"\,s ea(rvocihd.json.m o0z))l)z4
", (void 0)))
16428103551167412	8M1a0r3i5o7n3e8t7t	eM	aIrNiFoOn	eLtitset	eInNiFnOg	 Loins tpeonritn g4 9o7n6 0po
r16t4 2580130835557
6186	42R8e1m0o3t5e7A5g5e3n	tR	eWmAotReNA	TgLeSn tc	eWrAtiRfNi	cTaLSt ec eerrrtoirfsi cwailtel  eber rigonrosr edwi lfolr  btehi si sgensosrieond 
for this session
sty 22, 2022 1:12:38 AM org.openqa.selenium.remote.ProtocolHandshake createSession
INFO: Detected dialect: W3C
sty 22, 2022 1:12:37 AM org.openqa.selenium.remote.ProtocolHandshake createSession
INFO: Detected dialect: W3C
sty 22, 2022 1:12:37 AM org.openqa.selenium.remote.ProtocolHandshake createSession
INFO: Detected dialect: W3C
sty 22, 2022 1:12:35 AM org.openqa.selenium.remote.ProtocolHandshake createSession
INFO: Detected dialect: W3C
sty 22, 2022 1:12:35 AM org.openqa.selenium.devtools.CdpVersionFinder findNearestMatch
WARNING: Unable to find an exact match for CDP version 97, so returning the closest version found: 96
sty 22, 2022 1:12:38 AM org.openqa.selenium.devtools.CdpVersionFinder findNearestMatch
INFO: Found CDP implementation for version 97 of 96
sty 22, 2022 1:12:35 AM org.openqa.selenium.devtools.CdpVersionFinder findNearestMatch
WARNING: Unable to find an exact match for CDP version 97, so returning the closest version found: 96
sty 22, 2022 1:12:35 AM org.openqa.selenium.os.OsProcess destroy
SEVERE: Unable to kill process Process[pid=18128, exitValue=1]
sty 22, 2022 1:12:31 AM org.openqa.selenium.devtools.CdpVersionFinder findNearestMatch
WARNING: Unable to find an exact match for CDP version 97, so returning the closest version found: 96
sty 22, 2022 1:12:38 AM org.openqa.selenium.devtools.CdpVersionFinder findNearestMatch
INFO: Found CDP implementation for version 97 of 96
sty 22, 2022 1:12:38 AM org.openqa.selenium.devtools.CdpVersionFinder findNearestMatch
INFO: Found CDP implementation for version 97 of 96
sty 22, 2022 1:12:38 AM org.openqa.selenium.devtools.CdpVersionFinder findNearestMatch
WARNING: Unable to find an exact match for CDP version 97, so returning the closest version found: 96
sty 22, 2022 1:12:38 AM org.openqa.selenium.devtools.CdpVersionFinder findNearestMatch
INFO: Found CDP implementation for version 97 of 96
sty 22, 2022 1:12:38 AM org.openqa.selenium.devtools.CdpVersionFinder findNearestMatch
WARNING: Unable to find an exact match for CDP version 97, so returning the closest version found: 96
sty 22, 2022 1:12:38 AM org.openqa.selenium.devtools.CdpVersionFinder findNearestMatch
INFO: Found CDP implementation for version 97 of 96

###!!! [Parent][MessageChannel] Error: (msgtype=0x3A007A,name=PContent::Msg_DestroyBrowsingContextGroup) Closed channel: cannot send/recv

JavaScript error: resource://gre/modules/Sqlite.jsm, line 1105: Error: Sqlite.jsm has been shutdown. Cannot open connection to: C:\Users\RafaĹ‚\AppData\Local\Temp\rust_mozprofileu2Jni0\protections.sqlite

###!!!
# #[#P!a!r
e##n#t!!!] [![RPu anrMee[nsChitsa]lg[deR]]u[R nuEMnreMrseossarsg:a egC]e h]aE nrErnrreoolr: r c:Cl hoCashaninnnngel:el   tcelorrooo srli:na cgta:en n otttoo o ses neldna/tdree/c rvte
cov 
,s emneds/sraegcevs
, # w##im!el!!sl s[ Cabhgei elsldo ]ws[tRiuln
lM e
bses algoes]t E
rro
r: Channel error: cannot send/recv


###!!! [Child][RunMessage] Error: Channel closing: too late to send/recv, messages will be lost

]]></system-err>
  </testcase>
  <testcase name="loginDuringCheckout" classname="org.selenium.pom.tests.LoginTest" time="0.376"/>
  <testcase name="stopDriver" classname="org.selenium.pom.tests.LoginTest" time="0">
    <skipped/>
  </testcase>
  <testcase name="navigateFromHomeToStoreUsingMainMenu" classname="org.selenium.pom.tests.NavigationTest" time="0.089"/>
  <testcase name="navigateFromHomeToStoreUsingMainMenu" classname="org.selenium.pom.tests.NavigationTest" time="0.751">
    <system-err><![CDATA[\]]></system-err>
  </testcase>
  <testcase name="navigateFromHomeToFeaturedProductPage" classname="org.selenium.pom.tests.NavigationTest" time="0.467">
    <system-out><![CDATA[Current Thread: 37
Driver: ChromeDriver: chrome on WINDOWS (8a3ced784af2c857a7abe7da4c22602b)
]]></system-out>
    <system-err><![CDATA[11664422881100336655234158		ggeecckkooddrriiver	INFO	Listening on 127.0.0v.1:6e10r9	2I
NFO	Listening on 127.0.0.1:6174156
42810365416	mozrunner1::6r4u2nner	INFO	Running8 1c0o3m6m5a3n1d9:	 m"oCz:r\u\nPnreorg:r:armu Fnilense\r\	MIoNzFiOl	lRau nFniirnegf ocxo\\mfmiarned:fo x".Ce:x\e\"P r"o-g-rmaarmi oFineltetes"\ \"Mo-z-irelmloa tFei-redfeobxu\g\gfiingr-peofrotx". ex"4e9"9 8"9-"- m"a-rnioo-nreetmtoet"e "" -"--rpemrooftiel-dee"bu "gCg:i\n\gU-speorrst\"\ R"A5F72A~715\"\ A"p-pnDoa-tar\e\mLootec"a l"c-\\Toepnmrspoo\f\liel.e"w a"Cr:u\rs\nUt_s:me roLzsopgr\io\nRfRAieFlcAei~mpM1ye\h\sKAQ:p" ]]></system-err>
  </testcase>
  <testcase name="navigateFromHomeToFeaturedProductPage" classname="org.selenium.pom.tests.NavigationTest" time="1.585">
    <system-out><![CDATA[Current Thread: 29
Driver: FirefoxDriver: firefox on WINDOWS (5e31c35d-9c09-4cd0-afbc-a1ef5d90f02c)
<html lang="en-US">
  <head>
    <meta charset="UTF-8"/>
    <meta name="viewport" content="width=device-width, initial-scale=1"/>
    <link rel="profile" href="https://gmpg.org/xfn/11"/>
    <title>Account – AskOmDch</title>
    <meta name="robots" content="max-image-preview:large, noindex, follow"/>
    <link id="astra-theme-css-css" rel="stylesheet" href="https://askomdch.com/wp-content/themes/astra/assets/css/minified/frontend.min.css?ver=3.7.5" media="all"/>
    <style id="astra-theme-css-inline-css">
html{font-size:93.75%;}a,.page-title{color:#4e4e4e;}a:hover,a:focus{color:#0084d6;}body,button,input,select,textarea,.ast-button,.ast-custom-button{font-family:'Lato',sans-serif;font-weight:400;font-size:15px;font-size:1rem;}blockquote{color:#000000;}h1,.entry-content h1,.entry-content h1 a,h2,.entry-content h2,.entry-content h2 a,h3,.entry-content h3,.entry-content h3 a,h4,.entry-content h4,.entry-content h4 a,h5,.entry-content h5,.entry-content h5 a,h6,.entry-content h6,.entry-content h6 a,.site-title,.site-title a{font-family:'Lato',sans-serif;font-weight:700;}.site-title{font-size:35px;font-size:2.3333333333333rem;display:block;}header .custom-logo-link img{max-width:140px;}.astra-logo-svg{width:140px;}.ast-archive-description .ast-archive-title{font-size:40px;font-size:2.6666666666667rem;}.site-header .site-description{font-size:15px;font-size:1rem;display:none;}.entry-title{font-size:30px;font-size:2rem;}h1,.entry-content h1,.entry-content h1 a{font-size:58px;font-size:3.8666666666667rem;font-family:'Lato',sans-serif;}h2,.entry-content h2,.entry-content h2 a{font-size:42px;font-size:2.8rem;font-family:'Lato',sans-serif;}h3,.entry-content h3,.entry-content h3 a{font-size:30px;font-size:2rem;font-family:'Lato',sans-serif;}h4,.entry-content h4,.entry-content h4 a{font-size:20px;font-size:1.3333333333333rem;font-family:'Lato',sans-serif;}h5,.entry-content h5,.entry-content h5 a{font-size:18px;font-size:1.2rem;font-family:'Lato',sans-serif;}h6,.entry-content h6,.entry-content h6 a{font-size:15px;font-size:1rem;font-family:'Lato',sans-serif;}.ast-single-post .entry-title,.page-title{font-size:30px;font-size:2rem;}::selection{background-color:#54595f;color:#ffffff;}body,h1,.entry-title a,.entry-content h1,.entry-content h1 a,h2,.entry-content h2,.entry-content h2 a,h3,.entry-content h3,.entry-content h3 a,h4,.entry-content h4,.entry-content h4 a,h5,.entry-content h5,.entry-content h5 a,h6,.entry-content h6,.entry-content h6 a{color:#333333;}.tagcloud a:hover,.tagcloud a:focus,.tagcloud a.current-item{color:#ffffff;border-color:#4e4e4e;background-color:#4e4e4e;}input:focus,input[type="text"]:focus,input[type="email"]:focus,input[type="url"]:focus,input[type="password"]:focus,input[type="reset"]:focus,input[type="search"]:focus,textarea:focus{border-color:#4e4e4e;}input[type="radio"]:checked,input[type=reset],input[type="checkbox"]:checked,input[type="checkbox"]:hover:checked,input[type="checkbox"]:focus:checked,input[type=range]::-webkit-slider-thumb{border-color:#4e4e4e;background-color:#4e4e4e;box-shadow:none;}.site-footer a:hover + .post-count,.site-footer a:focus + .post-count{background:#4e4e4e;border-color:#4e4e4e;}.single .nav-links .nav-previous,.single .nav-links .nav-next{color:#4e4e4e;}.entry-meta,.entry-meta *{line-height:1.45;color:#4e4e4e;}.entry-meta a:hover,.entry-meta a:hover *,.entry-meta a:focus,.entry-meta a:focus *,.page-links &gt; .page-link,.page-links .page-link:hover,.post-navigation a:hover{color:#0084d6;}#cat option,.secondary .calendar_wrap thead a,.secondary .calendar_wrap thead a:visited{color:#4e4e4e;}.secondary .calendar_wrap #today,.ast-progress-val span{background:#4e4e4e;}.secondary a:hover + .post-count,.secondary a:focus + .post-count{background:#4e4e4e;border-color:#4e4e4e;}.calendar_wrap #today &gt; a{color:#ffffff;}.page-links .page-link,.single .post-navigation a{color:#4e4e4e;}.widget-title{font-size:21px;font-size:1.4rem;color:#333333;}@media (max-width:921px){#ast-desktop-header{display:none;}}@media (min-width:921px){#ast-mobile-header{display:none;}}.ast-site-header-cart .cart-container,.ast-edd-site-header-cart .ast-edd-cart-container {transition: all 0.2s linear;}.ast-site-header-cart .ast-woo-header-cart-info-wrap,.ast-edd-site-header-cart .ast-edd-header-cart-info-wrap {padding: 0 2px;font-weight: 600;line-height: 2.7;display: inline-block;}.ast-site-header-cart i.astra-icon {font-size: 20px;font-size: 1.3em;font-style: normal;font-weight: normal;position: relative;padding: 0 2px;}.ast-site-header-cart i.astra-icon.no-cart-total:after,.ast-header-break-point.ast-header-custom-item-outside .ast-edd-header-cart-info-wrap,.ast-header-break-point.ast-header-custom-item-outside .ast-woo-header-cart-info-wrap {display: none;}.ast-site-header-cart.ast-menu-cart-fill i.astra-icon,.ast-edd-site-header-cart.ast-edd-menu-cart-fill span.astra-icon {font-size: 1.1em;}.astra-cart-drawer {position: fixed;display: block;visibility: hidden;overflow: auto;-webkit-overflow-scrolling: touch;z-index: 9999;background-color: #fff;transition: all 0.5s ease;transform: translate3d(0,0,0);}.astra-cart-drawer.open-right {width: 80%;height: 100%;left: 100%;top: 0px;transform: translate3d(0%,0,0);}.astra-cart-drawer.active {transform: translate3d(-100%,0,0);visibility: visible;}.astra-cart-drawer .astra-cart-drawer-header {text-align: center;text-transform: uppercase;font-weight: 400;border-bottom: 1px solid #f0f0f0;padding: 0 0 0.675rem;}.astra-cart-drawer .astra-cart-drawer-close .ast-close-svg {width: 22px;height: 22px; }.astra-cart-drawer .astra-cart-drawer-title {padding-top: 5px;}.astra-cart-drawer .astra-cart-drawer-content .woocommerce-mini-cart {padding: 1em 1.5em;}.astra-cart-drawer .astra-cart-drawer-content .woocommerce-mini-cart a.remove {width: 20px;height: 20px;line-height: 16px;}.astra-cart-drawer .astra-cart-drawer-content .woocommerce-mini-cart__total {padding: 1em 1.5em;margin: 0;text-align: center;}.astra-cart-drawer .astra-cart-drawer-content .woocommerce-mini-cart__buttons {padding: 10px;text-align: center;} .astra-cart-drawer .astra-cart-drawer-content .woocommerce-mini-cart__buttons .button.checkout {margin-right: 0;}.astra-cart-drawer .astra-cart-drawer-content .edd-cart-item {padding: .5em 2.6em .5em 1.5em;}.astra-cart-drawer .astra-cart-drawer-content .edd-cart-item .edd-remove-from-cart::after {width: 20px;height: 20px;line-height: 16px;}.astra-cart-drawer .astra-cart-drawer-content .edd-cart-number-of-items {padding: 1em 1.5em 1em 1.5em;margin-bottom: 0;text-align: center;}.astra-cart-drawer .astra-cart-drawer-content .edd_total {padding: .5em 1.5em;margin: 0;text-align: center;}.astra-cart-drawer .astra-cart-drawer-content .cart_item.edd_checkout {padding: 1em 1.5em 0;text-align: center;margin-top: 0;}.astra-cart-drawer .woocommerce-mini-cart__empty-message,.astra-cart-drawer .cart_item.empty {text-align: center;margin-top: 10px;}body.admin-bar .astra-cart-drawer {padding-top: 32px;}body.admin-bar .astra-cart-drawer .astra-cart-drawer-close {top: 32px;}@media (max-width: 782px) {body.admin-bar .astra-cart-drawer {padding-top: 46px;}body.admin-bar .astra-cart-drawer .astra-cart-drawer-close {top: 46px;}}.ast-mobile-cart-active body.ast-hfb-header {overflow: hidden;}.ast-mobile-cart-active .astra-mobile-cart-overlay {opacity: 1;cursor: pointer;visibility: visible;z-index: 999;}@media (max-width: 545px) {.astra-cart-drawer.active {width: 100%;}}.ast-site-header-cart i.astra-icon:after {content: attr(data-cart-total);position: absolute;font-style: normal;top: -10px;right: -12px;font-weight: bold;box-shadow: 1px 1px 3px 0px rgba(0,0,0,0.3);font-size: 11px;padding-left: 0px;padding-right: 2px;line-height: 17px;letter-spacing: -.5px;height: 18px;min-width: 18px;border-radius: 99px;text-align: center;z-index: 3;}li.woocommerce-custom-menu-item .ast-site-header-cart i.astra-icon:after,li.edd-custom-menu-item .ast-edd-site-header-cart span.astra-icon:after {padding-left: 2px;}.astra-cart-drawer .astra-cart-drawer-close {position: absolute;top: 0;right: 0;margin: 0;padding: .6em 1em .4em;color: #ababab;background-color: transparent;}.astra-mobile-cart-overlay {background-color: rgba(0,0,0,0.4);position: fixed;top: 0;right: 0;bottom: 0;left: 0;visibility: hidden;opacity: 0;transition: opacity 0.2s ease-in-out;}.astra-cart-drawer .astra-cart-drawer-content .edd-cart-item .edd-remove-from-cart {right: 1.2em;}.ast-header-break-point.ast-woocommerce-cart-menu.ast-hfb-header .ast-cart-menu-wrap,.ast-header-break-point.ast-hfb-header .ast-cart-menu-wrap,.ast-header-break-point .ast-edd-site-header-cart-wrap .ast-edd-cart-menu-wrap {width: 2em;height: 2em;font-size: 1.4em;line-height: 2;vertical-align: middle;text-align: right;}.ast-site-header-cart.ast-menu-cart-outline .ast-cart-menu-wrap,.ast-site-header-cart.ast-menu-cart-fill .ast-cart-menu-wrap,.ast-edd-site-header-cart.ast-edd-menu-cart-outline .ast-edd-cart-menu-wrap,.ast-edd-site-header-cart.ast-edd-menu-cart-fill .ast-edd-cart-menu-wrap {line-height: 1.8;}.ast-site-header-cart .cart-container *,.ast-edd-site-header-cart .ast-edd-cart-container * {transition: all 0s linear;}.wp-block-buttons.aligncenter{justify-content:center;}@media (min-width:1200px){.wp-block-group .has-background{padding:20px;}}@media (min-width:1200px){.ast-no-sidebar.ast-separate-container .entry-content .wp-block-group.alignwide,.ast-no-sidebar.ast-separate-container .entry-content .wp-block-cover.alignwide{margin-left:-20px;margin-right:-20px;padding-left:20px;padding-right:20px;}.ast-no-sidebar.ast-separate-container .entry-content .wp-block-cover.alignfull,.ast-no-sidebar.ast-separate-container .entry-content .wp-block-group.alignfull{margin-left:-6.67em;margin-right:-6.67em;padding-left:6.67em;padding-right:6.67em;}}@media (min-width:1200px){.wp-block-cover-image.alignwide .wp-block-cover__inner-container,.wp-block-cover.alignwide .wp-block-cover__inner-container,.wp-block-cover-image.alignfull .wp-block-cover__inner-container,.wp-block-cover.alignfull .wp-block-cover__inner-container{width:100%;}}.ast-plain-container.ast-no-sidebar #primary{margin-top:0;margin-bottom:0;}@media (max-width:921px){.ast-theme-transparent-header #primary,.ast-theme-transparent-header #secondary{padding:0;}}.wp-block-columns{margin-bottom:unset;}.wp-block-image.size-full{margin:2rem 0;}.wp-block-separator.has-background{padding:0;}.wp-block-gallery{margin-bottom:1.6em;}.wp-block-group{padding-top:4em;padding-bottom:4em;}.wp-block-group__inner-container .wp-block-columns:last-child,.wp-block-group__inner-container :last-child,.wp-block-table table{margin-bottom:0;}.blocks-gallery-grid{width:100%;}.wp-block-navigation-link__content{padding:5px 0;}.wp-block-group .wp-block-group .has-text-align-center,.wp-block-group .wp-block-column .has-text-align-center{max-width:100%;}.has-text-align-center{margin:0 auto;}@media (min-width:1200px){.wp-block-cover__inner-container,.alignwide .wp-block-group__inner-container,.alignfull .wp-block-group__inner-container{max-width:1200px;margin:0 auto;}.wp-block-group.alignnone,.wp-block-group.aligncenter,.wp-block-group.alignleft,.wp-block-group.alignright,.wp-block-group.alignwide,.wp-block-columns.alignwide{margin:2rem 0 1rem 0;}}@media (max-width:1200px){.wp-block-group{padding:3em;}.wp-block-group .wp-block-group{padding:1.5em;}.wp-block-columns,.wp-block-column{margin:1rem 0;}}@media (min-width:921px){.wp-block-columns .wp-block-group{padding:2em;}}@media (max-width:544px){.wp-block-cover-image .wp-block-cover__inner-container,.wp-block-cover .wp-block-cover__inner-container{width:unset;}.wp-block-cover,.wp-block-cover-image{padding:2em 0;}.wp-block-group,.wp-block-cover{padding:2em;}.wp-block-media-text__media img,.wp-block-media-text__media video{width:unset;max-width:100%;}.wp-block-media-text.has-background .wp-block-media-text__content{padding:1em;}}@media (max-width:921px){.ast-plain-container.ast-no-sidebar #primary{padding:0;}}@media (min-width:544px){.entry-content .wp-block-media-text.has-media-on-the-right .wp-block-media-text__content{padding:0 8% 0 0;}.entry-content .wp-block-media-text .wp-block-media-text__content{padding:0 0 0 8%;}.ast-plain-container .site-content .entry-content .has-custom-content-position.is-position-bottom-left &gt; *,.ast-plain-container .site-content .entry-content .has-custom-content-position.is-position-bottom-right &gt; *,.ast-plain-container .site-content .entry-content .has-custom-content-position.is-position-top-left &gt; *,.ast-plain-container .site-content .entry-content .has-custom-content-position.is-position-top-right &gt; *,.ast-plain-container .site-content .entry-content .has-custom-content-position.is-position-center-right &gt; *,.ast-plain-container .site-content .entry-content .has-custom-content-position.is-position-center-left &gt; *{margin:0;}}@media (max-width:544px){.entry-content .wp-block-media-text .wp-block-media-text__content{padding:8% 0;}.wp-block-media-text .wp-block-media-text__media img{width:auto;max-width:100%;}}@media (max-width:921px){.ast-separate-container .ast-article-post,.ast-separate-container .ast-article-single{padding:1.5em 2.14em;}.ast-separate-container #primary,.ast-separate-container #secondary{padding:1.5em 0;}#primary,#secondary{padding:1.5em 0;margin:0;}.ast-left-sidebar #content &gt; .ast-container{display:flex;flex-direction:column-reverse;width:100%;}.ast-author-box img.avatar{margin:20px 0 0 0;}}@media (min-width:922px){.ast-separate-container.ast-right-sidebar #primary,.ast-separate-container.ast-left-sidebar #primary{border:0;}.search-no-results.ast-separate-container #primary{margin-bottom:4em;}}.elementor-button-wrapper .elementor-button{border-style:solid;text-decoration:none;border-top-width:0;border-right-width:0;border-left-width:0;border-bottom-width:0;}body .elementor-button.elementor-size-sm,body .elementor-button.elementor-size-xs,body .elementor-button.elementor-size-md,body .elementor-button.elementor-size-lg,body .elementor-button.elementor-size-xl,body .elementor-button{border-radius:0;padding-top:17px;padding-right:30px;padding-bottom:17px;padding-left:30px;}.elementor-button-wrapper .elementor-button{border-color:#3197d6;background-color:#3197d6;}.elementor-button-wrapper .elementor-button:hover,.elementor-button-wrapper .elementor-button:focus{color:#ffffff;background-color:#0084d6;border-color:#0084d6;}.wp-block-button .wp-block-button__link ,.elementor-button-wrapper .elementor-button,.elementor-button-wrapper .elementor-button:visited{color:#ffffff;}.elementor-button-wrapper .elementor-button{font-family:inherit;font-weight:inherit;line-height:1;text-transform:uppercase;letter-spacing:1px;}body .elementor-button.elementor-size-sm,body .elementor-button.elementor-size-xs,body .elementor-button.elementor-size-md,body .elementor-button.elementor-size-lg,body .elementor-button.elementor-size-xl,body .elementor-button{font-size:15px;font-size:1rem;}.wp-block-button .wp-block-button__link:hover,.wp-block-button .wp-block-button__link:focus{color:#ffffff;background-color:#0084d6;border-color:#0084d6;}.wp-block-button .wp-block-button__link{border-style:solid;border-top-width:0;border-right-width:0;border-left-width:0;border-bottom-width:0;border-color:#3197d6;background-color:#3197d6;color:#ffffff;font-family:inherit;font-weight:inherit;line-height:1;text-transform:uppercase;letter-spacing:1px;font-size:15px;font-size:1rem;border-radius:0;}.wp-block-buttons .wp-block-button .wp-block-button__link{padding-top:17px;padding-right:30px;padding-bottom:17px;padding-left:30px;}.menu-toggle,button,.ast-button,.ast-custom-button,.button,input#submit,input[type="button"],input[type="submit"],input[type="reset"]{border-style:solid;border-top-width:0;border-right-width:0;border-left-width:0;border-bottom-width:0;color:#ffffff;border-color:#3197d6;background-color:#3197d6;border-radius:0;padding-top:17px;padding-right:30px;padding-bottom:17px;padding-left:30px;font-family:inherit;font-weight:inherit;font-size:15px;font-size:1rem;line-height:1;text-transform:uppercase;letter-spacing:1px;}button:focus,.menu-toggle:hover,button:hover,.ast-button:hover,.ast-custom-button:hover .button:hover,.ast-custom-button:hover ,input[type=reset]:hover,input[type=reset]:focus,input#submit:hover,input#submit:focus,input[type="button"]:hover,input[type="button"]:focus,input[type="submit"]:hover,input[type="submit"]:focus{color:#ffffff;background-color:#0084d6;border-color:#0084d6;}@media (min-width:544px){.ast-container{max-width:100%;}}@media (max-width:544px){.ast-separate-container .ast-article-post,.ast-separate-container .ast-article-single,.ast-separate-container .comments-title,.ast-separate-container .ast-archive-description{padding:1.5em 1em;}.ast-separate-container #content .ast-container{padding-left:0.54em;padding-right:0.54em;}.ast-separate-container .ast-comment-list li.depth-1{padding:1.5em 1em;margin-bottom:1.5em;}.ast-separate-container .ast-comment-list .bypostauthor{padding:.5em;}.ast-search-menu-icon.ast-dropdown-active .search-field{width:170px;}}@media (max-width:921px){.ast-mobile-header-stack .main-header-bar .ast-search-menu-icon{display:inline-block;}.ast-header-break-point.ast-header-custom-item-outside .ast-mobile-header-stack .main-header-bar .ast-search-icon{margin:0;}.ast-comment-avatar-wrap img{max-width:2.5em;}.ast-separate-container .ast-comment-list li.depth-1{padding:1.5em 2.14em;}.ast-separate-container .comment-respond{padding:2em 2.14em;}.ast-comment-meta{padding:0 1.8888em 1.3333em;}}body,.ast-separate-container{background-color:#f9f9f9;;}.ast-no-sidebar.ast-separate-container .entry-content .alignfull {margin-left: -6.67em;margin-right: -6.67em;width: auto;}@media (max-width: 1200px) {.ast-no-sidebar.ast-separate-container .entry-content .alignfull {margin-left: -2.4em;margin-right: -2.4em;}}@media (max-width: 768px) {.ast-no-sidebar.ast-separate-container .entry-content .alignfull {margin-left: -2.14em;margin-right: -2.14em;}}@media (max-width: 544px) {.ast-no-sidebar.ast-separate-container .entry-content .alignfull {margin-left: -1em;margin-right: -1em;}}.ast-no-sidebar.ast-separate-container .entry-content .alignwide {margin-left: -20px;margin-right: -20px;}.ast-no-sidebar.ast-separate-container .entry-content .wp-block-column .alignfull,.ast-no-sidebar.ast-separate-container .entry-content .wp-block-column .alignwide {margin-left: auto;margin-right: auto;width: 100%;}@media (max-width:921px){.site-title{display:block;}.ast-archive-description .ast-archive-title{font-size:40px;}.site-header .site-description{display:none;}.entry-title{font-size:30px;}h1,.entry-content h1,.entry-content h1 a{font-size:30px;}h2,.entry-content h2,.entry-content h2 a{font-size:25px;}h3,.entry-content h3,.entry-content h3 a{font-size:20px;}.ast-single-post .entry-title,.page-title{font-size:30px;}.astra-logo-svg{width:120px;}header .custom-logo-link img,.ast-header-break-point .site-logo-img .custom-mobile-logo-link img{max-width:120px;}}@media (max-width:544px){.site-title{display:block;}.ast-archive-description .ast-archive-title{font-size:40px;}.site-header .site-description{display:none;}.entry-title{font-size:30px;}h1,.entry-content h1,.entry-content h1 a{font-size:30px;}h2,.entry-content h2,.entry-content h2 a{font-size:25px;}h3,.entry-content h3,.entry-content h3 a{font-size:20px;}.ast-single-post .entry-title,.page-title{font-size:30px;}header .custom-logo-link img,.ast-header-break-point .site-branding img,.ast-header-break-point .custom-logo-link img{max-width:120px;}.astra-logo-svg{width:120px;}.ast-header-break-point .site-logo-img .custom-mobile-logo-link img{max-width:120px;}}@media (max-width:921px){html{font-size:85.5%;}}@media (max-width:544px){html{font-size:85.5%;}}@media (min-width:922px){.ast-container{max-width:1240px;}}@font-face {font-family: "Astra";src: url(https://askomdch.com/wp-content/themes/astra/assets/fonts/astra.woff) format("woff"),url(https://askomdch.com/wp-content/themes/astra/assets/fonts/astra.ttf) format("truetype"),url(https://askomdch.com/wp-content/themes/astra/assets/fonts/astra.svg#astra) format("svg");font-weight: normal;font-style: normal;font-display: fallback;}@media (min-width:922px){.main-header-menu .sub-menu .menu-item.ast-left-align-sub-menu:hover &gt; .sub-menu,.main-header-menu .sub-menu .menu-item.ast-left-align-sub-menu.focus &gt; .sub-menu{margin-left:-2px;}}.ast-theme-transparent-header [data-section="section-header-mobile-trigger"] .ast-button-wrap .ast-mobile-menu-trigger-minimal{background:transparent;}.footer-widget-area[data-section^="section-fb-html-"] .ast-builder-html-element{text-align:center;}.astra-icon-down_arrow::after {content: "\e900";font-family: Astra;}.astra-icon-close::after {content: "\e5cd";font-family: Astra;}.astra-icon-drag_handle::after {content: "\e25d";font-family: Astra;}.astra-icon-format_align_justify::after {content: "\e235";font-family: Astra;}.astra-icon-menu::after {content: "\e5d2";font-family: Astra;}.astra-icon-reorder::after {content: "\e8fe";font-family: Astra;}.astra-icon-search::after {content: "\e8b6";font-family: Astra;}.astra-icon-zoom_in::after {content: "\e56b";font-family: Astra;}.astra-icon-check-circle::after {content: "\e901";font-family: Astra;}.astra-icon-shopping-cart::after {content: "\f07a";font-family: Astra;}.astra-icon-shopping-bag::after {content: "\f290";font-family: Astra;}.astra-icon-shopping-basket::after {content: "\f291";font-family: Astra;}.astra-icon-circle-o::after {content: "\e903";font-family: Astra;}.astra-icon-certificate::after {content: "\e902";font-family: Astra;}blockquote {padding: 1.2em;}.ast-header-break-point .ast-mobile-header-wrap .ast-above-header-wrap .main-header-bar-navigation .inline-on-mobile .menu-item .menu-link,.ast-header-break-point .ast-mobile-header-wrap .ast-main-header-wrap .main-header-bar-navigation .inline-on-mobile .menu-item .menu-link,.ast-header-break-point .ast-mobile-header-wrap .ast-below-header-wrap .main-header-bar-navigation .inline-on-mobile .menu-item .menu-link {border: none;}.ast-header-break-point .ast-mobile-header-wrap .ast-above-header-wrap .main-header-bar-navigation .inline-on-mobile .menu-item-has-children &gt; .ast-menu-toggle::before,.ast-header-break-point .ast-mobile-header-wrap .ast-main-header-wrap .main-header-bar-navigation .inline-on-mobile .menu-item-has-children &gt; .ast-menu-toggle::before,.ast-header-break-point .ast-mobile-header-wrap .ast-below-header-wrap .main-header-bar-navigation .inline-on-mobile .menu-item-has-children &gt; .ast-menu-toggle::before {font-size: .6rem;}.ast-header-break-point .ast-mobile-header-wrap .ast-flex.inline-on-mobile {flex-wrap: unset;}.ast-header-break-point .ast-mobile-header-wrap .ast-flex.inline-on-mobile .menu-item.ast-submenu-expanded &gt; .sub-menu .menu-link {padding: .1em 1em;}.ast-header-break-point .ast-mobile-header-wrap .ast-flex.inline-on-mobile .menu-item.ast-submenu-expanded &gt; .sub-menu &gt; .menu-item .ast-menu-toggle::before {transform: rotate(-90deg);}.ast-header-break-point .ast-mobile-header-wrap .ast-flex.inline-on-mobile .menu-item.ast-submenu-expanded &gt; .sub-menu &gt; .menu-item.ast-submenu-expanded .ast-menu-toggle::before {transform: rotate(-270deg);}.ast-header-break-point .ast-mobile-header-wrap .ast-flex.inline-on-mobile .menu-item &gt; .sub-menu &gt; .menu-item .menu-link:before {content: none;}.ast-header-break-point .ast-mobile-header-wrap .ast-flex.inline-on-mobile {flex-wrap: unset;}.ast-header-break-point .ast-mobile-header-wrap .ast-flex.inline-on-mobile .menu-item.ast-submenu-expanded &gt; .sub-menu .menu-link {padding: .1em 1em;}.ast-header-break-point .ast-mobile-header-wrap .ast-flex.inline-on-mobile .menu-item.ast-submenu-expanded &gt; .sub-menu &gt; .menu-item .ast-menu-toggle::before {transform: rotate(-90deg);}.ast-header-break-point .ast-mobile-header-wrap .ast-flex.inline-on-mobile .menu-item.ast-submenu-expanded &gt; .sub-menu &gt; .menu-item.ast-submenu-expanded .ast-menu-toggle::before {transform: rotate(-270deg);}.ast-header-break-point .ast-mobile-header-wrap .ast-flex.inline-on-mobile .menu-item &gt; .sub-menu &gt; .menu-item .menu-link:before {content: none;}.ast-header-break-point .inline-on-mobile .sub-menu {width: 150px;}.ast-header-break-point .ast-mobile-header-wrap .ast-flex.inline-on-mobile .menu-item.menu-item-has-children {margin-right: 10px;}.ast-header-break-point .ast-mobile-header-wrap .ast-flex.inline-on-mobile .menu-item.ast-submenu-expanded &gt; .sub-menu {display: block;position: absolute;right: auto;left: 0;}.ast-header-break-point .ast-mobile-header-wrap .ast-flex.inline-on-mobile .menu-item.ast-submenu-expanded &gt; .sub-menu .menu-item .ast-menu-toggle {padding: 0;right: 1em;}.ast-header-break-point .ast-mobile-header-wrap .ast-flex.inline-on-mobile .menu-item.ast-submenu-expanded &gt; .sub-menu &gt; .menu-item &gt; .sub-menu {left: 100%;right: auto;}.ast-header-break-point .ast-mobile-header-wrap .ast-flex.inline-on-mobile .ast-menu-toggle {right: -15px;}.ast-header-break-point .ast-mobile-header-wrap .ast-flex.inline-on-mobile .menu-item.menu-item-has-children {margin-right: 10px;}.ast-header-break-point .ast-mobile-header-wrap .ast-flex.inline-on-mobile .menu-item.ast-submenu-expanded &gt; .sub-menu {display: block;position: absolute;right: auto;left: 0;}.ast-header-break-point .ast-mobile-header-wrap .ast-flex.inline-on-mobile .menu-item.ast-submenu-expanded &gt; .sub-menu &gt; .menu-item &gt; .sub-menu {left: 100%;right: auto;}.ast-header-break-point .ast-mobile-header-wrap .ast-flex.inline-on-mobile .ast-menu-toggle {right: -15px;}:root .has-ast-global-color-0-color{color:var(--ast-global-color-0);}:root .has-ast-global-color-0-background-color{background-color:var(--ast-global-color-0);}:root .wp-block-button .has-ast-global-color-0-color{color:var(--ast-global-color-0);}:root .wp-block-button .has-ast-global-color-0-background-color{background-color:var(--ast-global-color-0);}:root .has-ast-global-color-1-color{color:var(--ast-global-color-1);}:root .has-ast-global-color-1-background-color{background-color:var(--ast-global-color-1);}:root .wp-block-button .has-ast-global-color-1-color{color:var(--ast-global-color-1);}:root .wp-block-button .has-ast-global-color-1-background-color{background-color:var(--ast-global-color-1);}:root .has-ast-global-color-2-color{color:var(--ast-global-color-2);}:root .has-ast-global-color-2-background-color{background-color:var(--ast-global-color-2);}:root .wp-block-button .has-ast-global-color-2-color{color:var(--ast-global-color-2);}:root .wp-block-button .has-ast-global-color-2-background-color{background-color:var(--ast-global-color-2);}:root .has-ast-global-color-3-color{color:var(--ast-global-color-3);}:root .has-ast-global-color-3-background-color{background-color:var(--ast-global-color-3);}:root .wp-block-button .has-ast-global-color-3-color{color:var(--ast-global-color-3);}:root .wp-block-button .has-ast-global-color-3-background-color{background-color:var(--ast-global-color-3);}:root .has-ast-global-color-4-color{color:var(--ast-global-color-4);}:root .has-ast-global-color-4-background-color{background-color:var(--ast-global-color-4);}:root .wp-block-button .has-ast-global-color-4-color{color:var(--ast-global-color-4);}:root .wp-block-button .has-ast-global-color-4-background-color{background-color:var(--ast-global-color-4);}:root .has-ast-global-color-5-color{color:var(--ast-global-color-5);}:root .has-ast-global-color-5-background-color{background-color:var(--ast-global-color-5);}:root .wp-block-button .has-ast-global-color-5-color{color:var(--ast-global-color-5);}:root .wp-block-button .has-ast-global-color-5-background-color{background-color:var(--ast-global-color-5);}:root .has-ast-global-color-6-color{color:var(--ast-global-color-6);}:root .has-ast-global-color-6-background-color{background-color:var(--ast-global-color-6);}:root .wp-block-button .has-ast-global-color-6-color{color:var(--ast-global-color-6);}:root .wp-block-button .has-ast-global-color-6-background-color{background-color:var(--ast-global-color-6);}:root .has-ast-global-color-7-color{color:var(--ast-global-color-7);}:root .has-ast-global-color-7-background-color{background-color:var(--ast-global-color-7);}:root .wp-block-button .has-ast-global-color-7-color{color:var(--ast-global-color-7);}:root .wp-block-button .has-ast-global-color-7-background-color{background-color:var(--ast-global-color-7);}:root .has-ast-global-color-8-color{color:var(--ast-global-color-8);}:root .has-ast-global-color-8-background-color{background-color:var(--ast-global-color-8);}:root .wp-block-button .has-ast-global-color-8-color{color:var(--ast-global-color-8);}:root .wp-block-button .has-ast-global-color-8-background-color{background-color:var(--ast-global-color-8);}:root{--ast-global-color-0:#0170B9;--ast-global-color-1:#3a3a3a;--ast-global-color-2:#3a3a3a;--ast-global-color-3:#4B4F58;--ast-global-color-4:#F5F5F5;--ast-global-color-5:#FFFFFF;--ast-global-color-6:#F2F5F7;--ast-global-color-7:#424242;--ast-global-color-8:#000000;}.ast-theme-transparent-header #masthead .site-logo-img .transparent-custom-logo .astra-logo-svg{width:140px;}.ast-theme-transparent-header #masthead .site-logo-img .transparent-custom-logo img{ max-width:140px;}@media (min-width:921px){.ast-theme-transparent-header #masthead{position:absolute;left:0;right:0;}.ast-theme-transparent-header .main-header-bar,.ast-theme-transparent-header.ast-header-break-point .main-header-bar{background:none;}body.elementor-editor-active.ast-theme-transparent-header #masthead,.fl-builder-edit .ast-theme-transparent-header #masthead,body.vc_editor.ast-theme-transparent-header #masthead,body.brz-ed.ast-theme-transparent-header #masthead{z-index:0;}.ast-header-break-point.ast-replace-site-logo-transparent.ast-theme-transparent-header .custom-mobile-logo-link{display:none;}.ast-header-break-point.ast-replace-site-logo-transparent.ast-theme-transparent-header .transparent-custom-logo{display:inline-block;}.ast-theme-transparent-header .ast-above-header,.ast-theme-transparent-header .ast-above-header.ast-above-header-bar{background-image:none;background-color:transparent;}.ast-theme-transparent-header .ast-below-header{background-image:none;background-color:transparent;}}@media (min-width:922px){.ast-theme-transparent-header .main-header-bar,.ast-theme-transparent-header.ast-header-break-point .main-header-bar-wrap .main-header-menu,.ast-theme-transparent-header.ast-header-break-point .main-header-bar-wrap .main-header-bar,.ast-theme-transparent-header.ast-header-break-point .ast-mobile-header-wrap .main-header-bar{background-color:rgba(0,0,0,0.07);}.ast-theme-transparent-header .main-header-bar .ast-search-menu-icon form{background-color:rgba(0,0,0,0.07);}.ast-theme-transparent-header .ast-above-header,.ast-theme-transparent-header .ast-above-header.ast-above-header-bar,.ast-theme-transparent-header .ast-below-header,.ast-header-break-point.ast-theme-transparent-header .ast-above-header,.ast-header-break-point.ast-theme-transparent-header .ast-below-header{background-color:rgba(0,0,0,0.07);}.ast-theme-transparent-header .site-title a,.ast-theme-transparent-header .site-title a:focus,.ast-theme-transparent-header .site-title a:hover,.ast-theme-transparent-header .site-title a:visited{color:#ffffff;}.ast-theme-transparent-header .site-header .site-description{color:#ffffff;}.ast-theme-transparent-header .ast-builder-menu .main-header-menu .menu-item .sub-menu .menu-item .menu-link,.ast-theme-transparent-header .ast-builder-menu .main-header-menu .menu-item .sub-menu .menu-item &gt; .ast-menu-toggle,.ast-theme-transparent-header .main-header-menu .menu-item .sub-menu .menu-link,.ast-header-break-point.ast-flyout-menu-enable.ast-header-break-point .main-header-bar-navigation .main-header-menu .menu-item .sub-menu .menu-link{color:#333333;}.ast-theme-transparent-header .ast-builder-menu .main-header-menu .menu-item .sub-menu .menu-link:hover,.ast-theme-transparent-header .ast-builder-menu .main-header-menu .menu-item .sub-menu .menu-item:hover &gt; .menu-link,.ast-theme-transparent-header .ast-builder-menu .main-header-menu .menu-item .sub-menu .menu-item.focus &gt; .menu-item,.ast-theme-transparent-header .ast-builder-menu .main-header-menu .menu-item .sub-menu .menu-item.current-menu-item &gt; .menu-link,.ast-theme-transparent-header .ast-builder-menu .main-header-menu .menu-item .sub-menu .menu-item.current-menu-item &gt; .ast-menu-toggle,.ast-theme-transparent-header .ast-builder-menu .main-header-menu .menu-item .sub-menu .menu-item:hover &gt; .ast-menu-toggle,.ast-theme-transparent-header .ast-builder-menu .main-header-menu .menu-item .sub-menu .menu-item.focus &gt; .ast-menu-toggle,.ast-theme-transparent-header .main-header-menu .menu-item .sub-menu .menu-item:hover &gt; .menu-link,.ast-header-break-point.ast-flyout-menu-enable.ast-header-break-point .main-header-bar-navigation .main-header-menu .menu-item .sub-menu .menu-link{color:#000000;}.ast-theme-transparent-header .ast-builder-menu .main-header-menu,.ast-theme-transparent-header .ast-builder-menu .main-header-menu .menu-link,.ast-theme-transparent-header [CLASS*="ast-builder-menu-"] .main-header-menu .menu-item &gt; .menu-link,.ast-theme-transparent-header .ast-masthead-custom-menu-items,.ast-theme-transparent-header .ast-masthead-custom-menu-items a,.ast-theme-transparent-header .ast-builder-menu .main-header-menu .menu-item &gt; .ast-menu-toggle,.ast-theme-transparent-header .ast-builder-menu .main-header-menu .menu-item &gt; .ast-menu-toggle,.ast-theme-transparent-header .ast-above-header-navigation a,.ast-header-break-point.ast-theme-transparent-header .ast-above-header-navigation a,.ast-header-break-point.ast-theme-transparent-header .ast-above-header-navigation &gt; ul.ast-above-header-menu &gt; .menu-item-has-children:not(.current-menu-item) &gt; .ast-menu-toggle,.ast-theme-transparent-header .ast-below-header-menu,.ast-theme-transparent-header .ast-below-header-menu a,.ast-header-break-point.ast-theme-transparent-header .ast-below-header-menu a,.ast-header-break-point.ast-theme-transparent-header .ast-below-header-menu,.ast-theme-transparent-header .main-header-menu .menu-link{color:#cecece;}.ast-theme-transparent-header .ast-builder-menu .main-header-menu .menu-item:hover &gt; .menu-link,.ast-theme-transparent-header .ast-builder-menu .main-header-menu .menu-item:hover &gt; .ast-menu-toggle,.ast-theme-transparent-header .ast-builder-menu .main-header-menu .ast-masthead-custom-menu-items a:hover,.ast-theme-transparent-header .ast-builder-menu .main-header-menu .focus &gt; .menu-link,.ast-theme-transparent-header .ast-builder-menu .main-header-menu .focus &gt; .ast-menu-toggle,.ast-theme-transparent-header .ast-builder-menu .main-header-menu .current-menu-item &gt; .menu-link,.ast-theme-transparent-header .ast-builder-menu .main-header-menu .current-menu-ancestor &gt; .menu-link,.ast-theme-transparent-header .ast-builder-menu .main-header-menu .current-menu-item &gt; .ast-menu-toggle,.ast-theme-transparent-header .ast-builder-menu .main-header-menu .current-menu-ancestor &gt; .ast-menu-toggle,.ast-theme-transparent-header [CLASS*="ast-builder-menu-"] .main-header-menu .current-menu-item &gt; .menu-link,.ast-theme-transparent-header [CLASS*="ast-builder-menu-"] .main-header-menu .current-menu-ancestor &gt; .menu-link,.ast-theme-transparent-header [CLASS*="ast-builder-menu-"] .main-header-menu .current-menu-item &gt; .ast-menu-toggle,.ast-theme-transparent-header [CLASS*="ast-builder-menu-"] .main-header-menu .current-menu-ancestor &gt; .ast-menu-toggle,.ast-theme-transparent-header .main-header-menu .menu-item:hover &gt; .menu-link,.ast-theme-transparent-header .main-header-menu .current-menu-item &gt; .menu-link,.ast-theme-transparent-header .main-header-menu .current-menu-ancestor &gt; .menu-link{color:#ffffff;}.ast-theme-transparent-header div.ast-masthead-custom-menu-items,.ast-theme-transparent-header div.ast-masthead-custom-menu-items .widget,.ast-theme-transparent-header div.ast-masthead-custom-menu-items .widget-title,.ast-theme-transparent-header .site-header-section [CLASS*="ast-header-html-"] .ast-builder-html-element{color:#000000;}.ast-theme-transparent-header div.ast-masthead-custom-menu-items a,.ast-theme-transparent-header div.ast-masthead-custom-menu-items .widget a,.ast-theme-transparent-header .site-header-section [CLASS*="ast-header-html-"] .ast-builder-html-element a{color:#cecece;}.ast-theme-transparent-header div.ast-masthead-custom-menu-items a:hover,.ast-theme-transparent-header div.ast-masthead-custom-menu-items .widget a:hover,.ast-theme-transparent-header .site-header-section [CLASS*="ast-header-html-"] .ast-builder-html-element a:hover{color:#ffffff;}}@media (max-width:921px){.transparent-custom-logo{display:none;}}@media (min-width:921px){.ast-transparent-mobile-logo{display:none;}}@media (max-width:921px){.ast-transparent-mobile-logo{display:block;}}@media (min-width:921px){.ast-theme-transparent-header #ast-desktop-header &gt; [CLASS*="-header-wrap"]:nth-last-child(2) &gt; [CLASS*="-header-bar"]{border-bottom-width:0;border-bottom-style:solid;border-bottom-color:rgba(0,0,0,0);}}.ast-breadcrumbs .trail-browse,.ast-breadcrumbs .trail-items,.ast-breadcrumbs .trail-items li{display:inline-block;margin:0;padding:0;border:none;background:inherit;text-indent:0;}.ast-breadcrumbs .trail-browse{font-size:inherit;font-style:inherit;font-weight:inherit;color:inherit;}.ast-breadcrumbs .trail-items{list-style:none;}.trail-items li::after{padding:0 0.3em;content:"\00bb";}.trail-items li:last-of-type::after{display:none;}h1,.entry-content h1,h2,.entry-content h2,h3,.entry-content h3,h4,.entry-content h4,h5,.entry-content h5,h6,.entry-content h6{color:var(--ast-global-color-2);}@media (max-width:921px){.ast-builder-grid-row-container.ast-builder-grid-row-tablet-3-firstrow .ast-builder-grid-row &gt; *:first-child,.ast-builder-grid-row-container.ast-builder-grid-row-tablet-3-lastrow .ast-builder-grid-row &gt; *:last-child{grid-column:1 / -1;}}@media (max-width:544px){.ast-builder-grid-row-container.ast-builder-grid-row-mobile-3-firstrow .ast-builder-grid-row &gt; *:first-child,.ast-builder-grid-row-container.ast-builder-grid-row-mobile-3-lastrow .ast-builder-grid-row &gt; *:last-child{grid-column:1 / -1;}}.ast-builder-layout-element[data-section="title_tagline"]{display:flex;}@media (max-width:921px){.ast-header-break-point .ast-builder-layout-element[data-section="title_tagline"]{display:flex;}}@media (max-width:544px){.ast-header-break-point .ast-builder-layout-element[data-section="title_tagline"]{display:flex;}}.ast-builder-menu-1{font-family:inherit;font-weight:normal;}.ast-builder-menu-1 .menu-item.current-menu-item &gt; .menu-link,.ast-builder-menu-1 .inline-on-mobile .menu-item.current-menu-item &gt; .ast-menu-toggle,.ast-builder-menu-1 .current-menu-ancestor &gt; .menu-link{color:#602bb7;}.ast-builder-menu-1 .menu-item.current-menu-item &gt; .ast-menu-toggle{color:#602bb7;}.ast-builder-menu-1 .sub-menu,.ast-builder-menu-1 .inline-on-mobile .sub-menu{border-top-width:1px;border-bottom-width:1px;border-right-width:1px;border-left-width:1px;border-color:#dddddd;border-style:solid;border-radius:0;}.ast-builder-menu-1 .main-header-menu &gt; .menu-item &gt; .sub-menu,.ast-builder-menu-1 .main-header-menu &gt; .menu-item &gt; .astra-full-megamenu-wrapper{margin-top:0;}.ast-desktop .ast-builder-menu-1 .main-header-menu &gt; .menu-item &gt; .sub-menu:before,.ast-desktop .ast-builder-menu-1 .main-header-menu &gt; .menu-item &gt; .astra-full-megamenu-wrapper:before{height:calc( 0px + 5px );}.ast-desktop .ast-builder-menu-1 .menu-item .sub-menu .menu-link{border-bottom-width:1px;border-color:#eaeaea;border-style:solid;}.ast-desktop .ast-builder-menu-1 .menu-item .sub-menu .menu-item:last-child .menu-link{border-bottom-width:0;}@media (max-width:921px){.ast-header-break-point .ast-builder-menu-1 .menu-item.menu-item-has-children &gt; .ast-menu-toggle{top:0;}.ast-builder-menu-1 .menu-item-has-children &gt; .menu-link:after{content:unset;}}@media (max-width:544px){.ast-header-break-point .ast-builder-menu-1 .menu-item.menu-item-has-children &gt; .ast-menu-toggle{top:0;}}.ast-builder-menu-1{display:flex;}@media (max-width:921px){.ast-header-break-point .ast-builder-menu-1{display:flex;}}@media (max-width:544px){.ast-header-break-point .ast-builder-menu-1{display:flex;}}.ast-site-header-cart .ast-cart-menu-wrap,.ast-site-header-cart .ast-addon-cart-wrap{color:#d2d2d2;}.ast-site-header-cart .ast-cart-menu-wrap .count,.ast-site-header-cart .ast-cart-menu-wrap .count:after,.ast-site-header-cart .ast-addon-cart-wrap .count,.ast-site-header-cart .ast-addon-cart-wrap .ast-icon-shopping-cart:after{color:#d2d2d2;border-color:#d2d2d2;}.ast-site-header-cart .ast-addon-cart-wrap .ast-icon-shopping-cart:after{color:#ffffff;background-color:#d2d2d2;}.ast-site-header-cart .ast-woo-header-cart-info-wrap{color:#d2d2d2;}.ast-site-header-cart .ast-addon-cart-wrap i.astra-icon:after{color:#ffffff;background-color:#d2d2d2;}.ast-theme-transparent-header .ast-site-header-cart .ast-cart-menu-wrap,.ast-theme-transparent-header .ast-site-header-cart .ast-addon-cart-wrap{color:#d2d2d2;}.ast-theme-transparent-header .ast-site-header-cart .ast-cart-menu-wrap .count,.ast-theme-transparent-header .ast-site-header-cart .ast-cart-menu-wrap .count:after,.ast-theme-transparent-header .ast-site-header-cart .ast-addon-cart-wrap .count,.ast-theme-transparent-header .ast-site-header-cart .ast-addon-cart-wrap .ast-icon-shopping-cart:after{color:#d2d2d2;border-color:#d2d2d2;}.ast-theme-transparent-header .ast-site-header-cart .ast-addon-cart-wrap .ast-icon-shopping-cart:after{color:#ffffff;background-color:#d2d2d2;}.ast-theme-transparent-header .ast-site-header-cart .ast-woo-header-cart-info-wrap{color:#d2d2d2;}.ast-theme-transparent-header .ast-site-header-cart .ast-addon-cart-wrap i.astra-icon:after{color:#ffffff;background-color:#d2d2d2;}#ast-site-header-cart .widget_shopping_cart .mini_cart_item{border-bottom-color:rgb(0,0,0);}@media (max-width:921px){#astra-mobile-cart-drawer .widget_shopping_cart .mini_cart_item{border-bottom-color:rgb(0,0,0);}}@media (max-width:544px){#astra-mobile-cart-drawer .widget_shopping_cart .mini_cart_item{border-bottom-color:rgb(0,0,0);}}.ast-site-header-cart .ast-cart-menu-wrap,.ast-site-header-cart .ast-addon-cart-wrap{color:#d2d2d2;}.ast-site-header-cart .ast-cart-menu-wrap:hover .count,.ast-site-header-cart .ast-addon-cart-wrap:hover .count{color:#000000;background-color:#d2d2d2;}.ast-menu-cart-outline .ast-cart-menu-wrap .count,.ast-menu-cart-outline .ast-addon-cart-wrap{color:#d2d2d2;}.ast-site-header-cart .ast-menu-cart-outline .ast-woo-header-cart-info-wrap{color:#d2d2d2;}.ast-menu-cart-fill .ast-cart-menu-wrap .count,.ast-menu-cart-fill .ast-cart-menu-wrap,.ast-menu-cart-fill .ast-addon-cart-wrap .ast-woo-header-cart-info-wrap,.ast-menu-cart-fill .ast-addon-cart-wrap{background-color:#d2d2d2;color:#000000;}.ast-theme-transparent-header .ast-site-header-cart .ast-cart-menu-wrap,.ast-theme-transparent-header .ast-site-header-cart .ast-addon-cart-wrap{color:#d2d2d2;}.ast-theme-transparent-header .ast-site-header-cart .ast-cart-menu-wrap:hover .count,.ast-theme-transparent-header .ast-site-header-cart .ast-addon-cart-wrap:hover .count{color:#000000;background-color:#d2d2d2;}.ast-theme-transparent-header .ast-menu-cart-outline .ast-cart-menu-wrap .count,.ast-theme-transparent-header .ast-menu-cart-outline .ast-addon-cart-wrap{color:#d2d2d2;}.ast-theme-transparent-header .ast-site-header-cart .ast-menu-cart-outline .ast-woo-header-cart-info-wrap{color:#d2d2d2;}.ast-theme-transparent-header .ast-menu-cart-fill .ast-cart-menu-wrap .count,.ast-theme-transparent-header .ast-menu-cart-fill .ast-cart-menu-wrap,.ast-theme-transparent-header .ast-menu-cart-fill .ast-addon-cart-wrap .ast-woo-header-cart-info-wrap,.ast-theme-transparent-header .ast-menu-cart-fill .ast-addon-cart-wrap{background-color:#d2d2d2;color:#000000;}.ast-site-header-cart.ast-menu-cart-outline .ast-cart-menu-wrap,.ast-site-header-cart.ast-menu-cart-fill .ast-cart-menu-wrap,.ast-site-header-cart.ast-menu-cart-outline .ast-cart-menu-wrap .count,.ast-site-header-cart.ast-menu-cart-fill .ast-cart-menu-wrap .count,.ast-site-header-cart.ast-menu-cart-outline .ast-addon-cart-wrap,.ast-site-header-cart.ast-menu-cart-fill .ast-addon-cart-wrap,.ast-site-header-cart.ast-menu-cart-outline .ast-woo-header-cart-info-wrap,.ast-site-header-cart.ast-menu-cart-fill .ast-woo-header-cart-info-wrap{border-radius:3px;}.ast-header-woo-cart{display:flex;}@media (max-width:921px){.ast-header-break-point .ast-header-woo-cart{display:flex;}}@media (max-width:544px){.ast-header-break-point .ast-header-woo-cart{display:none;}}.site-below-footer-wrap{padding-top:20px;padding-bottom:20px;}.site-below-footer-wrap[data-section="section-below-footer-builder"]{background-color:#ffffff;;background-image:none;;min-height:80px;border-style:solid;border-width:0px;border-top-width:1px;border-top-color:rgba(122,122,122,0.13);}.site-below-footer-wrap[data-section="section-below-footer-builder"] .ast-builder-grid-row{max-width:1200px;margin-left:auto;margin-right:auto;}.site-below-footer-wrap[data-section="section-below-footer-builder"] .ast-builder-grid-row,.site-below-footer-wrap[data-section="section-below-footer-builder"] .site-footer-section{align-items:flex-start;}.site-below-footer-wrap[data-section="section-below-footer-builder"].ast-footer-row-inline .site-footer-section{display:flex;margin-bottom:0;}.ast-builder-grid-row-2-equal .ast-builder-grid-row{grid-template-columns:repeat( 2,1fr );}@media (max-width:921px){.site-below-footer-wrap[data-section="section-below-footer-builder"].ast-footer-row-tablet-inline .site-footer-section{display:flex;margin-bottom:0;}.site-below-footer-wrap[data-section="section-below-footer-builder"].ast-footer-row-tablet-stack .site-footer-section{display:block;margin-bottom:10px;}.ast-builder-grid-row-container.ast-builder-grid-row-tablet-2-equal .ast-builder-grid-row{grid-template-columns:repeat( 2,1fr );}}@media (max-width:544px){.site-below-footer-wrap[data-section="section-below-footer-builder"].ast-footer-row-mobile-inline .site-footer-section{display:flex;margin-bottom:0;}.site-below-footer-wrap[data-section="section-below-footer-builder"].ast-footer-row-mobile-stack .site-footer-section{display:block;margin-bottom:10px;}.ast-builder-grid-row-container.ast-builder-grid-row-mobile-full .ast-builder-grid-row{grid-template-columns:1fr;}}@media (max-width:921px){.site-below-footer-wrap[data-section="section-below-footer-builder"]{padding-left:30px;padding-right:30px;}}.site-below-footer-wrap[data-section="section-below-footer-builder"]{display:grid;}@media (max-width:921px){.ast-header-break-point .site-below-footer-wrap[data-section="section-below-footer-builder"]{display:grid;}}@media (max-width:544px){.ast-header-break-point .site-below-footer-wrap[data-section="section-below-footer-builder"]{display:grid;}}.ast-builder-html-element img.alignnone{display:inline-block;}.ast-builder-html-element p:first-child{margin-top:0;}.ast-builder-html-element p:last-child{margin-bottom:0;}.ast-header-break-point .main-header-bar .ast-builder-html-element{line-height:1.85714285714286;}.footer-widget-area[data-section="section-fb-html-1"]{display:block;}@media (max-width:921px){.ast-header-break-point .footer-widget-area[data-section="section-fb-html-1"]{display:block;}}@media (max-width:544px){.ast-header-break-point .footer-widget-area[data-section="section-fb-html-1"]{display:block;}}.footer-widget-area[data-section="section-fb-html-1"] .ast-builder-html-element{text-align:right;}@media (max-width:921px){.footer-widget-area[data-section="section-fb-html-1"] .ast-builder-html-element{text-align:right;}}@media (max-width:544px){.footer-widget-area[data-section="section-fb-html-1"] .ast-builder-html-element{text-align:center;}}.ast-footer-copyright{text-align:left;}.ast-footer-copyright {color:#000000;}@media (max-width:921px){.ast-footer-copyright{text-align:left;}}@media (max-width:544px){.ast-footer-copyright{text-align:center;}}.ast-footer-copyright.ast-builder-layout-element{display:flex;}@media (max-width:921px){.ast-header-break-point .ast-footer-copyright.ast-builder-layout-element{display:flex;}}@media (max-width:544px){.ast-header-break-point .ast-footer-copyright.ast-builder-layout-element{display:flex;}}.site-footer{background-color:#ffffff;;background-image:none;;}.site-primary-footer-wrap{padding-top:45px;padding-bottom:45px;}.site-primary-footer-wrap[data-section="section-primary-footer-builder"]{background-color:#ffffff;;background-image:none;;}.site-primary-footer-wrap[data-section="section-primary-footer-builder"] .ast-builder-grid-row{grid-column-gap:200px;max-width:1200px;margin-left:auto;margin-right:auto;}.site-primary-footer-wrap[data-section="section-primary-footer-builder"] .ast-builder-grid-row,.site-primary-footer-wrap[data-section="section-primary-footer-builder"] .site-footer-section{align-items:flex-start;}.site-primary-footer-wrap[data-section="section-primary-footer-builder"].ast-footer-row-inline .site-footer-section{display:flex;margin-bottom:0;}.ast-builder-grid-row-4-equal .ast-builder-grid-row{grid-template-columns:repeat( 4,1fr );}@media (max-width:921px){.site-primary-footer-wrap[data-section="section-primary-footer-builder"].ast-footer-row-tablet-inline .site-footer-section{display:flex;margin-bottom:0;}.site-primary-footer-wrap[data-section="section-primary-footer-builder"].ast-footer-row-tablet-stack .site-footer-section{display:block;margin-bottom:10px;}.ast-builder-grid-row-container.ast-builder-grid-row-tablet-4-equal .ast-builder-grid-row{grid-template-columns:repeat( 4,1fr );}}@media (max-width:544px){.site-primary-footer-wrap[data-section="section-primary-footer-builder"].ast-footer-row-mobile-inline .site-footer-section{display:flex;margin-bottom:0;}.site-primary-footer-wrap[data-section="section-primary-footer-builder"].ast-footer-row-mobile-stack .site-footer-section{display:block;margin-bottom:10px;}.ast-builder-grid-row-container.ast-builder-grid-row-mobile-full .ast-builder-grid-row{grid-template-columns:1fr;}}.site-primary-footer-wrap[data-section="section-primary-footer-builder"]{padding-top:55px;padding-bottom:55px;}@media (max-width:921px){.site-primary-footer-wrap[data-section="section-primary-footer-builder"]{padding-left:30px;padding-right:30px;}}@media (max-width:544px){.site-primary-footer-wrap[data-section="section-primary-footer-builder"]{padding-top:40px;padding-bottom:20px;}}.site-primary-footer-wrap[data-section="section-primary-footer-builder"]{display:grid;}@media (max-width:921px){.ast-header-break-point .site-primary-footer-wrap[data-section="section-primary-footer-builder"]{display:grid;}}@media (max-width:544px){.ast-header-break-point .site-primary-footer-wrap[data-section="section-primary-footer-builder"]{display:grid;}}.footer-widget-area[data-section="sidebar-widgets-footer-widget-1"] .footer-widget-area-inner{text-align:left;}@media (max-width:921px){.footer-widget-area[data-section="sidebar-widgets-footer-widget-1"] .footer-widget-area-inner{text-align:left;}}@media (max-width:544px){.footer-widget-area[data-section="sidebar-widgets-footer-widget-1"] .footer-widget-area-inner{text-align:center;}}.footer-widget-area[data-section="sidebar-widgets-footer-widget-1"] .footer-widget-area-inner{color:#434343;}.footer-widget-area[data-section="sidebar-widgets-footer-widget-1"] .footer-widget-area-inner a{color:#434343;}.footer-widget-area[data-section="sidebar-widgets-footer-widget-1"] .footer-widget-area-inner a:hover{color:#3197d6;}.footer-widget-area[data-section="sidebar-widgets-footer-widget-1"] .widget-title{color:#000000;}.footer-widget-area[data-section="sidebar-widgets-footer-widget-1"]{display:block;}@media (max-width:921px){.ast-header-break-point .footer-widget-area[data-section="sidebar-widgets-footer-widget-1"]{display:block;}}@media (max-width:544px){.ast-header-break-point .footer-widget-area[data-section="sidebar-widgets-footer-widget-1"]{display:block;}}.footer-widget-area[data-section="sidebar-widgets-footer-widget-2"] .footer-widget-area-inner{color:#434343;}.footer-widget-area[data-section="sidebar-widgets-footer-widget-2"] .footer-widget-area-inner a{color:#434343;}.footer-widget-area[data-section="sidebar-widgets-footer-widget-2"] .footer-widget-area-inner a:hover{color:#3197d6;}.footer-widget-area[data-section="sidebar-widgets-footer-widget-2"] .widget-title{color:#000000;}.footer-widget-area[data-section="sidebar-widgets-footer-widget-2"]{display:block;}@media (max-width:921px){.ast-header-break-point .footer-widget-area[data-section="sidebar-widgets-footer-widget-2"]{display:block;}}@media (max-width:544px){.ast-header-break-point .footer-widget-area[data-section="sidebar-widgets-footer-widget-2"]{display:block;}}.footer-widget-area[data-section="sidebar-widgets-footer-widget-3"] .footer-widget-area-inner{color:#434343;}.footer-widget-area[data-section="sidebar-widgets-footer-widget-3"] .footer-widget-area-inner a{color:#434343;}.footer-widget-area[data-section="sidebar-widgets-footer-widget-3"] .footer-widget-area-inner a:hover{color:#3197d6;}.footer-widget-area[data-section="sidebar-widgets-footer-widget-3"] .widget-title{color:#000000;}.footer-widget-area[data-section="sidebar-widgets-footer-widget-3"]{display:block;}@media (max-width:921px){.ast-header-break-point .footer-widget-area[data-section="sidebar-widgets-footer-widget-3"]{display:block;}}@media (max-width:544px){.ast-header-break-point .footer-widget-area[data-section="sidebar-widgets-footer-widget-3"]{display:block;}}.footer-widget-area[data-section="sidebar-widgets-footer-widget-4"] .footer-widget-area-inner{color:#434343;}.footer-widget-area[data-section="sidebar-widgets-footer-widget-4"] .footer-widget-area-inner a{color:#434343;}.footer-widget-area[data-section="sidebar-widgets-footer-widget-4"] .footer-widget-area-inner a:hover{color:#3197d6;}.footer-widget-area[data-section="sidebar-widgets-footer-widget-4"] .widget-title{color:#000000;}.footer-widget-area[data-section="sidebar-widgets-footer-widget-4"]{display:block;}@media (max-width:921px){.ast-header-break-point .footer-widget-area[data-section="sidebar-widgets-footer-widget-4"]{display:block;}}@media (max-width:544px){.ast-header-break-point .footer-widget-area[data-section="sidebar-widgets-footer-widget-4"]{display:block;}}.footer-widget-area[data-section="sidebar-widgets-footer-widget-2"] .footer-widget-area-inner{text-align:left;}@media (max-width:921px){.footer-widget-area[data-section="sidebar-widgets-footer-widget-2"] .footer-widget-area-inner{text-align:left;}}@media (max-width:544px){.footer-widget-area[data-section="sidebar-widgets-footer-widget-2"] .footer-widget-area-inner{text-align:center;}}.footer-widget-area[data-section="sidebar-widgets-footer-widget-1"] .footer-widget-area-inner{color:#434343;}.footer-widget-area[data-section="sidebar-widgets-footer-widget-1"] .footer-widget-area-inner a{color:#434343;}.footer-widget-area[data-section="sidebar-widgets-footer-widget-1"] .footer-widget-area-inner a:hover{color:#3197d6;}.footer-widget-area[data-section="sidebar-widgets-footer-widget-1"] .widget-title{color:#000000;}.footer-widget-area[data-section="sidebar-widgets-footer-widget-1"]{display:block;}@media (max-width:921px){.ast-header-break-point .footer-widget-area[data-section="sidebar-widgets-footer-widget-1"]{display:block;}}@media (max-width:544px){.ast-header-break-point .footer-widget-area[data-section="sidebar-widgets-footer-widget-1"]{display:block;}}.footer-widget-area[data-section="sidebar-widgets-footer-widget-2"] .footer-widget-area-inner{color:#434343;}.footer-widget-area[data-section="sidebar-widgets-footer-widget-2"] .footer-widget-area-inner a{color:#434343;}.footer-widget-area[data-section="sidebar-widgets-footer-widget-2"] .footer-widget-area-inner a:hover{color:#3197d6;}.footer-widget-area[data-section="sidebar-widgets-footer-widget-2"] .widget-title{color:#000000;}.footer-widget-area[data-section="sidebar-widgets-footer-widget-2"]{display:block;}@media (max-width:921px){.ast-header-break-point .footer-widget-area[data-section="sidebar-widgets-footer-widget-2"]{display:block;}}@media (max-width:544px){.ast-header-break-point .footer-widget-area[data-section="sidebar-widgets-footer-widget-2"]{display:block;}}.footer-widget-area[data-section="sidebar-widgets-footer-widget-3"] .footer-widget-area-inner{color:#434343;}.footer-widget-area[data-section="sidebar-widgets-footer-widget-3"] .footer-widget-area-inner a{color:#434343;}.footer-widget-area[data-section="sidebar-widgets-footer-widget-3"] .footer-widget-area-inner a:hover{color:#3197d6;}.footer-widget-area[data-section="sidebar-widgets-footer-widget-3"] .widget-title{color:#000000;}.footer-widget-area[data-section="sidebar-widgets-footer-widget-3"]{display:block;}@media (max-width:921px){.ast-header-break-point .footer-widget-area[data-section="sidebar-widgets-footer-widget-3"]{display:block;}}@media (max-width:544px){.ast-header-break-point .footer-widget-area[data-section="sidebar-widgets-footer-widget-3"]{display:block;}}.footer-widget-area[data-section="sidebar-widgets-footer-widget-4"] .footer-widget-area-inner{color:#434343;}.footer-widget-area[data-section="sidebar-widgets-footer-widget-4"] .footer-widget-area-inner a{color:#434343;}.footer-widget-area[data-section="sidebar-widgets-footer-widget-4"] .footer-widget-area-inner a:hover{color:#3197d6;}.footer-widget-area[data-section="sidebar-widgets-footer-widget-4"] .widget-title{color:#000000;}.footer-widget-area[data-section="sidebar-widgets-footer-widget-4"]{display:block;}@media (max-width:921px){.ast-header-break-point .footer-widget-area[data-section="sidebar-widgets-footer-widget-4"]{display:block;}}@media (max-width:544px){.ast-header-break-point .footer-widget-area[data-section="sidebar-widgets-footer-widget-4"]{display:block;}}.footer-widget-area[data-section="sidebar-widgets-footer-widget-3"] .footer-widget-area-inner{text-align:left;}@media (max-width:921px){.footer-widget-area[data-section="sidebar-widgets-footer-widget-3"] .footer-widget-area-inner{text-align:left;}}@media (max-width:544px){.footer-widget-area[data-section="sidebar-widgets-footer-widget-3"] .footer-widget-area-inner{text-align:center;}}.footer-widget-area[data-section="sidebar-widgets-footer-widget-1"] .footer-widget-area-inner{color:#434343;}.footer-widget-area[data-section="sidebar-widgets-footer-widget-1"] .footer-widget-area-inner a{color:#434343;}.footer-widget-area[data-section="sidebar-widgets-footer-widget-1"] .footer-widget-area-inner a:hover{color:#3197d6;}.footer-widget-area[data-section="sidebar-widgets-footer-widget-1"] .widget-title{color:#000000;}.footer-widget-area[data-section="sidebar-widgets-footer-widget-1"]{display:block;}@media (max-width:921px){.ast-header-break-point .footer-widget-area[data-section="sidebar-widgets-footer-widget-1"]{display:block;}}@media (max-width:544px){.ast-header-break-point .footer-widget-area[data-section="sidebar-widgets-footer-widget-1"]{display:block;}}.footer-widget-area[data-section="sidebar-widgets-footer-widget-2"] .footer-widget-area-inner{color:#434343;}.footer-widget-area[data-section="sidebar-widgets-footer-widget-2"] .footer-widget-area-inner a{color:#434343;}.footer-widget-area[data-section="sidebar-widgets-footer-widget-2"] .footer-widget-area-inner a:hover{color:#3197d6;}.footer-widget-area[data-section="sidebar-widgets-footer-widget-2"] .widget-title{color:#000000;}.footer-widget-area[data-section="sidebar-widgets-footer-widget-2"]{display:block;}@media (max-width:921px){.ast-header-break-point .footer-widget-area[data-section="sidebar-widgets-footer-widget-2"]{display:block;}}@media (max-width:544px){.ast-header-break-point .footer-widget-area[data-section="sidebar-widgets-footer-widget-2"]{display:block;}}.footer-widget-area[data-section="sidebar-widgets-footer-widget-3"] .footer-widget-area-inner{color:#434343;}.footer-widget-area[data-section="sidebar-widgets-footer-widget-3"] .footer-widget-area-inner a{color:#434343;}.footer-widget-area[data-section="sidebar-widgets-footer-widget-3"] .footer-widget-area-inner a:hover{color:#3197d6;}.footer-widget-area[data-section="sidebar-widgets-footer-widget-3"] .widget-title{color:#000000;}.footer-widget-area[data-section="sidebar-widgets-footer-widget-3"]{display:block;}@media (max-width:921px){.ast-header-break-point .footer-widget-area[data-section="sidebar-widgets-footer-widget-3"]{display:block;}}@media (max-width:544px){.ast-header-break-point .footer-widget-area[data-section="sidebar-widgets-footer-widget-3"]{display:block;}}.footer-widget-area[data-section="sidebar-widgets-footer-widget-4"] .footer-widget-area-inner{color:#434343;}.footer-widget-area[data-section="sidebar-widgets-footer-widget-4"] .footer-widget-area-inner a{color:#434343;}.footer-widget-area[data-section="sidebar-widgets-footer-widget-4"] .footer-widget-area-inner a:hover{color:#3197d6;}.footer-widget-area[data-section="sidebar-widgets-footer-widget-4"] .widget-title{color:#000000;}.footer-widget-area[data-section="sidebar-widgets-footer-widget-4"]{display:block;}@media (max-width:921px){.ast-header-break-point .footer-widget-area[data-section="sidebar-widgets-footer-widget-4"]{display:block;}}@media (max-width:544px){.ast-header-break-point .footer-widget-area[data-section="sidebar-widgets-footer-widget-4"]{display:block;}}.footer-widget-area[data-section="sidebar-widgets-footer-widget-4"] .footer-widget-area-inner{text-align:left;}@media (max-width:921px){.footer-widget-area[data-section="sidebar-widgets-footer-widget-4"] .footer-widget-area-inner{text-align:left;}}@media (max-width:544px){.footer-widget-area[data-section="sidebar-widgets-footer-widget-4"] .footer-widget-area-inner{text-align:center;}}.footer-widget-area[data-section="sidebar-widgets-footer-widget-1"] .footer-widget-area-inner{color:#434343;}.footer-widget-area[data-section="sidebar-widgets-footer-widget-1"] .footer-widget-area-inner a{color:#434343;}.footer-widget-area[data-section="sidebar-widgets-footer-widget-1"] .footer-widget-area-inner a:hover{color:#3197d6;}.footer-widget-area[data-section="sidebar-widgets-footer-widget-1"] .widget-title{color:#000000;}.footer-widget-area[data-section="sidebar-widgets-footer-widget-1"]{display:block;}@media (max-width:921px){.ast-header-break-point .footer-widget-area[data-section="sidebar-widgets-footer-widget-1"]{display:block;}}@media (max-width:544px){.ast-header-break-point .footer-widget-area[data-section="sidebar-widgets-footer-widget-1"]{display:block;}}.footer-widget-area[data-section="sidebar-widgets-footer-widget-2"] .footer-widget-area-inner{color:#434343;}.footer-widget-area[data-section="sidebar-widgets-footer-widget-2"] .footer-widget-area-inner a{color:#434343;}.footer-widget-area[data-section="sidebar-widgets-footer-widget-2"] .footer-widget-area-inner a:hover{color:#3197d6;}.footer-widget-area[data-section="sidebar-widgets-footer-widget-2"] .widget-title{color:#000000;}.footer-widget-area[data-section="sidebar-widgets-footer-widget-2"]{display:block;}@media (max-width:921px){.ast-header-break-point .footer-widget-area[data-section="sidebar-widgets-footer-widget-2"]{display:block;}}@media (max-width:544px){.ast-header-break-point .footer-widget-area[data-section="sidebar-widgets-footer-widget-2"]{display:block;}}.footer-widget-area[data-section="sidebar-widgets-footer-widget-3"] .footer-widget-area-inner{color:#434343;}.footer-widget-area[data-section="sidebar-widgets-footer-widget-3"] .footer-widget-area-inner a{color:#434343;}.footer-widget-area[data-section="sidebar-widgets-footer-widget-3"] .footer-widget-area-inner a:hover{color:#3197d6;}.footer-widget-area[data-section="sidebar-widgets-footer-widget-3"] .widget-title{color:#000000;}.footer-widget-area[data-section="sidebar-widgets-footer-widget-3"]{display:block;}@media (max-width:921px){.ast-header-break-point .footer-widget-area[data-section="sidebar-widgets-footer-widget-3"]{display:block;}}@media (max-width:544px){.ast-header-break-point .footer-widget-area[data-section="sidebar-widgets-footer-widget-3"]{display:block;}}.footer-widget-area[data-section="sidebar-widgets-footer-widget-4"] .footer-widget-area-inner{color:#434343;}.footer-widget-area[data-section="sidebar-widgets-footer-widget-4"] .footer-widget-area-inner a{color:#434343;}.footer-widget-area[data-section="sidebar-widgets-footer-widget-4"] .footer-widget-area-inner a:hover{color:#3197d6;}.footer-widget-area[data-section="sidebar-widgets-footer-widget-4"] .widget-title{color:#000000;}.footer-widget-area[data-section="sidebar-widgets-footer-widget-4"]{display:block;}@media (max-width:921px){.ast-header-break-point .footer-widget-area[data-section="sidebar-widgets-footer-widget-4"]{display:block;}}@media (max-width:544px){.ast-header-break-point .footer-widget-area[data-section="sidebar-widgets-footer-widget-4"]{display:block;}}.ast-header-break-point .main-header-bar{border-bottom-width:1px;}@media (min-width:922px){.main-header-bar{border-bottom-width:1px;}}.ast-flex{-webkit-align-content:center;-ms-flex-line-pack:center;align-content:center;-webkit-box-align:center;-webkit-align-items:center;-moz-box-align:center;-ms-flex-align:center;align-items:center;}.main-header-bar{padding:1em 0;}.ast-site-identity{padding:0;}.header-main-layout-1 .ast-flex.main-header-container, .header-main-layout-3 .ast-flex.main-header-container{-webkit-align-content:center;-ms-flex-line-pack:center;align-content:center;-webkit-box-align:center;-webkit-align-items:center;-moz-box-align:center;-ms-flex-align:center;align-items:center;}.header-main-layout-1 .ast-flex.main-header-container, .header-main-layout-3 .ast-flex.main-header-container{-webkit-align-content:center;-ms-flex-line-pack:center;align-content:center;-webkit-box-align:center;-webkit-align-items:center;-moz-box-align:center;-ms-flex-align:center;align-items:center;}.main-header-menu .sub-menu .menu-item.menu-item-has-children &gt; .menu-link:after{position:absolute;right:1em;top:50%;transform:translate(0,-50%) rotate(270deg);}.ast-header-break-point .main-header-bar .main-header-bar-navigation .page_item_has_children &gt; .ast-menu-toggle::before, .ast-header-break-point .main-header-bar .main-header-bar-navigation .menu-item-has-children &gt; .ast-menu-toggle::before, .ast-mobile-popup-drawer .main-header-bar-navigation .menu-item-has-children&gt;.ast-menu-toggle::before, .ast-header-break-point .ast-mobile-header-wrap .main-header-bar-navigation .menu-item-has-children &gt; .ast-menu-toggle::before{font-weight:bold;content:"\e900";font-family:Astra;text-decoration:inherit;display:inline-block;}.ast-header-break-point .main-navigation ul.sub-menu .menu-item .menu-link:before{content:"\e900";font-family:Astra;font-size:.65em;text-decoration:inherit;display:inline-block;transform:translate(0, -2px) rotateZ(270deg);margin-right:5px;}.widget_search .search-form:after{font-family:Astra;font-size:1.2em;font-weight:normal;content:"\e8b6";position:absolute;top:50%;right:15px;transform:translate(0, -50%);}.astra-search-icon::before{content:"\e8b6";font-family:Astra;font-style:normal;font-weight:normal;text-decoration:inherit;text-align:center;-webkit-font-smoothing:antialiased;-moz-osx-font-smoothing:grayscale;}.main-header-bar .main-header-bar-navigation .page_item_has_children &gt; a:after, .main-header-bar .main-header-bar-navigation .menu-item-has-children &gt; a:after, .site-header-focus-item .main-header-bar-navigation .menu-item-has-children &gt; .menu-link:after{content:"\e900";display:inline-block;font-family:Astra;font-size:.6rem;font-weight:bold;text-rendering:auto;-webkit-font-smoothing:antialiased;-moz-osx-font-smoothing:grayscale;margin-left:10px;line-height:normal;}.ast-mobile-popup-drawer .main-header-bar-navigation .ast-submenu-expanded&gt;.ast-menu-toggle::before{transform:rotateX(180deg);}.ast-header-break-point .main-header-bar-navigation .menu-item-has-children &gt; .menu-link:after{display:none;}.ast-separate-container .blog-layout-1, .ast-separate-container .blog-layout-2, .ast-separate-container .blog-layout-3{background-color:transparent;background-image:none;}.ast-separate-container .ast-article-post{background-color:#ffffff;;}.ast-separate-container .ast-article-single:not(.ast-related-post), .ast-separate-container .comments-area .comment-respond,.ast-separate-container .comments-area .ast-comment-list li, .ast-separate-container .ast-woocommerce-container, .ast-separate-container .error-404, .ast-separate-container .no-results, .single.ast-separate-container .ast-author-meta, .ast-separate-container .related-posts-title-wrapper, .ast-separate-container.ast-two-container #secondary .widget,.ast-separate-container .comments-count-wrapper, .ast-box-layout.ast-plain-container .site-content,.ast-padded-layout.ast-plain-container .site-content, .ast-separate-container .comments-area .comments-title{background-color:#ffffff;;}.ast-mobile-header-content &gt; *,.ast-desktop-header-content &gt; * {padding: 10px 0;height: auto;}.ast-mobile-header-content &gt; *:first-child,.ast-desktop-header-content &gt; *:first-child {padding-top: 10px;}.ast-mobile-header-content &gt; .ast-builder-menu,.ast-desktop-header-content &gt; .ast-builder-menu {padding-top: 0;}.ast-mobile-header-content &gt; *:last-child,.ast-desktop-header-content &gt; *:last-child {padding-bottom: 0;}.ast-mobile-header-content .ast-search-menu-icon.ast-inline-search label,.ast-desktop-header-content .ast-search-menu-icon.ast-inline-search label {width: 100%;}.ast-desktop-header-content .main-header-bar-navigation .ast-submenu-expanded &gt; .ast-menu-toggle::before {transform: rotateX(180deg);}#ast-desktop-header .ast-desktop-header-content,.ast-mobile-header-content .ast-search-icon,.ast-desktop-header-content .ast-search-icon,.ast-mobile-header-wrap .ast-mobile-header-content,.ast-main-header-nav-open.ast-popup-nav-open .ast-mobile-header-wrap .ast-mobile-header-content,.ast-main-header-nav-open.ast-popup-nav-open .ast-desktop-header-content {display: none;}.ast-main-header-nav-open.ast-header-break-point #ast-desktop-header .ast-desktop-header-content,.ast-main-header-nav-open.ast-header-break-point .ast-mobile-header-wrap .ast-mobile-header-content {display: block;}.ast-desktop .ast-desktop-header-content .astra-menu-animation-slide-up &gt; .menu-item &gt; .sub-menu,.ast-desktop .ast-desktop-header-content .astra-menu-animation-slide-up &gt; .menu-item .menu-item &gt; .sub-menu,.ast-desktop .ast-desktop-header-content .astra-menu-animation-slide-down &gt; .menu-item &gt; .sub-menu,.ast-desktop .ast-desktop-header-content .astra-menu-animation-slide-down &gt; .menu-item .menu-item &gt; .sub-menu,.ast-desktop .ast-desktop-header-content .astra-menu-animation-fade &gt; .menu-item &gt; .sub-menu,.ast-desktop .ast-desktop-header-content .astra-menu-animation-fade &gt; .menu-item .menu-item &gt; .sub-menu {opacity: 1;visibility: visible;}.ast-hfb-header.ast-default-menu-enable.ast-header-break-point .ast-mobile-header-wrap .ast-mobile-header-content .main-header-bar-navigation {width: unset;margin: unset;}.ast-mobile-header-content.content-align-flex-end .main-header-bar-navigation .menu-item-has-children &gt; .ast-menu-toggle,.ast-desktop-header-content.content-align-flex-end .main-header-bar-navigation .menu-item-has-children &gt; .ast-menu-toggle {left: calc( 20px - 0.907em);}.ast-mobile-header-content .ast-search-menu-icon,.ast-mobile-header-content .ast-search-menu-icon.slide-search,.ast-desktop-header-content .ast-search-menu-icon,.ast-desktop-header-content .ast-search-menu-icon.slide-search {width: 100%;position: relative;display: block;right: auto;transform: none;}.ast-mobile-header-content .ast-search-menu-icon.slide-search .search-form,.ast-mobile-header-content .ast-search-menu-icon .search-form,.ast-desktop-header-content .ast-search-menu-icon.slide-search .search-form,.ast-desktop-header-content .ast-search-menu-icon .search-form {right: 0;visibility: visible;opacity: 1;position: relative;top: auto;transform: none;padding: 0;display: block;overflow: hidden;}.ast-mobile-header-content .ast-search-menu-icon.ast-inline-search .search-field,.ast-mobile-header-content .ast-search-menu-icon .search-field,.ast-desktop-header-content .ast-search-menu-icon.ast-inline-search .search-field,.ast-desktop-header-content .ast-search-menu-icon .search-field {width: 100%;padding-right: 5.5em;}.ast-mobile-header-content .ast-search-menu-icon .search-submit,.ast-desktop-header-content .ast-search-menu-icon .search-submit {display: block;position: absolute;height: 100%;top: 0;right: 0;padding: 0 1em;border-radius: 0;}.ast-hfb-header.ast-default-menu-enable.ast-header-break-point .ast-mobile-header-wrap .ast-mobile-header-content .main-header-bar-navigation ul .sub-menu .menu-link {padding-left: 30px;}.ast-hfb-header.ast-default-menu-enable.ast-header-break-point .ast-mobile-header-wrap .ast-mobile-header-content .main-header-bar-navigation .sub-menu .menu-item .menu-item .menu-link {padding-left: 40px;}.ast-mobile-popup-drawer.active .ast-mobile-popup-inner{background-color:#ffffff;;}.ast-mobile-header-wrap .ast-mobile-header-content, .ast-desktop-header-content{background-color:#ffffff;;}.ast-mobile-popup-content &gt; *, .ast-mobile-header-content &gt; *, .ast-desktop-popup-content &gt; *, .ast-desktop-header-content &gt; *{padding-top:0;padding-bottom:0;}.content-align-flex-start .ast-builder-layout-element{justify-content:flex-start;}.content-align-flex-start .main-header-menu{text-align:left;}.ast-mobile-popup-drawer.active .menu-toggle-close{color:#3a3a3a;}.ast-mobile-header-wrap .ast-primary-header-bar,.ast-primary-header-bar .site-primary-header-wrap{min-height:70px;}.ast-desktop .ast-primary-header-bar .main-header-menu &gt; .menu-item{line-height:70px;}.ast-desktop .ast-primary-header-bar .ast-header-woo-cart,.ast-desktop .ast-primary-header-bar .ast-header-edd-cart{line-height:70px;}@media (max-width:921px){#masthead .ast-mobile-header-wrap .ast-primary-header-bar,#masthead .ast-mobile-header-wrap .ast-below-header-bar{padding-left:20px;padding-right:20px;}}.ast-header-break-point .ast-primary-header-bar{border-bottom-width:1px;border-bottom-style:solid;}@media (min-width:922px){.ast-primary-header-bar{border-bottom-width:1px;border-bottom-style:solid;}}.ast-primary-header-bar{background-color:#ffffff;;background-image:none;;}.ast-primary-header-bar{display:block;}@media (max-width:921px){.ast-header-break-point .ast-primary-header-bar{display:grid;}}@media (max-width:544px){.ast-header-break-point .ast-primary-header-bar{display:grid;}}[data-section="section-header-mobile-trigger"] .ast-button-wrap .ast-mobile-menu-trigger-minimal{color:#000000;border:none;background:transparent;}[data-section="section-header-mobile-trigger"] .ast-button-wrap .mobile-menu-toggle-icon .ast-mobile-svg{width:20px;height:20px;fill:#000000;}[data-section="section-header-mobile-trigger"] .ast-button-wrap .mobile-menu-wrap .mobile-menu{color:#000000;}
</style>
    <link id="astra-menu-animation-css" rel="stylesheet" href="https://askomdch.com/wp-content/themes/astra/assets/css/minified/menu-animation.min.css?ver=3.7.5" media="all"/>
    <link id="wp-block-library-css" rel="stylesheet" href="https://askomdch.com/wp-includes/css/dist/block-library/style.min.css?ver=5.8.1" media="all"/>
    <link id="wc-blocks-vendors-style-css" rel="stylesheet" href="https://askomdch.com/wp-content/plugins/woocommerce/packages/woocommerce-blocks/build/wc-blocks-vendors-style.css?ver=5.9.1" media="all"/>
    <link id="wc-blocks-style-css" rel="stylesheet" href="https://askomdch.com/wp-content/plugins/woocommerce/packages/woocommerce-blocks/build/wc-blocks-style.css?ver=5.9.1" media="all"/>
    <style id="global-styles-inline-css">
body{--wp--preset--color--black: #000000;--wp--preset--color--cyan-bluish-gray: #abb8c3;--wp--preset--color--white: #ffffff;--wp--preset--color--pale-pink: #f78da7;--wp--preset--color--vivid-red: #cf2e2e;--wp--preset--color--luminous-vivid-orange: #ff6900;--wp--preset--color--luminous-vivid-amber: #fcb900;--wp--preset--color--light-green-cyan: #7bdcb5;--wp--preset--color--vivid-green-cyan: #00d084;--wp--preset--color--pale-cyan-blue: #8ed1fc;--wp--preset--color--vivid-cyan-blue: #0693e3;--wp--preset--color--vivid-purple: #9b51e0;--wp--preset--color--ast-global-color-0: var(--ast-global-color-0);--wp--preset--color--ast-global-color-1: var(--ast-global-color-1);--wp--preset--color--ast-global-color-2: var(--ast-global-color-2);--wp--preset--color--ast-global-color-3: var(--ast-global-color-3);--wp--preset--color--ast-global-color-4: var(--ast-global-color-4);--wp--preset--color--ast-global-color-5: var(--ast-global-color-5);--wp--preset--color--ast-global-color-6: var(--ast-global-color-6);--wp--preset--color--ast-global-color-7: var(--ast-global-color-7);--wp--preset--color--ast-global-color-8: var(--ast-global-color-8);--wp--preset--gradient--vivid-cyan-blue-to-vivid-purple: linear-gradient(135deg,rgba(6,147,227,1) 0%,rgb(155,81,224) 100%);--wp--preset--gradient--light-green-cyan-to-vivid-green-cyan: linear-gradient(135deg,rgb(122,220,180) 0%,rgb(0,208,130) 100%);--wp--preset--gradient--luminous-vivid-amber-to-luminous-vivid-orange: linear-gradient(135deg,rgba(252,185,0,1) 0%,rgba(255,105,0,1) 100%);--wp--preset--gradient--luminous-vivid-orange-to-vivid-red: linear-gradient(135deg,rgba(255,105,0,1) 0%,rgb(207,46,46) 100%);--wp--preset--gradient--very-light-gray-to-cyan-bluish-gray: linear-gradient(135deg,rgb(238,238,238) 0%,rgb(169,184,195) 100%);--wp--preset--gradient--cool-to-warm-spectrum: linear-gradient(135deg,rgb(74,234,220) 0%,rgb(151,120,209) 20%,rgb(207,42,186) 40%,rgb(238,44,130) 60%,rgb(251,105,98) 80%,rgb(254,248,76) 100%);--wp--preset--gradient--blush-light-purple: linear-gradient(135deg,rgb(255,206,236) 0%,rgb(152,150,240) 100%);--wp--preset--gradient--blush-bordeaux: linear-gradient(135deg,rgb(254,205,165) 0%,rgb(254,45,45) 50%,rgb(107,0,62) 100%);--wp--preset--gradient--luminous-dusk: linear-gradient(135deg,rgb(255,203,112) 0%,rgb(199,81,192) 50%,rgb(65,88,208) 100%);--wp--preset--gradient--pale-ocean: linear-gradient(135deg,rgb(255,245,203) 0%,rgb(182,227,212) 50%,rgb(51,167,181) 100%);--wp--preset--gradient--electric-grass: linear-gradient(135deg,rgb(202,248,128) 0%,rgb(113,206,126) 100%);--wp--preset--gradient--midnight: linear-gradient(135deg,rgb(2,3,129) 0%,rgb(40,116,252) 100%);--wp--preset--font-size--small: 13px;--wp--preset--font-size--normal: 16px;--wp--preset--font-size--medium: 20px;--wp--preset--font-size--large: 36px;--wp--preset--font-size--huge: 42px;}.has-black-color{color: var(--wp--preset--color--black) !important;}.has-cyan-bluish-gray-color{color: var(--wp--preset--color--cyan-bluish-gray) !important;}.has-white-color{color: var(--wp--preset--color--white) !important;}.has-pale-pink-color{color: var(--wp--preset--color--pale-pink) !important;}.has-vivid-red-color{color: var(--wp--preset--color--vivid-red) !important;}.has-luminous-vivid-orange-color{color: var(--wp--preset--color--luminous-vivid-orange) !important;}.has-luminous-vivid-amber-color{color: var(--wp--preset--color--luminous-vivid-amber) !important;}.has-light-green-cyan-color{color: var(--wp--preset--color--light-green-cyan) !important;}.has-vivid-green-cyan-color{color: var(--wp--preset--color--vivid-green-cyan) !important;}.has-pale-cyan-blue-color{color: var(--wp--preset--color--pale-cyan-blue) !important;}.has-vivid-cyan-blue-color{color: var(--wp--preset--color--vivid-cyan-blue) !important;}.has-vivid-purple-color{color: var(--wp--preset--color--vivid-purple) !important;}.has-ast-global-color-0-color{color: var(--wp--preset--color--ast-global-color-0) !important;}.has-ast-global-color-1-color{color: var(--wp--preset--color--ast-global-color-1) !important;}.has-ast-global-color-2-color{color: var(--wp--preset--color--ast-global-color-2) !important;}.has-ast-global-color-3-color{color: var(--wp--preset--color--ast-global-color-3) !important;}.has-ast-global-color-4-color{color: var(--wp--preset--color--ast-global-color-4) !important;}.has-ast-global-color-5-color{color: var(--wp--preset--color--ast-global-color-5) !important;}.has-ast-global-color-6-color{color: var(--wp--preset--color--ast-global-color-6) !important;}.has-ast-global-color-7-color{color: var(--wp--preset--color--ast-global-color-7) !important;}.has-ast-global-color-8-color{color: var(--wp--preset--color--ast-global-color-8) !important;}.has-black-background-color{background-color: var(--wp--preset--color--black) !important;}.has-cyan-bluish-gray-background-color{background-color: var(--wp--preset--color--cyan-bluish-gray) !important;}.has-white-background-color{background-color: var(--wp--preset--color--white) !important;}.has-pale-pink-background-color{background-color: var(--wp--preset--color--pale-pink) !important;}.has-vivid-red-background-color{background-color: var(--wp--preset--color--vivid-red) !important;}.has-luminous-vivid-orange-background-color{background-color: var(--wp--preset--color--luminous-vivid-orange) !important;}.has-luminous-vivid-amber-background-color{background-color: var(--wp--preset--color--luminous-vivid-amber) !important;}.has-light-green-cyan-background-color{background-color: var(--wp--preset--color--light-green-cyan) !important;}.has-vivid-green-cyan-background-color{background-color: var(--wp--preset--color--vivid-green-cyan) !important;}.has-pale-cyan-blue-background-color{background-color: var(--wp--preset--color--pale-cyan-blue) !important;}.has-vivid-cyan-blue-background-color{background-color: var(--wp--preset--color--vivid-cyan-blue) !important;}.has-vivid-purple-background-color{background-color: var(--wp--preset--color--vivid-purple) !important;}.has-ast-global-color-0-background-color{background-color: var(--wp--preset--color--ast-global-color-0) !important;}.has-ast-global-color-1-background-color{background-color: var(--wp--preset--color--ast-global-color-1) !important;}.has-ast-global-color-2-background-color{background-color: var(--wp--preset--color--ast-global-color-2) !important;}.has-ast-global-color-3-background-color{background-color: var(--wp--preset--color--ast-global-color-3) !important;}.has-ast-global-color-4-background-color{background-color: var(--wp--preset--color--ast-global-color-4) !important;}.has-ast-global-color-5-background-color{background-color: var(--wp--preset--color--ast-global-color-5) !important;}.has-ast-global-color-6-background-color{background-color: var(--wp--preset--color--ast-global-color-6) !important;}.has-ast-global-color-7-background-color{background-color: var(--wp--preset--color--ast-global-color-7) !important;}.has-ast-global-color-8-background-color{background-color: var(--wp--preset--color--ast-global-color-8) !important;}.has-vivid-cyan-blue-to-vivid-purple-gradient-background{background: var(--wp--preset--gradient--vivid-cyan-blue-to-vivid-purple) !important;}.has-light-green-cyan-to-vivid-green-cyan-gradient-background{background: var(--wp--preset--gradient--light-green-cyan-to-vivid-green-cyan) !important;}.has-luminous-vivid-amber-to-luminous-vivid-orange-gradient-background{background: var(--wp--preset--gradient--luminous-vivid-amber-to-luminous-vivid-orange) !important;}.has-luminous-vivid-orange-to-vivid-red-gradient-background{background: var(--wp--preset--gradient--luminous-vivid-orange-to-vivid-red) !important;}.has-very-light-gray-to-cyan-bluish-gray-gradient-background{background: var(--wp--preset--gradient--very-light-gray-to-cyan-bluish-gray) !important;}.has-cool-to-warm-spectrum-gradient-background{background: var(--wp--preset--gradient--cool-to-warm-spectrum) !important;}.has-blush-light-purple-gradient-background{background: var(--wp--preset--gradient--blush-light-purple) !important;}.has-blush-bordeaux-gradient-background{background: var(--wp--preset--gradient--blush-bordeaux) !important;}.has-luminous-dusk-gradient-background{background: var(--wp--preset--gradient--luminous-dusk) !important;}.has-pale-ocean-gradient-background{background: var(--wp--preset--gradient--pale-ocean) !important;}.has-electric-grass-gradient-background{background: var(--wp--preset--gradient--electric-grass) !important;}.has-midnight-gradient-background{background: var(--wp--preset--gradient--midnight) !important;}.has-small-font-size{font-size: var(--wp--preset--font-size--small) !important;}.has-normal-font-size{font-size: var(--wp--preset--font-size--normal) !important;}.has-medium-font-size{font-size: var(--wp--preset--font-size--medium) !important;}.has-large-font-size{font-size: var(--wp--preset--font-size--large) !important;}.has-huge-font-size{font-size: var(--wp--preset--font-size--huge) !important;}
</style>
    <link id="woocommerce-layout-css" rel="stylesheet" href="https://askomdch.com/wp-content/themes/astra/assets/css/minified/compatibility/woocommerce/woocommerce-layout.min.css?ver=3.7.5" media="all"/>
    <link id="woocommerce-smallscreen-css" rel="stylesheet" href="https://askomdch.com/wp-content/themes/astra/assets/css/minified/compatibility/woocommerce/woocommerce-smallscreen.min.css?ver=3.7.5" media="only screen and (max-width: 921px)"/>
    <link id="woocommerce-general-css" rel="stylesheet" href="https://askomdch.com/wp-content/themes/astra/assets/css/minified/compatibility/woocommerce/woocommerce.min.css?ver=3.7.5" media="all"/>
    <style id="woocommerce-general-inline-css">
#customer_details h3:not(.elementor-widget-woocommerce-checkout-page h3){font-size:1.2rem;padding:20px 0 14px;margin:0 0 20px;border-bottom:1px solid #ebebeb;}form #order_review_heading:not(.elementor-widget-woocommerce-checkout-page #order_review_heading){border-width:2px 2px 0 2px;border-style:solid;font-size:1.2rem;margin:0;padding:1.5em 1.5em 1em;border-color:#ebebeb;}form #order_review:not(.elementor-widget-woocommerce-checkout-page #order_review){padding:0 2em;border-width:0 2px 2px;border-style:solid;border-color:#ebebeb;}ul#shipping_method li:not(.elementor-widget-woocommerce-cart #shipping_method li){margin:0;padding:0.25em 0 0.25em 22px;text-indent:-22px;list-style:none outside;}.woocommerce span.onsale, .wc-block-grid__product .wc-block-grid__product-onsale{background-color:#54595f;color:#ffffff;}.woocommerce a.button, .woocommerce button.button, .woocommerce .woocommerce-message a.button, .woocommerce #respond input#submit.alt, .woocommerce a.button.alt, .woocommerce button.button.alt, .woocommerce input.button.alt, .woocommerce input.button,.woocommerce input.button:disabled, .woocommerce input.button:disabled[disabled], .woocommerce input.button:disabled:hover, .woocommerce input.button:disabled[disabled]:hover, .woocommerce #respond input#submit, .woocommerce button.button.alt.disabled, .wc-block-grid__products .wc-block-grid__product .wp-block-button__link, .wc-block-grid__product-onsale{color:#ffffff;border-color:#3197d6;background-color:#3197d6;}.woocommerce a.button:hover, .woocommerce button.button:hover, .woocommerce .woocommerce-message a.button:hover,.woocommerce #respond input#submit:hover,.woocommerce #respond input#submit.alt:hover, .woocommerce a.button.alt:hover, .woocommerce button.button.alt:hover, .woocommerce input.button.alt:hover, .woocommerce input.button:hover, .woocommerce button.button.alt.disabled:hover, .wc-block-grid__products .wc-block-grid__product .wp-block-button__link:hover{color:#ffffff;border-color:#0084d6;background-color:#0084d6;}.woocommerce-message, .woocommerce-info{border-top-color:#4e4e4e;}.woocommerce-message::before,.woocommerce-info::before{color:#4e4e4e;}.woocommerce ul.products li.product .price, .woocommerce div.product p.price, .woocommerce div.product span.price, .widget_layered_nav_filters ul li.chosen a, .woocommerce-page ul.products li.product .ast-woo-product-category, .wc-layered-nav-rating a{color:#333333;}.woocommerce nav.woocommerce-pagination ul,.woocommerce nav.woocommerce-pagination ul li{border-color:#4e4e4e;}.woocommerce nav.woocommerce-pagination ul li a:focus, .woocommerce nav.woocommerce-pagination ul li a:hover, .woocommerce nav.woocommerce-pagination ul li span.current{background:#4e4e4e;color:#ffffff;}.woocommerce-MyAccount-navigation-link.is-active a{color:#0084d6;}.woocommerce .widget_price_filter .ui-slider .ui-slider-range, .woocommerce .widget_price_filter .ui-slider .ui-slider-handle{background-color:#4e4e4e;}.woocommerce a.button, .woocommerce button.button, .woocommerce .woocommerce-message a.button, .woocommerce #respond input#submit.alt, .woocommerce a.button.alt, .woocommerce button.button.alt, .woocommerce input.button.alt, .woocommerce input.button,.woocommerce-cart table.cart td.actions .button, .woocommerce form.checkout_coupon .button, .woocommerce #respond input#submit, .wc-block-grid__products .wc-block-grid__product .wp-block-button__link{border-radius:0;padding-top:17px;padding-right:30px;padding-bottom:17px;padding-left:30px;}.woocommerce .star-rating, .woocommerce .comment-form-rating .stars a, .woocommerce .star-rating::before{color:#4e4e4e;}.woocommerce div.product .woocommerce-tabs ul.tabs li.active:before{background:#4e4e4e;}.woocommerce a.remove:hover{color:#4e4e4e;border-color:#4e4e4e;background-color:#ffffff;}.woocommerce ul.product-categories &gt; li ul li:before{content:"\e900";padding:0 5px 0 5px;display:inline-block;font-family:Astra;transform:rotate(-90deg);font-size:0.7rem;}@media (min-width:545px) and (max-width:921px){.woocommerce.tablet-columns-6 ul.products li.product, .woocommerce-page.tablet-columns-6 ul.products li.product{width:calc(16.66% - 16.66px);}.woocommerce.tablet-columns-5 ul.products li.product, .woocommerce-page.tablet-columns-5 ul.products li.product{width:calc(20% - 16px);}.woocommerce.tablet-columns-4 ul.products li.product, .woocommerce-page.tablet-columns-4 ul.products li.product{width:calc(25% - 15px);}.woocommerce.tablet-columns-3 ul.products li.product, .woocommerce-page.tablet-columns-3 ul.products li.product{width:calc(33.33% - 14px);}.woocommerce.tablet-columns-2 ul.products li.product, .woocommerce-page.tablet-columns-2 ul.products li.product{width:calc(50% - 10px);}.woocommerce.tablet-columns-1 ul.products li.product, .woocommerce-page.tablet-columns-1 ul.products li.product{width:100%;}.woocommerce div.product .related.products ul.products li.product{width:calc(33.33% - 14px);}}@media (min-width:545px) and (max-width:921px){.woocommerce[class*="columns-"].columns-3 &gt; ul.products li.product, .woocommerce[class*="columns-"].columns-4 &gt; ul.products li.product, .woocommerce[class*="columns-"].columns-5 &gt; ul.products li.product, .woocommerce[class*="columns-"].columns-6 &gt; ul.products li.product{width:calc(33.33% - 14px);margin-right:20px;}.woocommerce[class*="columns-"].columns-3 &gt; ul.products li.product:nth-child(3n), .woocommerce[class*="columns-"].columns-4 &gt; ul.products li.product:nth-child(3n), .woocommerce[class*="columns-"].columns-5 &gt; ul.products li.product:nth-child(3n), .woocommerce[class*="columns-"].columns-6 &gt; ul.products li.product:nth-child(3n){margin-right:0;clear:right;}.woocommerce[class*="columns-"].columns-3 &gt; ul.products li.product:nth-child(3n+1), .woocommerce[class*="columns-"].columns-4 &gt; ul.products li.product:nth-child(3n+1), .woocommerce[class*="columns-"].columns-5 &gt; ul.products li.product:nth-child(3n+1), .woocommerce[class*="columns-"].columns-6 &gt; ul.products li.product:nth-child(3n+1){clear:left;}.woocommerce[class*="columns-"] ul.products li.product:nth-child(n), .woocommerce-page[class*="columns-"] ul.products li.product:nth-child(n){margin-right:20px;clear:none;}.woocommerce.tablet-columns-2 ul.products li.product:nth-child(2n), .woocommerce-page.tablet-columns-2 ul.products li.product:nth-child(2n), .woocommerce.tablet-columns-3 ul.products li.product:nth-child(3n), .woocommerce-page.tablet-columns-3 ul.products li.product:nth-child(3n), .woocommerce.tablet-columns-4 ul.products li.product:nth-child(4n), .woocommerce-page.tablet-columns-4 ul.products li.product:nth-child(4n), .woocommerce.tablet-columns-5 ul.products li.product:nth-child(5n), .woocommerce-page.tablet-columns-5 ul.products li.product:nth-child(5n), .woocommerce.tablet-columns-6 ul.products li.product:nth-child(6n), .woocommerce-page.tablet-columns-6 ul.products li.product:nth-child(6n){margin-right:0;clear:right;}.woocommerce.tablet-columns-2 ul.products li.product:nth-child(2n+1), .woocommerce-page.tablet-columns-2 ul.products li.product:nth-child(2n+1), .woocommerce.tablet-columns-3 ul.products li.product:nth-child(3n+1), .woocommerce-page.tablet-columns-3 ul.products li.product:nth-child(3n+1), .woocommerce.tablet-columns-4 ul.products li.product:nth-child(4n+1), .woocommerce-page.tablet-columns-4 ul.products li.product:nth-child(4n+1), .woocommerce.tablet-columns-5 ul.products li.product:nth-child(5n+1), .woocommerce-page.tablet-columns-5 ul.products li.product:nth-child(5n+1), .woocommerce.tablet-columns-6 ul.products li.product:nth-child(6n+1), .woocommerce-page.tablet-columns-6 ul.products li.product:nth-child(6n+1){clear:left;}.woocommerce div.product .related.products ul.products li.product:nth-child(3n), .woocommerce-page.tablet-columns-1 .site-main ul.products li.product{margin-right:0;clear:right;}.woocommerce div.product .related.products ul.products li.product:nth-child(3n+1){clear:left;}}@media (min-width:922px){.woocommerce #reviews #comments{width:55%;float:left;}.woocommerce #reviews #review_form_wrapper{width:45%;padding-left:2em;float:right;}.woocommerce form.checkout_coupon{width:50%;}}@media (max-width:921px){.ast-header-break-point.ast-woocommerce-cart-menu .header-main-layout-1.ast-mobile-header-stack.ast-no-menu-items .ast-site-header-cart, .ast-header-break-point.ast-woocommerce-cart-menu .header-main-layout-3.ast-mobile-header-stack.ast-no-menu-items .ast-site-header-cart{padding-right:0;padding-left:0;}.ast-header-break-point.ast-woocommerce-cart-menu .header-main-layout-1.ast-mobile-header-stack .main-header-bar{text-align:center;}.ast-header-break-point.ast-woocommerce-cart-menu .header-main-layout-1.ast-mobile-header-stack .ast-site-header-cart, .ast-header-break-point.ast-woocommerce-cart-menu .header-main-layout-1.ast-mobile-header-stack .ast-mobile-menu-buttons{display:inline-block;}.ast-header-break-point.ast-woocommerce-cart-menu .header-main-layout-2.ast-mobile-header-inline .site-branding{flex:auto;}.ast-header-break-point.ast-woocommerce-cart-menu .header-main-layout-3.ast-mobile-header-stack .site-branding{flex:0 0 100%;}.ast-header-break-point.ast-woocommerce-cart-menu .header-main-layout-3.ast-mobile-header-stack .main-header-container{display:flex;justify-content:center;}.woocommerce-cart .woocommerce-shipping-calculator .button{width:100%;}.woocommerce div.product div.images, .woocommerce div.product div.summary, .woocommerce #content div.product div.images, .woocommerce #content div.product div.summary, .woocommerce-page div.product div.images, .woocommerce-page div.product div.summary, .woocommerce-page #content div.product div.images, .woocommerce-page #content div.product div.summary{float:none;width:100%;}.woocommerce-cart table.cart td.actions .ast-return-to-shop{display:block;text-align:center;margin-top:1em;}}@media (max-width:544px){.ast-separate-container .ast-woocommerce-container{padding:.54em 1em 1.33333em;}.woocommerce-message, .woocommerce-error, .woocommerce-info{display:flex;flex-wrap:wrap;}.woocommerce-message a.button, .woocommerce-error a.button, .woocommerce-info a.button{order:1;margin-top:.5em;}.woocommerce .woocommerce-ordering, .woocommerce-page .woocommerce-ordering{float:none;margin-bottom:2em;width:100%;}.woocommerce ul.products a.button, .woocommerce-page ul.products a.button{padding:0.5em 0.75em;}.woocommerce table.cart td.actions .button, .woocommerce #content table.cart td.actions .button, .woocommerce-page table.cart td.actions .button, .woocommerce-page #content table.cart td.actions .button{padding-left:1em;padding-right:1em;}.woocommerce #content table.cart .button, .woocommerce-page #content table.cart .button{width:100%;}.woocommerce #content table.cart .product-thumbnail, .woocommerce-page #content table.cart .product-thumbnail{display:block;text-align:center !important;}.woocommerce #content table.cart .product-thumbnail::before, .woocommerce-page #content table.cart .product-thumbnail::before{display:none;}.woocommerce #content table.cart td.actions .coupon, .woocommerce-page #content table.cart td.actions .coupon{float:none;}.woocommerce #content table.cart td.actions .coupon .button, .woocommerce-page #content table.cart td.actions .coupon .button{flex:1;}.woocommerce #content div.product .woocommerce-tabs ul.tabs li a, .woocommerce-page #content div.product .woocommerce-tabs ul.tabs li a{display:block;}.woocommerce div.product .related.products ul.products li.product, .woocommerce.mobile-columns-2 ul.products li.product, .woocommerce-page.mobile-columns-2 ul.products li.product{width:calc(50% - 10px);}.woocommerce.mobile-columns-6 ul.products li.product, .woocommerce-page.mobile-columns-6 ul.products li.product{width:calc(16.66% - 16.66px);}.woocommerce.mobile-columns-5 ul.products li.product, .woocommerce-page.mobile-columns-5 ul.products li.product{width:calc(20% - 16px);}.woocommerce.mobile-columns-4 ul.products li.product, .woocommerce-page.mobile-columns-4 ul.products li.product{width:calc(25% - 15px);}.woocommerce.mobile-columns-3 ul.products li.product, .woocommerce-page.mobile-columns-3 ul.products li.product{width:calc(33.33% - 14px);}.woocommerce.mobile-columns-1 ul.products li.product, .woocommerce-page.mobile-columns-1 ul.products li.product{width:100%;}}@media (max-width:544px){.woocommerce ul.products a.button.loading::after, .woocommerce-page ul.products a.button.loading::after{display:inline-block;margin-left:5px;position:initial;}.woocommerce.mobile-columns-1 .site-main ul.products li.product:nth-child(n), .woocommerce-page.mobile-columns-1 .site-main ul.products li.product:nth-child(n){margin-right:0;}.woocommerce #content div.product .woocommerce-tabs ul.tabs li, .woocommerce-page #content div.product .woocommerce-tabs ul.tabs li{display:block;margin-right:0;}.woocommerce[class*="columns-"].columns-3 &gt; ul.products li.product, .woocommerce[class*="columns-"].columns-4 &gt; ul.products li.product, .woocommerce[class*="columns-"].columns-5 &gt; ul.products li.product, .woocommerce[class*="columns-"].columns-6 &gt; ul.products li.product{width:calc(50% - 10px);margin-right:20px;}.woocommerce[class*="columns-"] ul.products li.product:nth-child(n), .woocommerce-page[class*="columns-"] ul.products li.product:nth-child(n){margin-right:20px;clear:none;}.woocommerce-page[class*=columns-].columns-3&gt;ul.products li.product:nth-child(2n), .woocommerce-page[class*=columns-].columns-4&gt;ul.products li.product:nth-child(2n), .woocommerce-page[class*=columns-].columns-5&gt;ul.products li.product:nth-child(2n), .woocommerce-page[class*=columns-].columns-6&gt;ul.products li.product:nth-child(2n), .woocommerce[class*=columns-].columns-3&gt;ul.products li.product:nth-child(2n), .woocommerce[class*=columns-].columns-4&gt;ul.products li.product:nth-child(2n), .woocommerce[class*=columns-].columns-5&gt;ul.products li.product:nth-child(2n), .woocommerce[class*=columns-].columns-6&gt;ul.products li.product:nth-child(2n){margin-right:0;clear:right;}.woocommerce[class*="columns-"].columns-3 &gt; ul.products li.product:nth-child(2n+1), .woocommerce[class*="columns-"].columns-4 &gt; ul.products li.product:nth-child(2n+1), .woocommerce[class*="columns-"].columns-5 &gt; ul.products li.product:nth-child(2n+1), .woocommerce[class*="columns-"].columns-6 &gt; ul.products li.product:nth-child(2n+1){clear:left;}.woocommerce-page[class*=columns-] ul.products li.product:nth-child(n), .woocommerce[class*=columns-] ul.products li.product:nth-child(n){margin-right:20px;clear:none;}.woocommerce.mobile-columns-6 ul.products li.product:nth-child(6n), .woocommerce-page.mobile-columns-6 ul.products li.product:nth-child(6n), .woocommerce.mobile-columns-5 ul.products li.product:nth-child(5n), .woocommerce-page.mobile-columns-5 ul.products li.product:nth-child(5n), .woocommerce.mobile-columns-4 ul.products li.product:nth-child(4n), .woocommerce-page.mobile-columns-4 ul.products li.product:nth-child(4n), .woocommerce.mobile-columns-3 ul.products li.product:nth-child(3n), .woocommerce-page.mobile-columns-3 ul.products li.product:nth-child(3n), .woocommerce.mobile-columns-2 ul.products li.product:nth-child(2n), .woocommerce-page.mobile-columns-2 ul.products li.product:nth-child(2n), .woocommerce div.product .related.products ul.products li.product:nth-child(2n){margin-right:0;clear:right;}.woocommerce.mobile-columns-6 ul.products li.product:nth-child(6n+1), .woocommerce-page.mobile-columns-6 ul.products li.product:nth-child(6n+1), .woocommerce.mobile-columns-5 ul.products li.product:nth-child(5n+1), .woocommerce-page.mobile-columns-5 ul.products li.product:nth-child(5n+1), .woocommerce.mobile-columns-4 ul.products li.product:nth-child(4n+1), .woocommerce-page.mobile-columns-4 ul.products li.product:nth-child(4n+1), .woocommerce.mobile-columns-3 ul.products li.product:nth-child(3n+1), .woocommerce-page.mobile-columns-3 ul.products li.product:nth-child(3n+1), .woocommerce.mobile-columns-2 ul.products li.product:nth-child(2n+1), .woocommerce-page.mobile-columns-2 ul.products li.product:nth-child(2n+1), .woocommerce div.product .related.products ul.products li.product:nth-child(2n+1){clear:left;}}@media (min-width:922px){.ast-woo-shop-archive .site-content &gt; .ast-container{max-width:1240px;}}@media (min-width:922px){.woocommerce #content .ast-woocommerce-container div.product div.images, .woocommerce .ast-woocommerce-container div.product div.images, .woocommerce-page #content .ast-woocommerce-container div.product div.images, .woocommerce-page .ast-woocommerce-container div.product div.images{width:50%;}.woocommerce #content .ast-woocommerce-container div.product div.summary, .woocommerce .ast-woocommerce-container div.product div.summary, .woocommerce-page #content .ast-woocommerce-container div.product div.summary, .woocommerce-page .ast-woocommerce-container div.product div.summary{width:46%;}.woocommerce.woocommerce-checkout form #customer_details.col2-set .col-1, .woocommerce.woocommerce-checkout form #customer_details.col2-set .col-2, .woocommerce-page.woocommerce-checkout form #customer_details.col2-set .col-1, .woocommerce-page.woocommerce-checkout form #customer_details.col2-set .col-2{float:none;width:auto;}}.woocommerce a.button , .woocommerce button.button.alt ,.woocommerce-page table.cart td.actions .button, .woocommerce-page #content table.cart td.actions .button , .woocommerce a.button.alt ,.woocommerce .woocommerce-message a.button , .ast-site-header-cart .widget_shopping_cart .buttons .button.checkout, .woocommerce button.button.alt.disabled , .wc-block-grid__products .wc-block-grid__product .wp-block-button__link {border:solid;border-top-width:0;border-right-width:0;border-left-width:0;border-bottom-width:0;border-color:#3197d6;}.woocommerce a.button:hover , .woocommerce button.button.alt:hover , .woocommerce-page table.cart td.actions .button:hover, .woocommerce-page #content table.cart td.actions .button:hover, .woocommerce a.button.alt:hover ,.woocommerce .woocommerce-message a.button:hover , .ast-site-header-cart .widget_shopping_cart .buttons .button.checkout:hover , .woocommerce button.button.alt.disabled:hover , .wc-block-grid__products .wc-block-grid__product .wp-block-button__link:hover{border-color:#0084d6;}.widget_product_search button{flex:0 0 auto;padding:10px 20px;;}@media (min-width:922px){.woocommerce.woocommerce-checkout form #customer_details.col2-set, .woocommerce-page.woocommerce-checkout form #customer_details.col2-set{width:55%;float:left;margin-right:4.347826087%;}.woocommerce.woocommerce-checkout form #order_review, .woocommerce.woocommerce-checkout form #order_review_heading, .woocommerce-page.woocommerce-checkout form #order_review, .woocommerce-page.woocommerce-checkout form #order_review_heading{width:40%;float:right;margin-right:0;clear:right;}}
</style>
    <style id="woocommerce-inline-inline-css">
.woocommerce form .form-row .required { visibility: visible; }
</style>
    <script id="jquery-core-js" src="https://askomdch.com/wp-includes/js/jquery/jquery.min.js?ver=3.6.0"/>
    <script id="jquery-migrate-js" src="https://askomdch.com/wp-includes/js/jquery/jquery-migrate.min.js?ver=3.3.2"/>
    <link rel="canonical" href="https://askomdch.com/account/"/>
    <noscript>
      <style>.woocommerce-product-gallery{ opacity: 1 !important; }</style>
    </noscript>
    <style>.recentcomments a{display:inline !important;padding:0 !important;margin:0 !important;}</style>
  </head>
  <body class="page-template-default page page-id-1235 theme-astra woocommerce-account woocommerce-page woocommerce-no-js ast-single-post ast-mobile-inherit-site-logo ast-woocommerce-cart-menu ast-inherit-site-logo-transparent ast-theme-transparent-header ast-hfb-header ast-desktop ast-plain-container ast-no-sidebar astra-3.7.5" itemtype="https://schema.org/WebPage" itemscope="itemscope">
    <a shape="rect" class="skip-link screen-reader-text" href="#content" role="link" title="Skip to content">
Skip to content</a>
    <div class="hfeed site" id="page">
      <header class="site-header ast-primary-submenu-animation-slide-up header-main-layout-1 ast-primary-menu-enabled ast-builder-menu-toggle-icon ast-mobile-header-inline" id="masthead" itemtype="https://schema.org/WPHeader" itemscope="itemscope" itemid="#masthead">
        <div id="ast-desktop-header" data-toggle-type="dropdown">
          <div class="ast-main-header-wrap main-header-bar-wrap">
            <div class="ast-primary-header-bar ast-primary-header main-header-bar site-header-focus-item" data-section="section-primary-header-builder">
              <div class="site-primary-header-wrap ast-builder-grid-row-container site-header-focus-item ast-container" data-section="section-primary-header-builder">
                <div class="ast-builder-grid-row ast-builder-grid-row-has-sides ast-builder-grid-row-no-center">
                  <div class="site-header-primary-section-left site-header-section ast-flex site-header-section-left">
                    <div class="ast-builder-layout-element ast-flex site-header-focus-item" data-section="title_tagline">
                      <div class="site-branding ast-site-identity" itemtype="https://schema.org/Organization" itemscope="itemscope">
                        <div class="ast-site-title-wrap">
                          <span class="site-title" itemprop="name">
                            <a shape="rect" href="https://askomdch.com/" rel="home" itemprop="url">
AskOmDch
</a>
                          </span>
                        </div>
                      </div>
                    </div>
                  </div>
                  <div class="site-header-primary-section-right site-header-section ast-flex ast-grid-right-section">
                    <div class="ast-builder-menu-1 ast-builder-menu ast-flex ast-builder-menu-1-focus-item ast-builder-layout-element site-header-focus-item" data-section="section-hb-menu-1">
                      <div class="ast-main-header-bar-alignment">
                        <div class="main-header-bar-navigation">
                          <nav class="site-navigation ast-flex-grow-1 navigation-accessibility site-header-focus-item" id="primary-site-navigation" aria-label="Site Navigation" itemtype="https://schema.org/SiteNavigationElement" itemscope="itemscope">
                            <div class="main-navigation ast-inline-flex">
                              <ul class="main-header-menu ast-menu-shadow ast-nav-menu ast-flex submenu-with-border astra-menu-animation-slide-up stack-on-mobile" id="ast-hf-menu-1">
                                <li class="menu-item menu-item-type-post_type menu-item-object-page menu-item-home menu-item-1226" id="menu-item-1226">
                                  <a shape="rect" class="menu-link" href="https://askomdch.com/">Home</a>
                                </li>
                                <li class="menu-item menu-item-type-post_type menu-item-object-page menu-item-1227" id="menu-item-1227">
                                  <a shape="rect" class="menu-link" href="https://askomdch.com/store/">Store</a>
                                </li>
                                <li class="menu-item menu-item-type-taxonomy menu-item-object-product_cat menu-item-1228" id="menu-item-1228">
                                  <a shape="rect" class="menu-link" href="https://askomdch.com/product-category/men/">Men</a>
                                </li>
                                <li class="menu-item menu-item-type-taxonomy menu-item-object-product_cat menu-item-1229" id="menu-item-1229">
                                  <a shape="rect" class="menu-link" href="https://askomdch.com/product-category/women/">Women</a>
                                </li>
                                <li class="menu-item menu-item-type-taxonomy menu-item-object-product_cat menu-item-1230" id="menu-item-1230">
                                  <a shape="rect" class="menu-link" href="https://askomdch.com/product-category/accessories/">Accessories</a>
                                </li>
                                <li class="menu-item menu-item-type-post_type menu-item-object-page current-menu-item page_item page-item-1235 current_page_item menu-item-1237" id="menu-item-1237">
                                  <a shape="rect" class="menu-link" href="https://askomdch.com/account/" aria-current="page">Account</a>
                                </li>
                                <li class="menu-item menu-item-type-post_type menu-item-object-page menu-item-1232" id="menu-item-1232">
                                  <a shape="rect" class="menu-link" href="https://askomdch.com/about/">About</a>
                                </li>
                                <li class="menu-item menu-item-type-post_type menu-item-object-page menu-item-1233" id="menu-item-1233">
                                  <a shape="rect" class="menu-link" href="https://askomdch.com/contact-us/">Contact Us</a>
                                </li>
                              </ul>
                            </div>
                          </nav>
                        </div>
                      </div>
                    </div>
                    <div class="ast-builder-layout-element site-header-focus-item ast-header-woo-cart" data-section="section-header-woo-cart">
                      <div class="ast-site-header-cart ast-menu-cart-with-border ast-menu-cart-fill" id="ast-site-header-cart">
                        <div class="ast-site-header-cart-li">
                          <a shape="rect" class="cart-container" href="https://askomdch.com/cart/" title="View your shopping cart"/>
                          <div class="ast-cart-menu-wrap">
                            <span class="count">
0 </span>
                          </div>
                        </div>
                        <div class="ast-site-header-cart-data">
                          <div class="widget woocommerce widget_shopping_cart">
                            <div class="widget_shopping_cart_content"/>
                          </div>
                        </div>
                      </div>
                    </div>
                  </div>
                </div>
              </div>
            </div>
          </div>
          <div class="ast-desktop-header-content content-align-flex-start"/>
        </div>
        <div class="ast-mobile-header-wrap" id="ast-mobile-header" data-type="dropdown">
          <div class="ast-main-header-wrap main-header-bar-wrap">
            <div class="ast-primary-header-bar ast-primary-header main-header-bar site-primary-header-wrap site-header-focus-item ast-builder-grid-row-layout-default ast-builder-grid-row-tablet-layout-default ast-builder-grid-row-mobile-layout-default" data-section="section-primary-header-builder">
              <div class="ast-builder-grid-row ast-builder-grid-row-has-sides ast-builder-grid-row-no-center">
                <div class="site-header-primary-section-left site-header-section ast-flex site-header-section-left">
                  <div class="ast-builder-layout-element ast-flex site-header-focus-item" data-section="title_tagline">
                    <div class="site-branding ast-site-identity" itemtype="https://schema.org/Organization" itemscope="itemscope">
                      <div class="ast-site-title-wrap">
                        <span class="site-title" itemprop="name">
                          <a shape="rect" href="https://askomdch.com/" rel="home" itemprop="url">
AskOmDch
</a>
                        </span>
                      </div>
                    </div>
                  </div>
                </div>
                <div class="site-header-primary-section-right site-header-section ast-flex ast-grid-right-section">
                  <div class="ast-builder-layout-element site-header-focus-item ast-header-woo-cart" data-section="section-header-woo-cart">
                    <div class="ast-site-header-cart ast-menu-cart-with-border ast-menu-cart-fill" id="ast-site-header-cart">
                      <div class="ast-site-header-cart-li">
                        <a shape="rect" class="cart-container" href="https://askomdch.com/cart/" title="View your shopping cart"/>
                        <div class="ast-cart-menu-wrap">
                          <span class="count">
0 </span>
                        </div>
                      </div>
                      <div class="ast-site-header-cart-data">
                        <div class="widget woocommerce widget_shopping_cart">
                          <div class="widget_shopping_cart_content"/>
                        </div>
                      </div>
                    </div>
                  </div>
                  <div class="ast-builder-layout-element ast-flex site-header-focus-item" data-section="section-header-mobile-trigger">
                    <div class="ast-button-wrap">
                      <button type="button" class="menu-toggle main-header-menu-toggle ast-mobile-menu-trigger-minimal" aria-expanded="false">
                        <span class="screen-reader-text">Main Menu</span>
                        <span class="mobile-menu-toggle-icon">
                          <span class="ahfb-svg-iconset ast-inline-flex svg-baseline">
                            <svg class="ast-mobile-svg ast-menu2-svg" fill="currentColor" version="1.1" width="24" height="28" viewbox="0 0 24 28">
                              <path d="M24 21v2c0 0.547-0.453 1-1 1h-22c-0.547 0-1-0.453-1-1v-2c0-0.547 0.453-1 1-1h22c0.547 0 1 0.453 1 1zM24 13v2c0 0.547-0.453 1-1 1h-22c-0.547 0-1-0.453-1-1v-2c0-0.547 0.453-1 1-1h22c0.547 0 1 0.453 1 1zM24 5v2c0 0.547-0.453 1-1 1h-22c-0.547 0-1-0.453-1-1v-2c0-0.547 0.453-1 1-1h22c0.547 0 1 0.453 1 1z"/>
                            </svg>
                          </span>
                          <span class="ahfb-svg-iconset ast-inline-flex svg-baseline">
                            <svg class="ast-mobile-svg ast-close-svg" fill="currentColor" version="1.1" width="24" height="24" viewbox="0 0 24 24">
                              <path d="M5.293 6.707l5.293 5.293-5.293 5.293c-0.391 0.391-0.391 1.024 0 1.414s1.024 0.391 1.414 0l5.293-5.293 5.293 5.293c0.391 0.391 1.024 0.391 1.414 0s0.391-1.024 0-1.414l-5.293-5.293 5.293-5.293c0.391-0.391 0.391-1.024 0-1.414s-1.024-0.391-1.414 0l-5.293 5.293-5.293-5.293c-0.391-0.391-1.024-0.391-1.414 0s-0.391 1.024 0 1.414z"/>
                            </svg>
                          </span>
                        </span>
                      </button>
                    </div>
                  </div>
                </div>
              </div>
            </div>
          </div>
          <div class="ast-mobile-header-content content-align-flex-start">
            <div class="ast-builder-menu-1 ast-builder-menu ast-flex ast-builder-menu-1-focus-item ast-builder-layout-element site-header-focus-item" data-section="section-hb-menu-1">
              <div class="ast-main-header-bar-alignment">
                <div class="main-header-bar-navigation">
                  <nav class="site-navigation ast-flex-grow-1 navigation-accessibility site-header-focus-item" id="primary-site-navigation" aria-label="Site Navigation" itemtype="https://schema.org/SiteNavigationElement" itemscope="itemscope">
                    <div class="main-navigation ast-inline-flex">
                      <ul class="main-header-menu ast-menu-shadow ast-nav-menu ast-flex submenu-with-border astra-menu-animation-slide-up stack-on-mobile" id="ast-hf-menu-1">
                        <li class="menu-item menu-item-type-post_type menu-item-object-page menu-item-home menu-item-1226">
                          <a shape="rect" class="menu-link" href="https://askomdch.com/">Home</a>
                        </li>
                        <li class="menu-item menu-item-type-post_type menu-item-object-page menu-item-1227">
                          <a shape="rect" class="menu-link" href="https://askomdch.com/store/">Store</a>
                        </li>
                        <li class="menu-item menu-item-type-taxonomy menu-item-object-product_cat menu-item-1228">
                          <a shape="rect" class="menu-link" href="https://askomdch.com/product-category/men/">Men</a>
                        </li>
                        <li class="menu-item menu-item-type-taxonomy menu-item-object-product_cat menu-item-1229">
                          <a shape="rect" class="menu-link" href="https://askomdch.com/product-category/women/">Women</a>
                        </li>
                        <li class="menu-item menu-item-type-taxonomy menu-item-object-product_cat menu-item-1230">
                          <a shape="rect" class="menu-link" href="https://askomdch.com/product-category/accessories/">Accessories</a>
                        </li>
                        <li class="menu-item menu-item-type-post_type menu-item-object-page current-menu-item page_item page-item-1235 current_page_item menu-item-1237">
                          <a shape="rect" class="menu-link" href="https://askomdch.com/account/" aria-current="page">Account</a>
                        </li>
                        <li class="menu-item menu-item-type-post_type menu-item-object-page menu-item-1232">
                          <a shape="rect" class="menu-link" href="https://askomdch.com/about/">About</a>
                        </li>
                        <li class="menu-item menu-item-type-post_type menu-item-object-page menu-item-1233">
                          <a shape="rect" class="menu-link" href="https://askomdch.com/contact-us/">Contact Us</a>
                        </li>
                      </ul>
                    </div>
                  </nav>
                </div>
              </div>
            </div>
          </div>
        </div>
      </header>
      <div class="site-content" id="content">
        <div class="ast-container">
          <div class="content-area primary" id="primary">
            <main id="main" class="site-main">
              <article class="post-1235 page type-page status-publish ast-article-single" id="post-1235" itemtype="https://schema.org/CreativeWork" itemscope="itemscope">
                <header class="entry-header ast-header-without-markup"/>
                <div class="entry-content clear" itemprop="text">
                  <div class="wp-block-cover alignfull has-background-dim" style="background-color:#001d35;min-height:400px">
                    <div class="wp-block-cover__inner-container">
                      <h1 class="has-text-align-center">Account</h1>
                    </div>
                  </div>
                  <div class="wp-block-group alignfull">
                    <div class="wp-block-group__inner-container">
                      <div class="wp-block-columns">
                        <div class="wp-block-column" style="flex-basis:100%"/>
                      </div>
                      <div class="woocommerce">
                        <div class="woocommerce-notices-wrapper"/>
                        <div class="u-columns col2-set" id="customer_login">
                          <div class="u-column1 col-1">
                            <h2>Login</h2>
                            <form enctype="application/x-www-form-urlencoded" method="post" class="woocommerce-form woocommerce-form-login login">
                              <p class="woocommerce-form-row woocommerce-form-row--wide form-row form-row-wide">
                                <label for="username">
Username or email address                                   <span class="required">*</span>
                                </label>
                                <input type="text" class="woocommerce-Input woocommerce-Input--text input-text" id="username" name="username" autocomplete="username" value=""/>
                              </p>
                              <p class="woocommerce-form-row woocommerce-form-row--wide form-row form-row-wide">
                                <label for="password">
Password                                   <span class="required">*</span>
                                </label>
                                <input type="password" class="woocommerce-Input woocommerce-Input--text input-text" id="password" name="password" autocomplete="current-password"/>
                              </p>
                              <p class="form-row">
                                <label class="woocommerce-form__label woocommerce-form__label-for-checkbox woocommerce-form-login__rememberme">
                                  <input type="checkbox" class="woocommerce-form__input woocommerce-form__input-checkbox" id="rememberme" name="rememberme" value="forever"/>
                                  <span>Remember me</span>
                                </label>
                                <input type="hidden" id="woocommerce-login-nonce" name="woocommerce-login-nonce" value="679b5e9476"/>
                                <input type="hidden" name="_wp_http_referer" value="/account/"/>
                                <button type="submit" class="woocommerce-button button woocommerce-form-login__submit" name="login" value="Log in">Log in</button>
                              </p>
                              <p class="woocommerce-LostPassword lost_password">
                                <a shape="rect" href="https://askomdch.com/account/lost-password/">Lost your password?</a>
                              </p>
                            </form>
                          </div>
                          <div class="u-column2 col-2">
                            <h2>Register</h2>
                            <form enctype="application/x-www-form-urlencoded" method="post" class="woocommerce-form woocommerce-form-register register">
                              <p class="woocommerce-form-row woocommerce-form-row--wide form-row form-row-wide">
                                <label for="reg_username">
Username                                   <span class="required">*</span>
                                </label>
                                <input type="text" class="woocommerce-Input woocommerce-Input--text input-text" id="reg_username" name="username" autocomplete="username" value=""/>
                              </p>
                              <p class="woocommerce-form-row woocommerce-form-row--wide form-row form-row-wide">
                                <label for="reg_email">
Email address                                   <span class="required">*</span>
                                </label>
                                <input type="email" class="woocommerce-Input woocommerce-Input--text input-text" id="reg_email" name="email" autocomplete="email" value=""/>
                              </p>
                              <p class="woocommerce-form-row woocommerce-form-row--wide form-row form-row-wide">
                                <label for="reg_password">
Password                                   <span class="required">*</span>
                                </label>
                                <input type="password" class="woocommerce-Input woocommerce-Input--text input-text" id="reg_password" name="password" autocomplete="new-password"/>
                              </p>
                              <div class="woocommerce-privacy-policy-text">
                                <p>TEST MODE ENABLED. DO NOT ENTER YOUR PERSONAL DATA.</p>
                              </div>
                              <p class="woocommerce-form-row form-row">
                                <input type="hidden" id="woocommerce-register-nonce" name="woocommerce-register-nonce" value="cbc2b22125"/>
                                <input type="hidden" name="_wp_http_referer" value="/account/"/>
                                <button type="submit" class="woocommerce-Button woocommerce-button button woocommerce-form-register__submit" name="register" value="Register">Register</button>
                              </p>
                            </form>
                          </div>
                        </div>
                      </div>
                    </div>
                  </div>
                  <p/>
                </div>
              </article>
            </main>
          </div>
        </div>
      </div>
      <div class="astra-mobile-cart-overlay"/>
      <div class="astra-cart-drawer open-right" id="astra-mobile-cart-drawer">
        <div class="astra-cart-drawer-header">
          <button type="button" class="astra-cart-drawer-close">
            <span class="ahfb-svg-iconset ast-inline-flex svg-baseline">
              <svg class="ast-mobile-svg ast-close-svg" fill="currentColor" version="1.1" width="24" height="24" viewbox="0 0 24 24">
                <path d="M5.293 6.707l5.293 5.293-5.293 5.293c-0.391 0.391-0.391 1.024 0 1.414s1.024 0.391 1.414 0l5.293-5.293 5.293 5.293c0.391 0.391 1.024 0.391 1.414 0s0.391-1.024 0-1.414l-5.293-5.293 5.293-5.293c0.391-0.391 0.391-1.024 0-1.414s-1.024-0.391-1.414 0l-5.293 5.293-5.293-5.293c-0.391-0.391-1.024-0.391-1.414 0s-0.391 1.024 0 1.414z"/>
              </svg>
            </span>
          </button>
          <div class="astra-cart-drawer-title">
Shopping Cart </div>
        </div>
        <div class="astra-cart-drawer-content">
          <div class="widget woocommerce widget_shopping_cart">
            <div class="widget_shopping_cart_content"/>
          </div>
        </div>
      </div>
      <footer class="site-footer" id="colophon" itemtype="https://schema.org/WPFooter" itemscope="itemscope" itemid="#colophon">
        <div class="site-primary-footer-wrap ast-builder-grid-row-container site-footer-focus-item ast-builder-grid-row-4-equal ast-builder-grid-row-tablet-4-equal ast-builder-grid-row-mobile-full ast-footer-row-stack ast-footer-row-tablet-stack ast-footer-row-mobile-stack" data-section="section-primary-footer-builder">
          <div class="ast-builder-grid-row-container-inner">
            <div class="ast-builder-footer-grid-columns site-primary-footer-inner-wrap ast-builder-grid-row">
              <div class="site-footer-primary-section-1 site-footer-section site-footer-section-1">
                <aside class="footer-widget-area widget-area site-footer-focus-item" data-section="sidebar-widgets-footer-widget-1" aria-label="Footer Widget 1">
                  <div class="footer-widget-area-inner site-info-inner">
                    <section id="nav_menu-7" class="widget widget_nav_menu">
                      <h2 class="widget-title">Quick Links</h2>
                      <nav class="menu-quick-links-container" aria-label="Quick Links">
                        <ul class="menu" id="menu-quick-links">
                          <li class="menu-item menu-item-type-post_type menu-item-object-page menu-item-home menu-item-1254" id="menu-item-1254">
                            <a shape="rect" class="menu-link" href="https://askomdch.com/">Home</a>
                          </li>
                          <li class="menu-item menu-item-type-post_type menu-item-object-page menu-item-1255" id="menu-item-1255">
                            <a shape="rect" class="menu-link" href="https://askomdch.com/about/">About</a>
                          </li>
                          <li class="menu-item menu-item-type-post_type menu-item-object-page current-menu-item page_item page-item-1235 current_page_item menu-item-1256" id="menu-item-1256">
                            <a shape="rect" class="menu-link" href="https://askomdch.com/account/" aria-current="page">My Account</a>
                          </li>
                          <li class="menu-item menu-item-type-post_type menu-item-object-page menu-item-1257" id="menu-item-1257">
                            <a shape="rect" class="menu-link" href="https://askomdch.com/cart/">Cart</a>
                          </li>
                          <li class="menu-item menu-item-type-post_type menu-item-object-page menu-item-1258" id="menu-item-1258">
                            <a shape="rect" class="menu-link" href="https://askomdch.com/contact-us/">Contact Us</a>
                          </li>
                        </ul>
                      </nav>
                    </section>
                  </div>
                </aside>
              </div>
              <div class="site-footer-primary-section-2 site-footer-section site-footer-section-2">
                <aside class="footer-widget-area widget-area site-footer-focus-item" data-section="sidebar-widgets-footer-widget-2" aria-label="Footer Widget 2">
                  <div class="footer-widget-area-inner site-info-inner">
                    <section id="nav_menu-8" class="widget widget_nav_menu">
                      <h2 class="widget-title">For Her</h2>
                      <nav class="menu-for-her-container" aria-label="For Her">
                        <ul class="menu" id="menu-for-her">
                          <li class="menu-item menu-item-type-taxonomy menu-item-object-product_cat menu-item-1264" id="menu-item-1264">
                            <a shape="rect" class="menu-link" href="https://askomdch.com/product-category/women/">Women</a>
                          </li>
                          <li class="menu-item menu-item-type-taxonomy menu-item-object-product_cat menu-item-1266" id="menu-item-1266">
                            <a shape="rect" class="menu-link" href="https://askomdch.com/product-category/womens-jeans/">Women’s Jeans</a>
                          </li>
                          <li class="menu-item menu-item-type-taxonomy menu-item-object-product_cat menu-item-1265" id="menu-item-1265">
                            <a shape="rect" class="menu-link" href="https://askomdch.com/product-category/womens-shirts/">Women’s Shirts</a>
                          </li>
                          <li class="menu-item menu-item-type-taxonomy menu-item-object-product_cat menu-item-1267" id="menu-item-1267">
                            <a shape="rect" class="menu-link" href="https://askomdch.com/product-category/womens-shoes/">Women’s Shoes</a>
                          </li>
                          <li class="menu-item menu-item-type-taxonomy menu-item-object-product_cat menu-item-1268" id="menu-item-1268">
                            <a shape="rect" class="menu-link" href="https://askomdch.com/product-category/accessories/">Accessories</a>
                          </li>
                        </ul>
                      </nav>
                    </section>
                  </div>
                </aside>
              </div>
              <div class="site-footer-primary-section-3 site-footer-section site-footer-section-3">
                <aside class="footer-widget-area widget-area site-footer-focus-item" data-section="sidebar-widgets-footer-widget-3" aria-label="Footer Widget 3">
                  <div class="footer-widget-area-inner site-info-inner">
                    <section id="nav_menu-12" class="widget widget_nav_menu">
                      <h2 class="widget-title">For Him</h2>
                      <nav class="menu-for-him-container" aria-label="For Him">
                        <ul class="menu" id="menu-for-him">
                          <li class="menu-item menu-item-type-taxonomy menu-item-object-product_cat menu-item-1263" id="menu-item-1263">
                            <a shape="rect" class="menu-link" href="https://askomdch.com/product-category/men/">Men</a>
                          </li>
                          <li class="menu-item menu-item-type-taxonomy menu-item-object-product_cat menu-item-1259" id="menu-item-1259">
                            <a shape="rect" class="menu-link" href="https://askomdch.com/product-category/mens-jeans/">Men’s Jeans</a>
                          </li>
                          <li class="menu-item menu-item-type-taxonomy menu-item-object-product_cat menu-item-1260" id="menu-item-1260">
                            <a shape="rect" class="menu-link" href="https://askomdch.com/product-category/mens-shirts/">Men’s Shirts</a>
                          </li>
                          <li class="menu-item menu-item-type-taxonomy menu-item-object-product_cat menu-item-1261" id="menu-item-1261">
                            <a shape="rect" class="menu-link" href="https://askomdch.com/product-category/mens-shoes/">Men’s Shoes</a>
                          </li>
                          <li class="menu-item menu-item-type-taxonomy menu-item-object-product_cat menu-item-1262" id="menu-item-1262">
                            <a shape="rect" class="menu-link" href="https://askomdch.com/product-category/accessories/">Accessories</a>
                          </li>
                        </ul>
                      </nav>
                    </section>
                  </div>
                </aside>
              </div>
              <div class="site-footer-primary-section-4 site-footer-section site-footer-section-4">
                <aside class="footer-widget-area widget-area site-footer-focus-item" data-section="sidebar-widgets-footer-widget-4" aria-label="Footer Widget 4">
                  <div class="footer-widget-area-inner site-info-inner">
                    <section id="text-2" class="widget widget_text">
                      <h2 class="widget-title">AOD on Mobile</h2>
                      <div class="textwidget">
                        <p>
                          <a shape="rect" href="https://www.apple.com/in/app-store/" target="_blank" rel="noopener">
                            <img class="alignnone wp-image-1475 size-full" src="https://askomdch.com/wp-content/uploads/2021/06/image-60-compressed.jpg" alt="" width="300" height="90"/>
                          </a>
                          <a shape="rect" href="https://play.google.com/store" target="_blank" rel="noopener">
                            <img class="alignnone wp-image-1473 size-full" src="https://askomdch.com/wp-content/uploads/2021/06/image-41-compressed.jpg" alt="" width="300" height="90"/>
                          </a>
                        </p>
                      </div>
                    </section>
                  </div>
                </aside>
              </div>
            </div>
          </div>
        </div>
        <div class="site-below-footer-wrap ast-builder-grid-row-container site-footer-focus-item ast-builder-grid-row-2-equal ast-builder-grid-row-tablet-2-equal ast-builder-grid-row-mobile-full ast-footer-row-stack ast-footer-row-tablet-stack ast-footer-row-mobile-stack" data-section="section-below-footer-builder">
          <div class="ast-builder-grid-row-container-inner">
            <div class="ast-builder-footer-grid-columns site-below-footer-inner-wrap ast-builder-grid-row">
              <div class="site-footer-below-section-1 site-footer-section site-footer-section-1">
                <div class="ast-builder-layout-element ast-flex site-footer-focus-item ast-footer-copyright" data-section="section-footer-builder">
                  <div class="ast-footer-copyright">
                    <p>Copyright © 2022 AskOmDch</p>
                  </div>
                </div>
              </div>
              <div class="site-footer-below-section-2 site-footer-section site-footer-section-2">
                <div class="footer-widget-area widget-area site-footer-focus-item ast-footer-html-1" data-section="section-fb-html-1">
                  <div class="ast-header-html inner-link-style-">
                    <div class="ast-builder-html-element">
                      <p>Powered by AskOmDch</p>
                    </div>
                  </div>
                </div>
              </div>
            </div>
          </div>
        </div>
      </footer>
    </div>
    <script type="text/javascript">
		(function () {
			var c = document.body.className;
			c = c.replace(/woocommerce-no-js/, 'woocommerce-js');
			document.body.className = c;
		})();
	</script>
    <script id="astra-theme-js-js-extra">
var astra = {"break_point":"921","isRtl":""};
</script>
    <script id="astra-theme-js-js" src="https://askomdch.com/wp-content/themes/astra/assets/js/minified/frontend.min.js?ver=3.7.5"/>
    <script id="astra-mobile-cart-js" src="https://askomdch.com/wp-content/themes/astra/assets/js/minified/mobile-cart.min.js?ver=3.7.5"/>
    <script id="js-cookie-js" src="https://askomdch.com/wp-content/plugins/woocommerce/assets/js/js-cookie/js.cookie.min.js?ver=2.1.4-wc.5.8.0"/>
    <script id="wc-cart-fragments-js-extra">
var wc_cart_fragments_params = {"ajax_url":"\/wp-admin\/admin-ajax.php","wc_ajax_url":"\/?wc-ajax=%%endpoint%%","cart_hash_key":"wc_cart_hash_ce7302d8a5b087b54dd768c76987f650","fragment_name":"wc_fragments_ce7302d8a5b087b54dd768c76987f650","request_timeout":"5000"};
</script>
    <script id="wc-cart-fragments-js" src="https://askomdch.com/wp-content/plugins/woocommerce/assets/js/frontend/cart-fragments.min.js?ver=5.8.0"/>
    <script id="rocket-browser-checker-js-after">
"use strict";var _createClass=function(){function defineProperties(target,props){for(var i=0;i&lt;props.length;i++){var descriptor=props[i];descriptor.enumerable=descriptor.enumerable||!1,descriptor.configurable=!0,"value"in descriptor&amp;&amp;(descriptor.writable=!0),Object.defineProperty(target,descriptor.key,descriptor)}}return function(Constructor,protoProps,staticProps){return protoProps&amp;&amp;defineProperties(Constructor.prototype,protoProps),staticProps&amp;&amp;defineProperties(Constructor,staticProps),Constructor}}();function _classCallCheck(instance,Constructor){if(!(instance instanceof Constructor))throw new TypeError("Cannot call a class as a function")}var RocketBrowserCompatibilityChecker=function(){function RocketBrowserCompatibilityChecker(options){_classCallCheck(this,RocketBrowserCompatibilityChecker),this.passiveSupported=!1,this._checkPassiveOption(this),this.options=!!this.passiveSupported&amp;&amp;options}return _createClass(RocketBrowserCompatibilityChecker,[{key:"_checkPassiveOption",value:function(self){try{var options={get passive(){return!(self.passiveSupported=!0)}};window.addEventListener("test",null,options),window.removeEventListener("test",null,options)}catch(err){self.passiveSupported=!1}}},{key:"initRequestIdleCallback",value:function(){!1 in window&amp;&amp;(window.requestIdleCallback=function(cb){var start=Date.now();return setTimeout(function(){cb({didTimeout:!1,timeRemaining:function(){return Math.max(0,50-(Date.now()-start))}})},1)}),!1 in window&amp;&amp;(window.cancelIdleCallback=function(id){return clearTimeout(id)})}},{key:"isDataSaverModeOn",value:function(){return"connection"in navigator&amp;&amp;!0===navigator.connection.saveData}},{key:"supportsLinkPrefetch",value:function(){var elem=document.createElement("link");return elem.relList&amp;&amp;elem.relList.supports&amp;&amp;elem.relList.supports("prefetch")&amp;&amp;window.IntersectionObserver&amp;&amp;"isIntersecting"in IntersectionObserverEntry.prototype}},{key:"isSlowConnection",value:function(){return"connection"in navigator&amp;&amp;"effectiveType"in navigator.connection&amp;&amp;("2g"===navigator.connection.effectiveType||"slow-2g"===navigator.connection.effectiveType)}}]),RocketBrowserCompatibilityChecker}();
</script>
    <script id="rocket-preload-links-js-extra">
var RocketPreloadLinksConfig = {"excludeUris":"\/(.+\/)?feed\/?.+\/?|\/(?:.+\/)?embed\/|\/checkout\/|\/cart\/|\/account\/|\/wc-api\/v(.*)|\/(index\\.php\/)?wp\\-json(\/.*|$)|\/wp-admin\/|\/logout\/|\/wp-login.php","usesTrailingSlash":"1","imageExt":"jpg|jpeg|gif|png|tiff|bmp|webp|avif","fileExt":"jpg|jpeg|gif|png|tiff|bmp|webp|avif|php|pdf|html|htm","siteUrl":"https:\/\/askomdch.com","onHoverDelay":"100","rateThrottle":"3"};
</script>
    <script id="rocket-preload-links-js-after">
(function() {
"use strict";var r="function"==typeof Symbol&amp;&amp;"symbol"==typeof Symbol.iterator?function(e){return typeof e}:function(e){return e&amp;&amp;"function"==typeof Symbol&amp;&amp;e.constructor===Symbol&amp;&amp;e!==Symbol.prototype?"symbol":typeof e},e=function(){function i(e,t){for(var n=0;n&lt;t.length;n++){var i=t[n];i.enumerable=i.enumerable||!1,i.configurable=!0,"value"in i&amp;&amp;(i.writable=!0),Object.defineProperty(e,i.key,i)}}return function(e,t,n){return t&amp;&amp;i(e.prototype,t),n&amp;&amp;i(e,n),e}}();function i(e,t){if(!(e instanceof t))throw new TypeError("Cannot call a class as a function")}var t=function(){function n(e,t){i(this,n),this.browser=e,this.config=t,this.options=this.browser.options,this.prefetched=new Set,this.eventTime=null,this.threshold=1111,this.numOnHover=0}return e(n,[{key:"init",value:function(){!this.browser.supportsLinkPrefetch()||this.browser.isDataSaverModeOn()||this.browser.isSlowConnection()||(this.regex={excludeUris:RegExp(this.config.excludeUris,"i"),images:RegExp(".("+this.config.imageExt+")$","i"),fileExt:RegExp(".("+this.config.fileExt+")$","i")},this._initListeners(this))}},{key:"_initListeners",value:function(e){-1&lt;this.config.onHoverDelay&amp;&amp;document.addEventListener("mouseover",e.listener.bind(e),e.listenerOptions),document.addEventListener("mousedown",e.listener.bind(e),e.listenerOptions),document.addEventListener("touchstart",e.listener.bind(e),e.listenerOptions)}},{key:"listener",value:function(e){var t=e.target.closest("a"),n=this._prepareUrl(t);if(null!==n)switch(e.type){case"mousedown":case"touchstart":this._addPrefetchLink(n);break;case"mouseover":this._earlyPrefetch(t,n,"mouseout")}}},{key:"_earlyPrefetch",value:function(t,e,n){var i=this,r=setTimeout(function(){if(r=null,0===i.numOnHover)setTimeout(function(){return i.numOnHover=0},1e3);else if(i.numOnHover&gt;i.config.rateThrottle)return;i.numOnHover++,i._addPrefetchLink(e)},this.config.onHoverDelay);t.addEventListener(n,function e(){t.removeEventListener(n,e,{passive:!0}),null!==r&amp;&amp;(clearTimeout(r),r=null)},{passive:!0})}},{key:"_addPrefetchLink",value:function(i){return this.prefetched.add(i.href),new Promise(function(e,t){var n=document.createElement("link");n.rel="prefetch",n.href=i.href,n.onload=e,n.onerror=t,document.head.appendChild(n)}).catch(function(){})}},{key:"_prepareUrl",value:function(e){if(null===e||"object"!==(void 0===e?"undefined":r(e))||!1 in e||-1===["http:","https:"].indexOf(e.protocol))return null;var t=e.href.substring(0,this.config.siteUrl.length),n=this._getPathname(e.href,t),i={original:e.href,protocol:e.protocol,origin:t,pathname:n,href:t+n};return this._isLinkOk(i)?i:null}},{key:"_getPathname",value:function(e,t){var n=t?e.substring(this.config.siteUrl.length):e;return n.startsWith("/")||(n="/"+n),this._shouldAddTrailingSlash(n)?n+"/":n}},{key:"_shouldAddTrailingSlash",value:function(e){return this.config.usesTrailingSlash&amp;&amp;!e.endsWith("/")&amp;&amp;!this.regex.fileExt.test(e)}},{key:"_isLinkOk",value:function(e){return null!==e&amp;&amp;"object"===(void 0===e?"undefined":r(e))&amp;&amp;(!this.prefetched.has(e.href)&amp;&amp;e.origin===this.config.siteUrl&amp;&amp;-1===e.href.indexOf("?")&amp;&amp;-1===e.href.indexOf("#")&amp;&amp;!this.regex.excludeUris.test(e.href)&amp;&amp;!this.regex.images.test(e.href))}}],[{key:"run",value:function(){"undefined"!=typeof RocketPreloadLinksConfig&amp;&amp;new n(new RocketBrowserCompatibilityChecker({capture:!0,passive:!0}),RocketPreloadLinksConfig).init()}}]),n}();t.run();
}());
</script>
    <script>
			/(trident|msie)/i.test(navigator.userAgent)&amp;&amp;document.getElementById&amp;&amp;window.addEventListener&amp;&amp;window.addEventListener("hashchange",function(){var t,e=location.hash.substring(1);/^[A-z0-9_-]+$/.test(e)&amp;&amp;(t=document.getElementById(e))&amp;&amp;(/^(?:a|select|input|button|textarea)$/i.test(t.tagName)||(t.tabIndex=-1),t.focus())},!1);
			</script>
  </body>
</html>
]]></system-out>
    <system-err><![CDATA["p
gcJonavJavaScript error: resource://gre/modules/XULStore.jsm, line 66: Error: Can't find profile directory.
JavaScript error: resource://gre/modules/XULStore.jsm, line 66: Error: Can't find profile directory.
1642810367121	Marionette	INFO	Stopped listening on port 50384
!!! error running onStopped callback: TypeError: callback is not a function
console.error: "Could not write session state file " (new Errosrol(e".IwOaaUtilsSr:nc rS:hi uLptSotti ntggaei rnrdtRroieowcrnni :gpa e nsrCd:eh  sror"gueerfcotuesmR:iee/nDc/girg ripaeve/desmdr:o id 9tuf7ila.oeln0sl/a.Xil4Un 6LgIS9 t/2boO.ar 7et.1aj ss(kma,sd" c,kel  f(tiav7ono8 ei3a d7 6 d6s00:2y) a,nE0 rc71rha0or66or0)n4:)oc  1u"CesD6a OenmMf'eEtfsx 0scbfae3igpanet0d9i  4ofp2rno2o@rafr:bie"l8s e8o"d uh-drtirctrepee:sf/cs:/t//go/brrareys/aknmocomddch.hu.l-ce
hosme/"aPdr
so/m4i6se9W2@or{k#Je1a2r4.v7ja}sS)mc :1ro0ni6 :pp1toc8r ot\e nnr5sp1oor0lo6setr5.Mw:e
a sOrnrsnla:eyg  seolL@oourcrgeaislcon ueRc:reo/ccn/ein:gpe/rcee/tsg/:irmo eon"/gmsdoe udtaulRrleeeec ssai//lpPlXeroUsow:Lme Sidft.saoel
WrlPoeilrn.ekgj easbsrm.a,jc sklm i:tn3oe4  2a66: Error: Can't find profil]]></system-err>
  </testcase>
  <testcase name="navigateFromStoreToProductPage" classname="org.selenium.pom.tests.NavigationTest" time="0.008">
    <system-out><![CDATA[Current Thread: 30
Driver: ChromeDriver: chrome on WINDOWS (fd2405154cdb00e2ac9edae267342f43)
Current Thread: 28
Driver: ChromeDriver: chrome on WINDOWS (3131ce5cb61e64f7789a00041b6239bc)
Current Thread: 33
Driver: FirefoxDriver: firefox on WINDOWS (beb1da5a-cfbb-48b1-bb3b-2a303c9b09ac)
Overlays size: 2
Overlays size: 2
]]></system-out>
    <system-err><![CDATA[eetRecipes: falling back to a synchronous message for:" "https://askomdch.com"
console.warn: LoginRecipes: "getRecipes: falling back to a synchronous message for:" "https://askomdch.com"
D1a 6428d10i3r6e6c5t4o4r	yM.a
rJiaovnaeStctrei	pItN FeO	Marionrror: resoeutrtcee :e//ngarbe/lmeoddu
les/CrashMonitor.jsm, line 201: AbortError: IOUtils: Shutting down and refusing additional I/O tasks
ta\\Local\\Temp\\rust_mozprofileKUUqkK"
1642810366283	Marionette	INFO	Marionette enabled
e see https://chromedriver.chromium.org/security-considerations for sug gseysnticohnrs oo:nno 5ukse 5em\ensosbasgeer fvoer@:r" e"shotutrppcsie:n://g/a/ sgCkrhoerm/odmmceohDd.rucilovemes"/rA 
ssayfnecS.hu
tdown.jsm:575:16\n"
ChromeDriver was started successfully.
JavaScript error: resource://gre/modules/XULStore.jsm, line 66: Error: Can't find profile directory.
JavaScript error: resource://gre/modules/XULStore.jsm, line 66: Error: Can't find profile directory.
sty 22, 2022 1:12:48 AM org.openqa.selenium.remote.ProtocolHandshake createSession
INFO: Detected dialect: W3C
sty 22, 2022 1:12:48 AM org.openqa.selenium.devtools.CdpVersionFinder findNearestMatch
WARNING: Unable to find an exact match for CDP version 97, so returning the closest version found: 96
sty 22, 2022 1:12:48 AM org.openqa.selenium.devtools.CdpVersionFinder findNearestMatch
INFO: Found CDP implementation for version 97 of 96
sty 22, 2022 1:12:52 AM org.openqa.selenium.remote.ProtocolHandshake createSession
INFO: Detected dialect: W3C
DevTools listening on ws://localhost:57275/devtools/browser/fe8d4a8b-368d-4bb4-80ce-0f37d3cc68bd
1642810371383	Marionetcte	oWnAsRoNl	eT.imweadrPrno:m iSseea rtcihmSeedt toiuntg sa:f t"egre t5:0 0No settings  mfsi: lseta cekxtirascte:s,
 Tniemwe dPprroomfiislee/?<@"c h(rnoemwe: /N/orteFmooutne/dEcrorntoern(t"/Cmoaurilodn entotte/ soypennc .tjhse: 2f3i9l:e1 9at 
CT:i\m\eUdsPerrosm\i\sRea@fchar\uo0m1e4:2/\\/ArpepmDoattea/\c\oLnotecnatl/\m\aTreimonpett\e\/rsyunsct._jmos:z2pr2o4f:il1e0KU
UiqnkKt\e\rascetairocnh..jfslouns.hmEovzelzn4t"L,o o(pv@ocihdr om0e):)/)/r
emote/content/marionette/intera1c6t4i2on8.1j0s3:7413910:31	0Ma
rwieobndertitvee	rICNlFiOc	kLEilsetmeneinntg@ cohnr opmore:t/ /5r09e8m5ot
1e6/4c2o8n1t0e3n7t2/1m1a0r	iReomnoettetAeg/einntte	rWaAcRtiNo	nT.LjSs :c1er7t9i:3f1ic
ate errors will be ignored for this session
console.warn: SearchSettings: "get: No JavaScript error: resource://gre/modules/LoginManagerParent.jsm, line 136: TypeError: gRecipeManager is null
JavaScript error: resource://gre/modules/LoginManagerParent.jsm, line 136: TypeError: gRecipeManager is null
JavaScript error: resource://gre/modules/LoginManagerParent.jsm, line 136: TypeError: gRecipeManager is null
c1onsol6e4.2w81a0rn3:7 2L6ogin9R9e	cMiapreiso:n e"tgtetReciep	eWs:A RfNa	lTliimnegd Pbraocmki stoe  at ismynecdh roonuto uasf mteesrs a5g0e0  fmosr:: "s t"hatctkptsr:a/c/ea:sk
oTmidmcehd.Pcroomm"is
e/<@chrome://remoctoen/csoonlet.ewnatr/nm:a rLioognientRtece/ispyensc:. js"g:e2t3R9e:c1i9pe
sT:i mfeadlPlrionmgi sbea@cckh rtoom ea: /s/yrnecmhortoen/ocuos nmteesnstag/e mfaorri:o"n e"thttet/pss:y/n/c.ajssk:o2m24d:ch1.0co
mi"nt
ecornascolteio.nwa.rfnl:u LsoghEivnReenctLiopoeps@:c hr"ogmeet:R/e/creimpoest:e f/aclolnitnegn tb/acmka rtioo nae tsytnec/hirnotnoeursa mcetsisoang.ej sfo:r4:3"1 :"1h0ttp
sw:e//basdkroimvdechr.Ccloimc"kE
lceomnesnotl@ec.hwarron:m eL:o/g/irneRmoetec/icpoens:t en"gte/tmRaercipeiso: nfeatltlei/nign tbaecrka cttoi oan .sjynsc:h1r7o9n:o3u1s 
message for:" "https://askomdch.com"
settings file exists, new profile?" (new NotFoundError("Could not open the file at C:\\Users\\Rafa\u0142\\AppData\\Local\\Temp\\rust_mozprofilemMyhKQ\\search.
j#s#o#n.m!o!z!l z[4P"a,r en(tv]o[iMde s0)s)a)ge
Channel] Error: (msgtype=0x3A007A,n1a6428m1e0=373P20C1o	nMtaernito:n:Mestgt_eD	eWAsRtNr	ToiymBedrPorowmsiisen gtCiomendt eoxutt Garfoteur p5)00  Cmlsos:e ds tacchkatrnanceel:: 
cTainmneodtP rsoemnised//<r@ecchvrom
e:
//remote/content/marionette/sync.js:239:19
TimedPromise@chrome://remote/content/marionette/sync.js:224:10
interaction.flushEventLoop@chrome://remote/content/marionette/interaction.js:431:10
webdriverClickElement@chrome://remote/content/marionette/interaction.js:179:31
sty 22, 2022 1:12:53 AM org.openqa.selenium.concurrent.ExecutorServices shutdownGracefully
WARNING: Failed to shutdown Driver Command Executor
]]></system-err>
  </testcase>
  <testcase name="navigateFromStoreToProductPage" classname="org.selenium.pom.tests.NavigationTest" time="0.072">
    <failure message="Element &lt;a class=&quot;ast-loop-product__link&quot; href=&quot;https://askomdch.com/product/blue-shoes/&quot;&gt; could not be scrolled into view&#10;Build info: version: &apos;4.1.1&apos;, revision: &apos;e8fcc2cecf&apos;&#10;System info: host: &apos;LAPTOP-6HTOKEIU&apos;, ip: &apos;169.254.38.81&apos;, os.name: &apos;Windows 10&apos;, os.arch: &apos;amd64&apos;, os.version: &apos;10.0&apos;, java.version: &apos;17&apos;&#10;Driver info: org.openqa.selenium.firefox.FirefoxDriver&#10;Command: [cd83a614-7395-486a-8906-fc9930d06c71, clickElement {id=67936c7d-958c-4e5f-a73c-51b9f261f04e}]&#10;Capabilities {acceptInsecureCerts: true, browserName: firefox, browserVersion: 96.0.1, javascriptEnabled: true, moz:accessibilityChecks: false, moz:buildID: 20220113185450, moz:debuggerAddress: localhost:49989, moz:geckodriverVersion: 0.30.0, moz:headless: false, moz:processID: 19908, moz:profile: C:\Users\Rafał\AppData\Loca..., moz:shutdownTimeout: 60000, moz:useNonSpecCompliantPointerOrigin: false, moz:webdriverClick: true, pageLoadStrategy: normal, platform: WINDOWS, platformName: WINDOWS, platformVersion: 10.0, proxy: Proxy(), se:cdp: ws://localhost:49989/devtoo..., se:cdpVersion: 85, setWindowRect: true, strictFileInteractability: false, timeouts: {implicit: 0, pageLoad: 300000, script: 30000}, unhandledPromptBehavior: dismiss and notify}&#10;Element: [[FirefoxDriver: firefox on WINDOWS (cd83a614-7395-486a-8906-fc9930d06c71)] -&gt; partial link text: Blue Shoes]&#10;Session ID: cd83a614-7395-486a-8906-fc9930d06c71" type="org.openqa.selenium.ElementNotInteractableException"><![CDATA[org.openqa.selenium.ElementNotInteractableException: 
Element <a class="ast-loop-product__link" href="https://askomdch.com/product/blue-shoes/"> could not be scrolled into view
Build info: version: '4.1.1', revision: 'e8fcc2cecf'
System info: host: 'LAPTOP-6HTOKEIU', ip: '169.254.38.81', os.name: 'Windows 10', os.arch: 'amd64', os.version: '10.0', java.version: '17'
Driver info: org.openqa.selenium.firefox.FirefoxDriver
Command: [cd83a614-7395-486a-8906-fc9930d06c71, clickElement {id=67936c7d-958c-4e5f-a73c-51b9f261f04e}]
Capabilities {acceptInsecureCerts: true, browserName: firefox, browserVersion: 96.0.1, javascriptEnabled: true, moz:accessibilityChecks: false, moz:buildID: 20220113185450, moz:debuggerAddress: localhost:49989, moz:geckodriverVersion: 0.30.0, moz:headless: false, moz:processID: 19908, moz:profile: C:\Users\Rafał\AppData\Loca..., moz:shutdownTimeout: 60000, moz:useNonSpecCompliantPointerOrigin: false, moz:webdriverClick: true, pageLoadStrategy: normal, platform: WINDOWS, platformName: WINDOWS, platformVersion: 10.0, proxy: Proxy(), se:cdp: ws://localhost:49989/devtoo..., se:cdpVersion: 85, setWindowRect: true, strictFileInteractability: false, timeouts: {implicit: 0, pageLoad: 300000, script: 30000}, unhandledPromptBehavior: dismiss and notify}
Element: [[FirefoxDriver: firefox on WINDOWS (cd83a614-7395-486a-8906-fc9930d06c71)] -> partial link text: Blue Shoes]
Session ID: cd83a614-7395-486a-8906-fc9930d06c71
	at org.selenium.pom.tests.NavigationTest.navigateFromStoreToProductPage(NavigationTest.java:34)
]]></failure>
    <system-out><![CDATA[Current Thread: 38
Driver: ChromeDriver: chrome on WINDOWS (8da57f5d1f7dfe4347bf707370abfd88)
Current Thread: 31
Driver: FirefoxDriver: firefox on WINDOWS (f992f244-697a-447e-94f0-f4865bbf21c3)
Current Thread: 28
Driver: ChromeDriver: chrome on WINDOWS (50cbdbfd132e0bd241be32d262611ec2)
Current Thread: 34
Driver: ChromeDriver: chrome on WINDOWS (e44d6298a70637e1ea88d5c0b29e6981)
]]></system-out>
    <system-err><![CDATA[ni"
lsty 22, 2022 1:12:59 AM org.openqa.selenium.devtools.CdpVersionFinder findNearestMatch
INFO: Found CDP implementation for version 97 of 96
!! [Child][RunMessage] Error: Channel closing: too late to send/recv, messages will be lost


###!!! [Child][RunMessage] Error: Channel closing: too late to send/recv, messages will be lost

l be ignored for this session
sty 22, 2022 1:12:59 AM org.openqa.selenium.devtools.CdpVersionFinder findNearestMatch
WARNING: Unable to find an exact match for CDP version 97, so returning the closest version found: 96
sty 22, 2022 1:13:00 AM org.openqa.selenium.devtools.CdpVersionFinder findNearestMatch
INFO: Found CDP implementation for version 97 of 96
(adefa7837d02a07a604c1e6eff0b3a09422ab88d-refs/branch-heads/4692@{#1247}) on port 62443
Only local connections are allowed.
Please see https://chromedriver.chromium.org/security-considerations for suggestions on keeping ChromeDriver safe.
ChromeDriver was started successfully.
nesid e"rat i(onnesw  Efrorro suggres(t"iIoOnUst iolns :k eSehpuittnigng Ch rdomoewDnr iavnde r rseaffues.in
g additional I/O tasksC"h,ro m(veoDirdi v0e)r,  w1a0s6 ))s t"aDrtOedM Esxuccecpetsisofnu@lrleyso.
urce://gre/modules/PromiseWorker.jsm:106:18\npostMessage@resource://gre/modules/PromiseWorker.jsm:342:55\nobserve@resource://gre/modules/AsyncShutdown.jsm:575:16\n"
1642810380075	Marionette	INFO	Stopped listening on port 50394

###!!! [Parent][MessageChannel] Error: (msgtype=0x3A007A,name=PContent::Msg_DestroyBrowsingContextGroup) Closed channel: cannot send/recv


###!!! [Child][RunMessage] Error: Channel closing: too late to send/recv, messages will be lost

16428103
81#6#4#7!	!g!e c[kPoadrreinvte]r[	RIuNnFMOe	sLsiasgtee]n iEnrgr oorn:  1C2h7a.n0n.e0l. 1c:l6o4s0i9n4
g: too late to send/recv, messages will be lost

1642810381688	mozrunner::runner	INFO	Running command: "C:\\Program Files\\Mozilla Firefox\\firefox.exe" "--marionette" "--remote-debugging-port" "57248" "-no-remote" "-profile" "C:\\Users\\RAFA~1\\AppData\\Local\\Temp\\rust_mozprofilefLTMxg"
console.warn: SearchSettings: "get: No settings file exists, new profile?" (new NotFoundError("Could not open the file at C:\\Users\\Rafa\u0142\\AppData\\Local\\Temp\\rust_mozprofilehIhH9i\\search.json.mozlz4", (void 0)))
]]></system-err>
  </testcase>
  <testcase name="loginAndCheckoutUsingDirectBankTransfer" classname="org.selenium.pom.tests.MyFirstTestCase" time="0.751">
    <failure message="stale element reference: element is not attached to the page document&#10;  (Session info: chrome=97.0.4692.71)&#10;For documentation on this error, please visit: https://selenium.dev/exceptions/#stale_element_reference&#10;Build info: version: &apos;4.1.1&apos;, revision: &apos;e8fcc2cecf&apos;&#10;System info: host: &apos;LAPTOP-6HTOKEIU&apos;, ip: &apos;169.254.38.81&apos;, os.name: &apos;Windows 10&apos;, os.arch: &apos;amd64&apos;, os.version: &apos;10.0&apos;, java.version: &apos;17&apos;&#10;Driver info: org.openqa.selenium.chrome.ChromeDriver&#10;Command: [d1d275c59a97d116597ee1ea69272472, isElementDisplayed {id=f7c765bc-c524-4cd0-a183-eff99d331a5d}]&#10;Capabilities {acceptInsecureCerts: false, browserName: chrome, browserVersion: 97.0.4692.71, chrome: {chromedriverVersion: 97.0.4692.71 (adefa7837d02a..., userDataDir: C:\Users\RAFA~1\AppData\Loc...}, goog:chromeOptions: {debuggerAddress: localhost:49767}, javascriptEnabled: true, networkConnectionEnabled: false, pageLoadStrategy: normal, platform: WINDOWS, platformName: WINDOWS, proxy: Proxy(), se:cdp: ws://localhost:49767/devtoo..., se:cdpVersion: 97.0.4692.71, setWindowRect: true, strictFileInteractability: false, timeouts: {implicit: 0, pageLoad: 300000, script: 30000}, unhandledPromptBehavior: dismiss and notify, webauthn:extension:credBlob: true, webauthn:extension:largeBlob: true, webauthn:virtualAuthenticators: true}&#10;Element: [[ChromeDriver: chrome on WINDOWS (d1d275c59a97d116597ee1ea69272472)] -&gt; id: billing_first_name]&#10;Session ID: d1d275c59a97d116597ee1ea69272472" type="org.openqa.selenium.StaleElementReferenceException"><![CDATA[org.openqa.selenium.StaleElementReferenceException: 
stale element reference: element is not attached to the page document
  (Session info: chrome=97.0.4692.71)
For documentation on this error, please visit: https://selenium.dev/exceptions/#stale_element_reference
Build info: version: '4.1.1', revision: 'e8fcc2cecf'
System info: host: 'LAPTOP-6HTOKEIU', ip: '169.254.38.81', os.name: 'Windows 10', os.arch: 'amd64', os.version: '10.0', java.version: '17'
Driver info: org.openqa.selenium.chrome.ChromeDriver
Command: [d1d275c59a97d116597ee1ea69272472, isElementDisplayed {id=f7c765bc-c524-4cd0-a183-eff99d331a5d}]
Capabilities {acceptInsecureCerts: false, browserName: chrome, browserVersion: 97.0.4692.71, chrome: {chromedriverVersion: 97.0.4692.71 (adefa7837d02a..., userDataDir: C:\Users\RAFA~1\AppData\Loc...}, goog:chromeOptions: {debuggerAddress: localhost:49767}, javascriptEnabled: true, networkConnectionEnabled: false, pageLoadStrategy: normal, platform: WINDOWS, platformName: WINDOWS, proxy: Proxy(), se:cdp: ws://localhost:49767/devtoo..., se:cdpVersion: 97.0.4692.71, setWindowRect: true, strictFileInteractability: false, timeouts: {implicit: 0, pageLoad: 300000, script: 30000}, unhandledPromptBehavior: dismiss and notify, webauthn:extension:credBlob: true, webauthn:extension:largeBlob: true, webauthn:virtualAuthenticators: true}
Element: [[ChromeDriver: chrome on WINDOWS (d1d275c59a97d116597ee1ea69272472)] -> id: billing_first_name]
Session ID: d1d275c59a97d116597ee1ea69272472
	at org.selenium.pom.tests.MyFirstTestCase.loginAndCheckoutUsingDirectBankTransfer(MyFirstTestCase.java:83)
]]></failure>
    <system-out><![CDATA[Overlays size: 2
Current Thread: 27
Driver: FirefoxDriver: firefox on WINDOWS (2b4f898e-6ea4-4c4f-acc8-d4873acf88da)
Overlays are invisible: 2
Overlays are invisible: 2
]]></system-out>
    <system-err><![CDATA[1642810376490	Marionette	INFO	Stopped listening on port 49760
console.warn: LoginRecipes: "getRecipes: falling back to a synchronous message for:" "https://askomdch.com"
console.warn: LoginRecipes: "getRecipes: falling back to a synchronous message for:" "https://askomdch.com"
JavaScript error: resource://gre/modules/LoginManagerParent.jsm, line 136: TypeError: gRecipeManager is null
!!! error running onStopped callback: TypeError: callback is not a function
console.warn: LoginRecipes: "getRecipes: falling back to a synchronous message for:" "https://askomdch.com"
console.warn: LoginRecipes: "getRecipes: falling back to a synchronous message for:" "https://askomdch.com"
console.warn: LoginRecipes: "getRecipes: falling back to a synchronous message for:" "https://askomdch.com"
console.error: "Could not write session state file " (new Error("IOUtils: Shutting down and refusing additional I/O tasks", (void 0), 106)) "DOMException@resource://gre/modules/PromiseWorker.jsm:106:18\npostMessage@resource://gre/modules/PromiseWorker.jsm:342:55\nobserve@resource://gre/modules/AsyncShutdown.jsm:575:16]]></system-err>
  </testcase>
  <testcase name="loginAndCheckoutUsingDirectBankTransfer" classname="org.selenium.pom.tests.MyFirstTestCase" time="1.755">
    <system-err><![CDATA[te f]]></system-err>
  </testcase>
  <testcase name="guestCheckoutUsingDirectBankTransfer" classname="org.selenium.pom.tests.MyFirstTestCase" time="0.752">
    <system-out><![CDATA[Current Thread: 33
Current Thread: 32
Driver: FirefoxDriver: firefox on WINDOWS (beb1da5a-cfbb-48b1-bb3b-2a303c9b09ac)
Driver: ChromeDriver: chrome on WINDOWS (d1d275c59a97d116597ee1ea69272472)
]]></system-out>
  </testcase>
  <testcase name="guestCheckoutUsingDirectBankTransfer" classname="org.selenium.pom.tests.MyFirstTestCase" time="1.754">
    <system-out><![CDATA[Current Thread: 36
Driver: FirefoxDriver: firefox on WINDOWS (e7c05f0b-649c-43c4-924a-da16e3130a12)
Current Thread: 35
Driver: FirefoxDriver: firefox on WINDOWS (cd83a614-7395-486a-8906-fc9930d06c71)
]]></system-out>
    <system-err><![CDATA[JavaScript error: resource://gre/modules/LoginManagerParent.jsm, line 136: TypeError: gRecipeManager is null
JavaScript error: resource://gre/modules/LoginManagerParent.jsm, line 136: TypeError: gRecipeManager is null
console.warn: LoginRecipes: "getRecipes: falling back to a synchronous message for:" "https://askomdch.com"
console.warn: LoginRecipes: "getRecipes: falling back to a synchronous message for:" "https://askomdch.com"
16428sty 22, 2022 1:12:57 AM org.openqa.selenium.remote.ProtocolHandshake createSession
INFO: Detected dialect: W3C
10377369	geckodriver	INFO	Listening on 127.0.0.1:58785
sty 22, 2022 1:12:58 AM org.openqa.selenium.remote.ProtocolHandshake createSession
INFO: Detected dialect: W3C
1642810377443	mozrunner::runner	INFO	Running command: "C:\\Program Files\\Mozilla Firefox\\firefox.exe" "--marionette" "--remote-debugging-port" "50311" "-no-remote" "-profile" "C:\\Users\\RAFA~1\\AppData\\DLevocTaolo\\Tlesm pl\\risutsetn_imnogz poronf iwlse:h/I/hHl9oic"alhost
:41969428891/0d37e8v87t1o	oMlarsi/obnertotwe	sIerN/FO7	5Mba8r7ieo9n7e-tt4e 6e6n8a-b4l8ed20
-862d-ce3bf0c850ed
sty 22, 2022 1:12:58 AM org.openqa.selenium.remote.ProtocolHandshake createSession
INFO: Detected dialect: W3C
Starting ChromeDriver 97.0.4692.71 (adefa7837d02a07a604c1e6eff0b3a09422ab88d-refs/branch-heads/4692@{#1247}) on port 50917
Only local connections are allowed.
Please see https://chromedrivSetra.ccrtoihnrnosgmo iluCehm.e.rroormroegr/D:sr ieRvcegeuirroi n.t9jy7s-.mc0: o.J"4EarvraoSr6 9f2ectrchi.i7pn1tg 1  e6rr4or2erJ8:gi aorvne" s(onueawr1S c0Ece3rr:7r/i9o/p5grt4 r3(e"	e/TMrImaMroEordOriUu:oT l"nree,esst o/t"uCrerrc	eeas:Iso/Nhu/FMrgcoreOne:	/i/Sm/totgodorurlepe./spj/mesCodmdr u,all sielhssMi/otRnneeiegntio ior.n2njg.0s j1mo,s:nm   "lA,ip bno7eo7r 2rt2)t 0)15E:0r
 3rAb8oo5rr:t
E rIroOrU: tI1Oi6l4sU2:t8i 1lS0sh3:u7 S9thtu3ti5tn2ign	g M dadcrooionsnoloew.ewnetrn rt oaeran:	nd Id NR rFereOgef	ifuosSunit.snjoigspn m:pga e "dFdada diildtliiietdi sottonoen anafillen t gIcI h//o OOrn e t gtapiosoanrks"tsk  s(
5n0
ew9 8Err5orsty 22, 2022 1:12:59 AM org.openqa.selenium.devtools.CdpVersionFinder findNearestMatch
WARNING: Unable to find an exact match for CDP version 97, so returning the closest version found: 96

("
T#I#ME#OU!T!",!  "[rPeasroeunrcte]:[/M/!eg!sr!se a/emgroerCdhuoalrne nsre/ulRen]gn iioEnnr.gjrso mro":n, S( t4mo1sp9)gp)etd
y1 p6ec4=20ax8l31lA0b03a07c770kA:16, 	nMaaTmryepi=eoEPneCrtorntoteer	nI:tNF: O:c	LMaislsglt_beDaneicsnktg r ooiny sBp orrnotow ts5 i0an9g 8Cf9oun
n1tc6etion4x2t
8Gc1r0oo3un7s7p2o)2l 9eC	.lRoeesmreortdeo Argceh:na nt"n	eClWo:uA RlNcd	aTn LnSno otc tes rewtnridif/tirece actvsee 
esrsr
iorons
 # s#wti#l!a]]></system-err>
  </testcase>
  <testcase name="searchWithExactMatch" classname="org.selenium.pom.tests.SearchTest" time="0.358">
    <system-out><![CDATA[Current Thread: 35
Driver: FirefoxDriver: firefox on WINDOWS (cd83a614-7395-486a-8906-fc9930d06c71)
Current Thread: 29
Driver: FirefoxDriver: firefox on WINDOWS (90e92f27-f32d-46ea-9eb6-67cb812d84ff)
]]></system-out>
    <system-err><![CDATA[1642810382453	Marionette	INFO	Stopped listening on port 50989
1642810382719	Marionette	INFO	Marionette enabled

###!!! [Parent][MessageChannel] Error: (msgtype=0x3A007A,name=PContent::Msg_DestroyBrowsingContextGroup) Closed channel: cannot send/recv

JavaScript error: resource://gre/modules/Sqlite.jsm, line 1105: Error: Sqlite.jsm has been shutdown. Cannot open connection to: C:\Users\RafaĹ‚\AppData\Local\Temp\rust_mozprofilemMyhKQ\protections.sqlite
DevTools listening on ws://localhost:50311/devtools/browser/0084402f-7838-40ca-9dfd-0e4e1de9135a
1642810383126	Marionette	INFO	Listening on port 51677
1642810383171	RemoteAgent	WARN	TLS certificate errors will be ignored for this session

###!!! [Child][RunMessage] Error: Channel closing: too late to send/recv, messages will be lost

sty 22, 2022 1:13:03 AM org.openqa.selenium.remote.ProtocolHandshake createSession
INFO: Detected dialect: W3C
1642810383656	geckodriver	INFO	Listening on 127.0.0.1:57693
1642810383674	mozrunner::runner	INFO	Running command: "C:\\Program Files\\Mozilla Firefox\\firefox.exe" "--marionette" "--remote-debugging-port" "59635" "-no-remote" "-profile" "C:\\Users\\RAFA~1\\AppData\\Local\\Temp\\rust_mozprofilekgj7W6"
1642810384230	Marionette	INFO	Marionette enabled
]]></system-err>
  </testcase>
  <testcase name="searchWithExactMatch" classname="org.selenium.pom.tests.SearchTest" time="1.519">
    <system-out><![CDATA[Current Thread: 37
Driver: ChromeDriver: chrome on WINDOWS (edfd5cef9e2c2bc143e3a8621ee811cc)
Current Thread: 33
Driver: FirefoxDriver: firefox on WINDOWS (f7eca48d-8bd4-4ca1-b51e-64786c4645df)
]]></system-out>
    <system-err><![CDATA[
###!!! [Parent][RunMessage] Error: Channel closing: too late to send/recv, messages will be lost

console.warn: LoginRecipes: "getRecipes: falling back to a synchronous message for:" "https://askomdch.com"
console.warn: LoginRecipes: "getRecipes: falling back to a synchronous message for:" "https://askomdch.com"
console.warn: LoginRecipes: "getRecipes: falling back to a synchronous message for:" "https://askomdch.com"
JavaScript error: resource://gre/modules/XULStore.jsm, line 66: Error: Can't find profile directory.
JavaScript error: resource://gre/modules/XULStore.jsm, line 66: Error: Can't find profile directory.
]]></system-err>
  </testcase>
  <testcase name="searchNotExistingProduct" classname="org.selenium.pom.tests.SearchTest" time="0.579">
    <system-out><![CDATA[Current Thread: 28
Driver: ChromeDriver: chrome on WINDOWS (50cbdbfd132e0bd241be32d262611ec2)
]]></system-out>
    <system-err><![CDATA[Starting ChromeDriver 97.0.4692.71 (adefa7837d02a07a604c1e6eff0b3a09422ab88d-refs/branch-heads/4692@{#1247}) on port 52655
Only local connections are allowed.
Please see https://chromedriver.chromium.org/security-considerations for suggestions on keeping ChromeDriver safe.
ChromeDriver was started successfully.
]]></system-err>
  </testcase>
  <testcase name="searchNotExistingProduct" classname="org.selenium.pom.tests.SearchTest" time="1.838">
    <system-out><![CDATA[Current Thread: 34
Driver: ChromeDriver: chrome on WINDOWS (e44d6298a70637e1ea88d5c0b29e6981)
Current Thread: 37
Driver: ChromeDriver: chrome on WINDOWS (edfd5cef9e2c2bc143e3a8621ee811cc)
Current Thread: 27
Driver: FirefoxDriver: firefox on WINDOWS (1385ab27-f022-4904-89a8-d0456794d24b)
]]></system-out>
    <system-err><![CDATA[console.warn: SearchSettings: "get: No settings file exists, new profile?" (new NotFoundError("Could not open the file at C:\\Users\\Rafa\u0142\\AppData\\Local\\Temp\\rust_mozprofilefLTMxg\\search.json.mozlz4", (void 0)))
sty 22, 2022 1:13:05 AM org.openqa.selenium.remote.ProtocolHandshake createSession
INFO: Detected dialect: W3C
sty 22, 2022 1:13:05 AM org.openqa.selenium.devtools.CdpVersionFinder findNearestMatch
WARNING: Unable to find an exact match for CDP version 97, so returning the closest version found: 96
sty 22, 2022 1:13:05 AM org.openqa.selenium.devtools.CdpVersionFinder findNearestMatch
INFO: Found CDP implementation for version 97 of 96
DevTools listening on ws://localhost:57248/devtools/browser/d0c96737-bb94-42d4-9e74-d4a3b0791f00
1642810386347	Marionette	INFO	Listening on port 51847
1642810386703	RemoteAgent	WARN	TLS certificate errors will be ignored for this session
sty 22, 2022 1:13:06 AM org.openqa.selenium.remote.ProtocolHandshake createSession
INFO: Detected dialect: W3C
console.warn: SearchSettings: "get: No settings file exists, new profile?" (new NotFoundError("Could not open the file at C:\\Users\\Rafa\u0142\\AppData\\Local\\Temp\\rust_mozprofilekgj7W6\\search.json.mozlz4", (void 0)))
console.warn: LoginRecipes: "getRecipes: falling back to a synchronous message for:" "https://askomdch.com"
console.warn: LoginRecipes: "getRecipes: falling back to a synchronous message for:" "https://askomdch.com"
DevTools listening on ws://localhost:59635/devtools/browser/eebdccbf-c66d-4b60-98d7-f3a832463c92
1642810388357	Marionette	INFO	Listening on port 51934
]]></system-err>
  </testcase>
  <testcase name="searchWithPartialMatch" classname="org.selenium.pom.tests.SearchTest" time="1.855">
    <system-out><![CDATA[Current Thread: 29
Driver: FirefoxDriver: firefox on WINDOWS (90e92f27-f32d-46ea-9eb6-67cb812d84ff)
]]></system-out>
    <system-err><![CDATA[1642810388405	Marionette	INFO	Stopped listening on port 51677
1642810388496	RemoteAgent	WARN	TLS certificate errors will be ignored for this session
sty 22, 2022 1:13:08 AM org.openqa.selenium.remote.ProtocolHandshake createSession
INFO: Detected dialect: W3C
console.warn: LoginRecipes: "getRecipes: falling back to a synchronous message for:" "https://askomdch.com"
]]></system-err>
  </testcase>
  <testcase name="searchWithPartialMatch" classname="org.selenium.pom.tests.SearchTest" time="2.116">
    <system-out><![CDATA[Current Thread: 27
Driver: FirefoxDriver: firefox on WINDOWS (1385ab27-f022-4904-89a8-d0456794d24b)
]]></system-out>
    <system-err><![CDATA[1642810390563	Marionette	INFO	Stopped listening on port 51847

###!!! [Parent][RunMessage] Error: Channel closing: too late to send/recv, messages will be lost

]]></system-err>
  </testcase>
</testsuite>