<?xml version="1.0" encoding="UTF-8"?>
<!-- Generated by org.testng.reporters.JUnitReportReporter -->
<testsuite hostname="LAPTOP-6HTOKEIU" failures="0" tests="6" name="org.selenium.pom.tests.SearchTest" time="59.261" errors="0" timestamp="2022-01-22T01:13:12 CET" skipped="0">
  <testcase classname="org.selenium.pom.tests.SearchTest" name="searchWithExactMatch" time="8.961"/>
  <system-out/>
  <testcase classname="org.selenium.pom.tests.SearchTest" name="searchNotExistingProduct" time="12.649"/>
  <system-out/>
  <testcase classname="org.selenium.pom.tests.SearchTest" name="searchNotExistingProduct" time="10.701"/>
  <system-out/>
  <testcase classname="org.selenium.pom.tests.SearchTest" name="searchWithPartialMatch" time="10.499"/>
  <system-out/>
  <testcase classname="org.selenium.pom.tests.SearchTest" name="searchWithPartialMatch" time="4.380"/>
  <system-out/>
  <testcase classname="org.selenium.pom.tests.SearchTest" name="searchWithExactMatch" time="12.071"/>
  <system-out/>
</testsuite> <!-- org.selenium.pom.tests.SearchTest -->
