<?xml version="1.0" encoding="UTF-8"?>
<!-- Generated by org.testng.reporters.JUnitReportReporter -->
<testsuite hostname="LAPTOP-6HTOKEIU" failures="0" tests="1" name="org.selenium.pom.tests.LoginTest" time="9.464" errors="0" timestamp="2022-01-19T16:52:42 CET" skipped="0">
  <testcase classname="org.selenium.pom.tests.LoginTest" name="loginDuringCheckout" time="9.464"/>
  <system-out/>
</testsuite> <!-- org.selenium.pom.tests.LoginTest -->
