<?xml version="1.0" encoding="UTF-8"?>
<!-- Generated by org.testng.reporters.JUnitReportReporter -->
<testsuite hostname="LAPTOP-6HTOKEIU" failures="0" tests="2" name="org.selenium.pom.tests.CheckoutTest" time="19.446" errors="0" timestamp="2022-01-19T16:52:42 CET" skipped="0">
  <testcase classname="org.selenium.pom.tests.CheckoutTest" name="loginAndCheckoutUsingDirectBankTransfer" time="9.195"/>
  <system-out/>
  <testcase classname="org.selenium.pom.tests.CheckoutTest" name="guestCheckoutUsingDirectBankTransfer" time="10.251"/>
  <system-out/>
</testsuite> <!-- org.selenium.pom.tests.CheckoutTest -->
